[2023-11-06 02:58:22,535] {taskinstance.py:1179} INFO - Dependencies all met for <TaskInstance: split_excel_to_s3.read_excel_and_split manual__2023-11-06T02:58:21.086354+00:00 [queued]>
[2023-11-06 02:58:22,547] {taskinstance.py:1179} INFO - Dependencies all met for <TaskInstance: split_excel_to_s3.read_excel_and_split manual__2023-11-06T02:58:21.086354+00:00 [queued]>
[2023-11-06 02:58:22,547] {taskinstance.py:1376} INFO - 
--------------------------------------------------------------------------------
[2023-11-06 02:58:22,548] {taskinstance.py:1377} INFO - Starting attempt 1 of 2
[2023-11-06 02:58:22,548] {taskinstance.py:1378} INFO - 
--------------------------------------------------------------------------------
[2023-11-06 02:58:22,565] {taskinstance.py:1397} INFO - Executing <Task(PythonOperator): read_excel_and_split> on 2023-11-06 02:58:21.086354+00:00
[2023-11-06 02:58:22,571] {standard_task_runner.py:52} INFO - Started process 4576 to run task
[2023-11-06 02:58:22,575] {standard_task_runner.py:79} INFO - Running: ['***', 'tasks', 'run', 'split_excel_to_s3', 'read_excel_and_split', 'manual__2023-11-06T02:58:21.086354+00:00', '--job-id', '63', '--raw', '--subdir', 'DAGS_FOLDER/write_xlsx_to_csv_s3.py', '--cfg-path', '/tmp/tmpxjgsdk4v', '--error-file', '/tmp/tmpeu0er61b']
[2023-11-06 02:58:22,578] {standard_task_runner.py:80} INFO - Job 63: Subtask read_excel_and_split
[2023-11-06 02:58:22,668] {task_command.py:371} INFO - Running <TaskInstance: split_excel_to_s3.read_excel_and_split manual__2023-11-06T02:58:21.086354+00:00 [running]> on host 59b74f6ac638
[2023-11-06 02:58:22,765] {taskinstance.py:1591} INFO - Exporting the following env vars:
AIRFLOW_CTX_DAG_OWNER=***
AIRFLOW_CTX_DAG_ID=split_excel_to_s3
AIRFLOW_CTX_TASK_ID=read_excel_and_split
AIRFLOW_CTX_EXECUTION_DATE=2023-11-06T02:58:21.086354+00:00
AIRFLOW_CTX_TRY_NUMBER=1
AIRFLOW_CTX_DAG_RUN_ID=manual__2023-11-06T02:58:21.086354+00:00
[2023-11-06 02:58:23,147] {base.py:68} INFO - Using connection ID 'aws_default' for task execution.
[2023-11-06 02:58:23,148] {base_aws.py:206} INFO - Credentials retrieved from login
[2023-11-06 02:58:24,059] {python.py:173} INFO - Done. Returned value was: None
[2023-11-06 02:58:24,071] {taskinstance.py:1420} INFO - Marking task as SUCCESS. dag_id=split_excel_to_s3, task_id=read_excel_and_split, execution_date=20231106T025821, start_date=20231106T025822, end_date=20231106T025824
[2023-11-06 02:58:24,116] {local_task_job.py:156} INFO - Task exited with return code 0
[2023-11-06 02:58:24,146] {local_task_job.py:273} INFO - 0 downstream tasks scheduled from follow-on schedule check
