[2023-11-08T01:18:06.252+0000] {processor.py:157} INFO - Started process (PID=42) to work on /opt/airflow/dags/ps_etl.py
[2023-11-08T01:18:06.254+0000] {processor.py:829} INFO - Processing file /opt/airflow/dags/ps_etl.py for tasks to queue
[2023-11-08T01:18:06.259+0000] {logging_mixin.py:151} INFO - [2023-11-08T01:18:06.259+0000] {dagbag.py:536} INFO - Filling up the DagBag from /opt/airflow/dags/ps_etl.py
[2023-11-08T01:18:07.880+0000] {logging_mixin.py:151} WARNING - /home/airflow/.local/lib/python3.8/site-packages/snowflake/connector/options.py:103 UserWarning: You have an incompatible version of 'pyarrow' installed (11.0.0), please install a version that adheres to: 'pyarrow<10.1.0,>=10.0.1; extra == "pandas"'
[2023-11-08T01:18:08.135+0000] {processor.py:839} INFO - DAG(s) dict_keys(['ps_etl']) retrieved from /opt/airflow/dags/ps_etl.py
[2023-11-08T01:18:08.163+0000] {logging_mixin.py:151} INFO - [2023-11-08T01:18:08.162+0000] {dag.py:2941} INFO - Sync 1 DAGs
[2023-11-08T01:18:08.193+0000] {logging_mixin.py:151} INFO - [2023-11-08T01:18:08.193+0000] {dag.py:3722} INFO - Setting next_dagrun for ps_etl to None, run_after=None
[2023-11-08T01:18:08.218+0000] {processor.py:179} INFO - Processing /opt/airflow/dags/ps_etl.py took 1.972 seconds
[2023-11-08T01:18:38.395+0000] {processor.py:157} INFO - Started process (PID=52) to work on /opt/airflow/dags/ps_etl.py
[2023-11-08T01:18:38.396+0000] {processor.py:829} INFO - Processing file /opt/airflow/dags/ps_etl.py for tasks to queue
[2023-11-08T01:18:38.399+0000] {logging_mixin.py:151} INFO - [2023-11-08T01:18:38.399+0000] {dagbag.py:536} INFO - Filling up the DagBag from /opt/airflow/dags/ps_etl.py
[2023-11-08T01:18:39.093+0000] {logging_mixin.py:151} WARNING - /home/airflow/.local/lib/python3.8/site-packages/snowflake/connector/options.py:103 UserWarning: You have an incompatible version of 'pyarrow' installed (11.0.0), please install a version that adheres to: 'pyarrow<10.1.0,>=10.0.1; extra == "pandas"'
[2023-11-08T01:18:39.189+0000] {processor.py:839} INFO - DAG(s) dict_keys(['ps_etl']) retrieved from /opt/airflow/dags/ps_etl.py
[2023-11-08T01:18:39.208+0000] {logging_mixin.py:151} INFO - [2023-11-08T01:18:39.208+0000] {dag.py:2941} INFO - Sync 1 DAGs
[2023-11-08T01:18:39.219+0000] {logging_mixin.py:151} INFO - [2023-11-08T01:18:39.219+0000] {dag.py:3722} INFO - Setting next_dagrun for ps_etl to None, run_after=None
[2023-11-08T01:18:39.237+0000] {processor.py:179} INFO - Processing /opt/airflow/dags/ps_etl.py took 0.846 seconds
[2023-11-08T01:19:09.413+0000] {processor.py:157} INFO - Started process (PID=62) to work on /opt/airflow/dags/ps_etl.py
[2023-11-08T01:19:09.414+0000] {processor.py:829} INFO - Processing file /opt/airflow/dags/ps_etl.py for tasks to queue
[2023-11-08T01:19:09.417+0000] {logging_mixin.py:151} INFO - [2023-11-08T01:19:09.417+0000] {dagbag.py:536} INFO - Filling up the DagBag from /opt/airflow/dags/ps_etl.py
[2023-11-08T01:19:10.312+0000] {logging_mixin.py:151} WARNING - /home/airflow/.local/lib/python3.8/site-packages/snowflake/connector/options.py:103 UserWarning: You have an incompatible version of 'pyarrow' installed (11.0.0), please install a version that adheres to: 'pyarrow<10.1.0,>=10.0.1; extra == "pandas"'
[2023-11-08T01:19:10.442+0000] {processor.py:839} INFO - DAG(s) dict_keys(['ps_etl']) retrieved from /opt/airflow/dags/ps_etl.py
[2023-11-08T01:19:10.465+0000] {logging_mixin.py:151} INFO - [2023-11-08T01:19:10.465+0000] {dag.py:2941} INFO - Sync 1 DAGs
[2023-11-08T01:19:10.480+0000] {logging_mixin.py:151} INFO - [2023-11-08T01:19:10.480+0000] {dag.py:3722} INFO - Setting next_dagrun for ps_etl to None, run_after=None
[2023-11-08T01:19:10.499+0000] {processor.py:179} INFO - Processing /opt/airflow/dags/ps_etl.py took 1.091 seconds
[2023-11-08T01:19:40.568+0000] {processor.py:157} INFO - Started process (PID=72) to work on /opt/airflow/dags/ps_etl.py
[2023-11-08T01:19:40.569+0000] {processor.py:829} INFO - Processing file /opt/airflow/dags/ps_etl.py for tasks to queue
[2023-11-08T01:19:40.571+0000] {logging_mixin.py:151} INFO - [2023-11-08T01:19:40.571+0000] {dagbag.py:536} INFO - Filling up the DagBag from /opt/airflow/dags/ps_etl.py
[2023-11-08T01:19:41.179+0000] {logging_mixin.py:151} WARNING - /home/airflow/.local/lib/python3.8/site-packages/snowflake/connector/options.py:103 UserWarning: You have an incompatible version of 'pyarrow' installed (11.0.0), please install a version that adheres to: 'pyarrow<10.1.0,>=10.0.1; extra == "pandas"'
[2023-11-08T01:19:41.261+0000] {processor.py:839} INFO - DAG(s) dict_keys(['ps_etl']) retrieved from /opt/airflow/dags/ps_etl.py
[2023-11-08T01:19:41.367+0000] {logging_mixin.py:151} INFO - [2023-11-08T01:19:41.367+0000] {dag.py:2941} INFO - Sync 1 DAGs
[2023-11-08T01:19:41.376+0000] {logging_mixin.py:151} INFO - [2023-11-08T01:19:41.376+0000] {dag.py:3722} INFO - Setting next_dagrun for ps_etl to None, run_after=None
[2023-11-08T01:19:41.392+0000] {processor.py:179} INFO - Processing /opt/airflow/dags/ps_etl.py took 0.828 seconds
[2023-11-08T01:20:11.562+0000] {processor.py:157} INFO - Started process (PID=82) to work on /opt/airflow/dags/ps_etl.py
[2023-11-08T01:20:11.568+0000] {processor.py:829} INFO - Processing file /opt/airflow/dags/ps_etl.py for tasks to queue
[2023-11-08T01:20:11.571+0000] {logging_mixin.py:151} INFO - [2023-11-08T01:20:11.570+0000] {dagbag.py:536} INFO - Filling up the DagBag from /opt/airflow/dags/ps_etl.py
[2023-11-08T01:20:12.351+0000] {logging_mixin.py:151} WARNING - /home/airflow/.local/lib/python3.8/site-packages/snowflake/connector/options.py:103 UserWarning: You have an incompatible version of 'pyarrow' installed (11.0.0), please install a version that adheres to: 'pyarrow<10.1.0,>=10.0.1; extra == "pandas"'
[2023-11-08T01:20:12.468+0000] {processor.py:839} INFO - DAG(s) dict_keys(['ps_etl']) retrieved from /opt/airflow/dags/ps_etl.py
[2023-11-08T01:20:12.490+0000] {logging_mixin.py:151} INFO - [2023-11-08T01:20:12.490+0000] {dag.py:2941} INFO - Sync 1 DAGs
[2023-11-08T01:20:12.504+0000] {logging_mixin.py:151} INFO - [2023-11-08T01:20:12.504+0000] {dag.py:3722} INFO - Setting next_dagrun for ps_etl to None, run_after=None
[2023-11-08T01:20:12.530+0000] {processor.py:179} INFO - Processing /opt/airflow/dags/ps_etl.py took 0.972 seconds
[2023-11-08T01:20:42.705+0000] {processor.py:157} INFO - Started process (PID=92) to work on /opt/airflow/dags/ps_etl.py
[2023-11-08T01:20:42.706+0000] {processor.py:829} INFO - Processing file /opt/airflow/dags/ps_etl.py for tasks to queue
[2023-11-08T01:20:42.710+0000] {logging_mixin.py:151} INFO - [2023-11-08T01:20:42.710+0000] {dagbag.py:536} INFO - Filling up the DagBag from /opt/airflow/dags/ps_etl.py
[2023-11-08T01:20:43.329+0000] {logging_mixin.py:151} WARNING - /home/airflow/.local/lib/python3.8/site-packages/snowflake/connector/options.py:103 UserWarning: You have an incompatible version of 'pyarrow' installed (11.0.0), please install a version that adheres to: 'pyarrow<10.1.0,>=10.0.1; extra == "pandas"'
[2023-11-08T01:20:43.412+0000] {processor.py:839} INFO - DAG(s) dict_keys(['ps_etl']) retrieved from /opt/airflow/dags/ps_etl.py
[2023-11-08T01:20:43.429+0000] {logging_mixin.py:151} INFO - [2023-11-08T01:20:43.429+0000] {dag.py:2941} INFO - Sync 1 DAGs
[2023-11-08T01:20:43.440+0000] {logging_mixin.py:151} INFO - [2023-11-08T01:20:43.439+0000] {dag.py:3722} INFO - Setting next_dagrun for ps_etl to None, run_after=None
[2023-11-08T01:20:43.454+0000] {processor.py:179} INFO - Processing /opt/airflow/dags/ps_etl.py took 0.753 seconds
[2023-11-08T01:21:13.614+0000] {processor.py:157} INFO - Started process (PID=102) to work on /opt/airflow/dags/ps_etl.py
[2023-11-08T01:21:13.615+0000] {processor.py:829} INFO - Processing file /opt/airflow/dags/ps_etl.py for tasks to queue
[2023-11-08T01:21:13.618+0000] {logging_mixin.py:151} INFO - [2023-11-08T01:21:13.618+0000] {dagbag.py:536} INFO - Filling up the DagBag from /opt/airflow/dags/ps_etl.py
[2023-11-08T01:21:14.312+0000] {logging_mixin.py:151} WARNING - /home/airflow/.local/lib/python3.8/site-packages/snowflake/connector/options.py:103 UserWarning: You have an incompatible version of 'pyarrow' installed (11.0.0), please install a version that adheres to: 'pyarrow<10.1.0,>=10.0.1; extra == "pandas"'
[2023-11-08T01:21:14.432+0000] {processor.py:839} INFO - DAG(s) dict_keys(['ps_etl']) retrieved from /opt/airflow/dags/ps_etl.py
[2023-11-08T01:21:14.454+0000] {logging_mixin.py:151} INFO - [2023-11-08T01:21:14.454+0000] {dag.py:2941} INFO - Sync 1 DAGs
[2023-11-08T01:21:14.468+0000] {logging_mixin.py:151} INFO - [2023-11-08T01:21:14.468+0000] {dag.py:3722} INFO - Setting next_dagrun for ps_etl to None, run_after=None
[2023-11-08T01:21:14.484+0000] {processor.py:179} INFO - Processing /opt/airflow/dags/ps_etl.py took 0.874 seconds
[2023-11-08T01:21:44.642+0000] {processor.py:157} INFO - Started process (PID=112) to work on /opt/airflow/dags/ps_etl.py
[2023-11-08T01:21:44.643+0000] {processor.py:829} INFO - Processing file /opt/airflow/dags/ps_etl.py for tasks to queue
[2023-11-08T01:21:44.646+0000] {logging_mixin.py:151} INFO - [2023-11-08T01:21:44.646+0000] {dagbag.py:536} INFO - Filling up the DagBag from /opt/airflow/dags/ps_etl.py
[2023-11-08T01:21:45.316+0000] {logging_mixin.py:151} WARNING - /home/airflow/.local/lib/python3.8/site-packages/snowflake/connector/options.py:103 UserWarning: You have an incompatible version of 'pyarrow' installed (11.0.0), please install a version that adheres to: 'pyarrow<10.1.0,>=10.0.1; extra == "pandas"'
[2023-11-08T01:21:45.399+0000] {processor.py:839} INFO - DAG(s) dict_keys(['ps_etl']) retrieved from /opt/airflow/dags/ps_etl.py
[2023-11-08T01:21:45.419+0000] {logging_mixin.py:151} INFO - [2023-11-08T01:21:45.419+0000] {dag.py:2941} INFO - Sync 1 DAGs
[2023-11-08T01:21:45.432+0000] {logging_mixin.py:151} INFO - [2023-11-08T01:21:45.432+0000] {dag.py:3722} INFO - Setting next_dagrun for ps_etl to None, run_after=None
[2023-11-08T01:21:45.477+0000] {processor.py:179} INFO - Processing /opt/airflow/dags/ps_etl.py took 0.839 seconds
[2023-11-08T01:22:15.637+0000] {processor.py:157} INFO - Started process (PID=122) to work on /opt/airflow/dags/ps_etl.py
[2023-11-08T01:22:15.638+0000] {processor.py:829} INFO - Processing file /opt/airflow/dags/ps_etl.py for tasks to queue
[2023-11-08T01:22:15.641+0000] {logging_mixin.py:151} INFO - [2023-11-08T01:22:15.641+0000] {dagbag.py:536} INFO - Filling up the DagBag from /opt/airflow/dags/ps_etl.py
[2023-11-08T01:22:16.325+0000] {logging_mixin.py:151} WARNING - /home/airflow/.local/lib/python3.8/site-packages/snowflake/connector/options.py:103 UserWarning: You have an incompatible version of 'pyarrow' installed (11.0.0), please install a version that adheres to: 'pyarrow<10.1.0,>=10.0.1; extra == "pandas"'
[2023-11-08T01:22:16.418+0000] {processor.py:839} INFO - DAG(s) dict_keys(['ps_etl']) retrieved from /opt/airflow/dags/ps_etl.py
[2023-11-08T01:22:16.457+0000] {logging_mixin.py:151} INFO - [2023-11-08T01:22:16.456+0000] {dag.py:2941} INFO - Sync 1 DAGs
[2023-11-08T01:22:16.472+0000] {logging_mixin.py:151} INFO - [2023-11-08T01:22:16.472+0000] {dag.py:3722} INFO - Setting next_dagrun for ps_etl to None, run_after=None
[2023-11-08T01:22:16.491+0000] {processor.py:179} INFO - Processing /opt/airflow/dags/ps_etl.py took 0.858 seconds
[2023-11-08T01:22:46.634+0000] {processor.py:157} INFO - Started process (PID=133) to work on /opt/airflow/dags/ps_etl.py
[2023-11-08T01:22:46.635+0000] {processor.py:829} INFO - Processing file /opt/airflow/dags/ps_etl.py for tasks to queue
[2023-11-08T01:22:46.637+0000] {logging_mixin.py:151} INFO - [2023-11-08T01:22:46.637+0000] {dagbag.py:536} INFO - Filling up the DagBag from /opt/airflow/dags/ps_etl.py
[2023-11-08T01:22:47.478+0000] {logging_mixin.py:151} WARNING - /home/airflow/.local/lib/python3.8/site-packages/snowflake/connector/options.py:103 UserWarning: You have an incompatible version of 'pyarrow' installed (11.0.0), please install a version that adheres to: 'pyarrow<10.1.0,>=10.0.1; extra == "pandas"'
[2023-11-08T01:22:47.579+0000] {processor.py:839} INFO - DAG(s) dict_keys(['ps_etl']) retrieved from /opt/airflow/dags/ps_etl.py
[2023-11-08T01:22:47.603+0000] {logging_mixin.py:151} INFO - [2023-11-08T01:22:47.602+0000] {dag.py:2941} INFO - Sync 1 DAGs
[2023-11-08T01:22:47.617+0000] {logging_mixin.py:151} INFO - [2023-11-08T01:22:47.617+0000] {dag.py:3722} INFO - Setting next_dagrun for ps_etl to None, run_after=None
[2023-11-08T01:22:47.635+0000] {processor.py:179} INFO - Processing /opt/airflow/dags/ps_etl.py took 1.004 seconds
[2023-11-08T01:23:17.845+0000] {processor.py:157} INFO - Started process (PID=143) to work on /opt/airflow/dags/ps_etl.py
[2023-11-08T01:23:17.847+0000] {processor.py:829} INFO - Processing file /opt/airflow/dags/ps_etl.py for tasks to queue
[2023-11-08T01:23:17.850+0000] {logging_mixin.py:151} INFO - [2023-11-08T01:23:17.850+0000] {dagbag.py:536} INFO - Filling up the DagBag from /opt/airflow/dags/ps_etl.py
[2023-11-08T01:23:18.555+0000] {logging_mixin.py:151} WARNING - /home/airflow/.local/lib/python3.8/site-packages/snowflake/connector/options.py:103 UserWarning: You have an incompatible version of 'pyarrow' installed (11.0.0), please install a version that adheres to: 'pyarrow<10.1.0,>=10.0.1; extra == "pandas"'
[2023-11-08T01:23:18.643+0000] {processor.py:839} INFO - DAG(s) dict_keys(['ps_etl']) retrieved from /opt/airflow/dags/ps_etl.py
[2023-11-08T01:23:18.661+0000] {logging_mixin.py:151} INFO - [2023-11-08T01:23:18.661+0000] {dag.py:2941} INFO - Sync 1 DAGs
[2023-11-08T01:23:18.671+0000] {logging_mixin.py:151} INFO - [2023-11-08T01:23:18.671+0000] {dag.py:3722} INFO - Setting next_dagrun for ps_etl to None, run_after=None
[2023-11-08T01:23:18.687+0000] {processor.py:179} INFO - Processing /opt/airflow/dags/ps_etl.py took 0.846 seconds
[2023-11-08T01:23:48.847+0000] {processor.py:157} INFO - Started process (PID=153) to work on /opt/airflow/dags/ps_etl.py
[2023-11-08T01:23:48.848+0000] {processor.py:829} INFO - Processing file /opt/airflow/dags/ps_etl.py for tasks to queue
[2023-11-08T01:23:48.851+0000] {logging_mixin.py:151} INFO - [2023-11-08T01:23:48.851+0000] {dagbag.py:536} INFO - Filling up the DagBag from /opt/airflow/dags/ps_etl.py
[2023-11-08T01:23:49.588+0000] {logging_mixin.py:151} WARNING - /home/airflow/.local/lib/python3.8/site-packages/snowflake/connector/options.py:103 UserWarning: You have an incompatible version of 'pyarrow' installed (11.0.0), please install a version that adheres to: 'pyarrow<10.1.0,>=10.0.1; extra == "pandas"'
[2023-11-08T01:23:49.691+0000] {processor.py:839} INFO - DAG(s) dict_keys(['ps_etl']) retrieved from /opt/airflow/dags/ps_etl.py
[2023-11-08T01:23:49.717+0000] {logging_mixin.py:151} INFO - [2023-11-08T01:23:49.716+0000] {dag.py:2941} INFO - Sync 1 DAGs
[2023-11-08T01:23:49.729+0000] {logging_mixin.py:151} INFO - [2023-11-08T01:23:49.729+0000] {dag.py:3722} INFO - Setting next_dagrun for ps_etl to None, run_after=None
[2023-11-08T01:23:49.751+0000] {processor.py:179} INFO - Processing /opt/airflow/dags/ps_etl.py took 0.908 seconds
[2023-11-08T01:24:19.950+0000] {processor.py:157} INFO - Started process (PID=163) to work on /opt/airflow/dags/ps_etl.py
[2023-11-08T01:24:19.967+0000] {processor.py:829} INFO - Processing file /opt/airflow/dags/ps_etl.py for tasks to queue
[2023-11-08T01:24:19.970+0000] {logging_mixin.py:151} INFO - [2023-11-08T01:24:19.970+0000] {dagbag.py:536} INFO - Filling up the DagBag from /opt/airflow/dags/ps_etl.py
[2023-11-08T01:24:20.777+0000] {logging_mixin.py:151} WARNING - /home/airflow/.local/lib/python3.8/site-packages/snowflake/connector/options.py:103 UserWarning: You have an incompatible version of 'pyarrow' installed (11.0.0), please install a version that adheres to: 'pyarrow<10.1.0,>=10.0.1; extra == "pandas"'
[2023-11-08T01:24:20.906+0000] {processor.py:839} INFO - DAG(s) dict_keys(['ps_etl']) retrieved from /opt/airflow/dags/ps_etl.py
[2023-11-08T01:24:20.941+0000] {logging_mixin.py:151} INFO - [2023-11-08T01:24:20.940+0000] {dag.py:2941} INFO - Sync 1 DAGs
[2023-11-08T01:24:20.961+0000] {logging_mixin.py:151} INFO - [2023-11-08T01:24:20.961+0000] {dag.py:3722} INFO - Setting next_dagrun for ps_etl to None, run_after=None
[2023-11-08T01:24:20.988+0000] {processor.py:179} INFO - Processing /opt/airflow/dags/ps_etl.py took 1.043 seconds
[2023-11-08T01:24:51.097+0000] {processor.py:157} INFO - Started process (PID=173) to work on /opt/airflow/dags/ps_etl.py
[2023-11-08T01:24:51.098+0000] {processor.py:829} INFO - Processing file /opt/airflow/dags/ps_etl.py for tasks to queue
[2023-11-08T01:24:51.101+0000] {logging_mixin.py:151} INFO - [2023-11-08T01:24:51.100+0000] {dagbag.py:536} INFO - Filling up the DagBag from /opt/airflow/dags/ps_etl.py
[2023-11-08T01:24:51.856+0000] {logging_mixin.py:151} WARNING - /home/airflow/.local/lib/python3.8/site-packages/snowflake/connector/options.py:103 UserWarning: You have an incompatible version of 'pyarrow' installed (11.0.0), please install a version that adheres to: 'pyarrow<10.1.0,>=10.0.1; extra == "pandas"'
[2023-11-08T01:24:51.998+0000] {processor.py:839} INFO - DAG(s) dict_keys(['ps_etl']) retrieved from /opt/airflow/dags/ps_etl.py
[2023-11-08T01:24:52.024+0000] {logging_mixin.py:151} INFO - [2023-11-08T01:24:52.023+0000] {dag.py:2941} INFO - Sync 1 DAGs
[2023-11-08T01:24:52.041+0000] {logging_mixin.py:151} INFO - [2023-11-08T01:24:52.040+0000] {dag.py:3722} INFO - Setting next_dagrun for ps_etl to None, run_after=None
[2023-11-08T01:24:52.064+0000] {processor.py:179} INFO - Processing /opt/airflow/dags/ps_etl.py took 0.970 seconds
[2023-11-08T01:25:22.246+0000] {processor.py:157} INFO - Started process (PID=183) to work on /opt/airflow/dags/ps_etl.py
[2023-11-08T01:25:22.247+0000] {processor.py:829} INFO - Processing file /opt/airflow/dags/ps_etl.py for tasks to queue
[2023-11-08T01:25:22.250+0000] {logging_mixin.py:151} INFO - [2023-11-08T01:25:22.250+0000] {dagbag.py:536} INFO - Filling up the DagBag from /opt/airflow/dags/ps_etl.py
[2023-11-08T01:25:22.927+0000] {logging_mixin.py:151} WARNING - /home/airflow/.local/lib/python3.8/site-packages/snowflake/connector/options.py:103 UserWarning: You have an incompatible version of 'pyarrow' installed (11.0.0), please install a version that adheres to: 'pyarrow<10.1.0,>=10.0.1; extra == "pandas"'
[2023-11-08T01:25:23.033+0000] {processor.py:839} INFO - DAG(s) dict_keys(['ps_etl']) retrieved from /opt/airflow/dags/ps_etl.py
[2023-11-08T01:25:23.053+0000] {logging_mixin.py:151} INFO - [2023-11-08T01:25:23.053+0000] {dag.py:2941} INFO - Sync 1 DAGs
[2023-11-08T01:25:23.071+0000] {logging_mixin.py:151} INFO - [2023-11-08T01:25:23.071+0000] {dag.py:3722} INFO - Setting next_dagrun for ps_etl to None, run_after=None
[2023-11-08T01:25:23.086+0000] {processor.py:179} INFO - Processing /opt/airflow/dags/ps_etl.py took 0.844 seconds
[2023-11-08T01:25:53.251+0000] {processor.py:157} INFO - Started process (PID=193) to work on /opt/airflow/dags/ps_etl.py
[2023-11-08T01:25:53.252+0000] {processor.py:829} INFO - Processing file /opt/airflow/dags/ps_etl.py for tasks to queue
[2023-11-08T01:25:53.255+0000] {logging_mixin.py:151} INFO - [2023-11-08T01:25:53.255+0000] {dagbag.py:536} INFO - Filling up the DagBag from /opt/airflow/dags/ps_etl.py
[2023-11-08T01:25:53.978+0000] {logging_mixin.py:151} WARNING - /home/airflow/.local/lib/python3.8/site-packages/snowflake/connector/options.py:103 UserWarning: You have an incompatible version of 'pyarrow' installed (11.0.0), please install a version that adheres to: 'pyarrow<10.1.0,>=10.0.1; extra == "pandas"'
[2023-11-08T01:25:54.150+0000] {processor.py:839} INFO - DAG(s) dict_keys(['ps_etl']) retrieved from /opt/airflow/dags/ps_etl.py
[2023-11-08T01:25:54.181+0000] {logging_mixin.py:151} INFO - [2023-11-08T01:25:54.180+0000] {dag.py:2941} INFO - Sync 1 DAGs
[2023-11-08T01:25:54.222+0000] {logging_mixin.py:151} INFO - [2023-11-08T01:25:54.222+0000] {dag.py:3722} INFO - Setting next_dagrun for ps_etl to None, run_after=None
[2023-11-08T01:25:54.299+0000] {processor.py:179} INFO - Processing /opt/airflow/dags/ps_etl.py took 1.053 seconds
[2023-11-08T01:26:24.473+0000] {processor.py:157} INFO - Started process (PID=210) to work on /opt/airflow/dags/ps_etl.py
[2023-11-08T01:26:24.475+0000] {processor.py:829} INFO - Processing file /opt/airflow/dags/ps_etl.py for tasks to queue
[2023-11-08T01:26:24.477+0000] {logging_mixin.py:151} INFO - [2023-11-08T01:26:24.477+0000] {dagbag.py:536} INFO - Filling up the DagBag from /opt/airflow/dags/ps_etl.py
[2023-11-08T01:26:25.275+0000] {logging_mixin.py:151} WARNING - /home/airflow/.local/lib/python3.8/site-packages/snowflake/connector/options.py:103 UserWarning: You have an incompatible version of 'pyarrow' installed (11.0.0), please install a version that adheres to: 'pyarrow<10.1.0,>=10.0.1; extra == "pandas"'
[2023-11-08T01:26:25.394+0000] {processor.py:839} INFO - DAG(s) dict_keys(['ps_etl']) retrieved from /opt/airflow/dags/ps_etl.py
[2023-11-08T01:26:25.422+0000] {logging_mixin.py:151} INFO - [2023-11-08T01:26:25.421+0000] {dag.py:2941} INFO - Sync 1 DAGs
[2023-11-08T01:26:25.439+0000] {logging_mixin.py:151} INFO - [2023-11-08T01:26:25.438+0000] {dag.py:3722} INFO - Setting next_dagrun for ps_etl to None, run_after=None
[2023-11-08T01:26:25.463+0000] {processor.py:179} INFO - Processing /opt/airflow/dags/ps_etl.py took 0.993 seconds
