[2023-11-04 22:49:14,374] {taskinstance.py:1179} INFO - Dependencies all met for <TaskInstance: read_csv_to_s3.create_local_to_s3_job manual__2023-11-04T22:49:13.668893+00:00 [queued]>
[2023-11-04 22:49:14,392] {taskinstance.py:1179} INFO - Dependencies all met for <TaskInstance: read_csv_to_s3.create_local_to_s3_job manual__2023-11-04T22:49:13.668893+00:00 [queued]>
[2023-11-04 22:49:14,392] {taskinstance.py:1376} INFO - 
--------------------------------------------------------------------------------
[2023-11-04 22:49:14,393] {taskinstance.py:1377} INFO - Starting attempt 1 of 1
[2023-11-04 22:49:14,393] {taskinstance.py:1378} INFO - 
--------------------------------------------------------------------------------
[2023-11-04 22:49:14,412] {taskinstance.py:1397} INFO - Executing <Task(LocalFilesystemToS3Operator): create_local_to_s3_job> on 2023-11-04 22:49:13.668893+00:00
[2023-11-04 22:49:14,417] {standard_task_runner.py:52} INFO - Started process 350 to run task
[2023-11-04 22:49:14,422] {standard_task_runner.py:79} INFO - Running: ['***', 'tasks', 'run', 'read_csv_to_s3', 'create_local_to_s3_job', 'manual__2023-11-04T22:49:13.668893+00:00', '--job-id', '39', '--raw', '--subdir', 'DAGS_FOLDER/read_csv_to_s3.py', '--cfg-path', '/tmp/tmph3b0ua5a', '--error-file', '/tmp/tmp6fd7snsp']
[2023-11-04 22:49:14,423] {standard_task_runner.py:80} INFO - Job 39: Subtask create_local_to_s3_job
[2023-11-04 22:49:14,498] {task_command.py:371} INFO - Running <TaskInstance: read_csv_to_s3.create_local_to_s3_job manual__2023-11-04T22:49:13.668893+00:00 [running]> on host 0ba15ff5e7b4
[2023-11-04 22:49:14,592] {taskinstance.py:1591} INFO - Exporting the following env vars:
AIRFLOW_CTX_DAG_OWNER=your_name
AIRFLOW_CTX_DAG_ID=read_csv_to_s3
AIRFLOW_CTX_TASK_ID=create_local_to_s3_job
AIRFLOW_CTX_EXECUTION_DATE=2023-11-04T22:49:13.668893+00:00
AIRFLOW_CTX_TRY_NUMBER=1
AIRFLOW_CTX_DAG_RUN_ID=manual__2023-11-04T22:49:13.668893+00:00
[2023-11-04 22:49:14,601] {base.py:68} INFO - Using connection ID 'aws_akanksha' for task execution.
[2023-11-04 22:49:14,602] {base_aws.py:206} INFO - Credentials retrieved from login
[2023-11-04 22:49:15,268] {taskinstance.py:1420} INFO - Marking task as SUCCESS. dag_id=read_csv_to_s3, task_id=create_local_to_s3_job, execution_date=20231104T224913, start_date=20231104T224914, end_date=20231104T224915
[2023-11-04 22:49:15,320] {local_task_job.py:156} INFO - Task exited with return code 0
[2023-11-04 22:49:15,360] {local_task_job.py:273} INFO - 0 downstream tasks scheduled from follow-on schedule check
