[2023-11-04 20:58:47,569] {taskinstance.py:1179} INFO - Dependencies all met for <TaskInstance: example_bash_operator.runme_0 manual__2023-11-04T20:58:44.380375+00:00 [queued]>
[2023-11-04 20:58:47,612] {taskinstance.py:1179} INFO - Dependencies all met for <TaskInstance: example_bash_operator.runme_0 manual__2023-11-04T20:58:44.380375+00:00 [queued]>
[2023-11-04 20:58:47,616] {taskinstance.py:1376} INFO - 
--------------------------------------------------------------------------------
[2023-11-04 20:58:47,617] {taskinstance.py:1377} INFO - Starting attempt 1 of 1
[2023-11-04 20:58:47,620] {taskinstance.py:1378} INFO - 
--------------------------------------------------------------------------------
[2023-11-04 20:58:47,712] {taskinstance.py:1397} INFO - Executing <Task(BashOperator): runme_0> on 2023-11-04 20:58:44.380375+00:00
[2023-11-04 20:58:47,722] {standard_task_runner.py:52} INFO - Started process 119 to run task
[2023-11-04 20:58:47,732] {standard_task_runner.py:79} INFO - Running: ['***', 'tasks', 'run', 'example_bash_operator', 'runme_0', 'manual__2023-11-04T20:58:44.380375+00:00', '--job-id', '4', '--raw', '--subdir', '/home/***/.local/lib/python3.7/site-packages/***/example_dags/example_bash_operator.py', '--cfg-path', '/tmp/tmpk3wyrhnb', '--error-file', '/tmp/tmpolvlxv_2']
[2023-11-04 20:58:47,733] {standard_task_runner.py:80} INFO - Job 4: Subtask runme_0
[2023-11-04 20:58:47,920] {task_command.py:371} INFO - Running <TaskInstance: example_bash_operator.runme_0 manual__2023-11-04T20:58:44.380375+00:00 [running]> on host afb7adbe542c
[2023-11-04 20:58:48,220] {taskinstance.py:1591} INFO - Exporting the following env vars:
AIRFLOW_CTX_DAG_OWNER=***
AIRFLOW_CTX_DAG_ID=example_bash_operator
AIRFLOW_CTX_TASK_ID=runme_0
AIRFLOW_CTX_EXECUTION_DATE=2023-11-04T20:58:44.380375+00:00
AIRFLOW_CTX_TRY_NUMBER=1
AIRFLOW_CTX_DAG_RUN_ID=manual__2023-11-04T20:58:44.380375+00:00
[2023-11-04 20:58:48,225] {subprocess.py:62} INFO - Tmp dir root location: 
 /tmp
[2023-11-04 20:58:48,228] {subprocess.py:74} INFO - Running command: ['bash', '-c', 'echo "example_bash_operator__runme_0__20231104" && sleep 1']
[2023-11-04 20:58:48,265] {subprocess.py:85} INFO - Output:
[2023-11-04 20:58:48,270] {subprocess.py:92} INFO - example_bash_operator__runme_0__20231104
[2023-11-04 20:58:49,275] {subprocess.py:96} INFO - Command exited with return code 0
[2023-11-04 20:58:49,320] {taskinstance.py:1420} INFO - Marking task as SUCCESS. dag_id=example_bash_operator, task_id=runme_0, execution_date=20231104T205844, start_date=20231104T205847, end_date=20231104T205849
[2023-11-04 20:58:49,367] {local_task_job.py:156} INFO - Task exited with return code 0
[2023-11-04 20:58:49,428] {local_task_job.py:273} INFO - 0 downstream tasks scheduled from follow-on schedule check
