[2023-11-05 23:40:42,168] {taskinstance.py:1179} INFO - Dependencies all met for <TaskInstance: split_excel_to_s3.read_excel_and_split manual__2023-11-05T23:40:40.619400+00:00 [queued]>
[2023-11-05 23:40:42,177] {taskinstance.py:1179} INFO - Dependencies all met for <TaskInstance: split_excel_to_s3.read_excel_and_split manual__2023-11-05T23:40:40.619400+00:00 [queued]>
[2023-11-05 23:40:42,178] {taskinstance.py:1376} INFO - 
--------------------------------------------------------------------------------
[2023-11-05 23:40:42,178] {taskinstance.py:1377} INFO - Starting attempt 1 of 2
[2023-11-05 23:40:42,178] {taskinstance.py:1378} INFO - 
--------------------------------------------------------------------------------
[2023-11-05 23:40:42,191] {taskinstance.py:1397} INFO - Executing <Task(PythonOperator): read_excel_and_split> on 2023-11-05 23:40:40.619400+00:00
[2023-11-05 23:40:42,196] {standard_task_runner.py:52} INFO - Started process 1542 to run task
[2023-11-05 23:40:42,200] {standard_task_runner.py:79} INFO - Running: ['***', 'tasks', 'run', 'split_excel_to_s3', 'read_excel_and_split', 'manual__2023-11-05T23:40:40.619400+00:00', '--job-id', '60', '--raw', '--subdir', 'DAGS_FOLDER/write_xlsx_to_csv_s3.py', '--cfg-path', '/tmp/tmp451lr0pd', '--error-file', '/tmp/tmpdq4mjb5e']
[2023-11-05 23:40:42,201] {standard_task_runner.py:80} INFO - Job 60: Subtask read_excel_and_split
[2023-11-05 23:40:42,267] {task_command.py:371} INFO - Running <TaskInstance: split_excel_to_s3.read_excel_and_split manual__2023-11-05T23:40:40.619400+00:00 [running]> on host 59b74f6ac638
[2023-11-05 23:40:42,339] {taskinstance.py:1591} INFO - Exporting the following env vars:
AIRFLOW_CTX_DAG_OWNER=***
AIRFLOW_CTX_DAG_ID=split_excel_to_s3
AIRFLOW_CTX_TASK_ID=read_excel_and_split
AIRFLOW_CTX_EXECUTION_DATE=2023-11-05T23:40:40.619400+00:00
AIRFLOW_CTX_TRY_NUMBER=1
AIRFLOW_CTX_DAG_RUN_ID=manual__2023-11-05T23:40:40.619400+00:00
[2023-11-05 23:40:42,658] {python.py:173} INFO - Done. Returned value was: None
[2023-11-05 23:40:42,671] {taskinstance.py:1420} INFO - Marking task as SUCCESS. dag_id=split_excel_to_s3, task_id=read_excel_and_split, execution_date=20231105T234040, start_date=20231105T234042, end_date=20231105T234042
[2023-11-05 23:40:42,694] {local_task_job.py:156} INFO - Task exited with return code 0
[2023-11-05 23:40:42,723] {local_task_job.py:273} INFO - 0 downstream tasks scheduled from follow-on schedule check
