[2023-11-05 23:30:30,279] {taskinstance.py:1179} INFO - Dependencies all met for <TaskInstance: split_excel_to_s3.read_excel manual__2023-11-05T23:30:20.567827+00:00 [queued]>
[2023-11-05 23:30:30,289] {taskinstance.py:1179} INFO - Dependencies all met for <TaskInstance: split_excel_to_s3.read_excel manual__2023-11-05T23:30:20.567827+00:00 [queued]>
[2023-11-05 23:30:30,290] {taskinstance.py:1376} INFO - 
--------------------------------------------------------------------------------
[2023-11-05 23:30:30,290] {taskinstance.py:1377} INFO - Starting attempt 1 of 1
[2023-11-05 23:30:30,291] {taskinstance.py:1378} INFO - 
--------------------------------------------------------------------------------
[2023-11-05 23:30:30,307] {taskinstance.py:1397} INFO - Executing <Task(PythonOperator): read_excel> on 2023-11-05 23:30:20.567827+00:00
[2023-11-05 23:30:30,313] {standard_task_runner.py:52} INFO - Started process 1065 to run task
[2023-11-05 23:30:30,317] {standard_task_runner.py:79} INFO - Running: ['***', 'tasks', 'run', 'split_excel_to_s3', 'read_excel', 'manual__2023-11-05T23:30:20.567827+00:00', '--job-id', '58', '--raw', '--subdir', 'DAGS_FOLDER/write_xlsx_to_csv_s3.py', '--cfg-path', '/tmp/tmp7jqfd9qo', '--error-file', '/tmp/tmpjfnimadg']
[2023-11-05 23:30:30,319] {standard_task_runner.py:80} INFO - Job 58: Subtask read_excel
[2023-11-05 23:30:30,402] {task_command.py:371} INFO - Running <TaskInstance: split_excel_to_s3.read_excel manual__2023-11-05T23:30:20.567827+00:00 [running]> on host 59b74f6ac638
[2023-11-05 23:30:30,494] {taskinstance.py:1591} INFO - Exporting the following env vars:
AIRFLOW_CTX_DAG_OWNER=***
AIRFLOW_CTX_DAG_ID=split_excel_to_s3
AIRFLOW_CTX_TASK_ID=read_excel
AIRFLOW_CTX_EXECUTION_DATE=2023-11-05T23:30:20.567827+00:00
AIRFLOW_CTX_TRY_NUMBER=1
AIRFLOW_CTX_DAG_RUN_ID=manual__2023-11-05T23:30:20.567827+00:00
[2023-11-05 23:30:30,813] {python.py:173} INFO - Done. Returned value was: None
[2023-11-05 23:30:30,834] {taskinstance.py:1420} INFO - Marking task as SUCCESS. dag_id=split_excel_to_s3, task_id=read_excel, execution_date=20231105T233020, start_date=20231105T233030, end_date=20231105T233030
[2023-11-05 23:30:30,892] {local_task_job.py:156} INFO - Task exited with return code 0
[2023-11-05 23:30:30,960] {local_task_job.py:273} INFO - 1 downstream tasks scheduled from follow-on schedule check
