[2023-11-07T04:55:01.489+0000] {taskinstance.py:1159} INFO - Dependencies all met for dep_context=non-requeueable deps ti=<TaskInstance: ps_etl.load_to_snowflake_table manual__2023-11-07T04:54:50.783844+00:00 [queued]>
[2023-11-07T04:55:01.499+0000] {taskinstance.py:1159} INFO - Dependencies all met for dep_context=requeueable deps ti=<TaskInstance: ps_etl.load_to_snowflake_table manual__2023-11-07T04:54:50.783844+00:00 [queued]>
[2023-11-07T04:55:01.500+0000] {taskinstance.py:1361} INFO - Starting attempt 1 of 1
[2023-11-07T04:55:01.511+0000] {taskinstance.py:1382} INFO - Executing <Task(PythonOperator): load_to_snowflake_table> on 2023-11-07 04:54:50.783844+00:00
[2023-11-07T04:55:01.516+0000] {standard_task_runner.py:57} INFO - Started process 2355 to run task
[2023-11-07T04:55:01.520+0000] {standard_task_runner.py:84} INFO - Running: ['***', 'tasks', 'run', 'ps_etl', 'load_to_snowflake_table', 'manual__2023-11-07T04:54:50.783844+00:00', '--job-id', '99', '--raw', '--subdir', 'DAGS_FOLDER/ps_etl.py', '--cfg-path', '/tmp/tmp6jpll4cw']
[2023-11-07T04:55:01.523+0000] {standard_task_runner.py:85} INFO - Job 99: Subtask load_to_snowflake_table
[2023-11-07T04:55:01.568+0000] {task_command.py:416} INFO - Running <TaskInstance: ps_etl.load_to_snowflake_table manual__2023-11-07T04:54:50.783844+00:00 [running]> on host d2308b8de1b3
[2023-11-07T04:55:01.633+0000] {taskinstance.py:1662} INFO - Exporting env vars: AIRFLOW_CTX_DAG_OWNER='***' AIRFLOW_CTX_DAG_ID='ps_etl' AIRFLOW_CTX_TASK_ID='load_to_snowflake_table' AIRFLOW_CTX_EXECUTION_DATE='2023-11-07T04:54:50.783844+00:00' AIRFLOW_CTX_TRY_NUMBER='1' AIRFLOW_CTX_DAG_RUN_ID='manual__2023-11-07T04:54:50.783844+00:00'
[2023-11-07T04:55:01.643+0000] {base.py:73} INFO - Using connection ID 'snowflake_default' for task execution.
[2023-11-07T04:55:01.644+0000] {connection.py:329} INFO - Snowflake Connector for Python Version: 3.2.1, Python Version: 3.8.18, Platform: Linux-6.4.16-linuxkit-x86_64-with-glibc2.2.5
[2023-11-07T04:55:01.645+0000] {connection.py:1069} INFO - This connection is in OCSP Fail Open Mode. TLS Certificates would be checked for validity and revocation status. Any other Certificate Revocation related exceptions or OCSP Responder failures would be disregarded in favor of connectivity.
[2023-11-07T04:55:01.646+0000] {connection.py:1087} INFO - Setting use_openssl_only mode to False
[2023-11-07T04:55:02.494+0000] {cursor.py:804} INFO - query: [ALTER SESSION SET autocommit=False]
[2023-11-07T04:55:02.655+0000] {cursor.py:817} INFO - query execution done
[2023-11-07T04:55:02.657+0000] {cursor.py:959} INFO - Number of results in first chunk: 1
[2023-11-07T04:55:02.658+0000] {sql.py:418} INFO - Running statement: USE SCHEMA PUBLIC;, parameters: None
[2023-11-07T04:55:02.658+0000] {cursor.py:804} INFO - query: [USE SCHEMA PUBLIC;]
[2023-11-07T04:55:02.829+0000] {cursor.py:817} INFO - query execution done
[2023-11-07T04:55:02.844+0000] {cursor.py:959} INFO - Number of results in first chunk: 1
[2023-11-07T04:55:02.845+0000] {sql.py:427} INFO - Rows affected: 1
[2023-11-07T04:55:02.846+0000] {snowflake.py:400} INFO - Rows affected: 1
[2023-11-07T04:55:02.847+0000] {snowflake.py:401} INFO - Snowflake query id: 01b029a7-0004-d153-0000-0001ead74351
[2023-11-07T04:55:02.847+0000] {sql.py:418} INFO - Running statement: CREATE OR REPLACE TABLE LOYALTY_EARNED_HOURLY (
            date TIMESTAMP,
            userId VARCHAR(20),
            country CHAR(2),
            total_lp_earned INT
         );, parameters: None
[2023-11-07T04:55:02.848+0000] {cursor.py:804} INFO - query: [CREATE OR REPLACE TABLE LOYALTY_EARNED_HOURLY ( date TIMESTAMP, userId VARCHAR(2...]
[2023-11-07T04:55:03.139+0000] {cursor.py:817} INFO - query execution done
[2023-11-07T04:55:03.140+0000] {cursor.py:959} INFO - Number of results in first chunk: 1
[2023-11-07T04:55:03.140+0000] {sql.py:427} INFO - Rows affected: 1
[2023-11-07T04:55:03.141+0000] {snowflake.py:400} INFO - Rows affected: 1
[2023-11-07T04:55:03.141+0000] {snowflake.py:401} INFO - Snowflake query id: 01b029a7-0004-d116-0000-0001ead7937d
[2023-11-07T04:55:03.142+0000] {sql.py:418} INFO - Running statement: CREATE OR REPLACE TABLE PURCHASES (
            date TIMESTAMP,
            userId VARCHAR(20),
            price_in_usd DECIMAL(10, 2),
            transaction_id VARCHAR(36)
         );, parameters: None
[2023-11-07T04:55:03.143+0000] {cursor.py:804} INFO - query: [CREATE OR REPLACE TABLE PURCHASES ( date TIMESTAMP, userId VARCHAR(20), price_in...]
[2023-11-07T04:55:03.380+0000] {cursor.py:817} INFO - query execution done
[2023-11-07T04:55:03.381+0000] {cursor.py:959} INFO - Number of results in first chunk: 1
[2023-11-07T04:55:03.381+0000] {sql.py:427} INFO - Rows affected: 1
[2023-11-07T04:55:03.382+0000] {snowflake.py:400} INFO - Rows affected: 1
[2023-11-07T04:55:03.382+0000] {snowflake.py:401} INFO - Snowflake query id: 01b029a7-0004-d153-0000-0001ead74355
[2023-11-07T04:55:03.382+0000] {cursor.py:804} INFO - query: [COMMIT]
[2023-11-07T04:55:03.518+0000] {cursor.py:817} INFO - query execution done
[2023-11-07T04:55:03.519+0000] {cursor.py:959} INFO - Number of results in first chunk: 1
[2023-11-07T04:55:03.519+0000] {connection.py:659} INFO - closed
[2023-11-07T04:55:03.791+0000] {connection.py:665} INFO - No async queries seem to be running, deleting session
[2023-11-07T04:55:03.916+0000] {logging_mixin.py:151} INFO - copy file Loyalty_Earned_Hourly_Data_Set/processed_leh_2023-11-07-04-54-52.csv
[2023-11-07T04:55:03.923+0000] {base.py:73} INFO - Using connection ID 'snowflake_default' for task execution.
[2023-11-07T04:55:03.924+0000] {connection.py:329} INFO - Snowflake Connector for Python Version: 3.2.1, Python Version: 3.8.18, Platform: Linux-6.4.16-linuxkit-x86_64-with-glibc2.2.5
[2023-11-07T04:55:03.924+0000] {connection.py:1069} INFO - This connection is in OCSP Fail Open Mode. TLS Certificates would be checked for validity and revocation status. Any other Certificate Revocation related exceptions or OCSP Responder failures would be disregarded in favor of connectivity.
[2023-11-07T04:55:04.378+0000] {cursor.py:804} INFO - query: [ALTER SESSION SET autocommit=False]
[2023-11-07T04:55:04.529+0000] {cursor.py:817} INFO - query execution done
[2023-11-07T04:55:04.530+0000] {cursor.py:959} INFO - Number of results in first chunk: 1
[2023-11-07T04:55:04.531+0000] {sql.py:418} INFO - Running statement: COPY INTO LOYALTY_EARNED_HOURLY
            FROM s3://playstudios-processed_data/Loyalty_Earned_Hourly_Data_Set/Loyalty_Earned_Hourly_Data_Set/processed_leh_2023-11-07-04-54-52.csv
            FILE_FORMAT = (TYPE = CSV), parameters: None
[2023-11-07T04:55:04.531+0000] {cursor.py:804} INFO - query: [COPY INTO LOYALTY_EARNED_HOURLY FROM s3://playstudios-processed_data/Loyalty_Ear...]
[2023-11-07T04:55:05.760+0000] {cursor.py:817} INFO - query execution done
[2023-11-07T04:55:05.769+0000] {connection.py:659} INFO - closed
[2023-11-07T04:55:05.869+0000] {connection.py:665} INFO - No async queries seem to be running, deleting session
[2023-11-07T04:55:06.074+0000] {taskinstance.py:1937} ERROR - Task failed with exception
Traceback (most recent call last):
  File "/home/airflow/.local/lib/python3.8/site-packages/airflow/operators/python.py", line 192, in execute
    return_value = self.execute_callable()
  File "/home/airflow/.local/lib/python3.8/site-packages/airflow/operators/python.py", line 209, in execute_callable
    return self.python_callable(*self.op_args, **self.op_kwargs)
  File "/opt/airflow/dags/ps_load.py", line 51, in run_snowflake_load_sql
    snowflake_hook.run(copy_into_command)
  File "/home/airflow/.local/lib/python3.8/site-packages/airflow/providers/snowflake/hooks/snowflake.py", line 388, in run
    self._run_command(cur, sql_statement, parameters)
  File "/home/airflow/.local/lib/python3.8/site-packages/airflow/providers/common/sql/hooks/sql.py", line 423, in _run_command
    cur.execute(sql_statement)
  File "/home/airflow/.local/lib/python3.8/site-packages/snowflake/connector/cursor.py", line 908, in execute
    Error.errorhandler_wrapper(self.connection, self, error_class, errvalue)
  File "/home/airflow/.local/lib/python3.8/site-packages/snowflake/connector/errors.py", line 290, in errorhandler_wrapper
    handed_over = Error.hand_to_other_handler(
  File "/home/airflow/.local/lib/python3.8/site-packages/snowflake/connector/errors.py", line 345, in hand_to_other_handler
    cursor.errorhandler(connection, cursor, error_class, error_value)
  File "/home/airflow/.local/lib/python3.8/site-packages/snowflake/connector/errors.py", line 221, in default_errorhandler
    raise error_class(
snowflake.connector.errors.ProgrammingError: 091017 (22000): 01b029a7-0004-d169-0000-0001ead75381: S3 bucket 'playstudios-processed_data' does not exist or not authorized.
[2023-11-07T04:55:06.083+0000] {taskinstance.py:1400} INFO - Marking task as FAILED. dag_id=ps_etl, task_id=load_to_snowflake_table, execution_date=20231107T045450, start_date=20231107T045501, end_date=20231107T045506
[2023-11-07T04:55:06.094+0000] {standard_task_runner.py:104} ERROR - Failed to execute job 99 for task load_to_snowflake_table (091017 (22000): 01b029a7-0004-d169-0000-0001ead75381: S3 bucket 'playstudios-processed_data' does not exist or not authorized.; 2355)
[2023-11-07T04:55:06.122+0000] {local_task_job_runner.py:228} INFO - Task exited with return code 1
[2023-11-07T04:55:06.137+0000] {taskinstance.py:2778} INFO - 0 downstream tasks scheduled from follow-on schedule check
