[2023-11-04 20:58:48,107] {taskinstance.py:1179} INFO - Dependencies all met for <TaskInstance: example_bash_operator.runme_2 scheduled__2023-11-03T00:00:00+00:00 [queued]>
[2023-11-04 20:58:48,153] {taskinstance.py:1179} INFO - Dependencies all met for <TaskInstance: example_bash_operator.runme_2 scheduled__2023-11-03T00:00:00+00:00 [queued]>
[2023-11-04 20:58:48,154] {taskinstance.py:1376} INFO - 
--------------------------------------------------------------------------------
[2023-11-04 20:58:48,155] {taskinstance.py:1377} INFO - Starting attempt 1 of 1
[2023-11-04 20:58:48,156] {taskinstance.py:1378} INFO - 
--------------------------------------------------------------------------------
[2023-11-04 20:58:48,222] {taskinstance.py:1397} INFO - Executing <Task(BashOperator): runme_2> on 2023-11-03 00:00:00+00:00
[2023-11-04 20:58:48,234] {standard_task_runner.py:52} INFO - Started process 128 to run task
[2023-11-04 20:58:48,252] {standard_task_runner.py:79} INFO - Running: ['***', 'tasks', 'run', 'example_bash_operator', 'runme_2', 'scheduled__2023-11-03T00:00:00+00:00', '--job-id', '12', '--raw', '--subdir', '/home/***/.local/lib/python3.7/site-packages/***/example_dags/example_bash_operator.py', '--cfg-path', '/tmp/tmp6b15ioiq', '--error-file', '/tmp/tmp3wihdvzq']
[2023-11-04 20:58:48,254] {standard_task_runner.py:80} INFO - Job 12: Subtask runme_2
[2023-11-04 20:58:48,453] {task_command.py:371} INFO - Running <TaskInstance: example_bash_operator.runme_2 scheduled__2023-11-03T00:00:00+00:00 [running]> on host afb7adbe542c
[2023-11-04 20:58:48,662] {taskinstance.py:1591} INFO - Exporting the following env vars:
AIRFLOW_CTX_DAG_OWNER=***
AIRFLOW_CTX_DAG_ID=example_bash_operator
AIRFLOW_CTX_TASK_ID=runme_2
AIRFLOW_CTX_EXECUTION_DATE=2023-11-03T00:00:00+00:00
AIRFLOW_CTX_TRY_NUMBER=1
AIRFLOW_CTX_DAG_RUN_ID=scheduled__2023-11-03T00:00:00+00:00
[2023-11-04 20:58:48,665] {subprocess.py:62} INFO - Tmp dir root location: 
 /tmp
[2023-11-04 20:58:48,667] {subprocess.py:74} INFO - Running command: ['bash', '-c', 'echo "example_bash_operator__runme_2__20231103" && sleep 1']
[2023-11-04 20:58:48,688] {subprocess.py:85} INFO - Output:
[2023-11-04 20:58:48,692] {subprocess.py:92} INFO - example_bash_operator__runme_2__20231103
[2023-11-04 20:58:49,696] {subprocess.py:96} INFO - Command exited with return code 0
[2023-11-04 20:58:49,748] {taskinstance.py:1420} INFO - Marking task as SUCCESS. dag_id=example_bash_operator, task_id=runme_2, execution_date=20231103T000000, start_date=20231104T205848, end_date=20231104T205849
[2023-11-04 20:58:49,798] {local_task_job.py:156} INFO - Task exited with return code 0
[2023-11-04 20:58:49,858] {local_task_job.py:273} INFO - 1 downstream tasks scheduled from follow-on schedule check
