[2023-11-04 20:58:47,588] {taskinstance.py:1179} INFO - Dependencies all met for <TaskInstance: example_bash_operator.also_run_this scheduled__2023-11-03T00:00:00+00:00 [queued]>
[2023-11-04 20:58:47,654] {taskinstance.py:1179} INFO - Dependencies all met for <TaskInstance: example_bash_operator.also_run_this scheduled__2023-11-03T00:00:00+00:00 [queued]>
[2023-11-04 20:58:47,656] {taskinstance.py:1376} INFO - 
--------------------------------------------------------------------------------
[2023-11-04 20:58:47,672] {taskinstance.py:1377} INFO - Starting attempt 1 of 1
[2023-11-04 20:58:47,675] {taskinstance.py:1378} INFO - 
--------------------------------------------------------------------------------
[2023-11-04 20:58:47,727] {taskinstance.py:1397} INFO - Executing <Task(BashOperator): also_run_this> on 2023-11-03 00:00:00+00:00
[2023-11-04 20:58:47,736] {standard_task_runner.py:52} INFO - Started process 120 to run task
[2023-11-04 20:58:47,748] {standard_task_runner.py:79} INFO - Running: ['***', 'tasks', 'run', 'example_bash_operator', 'also_run_this', 'scheduled__2023-11-03T00:00:00+00:00', '--job-id', '6', '--raw', '--subdir', '/home/***/.local/lib/python3.7/site-packages/***/example_dags/example_bash_operator.py', '--cfg-path', '/tmp/tmpwv0y3mxo', '--error-file', '/tmp/tmpl5_74cll']
[2023-11-04 20:58:47,750] {standard_task_runner.py:80} INFO - Job 6: Subtask also_run_this
[2023-11-04 20:58:47,953] {task_command.py:371} INFO - Running <TaskInstance: example_bash_operator.also_run_this scheduled__2023-11-03T00:00:00+00:00 [running]> on host afb7adbe542c
[2023-11-04 20:58:48,253] {taskinstance.py:1591} INFO - Exporting the following env vars:
AIRFLOW_CTX_DAG_OWNER=***
AIRFLOW_CTX_DAG_ID=example_bash_operator
AIRFLOW_CTX_TASK_ID=also_run_this
AIRFLOW_CTX_EXECUTION_DATE=2023-11-03T00:00:00+00:00
AIRFLOW_CTX_TRY_NUMBER=1
AIRFLOW_CTX_DAG_RUN_ID=scheduled__2023-11-03T00:00:00+00:00
[2023-11-04 20:58:48,265] {subprocess.py:62} INFO - Tmp dir root location: 
 /tmp
[2023-11-04 20:58:48,273] {subprocess.py:74} INFO - Running command: ['bash', '-c', 'echo "run_id=scheduled__2023-11-03T00:00:00+00:00 | dag_run=<DagRun example_bash_operator @ 2023-11-03 00:00:00+00:00: scheduled__2023-11-03T00:00:00+00:00, externally triggered: False>"']
[2023-11-04 20:58:48,294] {subprocess.py:85} INFO - Output:
[2023-11-04 20:58:48,301] {subprocess.py:92} INFO - run_id=scheduled__2023-11-03T00:00:00+00:00 | dag_run=<DagRun example_bash_operator @ 2023-11-03 00:00:00+00:00: scheduled__2023-11-03T00:00:00+00:00, externally triggered: False>
[2023-11-04 20:58:48,303] {subprocess.py:96} INFO - Command exited with return code 0
[2023-11-04 20:58:48,389] {taskinstance.py:1420} INFO - Marking task as SUCCESS. dag_id=example_bash_operator, task_id=also_run_this, execution_date=20231103T000000, start_date=20231104T205847, end_date=20231104T205848
[2023-11-04 20:58:48,450] {local_task_job.py:156} INFO - Task exited with return code 0
[2023-11-04 20:58:48,574] {local_task_job.py:273} INFO - 0 downstream tasks scheduled from follow-on schedule check
