[2023-11-04 20:58:47,829] {taskinstance.py:1179} INFO - Dependencies all met for <TaskInstance: example_bash_operator.runme_0 scheduled__2023-11-03T00:00:00+00:00 [queued]>
[2023-11-04 20:58:47,856] {taskinstance.py:1179} INFO - Dependencies all met for <TaskInstance: example_bash_operator.runme_0 scheduled__2023-11-03T00:00:00+00:00 [queued]>
[2023-11-04 20:58:47,894] {taskinstance.py:1376} INFO - 
--------------------------------------------------------------------------------
[2023-11-04 20:58:47,895] {taskinstance.py:1377} INFO - Starting attempt 1 of 1
[2023-11-04 20:58:47,914] {taskinstance.py:1378} INFO - 
--------------------------------------------------------------------------------
[2023-11-04 20:58:47,966] {taskinstance.py:1397} INFO - Executing <Task(BashOperator): runme_0> on 2023-11-03 00:00:00+00:00
[2023-11-04 20:58:47,985] {standard_task_runner.py:52} INFO - Started process 124 to run task
[2023-11-04 20:58:48,007] {standard_task_runner.py:79} INFO - Running: ['***', 'tasks', 'run', 'example_bash_operator', 'runme_0', 'scheduled__2023-11-03T00:00:00+00:00', '--job-id', '10', '--raw', '--subdir', '/home/***/.local/lib/python3.7/site-packages/***/example_dags/example_bash_operator.py', '--cfg-path', '/tmp/tmpt1mbk7sx', '--error-file', '/tmp/tmpym49ail4']
[2023-11-04 20:58:48,009] {standard_task_runner.py:80} INFO - Job 10: Subtask runme_0
[2023-11-04 20:58:48,294] {task_command.py:371} INFO - Running <TaskInstance: example_bash_operator.runme_0 scheduled__2023-11-03T00:00:00+00:00 [running]> on host afb7adbe542c
[2023-11-04 20:58:48,524] {taskinstance.py:1591} INFO - Exporting the following env vars:
AIRFLOW_CTX_DAG_OWNER=***
AIRFLOW_CTX_DAG_ID=example_bash_operator
AIRFLOW_CTX_TASK_ID=runme_0
AIRFLOW_CTX_EXECUTION_DATE=2023-11-03T00:00:00+00:00
AIRFLOW_CTX_TRY_NUMBER=1
AIRFLOW_CTX_DAG_RUN_ID=scheduled__2023-11-03T00:00:00+00:00
[2023-11-04 20:58:48,528] {subprocess.py:62} INFO - Tmp dir root location: 
 /tmp
[2023-11-04 20:58:48,529] {subprocess.py:74} INFO - Running command: ['bash', '-c', 'echo "example_bash_operator__runme_0__20231103" && sleep 1']
[2023-11-04 20:58:48,552] {subprocess.py:85} INFO - Output:
[2023-11-04 20:58:48,556] {subprocess.py:92} INFO - example_bash_operator__runme_0__20231103
[2023-11-04 20:58:49,560] {subprocess.py:96} INFO - Command exited with return code 0
[2023-11-04 20:58:49,619] {taskinstance.py:1420} INFO - Marking task as SUCCESS. dag_id=example_bash_operator, task_id=runme_0, execution_date=20231103T000000, start_date=20231104T205847, end_date=20231104T205849
[2023-11-04 20:58:49,677] {local_task_job.py:156} INFO - Task exited with return code 0
[2023-11-04 20:58:49,742] {local_task_job.py:273} INFO - 0 downstream tasks scheduled from follow-on schedule check
