[2023-11-07T05:27:05.533+0000] {taskinstance.py:1159} INFO - Dependencies all met for dep_context=non-requeueable deps ti=<TaskInstance: ps_etl.load_to_snowflake_table manual__2023-11-07T05:26:52.844047+00:00 [queued]>
[2023-11-07T05:27:05.542+0000] {taskinstance.py:1159} INFO - Dependencies all met for dep_context=requeueable deps ti=<TaskInstance: ps_etl.load_to_snowflake_table manual__2023-11-07T05:26:52.844047+00:00 [queued]>
[2023-11-07T05:27:05.542+0000] {taskinstance.py:1361} INFO - Starting attempt 1 of 1
[2023-11-07T05:27:05.553+0000] {taskinstance.py:1382} INFO - Executing <Task(PythonOperator): load_to_snowflake_table> on 2023-11-07 05:26:52.844047+00:00
[2023-11-07T05:27:05.558+0000] {standard_task_runner.py:57} INFO - Started process 2925 to run task
[2023-11-07T05:27:05.562+0000] {standard_task_runner.py:84} INFO - Running: ['***', 'tasks', 'run', 'ps_etl', 'load_to_snowflake_table', 'manual__2023-11-07T05:26:52.844047+00:00', '--job-id', '111', '--raw', '--subdir', 'DAGS_FOLDER/ps_etl.py', '--cfg-path', '/tmp/tmp36ypffc7']
[2023-11-07T05:27:05.566+0000] {standard_task_runner.py:85} INFO - Job 111: Subtask load_to_snowflake_table
[2023-11-07T05:27:05.618+0000] {task_command.py:416} INFO - Running <TaskInstance: ps_etl.load_to_snowflake_table manual__2023-11-07T05:26:52.844047+00:00 [running]> on host d2308b8de1b3
[2023-11-07T05:27:05.706+0000] {taskinstance.py:1662} INFO - Exporting env vars: AIRFLOW_CTX_DAG_OWNER='***' AIRFLOW_CTX_DAG_ID='ps_etl' AIRFLOW_CTX_TASK_ID='load_to_snowflake_table' AIRFLOW_CTX_EXECUTION_DATE='2023-11-07T05:26:52.844047+00:00' AIRFLOW_CTX_TRY_NUMBER='1' AIRFLOW_CTX_DAG_RUN_ID='manual__2023-11-07T05:26:52.844047+00:00'
[2023-11-07T05:27:05.720+0000] {base.py:73} INFO - Using connection ID 'snowflake_default' for task execution.
[2023-11-07T05:27:05.721+0000] {connection.py:329} INFO - Snowflake Connector for Python Version: 3.2.1, Python Version: 3.8.18, Platform: Linux-6.4.16-linuxkit-x86_64-with-glibc2.2.5
[2023-11-07T05:27:05.722+0000] {connection.py:1069} INFO - This connection is in OCSP Fail Open Mode. TLS Certificates would be checked for validity and revocation status. Any other Certificate Revocation related exceptions or OCSP Responder failures would be disregarded in favor of connectivity.
[2023-11-07T05:27:05.722+0000] {connection.py:1087} INFO - Setting use_openssl_only mode to False
[2023-11-07T05:27:06.504+0000] {cursor.py:804} INFO - query: [ALTER SESSION SET autocommit=False]
[2023-11-07T05:27:06.922+0000] {cursor.py:817} INFO - query execution done
[2023-11-07T05:27:06.924+0000] {cursor.py:959} INFO - Number of results in first chunk: 1
[2023-11-07T05:27:06.925+0000] {sql.py:418} INFO - Running statement: CREATE SCHEMA IF NOT EXISTS STAGING;, parameters: None
[2023-11-07T05:27:06.926+0000] {cursor.py:804} INFO - query: [CREATE SCHEMA IF NOT EXISTS STAGING;]
[2023-11-07T05:27:07.110+0000] {cursor.py:817} INFO - query execution done
[2023-11-07T05:27:07.111+0000] {cursor.py:959} INFO - Number of results in first chunk: 1
[2023-11-07T05:27:07.111+0000] {sql.py:427} INFO - Rows affected: 1
[2023-11-07T05:27:07.112+0000] {snowflake.py:400} INFO - Rows affected: 1
[2023-11-07T05:27:07.112+0000] {snowflake.py:401} INFO - Snowflake query id: 01b029c7-0004-d180-0000-0001ead7b109
[2023-11-07T05:27:07.113+0000] {sql.py:418} INFO - Running statement: USE SCHEMA STAGING;, parameters: None
[2023-11-07T05:27:07.113+0000] {cursor.py:804} INFO - query: [USE SCHEMA STAGING;]
[2023-11-07T05:27:07.286+0000] {cursor.py:817} INFO - query execution done
[2023-11-07T05:27:07.287+0000] {cursor.py:959} INFO - Number of results in first chunk: 1
[2023-11-07T05:27:07.288+0000] {sql.py:427} INFO - Rows affected: 1
[2023-11-07T05:27:07.288+0000] {snowflake.py:400} INFO - Rows affected: 1
[2023-11-07T05:27:07.289+0000] {snowflake.py:401} INFO - Snowflake query id: 01b029c7-0004-d180-0000-0001ead7b10d
[2023-11-07T05:27:07.289+0000] {sql.py:418} INFO - Running statement: CREATE OR REPLACE TABLE LOYALTY_EARNED_HOURLY (
            DATE TIMESTAMP,
            USER_ID VARCHAR(20),
            COUNTRY CHAR(2),
            TOTAL_LP_EARNED INT
         );, parameters: None
[2023-11-07T05:27:07.290+0000] {cursor.py:804} INFO - query: [CREATE OR REPLACE TABLE LOYALTY_EARNED_HOURLY ( DATE TIMESTAMP, USER_ID VARCHAR(...]
[2023-11-07T05:27:07.812+0000] {cursor.py:817} INFO - query execution done
[2023-11-07T05:27:07.813+0000] {cursor.py:959} INFO - Number of results in first chunk: 1
[2023-11-07T05:27:07.814+0000] {sql.py:427} INFO - Rows affected: 1
[2023-11-07T05:27:07.814+0000] {snowflake.py:400} INFO - Rows affected: 1
[2023-11-07T05:27:07.815+0000] {snowflake.py:401} INFO - Snowflake query id: 01b029c7-0004-d180-0000-0001ead7b111
[2023-11-07T05:27:07.815+0000] {sql.py:418} INFO - Running statement: CREATE OR REPLACE TABLE PURCHASES (
            DATE TIMESTAMP,
            USER_ID VARCHAR(20),
            REVENUE DECIMAL(10, 2),
            TRANSACTION_ID VARCHAR(36)
         );, parameters: None
[2023-11-07T05:27:07.816+0000] {cursor.py:804} INFO - query: [CREATE OR REPLACE TABLE PURCHASES ( DATE TIMESTAMP, USER_ID VARCHAR(20), REVENUE...]
[2023-11-07T05:27:08.120+0000] {cursor.py:817} INFO - query execution done
[2023-11-07T05:27:08.120+0000] {cursor.py:959} INFO - Number of results in first chunk: 1
[2023-11-07T05:27:08.121+0000] {sql.py:427} INFO - Rows affected: 1
[2023-11-07T05:27:08.121+0000] {snowflake.py:400} INFO - Rows affected: 1
[2023-11-07T05:27:08.122+0000] {snowflake.py:401} INFO - Snowflake query id: 01b029c7-0004-d145-0000-0001ead7a119
[2023-11-07T05:27:08.123+0000] {cursor.py:804} INFO - query: [COMMIT]
[2023-11-07T05:27:08.259+0000] {cursor.py:817} INFO - query execution done
[2023-11-07T05:27:08.260+0000] {cursor.py:959} INFO - Number of results in first chunk: 1
[2023-11-07T05:27:08.261+0000] {connection.py:659} INFO - closed
[2023-11-07T05:27:08.363+0000] {connection.py:665} INFO - No async queries seem to be running, deleting session
[2023-11-07T05:27:08.495+0000] {base.py:73} INFO - Using connection ID 'aws_default' for task execution.
[2023-11-07T05:27:08.496+0000] {connection_wrapper.py:340} INFO - AWS Connection (conn_id='aws_default', conn_type='aws') credentials retrieved from login and password.
[2023-11-07T05:27:08.508+0000] {logging_mixin.py:151} INFO - credentials AKIA2MLUITWXLGBHVJPG ***
[2023-11-07T05:27:08.508+0000] {logging_mixin.py:151} INFO - copy file Loyalty_Earned_Hourly_Data_Set/processed_leh_2023-11-07-05-26-54.csv
[2023-11-07T05:27:08.515+0000] {base.py:73} INFO - Using connection ID 'snowflake_default' for task execution.
[2023-11-07T05:27:08.516+0000] {connection.py:329} INFO - Snowflake Connector for Python Version: 3.2.1, Python Version: 3.8.18, Platform: Linux-6.4.16-linuxkit-x86_64-with-glibc2.2.5
[2023-11-07T05:27:08.517+0000] {connection.py:1069} INFO - This connection is in OCSP Fail Open Mode. TLS Certificates would be checked for validity and revocation status. Any other Certificate Revocation related exceptions or OCSP Responder failures would be disregarded in favor of connectivity.
[2023-11-07T05:27:09.036+0000] {cursor.py:804} INFO - query: [ALTER SESSION SET autocommit=False]
[2023-11-07T05:27:09.177+0000] {cursor.py:817} INFO - query execution done
[2023-11-07T05:27:09.178+0000] {cursor.py:959} INFO - Number of results in first chunk: 1
[2023-11-07T05:27:09.178+0000] {sql.py:418} INFO - Running statement: USE SCHEMA STAGING;, parameters: None
[2023-11-07T05:27:09.179+0000] {cursor.py:804} INFO - query: [USE SCHEMA STAGING;]
[2023-11-07T05:27:09.332+0000] {cursor.py:817} INFO - query execution done
[2023-11-07T05:27:09.333+0000] {cursor.py:959} INFO - Number of results in first chunk: 1
[2023-11-07T05:27:09.334+0000] {sql.py:427} INFO - Rows affected: 1
[2023-11-07T05:27:09.335+0000] {snowflake.py:400} INFO - Rows affected: 1
[2023-11-07T05:27:09.336+0000] {snowflake.py:401} INFO - Snowflake query id: 01b029c7-0004-d116-0000-0001ead793ed
[2023-11-07T05:27:09.337+0000] {sql.py:418} INFO - Running statement: COPY INTO LOYALTY_EARNED_HOURLY
            FROM 's3://playstudios-processed-data/Loyalty_Earned_Hourly_Data_Set/Loyalty_Earned_Hourly_Data_Set/processed_leh_2023-11-07-05-26-54.csv' credentials=(AWS_KEY_ID='AKIA2MLUITWXLGBHVJPG' AWS_SECRET_KEY='***')
            FILE_FORMAT = (TYPE = CSV SKIP_HEADER = 1), parameters: None
[2023-11-07T05:27:09.339+0000] {cursor.py:804} INFO - query: [COPY INTO LOYALTY_EARNED_HOURLY FROM 's3://playstudios-processed-data/Loyalty_Ea...]
[2023-11-07T05:27:10.247+0000] {cursor.py:817} INFO - query execution done
[2023-11-07T05:27:10.248+0000] {cursor.py:959} INFO - Number of results in first chunk: 1
[2023-11-07T05:27:10.249+0000] {sql.py:427} INFO - Rows affected: 1
[2023-11-07T05:27:10.249+0000] {snowflake.py:400} INFO - Rows affected: 1
[2023-11-07T05:27:10.249+0000] {snowflake.py:401} INFO - Snowflake query id: 01b029c7-0004-d180-0000-0001ead7b115
[2023-11-07T05:27:10.250+0000] {cursor.py:804} INFO - query: [COMMIT]
[2023-11-07T05:27:10.464+0000] {cursor.py:817} INFO - query execution done
[2023-11-07T05:27:10.465+0000] {cursor.py:959} INFO - Number of results in first chunk: 1
[2023-11-07T05:27:10.466+0000] {connection.py:659} INFO - closed
[2023-11-07T05:27:10.564+0000] {connection.py:665} INFO - No async queries seem to be running, deleting session
[2023-11-07T05:27:10.668+0000] {logging_mixin.py:151} INFO - copy file Purchases_Data_Set/processed_purchases_2023-11-07-05-26-54.csv
[2023-11-07T05:27:10.676+0000] {base.py:73} INFO - Using connection ID 'snowflake_default' for task execution.
[2023-11-07T05:27:10.676+0000] {connection.py:329} INFO - Snowflake Connector for Python Version: 3.2.1, Python Version: 3.8.18, Platform: Linux-6.4.16-linuxkit-x86_64-with-glibc2.2.5
[2023-11-07T05:27:10.677+0000] {connection.py:1069} INFO - This connection is in OCSP Fail Open Mode. TLS Certificates would be checked for validity and revocation status. Any other Certificate Revocation related exceptions or OCSP Responder failures would be disregarded in favor of connectivity.
[2023-11-07T05:27:11.197+0000] {cursor.py:804} INFO - query: [ALTER SESSION SET autocommit=False]
[2023-11-07T05:27:11.354+0000] {cursor.py:817} INFO - query execution done
[2023-11-07T05:27:11.355+0000] {cursor.py:959} INFO - Number of results in first chunk: 1
[2023-11-07T05:27:11.355+0000] {sql.py:418} INFO - Running statement: USE SCHEMA STAGING;, parameters: None
[2023-11-07T05:27:11.356+0000] {cursor.py:804} INFO - query: [USE SCHEMA STAGING;]
[2023-11-07T05:27:11.486+0000] {cursor.py:817} INFO - query execution done
[2023-11-07T05:27:11.487+0000] {cursor.py:959} INFO - Number of results in first chunk: 1
[2023-11-07T05:27:11.487+0000] {sql.py:427} INFO - Rows affected: 1
[2023-11-07T05:27:11.488+0000] {snowflake.py:400} INFO - Rows affected: 1
[2023-11-07T05:27:11.489+0000] {snowflake.py:401} INFO - Snowflake query id: 01b029c7-0004-d180-0000-0001ead7b119
[2023-11-07T05:27:11.489+0000] {sql.py:418} INFO - Running statement: COPY INTO PURCHASES
            FROM s3://playstudios-processed-data/Purchases_Data_Set/Purchases_Data_Set/processed_purchases_2023-11-07-05-26-54.csv
            FILE_FORMAT = (TYPE = CSV), parameters: None
[2023-11-07T05:27:11.490+0000] {cursor.py:804} INFO - query: [COPY INTO PURCHASES FROM s3://playstudios-processed-data/Purchases_Data_Set/Purc...]
[2023-11-07T05:27:11.715+0000] {cursor.py:817} INFO - query execution done
[2023-11-07T05:27:11.722+0000] {connection.py:659} INFO - closed
[2023-11-07T05:27:11.823+0000] {connection.py:665} INFO - No async queries seem to be running, deleting session
[2023-11-07T05:27:11.936+0000] {taskinstance.py:1937} ERROR - Task failed with exception
Traceback (most recent call last):
  File "/home/airflow/.local/lib/python3.8/site-packages/airflow/operators/python.py", line 192, in execute
    return_value = self.execute_callable()
  File "/home/airflow/.local/lib/python3.8/site-packages/airflow/operators/python.py", line 209, in execute_callable
    return self.python_callable(*self.op_args, **self.op_kwargs)
  File "/opt/airflow/dags/ps_load.py", line 72, in run_snowflake_load_sql
    snowflake_hook.run(copy_into_command)
  File "/home/airflow/.local/lib/python3.8/site-packages/airflow/providers/snowflake/hooks/snowflake.py", line 388, in run
    self._run_command(cur, sql_statement, parameters)
  File "/home/airflow/.local/lib/python3.8/site-packages/airflow/providers/common/sql/hooks/sql.py", line 423, in _run_command
    cur.execute(sql_statement)
  File "/home/airflow/.local/lib/python3.8/site-packages/snowflake/connector/cursor.py", line 908, in execute
    Error.errorhandler_wrapper(self.connection, self, error_class, errvalue)
  File "/home/airflow/.local/lib/python3.8/site-packages/snowflake/connector/errors.py", line 290, in errorhandler_wrapper
    handed_over = Error.hand_to_other_handler(
  File "/home/airflow/.local/lib/python3.8/site-packages/snowflake/connector/errors.py", line 345, in hand_to_other_handler
    cursor.errorhandler(connection, cursor, error_class, error_value)
  File "/home/airflow/.local/lib/python3.8/site-packages/snowflake/connector/errors.py", line 221, in default_errorhandler
    raise error_class(
snowflake.connector.errors.ProgrammingError: 091003 (22000): 01b029c7-0004-d114-0000-0001ead78449: Failure using stage area. Cause: [Access Denied (Status Code: 403; Error Code: AccessDenied)]
[2023-11-07T05:27:11.947+0000] {taskinstance.py:1400} INFO - Marking task as FAILED. dag_id=ps_etl, task_id=load_to_snowflake_table, execution_date=20231107T052652, start_date=20231107T052705, end_date=20231107T052711
[2023-11-07T05:27:11.962+0000] {standard_task_runner.py:104} ERROR - Failed to execute job 111 for task load_to_snowflake_table (091003 (22000): 01b029c7-0004-d114-0000-0001ead78449: Failure using stage area. Cause: [Access Denied (Status Code: 403; Error Code: AccessDenied)]; 2925)
[2023-11-07T05:27:12.008+0000] {local_task_job_runner.py:228} INFO - Task exited with return code 1
[2023-11-07T05:27:12.025+0000] {taskinstance.py:2778} INFO - 0 downstream tasks scheduled from follow-on schedule check
