[2023-11-06T05:51:30.556+0000] {processor.py:157} INFO - Started process (PID=12782) to work on /opt/airflow/dags/ps_load.py
[2023-11-06T05:51:30.559+0000] {processor.py:826} INFO - Processing file /opt/airflow/dags/ps_load.py for tasks to queue
[2023-11-06T05:51:30.563+0000] {logging_mixin.py:150} INFO - [2023-11-06T05:51:30.561+0000] {dagbag.py:541} INFO - Filling up the DagBag from /opt/airflow/dags/ps_load.py
[2023-11-06T05:51:30.602+0000] {processor.py:836} INFO - DAG(s) dict_keys(['create_tables_and_copy_csv']) retrieved from /opt/airflow/dags/ps_load.py
[2023-11-06T05:51:30.808+0000] {logging_mixin.py:150} INFO - [2023-11-06T05:51:30.808+0000] {dag.py:2742} INFO - Sync 1 DAGs
[2023-11-06T05:51:30.846+0000] {logging_mixin.py:150} INFO - [2023-11-06T05:51:30.845+0000] {dag.py:3508} INFO - Setting next_dagrun for create_tables_and_copy_csv to None, run_after=None
[2023-11-06T05:51:30.880+0000] {processor.py:179} INFO - Processing /opt/airflow/dags/ps_load.py took 0.331 seconds
[2023-11-06T05:52:01.257+0000] {processor.py:157} INFO - Started process (PID=12890) to work on /opt/airflow/dags/ps_load.py
[2023-11-06T05:52:01.259+0000] {processor.py:826} INFO - Processing file /opt/airflow/dags/ps_load.py for tasks to queue
[2023-11-06T05:52:01.261+0000] {logging_mixin.py:150} INFO - [2023-11-06T05:52:01.260+0000] {dagbag.py:541} INFO - Filling up the DagBag from /opt/airflow/dags/ps_load.py
[2023-11-06T05:52:01.279+0000] {processor.py:836} INFO - DAG(s) dict_keys(['create_tables_and_copy_csv']) retrieved from /opt/airflow/dags/ps_load.py
[2023-11-06T05:52:01.321+0000] {logging_mixin.py:150} INFO - [2023-11-06T05:52:01.321+0000] {dag.py:2742} INFO - Sync 1 DAGs
[2023-11-06T05:52:01.371+0000] {logging_mixin.py:150} INFO - [2023-11-06T05:52:01.371+0000] {dag.py:3508} INFO - Setting next_dagrun for create_tables_and_copy_csv to None, run_after=None
[2023-11-06T05:52:01.412+0000] {processor.py:179} INFO - Processing /opt/airflow/dags/ps_load.py took 0.164 seconds
[2023-11-06T05:52:28.150+0000] {processor.py:157} INFO - Started process (PID=12984) to work on /opt/airflow/dags/ps_load.py
[2023-11-06T05:52:28.151+0000] {processor.py:826} INFO - Processing file /opt/airflow/dags/ps_load.py for tasks to queue
[2023-11-06T05:52:28.152+0000] {logging_mixin.py:150} INFO - [2023-11-06T05:52:28.152+0000] {dagbag.py:541} INFO - Filling up the DagBag from /opt/airflow/dags/ps_load.py
[2023-11-06T05:52:28.164+0000] {processor.py:836} INFO - DAG(s) dict_keys(['create_tables_and_copy_csv']) retrieved from /opt/airflow/dags/ps_load.py
[2023-11-06T05:52:28.293+0000] {logging_mixin.py:150} INFO - [2023-11-06T05:52:28.293+0000] {dag.py:2742} INFO - Sync 1 DAGs
[2023-11-06T05:52:28.320+0000] {logging_mixin.py:150} INFO - [2023-11-06T05:52:28.320+0000] {dag.py:3508} INFO - Setting next_dagrun for create_tables_and_copy_csv to None, run_after=None
[2023-11-06T05:52:28.350+0000] {processor.py:179} INFO - Processing /opt/airflow/dags/ps_load.py took 0.204 seconds
[2023-11-06T05:52:58.774+0000] {processor.py:157} INFO - Started process (PID=13083) to work on /opt/airflow/dags/ps_load.py
[2023-11-06T05:52:58.775+0000] {processor.py:826} INFO - Processing file /opt/airflow/dags/ps_load.py for tasks to queue
[2023-11-06T05:52:58.776+0000] {logging_mixin.py:150} INFO - [2023-11-06T05:52:58.776+0000] {dagbag.py:541} INFO - Filling up the DagBag from /opt/airflow/dags/ps_load.py
[2023-11-06T05:52:58.789+0000] {processor.py:836} INFO - DAG(s) dict_keys(['create_tables_and_copy_csv']) retrieved from /opt/airflow/dags/ps_load.py
[2023-11-06T05:52:58.815+0000] {logging_mixin.py:150} INFO - [2023-11-06T05:52:58.815+0000] {dag.py:2742} INFO - Sync 1 DAGs
[2023-11-06T05:52:58.843+0000] {logging_mixin.py:150} INFO - [2023-11-06T05:52:58.843+0000] {dag.py:3508} INFO - Setting next_dagrun for create_tables_and_copy_csv to None, run_after=None
[2023-11-06T05:52:58.867+0000] {processor.py:179} INFO - Processing /opt/airflow/dags/ps_load.py took 0.098 seconds
[2023-11-06T05:53:29.708+0000] {processor.py:157} INFO - Started process (PID=13189) to work on /opt/airflow/dags/ps_load.py
[2023-11-06T05:53:29.710+0000] {processor.py:826} INFO - Processing file /opt/airflow/dags/ps_load.py for tasks to queue
[2023-11-06T05:53:29.711+0000] {logging_mixin.py:150} INFO - [2023-11-06T05:53:29.710+0000] {dagbag.py:541} INFO - Filling up the DagBag from /opt/airflow/dags/ps_load.py
[2023-11-06T05:53:29.720+0000] {processor.py:836} INFO - DAG(s) dict_keys(['create_tables_and_copy_csv']) retrieved from /opt/airflow/dags/ps_load.py
[2023-11-06T05:53:29.751+0000] {logging_mixin.py:150} INFO - [2023-11-06T05:53:29.751+0000] {dag.py:2742} INFO - Sync 1 DAGs
[2023-11-06T05:53:29.789+0000] {logging_mixin.py:150} INFO - [2023-11-06T05:53:29.788+0000] {dag.py:3508} INFO - Setting next_dagrun for create_tables_and_copy_csv to None, run_after=None
[2023-11-06T05:53:29.818+0000] {processor.py:179} INFO - Processing /opt/airflow/dags/ps_load.py took 0.114 seconds
[2023-11-06T05:54:00.422+0000] {processor.py:157} INFO - Started process (PID=13290) to work on /opt/airflow/dags/ps_load.py
[2023-11-06T05:54:00.424+0000] {processor.py:826} INFO - Processing file /opt/airflow/dags/ps_load.py for tasks to queue
[2023-11-06T05:54:00.426+0000] {logging_mixin.py:150} INFO - [2023-11-06T05:54:00.426+0000] {dagbag.py:541} INFO - Filling up the DagBag from /opt/airflow/dags/ps_load.py
[2023-11-06T05:54:00.439+0000] {processor.py:836} INFO - DAG(s) dict_keys(['create_tables_and_copy_csv']) retrieved from /opt/airflow/dags/ps_load.py
[2023-11-06T05:54:00.486+0000] {logging_mixin.py:150} INFO - [2023-11-06T05:54:00.486+0000] {dag.py:2742} INFO - Sync 1 DAGs
[2023-11-06T05:54:00.524+0000] {logging_mixin.py:150} INFO - [2023-11-06T05:54:00.523+0000] {dag.py:3508} INFO - Setting next_dagrun for create_tables_and_copy_csv to None, run_after=None
[2023-11-06T05:54:00.560+0000] {processor.py:179} INFO - Processing /opt/airflow/dags/ps_load.py took 0.143 seconds
[2023-11-06T05:54:31.404+0000] {processor.py:157} INFO - Started process (PID=13389) to work on /opt/airflow/dags/ps_load.py
[2023-11-06T05:54:31.406+0000] {processor.py:826} INFO - Processing file /opt/airflow/dags/ps_load.py for tasks to queue
[2023-11-06T05:54:31.408+0000] {logging_mixin.py:150} INFO - [2023-11-06T05:54:31.407+0000] {dagbag.py:541} INFO - Filling up the DagBag from /opt/airflow/dags/ps_load.py
[2023-11-06T05:54:31.419+0000] {processor.py:836} INFO - DAG(s) dict_keys(['create_tables_and_copy_csv']) retrieved from /opt/airflow/dags/ps_load.py
[2023-11-06T05:54:31.450+0000] {logging_mixin.py:150} INFO - [2023-11-06T05:54:31.450+0000] {dag.py:2742} INFO - Sync 1 DAGs
[2023-11-06T05:54:31.487+0000] {logging_mixin.py:150} INFO - [2023-11-06T05:54:31.486+0000] {dag.py:3508} INFO - Setting next_dagrun for create_tables_and_copy_csv to None, run_after=None
[2023-11-06T05:54:31.517+0000] {processor.py:179} INFO - Processing /opt/airflow/dags/ps_load.py took 0.117 seconds
[2023-11-06T05:55:02.227+0000] {processor.py:157} INFO - Started process (PID=13497) to work on /opt/airflow/dags/ps_load.py
[2023-11-06T05:55:02.229+0000] {processor.py:826} INFO - Processing file /opt/airflow/dags/ps_load.py for tasks to queue
[2023-11-06T05:55:02.230+0000] {logging_mixin.py:150} INFO - [2023-11-06T05:55:02.230+0000] {dagbag.py:541} INFO - Filling up the DagBag from /opt/airflow/dags/ps_load.py
[2023-11-06T05:55:02.242+0000] {processor.py:836} INFO - DAG(s) dict_keys(['create_tables_and_copy_csv']) retrieved from /opt/airflow/dags/ps_load.py
[2023-11-06T05:55:02.272+0000] {logging_mixin.py:150} INFO - [2023-11-06T05:55:02.272+0000] {dag.py:2742} INFO - Sync 1 DAGs
[2023-11-06T05:55:02.304+0000] {logging_mixin.py:150} INFO - [2023-11-06T05:55:02.304+0000] {dag.py:3508} INFO - Setting next_dagrun for create_tables_and_copy_csv to None, run_after=None
[2023-11-06T05:55:02.328+0000] {processor.py:179} INFO - Processing /opt/airflow/dags/ps_load.py took 0.106 seconds
[2023-11-06T05:55:33.236+0000] {processor.py:157} INFO - Started process (PID=13596) to work on /opt/airflow/dags/ps_load.py
[2023-11-06T05:55:33.237+0000] {processor.py:826} INFO - Processing file /opt/airflow/dags/ps_load.py for tasks to queue
[2023-11-06T05:55:33.239+0000] {logging_mixin.py:150} INFO - [2023-11-06T05:55:33.238+0000] {dagbag.py:541} INFO - Filling up the DagBag from /opt/airflow/dags/ps_load.py
[2023-11-06T05:55:33.248+0000] {processor.py:836} INFO - DAG(s) dict_keys(['create_tables_and_copy_csv']) retrieved from /opt/airflow/dags/ps_load.py
[2023-11-06T05:55:33.279+0000] {logging_mixin.py:150} INFO - [2023-11-06T05:55:33.278+0000] {dag.py:2742} INFO - Sync 1 DAGs
[2023-11-06T05:55:33.311+0000] {logging_mixin.py:150} INFO - [2023-11-06T05:55:33.311+0000] {dag.py:3508} INFO - Setting next_dagrun for create_tables_and_copy_csv to None, run_after=None
[2023-11-06T05:55:33.339+0000] {processor.py:179} INFO - Processing /opt/airflow/dags/ps_load.py took 0.108 seconds
[2023-11-06T05:56:04.111+0000] {processor.py:157} INFO - Started process (PID=13704) to work on /opt/airflow/dags/ps_load.py
[2023-11-06T05:56:04.112+0000] {processor.py:826} INFO - Processing file /opt/airflow/dags/ps_load.py for tasks to queue
[2023-11-06T05:56:04.113+0000] {logging_mixin.py:150} INFO - [2023-11-06T05:56:04.113+0000] {dagbag.py:541} INFO - Filling up the DagBag from /opt/airflow/dags/ps_load.py
[2023-11-06T05:56:04.122+0000] {processor.py:836} INFO - DAG(s) dict_keys(['create_tables_and_copy_csv']) retrieved from /opt/airflow/dags/ps_load.py
[2023-11-06T05:56:04.145+0000] {logging_mixin.py:150} INFO - [2023-11-06T05:56:04.145+0000] {dag.py:2742} INFO - Sync 1 DAGs
[2023-11-06T05:56:04.170+0000] {logging_mixin.py:150} INFO - [2023-11-06T05:56:04.170+0000] {dag.py:3508} INFO - Setting next_dagrun for create_tables_and_copy_csv to None, run_after=None
[2023-11-06T05:56:04.192+0000] {processor.py:179} INFO - Processing /opt/airflow/dags/ps_load.py took 0.084 seconds
[2023-11-06T05:56:34.338+0000] {processor.py:157} INFO - Started process (PID=13803) to work on /opt/airflow/dags/ps_load.py
[2023-11-06T05:56:34.339+0000] {processor.py:826} INFO - Processing file /opt/airflow/dags/ps_load.py for tasks to queue
[2023-11-06T05:56:34.340+0000] {logging_mixin.py:150} INFO - [2023-11-06T05:56:34.340+0000] {dagbag.py:541} INFO - Filling up the DagBag from /opt/airflow/dags/ps_load.py
[2023-11-06T05:56:34.349+0000] {processor.py:836} INFO - DAG(s) dict_keys(['create_tables_and_copy_csv']) retrieved from /opt/airflow/dags/ps_load.py
[2023-11-06T05:56:34.371+0000] {logging_mixin.py:150} INFO - [2023-11-06T05:56:34.371+0000] {dag.py:2742} INFO - Sync 1 DAGs
[2023-11-06T05:56:34.395+0000] {logging_mixin.py:150} INFO - [2023-11-06T05:56:34.395+0000] {dag.py:3508} INFO - Setting next_dagrun for create_tables_and_copy_csv to None, run_after=None
[2023-11-06T05:56:34.432+0000] {processor.py:179} INFO - Processing /opt/airflow/dags/ps_load.py took 0.097 seconds
[2023-11-06T05:57:04.524+0000] {processor.py:157} INFO - Started process (PID=13902) to work on /opt/airflow/dags/ps_load.py
[2023-11-06T05:57:04.526+0000] {processor.py:826} INFO - Processing file /opt/airflow/dags/ps_load.py for tasks to queue
[2023-11-06T05:57:04.528+0000] {logging_mixin.py:150} INFO - [2023-11-06T05:57:04.527+0000] {dagbag.py:541} INFO - Filling up the DagBag from /opt/airflow/dags/ps_load.py
[2023-11-06T05:57:04.541+0000] {processor.py:836} INFO - DAG(s) dict_keys(['create_tables_and_copy_csv']) retrieved from /opt/airflow/dags/ps_load.py
[2023-11-06T05:57:04.577+0000] {logging_mixin.py:150} INFO - [2023-11-06T05:57:04.577+0000] {dag.py:2742} INFO - Sync 1 DAGs
[2023-11-06T05:57:04.614+0000] {logging_mixin.py:150} INFO - [2023-11-06T05:57:04.614+0000] {dag.py:3508} INFO - Setting next_dagrun for create_tables_and_copy_csv to None, run_after=None
[2023-11-06T05:57:04.643+0000] {processor.py:179} INFO - Processing /opt/airflow/dags/ps_load.py took 0.124 seconds
[2023-11-06T05:57:35.092+0000] {processor.py:157} INFO - Started process (PID=14011) to work on /opt/airflow/dags/ps_load.py
[2023-11-06T05:57:35.093+0000] {processor.py:826} INFO - Processing file /opt/airflow/dags/ps_load.py for tasks to queue
[2023-11-06T05:57:35.094+0000] {logging_mixin.py:150} INFO - [2023-11-06T05:57:35.094+0000] {dagbag.py:541} INFO - Filling up the DagBag from /opt/airflow/dags/ps_load.py
[2023-11-06T05:57:35.104+0000] {processor.py:836} INFO - DAG(s) dict_keys(['create_tables_and_copy_csv']) retrieved from /opt/airflow/dags/ps_load.py
[2023-11-06T05:57:35.128+0000] {logging_mixin.py:150} INFO - [2023-11-06T05:57:35.127+0000] {dag.py:2742} INFO - Sync 1 DAGs
[2023-11-06T05:57:35.156+0000] {logging_mixin.py:150} INFO - [2023-11-06T05:57:35.156+0000] {dag.py:3508} INFO - Setting next_dagrun for create_tables_and_copy_csv to None, run_after=None
[2023-11-06T05:57:35.176+0000] {processor.py:179} INFO - Processing /opt/airflow/dags/ps_load.py took 0.089 seconds
[2023-11-06T05:58:05.598+0000] {processor.py:157} INFO - Started process (PID=14110) to work on /opt/airflow/dags/ps_load.py
[2023-11-06T05:58:05.599+0000] {processor.py:826} INFO - Processing file /opt/airflow/dags/ps_load.py for tasks to queue
[2023-11-06T05:58:05.600+0000] {logging_mixin.py:150} INFO - [2023-11-06T05:58:05.600+0000] {dagbag.py:541} INFO - Filling up the DagBag from /opt/airflow/dags/ps_load.py
[2023-11-06T05:58:05.609+0000] {processor.py:836} INFO - DAG(s) dict_keys(['create_tables_and_copy_csv']) retrieved from /opt/airflow/dags/ps_load.py
[2023-11-06T05:58:05.630+0000] {logging_mixin.py:150} INFO - [2023-11-06T05:58:05.630+0000] {dag.py:2742} INFO - Sync 1 DAGs
[2023-11-06T05:58:05.655+0000] {logging_mixin.py:150} INFO - [2023-11-06T05:58:05.654+0000] {dag.py:3508} INFO - Setting next_dagrun for create_tables_and_copy_csv to None, run_after=None
[2023-11-06T05:58:05.673+0000] {processor.py:179} INFO - Processing /opt/airflow/dags/ps_load.py took 0.080 seconds
[2023-11-06T05:58:36.019+0000] {processor.py:157} INFO - Started process (PID=14218) to work on /opt/airflow/dags/ps_load.py
[2023-11-06T05:58:36.020+0000] {processor.py:826} INFO - Processing file /opt/airflow/dags/ps_load.py for tasks to queue
[2023-11-06T05:58:36.022+0000] {logging_mixin.py:150} INFO - [2023-11-06T05:58:36.021+0000] {dagbag.py:541} INFO - Filling up the DagBag from /opt/airflow/dags/ps_load.py
[2023-11-06T05:58:36.032+0000] {processor.py:836} INFO - DAG(s) dict_keys(['create_tables_and_copy_csv']) retrieved from /opt/airflow/dags/ps_load.py
[2023-11-06T05:58:36.058+0000] {logging_mixin.py:150} INFO - [2023-11-06T05:58:36.058+0000] {dag.py:2742} INFO - Sync 1 DAGs
[2023-11-06T05:58:36.098+0000] {logging_mixin.py:150} INFO - [2023-11-06T05:58:36.098+0000] {dag.py:3508} INFO - Setting next_dagrun for create_tables_and_copy_csv to None, run_after=None
[2023-11-06T05:58:36.126+0000] {processor.py:179} INFO - Processing /opt/airflow/dags/ps_load.py took 0.113 seconds
[2023-11-06T05:59:06.465+0000] {processor.py:157} INFO - Started process (PID=14317) to work on /opt/airflow/dags/ps_load.py
[2023-11-06T05:59:06.467+0000] {processor.py:826} INFO - Processing file /opt/airflow/dags/ps_load.py for tasks to queue
[2023-11-06T05:59:06.470+0000] {logging_mixin.py:150} INFO - [2023-11-06T05:59:06.469+0000] {dagbag.py:541} INFO - Filling up the DagBag from /opt/airflow/dags/ps_load.py
[2023-11-06T05:59:06.484+0000] {processor.py:836} INFO - DAG(s) dict_keys(['create_tables_and_copy_csv']) retrieved from /opt/airflow/dags/ps_load.py
[2023-11-06T05:59:06.518+0000] {logging_mixin.py:150} INFO - [2023-11-06T05:59:06.518+0000] {dag.py:2742} INFO - Sync 1 DAGs
[2023-11-06T05:59:06.559+0000] {logging_mixin.py:150} INFO - [2023-11-06T05:59:06.559+0000] {dag.py:3508} INFO - Setting next_dagrun for create_tables_and_copy_csv to None, run_after=None
[2023-11-06T05:59:06.601+0000] {processor.py:179} INFO - Processing /opt/airflow/dags/ps_load.py took 0.142 seconds
[2023-11-06T05:59:36.760+0000] {processor.py:157} INFO - Started process (PID=14425) to work on /opt/airflow/dags/ps_load.py
[2023-11-06T05:59:36.770+0000] {processor.py:826} INFO - Processing file /opt/airflow/dags/ps_load.py for tasks to queue
[2023-11-06T05:59:36.775+0000] {logging_mixin.py:150} INFO - [2023-11-06T05:59:36.774+0000] {dagbag.py:541} INFO - Filling up the DagBag from /opt/airflow/dags/ps_load.py
[2023-11-06T05:59:36.830+0000] {processor.py:836} INFO - DAG(s) dict_keys(['create_tables_and_copy_csv']) retrieved from /opt/airflow/dags/ps_load.py
[2023-11-06T05:59:36.962+0000] {logging_mixin.py:150} INFO - [2023-11-06T05:59:36.961+0000] {dag.py:2742} INFO - Sync 1 DAGs
[2023-11-06T05:59:37.010+0000] {logging_mixin.py:150} INFO - [2023-11-06T05:59:37.010+0000] {dag.py:3508} INFO - Setting next_dagrun for create_tables_and_copy_csv to None, run_after=None
[2023-11-06T05:59:37.035+0000] {processor.py:179} INFO - Processing /opt/airflow/dags/ps_load.py took 0.295 seconds
[2023-11-06T06:00:07.585+0000] {processor.py:157} INFO - Started process (PID=14523) to work on /opt/airflow/dags/ps_load.py
[2023-11-06T06:00:07.589+0000] {processor.py:826} INFO - Processing file /opt/airflow/dags/ps_load.py for tasks to queue
[2023-11-06T06:00:07.592+0000] {logging_mixin.py:150} INFO - [2023-11-06T06:00:07.591+0000] {dagbag.py:541} INFO - Filling up the DagBag from /opt/airflow/dags/ps_load.py
[2023-11-06T06:00:07.611+0000] {processor.py:836} INFO - DAG(s) dict_keys(['create_tables_and_copy_csv']) retrieved from /opt/airflow/dags/ps_load.py
[2023-11-06T06:00:07.657+0000] {logging_mixin.py:150} INFO - [2023-11-06T06:00:07.656+0000] {dag.py:2742} INFO - Sync 1 DAGs
[2023-11-06T06:00:07.709+0000] {logging_mixin.py:150} INFO - [2023-11-06T06:00:07.709+0000] {dag.py:3508} INFO - Setting next_dagrun for create_tables_and_copy_csv to None, run_after=None
[2023-11-06T06:00:07.748+0000] {processor.py:179} INFO - Processing /opt/airflow/dags/ps_load.py took 0.169 seconds
[2023-11-06T06:00:38.291+0000] {processor.py:157} INFO - Started process (PID=14622) to work on /opt/airflow/dags/ps_load.py
[2023-11-06T06:00:38.304+0000] {processor.py:826} INFO - Processing file /opt/airflow/dags/ps_load.py for tasks to queue
[2023-11-06T06:00:38.306+0000] {logging_mixin.py:150} INFO - [2023-11-06T06:00:38.306+0000] {dagbag.py:541} INFO - Filling up the DagBag from /opt/airflow/dags/ps_load.py
[2023-11-06T06:00:38.322+0000] {processor.py:836} INFO - DAG(s) dict_keys(['create_tables_and_copy_csv']) retrieved from /opt/airflow/dags/ps_load.py
[2023-11-06T06:00:38.352+0000] {logging_mixin.py:150} INFO - [2023-11-06T06:00:38.352+0000] {dag.py:2742} INFO - Sync 1 DAGs
[2023-11-06T06:00:38.383+0000] {logging_mixin.py:150} INFO - [2023-11-06T06:00:38.383+0000] {dag.py:3508} INFO - Setting next_dagrun for create_tables_and_copy_csv to None, run_after=None
[2023-11-06T06:00:38.408+0000] {processor.py:179} INFO - Processing /opt/airflow/dags/ps_load.py took 0.121 seconds
[2023-11-06T06:01:08.861+0000] {processor.py:157} INFO - Started process (PID=14730) to work on /opt/airflow/dags/ps_load.py
[2023-11-06T06:01:08.863+0000] {processor.py:826} INFO - Processing file /opt/airflow/dags/ps_load.py for tasks to queue
[2023-11-06T06:01:08.865+0000] {logging_mixin.py:150} INFO - [2023-11-06T06:01:08.865+0000] {dagbag.py:541} INFO - Filling up the DagBag from /opt/airflow/dags/ps_load.py
[2023-11-06T06:01:08.877+0000] {processor.py:836} INFO - DAG(s) dict_keys(['create_tables_and_copy_csv']) retrieved from /opt/airflow/dags/ps_load.py
[2023-11-06T06:01:08.908+0000] {logging_mixin.py:150} INFO - [2023-11-06T06:01:08.908+0000] {dag.py:2742} INFO - Sync 1 DAGs
[2023-11-06T06:01:08.946+0000] {logging_mixin.py:150} INFO - [2023-11-06T06:01:08.945+0000] {dag.py:3508} INFO - Setting next_dagrun for create_tables_and_copy_csv to None, run_after=None
[2023-11-06T06:01:08.975+0000] {processor.py:179} INFO - Processing /opt/airflow/dags/ps_load.py took 0.120 seconds
[2023-11-06T06:01:39.646+0000] {processor.py:157} INFO - Started process (PID=14845) to work on /opt/airflow/dags/ps_load.py
[2023-11-06T06:01:39.648+0000] {processor.py:826} INFO - Processing file /opt/airflow/dags/ps_load.py for tasks to queue
[2023-11-06T06:01:39.649+0000] {logging_mixin.py:150} INFO - [2023-11-06T06:01:39.649+0000] {dagbag.py:541} INFO - Filling up the DagBag from /opt/airflow/dags/ps_load.py
[2023-11-06T06:01:39.663+0000] {processor.py:836} INFO - DAG(s) dict_keys(['create_tables_and_copy_csv']) retrieved from /opt/airflow/dags/ps_load.py
[2023-11-06T06:01:39.693+0000] {logging_mixin.py:150} INFO - [2023-11-06T06:01:39.692+0000] {dag.py:2742} INFO - Sync 1 DAGs
[2023-11-06T06:01:39.727+0000] {logging_mixin.py:150} INFO - [2023-11-06T06:01:39.727+0000] {dag.py:3508} INFO - Setting next_dagrun for create_tables_and_copy_csv to None, run_after=None
[2023-11-06T06:01:39.751+0000] {processor.py:179} INFO - Processing /opt/airflow/dags/ps_load.py took 0.110 seconds
[2023-11-06T06:02:10.596+0000] {processor.py:157} INFO - Started process (PID=14961) to work on /opt/airflow/dags/ps_load.py
[2023-11-06T06:02:10.597+0000] {processor.py:826} INFO - Processing file /opt/airflow/dags/ps_load.py for tasks to queue
[2023-11-06T06:02:10.599+0000] {logging_mixin.py:150} INFO - [2023-11-06T06:02:10.599+0000] {dagbag.py:541} INFO - Filling up the DagBag from /opt/airflow/dags/ps_load.py
[2023-11-06T06:02:10.610+0000] {processor.py:836} INFO - DAG(s) dict_keys(['create_tables_and_copy_csv']) retrieved from /opt/airflow/dags/ps_load.py
[2023-11-06T06:02:10.638+0000] {logging_mixin.py:150} INFO - [2023-11-06T06:02:10.638+0000] {dag.py:2742} INFO - Sync 1 DAGs
[2023-11-06T06:02:10.668+0000] {logging_mixin.py:150} INFO - [2023-11-06T06:02:10.668+0000] {dag.py:3508} INFO - Setting next_dagrun for create_tables_and_copy_csv to None, run_after=None
[2023-11-06T06:02:10.688+0000] {processor.py:179} INFO - Processing /opt/airflow/dags/ps_load.py took 0.097 seconds
[2023-11-06T06:02:41.571+0000] {processor.py:157} INFO - Started process (PID=15086) to work on /opt/airflow/dags/ps_load.py
[2023-11-06T06:02:41.572+0000] {processor.py:826} INFO - Processing file /opt/airflow/dags/ps_load.py for tasks to queue
[2023-11-06T06:02:41.573+0000] {logging_mixin.py:150} INFO - [2023-11-06T06:02:41.573+0000] {dagbag.py:541} INFO - Filling up the DagBag from /opt/airflow/dags/ps_load.py
[2023-11-06T06:02:41.583+0000] {processor.py:836} INFO - DAG(s) dict_keys(['create_tables_and_copy_csv']) retrieved from /opt/airflow/dags/ps_load.py
[2023-11-06T06:02:41.615+0000] {logging_mixin.py:150} INFO - [2023-11-06T06:02:41.614+0000] {dag.py:2742} INFO - Sync 1 DAGs
[2023-11-06T06:02:41.665+0000] {logging_mixin.py:150} INFO - [2023-11-06T06:02:41.664+0000] {dag.py:3508} INFO - Setting next_dagrun for create_tables_and_copy_csv to None, run_after=None
[2023-11-06T06:02:41.693+0000] {processor.py:179} INFO - Processing /opt/airflow/dags/ps_load.py took 0.125 seconds
[2023-11-06T06:03:12.355+0000] {processor.py:157} INFO - Started process (PID=15202) to work on /opt/airflow/dags/ps_load.py
[2023-11-06T06:03:12.357+0000] {processor.py:826} INFO - Processing file /opt/airflow/dags/ps_load.py for tasks to queue
[2023-11-06T06:03:12.358+0000] {logging_mixin.py:150} INFO - [2023-11-06T06:03:12.358+0000] {dagbag.py:541} INFO - Filling up the DagBag from /opt/airflow/dags/ps_load.py
[2023-11-06T06:03:12.369+0000] {processor.py:836} INFO - DAG(s) dict_keys(['create_tables_and_copy_csv']) retrieved from /opt/airflow/dags/ps_load.py
[2023-11-06T06:03:12.395+0000] {logging_mixin.py:150} INFO - [2023-11-06T06:03:12.394+0000] {dag.py:2742} INFO - Sync 1 DAGs
[2023-11-06T06:03:12.438+0000] {logging_mixin.py:150} INFO - [2023-11-06T06:03:12.438+0000] {dag.py:3508} INFO - Setting next_dagrun for create_tables_and_copy_csv to None, run_after=None
[2023-11-06T06:03:12.478+0000] {processor.py:179} INFO - Processing /opt/airflow/dags/ps_load.py took 0.126 seconds
[2023-11-06T06:03:43.066+0000] {processor.py:157} INFO - Started process (PID=15326) to work on /opt/airflow/dags/ps_load.py
[2023-11-06T06:03:43.074+0000] {processor.py:826} INFO - Processing file /opt/airflow/dags/ps_load.py for tasks to queue
[2023-11-06T06:03:43.075+0000] {logging_mixin.py:150} INFO - [2023-11-06T06:03:43.075+0000] {dagbag.py:541} INFO - Filling up the DagBag from /opt/airflow/dags/ps_load.py
[2023-11-06T06:03:43.087+0000] {processor.py:836} INFO - DAG(s) dict_keys(['create_tables_and_copy_csv']) retrieved from /opt/airflow/dags/ps_load.py
[2023-11-06T06:03:43.120+0000] {logging_mixin.py:150} INFO - [2023-11-06T06:03:43.119+0000] {dag.py:2742} INFO - Sync 1 DAGs
[2023-11-06T06:03:43.165+0000] {logging_mixin.py:150} INFO - [2023-11-06T06:03:43.164+0000] {dag.py:3508} INFO - Setting next_dagrun for create_tables_and_copy_csv to None, run_after=None
[2023-11-06T06:03:43.203+0000] {processor.py:179} INFO - Processing /opt/airflow/dags/ps_load.py took 0.143 seconds
[2023-11-06T06:04:13.445+0000] {processor.py:157} INFO - Started process (PID=15442) to work on /opt/airflow/dags/ps_load.py
[2023-11-06T06:04:13.447+0000] {processor.py:826} INFO - Processing file /opt/airflow/dags/ps_load.py for tasks to queue
[2023-11-06T06:04:13.448+0000] {logging_mixin.py:150} INFO - [2023-11-06T06:04:13.448+0000] {dagbag.py:541} INFO - Filling up the DagBag from /opt/airflow/dags/ps_load.py
[2023-11-06T06:04:13.461+0000] {processor.py:836} INFO - DAG(s) dict_keys(['create_tables_and_copy_csv']) retrieved from /opt/airflow/dags/ps_load.py
[2023-11-06T06:04:13.498+0000] {logging_mixin.py:150} INFO - [2023-11-06T06:04:13.498+0000] {dag.py:2742} INFO - Sync 1 DAGs
[2023-11-06T06:04:13.538+0000] {logging_mixin.py:150} INFO - [2023-11-06T06:04:13.538+0000] {dag.py:3508} INFO - Setting next_dagrun for create_tables_and_copy_csv to None, run_after=None
[2023-11-06T06:04:13.579+0000] {processor.py:179} INFO - Processing /opt/airflow/dags/ps_load.py took 0.143 seconds
[2023-11-06T06:04:44.012+0000] {processor.py:157} INFO - Started process (PID=15539) to work on /opt/airflow/dags/ps_load.py
[2023-11-06T06:04:44.013+0000] {processor.py:826} INFO - Processing file /opt/airflow/dags/ps_load.py for tasks to queue
[2023-11-06T06:04:44.015+0000] {logging_mixin.py:150} INFO - [2023-11-06T06:04:44.014+0000] {dagbag.py:541} INFO - Filling up the DagBag from /opt/airflow/dags/ps_load.py
[2023-11-06T06:04:44.028+0000] {processor.py:836} INFO - DAG(s) dict_keys(['create_tables_and_copy_csv']) retrieved from /opt/airflow/dags/ps_load.py
[2023-11-06T06:04:44.075+0000] {logging_mixin.py:150} INFO - [2023-11-06T06:04:44.075+0000] {dag.py:2742} INFO - Sync 1 DAGs
[2023-11-06T06:04:44.166+0000] {logging_mixin.py:150} INFO - [2023-11-06T06:04:44.165+0000] {dag.py:3508} INFO - Setting next_dagrun for create_tables_and_copy_csv to None, run_after=None
[2023-11-06T06:04:44.202+0000] {processor.py:179} INFO - Processing /opt/airflow/dags/ps_load.py took 0.194 seconds
[2023-11-06T06:05:14.559+0000] {processor.py:157} INFO - Started process (PID=15663) to work on /opt/airflow/dags/ps_load.py
[2023-11-06T06:05:14.561+0000] {processor.py:826} INFO - Processing file /opt/airflow/dags/ps_load.py for tasks to queue
[2023-11-06T06:05:14.562+0000] {logging_mixin.py:150} INFO - [2023-11-06T06:05:14.562+0000] {dagbag.py:541} INFO - Filling up the DagBag from /opt/airflow/dags/ps_load.py
[2023-11-06T06:05:14.573+0000] {processor.py:836} INFO - DAG(s) dict_keys(['create_tables_and_copy_csv']) retrieved from /opt/airflow/dags/ps_load.py
[2023-11-06T06:05:14.605+0000] {logging_mixin.py:150} INFO - [2023-11-06T06:05:14.605+0000] {dag.py:2742} INFO - Sync 1 DAGs
[2023-11-06T06:05:14.644+0000] {logging_mixin.py:150} INFO - [2023-11-06T06:05:14.644+0000] {dag.py:3508} INFO - Setting next_dagrun for create_tables_and_copy_csv to None, run_after=None
[2023-11-06T06:05:14.683+0000] {processor.py:179} INFO - Processing /opt/airflow/dags/ps_load.py took 0.130 seconds
[2023-11-06T06:05:45.344+0000] {processor.py:157} INFO - Started process (PID=15780) to work on /opt/airflow/dags/ps_load.py
[2023-11-06T06:05:45.345+0000] {processor.py:826} INFO - Processing file /opt/airflow/dags/ps_load.py for tasks to queue
[2023-11-06T06:05:45.346+0000] {logging_mixin.py:150} INFO - [2023-11-06T06:05:45.346+0000] {dagbag.py:541} INFO - Filling up the DagBag from /opt/airflow/dags/ps_load.py
[2023-11-06T06:05:45.358+0000] {processor.py:836} INFO - DAG(s) dict_keys(['create_tables_and_copy_csv']) retrieved from /opt/airflow/dags/ps_load.py
[2023-11-06T06:05:45.397+0000] {logging_mixin.py:150} INFO - [2023-11-06T06:05:45.396+0000] {dag.py:2742} INFO - Sync 1 DAGs
[2023-11-06T06:05:45.450+0000] {logging_mixin.py:150} INFO - [2023-11-06T06:05:45.449+0000] {dag.py:3508} INFO - Setting next_dagrun for create_tables_and_copy_csv to None, run_after=None
[2023-11-06T06:05:45.488+0000] {processor.py:179} INFO - Processing /opt/airflow/dags/ps_load.py took 0.149 seconds
[2023-11-06T06:06:15.562+0000] {processor.py:157} INFO - Started process (PID=15902) to work on /opt/airflow/dags/ps_load.py
[2023-11-06T06:06:15.564+0000] {processor.py:826} INFO - Processing file /opt/airflow/dags/ps_load.py for tasks to queue
[2023-11-06T06:06:15.565+0000] {logging_mixin.py:150} INFO - [2023-11-06T06:06:15.565+0000] {dagbag.py:541} INFO - Filling up the DagBag from /opt/airflow/dags/ps_load.py
[2023-11-06T06:06:15.577+0000] {processor.py:836} INFO - DAG(s) dict_keys(['create_tables_and_copy_csv']) retrieved from /opt/airflow/dags/ps_load.py
[2023-11-06T06:06:15.609+0000] {logging_mixin.py:150} INFO - [2023-11-06T06:06:15.608+0000] {dag.py:2742} INFO - Sync 1 DAGs
[2023-11-06T06:06:15.648+0000] {logging_mixin.py:150} INFO - [2023-11-06T06:06:15.648+0000] {dag.py:3508} INFO - Setting next_dagrun for create_tables_and_copy_csv to None, run_after=None
[2023-11-06T06:06:15.683+0000] {processor.py:179} INFO - Processing /opt/airflow/dags/ps_load.py took 0.126 seconds
[2023-11-06T06:06:46.047+0000] {processor.py:157} INFO - Started process (PID=16038) to work on /opt/airflow/dags/ps_load.py
[2023-11-06T06:06:46.048+0000] {processor.py:826} INFO - Processing file /opt/airflow/dags/ps_load.py for tasks to queue
[2023-11-06T06:06:46.050+0000] {logging_mixin.py:150} INFO - [2023-11-06T06:06:46.050+0000] {dagbag.py:541} INFO - Filling up the DagBag from /opt/airflow/dags/ps_load.py
[2023-11-06T06:06:46.063+0000] {processor.py:836} INFO - DAG(s) dict_keys(['create_tables_and_copy_csv']) retrieved from /opt/airflow/dags/ps_load.py
[2023-11-06T06:06:46.097+0000] {logging_mixin.py:150} INFO - [2023-11-06T06:06:46.096+0000] {dag.py:2742} INFO - Sync 1 DAGs
[2023-11-06T06:06:46.132+0000] {logging_mixin.py:150} INFO - [2023-11-06T06:06:46.131+0000] {dag.py:3508} INFO - Setting next_dagrun for create_tables_and_copy_csv to None, run_after=None
[2023-11-06T06:06:46.174+0000] {processor.py:179} INFO - Processing /opt/airflow/dags/ps_load.py took 0.133 seconds
[2023-11-06T06:07:16.453+0000] {processor.py:157} INFO - Started process (PID=16171) to work on /opt/airflow/dags/ps_load.py
[2023-11-06T06:07:16.454+0000] {processor.py:826} INFO - Processing file /opt/airflow/dags/ps_load.py for tasks to queue
[2023-11-06T06:07:16.456+0000] {logging_mixin.py:150} INFO - [2023-11-06T06:07:16.456+0000] {dagbag.py:541} INFO - Filling up the DagBag from /opt/airflow/dags/ps_load.py
[2023-11-06T06:07:16.467+0000] {processor.py:836} INFO - DAG(s) dict_keys(['create_tables_and_copy_csv']) retrieved from /opt/airflow/dags/ps_load.py
[2023-11-06T06:07:16.495+0000] {logging_mixin.py:150} INFO - [2023-11-06T06:07:16.495+0000] {dag.py:2742} INFO - Sync 1 DAGs
[2023-11-06T06:07:16.530+0000] {logging_mixin.py:150} INFO - [2023-11-06T06:07:16.529+0000] {dag.py:3508} INFO - Setting next_dagrun for create_tables_and_copy_csv to None, run_after=None
[2023-11-06T06:07:16.564+0000] {processor.py:179} INFO - Processing /opt/airflow/dags/ps_load.py took 0.115 seconds
[2023-11-06T06:07:46.888+0000] {processor.py:157} INFO - Started process (PID=16313) to work on /opt/airflow/dags/ps_load.py
[2023-11-06T06:07:46.890+0000] {processor.py:826} INFO - Processing file /opt/airflow/dags/ps_load.py for tasks to queue
[2023-11-06T06:07:46.891+0000] {logging_mixin.py:150} INFO - [2023-11-06T06:07:46.891+0000] {dagbag.py:541} INFO - Filling up the DagBag from /opt/airflow/dags/ps_load.py
[2023-11-06T06:07:46.902+0000] {processor.py:836} INFO - DAG(s) dict_keys(['create_tables_and_copy_csv']) retrieved from /opt/airflow/dags/ps_load.py
[2023-11-06T06:07:46.930+0000] {logging_mixin.py:150} INFO - [2023-11-06T06:07:46.929+0000] {dag.py:2742} INFO - Sync 1 DAGs
[2023-11-06T06:07:46.964+0000] {logging_mixin.py:150} INFO - [2023-11-06T06:07:46.964+0000] {dag.py:3508} INFO - Setting next_dagrun for create_tables_and_copy_csv to None, run_after=None
[2023-11-06T06:07:46.992+0000] {processor.py:179} INFO - Processing /opt/airflow/dags/ps_load.py took 0.108 seconds
[2023-11-06T06:08:17.715+0000] {processor.py:157} INFO - Started process (PID=16446) to work on /opt/airflow/dags/ps_load.py
[2023-11-06T06:08:17.719+0000] {processor.py:826} INFO - Processing file /opt/airflow/dags/ps_load.py for tasks to queue
[2023-11-06T06:08:17.723+0000] {logging_mixin.py:150} INFO - [2023-11-06T06:08:17.723+0000] {dagbag.py:541} INFO - Filling up the DagBag from /opt/airflow/dags/ps_load.py
[2023-11-06T06:08:17.736+0000] {processor.py:836} INFO - DAG(s) dict_keys(['create_tables_and_copy_csv']) retrieved from /opt/airflow/dags/ps_load.py
[2023-11-06T06:08:17.835+0000] {logging_mixin.py:150} INFO - [2023-11-06T06:08:17.834+0000] {dag.py:2742} INFO - Sync 1 DAGs
[2023-11-06T06:08:17.966+0000] {logging_mixin.py:150} INFO - [2023-11-06T06:08:17.965+0000] {dag.py:3508} INFO - Setting next_dagrun for create_tables_and_copy_csv to None, run_after=None
[2023-11-06T06:08:18.037+0000] {processor.py:179} INFO - Processing /opt/airflow/dags/ps_load.py took 0.338 seconds
[2023-11-06T06:08:48.232+0000] {processor.py:157} INFO - Started process (PID=16562) to work on /opt/airflow/dags/ps_load.py
[2023-11-06T06:08:48.233+0000] {processor.py:826} INFO - Processing file /opt/airflow/dags/ps_load.py for tasks to queue
[2023-11-06T06:08:48.234+0000] {logging_mixin.py:150} INFO - [2023-11-06T06:08:48.234+0000] {dagbag.py:541} INFO - Filling up the DagBag from /opt/airflow/dags/ps_load.py
[2023-11-06T06:08:48.243+0000] {processor.py:836} INFO - DAG(s) dict_keys(['create_tables_and_copy_csv']) retrieved from /opt/airflow/dags/ps_load.py
[2023-11-06T06:08:48.269+0000] {logging_mixin.py:150} INFO - [2023-11-06T06:08:48.269+0000] {dag.py:2742} INFO - Sync 1 DAGs
[2023-11-06T06:08:48.298+0000] {logging_mixin.py:150} INFO - [2023-11-06T06:08:48.298+0000] {dag.py:3508} INFO - Setting next_dagrun for create_tables_and_copy_csv to None, run_after=None
[2023-11-06T06:08:48.320+0000] {processor.py:179} INFO - Processing /opt/airflow/dags/ps_load.py took 0.092 seconds
[2023-11-06T06:09:18.763+0000] {processor.py:157} INFO - Started process (PID=16687) to work on /opt/airflow/dags/ps_load.py
[2023-11-06T06:09:18.765+0000] {processor.py:826} INFO - Processing file /opt/airflow/dags/ps_load.py for tasks to queue
[2023-11-06T06:09:18.766+0000] {logging_mixin.py:150} INFO - [2023-11-06T06:09:18.766+0000] {dagbag.py:541} INFO - Filling up the DagBag from /opt/airflow/dags/ps_load.py
[2023-11-06T06:09:18.780+0000] {processor.py:836} INFO - DAG(s) dict_keys(['create_tables_and_copy_csv']) retrieved from /opt/airflow/dags/ps_load.py
[2023-11-06T06:09:18.809+0000] {logging_mixin.py:150} INFO - [2023-11-06T06:09:18.809+0000] {dag.py:2742} INFO - Sync 1 DAGs
[2023-11-06T06:09:18.840+0000] {logging_mixin.py:150} INFO - [2023-11-06T06:09:18.840+0000] {dag.py:3508} INFO - Setting next_dagrun for create_tables_and_copy_csv to None, run_after=None
[2023-11-06T06:09:18.864+0000] {processor.py:179} INFO - Processing /opt/airflow/dags/ps_load.py took 0.106 seconds
[2023-11-06T06:09:49.546+0000] {processor.py:157} INFO - Started process (PID=16786) to work on /opt/airflow/dags/ps_load.py
[2023-11-06T06:09:49.548+0000] {processor.py:826} INFO - Processing file /opt/airflow/dags/ps_load.py for tasks to queue
[2023-11-06T06:09:49.549+0000] {logging_mixin.py:150} INFO - [2023-11-06T06:09:49.549+0000] {dagbag.py:541} INFO - Filling up the DagBag from /opt/airflow/dags/ps_load.py
[2023-11-06T06:09:49.563+0000] {processor.py:836} INFO - DAG(s) dict_keys(['create_tables_and_copy_csv']) retrieved from /opt/airflow/dags/ps_load.py
[2023-11-06T06:09:49.625+0000] {logging_mixin.py:150} INFO - [2023-11-06T06:09:49.625+0000] {dag.py:2742} INFO - Sync 1 DAGs
[2023-11-06T06:09:49.691+0000] {logging_mixin.py:150} INFO - [2023-11-06T06:09:49.691+0000] {dag.py:3508} INFO - Setting next_dagrun for create_tables_and_copy_csv to None, run_after=None
[2023-11-06T06:09:49.731+0000] {processor.py:179} INFO - Processing /opt/airflow/dags/ps_load.py took 0.191 seconds
[2023-11-06T06:10:20.262+0000] {processor.py:157} INFO - Started process (PID=16902) to work on /opt/airflow/dags/ps_load.py
[2023-11-06T06:10:20.264+0000] {processor.py:826} INFO - Processing file /opt/airflow/dags/ps_load.py for tasks to queue
[2023-11-06T06:10:20.266+0000] {logging_mixin.py:150} INFO - [2023-11-06T06:10:20.265+0000] {dagbag.py:541} INFO - Filling up the DagBag from /opt/airflow/dags/ps_load.py
[2023-11-06T06:10:20.278+0000] {processor.py:836} INFO - DAG(s) dict_keys(['create_tables_and_copy_csv']) retrieved from /opt/airflow/dags/ps_load.py
[2023-11-06T06:10:20.319+0000] {logging_mixin.py:150} INFO - [2023-11-06T06:10:20.318+0000] {dag.py:2742} INFO - Sync 1 DAGs
[2023-11-06T06:10:20.361+0000] {logging_mixin.py:150} INFO - [2023-11-06T06:10:20.360+0000] {dag.py:3508} INFO - Setting next_dagrun for create_tables_and_copy_csv to None, run_after=None
[2023-11-06T06:10:20.408+0000] {processor.py:179} INFO - Processing /opt/airflow/dags/ps_load.py took 0.151 seconds
[2023-11-06T06:10:35.133+0000] {processor.py:157} INFO - Started process (PID=16963) to work on /opt/airflow/dags/ps_load.py
[2023-11-06T06:10:35.135+0000] {processor.py:826} INFO - Processing file /opt/airflow/dags/ps_load.py for tasks to queue
[2023-11-06T06:10:35.136+0000] {logging_mixin.py:150} INFO - [2023-11-06T06:10:35.136+0000] {dagbag.py:541} INFO - Filling up the DagBag from /opt/airflow/dags/ps_load.py
[2023-11-06T06:10:35.152+0000] {processor.py:836} INFO - DAG(s) dict_keys(['create_tables_and_copy_csv']) retrieved from /opt/airflow/dags/ps_load.py
[2023-11-06T06:10:35.209+0000] {logging_mixin.py:150} INFO - [2023-11-06T06:10:35.209+0000] {dag.py:2742} INFO - Sync 1 DAGs
[2023-11-06T06:10:35.289+0000] {logging_mixin.py:150} INFO - [2023-11-06T06:10:35.289+0000] {dag.py:3508} INFO - Setting next_dagrun for create_tables_and_copy_csv to None, run_after=None
[2023-11-06T06:10:35.332+0000] {processor.py:179} INFO - Processing /opt/airflow/dags/ps_load.py took 0.203 seconds
[2023-11-06T06:11:05.930+0000] {processor.py:157} INFO - Started process (PID=17078) to work on /opt/airflow/dags/ps_load.py
[2023-11-06T06:11:05.932+0000] {processor.py:826} INFO - Processing file /opt/airflow/dags/ps_load.py for tasks to queue
[2023-11-06T06:11:05.935+0000] {logging_mixin.py:150} INFO - [2023-11-06T06:11:05.934+0000] {dagbag.py:541} INFO - Filling up the DagBag from /opt/airflow/dags/ps_load.py
[2023-11-06T06:11:05.948+0000] {processor.py:836} INFO - DAG(s) dict_keys(['create_tables_and_copy_csv']) retrieved from /opt/airflow/dags/ps_load.py
[2023-11-06T06:11:05.995+0000] {logging_mixin.py:150} INFO - [2023-11-06T06:11:05.995+0000] {dag.py:2742} INFO - Sync 1 DAGs
[2023-11-06T06:11:06.048+0000] {logging_mixin.py:150} INFO - [2023-11-06T06:11:06.048+0000] {dag.py:3508} INFO - Setting next_dagrun for create_tables_and_copy_csv to None, run_after=None
[2023-11-06T06:11:06.076+0000] {processor.py:179} INFO - Processing /opt/airflow/dags/ps_load.py took 0.152 seconds
[2023-11-06T06:11:36.265+0000] {processor.py:157} INFO - Started process (PID=17211) to work on /opt/airflow/dags/ps_load.py
[2023-11-06T06:11:36.268+0000] {processor.py:826} INFO - Processing file /opt/airflow/dags/ps_load.py for tasks to queue
[2023-11-06T06:11:36.270+0000] {logging_mixin.py:150} INFO - [2023-11-06T06:11:36.269+0000] {dagbag.py:541} INFO - Filling up the DagBag from /opt/airflow/dags/ps_load.py
[2023-11-06T06:11:36.282+0000] {processor.py:836} INFO - DAG(s) dict_keys(['create_tables_and_copy_csv']) retrieved from /opt/airflow/dags/ps_load.py
[2023-11-06T06:11:36.318+0000] {logging_mixin.py:150} INFO - [2023-11-06T06:11:36.317+0000] {dag.py:2742} INFO - Sync 1 DAGs
[2023-11-06T06:11:36.352+0000] {logging_mixin.py:150} INFO - [2023-11-06T06:11:36.352+0000] {dag.py:3508} INFO - Setting next_dagrun for create_tables_and_copy_csv to None, run_after=None
[2023-11-06T06:11:36.378+0000] {processor.py:179} INFO - Processing /opt/airflow/dags/ps_load.py took 0.118 seconds
[2023-11-06T06:12:06.958+0000] {processor.py:157} INFO - Started process (PID=17353) to work on /opt/airflow/dags/ps_load.py
[2023-11-06T06:12:06.960+0000] {processor.py:826} INFO - Processing file /opt/airflow/dags/ps_load.py for tasks to queue
[2023-11-06T06:12:06.962+0000] {logging_mixin.py:150} INFO - [2023-11-06T06:12:06.961+0000] {dagbag.py:541} INFO - Filling up the DagBag from /opt/airflow/dags/ps_load.py
[2023-11-06T06:12:06.975+0000] {processor.py:836} INFO - DAG(s) dict_keys(['create_tables_and_copy_csv']) retrieved from /opt/airflow/dags/ps_load.py
[2023-11-06T06:12:07.012+0000] {logging_mixin.py:150} INFO - [2023-11-06T06:12:07.012+0000] {dag.py:2742} INFO - Sync 1 DAGs
[2023-11-06T06:12:07.054+0000] {logging_mixin.py:150} INFO - [2023-11-06T06:12:07.054+0000] {dag.py:3508} INFO - Setting next_dagrun for create_tables_and_copy_csv to None, run_after=None
[2023-11-06T06:12:07.083+0000] {processor.py:179} INFO - Processing /opt/airflow/dags/ps_load.py took 0.131 seconds
[2023-11-06T06:12:37.319+0000] {processor.py:157} INFO - Started process (PID=17486) to work on /opt/airflow/dags/ps_load.py
[2023-11-06T06:12:37.320+0000] {processor.py:826} INFO - Processing file /opt/airflow/dags/ps_load.py for tasks to queue
[2023-11-06T06:12:37.322+0000] {logging_mixin.py:150} INFO - [2023-11-06T06:12:37.321+0000] {dagbag.py:541} INFO - Filling up the DagBag from /opt/airflow/dags/ps_load.py
[2023-11-06T06:12:37.331+0000] {processor.py:836} INFO - DAG(s) dict_keys(['create_tables_and_copy_csv']) retrieved from /opt/airflow/dags/ps_load.py
[2023-11-06T06:12:37.362+0000] {logging_mixin.py:150} INFO - [2023-11-06T06:12:37.362+0000] {dag.py:2742} INFO - Sync 1 DAGs
[2023-11-06T06:12:37.396+0000] {logging_mixin.py:150} INFO - [2023-11-06T06:12:37.396+0000] {dag.py:3508} INFO - Setting next_dagrun for create_tables_and_copy_csv to None, run_after=None
[2023-11-06T06:12:37.422+0000] {processor.py:179} INFO - Processing /opt/airflow/dags/ps_load.py took 0.108 seconds
[2023-11-06T06:13:07.740+0000] {processor.py:157} INFO - Started process (PID=17603) to work on /opt/airflow/dags/ps_load.py
[2023-11-06T06:13:07.742+0000] {processor.py:826} INFO - Processing file /opt/airflow/dags/ps_load.py for tasks to queue
[2023-11-06T06:13:07.744+0000] {logging_mixin.py:150} INFO - [2023-11-06T06:13:07.744+0000] {dagbag.py:541} INFO - Filling up the DagBag from /opt/airflow/dags/ps_load.py
[2023-11-06T06:13:07.759+0000] {processor.py:836} INFO - DAG(s) dict_keys(['create_tables_and_copy_csv']) retrieved from /opt/airflow/dags/ps_load.py
[2023-11-06T06:13:07.808+0000] {logging_mixin.py:150} INFO - [2023-11-06T06:13:07.807+0000] {dag.py:2742} INFO - Sync 1 DAGs
[2023-11-06T06:13:07.874+0000] {logging_mixin.py:150} INFO - [2023-11-06T06:13:07.873+0000] {dag.py:3508} INFO - Setting next_dagrun for create_tables_and_copy_csv to None, run_after=None
[2023-11-06T06:13:07.895+0000] {processor.py:179} INFO - Processing /opt/airflow/dags/ps_load.py took 0.161 seconds
[2023-11-06T06:13:38.012+0000] {processor.py:157} INFO - Started process (PID=17744) to work on /opt/airflow/dags/ps_load.py
[2023-11-06T06:13:38.013+0000] {processor.py:826} INFO - Processing file /opt/airflow/dags/ps_load.py for tasks to queue
[2023-11-06T06:13:38.015+0000] {logging_mixin.py:150} INFO - [2023-11-06T06:13:38.014+0000] {dagbag.py:541} INFO - Filling up the DagBag from /opt/airflow/dags/ps_load.py
[2023-11-06T06:13:38.025+0000] {processor.py:836} INFO - DAG(s) dict_keys(['create_tables_and_copy_csv']) retrieved from /opt/airflow/dags/ps_load.py
[2023-11-06T06:13:38.056+0000] {logging_mixin.py:150} INFO - [2023-11-06T06:13:38.055+0000] {dag.py:2742} INFO - Sync 1 DAGs
[2023-11-06T06:13:38.101+0000] {logging_mixin.py:150} INFO - [2023-11-06T06:13:38.100+0000] {dag.py:3508} INFO - Setting next_dagrun for create_tables_and_copy_csv to None, run_after=None
[2023-11-06T06:13:38.137+0000] {processor.py:179} INFO - Processing /opt/airflow/dags/ps_load.py took 0.130 seconds
[2023-11-06T06:14:08.436+0000] {processor.py:157} INFO - Started process (PID=17877) to work on /opt/airflow/dags/ps_load.py
[2023-11-06T06:14:08.437+0000] {processor.py:826} INFO - Processing file /opt/airflow/dags/ps_load.py for tasks to queue
[2023-11-06T06:14:08.439+0000] {logging_mixin.py:150} INFO - [2023-11-06T06:14:08.439+0000] {dagbag.py:541} INFO - Filling up the DagBag from /opt/airflow/dags/ps_load.py
[2023-11-06T06:14:08.450+0000] {processor.py:836} INFO - DAG(s) dict_keys(['create_tables_and_copy_csv']) retrieved from /opt/airflow/dags/ps_load.py
[2023-11-06T06:14:08.481+0000] {logging_mixin.py:150} INFO - [2023-11-06T06:14:08.481+0000] {dag.py:2742} INFO - Sync 1 DAGs
[2023-11-06T06:14:08.534+0000] {logging_mixin.py:150} INFO - [2023-11-06T06:14:08.534+0000] {dag.py:3508} INFO - Setting next_dagrun for create_tables_and_copy_csv to None, run_after=None
[2023-11-06T06:14:08.583+0000] {processor.py:179} INFO - Processing /opt/airflow/dags/ps_load.py took 0.151 seconds
[2023-11-06T06:14:38.988+0000] {processor.py:157} INFO - Started process (PID=18010) to work on /opt/airflow/dags/ps_load.py
[2023-11-06T06:14:38.990+0000] {processor.py:826} INFO - Processing file /opt/airflow/dags/ps_load.py for tasks to queue
[2023-11-06T06:14:38.994+0000] {logging_mixin.py:150} INFO - [2023-11-06T06:14:38.992+0000] {dagbag.py:541} INFO - Filling up the DagBag from /opt/airflow/dags/ps_load.py
[2023-11-06T06:14:39.013+0000] {processor.py:836} INFO - DAG(s) dict_keys(['create_tables_and_copy_csv']) retrieved from /opt/airflow/dags/ps_load.py
[2023-11-06T06:14:39.058+0000] {logging_mixin.py:150} INFO - [2023-11-06T06:14:39.057+0000] {dag.py:2742} INFO - Sync 1 DAGs
[2023-11-06T06:14:39.116+0000] {logging_mixin.py:150} INFO - [2023-11-06T06:14:39.116+0000] {dag.py:3508} INFO - Setting next_dagrun for create_tables_and_copy_csv to None, run_after=None
[2023-11-06T06:14:39.166+0000] {processor.py:179} INFO - Processing /opt/airflow/dags/ps_load.py took 0.183 seconds
[2023-11-06T06:15:09.477+0000] {processor.py:157} INFO - Started process (PID=18152) to work on /opt/airflow/dags/ps_load.py
[2023-11-06T06:15:09.479+0000] {processor.py:826} INFO - Processing file /opt/airflow/dags/ps_load.py for tasks to queue
[2023-11-06T06:15:09.481+0000] {logging_mixin.py:150} INFO - [2023-11-06T06:15:09.481+0000] {dagbag.py:541} INFO - Filling up the DagBag from /opt/airflow/dags/ps_load.py
[2023-11-06T06:15:09.496+0000] {processor.py:836} INFO - DAG(s) dict_keys(['create_tables_and_copy_csv']) retrieved from /opt/airflow/dags/ps_load.py
[2023-11-06T06:15:09.527+0000] {logging_mixin.py:150} INFO - [2023-11-06T06:15:09.527+0000] {dag.py:2742} INFO - Sync 1 DAGs
[2023-11-06T06:15:09.569+0000] {logging_mixin.py:150} INFO - [2023-11-06T06:15:09.569+0000] {dag.py:3508} INFO - Setting next_dagrun for create_tables_and_copy_csv to None, run_after=None
[2023-11-06T06:15:09.607+0000] {processor.py:179} INFO - Processing /opt/airflow/dags/ps_load.py took 0.135 seconds
[2023-11-06T06:15:26.194+0000] {processor.py:157} INFO - Started process (PID=18238) to work on /opt/airflow/dags/ps_load.py
[2023-11-06T06:15:26.196+0000] {processor.py:826} INFO - Processing file /opt/airflow/dags/ps_load.py for tasks to queue
[2023-11-06T06:15:26.199+0000] {logging_mixin.py:150} INFO - [2023-11-06T06:15:26.198+0000] {dagbag.py:541} INFO - Filling up the DagBag from /opt/airflow/dags/ps_load.py
[2023-11-06T06:15:26.213+0000] {processor.py:838} WARNING - No viable dags retrieved from /opt/airflow/dags/ps_load.py
[2023-11-06T06:15:26.249+0000] {processor.py:179} INFO - Processing /opt/airflow/dags/ps_load.py took 0.063 seconds
[2023-11-06T06:15:56.460+0000] {processor.py:157} INFO - Started process (PID=18371) to work on /opt/airflow/dags/ps_load.py
[2023-11-06T06:15:56.462+0000] {processor.py:826} INFO - Processing file /opt/airflow/dags/ps_load.py for tasks to queue
[2023-11-06T06:15:56.464+0000] {logging_mixin.py:150} INFO - [2023-11-06T06:15:56.463+0000] {dagbag.py:541} INFO - Filling up the DagBag from /opt/airflow/dags/ps_load.py
[2023-11-06T06:15:56.470+0000] {processor.py:838} WARNING - No viable dags retrieved from /opt/airflow/dags/ps_load.py
[2023-11-06T06:15:56.492+0000] {processor.py:179} INFO - Processing /opt/airflow/dags/ps_load.py took 0.038 seconds
[2023-11-06T06:16:27.252+0000] {processor.py:157} INFO - Started process (PID=18495) to work on /opt/airflow/dags/ps_load.py
[2023-11-06T06:16:27.258+0000] {processor.py:826} INFO - Processing file /opt/airflow/dags/ps_load.py for tasks to queue
[2023-11-06T06:16:27.260+0000] {logging_mixin.py:150} INFO - [2023-11-06T06:16:27.260+0000] {dagbag.py:541} INFO - Filling up the DagBag from /opt/airflow/dags/ps_load.py
[2023-11-06T06:16:27.274+0000] {processor.py:838} WARNING - No viable dags retrieved from /opt/airflow/dags/ps_load.py
[2023-11-06T06:16:27.311+0000] {processor.py:179} INFO - Processing /opt/airflow/dags/ps_load.py took 0.067 seconds
[2023-11-06T06:16:57.413+0000] {processor.py:157} INFO - Started process (PID=18628) to work on /opt/airflow/dags/ps_load.py
[2023-11-06T06:16:57.414+0000] {processor.py:826} INFO - Processing file /opt/airflow/dags/ps_load.py for tasks to queue
[2023-11-06T06:16:57.416+0000] {logging_mixin.py:150} INFO - [2023-11-06T06:16:57.416+0000] {dagbag.py:541} INFO - Filling up the DagBag from /opt/airflow/dags/ps_load.py
[2023-11-06T06:16:57.421+0000] {processor.py:838} WARNING - No viable dags retrieved from /opt/airflow/dags/ps_load.py
[2023-11-06T06:16:57.440+0000] {processor.py:179} INFO - Processing /opt/airflow/dags/ps_load.py took 0.031 seconds
[2023-11-06T06:17:27.772+0000] {processor.py:157} INFO - Started process (PID=18761) to work on /opt/airflow/dags/ps_load.py
[2023-11-06T06:17:27.773+0000] {processor.py:826} INFO - Processing file /opt/airflow/dags/ps_load.py for tasks to queue
[2023-11-06T06:17:27.775+0000] {logging_mixin.py:150} INFO - [2023-11-06T06:17:27.775+0000] {dagbag.py:541} INFO - Filling up the DagBag from /opt/airflow/dags/ps_load.py
[2023-11-06T06:17:27.781+0000] {processor.py:838} WARNING - No viable dags retrieved from /opt/airflow/dags/ps_load.py
[2023-11-06T06:17:27.802+0000] {processor.py:179} INFO - Processing /opt/airflow/dags/ps_load.py took 0.037 seconds
[2023-11-06T06:17:58.359+0000] {processor.py:157} INFO - Started process (PID=18903) to work on /opt/airflow/dags/ps_load.py
[2023-11-06T06:17:58.360+0000] {processor.py:826} INFO - Processing file /opt/airflow/dags/ps_load.py for tasks to queue
[2023-11-06T06:17:58.361+0000] {logging_mixin.py:150} INFO - [2023-11-06T06:17:58.361+0000] {dagbag.py:541} INFO - Filling up the DagBag from /opt/airflow/dags/ps_load.py
[2023-11-06T06:17:58.366+0000] {processor.py:838} WARNING - No viable dags retrieved from /opt/airflow/dags/ps_load.py
[2023-11-06T06:17:58.386+0000] {processor.py:179} INFO - Processing /opt/airflow/dags/ps_load.py took 0.033 seconds
[2023-11-06T06:18:29.313+0000] {processor.py:157} INFO - Started process (PID=19036) to work on /opt/airflow/dags/ps_load.py
[2023-11-06T06:18:29.314+0000] {processor.py:826} INFO - Processing file /opt/airflow/dags/ps_load.py for tasks to queue
[2023-11-06T06:18:29.316+0000] {logging_mixin.py:150} INFO - [2023-11-06T06:18:29.315+0000] {dagbag.py:541} INFO - Filling up the DagBag from /opt/airflow/dags/ps_load.py
[2023-11-06T06:18:29.320+0000] {processor.py:838} WARNING - No viable dags retrieved from /opt/airflow/dags/ps_load.py
[2023-11-06T06:18:29.341+0000] {processor.py:179} INFO - Processing /opt/airflow/dags/ps_load.py took 0.033 seconds
[2023-11-06T06:18:59.601+0000] {processor.py:157} INFO - Started process (PID=19169) to work on /opt/airflow/dags/ps_load.py
[2023-11-06T06:18:59.610+0000] {processor.py:826} INFO - Processing file /opt/airflow/dags/ps_load.py for tasks to queue
[2023-11-06T06:18:59.611+0000] {logging_mixin.py:150} INFO - [2023-11-06T06:18:59.610+0000] {dagbag.py:541} INFO - Filling up the DagBag from /opt/airflow/dags/ps_load.py
[2023-11-06T06:18:59.616+0000] {processor.py:838} WARNING - No viable dags retrieved from /opt/airflow/dags/ps_load.py
[2023-11-06T06:18:59.629+0000] {processor.py:179} INFO - Processing /opt/airflow/dags/ps_load.py took 0.032 seconds
[2023-11-06T06:19:30.230+0000] {processor.py:157} INFO - Started process (PID=19311) to work on /opt/airflow/dags/ps_load.py
[2023-11-06T06:19:30.232+0000] {processor.py:826} INFO - Processing file /opt/airflow/dags/ps_load.py for tasks to queue
[2023-11-06T06:19:30.235+0000] {logging_mixin.py:150} INFO - [2023-11-06T06:19:30.234+0000] {dagbag.py:541} INFO - Filling up the DagBag from /opt/airflow/dags/ps_load.py
[2023-11-06T06:19:30.243+0000] {processor.py:838} WARNING - No viable dags retrieved from /opt/airflow/dags/ps_load.py
[2023-11-06T06:19:30.269+0000] {processor.py:179} INFO - Processing /opt/airflow/dags/ps_load.py took 0.048 seconds
[2023-11-06T06:20:00.961+0000] {processor.py:157} INFO - Started process (PID=19445) to work on /opt/airflow/dags/ps_load.py
[2023-11-06T06:20:00.963+0000] {processor.py:826} INFO - Processing file /opt/airflow/dags/ps_load.py for tasks to queue
[2023-11-06T06:20:00.965+0000] {logging_mixin.py:150} INFO - [2023-11-06T06:20:00.965+0000] {dagbag.py:541} INFO - Filling up the DagBag from /opt/airflow/dags/ps_load.py
[2023-11-06T06:20:00.971+0000] {processor.py:838} WARNING - No viable dags retrieved from /opt/airflow/dags/ps_load.py
[2023-11-06T06:20:00.993+0000] {processor.py:179} INFO - Processing /opt/airflow/dags/ps_load.py took 0.038 seconds
[2023-11-06T06:20:32.207+0000] {processor.py:157} INFO - Started process (PID=19578) to work on /opt/airflow/dags/ps_load.py
[2023-11-06T06:20:32.211+0000] {processor.py:826} INFO - Processing file /opt/airflow/dags/ps_load.py for tasks to queue
[2023-11-06T06:20:32.216+0000] {logging_mixin.py:150} INFO - [2023-11-06T06:20:32.214+0000] {dagbag.py:541} INFO - Filling up the DagBag from /opt/airflow/dags/ps_load.py
[2023-11-06T06:20:32.225+0000] {processor.py:838} WARNING - No viable dags retrieved from /opt/airflow/dags/ps_load.py
[2023-11-06T06:20:32.272+0000] {processor.py:179} INFO - Processing /opt/airflow/dags/ps_load.py took 0.076 seconds
[2023-11-06T06:21:02.395+0000] {processor.py:157} INFO - Started process (PID=19710) to work on /opt/airflow/dags/ps_load.py
[2023-11-06T06:21:02.418+0000] {processor.py:826} INFO - Processing file /opt/airflow/dags/ps_load.py for tasks to queue
[2023-11-06T06:21:02.421+0000] {logging_mixin.py:150} INFO - [2023-11-06T06:21:02.421+0000] {dagbag.py:541} INFO - Filling up the DagBag from /opt/airflow/dags/ps_load.py
[2023-11-06T06:21:02.434+0000] {processor.py:838} WARNING - No viable dags retrieved from /opt/airflow/dags/ps_load.py
[2023-11-06T06:21:02.469+0000] {processor.py:179} INFO - Processing /opt/airflow/dags/ps_load.py took 0.080 seconds
[2023-11-06T06:21:32.691+0000] {processor.py:157} INFO - Started process (PID=19830) to work on /opt/airflow/dags/ps_load.py
[2023-11-06T06:21:32.693+0000] {processor.py:826} INFO - Processing file /opt/airflow/dags/ps_load.py for tasks to queue
[2023-11-06T06:21:32.694+0000] {logging_mixin.py:150} INFO - [2023-11-06T06:21:32.694+0000] {dagbag.py:541} INFO - Filling up the DagBag from /opt/airflow/dags/ps_load.py
[2023-11-06T06:21:32.699+0000] {processor.py:838} WARNING - No viable dags retrieved from /opt/airflow/dags/ps_load.py
[2023-11-06T06:21:32.717+0000] {processor.py:179} INFO - Processing /opt/airflow/dags/ps_load.py took 0.030 seconds
[2023-11-06T06:22:03.296+0000] {processor.py:157} INFO - Started process (PID=19965) to work on /opt/airflow/dags/ps_load.py
[2023-11-06T06:22:03.297+0000] {processor.py:826} INFO - Processing file /opt/airflow/dags/ps_load.py for tasks to queue
[2023-11-06T06:22:03.300+0000] {logging_mixin.py:150} INFO - [2023-11-06T06:22:03.299+0000] {dagbag.py:541} INFO - Filling up the DagBag from /opt/airflow/dags/ps_load.py
[2023-11-06T06:22:03.304+0000] {processor.py:838} WARNING - No viable dags retrieved from /opt/airflow/dags/ps_load.py
[2023-11-06T06:22:03.324+0000] {processor.py:179} INFO - Processing /opt/airflow/dags/ps_load.py took 0.033 seconds
[2023-11-06T06:22:33.924+0000] {processor.py:157} INFO - Started process (PID=20116) to work on /opt/airflow/dags/ps_load.py
[2023-11-06T06:22:33.925+0000] {processor.py:826} INFO - Processing file /opt/airflow/dags/ps_load.py for tasks to queue
[2023-11-06T06:22:33.927+0000] {logging_mixin.py:150} INFO - [2023-11-06T06:22:33.926+0000] {dagbag.py:541} INFO - Filling up the DagBag from /opt/airflow/dags/ps_load.py
[2023-11-06T06:22:33.932+0000] {processor.py:838} WARNING - No viable dags retrieved from /opt/airflow/dags/ps_load.py
[2023-11-06T06:22:33.950+0000] {processor.py:179} INFO - Processing /opt/airflow/dags/ps_load.py took 0.030 seconds
[2023-11-06T06:23:04.014+0000] {processor.py:157} INFO - Started process (PID=20258) to work on /opt/airflow/dags/ps_load.py
[2023-11-06T06:23:04.016+0000] {processor.py:826} INFO - Processing file /opt/airflow/dags/ps_load.py for tasks to queue
[2023-11-06T06:23:04.017+0000] {logging_mixin.py:150} INFO - [2023-11-06T06:23:04.016+0000] {dagbag.py:541} INFO - Filling up the DagBag from /opt/airflow/dags/ps_load.py
[2023-11-06T06:23:04.021+0000] {processor.py:838} WARNING - No viable dags retrieved from /opt/airflow/dags/ps_load.py
[2023-11-06T06:23:04.037+0000] {processor.py:179} INFO - Processing /opt/airflow/dags/ps_load.py took 0.026 seconds
[2023-11-06T06:23:34.667+0000] {processor.py:157} INFO - Started process (PID=20391) to work on /opt/airflow/dags/ps_load.py
[2023-11-06T06:23:34.668+0000] {processor.py:826} INFO - Processing file /opt/airflow/dags/ps_load.py for tasks to queue
[2023-11-06T06:23:34.669+0000] {logging_mixin.py:150} INFO - [2023-11-06T06:23:34.669+0000] {dagbag.py:541} INFO - Filling up the DagBag from /opt/airflow/dags/ps_load.py
[2023-11-06T06:23:34.674+0000] {processor.py:838} WARNING - No viable dags retrieved from /opt/airflow/dags/ps_load.py
[2023-11-06T06:23:34.691+0000] {processor.py:179} INFO - Processing /opt/airflow/dags/ps_load.py took 0.029 seconds
[2023-11-06T06:24:04.760+0000] {processor.py:157} INFO - Started process (PID=20533) to work on /opt/airflow/dags/ps_load.py
[2023-11-06T06:24:04.761+0000] {processor.py:826} INFO - Processing file /opt/airflow/dags/ps_load.py for tasks to queue
[2023-11-06T06:24:04.762+0000] {logging_mixin.py:150} INFO - [2023-11-06T06:24:04.762+0000] {dagbag.py:541} INFO - Filling up the DagBag from /opt/airflow/dags/ps_load.py
[2023-11-06T06:24:04.766+0000] {processor.py:838} WARNING - No viable dags retrieved from /opt/airflow/dags/ps_load.py
[2023-11-06T06:24:04.781+0000] {processor.py:179} INFO - Processing /opt/airflow/dags/ps_load.py took 0.025 seconds
[2023-11-06T06:24:18.352+0000] {processor.py:157} INFO - Started process (PID=20601) to work on /opt/airflow/dags/ps_load.py
[2023-11-06T06:24:18.355+0000] {processor.py:826} INFO - Processing file /opt/airflow/dags/ps_load.py for tasks to queue
[2023-11-06T06:24:18.359+0000] {logging_mixin.py:150} INFO - [2023-11-06T06:24:18.358+0000] {dagbag.py:541} INFO - Filling up the DagBag from /opt/airflow/dags/ps_load.py
[2023-11-06T06:24:18.378+0000] {processor.py:838} WARNING - No viable dags retrieved from /opt/airflow/dags/ps_load.py
[2023-11-06T06:24:18.426+0000] {processor.py:179} INFO - Processing /opt/airflow/dags/ps_load.py took 0.082 seconds
[2023-11-06T08:54:16.820+0000] {processor.py:157} INFO - Started process (PID=20668) to work on /opt/airflow/dags/ps_load.py
[2023-11-06T08:54:16.822+0000] {processor.py:826} INFO - Processing file /opt/airflow/dags/ps_load.py for tasks to queue
[2023-11-06T08:54:16.824+0000] {logging_mixin.py:150} INFO - [2023-11-06T08:54:16.823+0000] {dagbag.py:541} INFO - Filling up the DagBag from /opt/airflow/dags/ps_load.py
[2023-11-06T08:54:16.832+0000] {processor.py:838} WARNING - No viable dags retrieved from /opt/airflow/dags/ps_load.py
[2023-11-06T08:54:16.960+0000] {processor.py:179} INFO - Processing /opt/airflow/dags/ps_load.py took 0.148 seconds
[2023-11-06T08:54:48.057+0000] {processor.py:157} INFO - Started process (PID=20801) to work on /opt/airflow/dags/ps_load.py
[2023-11-06T08:54:48.071+0000] {processor.py:826} INFO - Processing file /opt/airflow/dags/ps_load.py for tasks to queue
[2023-11-06T08:54:48.085+0000] {logging_mixin.py:150} INFO - [2023-11-06T08:54:48.082+0000] {dagbag.py:541} INFO - Filling up the DagBag from /opt/airflow/dags/ps_load.py
[2023-11-06T08:54:48.125+0000] {processor.py:838} WARNING - No viable dags retrieved from /opt/airflow/dags/ps_load.py
[2023-11-06T08:54:48.257+0000] {processor.py:179} INFO - Processing /opt/airflow/dags/ps_load.py took 0.255 seconds
[2023-11-06T09:24:37.258+0000] {processor.py:157} INFO - Started process (PID=20922) to work on /opt/airflow/dags/ps_load.py
[2023-11-06T09:24:37.260+0000] {processor.py:826} INFO - Processing file /opt/airflow/dags/ps_load.py for tasks to queue
[2023-11-06T09:24:37.262+0000] {logging_mixin.py:150} INFO - [2023-11-06T09:24:37.262+0000] {dagbag.py:541} INFO - Filling up the DagBag from /opt/airflow/dags/ps_load.py
[2023-11-06T09:24:37.268+0000] {processor.py:838} WARNING - No viable dags retrieved from /opt/airflow/dags/ps_load.py
[2023-11-06T09:24:37.293+0000] {processor.py:179} INFO - Processing /opt/airflow/dags/ps_load.py took 0.040 seconds
[2023-11-06T09:25:07.553+0000] {processor.py:157} INFO - Started process (PID=21040) to work on /opt/airflow/dags/ps_load.py
[2023-11-06T09:25:07.558+0000] {processor.py:826} INFO - Processing file /opt/airflow/dags/ps_load.py for tasks to queue
[2023-11-06T09:25:07.563+0000] {logging_mixin.py:150} INFO - [2023-11-06T09:25:07.562+0000] {dagbag.py:541} INFO - Filling up the DagBag from /opt/airflow/dags/ps_load.py
[2023-11-06T09:25:07.586+0000] {processor.py:838} WARNING - No viable dags retrieved from /opt/airflow/dags/ps_load.py
[2023-11-06T09:25:07.662+0000] {processor.py:179} INFO - Processing /opt/airflow/dags/ps_load.py took 0.127 seconds
[2023-11-06T17:02:33.361+0000] {processor.py:157} INFO - Started process (PID=21154) to work on /opt/airflow/dags/ps_load.py
[2023-11-06T17:02:33.363+0000] {processor.py:826} INFO - Processing file /opt/airflow/dags/ps_load.py for tasks to queue
[2023-11-06T17:02:33.365+0000] {logging_mixin.py:150} INFO - [2023-11-06T17:02:33.365+0000] {dagbag.py:541} INFO - Filling up the DagBag from /opt/airflow/dags/ps_load.py
[2023-11-06T17:02:33.375+0000] {processor.py:838} WARNING - No viable dags retrieved from /opt/airflow/dags/ps_load.py
[2023-11-06T17:02:33.432+0000] {processor.py:179} INFO - Processing /opt/airflow/dags/ps_load.py took 0.082 seconds
[2023-11-06T17:03:03.483+0000] {processor.py:157} INFO - Started process (PID=21286) to work on /opt/airflow/dags/ps_load.py
[2023-11-06T17:03:03.484+0000] {processor.py:826} INFO - Processing file /opt/airflow/dags/ps_load.py for tasks to queue
[2023-11-06T17:03:03.487+0000] {logging_mixin.py:150} INFO - [2023-11-06T17:03:03.486+0000] {dagbag.py:541} INFO - Filling up the DagBag from /opt/airflow/dags/ps_load.py
[2023-11-06T17:03:03.493+0000] {processor.py:838} WARNING - No viable dags retrieved from /opt/airflow/dags/ps_load.py
[2023-11-06T17:03:03.509+0000] {processor.py:179} INFO - Processing /opt/airflow/dags/ps_load.py took 0.030 seconds
[2023-11-06T17:03:33.578+0000] {processor.py:157} INFO - Started process (PID=21414) to work on /opt/airflow/dags/ps_load.py
[2023-11-06T17:03:33.580+0000] {processor.py:826} INFO - Processing file /opt/airflow/dags/ps_load.py for tasks to queue
[2023-11-06T17:03:33.581+0000] {logging_mixin.py:150} INFO - [2023-11-06T17:03:33.581+0000] {dagbag.py:541} INFO - Filling up the DagBag from /opt/airflow/dags/ps_load.py
[2023-11-06T17:03:33.586+0000] {processor.py:838} WARNING - No viable dags retrieved from /opt/airflow/dags/ps_load.py
[2023-11-06T17:03:33.603+0000] {processor.py:179} INFO - Processing /opt/airflow/dags/ps_load.py took 0.029 seconds
[2023-11-06T17:04:04.384+0000] {processor.py:157} INFO - Started process (PID=21553) to work on /opt/airflow/dags/ps_load.py
[2023-11-06T17:04:04.385+0000] {processor.py:826} INFO - Processing file /opt/airflow/dags/ps_load.py for tasks to queue
[2023-11-06T17:04:04.387+0000] {logging_mixin.py:150} INFO - [2023-11-06T17:04:04.386+0000] {dagbag.py:541} INFO - Filling up the DagBag from /opt/airflow/dags/ps_load.py
[2023-11-06T17:04:04.391+0000] {processor.py:838} WARNING - No viable dags retrieved from /opt/airflow/dags/ps_load.py
[2023-11-06T17:04:04.408+0000] {processor.py:179} INFO - Processing /opt/airflow/dags/ps_load.py took 0.028 seconds
[2023-11-06T17:04:34.914+0000] {processor.py:157} INFO - Started process (PID=21683) to work on /opt/airflow/dags/ps_load.py
[2023-11-06T17:04:34.916+0000] {processor.py:826} INFO - Processing file /opt/airflow/dags/ps_load.py for tasks to queue
[2023-11-06T17:04:34.918+0000] {logging_mixin.py:150} INFO - [2023-11-06T17:04:34.917+0000] {dagbag.py:541} INFO - Filling up the DagBag from /opt/airflow/dags/ps_load.py
[2023-11-06T17:04:34.923+0000] {processor.py:838} WARNING - No viable dags retrieved from /opt/airflow/dags/ps_load.py
[2023-11-06T17:04:34.940+0000] {processor.py:179} INFO - Processing /opt/airflow/dags/ps_load.py took 0.030 seconds
[2023-11-06T17:05:05.036+0000] {processor.py:157} INFO - Started process (PID=21796) to work on /opt/airflow/dags/ps_load.py
[2023-11-06T17:05:05.038+0000] {processor.py:826} INFO - Processing file /opt/airflow/dags/ps_load.py for tasks to queue
[2023-11-06T17:05:05.041+0000] {logging_mixin.py:150} INFO - [2023-11-06T17:05:05.040+0000] {dagbag.py:541} INFO - Filling up the DagBag from /opt/airflow/dags/ps_load.py
[2023-11-06T17:05:05.056+0000] {processor.py:838} WARNING - No viable dags retrieved from /opt/airflow/dags/ps_load.py
[2023-11-06T17:05:05.086+0000] {processor.py:179} INFO - Processing /opt/airflow/dags/ps_load.py took 0.058 seconds
[2023-11-06T17:05:35.514+0000] {processor.py:157} INFO - Started process (PID=21935) to work on /opt/airflow/dags/ps_load.py
[2023-11-06T17:05:35.515+0000] {processor.py:826} INFO - Processing file /opt/airflow/dags/ps_load.py for tasks to queue
[2023-11-06T17:05:35.516+0000] {logging_mixin.py:150} INFO - [2023-11-06T17:05:35.516+0000] {dagbag.py:541} INFO - Filling up the DagBag from /opt/airflow/dags/ps_load.py
[2023-11-06T17:05:35.523+0000] {processor.py:838} WARNING - No viable dags retrieved from /opt/airflow/dags/ps_load.py
[2023-11-06T17:05:35.545+0000] {processor.py:179} INFO - Processing /opt/airflow/dags/ps_load.py took 0.037 seconds
[2023-11-06T17:06:05.817+0000] {processor.py:157} INFO - Started process (PID=22068) to work on /opt/airflow/dags/ps_load.py
[2023-11-06T17:06:05.829+0000] {processor.py:826} INFO - Processing file /opt/airflow/dags/ps_load.py for tasks to queue
[2023-11-06T17:06:05.850+0000] {logging_mixin.py:150} INFO - [2023-11-06T17:06:05.849+0000] {dagbag.py:541} INFO - Filling up the DagBag from /opt/airflow/dags/ps_load.py
[2023-11-06T17:06:05.908+0000] {processor.py:838} WARNING - No viable dags retrieved from /opt/airflow/dags/ps_load.py
[2023-11-06T17:06:05.964+0000] {processor.py:179} INFO - Processing /opt/airflow/dags/ps_load.py took 0.153 seconds
[2023-11-06T17:06:36.118+0000] {processor.py:157} INFO - Started process (PID=22207) to work on /opt/airflow/dags/ps_load.py
[2023-11-06T17:06:36.120+0000] {processor.py:826} INFO - Processing file /opt/airflow/dags/ps_load.py for tasks to queue
[2023-11-06T17:06:36.121+0000] {logging_mixin.py:150} INFO - [2023-11-06T17:06:36.121+0000] {dagbag.py:541} INFO - Filling up the DagBag from /opt/airflow/dags/ps_load.py
[2023-11-06T17:06:36.126+0000] {processor.py:838} WARNING - No viable dags retrieved from /opt/airflow/dags/ps_load.py
[2023-11-06T17:06:36.144+0000] {processor.py:179} INFO - Processing /opt/airflow/dags/ps_load.py took 0.030 seconds
[2023-11-06T17:07:06.770+0000] {processor.py:157} INFO - Started process (PID=22340) to work on /opt/airflow/dags/ps_load.py
[2023-11-06T17:07:06.771+0000] {processor.py:826} INFO - Processing file /opt/airflow/dags/ps_load.py for tasks to queue
[2023-11-06T17:07:06.772+0000] {logging_mixin.py:150} INFO - [2023-11-06T17:07:06.772+0000] {dagbag.py:541} INFO - Filling up the DagBag from /opt/airflow/dags/ps_load.py
[2023-11-06T17:07:06.776+0000] {processor.py:838} WARNING - No viable dags retrieved from /opt/airflow/dags/ps_load.py
[2023-11-06T17:07:06.791+0000] {processor.py:179} INFO - Processing /opt/airflow/dags/ps_load.py took 0.025 seconds
[2023-11-06T17:07:37.023+0000] {processor.py:157} INFO - Started process (PID=22446) to work on /opt/airflow/dags/ps_load.py
[2023-11-06T17:07:37.024+0000] {processor.py:826} INFO - Processing file /opt/airflow/dags/ps_load.py for tasks to queue
[2023-11-06T17:07:37.026+0000] {logging_mixin.py:150} INFO - [2023-11-06T17:07:37.025+0000] {dagbag.py:541} INFO - Filling up the DagBag from /opt/airflow/dags/ps_load.py
[2023-11-06T17:07:37.030+0000] {processor.py:838} WARNING - No viable dags retrieved from /opt/airflow/dags/ps_load.py
[2023-11-06T17:07:37.048+0000] {processor.py:179} INFO - Processing /opt/airflow/dags/ps_load.py took 0.030 seconds
[2023-11-06T17:08:07.166+0000] {processor.py:157} INFO - Started process (PID=22579) to work on /opt/airflow/dags/ps_load.py
[2023-11-06T17:08:07.167+0000] {processor.py:826} INFO - Processing file /opt/airflow/dags/ps_load.py for tasks to queue
[2023-11-06T17:08:07.169+0000] {logging_mixin.py:150} INFO - [2023-11-06T17:08:07.167+0000] {dagbag.py:541} INFO - Filling up the DagBag from /opt/airflow/dags/ps_load.py
[2023-11-06T17:08:07.173+0000] {processor.py:838} WARNING - No viable dags retrieved from /opt/airflow/dags/ps_load.py
[2023-11-06T17:08:07.187+0000] {processor.py:179} INFO - Processing /opt/airflow/dags/ps_load.py took 0.025 seconds
[2023-11-06T17:08:37.441+0000] {processor.py:157} INFO - Started process (PID=22721) to work on /opt/airflow/dags/ps_load.py
[2023-11-06T17:08:37.442+0000] {processor.py:826} INFO - Processing file /opt/airflow/dags/ps_load.py for tasks to queue
[2023-11-06T17:08:37.444+0000] {logging_mixin.py:150} INFO - [2023-11-06T17:08:37.443+0000] {dagbag.py:541} INFO - Filling up the DagBag from /opt/airflow/dags/ps_load.py
[2023-11-06T17:08:37.448+0000] {processor.py:838} WARNING - No viable dags retrieved from /opt/airflow/dags/ps_load.py
[2023-11-06T17:08:37.465+0000] {processor.py:179} INFO - Processing /opt/airflow/dags/ps_load.py took 0.028 seconds
