[2023-11-06T06:11:33.026+0000] {processor.py:157} INFO - Started process (PID=17192) to work on /opt/airflow/dags/ps_sv.py
[2023-11-06T06:11:33.027+0000] {processor.py:826} INFO - Processing file /opt/airflow/dags/ps_sv.py for tasks to queue
[2023-11-06T06:11:33.029+0000] {logging_mixin.py:150} INFO - [2023-11-06T06:11:33.028+0000] {dagbag.py:541} INFO - Filling up the DagBag from /opt/airflow/dags/ps_sv.py
[2023-11-06T06:11:33.719+0000] {processor.py:838} WARNING - No viable dags retrieved from /opt/airflow/dags/ps_sv.py
[2023-11-06T06:11:33.740+0000] {processor.py:179} INFO - Processing /opt/airflow/dags/ps_sv.py took 0.717 seconds
[2023-11-06T06:12:04.486+0000] {processor.py:157} INFO - Started process (PID=17325) to work on /opt/airflow/dags/ps_sv.py
[2023-11-06T06:12:04.488+0000] {processor.py:826} INFO - Processing file /opt/airflow/dags/ps_sv.py for tasks to queue
[2023-11-06T06:12:04.489+0000] {logging_mixin.py:150} INFO - [2023-11-06T06:12:04.489+0000] {dagbag.py:541} INFO - Filling up the DagBag from /opt/airflow/dags/ps_sv.py
[2023-11-06T06:12:05.114+0000] {processor.py:838} WARNING - No viable dags retrieved from /opt/airflow/dags/ps_sv.py
[2023-11-06T06:12:05.128+0000] {processor.py:179} INFO - Processing /opt/airflow/dags/ps_sv.py took 0.649 seconds
[2023-11-06T06:12:36.028+0000] {processor.py:157} INFO - Started process (PID=17467) to work on /opt/airflow/dags/ps_sv.py
[2023-11-06T06:12:36.029+0000] {processor.py:826} INFO - Processing file /opt/airflow/dags/ps_sv.py for tasks to queue
[2023-11-06T06:12:36.031+0000] {logging_mixin.py:150} INFO - [2023-11-06T06:12:36.031+0000] {dagbag.py:541} INFO - Filling up the DagBag from /opt/airflow/dags/ps_sv.py
[2023-11-06T06:12:36.812+0000] {processor.py:838} WARNING - No viable dags retrieved from /opt/airflow/dags/ps_sv.py
[2023-11-06T06:12:36.833+0000] {processor.py:179} INFO - Processing /opt/airflow/dags/ps_sv.py took 0.810 seconds
[2023-11-06T06:13:07.729+0000] {processor.py:157} INFO - Started process (PID=17602) to work on /opt/airflow/dags/ps_sv.py
[2023-11-06T06:13:07.731+0000] {processor.py:826} INFO - Processing file /opt/airflow/dags/ps_sv.py for tasks to queue
[2023-11-06T06:13:07.733+0000] {logging_mixin.py:150} INFO - [2023-11-06T06:13:07.733+0000] {dagbag.py:541} INFO - Filling up the DagBag from /opt/airflow/dags/ps_sv.py
[2023-11-06T06:13:08.472+0000] {processor.py:838} WARNING - No viable dags retrieved from /opt/airflow/dags/ps_sv.py
[2023-11-06T06:13:08.491+0000] {processor.py:179} INFO - Processing /opt/airflow/dags/ps_sv.py took 0.769 seconds
[2023-11-06T06:13:38.562+0000] {processor.py:157} INFO - Started process (PID=17748) to work on /opt/airflow/dags/ps_sv.py
[2023-11-06T06:13:38.564+0000] {processor.py:826} INFO - Processing file /opt/airflow/dags/ps_sv.py for tasks to queue
[2023-11-06T06:13:38.566+0000] {logging_mixin.py:150} INFO - [2023-11-06T06:13:38.565+0000] {dagbag.py:541} INFO - Filling up the DagBag from /opt/airflow/dags/ps_sv.py
[2023-11-06T06:13:39.281+0000] {processor.py:838} WARNING - No viable dags retrieved from /opt/airflow/dags/ps_sv.py
[2023-11-06T06:13:39.296+0000] {processor.py:179} INFO - Processing /opt/airflow/dags/ps_sv.py took 0.740 seconds
[2023-11-06T06:14:09.795+0000] {processor.py:157} INFO - Started process (PID=17881) to work on /opt/airflow/dags/ps_sv.py
[2023-11-06T06:14:09.796+0000] {processor.py:826} INFO - Processing file /opt/airflow/dags/ps_sv.py for tasks to queue
[2023-11-06T06:14:09.798+0000] {logging_mixin.py:150} INFO - [2023-11-06T06:14:09.797+0000] {dagbag.py:541} INFO - Filling up the DagBag from /opt/airflow/dags/ps_sv.py
[2023-11-06T06:14:10.490+0000] {processor.py:838} WARNING - No viable dags retrieved from /opt/airflow/dags/ps_sv.py
[2023-11-06T06:14:10.508+0000] {processor.py:179} INFO - Processing /opt/airflow/dags/ps_sv.py took 0.719 seconds
[2023-11-06T06:14:41.324+0000] {processor.py:157} INFO - Started process (PID=18021) to work on /opt/airflow/dags/ps_sv.py
[2023-11-06T06:14:41.326+0000] {processor.py:826} INFO - Processing file /opt/airflow/dags/ps_sv.py for tasks to queue
[2023-11-06T06:14:41.328+0000] {logging_mixin.py:150} INFO - [2023-11-06T06:14:41.328+0000] {dagbag.py:541} INFO - Filling up the DagBag from /opt/airflow/dags/ps_sv.py
[2023-11-06T06:14:42.286+0000] {processor.py:838} WARNING - No viable dags retrieved from /opt/airflow/dags/ps_sv.py
[2023-11-06T06:14:42.305+0000] {processor.py:179} INFO - Processing /opt/airflow/dags/ps_sv.py took 0.988 seconds
[2023-11-06T06:15:12.822+0000] {processor.py:157} INFO - Started process (PID=18156) to work on /opt/airflow/dags/ps_sv.py
[2023-11-06T06:15:12.837+0000] {processor.py:826} INFO - Processing file /opt/airflow/dags/ps_sv.py for tasks to queue
[2023-11-06T06:15:12.840+0000] {logging_mixin.py:150} INFO - [2023-11-06T06:15:12.839+0000] {dagbag.py:541} INFO - Filling up the DagBag from /opt/airflow/dags/ps_sv.py
[2023-11-06T06:15:13.801+0000] {processor.py:838} WARNING - No viable dags retrieved from /opt/airflow/dags/ps_sv.py
[2023-11-06T06:15:13.828+0000] {processor.py:179} INFO - Processing /opt/airflow/dags/ps_sv.py took 1.014 seconds
[2023-11-06T06:15:44.023+0000] {processor.py:157} INFO - Started process (PID=18290) to work on /opt/airflow/dags/ps_sv.py
[2023-11-06T06:15:44.025+0000] {processor.py:826} INFO - Processing file /opt/airflow/dags/ps_sv.py for tasks to queue
[2023-11-06T06:15:44.026+0000] {logging_mixin.py:150} INFO - [2023-11-06T06:15:44.026+0000] {dagbag.py:541} INFO - Filling up the DagBag from /opt/airflow/dags/ps_sv.py
[2023-11-06T06:15:44.664+0000] {processor.py:838} WARNING - No viable dags retrieved from /opt/airflow/dags/ps_sv.py
[2023-11-06T06:15:44.680+0000] {processor.py:179} INFO - Processing /opt/airflow/dags/ps_sv.py took 0.664 seconds
[2023-11-06T06:16:15.349+0000] {processor.py:157} INFO - Started process (PID=18432) to work on /opt/airflow/dags/ps_sv.py
[2023-11-06T06:16:15.350+0000] {processor.py:826} INFO - Processing file /opt/airflow/dags/ps_sv.py for tasks to queue
[2023-11-06T06:16:15.352+0000] {logging_mixin.py:150} INFO - [2023-11-06T06:16:15.351+0000] {dagbag.py:541} INFO - Filling up the DagBag from /opt/airflow/dags/ps_sv.py
[2023-11-06T06:16:16.005+0000] {processor.py:838} WARNING - No viable dags retrieved from /opt/airflow/dags/ps_sv.py
[2023-11-06T06:16:16.019+0000] {processor.py:179} INFO - Processing /opt/airflow/dags/ps_sv.py took 0.676 seconds
[2023-11-06T06:16:46.889+0000] {processor.py:157} INFO - Started process (PID=18565) to work on /opt/airflow/dags/ps_sv.py
[2023-11-06T06:16:46.893+0000] {processor.py:826} INFO - Processing file /opt/airflow/dags/ps_sv.py for tasks to queue
[2023-11-06T06:16:46.895+0000] {logging_mixin.py:150} INFO - [2023-11-06T06:16:46.894+0000] {dagbag.py:541} INFO - Filling up the DagBag from /opt/airflow/dags/ps_sv.py
[2023-11-06T06:16:47.572+0000] {processor.py:838} WARNING - No viable dags retrieved from /opt/airflow/dags/ps_sv.py
[2023-11-06T06:16:47.590+0000] {processor.py:179} INFO - Processing /opt/airflow/dags/ps_sv.py took 0.706 seconds
[2023-11-06T06:17:17.927+0000] {processor.py:157} INFO - Started process (PID=18698) to work on /opt/airflow/dags/ps_sv.py
[2023-11-06T06:17:17.929+0000] {processor.py:826} INFO - Processing file /opt/airflow/dags/ps_sv.py for tasks to queue
[2023-11-06T06:17:17.930+0000] {logging_mixin.py:150} INFO - [2023-11-06T06:17:17.930+0000] {dagbag.py:541} INFO - Filling up the DagBag from /opt/airflow/dags/ps_sv.py
[2023-11-06T06:17:18.565+0000] {processor.py:838} WARNING - No viable dags retrieved from /opt/airflow/dags/ps_sv.py
[2023-11-06T06:17:18.579+0000] {processor.py:179} INFO - Processing /opt/airflow/dags/ps_sv.py took 0.656 seconds
[2023-11-06T06:17:48.906+0000] {processor.py:157} INFO - Started process (PID=18840) to work on /opt/airflow/dags/ps_sv.py
[2023-11-06T06:17:48.907+0000] {processor.py:826} INFO - Processing file /opt/airflow/dags/ps_sv.py for tasks to queue
[2023-11-06T06:17:48.908+0000] {logging_mixin.py:150} INFO - [2023-11-06T06:17:48.907+0000] {dagbag.py:541} INFO - Filling up the DagBag from /opt/airflow/dags/ps_sv.py
[2023-11-06T06:17:49.464+0000] {processor.py:838} WARNING - No viable dags retrieved from /opt/airflow/dags/ps_sv.py
[2023-11-06T06:17:49.479+0000] {processor.py:179} INFO - Processing /opt/airflow/dags/ps_sv.py took 0.577 seconds
[2023-11-06T06:18:20.263+0000] {processor.py:157} INFO - Started process (PID=18974) to work on /opt/airflow/dags/ps_sv.py
[2023-11-06T06:18:20.264+0000] {processor.py:826} INFO - Processing file /opt/airflow/dags/ps_sv.py for tasks to queue
[2023-11-06T06:18:20.265+0000] {logging_mixin.py:150} INFO - [2023-11-06T06:18:20.265+0000] {dagbag.py:541} INFO - Filling up the DagBag from /opt/airflow/dags/ps_sv.py
[2023-11-06T06:18:20.804+0000] {processor.py:838} WARNING - No viable dags retrieved from /opt/airflow/dags/ps_sv.py
[2023-11-06T06:18:20.816+0000] {processor.py:179} INFO - Processing /opt/airflow/dags/ps_sv.py took 0.561 seconds
[2023-11-06T06:18:51.490+0000] {processor.py:157} INFO - Started process (PID=19117) to work on /opt/airflow/dags/ps_sv.py
[2023-11-06T06:18:51.491+0000] {processor.py:826} INFO - Processing file /opt/airflow/dags/ps_sv.py for tasks to queue
[2023-11-06T06:18:51.493+0000] {logging_mixin.py:150} INFO - [2023-11-06T06:18:51.492+0000] {dagbag.py:541} INFO - Filling up the DagBag from /opt/airflow/dags/ps_sv.py
[2023-11-06T06:18:52.107+0000] {processor.py:838} WARNING - No viable dags retrieved from /opt/airflow/dags/ps_sv.py
[2023-11-06T06:18:52.119+0000] {processor.py:179} INFO - Processing /opt/airflow/dags/ps_sv.py took 0.633 seconds
[2023-11-06T06:19:22.406+0000] {processor.py:157} INFO - Started process (PID=19252) to work on /opt/airflow/dags/ps_sv.py
[2023-11-06T06:19:22.408+0000] {processor.py:826} INFO - Processing file /opt/airflow/dags/ps_sv.py for tasks to queue
[2023-11-06T06:19:22.411+0000] {logging_mixin.py:150} INFO - [2023-11-06T06:19:22.410+0000] {dagbag.py:541} INFO - Filling up the DagBag from /opt/airflow/dags/ps_sv.py
[2023-11-06T06:19:23.408+0000] {processor.py:838} WARNING - No viable dags retrieved from /opt/airflow/dags/ps_sv.py
[2023-11-06T06:19:23.433+0000] {processor.py:179} INFO - Processing /opt/airflow/dags/ps_sv.py took 1.037 seconds
[2023-11-06T06:19:54.127+0000] {processor.py:157} INFO - Started process (PID=19386) to work on /opt/airflow/dags/ps_sv.py
[2023-11-06T06:19:54.129+0000] {processor.py:826} INFO - Processing file /opt/airflow/dags/ps_sv.py for tasks to queue
[2023-11-06T06:19:54.131+0000] {logging_mixin.py:150} INFO - [2023-11-06T06:19:54.130+0000] {dagbag.py:541} INFO - Filling up the DagBag from /opt/airflow/dags/ps_sv.py
[2023-11-06T06:19:54.936+0000] {processor.py:838} WARNING - No viable dags retrieved from /opt/airflow/dags/ps_sv.py
[2023-11-06T06:19:54.985+0000] {processor.py:179} INFO - Processing /opt/airflow/dags/ps_sv.py took 0.863 seconds
[2023-11-06T06:20:25.220+0000] {processor.py:157} INFO - Started process (PID=19532) to work on /opt/airflow/dags/ps_sv.py
[2023-11-06T06:20:25.222+0000] {processor.py:826} INFO - Processing file /opt/airflow/dags/ps_sv.py for tasks to queue
[2023-11-06T06:20:25.224+0000] {logging_mixin.py:150} INFO - [2023-11-06T06:20:25.223+0000] {dagbag.py:541} INFO - Filling up the DagBag from /opt/airflow/dags/ps_sv.py
[2023-11-06T06:20:27.773+0000] {processor.py:838} WARNING - No viable dags retrieved from /opt/airflow/dags/ps_sv.py
[2023-11-06T06:20:27.956+0000] {processor.py:179} INFO - Processing /opt/airflow/dags/ps_sv.py took 2.732 seconds
[2023-11-06T06:20:58.274+0000] {processor.py:157} INFO - Started process (PID=19666) to work on /opt/airflow/dags/ps_sv.py
[2023-11-06T06:20:58.275+0000] {processor.py:826} INFO - Processing file /opt/airflow/dags/ps_sv.py for tasks to queue
[2023-11-06T06:20:58.277+0000] {logging_mixin.py:150} INFO - [2023-11-06T06:20:58.277+0000] {dagbag.py:541} INFO - Filling up the DagBag from /opt/airflow/dags/ps_sv.py
[2023-11-06T06:20:58.833+0000] {processor.py:838} WARNING - No viable dags retrieved from /opt/airflow/dags/ps_sv.py
[2023-11-06T06:20:58.848+0000] {processor.py:179} INFO - Processing /opt/airflow/dags/ps_sv.py took 0.579 seconds
[2023-11-06T06:21:29.717+0000] {processor.py:157} INFO - Started process (PID=19799) to work on /opt/airflow/dags/ps_sv.py
[2023-11-06T06:21:29.719+0000] {processor.py:826} INFO - Processing file /opt/airflow/dags/ps_sv.py for tasks to queue
[2023-11-06T06:21:29.722+0000] {logging_mixin.py:150} INFO - [2023-11-06T06:21:29.721+0000] {dagbag.py:541} INFO - Filling up the DagBag from /opt/airflow/dags/ps_sv.py
[2023-11-06T06:21:30.391+0000] {processor.py:838} WARNING - No viable dags retrieved from /opt/airflow/dags/ps_sv.py
[2023-11-06T06:21:30.404+0000] {processor.py:179} INFO - Processing /opt/airflow/dags/ps_sv.py took 0.692 seconds
[2023-11-06T06:22:00.504+0000] {processor.py:157} INFO - Started process (PID=19942) to work on /opt/airflow/dags/ps_sv.py
[2023-11-06T06:22:00.505+0000] {processor.py:826} INFO - Processing file /opt/airflow/dags/ps_sv.py for tasks to queue
[2023-11-06T06:22:00.506+0000] {logging_mixin.py:150} INFO - [2023-11-06T06:22:00.506+0000] {dagbag.py:541} INFO - Filling up the DagBag from /opt/airflow/dags/ps_sv.py
[2023-11-06T06:22:01.064+0000] {processor.py:838} WARNING - No viable dags retrieved from /opt/airflow/dags/ps_sv.py
[2023-11-06T06:22:01.076+0000] {processor.py:179} INFO - Processing /opt/airflow/dags/ps_sv.py took 0.576 seconds
[2023-11-06T06:22:31.245+0000] {processor.py:157} INFO - Started process (PID=20092) to work on /opt/airflow/dags/ps_sv.py
[2023-11-06T06:22:31.246+0000] {processor.py:826} INFO - Processing file /opt/airflow/dags/ps_sv.py for tasks to queue
[2023-11-06T06:22:31.247+0000] {logging_mixin.py:150} INFO - [2023-11-06T06:22:31.247+0000] {dagbag.py:541} INFO - Filling up the DagBag from /opt/airflow/dags/ps_sv.py
[2023-11-06T06:22:31.829+0000] {processor.py:838} WARNING - No viable dags retrieved from /opt/airflow/dags/ps_sv.py
[2023-11-06T06:22:31.854+0000] {processor.py:179} INFO - Processing /opt/airflow/dags/ps_sv.py took 0.613 seconds
[2023-11-06T06:23:01.929+0000] {processor.py:157} INFO - Started process (PID=20209) to work on /opt/airflow/dags/ps_sv.py
[2023-11-06T06:23:01.930+0000] {processor.py:826} INFO - Processing file /opt/airflow/dags/ps_sv.py for tasks to queue
[2023-11-06T06:23:01.931+0000] {logging_mixin.py:150} INFO - [2023-11-06T06:23:01.931+0000] {dagbag.py:541} INFO - Filling up the DagBag from /opt/airflow/dags/ps_sv.py
[2023-11-06T06:23:02.513+0000] {processor.py:838} WARNING - No viable dags retrieved from /opt/airflow/dags/ps_sv.py
[2023-11-06T06:23:02.527+0000] {processor.py:179} INFO - Processing /opt/airflow/dags/ps_sv.py took 0.603 seconds
[2023-11-06T06:23:32.623+0000] {processor.py:157} INFO - Started process (PID=20351) to work on /opt/airflow/dags/ps_sv.py
[2023-11-06T06:23:32.625+0000] {processor.py:826} INFO - Processing file /opt/airflow/dags/ps_sv.py for tasks to queue
[2023-11-06T06:23:32.626+0000] {logging_mixin.py:150} INFO - [2023-11-06T06:23:32.625+0000] {dagbag.py:541} INFO - Filling up the DagBag from /opt/airflow/dags/ps_sv.py
[2023-11-06T06:23:33.182+0000] {processor.py:838} WARNING - No viable dags retrieved from /opt/airflow/dags/ps_sv.py
[2023-11-06T06:23:33.195+0000] {processor.py:179} INFO - Processing /opt/airflow/dags/ps_sv.py took 0.577 seconds
[2023-11-06T06:24:03.814+0000] {processor.py:157} INFO - Started process (PID=20484) to work on /opt/airflow/dags/ps_sv.py
[2023-11-06T06:24:03.815+0000] {processor.py:826} INFO - Processing file /opt/airflow/dags/ps_sv.py for tasks to queue
[2023-11-06T06:24:03.816+0000] {logging_mixin.py:150} INFO - [2023-11-06T06:24:03.816+0000] {dagbag.py:541} INFO - Filling up the DagBag from /opt/airflow/dags/ps_sv.py
[2023-11-06T06:24:04.353+0000] {processor.py:838} WARNING - No viable dags retrieved from /opt/airflow/dags/ps_sv.py
[2023-11-06T06:24:04.366+0000] {processor.py:179} INFO - Processing /opt/airflow/dags/ps_sv.py took 0.557 seconds
[2023-11-06T06:24:34.472+0000] {processor.py:157} INFO - Started process (PID=20627) to work on /opt/airflow/dags/ps_sv.py
[2023-11-06T06:24:34.474+0000] {processor.py:826} INFO - Processing file /opt/airflow/dags/ps_sv.py for tasks to queue
[2023-11-06T06:24:34.475+0000] {logging_mixin.py:150} INFO - [2023-11-06T06:24:34.475+0000] {dagbag.py:541} INFO - Filling up the DagBag from /opt/airflow/dags/ps_sv.py
[2023-11-06T06:24:35.617+0000] {processor.py:838} WARNING - No viable dags retrieved from /opt/airflow/dags/ps_sv.py
[2023-11-06T06:24:35.736+0000] {processor.py:179} INFO - Processing /opt/airflow/dags/ps_sv.py took 1.269 seconds
[2023-11-06T08:54:17.411+0000] {processor.py:157} INFO - Started process (PID=20693) to work on /opt/airflow/dags/ps_sv.py
[2023-11-06T08:54:17.415+0000] {processor.py:826} INFO - Processing file /opt/airflow/dags/ps_sv.py for tasks to queue
[2023-11-06T08:54:17.418+0000] {logging_mixin.py:150} INFO - [2023-11-06T08:54:17.417+0000] {dagbag.py:541} INFO - Filling up the DagBag from /opt/airflow/dags/ps_sv.py
[2023-11-06T08:54:18.778+0000] {processor.py:838} WARNING - No viable dags retrieved from /opt/airflow/dags/ps_sv.py
[2023-11-06T08:54:18.813+0000] {processor.py:179} INFO - Processing /opt/airflow/dags/ps_sv.py took 1.410 seconds
[2023-11-06T08:54:49.441+0000] {processor.py:157} INFO - Started process (PID=20804) to work on /opt/airflow/dags/ps_sv.py
[2023-11-06T08:54:49.447+0000] {processor.py:826} INFO - Processing file /opt/airflow/dags/ps_sv.py for tasks to queue
[2023-11-06T08:54:49.455+0000] {logging_mixin.py:150} INFO - [2023-11-06T08:54:49.453+0000] {dagbag.py:541} INFO - Filling up the DagBag from /opt/airflow/dags/ps_sv.py
[2023-11-06T08:54:52.644+0000] {processor.py:838} WARNING - No viable dags retrieved from /opt/airflow/dags/ps_sv.py
[2023-11-06T08:54:52.743+0000] {processor.py:179} INFO - Processing /opt/airflow/dags/ps_sv.py took 3.325 seconds
[2023-11-06T09:24:37.586+0000] {processor.py:157} INFO - Started process (PID=20940) to work on /opt/airflow/dags/ps_sv.py
[2023-11-06T09:24:37.624+0000] {processor.py:826} INFO - Processing file /opt/airflow/dags/ps_sv.py for tasks to queue
[2023-11-06T09:24:37.626+0000] {logging_mixin.py:150} INFO - [2023-11-06T09:24:37.625+0000] {dagbag.py:541} INFO - Filling up the DagBag from /opt/airflow/dags/ps_sv.py
[2023-11-06T09:24:38.339+0000] {processor.py:838} WARNING - No viable dags retrieved from /opt/airflow/dags/ps_sv.py
[2023-11-06T09:24:38.355+0000] {processor.py:179} INFO - Processing /opt/airflow/dags/ps_sv.py took 0.775 seconds
[2023-11-06T17:02:21.095+0000] {processor.py:157} INFO - Started process (PID=21071) to work on /opt/airflow/dags/ps_sv.py
[2023-11-06T17:02:21.141+0000] {processor.py:826} INFO - Processing file /opt/airflow/dags/ps_sv.py for tasks to queue
[2023-11-06T17:02:21.234+0000] {logging_mixin.py:150} INFO - [2023-11-06T17:02:21.232+0000] {dagbag.py:541} INFO - Filling up the DagBag from /opt/airflow/dags/ps_sv.py
[2023-11-06T17:02:27.968+0000] {processor.py:838} WARNING - No viable dags retrieved from /opt/airflow/dags/ps_sv.py
[2023-11-06T17:02:27.996+0000] {processor.py:179} INFO - Processing /opt/airflow/dags/ps_sv.py took 6.918 seconds
[2023-11-06T17:02:58.808+0000] {processor.py:157} INFO - Started process (PID=21206) to work on /opt/airflow/dags/ps_sv.py
[2023-11-06T17:02:58.809+0000] {processor.py:826} INFO - Processing file /opt/airflow/dags/ps_sv.py for tasks to queue
[2023-11-06T17:02:58.810+0000] {logging_mixin.py:150} INFO - [2023-11-06T17:02:58.810+0000] {dagbag.py:541} INFO - Filling up the DagBag from /opt/airflow/dags/ps_sv.py
[2023-11-06T17:02:59.593+0000] {processor.py:838} WARNING - No viable dags retrieved from /opt/airflow/dags/ps_sv.py
[2023-11-06T17:02:59.610+0000] {processor.py:179} INFO - Processing /opt/airflow/dags/ps_sv.py took 0.806 seconds
[2023-11-06T17:03:29.741+0000] {processor.py:157} INFO - Started process (PID=21347) to work on /opt/airflow/dags/ps_sv.py
[2023-11-06T17:03:29.742+0000] {processor.py:826} INFO - Processing file /opt/airflow/dags/ps_sv.py for tasks to queue
[2023-11-06T17:03:29.744+0000] {logging_mixin.py:150} INFO - [2023-11-06T17:03:29.743+0000] {dagbag.py:541} INFO - Filling up the DagBag from /opt/airflow/dags/ps_sv.py
[2023-11-06T17:03:30.314+0000] {processor.py:838} WARNING - No viable dags retrieved from /opt/airflow/dags/ps_sv.py
[2023-11-06T17:03:30.328+0000] {processor.py:179} INFO - Processing /opt/airflow/dags/ps_sv.py took 0.591 seconds
[2023-11-06T17:04:00.493+0000] {processor.py:157} INFO - Started process (PID=21480) to work on /opt/airflow/dags/ps_sv.py
[2023-11-06T17:04:00.494+0000] {processor.py:826} INFO - Processing file /opt/airflow/dags/ps_sv.py for tasks to queue
[2023-11-06T17:04:00.495+0000] {logging_mixin.py:150} INFO - [2023-11-06T17:04:00.495+0000] {dagbag.py:541} INFO - Filling up the DagBag from /opt/airflow/dags/ps_sv.py
[2023-11-06T17:04:01.173+0000] {processor.py:838} WARNING - No viable dags retrieved from /opt/airflow/dags/ps_sv.py
[2023-11-06T17:04:01.186+0000] {processor.py:179} INFO - Processing /opt/airflow/dags/ps_sv.py took 0.698 seconds
[2023-11-06T17:04:31.464+0000] {processor.py:157} INFO - Started process (PID=21622) to work on /opt/airflow/dags/ps_sv.py
[2023-11-06T17:04:31.465+0000] {processor.py:826} INFO - Processing file /opt/airflow/dags/ps_sv.py for tasks to queue
[2023-11-06T17:04:31.467+0000] {logging_mixin.py:150} INFO - [2023-11-06T17:04:31.467+0000] {dagbag.py:541} INFO - Filling up the DagBag from /opt/airflow/dags/ps_sv.py
[2023-11-06T17:04:32.027+0000] {processor.py:838} WARNING - No viable dags retrieved from /opt/airflow/dags/ps_sv.py
[2023-11-06T17:04:32.039+0000] {processor.py:179} INFO - Processing /opt/airflow/dags/ps_sv.py took 0.580 seconds
[2023-11-06T17:05:02.681+0000] {processor.py:157} INFO - Started process (PID=21755) to work on /opt/airflow/dags/ps_sv.py
[2023-11-06T17:05:02.682+0000] {processor.py:826} INFO - Processing file /opt/airflow/dags/ps_sv.py for tasks to queue
[2023-11-06T17:05:02.684+0000] {logging_mixin.py:150} INFO - [2023-11-06T17:05:02.684+0000] {dagbag.py:541} INFO - Filling up the DagBag from /opt/airflow/dags/ps_sv.py
[2023-11-06T17:05:03.300+0000] {processor.py:838} WARNING - No viable dags retrieved from /opt/airflow/dags/ps_sv.py
[2023-11-06T17:05:03.311+0000] {processor.py:179} INFO - Processing /opt/airflow/dags/ps_sv.py took 0.635 seconds
[2023-11-06T17:05:33.696+0000] {processor.py:157} INFO - Started process (PID=21896) to work on /opt/airflow/dags/ps_sv.py
[2023-11-06T17:05:33.697+0000] {processor.py:826} INFO - Processing file /opt/airflow/dags/ps_sv.py for tasks to queue
[2023-11-06T17:05:33.698+0000] {logging_mixin.py:150} INFO - [2023-11-06T17:05:33.698+0000] {dagbag.py:541} INFO - Filling up the DagBag from /opt/airflow/dags/ps_sv.py
[2023-11-06T17:05:34.254+0000] {processor.py:838} WARNING - No viable dags retrieved from /opt/airflow/dags/ps_sv.py
[2023-11-06T17:05:34.267+0000] {processor.py:179} INFO - Processing /opt/airflow/dags/ps_sv.py took 0.575 seconds
[2023-11-06T17:06:04.397+0000] {processor.py:157} INFO - Started process (PID=22029) to work on /opt/airflow/dags/ps_sv.py
[2023-11-06T17:06:04.409+0000] {processor.py:826} INFO - Processing file /opt/airflow/dags/ps_sv.py for tasks to queue
[2023-11-06T17:06:04.428+0000] {logging_mixin.py:150} INFO - [2023-11-06T17:06:04.428+0000] {dagbag.py:541} INFO - Filling up the DagBag from /opt/airflow/dags/ps_sv.py
[2023-11-06T17:06:05.120+0000] {processor.py:838} WARNING - No viable dags retrieved from /opt/airflow/dags/ps_sv.py
[2023-11-06T17:06:05.161+0000] {processor.py:179} INFO - Processing /opt/airflow/dags/ps_sv.py took 0.768 seconds
[2023-11-06T17:06:35.464+0000] {processor.py:157} INFO - Started process (PID=22171) to work on /opt/airflow/dags/ps_sv.py
[2023-11-06T17:06:35.465+0000] {processor.py:826} INFO - Processing file /opt/airflow/dags/ps_sv.py for tasks to queue
[2023-11-06T17:06:35.467+0000] {logging_mixin.py:150} INFO - [2023-11-06T17:06:35.467+0000] {dagbag.py:541} INFO - Filling up the DagBag from /opt/airflow/dags/ps_sv.py
[2023-11-06T17:06:36.030+0000] {processor.py:838} WARNING - No viable dags retrieved from /opt/airflow/dags/ps_sv.py
[2023-11-06T17:06:36.042+0000] {processor.py:179} INFO - Processing /opt/airflow/dags/ps_sv.py took 0.583 seconds
[2023-11-06T17:07:06.154+0000] {processor.py:157} INFO - Started process (PID=22304) to work on /opt/airflow/dags/ps_sv.py
[2023-11-06T17:07:06.156+0000] {processor.py:826} INFO - Processing file /opt/airflow/dags/ps_sv.py for tasks to queue
[2023-11-06T17:07:06.157+0000] {logging_mixin.py:150} INFO - [2023-11-06T17:07:06.156+0000] {dagbag.py:541} INFO - Filling up the DagBag from /opt/airflow/dags/ps_sv.py
[2023-11-06T17:07:06.690+0000] {processor.py:838} WARNING - No viable dags retrieved from /opt/airflow/dags/ps_sv.py
[2023-11-06T17:07:06.702+0000] {processor.py:179} INFO - Processing /opt/airflow/dags/ps_sv.py took 0.551 seconds
[2023-11-06T17:07:37.033+0000] {processor.py:157} INFO - Started process (PID=22447) to work on /opt/airflow/dags/ps_sv.py
[2023-11-06T17:07:37.034+0000] {processor.py:826} INFO - Processing file /opt/airflow/dags/ps_sv.py for tasks to queue
[2023-11-06T17:07:37.035+0000] {logging_mixin.py:150} INFO - [2023-11-06T17:07:37.035+0000] {dagbag.py:541} INFO - Filling up the DagBag from /opt/airflow/dags/ps_sv.py
[2023-11-06T17:07:37.653+0000] {processor.py:838} WARNING - No viable dags retrieved from /opt/airflow/dags/ps_sv.py
[2023-11-06T17:07:37.665+0000] {processor.py:179} INFO - Processing /opt/airflow/dags/ps_sv.py took 0.636 seconds
[2023-11-06T17:08:08.184+0000] {processor.py:157} INFO - Started process (PID=22580) to work on /opt/airflow/dags/ps_sv.py
[2023-11-06T17:08:08.185+0000] {processor.py:826} INFO - Processing file /opt/airflow/dags/ps_sv.py for tasks to queue
[2023-11-06T17:08:08.187+0000] {logging_mixin.py:150} INFO - [2023-11-06T17:08:08.186+0000] {dagbag.py:541} INFO - Filling up the DagBag from /opt/airflow/dags/ps_sv.py
[2023-11-06T17:08:08.735+0000] {processor.py:838} WARNING - No viable dags retrieved from /opt/airflow/dags/ps_sv.py
[2023-11-06T17:08:08.747+0000] {processor.py:179} INFO - Processing /opt/airflow/dags/ps_sv.py took 0.568 seconds
[2023-11-06T17:08:39.460+0000] {processor.py:157} INFO - Started process (PID=22722) to work on /opt/airflow/dags/ps_sv.py
[2023-11-06T17:08:39.461+0000] {processor.py:826} INFO - Processing file /opt/airflow/dags/ps_sv.py for tasks to queue
[2023-11-06T17:08:39.462+0000] {logging_mixin.py:150} INFO - [2023-11-06T17:08:39.462+0000] {dagbag.py:541} INFO - Filling up the DagBag from /opt/airflow/dags/ps_sv.py
[2023-11-06T17:08:40.036+0000] {processor.py:838} WARNING - No viable dags retrieved from /opt/airflow/dags/ps_sv.py
[2023-11-06T17:08:40.047+0000] {processor.py:179} INFO - Processing /opt/airflow/dags/ps_sv.py took 0.592 seconds
