[2023-11-04 20:58:47,930] {taskinstance.py:1179} INFO - Dependencies all met for <TaskInstance: example_bash_operator.this_will_skip manual__2023-11-04T20:58:44.380375+00:00 [queued]>
[2023-11-04 20:58:47,979] {taskinstance.py:1179} INFO - Dependencies all met for <TaskInstance: example_bash_operator.this_will_skip manual__2023-11-04T20:58:44.380375+00:00 [queued]>
[2023-11-04 20:58:47,980] {taskinstance.py:1376} INFO - 
--------------------------------------------------------------------------------
[2023-11-04 20:58:47,984] {taskinstance.py:1377} INFO - Starting attempt 1 of 1
[2023-11-04 20:58:47,984] {taskinstance.py:1378} INFO - 
--------------------------------------------------------------------------------
[2023-11-04 20:58:48,032] {taskinstance.py:1397} INFO - Executing <Task(BashOperator): this_will_skip> on 2023-11-04 20:58:44.380375+00:00
[2023-11-04 20:58:48,049] {standard_task_runner.py:52} INFO - Started process 125 to run task
[2023-11-04 20:58:48,060] {standard_task_runner.py:79} INFO - Running: ['***', 'tasks', 'run', 'example_bash_operator', 'this_will_skip', 'manual__2023-11-04T20:58:44.380375+00:00', '--job-id', '3', '--raw', '--subdir', '/home/***/.local/lib/python3.7/site-packages/***/example_dags/example_bash_operator.py', '--cfg-path', '/tmp/tmp6wwhc9y0', '--error-file', '/tmp/tmp1hrzdxhf']
[2023-11-04 20:58:48,064] {standard_task_runner.py:80} INFO - Job 3: Subtask this_will_skip
[2023-11-04 20:58:48,324] {task_command.py:371} INFO - Running <TaskInstance: example_bash_operator.this_will_skip manual__2023-11-04T20:58:44.380375+00:00 [running]> on host afb7adbe542c
[2023-11-04 20:58:48,538] {taskinstance.py:1591} INFO - Exporting the following env vars:
AIRFLOW_CTX_DAG_OWNER=***
AIRFLOW_CTX_DAG_ID=example_bash_operator
AIRFLOW_CTX_TASK_ID=this_will_skip
AIRFLOW_CTX_EXECUTION_DATE=2023-11-04T20:58:44.380375+00:00
AIRFLOW_CTX_TRY_NUMBER=1
AIRFLOW_CTX_DAG_RUN_ID=manual__2023-11-04T20:58:44.380375+00:00
[2023-11-04 20:58:48,541] {subprocess.py:62} INFO - Tmp dir root location: 
 /tmp
[2023-11-04 20:58:48,542] {subprocess.py:74} INFO - Running command: ['bash', '-c', 'echo "hello world"; exit 99;']
[2023-11-04 20:58:48,567] {subprocess.py:85} INFO - Output:
[2023-11-04 20:58:48,571] {subprocess.py:92} INFO - hello world
[2023-11-04 20:58:48,573] {subprocess.py:96} INFO - Command exited with return code 99
[2023-11-04 20:58:48,575] {taskinstance.py:1498} INFO - Bash command returned exit code 99. Skipping.
[2023-11-04 20:58:48,608] {taskinstance.py:1420} INFO - Marking task as SKIPPED. dag_id=example_bash_operator, task_id=this_will_skip, execution_date=20231104T205844, start_date=20231104T205847, end_date=20231104T205848
[2023-11-04 20:58:48,684] {local_task_job.py:156} INFO - Task exited with return code 0
[2023-11-04 20:58:48,800] {local_task_job.py:273} INFO - 0 downstream tasks scheduled from follow-on schedule check
