[2023-11-04 20:57:55,080] {processor.py:153} INFO - Started process (PID=79) to work on /home/airflow/.local/lib/python3.7/site-packages/airflow/example_dags/example_nested_branch_dag.py
[2023-11-04 20:57:55,081] {processor.py:641} INFO - Processing file /home/airflow/.local/lib/python3.7/site-packages/airflow/example_dags/example_nested_branch_dag.py for tasks to queue
[2023-11-04 20:57:55,082] {logging_mixin.py:115} INFO - [2023-11-04 20:57:55,082] {dagbag.py:508} INFO - Filling up the DagBag from /home/airflow/.local/lib/python3.7/site-packages/airflow/example_dags/example_nested_branch_dag.py
[2023-11-04 20:57:55,096] {processor.py:651} INFO - DAG(s) dict_keys(['example_nested_branch_dag']) retrieved from /home/airflow/.local/lib/python3.7/site-packages/airflow/example_dags/example_nested_branch_dag.py
[2023-11-04 20:57:55,284] {logging_mixin.py:115} INFO - [2023-11-04 20:57:55,284] {manager.py:508} INFO - Created Permission View: can delete on DAG:example_nested_branch_dag
[2023-11-04 20:57:55,299] {logging_mixin.py:115} INFO - [2023-11-04 20:57:55,299] {manager.py:508} INFO - Created Permission View: can edit on DAG:example_nested_branch_dag
[2023-11-04 20:57:55,308] {logging_mixin.py:115} INFO - [2023-11-04 20:57:55,308] {manager.py:508} INFO - Created Permission View: can read on DAG:example_nested_branch_dag
[2023-11-04 20:57:55,309] {logging_mixin.py:115} INFO - [2023-11-04 20:57:55,309] {dag.py:2420} INFO - Sync 1 DAGs
[2023-11-04 20:57:55,323] {logging_mixin.py:115} INFO - [2023-11-04 20:57:55,323] {dag.py:2439} INFO - Creating ORM DAG for example_nested_branch_dag
[2023-11-04 20:57:55,340] {logging_mixin.py:115} INFO - [2023-11-04 20:57:55,340] {dag.py:2972} INFO - Setting next_dagrun for example_nested_branch_dag to 2023-11-03T00:00:00+00:00, run_after=2023-11-04T00:00:00+00:00
[2023-11-04 20:57:55,357] {processor.py:161} INFO - Processing /home/airflow/.local/lib/python3.7/site-packages/airflow/example_dags/example_nested_branch_dag.py took 0.281 seconds
[2023-11-04 20:58:25,939] {processor.py:153} INFO - Started process (PID=140) to work on /home/airflow/.local/lib/python3.7/site-packages/airflow/example_dags/example_nested_branch_dag.py
[2023-11-04 20:58:25,940] {processor.py:641} INFO - Processing file /home/airflow/.local/lib/python3.7/site-packages/airflow/example_dags/example_nested_branch_dag.py for tasks to queue
[2023-11-04 20:58:25,940] {logging_mixin.py:115} INFO - [2023-11-04 20:58:25,940] {dagbag.py:508} INFO - Filling up the DagBag from /home/airflow/.local/lib/python3.7/site-packages/airflow/example_dags/example_nested_branch_dag.py
[2023-11-04 20:58:25,951] {processor.py:651} INFO - DAG(s) dict_keys(['example_nested_branch_dag']) retrieved from /home/airflow/.local/lib/python3.7/site-packages/airflow/example_dags/example_nested_branch_dag.py
[2023-11-04 20:58:25,979] {logging_mixin.py:115} INFO - [2023-11-04 20:58:25,979] {dag.py:2420} INFO - Sync 1 DAGs
[2023-11-04 20:58:26,002] {logging_mixin.py:115} INFO - [2023-11-04 20:58:26,002] {dag.py:2972} INFO - Setting next_dagrun for example_nested_branch_dag to 2023-11-03T00:00:00+00:00, run_after=2023-11-04T00:00:00+00:00
[2023-11-04 20:58:26,015] {processor.py:161} INFO - Processing /home/airflow/.local/lib/python3.7/site-packages/airflow/example_dags/example_nested_branch_dag.py took 0.080 seconds
[2023-11-04 20:58:56,369] {processor.py:153} INFO - Started process (PID=208) to work on /home/airflow/.local/lib/python3.7/site-packages/airflow/example_dags/example_nested_branch_dag.py
[2023-11-04 20:58:56,370] {processor.py:641} INFO - Processing file /home/airflow/.local/lib/python3.7/site-packages/airflow/example_dags/example_nested_branch_dag.py for tasks to queue
[2023-11-04 20:58:56,371] {logging_mixin.py:115} INFO - [2023-11-04 20:58:56,371] {dagbag.py:508} INFO - Filling up the DagBag from /home/airflow/.local/lib/python3.7/site-packages/airflow/example_dags/example_nested_branch_dag.py
[2023-11-04 20:58:56,386] {processor.py:651} INFO - DAG(s) dict_keys(['example_nested_branch_dag']) retrieved from /home/airflow/.local/lib/python3.7/site-packages/airflow/example_dags/example_nested_branch_dag.py
[2023-11-04 20:58:56,425] {logging_mixin.py:115} INFO - [2023-11-04 20:58:56,424] {dag.py:2420} INFO - Sync 1 DAGs
[2023-11-04 20:58:56,449] {logging_mixin.py:115} INFO - [2023-11-04 20:58:56,449] {dag.py:2972} INFO - Setting next_dagrun for example_nested_branch_dag to 2023-11-03T00:00:00+00:00, run_after=2023-11-04T00:00:00+00:00
[2023-11-04 20:58:56,461] {processor.py:161} INFO - Processing /home/airflow/.local/lib/python3.7/site-packages/airflow/example_dags/example_nested_branch_dag.py took 0.098 seconds
[2023-11-04 20:59:27,085] {processor.py:153} INFO - Started process (PID=269) to work on /home/airflow/.local/lib/python3.7/site-packages/airflow/example_dags/example_nested_branch_dag.py
[2023-11-04 20:59:27,097] {processor.py:641} INFO - Processing file /home/airflow/.local/lib/python3.7/site-packages/airflow/example_dags/example_nested_branch_dag.py for tasks to queue
[2023-11-04 20:59:27,098] {logging_mixin.py:115} INFO - [2023-11-04 20:59:27,098] {dagbag.py:508} INFO - Filling up the DagBag from /home/airflow/.local/lib/python3.7/site-packages/airflow/example_dags/example_nested_branch_dag.py
[2023-11-04 20:59:27,114] {processor.py:651} INFO - DAG(s) dict_keys(['example_nested_branch_dag']) retrieved from /home/airflow/.local/lib/python3.7/site-packages/airflow/example_dags/example_nested_branch_dag.py
[2023-11-04 20:59:27,143] {logging_mixin.py:115} INFO - [2023-11-04 20:59:27,143] {dag.py:2420} INFO - Sync 1 DAGs
[2023-11-04 20:59:27,176] {logging_mixin.py:115} INFO - [2023-11-04 20:59:27,176] {dag.py:2972} INFO - Setting next_dagrun for example_nested_branch_dag to 2023-11-03T00:00:00+00:00, run_after=2023-11-04T00:00:00+00:00
[2023-11-04 20:59:27,192] {processor.py:161} INFO - Processing /home/airflow/.local/lib/python3.7/site-packages/airflow/example_dags/example_nested_branch_dag.py took 0.112 seconds
[2023-11-04 20:59:57,924] {processor.py:153} INFO - Started process (PID=321) to work on /home/airflow/.local/lib/python3.7/site-packages/airflow/example_dags/example_nested_branch_dag.py
[2023-11-04 20:59:57,925] {processor.py:641} INFO - Processing file /home/airflow/.local/lib/python3.7/site-packages/airflow/example_dags/example_nested_branch_dag.py for tasks to queue
[2023-11-04 20:59:57,926] {logging_mixin.py:115} INFO - [2023-11-04 20:59:57,926] {dagbag.py:508} INFO - Filling up the DagBag from /home/airflow/.local/lib/python3.7/site-packages/airflow/example_dags/example_nested_branch_dag.py
[2023-11-04 20:59:57,939] {processor.py:651} INFO - DAG(s) dict_keys(['example_nested_branch_dag']) retrieved from /home/airflow/.local/lib/python3.7/site-packages/airflow/example_dags/example_nested_branch_dag.py
[2023-11-04 20:59:57,993] {logging_mixin.py:115} INFO - [2023-11-04 20:59:57,993] {dag.py:2420} INFO - Sync 1 DAGs
[2023-11-04 20:59:58,031] {logging_mixin.py:115} INFO - [2023-11-04 20:59:58,031] {dag.py:2972} INFO - Setting next_dagrun for example_nested_branch_dag to 2023-11-03T00:00:00+00:00, run_after=2023-11-04T00:00:00+00:00
[2023-11-04 20:59:58,045] {processor.py:161} INFO - Processing /home/airflow/.local/lib/python3.7/site-packages/airflow/example_dags/example_nested_branch_dag.py took 0.128 seconds
[2023-11-04 21:00:28,702] {processor.py:153} INFO - Started process (PID=382) to work on /home/airflow/.local/lib/python3.7/site-packages/airflow/example_dags/example_nested_branch_dag.py
[2023-11-04 21:00:28,704] {processor.py:641} INFO - Processing file /home/airflow/.local/lib/python3.7/site-packages/airflow/example_dags/example_nested_branch_dag.py for tasks to queue
[2023-11-04 21:00:28,705] {logging_mixin.py:115} INFO - [2023-11-04 21:00:28,705] {dagbag.py:508} INFO - Filling up the DagBag from /home/airflow/.local/lib/python3.7/site-packages/airflow/example_dags/example_nested_branch_dag.py
[2023-11-04 21:00:28,751] {processor.py:651} INFO - DAG(s) dict_keys(['example_nested_branch_dag']) retrieved from /home/airflow/.local/lib/python3.7/site-packages/airflow/example_dags/example_nested_branch_dag.py
[2023-11-04 21:00:28,821] {logging_mixin.py:115} INFO - [2023-11-04 21:00:28,821] {dag.py:2420} INFO - Sync 1 DAGs
[2023-11-04 21:00:28,888] {logging_mixin.py:115} INFO - [2023-11-04 21:00:28,888] {dag.py:2972} INFO - Setting next_dagrun for example_nested_branch_dag to 2023-11-03T00:00:00+00:00, run_after=2023-11-04T00:00:00+00:00
[2023-11-04 21:00:28,930] {processor.py:161} INFO - Processing /home/airflow/.local/lib/python3.7/site-packages/airflow/example_dags/example_nested_branch_dag.py took 0.237 seconds
[2023-11-04 21:00:59,735] {processor.py:153} INFO - Started process (PID=443) to work on /home/airflow/.local/lib/python3.7/site-packages/airflow/example_dags/example_nested_branch_dag.py
[2023-11-04 21:00:59,735] {processor.py:641} INFO - Processing file /home/airflow/.local/lib/python3.7/site-packages/airflow/example_dags/example_nested_branch_dag.py for tasks to queue
[2023-11-04 21:00:59,737] {logging_mixin.py:115} INFO - [2023-11-04 21:00:59,736] {dagbag.py:508} INFO - Filling up the DagBag from /home/airflow/.local/lib/python3.7/site-packages/airflow/example_dags/example_nested_branch_dag.py
[2023-11-04 21:00:59,751] {processor.py:651} INFO - DAG(s) dict_keys(['example_nested_branch_dag']) retrieved from /home/airflow/.local/lib/python3.7/site-packages/airflow/example_dags/example_nested_branch_dag.py
[2023-11-04 21:00:59,794] {logging_mixin.py:115} INFO - [2023-11-04 21:00:59,793] {dag.py:2420} INFO - Sync 1 DAGs
[2023-11-04 21:00:59,828] {logging_mixin.py:115} INFO - [2023-11-04 21:00:59,828] {dag.py:2972} INFO - Setting next_dagrun for example_nested_branch_dag to 2023-11-03T00:00:00+00:00, run_after=2023-11-04T00:00:00+00:00
[2023-11-04 21:00:59,844] {processor.py:161} INFO - Processing /home/airflow/.local/lib/python3.7/site-packages/airflow/example_dags/example_nested_branch_dag.py took 0.114 seconds
[2023-11-04 21:01:29,958] {processor.py:153} INFO - Started process (PID=495) to work on /home/airflow/.local/lib/python3.7/site-packages/airflow/example_dags/example_nested_branch_dag.py
[2023-11-04 21:01:29,958] {processor.py:641} INFO - Processing file /home/airflow/.local/lib/python3.7/site-packages/airflow/example_dags/example_nested_branch_dag.py for tasks to queue
[2023-11-04 21:01:29,959] {logging_mixin.py:115} INFO - [2023-11-04 21:01:29,959] {dagbag.py:508} INFO - Filling up the DagBag from /home/airflow/.local/lib/python3.7/site-packages/airflow/example_dags/example_nested_branch_dag.py
[2023-11-04 21:01:29,970] {processor.py:651} INFO - DAG(s) dict_keys(['example_nested_branch_dag']) retrieved from /home/airflow/.local/lib/python3.7/site-packages/airflow/example_dags/example_nested_branch_dag.py
[2023-11-04 21:01:29,996] {logging_mixin.py:115} INFO - [2023-11-04 21:01:29,996] {dag.py:2420} INFO - Sync 1 DAGs
[2023-11-04 21:01:30,027] {logging_mixin.py:115} INFO - [2023-11-04 21:01:30,027] {dag.py:2972} INFO - Setting next_dagrun for example_nested_branch_dag to 2023-11-03T00:00:00+00:00, run_after=2023-11-04T00:00:00+00:00
[2023-11-04 21:01:30,042] {processor.py:161} INFO - Processing /home/airflow/.local/lib/python3.7/site-packages/airflow/example_dags/example_nested_branch_dag.py took 0.088 seconds
[2023-11-04 21:02:00,110] {processor.py:153} INFO - Started process (PID=556) to work on /home/airflow/.local/lib/python3.7/site-packages/airflow/example_dags/example_nested_branch_dag.py
[2023-11-04 21:02:00,111] {processor.py:641} INFO - Processing file /home/airflow/.local/lib/python3.7/site-packages/airflow/example_dags/example_nested_branch_dag.py for tasks to queue
[2023-11-04 21:02:00,111] {logging_mixin.py:115} INFO - [2023-11-04 21:02:00,111] {dagbag.py:508} INFO - Filling up the DagBag from /home/airflow/.local/lib/python3.7/site-packages/airflow/example_dags/example_nested_branch_dag.py
[2023-11-04 21:02:00,123] {processor.py:651} INFO - DAG(s) dict_keys(['example_nested_branch_dag']) retrieved from /home/airflow/.local/lib/python3.7/site-packages/airflow/example_dags/example_nested_branch_dag.py
[2023-11-04 21:02:00,149] {logging_mixin.py:115} INFO - [2023-11-04 21:02:00,149] {dag.py:2420} INFO - Sync 1 DAGs
[2023-11-04 21:02:00,174] {logging_mixin.py:115} INFO - [2023-11-04 21:02:00,174] {dag.py:2972} INFO - Setting next_dagrun for example_nested_branch_dag to 2023-11-03T00:00:00+00:00, run_after=2023-11-04T00:00:00+00:00
[2023-11-04 21:02:00,186] {processor.py:161} INFO - Processing /home/airflow/.local/lib/python3.7/site-packages/airflow/example_dags/example_nested_branch_dag.py took 0.080 seconds
[2023-11-04 21:02:31,586] {processor.py:153} INFO - Started process (PID=617) to work on /home/airflow/.local/lib/python3.7/site-packages/airflow/example_dags/example_nested_branch_dag.py
[2023-11-04 21:02:31,588] {processor.py:641} INFO - Processing file /home/airflow/.local/lib/python3.7/site-packages/airflow/example_dags/example_nested_branch_dag.py for tasks to queue
[2023-11-04 21:02:31,591] {logging_mixin.py:115} INFO - [2023-11-04 21:02:31,591] {dagbag.py:508} INFO - Filling up the DagBag from /home/airflow/.local/lib/python3.7/site-packages/airflow/example_dags/example_nested_branch_dag.py
[2023-11-04 21:02:31,606] {processor.py:651} INFO - DAG(s) dict_keys(['example_nested_branch_dag']) retrieved from /home/airflow/.local/lib/python3.7/site-packages/airflow/example_dags/example_nested_branch_dag.py
[2023-11-04 21:02:31,650] {logging_mixin.py:115} INFO - [2023-11-04 21:02:31,650] {dag.py:2420} INFO - Sync 1 DAGs
[2023-11-04 21:02:31,693] {logging_mixin.py:115} INFO - [2023-11-04 21:02:31,693] {dag.py:2972} INFO - Setting next_dagrun for example_nested_branch_dag to 2023-11-03T00:00:00+00:00, run_after=2023-11-04T00:00:00+00:00
[2023-11-04 21:02:31,705] {processor.py:161} INFO - Processing /home/airflow/.local/lib/python3.7/site-packages/airflow/example_dags/example_nested_branch_dag.py took 0.126 seconds
[2023-11-04 21:03:01,784] {processor.py:153} INFO - Started process (PID=669) to work on /home/airflow/.local/lib/python3.7/site-packages/airflow/example_dags/example_nested_branch_dag.py
[2023-11-04 21:03:01,786] {processor.py:641} INFO - Processing file /home/airflow/.local/lib/python3.7/site-packages/airflow/example_dags/example_nested_branch_dag.py for tasks to queue
[2023-11-04 21:03:01,788] {logging_mixin.py:115} INFO - [2023-11-04 21:03:01,788] {dagbag.py:508} INFO - Filling up the DagBag from /home/airflow/.local/lib/python3.7/site-packages/airflow/example_dags/example_nested_branch_dag.py
[2023-11-04 21:03:01,810] {processor.py:651} INFO - DAG(s) dict_keys(['example_nested_branch_dag']) retrieved from /home/airflow/.local/lib/python3.7/site-packages/airflow/example_dags/example_nested_branch_dag.py
[2023-11-04 21:03:01,868] {logging_mixin.py:115} INFO - [2023-11-04 21:03:01,868] {dag.py:2420} INFO - Sync 1 DAGs
[2023-11-04 21:03:01,930] {logging_mixin.py:115} INFO - [2023-11-04 21:03:01,930] {dag.py:2972} INFO - Setting next_dagrun for example_nested_branch_dag to 2023-11-03T00:00:00+00:00, run_after=2023-11-04T00:00:00+00:00
[2023-11-04 21:03:01,973] {processor.py:161} INFO - Processing /home/airflow/.local/lib/python3.7/site-packages/airflow/example_dags/example_nested_branch_dag.py took 0.197 seconds
[2023-11-04 21:03:32,089] {processor.py:153} INFO - Started process (PID=730) to work on /home/airflow/.local/lib/python3.7/site-packages/airflow/example_dags/example_nested_branch_dag.py
[2023-11-04 21:03:32,089] {processor.py:641} INFO - Processing file /home/airflow/.local/lib/python3.7/site-packages/airflow/example_dags/example_nested_branch_dag.py for tasks to queue
[2023-11-04 21:03:32,090] {logging_mixin.py:115} INFO - [2023-11-04 21:03:32,090] {dagbag.py:508} INFO - Filling up the DagBag from /home/airflow/.local/lib/python3.7/site-packages/airflow/example_dags/example_nested_branch_dag.py
[2023-11-04 21:03:32,102] {processor.py:651} INFO - DAG(s) dict_keys(['example_nested_branch_dag']) retrieved from /home/airflow/.local/lib/python3.7/site-packages/airflow/example_dags/example_nested_branch_dag.py
[2023-11-04 21:03:32,130] {logging_mixin.py:115} INFO - [2023-11-04 21:03:32,130] {dag.py:2420} INFO - Sync 1 DAGs
[2023-11-04 21:03:32,161] {logging_mixin.py:115} INFO - [2023-11-04 21:03:32,161] {dag.py:2972} INFO - Setting next_dagrun for example_nested_branch_dag to 2023-11-03T00:00:00+00:00, run_after=2023-11-04T00:00:00+00:00
[2023-11-04 21:03:32,174] {processor.py:161} INFO - Processing /home/airflow/.local/lib/python3.7/site-packages/airflow/example_dags/example_nested_branch_dag.py took 0.089 seconds
[2023-11-04 21:04:02,222] {processor.py:153} INFO - Started process (PID=791) to work on /home/airflow/.local/lib/python3.7/site-packages/airflow/example_dags/example_nested_branch_dag.py
[2023-11-04 21:04:02,223] {processor.py:641} INFO - Processing file /home/airflow/.local/lib/python3.7/site-packages/airflow/example_dags/example_nested_branch_dag.py for tasks to queue
[2023-11-04 21:04:02,224] {logging_mixin.py:115} INFO - [2023-11-04 21:04:02,224] {dagbag.py:508} INFO - Filling up the DagBag from /home/airflow/.local/lib/python3.7/site-packages/airflow/example_dags/example_nested_branch_dag.py
[2023-11-04 21:04:02,236] {processor.py:651} INFO - DAG(s) dict_keys(['example_nested_branch_dag']) retrieved from /home/airflow/.local/lib/python3.7/site-packages/airflow/example_dags/example_nested_branch_dag.py
[2023-11-04 21:04:02,273] {logging_mixin.py:115} INFO - [2023-11-04 21:04:02,273] {dag.py:2420} INFO - Sync 1 DAGs
[2023-11-04 21:04:02,304] {logging_mixin.py:115} INFO - [2023-11-04 21:04:02,304] {dag.py:2972} INFO - Setting next_dagrun for example_nested_branch_dag to 2023-11-03T00:00:00+00:00, run_after=2023-11-04T00:00:00+00:00
[2023-11-04 21:04:02,323] {processor.py:161} INFO - Processing /home/airflow/.local/lib/python3.7/site-packages/airflow/example_dags/example_nested_branch_dag.py took 0.104 seconds
[2023-11-04 21:04:32,503] {processor.py:153} INFO - Started process (PID=843) to work on /home/airflow/.local/lib/python3.7/site-packages/airflow/example_dags/example_nested_branch_dag.py
[2023-11-04 21:04:32,504] {processor.py:641} INFO - Processing file /home/airflow/.local/lib/python3.7/site-packages/airflow/example_dags/example_nested_branch_dag.py for tasks to queue
[2023-11-04 21:04:32,505] {logging_mixin.py:115} INFO - [2023-11-04 21:04:32,505] {dagbag.py:508} INFO - Filling up the DagBag from /home/airflow/.local/lib/python3.7/site-packages/airflow/example_dags/example_nested_branch_dag.py
[2023-11-04 21:04:32,520] {processor.py:651} INFO - DAG(s) dict_keys(['example_nested_branch_dag']) retrieved from /home/airflow/.local/lib/python3.7/site-packages/airflow/example_dags/example_nested_branch_dag.py
[2023-11-04 21:04:32,557] {logging_mixin.py:115} INFO - [2023-11-04 21:04:32,557] {dag.py:2420} INFO - Sync 1 DAGs
[2023-11-04 21:04:32,591] {logging_mixin.py:115} INFO - [2023-11-04 21:04:32,591] {dag.py:2972} INFO - Setting next_dagrun for example_nested_branch_dag to 2023-11-03T00:00:00+00:00, run_after=2023-11-04T00:00:00+00:00
[2023-11-04 21:04:32,622] {processor.py:161} INFO - Processing /home/airflow/.local/lib/python3.7/site-packages/airflow/example_dags/example_nested_branch_dag.py took 0.126 seconds
[2023-11-04 21:05:03,443] {processor.py:153} INFO - Started process (PID=904) to work on /home/airflow/.local/lib/python3.7/site-packages/airflow/example_dags/example_nested_branch_dag.py
[2023-11-04 21:05:03,444] {processor.py:641} INFO - Processing file /home/airflow/.local/lib/python3.7/site-packages/airflow/example_dags/example_nested_branch_dag.py for tasks to queue
[2023-11-04 21:05:03,445] {logging_mixin.py:115} INFO - [2023-11-04 21:05:03,445] {dagbag.py:508} INFO - Filling up the DagBag from /home/airflow/.local/lib/python3.7/site-packages/airflow/example_dags/example_nested_branch_dag.py
[2023-11-04 21:05:03,457] {processor.py:651} INFO - DAG(s) dict_keys(['example_nested_branch_dag']) retrieved from /home/airflow/.local/lib/python3.7/site-packages/airflow/example_dags/example_nested_branch_dag.py
[2023-11-04 21:05:03,484] {logging_mixin.py:115} INFO - [2023-11-04 21:05:03,484] {dag.py:2420} INFO - Sync 1 DAGs
[2023-11-04 21:05:03,509] {logging_mixin.py:115} INFO - [2023-11-04 21:05:03,509] {dag.py:2972} INFO - Setting next_dagrun for example_nested_branch_dag to 2023-11-03T00:00:00+00:00, run_after=2023-11-04T00:00:00+00:00
[2023-11-04 21:05:03,522] {processor.py:161} INFO - Processing /home/airflow/.local/lib/python3.7/site-packages/airflow/example_dags/example_nested_branch_dag.py took 0.082 seconds
[2023-11-04 21:05:33,696] {processor.py:153} INFO - Started process (PID=956) to work on /home/airflow/.local/lib/python3.7/site-packages/airflow/example_dags/example_nested_branch_dag.py
[2023-11-04 21:05:33,713] {processor.py:641} INFO - Processing file /home/airflow/.local/lib/python3.7/site-packages/airflow/example_dags/example_nested_branch_dag.py for tasks to queue
[2023-11-04 21:05:33,714] {logging_mixin.py:115} INFO - [2023-11-04 21:05:33,714] {dagbag.py:508} INFO - Filling up the DagBag from /home/airflow/.local/lib/python3.7/site-packages/airflow/example_dags/example_nested_branch_dag.py
[2023-11-04 21:05:33,726] {processor.py:651} INFO - DAG(s) dict_keys(['example_nested_branch_dag']) retrieved from /home/airflow/.local/lib/python3.7/site-packages/airflow/example_dags/example_nested_branch_dag.py
[2023-11-04 21:05:33,757] {logging_mixin.py:115} INFO - [2023-11-04 21:05:33,757] {dag.py:2420} INFO - Sync 1 DAGs
[2023-11-04 21:05:33,782] {logging_mixin.py:115} INFO - [2023-11-04 21:05:33,781] {dag.py:2972} INFO - Setting next_dagrun for example_nested_branch_dag to 2023-11-03T00:00:00+00:00, run_after=2023-11-04T00:00:00+00:00
[2023-11-04 21:05:33,793] {processor.py:161} INFO - Processing /home/airflow/.local/lib/python3.7/site-packages/airflow/example_dags/example_nested_branch_dag.py took 0.102 seconds
[2023-11-04 21:06:19,055] {processor.py:153} INFO - Started process (PID=79) to work on /home/airflow/.local/lib/python3.7/site-packages/airflow/example_dags/example_nested_branch_dag.py
[2023-11-04 21:06:19,056] {processor.py:641} INFO - Processing file /home/airflow/.local/lib/python3.7/site-packages/airflow/example_dags/example_nested_branch_dag.py for tasks to queue
[2023-11-04 21:06:19,058] {logging_mixin.py:115} INFO - [2023-11-04 21:06:19,058] {dagbag.py:508} INFO - Filling up the DagBag from /home/airflow/.local/lib/python3.7/site-packages/airflow/example_dags/example_nested_branch_dag.py
[2023-11-04 21:06:19,075] {processor.py:651} INFO - DAG(s) dict_keys(['example_nested_branch_dag']) retrieved from /home/airflow/.local/lib/python3.7/site-packages/airflow/example_dags/example_nested_branch_dag.py
[2023-11-04 21:06:19,143] {logging_mixin.py:115} INFO - [2023-11-04 21:06:19,143] {dag.py:2420} INFO - Sync 1 DAGs
[2023-11-04 21:06:19,377] {logging_mixin.py:115} INFO - [2023-11-04 21:06:19,377] {dag.py:2972} INFO - Setting next_dagrun for example_nested_branch_dag to 2023-11-03T00:00:00+00:00, run_after=2023-11-04T00:00:00+00:00
[2023-11-04 21:06:19,401] {processor.py:161} INFO - Processing /home/airflow/.local/lib/python3.7/site-packages/airflow/example_dags/example_nested_branch_dag.py took 0.352 seconds
[2023-11-04 21:06:49,651] {processor.py:153} INFO - Started process (PID=141) to work on /home/airflow/.local/lib/python3.7/site-packages/airflow/example_dags/example_nested_branch_dag.py
[2023-11-04 21:06:49,652] {processor.py:641} INFO - Processing file /home/airflow/.local/lib/python3.7/site-packages/airflow/example_dags/example_nested_branch_dag.py for tasks to queue
[2023-11-04 21:06:49,653] {logging_mixin.py:115} INFO - [2023-11-04 21:06:49,653] {dagbag.py:508} INFO - Filling up the DagBag from /home/airflow/.local/lib/python3.7/site-packages/airflow/example_dags/example_nested_branch_dag.py
[2023-11-04 21:06:49,667] {processor.py:651} INFO - DAG(s) dict_keys(['example_nested_branch_dag']) retrieved from /home/airflow/.local/lib/python3.7/site-packages/airflow/example_dags/example_nested_branch_dag.py
[2023-11-04 21:06:49,701] {logging_mixin.py:115} INFO - [2023-11-04 21:06:49,701] {dag.py:2420} INFO - Sync 1 DAGs
[2023-11-04 21:06:49,855] {logging_mixin.py:115} INFO - [2023-11-04 21:06:49,855] {dag.py:2972} INFO - Setting next_dagrun for example_nested_branch_dag to 2023-11-03T00:00:00+00:00, run_after=2023-11-04T00:00:00+00:00
[2023-11-04 21:06:49,868] {processor.py:161} INFO - Processing /home/airflow/.local/lib/python3.7/site-packages/airflow/example_dags/example_nested_branch_dag.py took 0.223 seconds
[2023-11-04 21:07:20,179] {processor.py:153} INFO - Started process (PID=194) to work on /home/airflow/.local/lib/python3.7/site-packages/airflow/example_dags/example_nested_branch_dag.py
[2023-11-04 21:07:20,179] {processor.py:641} INFO - Processing file /home/airflow/.local/lib/python3.7/site-packages/airflow/example_dags/example_nested_branch_dag.py for tasks to queue
[2023-11-04 21:07:20,180] {logging_mixin.py:115} INFO - [2023-11-04 21:07:20,180] {dagbag.py:508} INFO - Filling up the DagBag from /home/airflow/.local/lib/python3.7/site-packages/airflow/example_dags/example_nested_branch_dag.py
[2023-11-04 21:07:20,194] {processor.py:651} INFO - DAG(s) dict_keys(['example_nested_branch_dag']) retrieved from /home/airflow/.local/lib/python3.7/site-packages/airflow/example_dags/example_nested_branch_dag.py
[2023-11-04 21:07:20,225] {logging_mixin.py:115} INFO - [2023-11-04 21:07:20,225] {dag.py:2420} INFO - Sync 1 DAGs
[2023-11-04 21:07:20,365] {logging_mixin.py:115} INFO - [2023-11-04 21:07:20,365] {dag.py:2972} INFO - Setting next_dagrun for example_nested_branch_dag to 2023-11-03T00:00:00+00:00, run_after=2023-11-04T00:00:00+00:00
[2023-11-04 21:07:20,379] {processor.py:161} INFO - Processing /home/airflow/.local/lib/python3.7/site-packages/airflow/example_dags/example_nested_branch_dag.py took 0.206 seconds
[2023-11-04 21:07:50,592] {processor.py:153} INFO - Started process (PID=256) to work on /home/airflow/.local/lib/python3.7/site-packages/airflow/example_dags/example_nested_branch_dag.py
[2023-11-04 21:07:50,593] {processor.py:641} INFO - Processing file /home/airflow/.local/lib/python3.7/site-packages/airflow/example_dags/example_nested_branch_dag.py for tasks to queue
[2023-11-04 21:07:50,594] {logging_mixin.py:115} INFO - [2023-11-04 21:07:50,594] {dagbag.py:508} INFO - Filling up the DagBag from /home/airflow/.local/lib/python3.7/site-packages/airflow/example_dags/example_nested_branch_dag.py
[2023-11-04 21:07:50,608] {processor.py:651} INFO - DAG(s) dict_keys(['example_nested_branch_dag']) retrieved from /home/airflow/.local/lib/python3.7/site-packages/airflow/example_dags/example_nested_branch_dag.py
[2023-11-04 21:07:50,642] {logging_mixin.py:115} INFO - [2023-11-04 21:07:50,641] {dag.py:2420} INFO - Sync 1 DAGs
[2023-11-04 21:07:50,802] {logging_mixin.py:115} INFO - [2023-11-04 21:07:50,802] {dag.py:2972} INFO - Setting next_dagrun for example_nested_branch_dag to 2023-11-03T00:00:00+00:00, run_after=2023-11-04T00:00:00+00:00
[2023-11-04 21:07:50,821] {processor.py:161} INFO - Processing /home/airflow/.local/lib/python3.7/site-packages/airflow/example_dags/example_nested_branch_dag.py took 0.233 seconds
[2023-11-04 21:08:20,850] {processor.py:153} INFO - Started process (PID=318) to work on /home/airflow/.local/lib/python3.7/site-packages/airflow/example_dags/example_nested_branch_dag.py
[2023-11-04 21:08:20,851] {processor.py:641} INFO - Processing file /home/airflow/.local/lib/python3.7/site-packages/airflow/example_dags/example_nested_branch_dag.py for tasks to queue
[2023-11-04 21:08:20,852] {logging_mixin.py:115} INFO - [2023-11-04 21:08:20,852] {dagbag.py:508} INFO - Filling up the DagBag from /home/airflow/.local/lib/python3.7/site-packages/airflow/example_dags/example_nested_branch_dag.py
[2023-11-04 21:08:20,866] {processor.py:651} INFO - DAG(s) dict_keys(['example_nested_branch_dag']) retrieved from /home/airflow/.local/lib/python3.7/site-packages/airflow/example_dags/example_nested_branch_dag.py
[2023-11-04 21:08:20,901] {logging_mixin.py:115} INFO - [2023-11-04 21:08:20,901] {dag.py:2420} INFO - Sync 1 DAGs
[2023-11-04 21:08:21,038] {logging_mixin.py:115} INFO - [2023-11-04 21:08:21,038] {dag.py:2972} INFO - Setting next_dagrun for example_nested_branch_dag to 2023-11-03T00:00:00+00:00, run_after=2023-11-04T00:00:00+00:00
[2023-11-04 21:08:21,056] {processor.py:161} INFO - Processing /home/airflow/.local/lib/python3.7/site-packages/airflow/example_dags/example_nested_branch_dag.py took 0.212 seconds
[2023-11-04 21:08:51,707] {processor.py:153} INFO - Started process (PID=372) to work on /home/airflow/.local/lib/python3.7/site-packages/airflow/example_dags/example_nested_branch_dag.py
[2023-11-04 21:08:51,707] {processor.py:641} INFO - Processing file /home/airflow/.local/lib/python3.7/site-packages/airflow/example_dags/example_nested_branch_dag.py for tasks to queue
[2023-11-04 21:08:51,708] {logging_mixin.py:115} INFO - [2023-11-04 21:08:51,708] {dagbag.py:508} INFO - Filling up the DagBag from /home/airflow/.local/lib/python3.7/site-packages/airflow/example_dags/example_nested_branch_dag.py
[2023-11-04 21:08:51,723] {processor.py:651} INFO - DAG(s) dict_keys(['example_nested_branch_dag']) retrieved from /home/airflow/.local/lib/python3.7/site-packages/airflow/example_dags/example_nested_branch_dag.py
[2023-11-04 21:08:51,762] {logging_mixin.py:115} INFO - [2023-11-04 21:08:51,761] {dag.py:2420} INFO - Sync 1 DAGs
[2023-11-04 21:08:51,917] {logging_mixin.py:115} INFO - [2023-11-04 21:08:51,917] {dag.py:2972} INFO - Setting next_dagrun for example_nested_branch_dag to 2023-11-03T00:00:00+00:00, run_after=2023-11-04T00:00:00+00:00
[2023-11-04 21:08:51,932] {processor.py:161} INFO - Processing /home/airflow/.local/lib/python3.7/site-packages/airflow/example_dags/example_nested_branch_dag.py took 0.230 seconds
[2023-11-04 21:09:22,414] {processor.py:153} INFO - Started process (PID=434) to work on /home/airflow/.local/lib/python3.7/site-packages/airflow/example_dags/example_nested_branch_dag.py
[2023-11-04 21:09:22,415] {processor.py:641} INFO - Processing file /home/airflow/.local/lib/python3.7/site-packages/airflow/example_dags/example_nested_branch_dag.py for tasks to queue
[2023-11-04 21:09:22,416] {logging_mixin.py:115} INFO - [2023-11-04 21:09:22,416] {dagbag.py:508} INFO - Filling up the DagBag from /home/airflow/.local/lib/python3.7/site-packages/airflow/example_dags/example_nested_branch_dag.py
[2023-11-04 21:09:22,429] {processor.py:651} INFO - DAG(s) dict_keys(['example_nested_branch_dag']) retrieved from /home/airflow/.local/lib/python3.7/site-packages/airflow/example_dags/example_nested_branch_dag.py
[2023-11-04 21:09:22,460] {logging_mixin.py:115} INFO - [2023-11-04 21:09:22,460] {dag.py:2420} INFO - Sync 1 DAGs
[2023-11-04 21:09:22,602] {logging_mixin.py:115} INFO - [2023-11-04 21:09:22,601] {dag.py:2972} INFO - Setting next_dagrun for example_nested_branch_dag to 2023-11-03T00:00:00+00:00, run_after=2023-11-04T00:00:00+00:00
[2023-11-04 21:09:22,615] {processor.py:161} INFO - Processing /home/airflow/.local/lib/python3.7/site-packages/airflow/example_dags/example_nested_branch_dag.py took 0.205 seconds
[2023-11-04 21:09:53,148] {processor.py:153} INFO - Started process (PID=496) to work on /home/airflow/.local/lib/python3.7/site-packages/airflow/example_dags/example_nested_branch_dag.py
[2023-11-04 21:09:53,149] {processor.py:641} INFO - Processing file /home/airflow/.local/lib/python3.7/site-packages/airflow/example_dags/example_nested_branch_dag.py for tasks to queue
[2023-11-04 21:09:53,150] {logging_mixin.py:115} INFO - [2023-11-04 21:09:53,150] {dagbag.py:508} INFO - Filling up the DagBag from /home/airflow/.local/lib/python3.7/site-packages/airflow/example_dags/example_nested_branch_dag.py
[2023-11-04 21:09:53,163] {processor.py:651} INFO - DAG(s) dict_keys(['example_nested_branch_dag']) retrieved from /home/airflow/.local/lib/python3.7/site-packages/airflow/example_dags/example_nested_branch_dag.py
[2023-11-04 21:09:53,196] {logging_mixin.py:115} INFO - [2023-11-04 21:09:53,196] {dag.py:2420} INFO - Sync 1 DAGs
[2023-11-04 21:09:53,325] {logging_mixin.py:115} INFO - [2023-11-04 21:09:53,325] {dag.py:2972} INFO - Setting next_dagrun for example_nested_branch_dag to 2023-11-03T00:00:00+00:00, run_after=2023-11-04T00:00:00+00:00
[2023-11-04 21:09:53,358] {processor.py:161} INFO - Processing /home/airflow/.local/lib/python3.7/site-packages/airflow/example_dags/example_nested_branch_dag.py took 0.214 seconds
[2023-11-04 21:10:23,433] {processor.py:153} INFO - Started process (PID=549) to work on /home/airflow/.local/lib/python3.7/site-packages/airflow/example_dags/example_nested_branch_dag.py
[2023-11-04 21:10:23,435] {processor.py:641} INFO - Processing file /home/airflow/.local/lib/python3.7/site-packages/airflow/example_dags/example_nested_branch_dag.py for tasks to queue
[2023-11-04 21:10:23,436] {logging_mixin.py:115} INFO - [2023-11-04 21:10:23,436] {dagbag.py:508} INFO - Filling up the DagBag from /home/airflow/.local/lib/python3.7/site-packages/airflow/example_dags/example_nested_branch_dag.py
[2023-11-04 21:10:23,449] {processor.py:651} INFO - DAG(s) dict_keys(['example_nested_branch_dag']) retrieved from /home/airflow/.local/lib/python3.7/site-packages/airflow/example_dags/example_nested_branch_dag.py
[2023-11-04 21:10:23,484] {logging_mixin.py:115} INFO - [2023-11-04 21:10:23,484] {dag.py:2420} INFO - Sync 1 DAGs
[2023-11-04 21:10:23,635] {logging_mixin.py:115} INFO - [2023-11-04 21:10:23,635] {dag.py:2972} INFO - Setting next_dagrun for example_nested_branch_dag to 2023-11-03T00:00:00+00:00, run_after=2023-11-04T00:00:00+00:00
[2023-11-04 21:10:23,651] {processor.py:161} INFO - Processing /home/airflow/.local/lib/python3.7/site-packages/airflow/example_dags/example_nested_branch_dag.py took 0.222 seconds
[2023-11-04 21:10:53,808] {processor.py:153} INFO - Started process (PID=611) to work on /home/airflow/.local/lib/python3.7/site-packages/airflow/example_dags/example_nested_branch_dag.py
[2023-11-04 21:10:53,809] {processor.py:641} INFO - Processing file /home/airflow/.local/lib/python3.7/site-packages/airflow/example_dags/example_nested_branch_dag.py for tasks to queue
[2023-11-04 21:10:53,810] {logging_mixin.py:115} INFO - [2023-11-04 21:10:53,810] {dagbag.py:508} INFO - Filling up the DagBag from /home/airflow/.local/lib/python3.7/site-packages/airflow/example_dags/example_nested_branch_dag.py
[2023-11-04 21:10:53,827] {processor.py:651} INFO - DAG(s) dict_keys(['example_nested_branch_dag']) retrieved from /home/airflow/.local/lib/python3.7/site-packages/airflow/example_dags/example_nested_branch_dag.py
[2023-11-04 21:10:53,870] {logging_mixin.py:115} INFO - [2023-11-04 21:10:53,870] {dag.py:2420} INFO - Sync 1 DAGs
[2023-11-04 21:10:54,059] {logging_mixin.py:115} INFO - [2023-11-04 21:10:54,059] {dag.py:2972} INFO - Setting next_dagrun for example_nested_branch_dag to 2023-11-03T00:00:00+00:00, run_after=2023-11-04T00:00:00+00:00
[2023-11-04 21:10:54,077] {processor.py:161} INFO - Processing /home/airflow/.local/lib/python3.7/site-packages/airflow/example_dags/example_nested_branch_dag.py took 0.274 seconds
[2023-11-04 21:11:24,608] {processor.py:153} INFO - Started process (PID=673) to work on /home/airflow/.local/lib/python3.7/site-packages/airflow/example_dags/example_nested_branch_dag.py
[2023-11-04 21:11:24,609] {processor.py:641} INFO - Processing file /home/airflow/.local/lib/python3.7/site-packages/airflow/example_dags/example_nested_branch_dag.py for tasks to queue
[2023-11-04 21:11:24,610] {logging_mixin.py:115} INFO - [2023-11-04 21:11:24,610] {dagbag.py:508} INFO - Filling up the DagBag from /home/airflow/.local/lib/python3.7/site-packages/airflow/example_dags/example_nested_branch_dag.py
[2023-11-04 21:11:24,627] {processor.py:651} INFO - DAG(s) dict_keys(['example_nested_branch_dag']) retrieved from /home/airflow/.local/lib/python3.7/site-packages/airflow/example_dags/example_nested_branch_dag.py
[2023-11-04 21:11:24,661] {logging_mixin.py:115} INFO - [2023-11-04 21:11:24,661] {dag.py:2420} INFO - Sync 1 DAGs
[2023-11-04 21:11:24,797] {logging_mixin.py:115} INFO - [2023-11-04 21:11:24,797] {dag.py:2972} INFO - Setting next_dagrun for example_nested_branch_dag to 2023-11-03T00:00:00+00:00, run_after=2023-11-04T00:00:00+00:00
[2023-11-04 21:11:24,811] {processor.py:161} INFO - Processing /home/airflow/.local/lib/python3.7/site-packages/airflow/example_dags/example_nested_branch_dag.py took 0.207 seconds
[2023-11-04 21:11:55,296] {processor.py:153} INFO - Started process (PID=726) to work on /home/airflow/.local/lib/python3.7/site-packages/airflow/example_dags/example_nested_branch_dag.py
[2023-11-04 21:11:55,297] {processor.py:641} INFO - Processing file /home/airflow/.local/lib/python3.7/site-packages/airflow/example_dags/example_nested_branch_dag.py for tasks to queue
[2023-11-04 21:11:55,298] {logging_mixin.py:115} INFO - [2023-11-04 21:11:55,298] {dagbag.py:508} INFO - Filling up the DagBag from /home/airflow/.local/lib/python3.7/site-packages/airflow/example_dags/example_nested_branch_dag.py
[2023-11-04 21:11:55,314] {processor.py:651} INFO - DAG(s) dict_keys(['example_nested_branch_dag']) retrieved from /home/airflow/.local/lib/python3.7/site-packages/airflow/example_dags/example_nested_branch_dag.py
[2023-11-04 21:11:55,357] {logging_mixin.py:115} INFO - [2023-11-04 21:11:55,357] {dag.py:2420} INFO - Sync 1 DAGs
[2023-11-04 21:11:55,544] {logging_mixin.py:115} INFO - [2023-11-04 21:11:55,543] {dag.py:2972} INFO - Setting next_dagrun for example_nested_branch_dag to 2023-11-03T00:00:00+00:00, run_after=2023-11-04T00:00:00+00:00
[2023-11-04 21:11:55,564] {processor.py:161} INFO - Processing /home/airflow/.local/lib/python3.7/site-packages/airflow/example_dags/example_nested_branch_dag.py took 0.274 seconds
[2023-11-04 21:12:26,066] {processor.py:153} INFO - Started process (PID=788) to work on /home/airflow/.local/lib/python3.7/site-packages/airflow/example_dags/example_nested_branch_dag.py
[2023-11-04 21:12:26,068] {processor.py:641} INFO - Processing file /home/airflow/.local/lib/python3.7/site-packages/airflow/example_dags/example_nested_branch_dag.py for tasks to queue
[2023-11-04 21:12:26,069] {logging_mixin.py:115} INFO - [2023-11-04 21:12:26,069] {dagbag.py:508} INFO - Filling up the DagBag from /home/airflow/.local/lib/python3.7/site-packages/airflow/example_dags/example_nested_branch_dag.py
[2023-11-04 21:12:26,092] {processor.py:651} INFO - DAG(s) dict_keys(['example_nested_branch_dag']) retrieved from /home/airflow/.local/lib/python3.7/site-packages/airflow/example_dags/example_nested_branch_dag.py
[2023-11-04 21:12:26,160] {logging_mixin.py:115} INFO - [2023-11-04 21:12:26,160] {dag.py:2420} INFO - Sync 1 DAGs
[2023-11-04 21:12:26,478] {logging_mixin.py:115} INFO - [2023-11-04 21:12:26,478] {dag.py:2972} INFO - Setting next_dagrun for example_nested_branch_dag to 2023-11-03T00:00:00+00:00, run_after=2023-11-04T00:00:00+00:00
[2023-11-04 21:12:26,515] {processor.py:161} INFO - Processing /home/airflow/.local/lib/python3.7/site-packages/airflow/example_dags/example_nested_branch_dag.py took 0.456 seconds
[2023-11-04 21:12:58,741] {processor.py:153} INFO - Started process (PID=841) to work on /home/airflow/.local/lib/python3.7/site-packages/airflow/example_dags/example_nested_branch_dag.py
[2023-11-04 21:12:58,742] {processor.py:641} INFO - Processing file /home/airflow/.local/lib/python3.7/site-packages/airflow/example_dags/example_nested_branch_dag.py for tasks to queue
[2023-11-04 21:12:58,744] {logging_mixin.py:115} INFO - [2023-11-04 21:12:58,743] {dagbag.py:508} INFO - Filling up the DagBag from /home/airflow/.local/lib/python3.7/site-packages/airflow/example_dags/example_nested_branch_dag.py
[2023-11-04 21:12:58,772] {processor.py:651} INFO - DAG(s) dict_keys(['example_nested_branch_dag']) retrieved from /home/airflow/.local/lib/python3.7/site-packages/airflow/example_dags/example_nested_branch_dag.py
[2023-11-04 21:12:59,035] {logging_mixin.py:115} INFO - [2023-11-04 21:12:59,034] {dag.py:2420} INFO - Sync 1 DAGs
[2023-11-04 21:12:59,737] {logging_mixin.py:115} INFO - [2023-11-04 21:12:59,737] {dag.py:2972} INFO - Setting next_dagrun for example_nested_branch_dag to 2023-11-03T00:00:00+00:00, run_after=2023-11-04T00:00:00+00:00
[2023-11-04 21:12:59,786] {processor.py:161} INFO - Processing /home/airflow/.local/lib/python3.7/site-packages/airflow/example_dags/example_nested_branch_dag.py took 1.064 seconds
[2023-11-04 21:15:29,539] {processor.py:153} INFO - Started process (PID=88) to work on /home/airflow/.local/lib/python3.7/site-packages/airflow/example_dags/example_nested_branch_dag.py
[2023-11-04 21:15:29,541] {processor.py:641} INFO - Processing file /home/airflow/.local/lib/python3.7/site-packages/airflow/example_dags/example_nested_branch_dag.py for tasks to queue
[2023-11-04 21:15:29,544] {logging_mixin.py:115} INFO - [2023-11-04 21:15:29,543] {dagbag.py:508} INFO - Filling up the DagBag from /home/airflow/.local/lib/python3.7/site-packages/airflow/example_dags/example_nested_branch_dag.py
[2023-11-04 21:15:29,584] {processor.py:651} INFO - DAG(s) dict_keys(['example_nested_branch_dag']) retrieved from /home/airflow/.local/lib/python3.7/site-packages/airflow/example_dags/example_nested_branch_dag.py
[2023-11-04 21:15:29,681] {logging_mixin.py:115} INFO - [2023-11-04 21:15:29,681] {dag.py:2420} INFO - Sync 1 DAGs
[2023-11-04 21:15:30,109] {logging_mixin.py:115} INFO - [2023-11-04 21:15:30,109] {dag.py:2972} INFO - Setting next_dagrun for example_nested_branch_dag to 2023-11-03T00:00:00+00:00, run_after=2023-11-04T00:00:00+00:00
[2023-11-04 21:15:30,162] {processor.py:161} INFO - Processing /home/airflow/.local/lib/python3.7/site-packages/airflow/example_dags/example_nested_branch_dag.py took 0.632 seconds
[2023-11-04 21:16:00,545] {processor.py:153} INFO - Started process (PID=141) to work on /home/airflow/.local/lib/python3.7/site-packages/airflow/example_dags/example_nested_branch_dag.py
[2023-11-04 21:16:00,547] {processor.py:641} INFO - Processing file /home/airflow/.local/lib/python3.7/site-packages/airflow/example_dags/example_nested_branch_dag.py for tasks to queue
[2023-11-04 21:16:00,549] {logging_mixin.py:115} INFO - [2023-11-04 21:16:00,548] {dagbag.py:508} INFO - Filling up the DagBag from /home/airflow/.local/lib/python3.7/site-packages/airflow/example_dags/example_nested_branch_dag.py
[2023-11-04 21:16:00,573] {processor.py:651} INFO - DAG(s) dict_keys(['example_nested_branch_dag']) retrieved from /home/airflow/.local/lib/python3.7/site-packages/airflow/example_dags/example_nested_branch_dag.py
[2023-11-04 21:16:00,632] {logging_mixin.py:115} INFO - [2023-11-04 21:16:00,632] {dag.py:2420} INFO - Sync 1 DAGs
[2023-11-04 21:16:00,868] {logging_mixin.py:115} INFO - [2023-11-04 21:16:00,868] {dag.py:2972} INFO - Setting next_dagrun for example_nested_branch_dag to 2023-11-03T00:00:00+00:00, run_after=2023-11-04T00:00:00+00:00
[2023-11-04 21:16:00,904] {processor.py:161} INFO - Processing /home/airflow/.local/lib/python3.7/site-packages/airflow/example_dags/example_nested_branch_dag.py took 0.367 seconds
[2023-11-04 21:16:31,198] {processor.py:153} INFO - Started process (PID=194) to work on /home/airflow/.local/lib/python3.7/site-packages/airflow/example_dags/example_nested_branch_dag.py
[2023-11-04 21:16:31,200] {processor.py:641} INFO - Processing file /home/airflow/.local/lib/python3.7/site-packages/airflow/example_dags/example_nested_branch_dag.py for tasks to queue
[2023-11-04 21:16:31,203] {logging_mixin.py:115} INFO - [2023-11-04 21:16:31,203] {dagbag.py:508} INFO - Filling up the DagBag from /home/airflow/.local/lib/python3.7/site-packages/airflow/example_dags/example_nested_branch_dag.py
[2023-11-04 21:16:31,228] {processor.py:651} INFO - DAG(s) dict_keys(['example_nested_branch_dag']) retrieved from /home/airflow/.local/lib/python3.7/site-packages/airflow/example_dags/example_nested_branch_dag.py
[2023-11-04 21:16:31,309] {logging_mixin.py:115} INFO - [2023-11-04 21:16:31,309] {dag.py:2420} INFO - Sync 1 DAGs
[2023-11-04 21:16:31,620] {logging_mixin.py:115} INFO - [2023-11-04 21:16:31,619] {dag.py:2972} INFO - Setting next_dagrun for example_nested_branch_dag to 2023-11-03T00:00:00+00:00, run_after=2023-11-04T00:00:00+00:00
[2023-11-04 21:16:31,672] {processor.py:161} INFO - Processing /home/airflow/.local/lib/python3.7/site-packages/airflow/example_dags/example_nested_branch_dag.py took 0.479 seconds
[2023-11-04 21:17:01,870] {processor.py:153} INFO - Started process (PID=247) to work on /home/airflow/.local/lib/python3.7/site-packages/airflow/example_dags/example_nested_branch_dag.py
[2023-11-04 21:17:01,873] {processor.py:641} INFO - Processing file /home/airflow/.local/lib/python3.7/site-packages/airflow/example_dags/example_nested_branch_dag.py for tasks to queue
[2023-11-04 21:17:01,875] {logging_mixin.py:115} INFO - [2023-11-04 21:17:01,875] {dagbag.py:508} INFO - Filling up the DagBag from /home/airflow/.local/lib/python3.7/site-packages/airflow/example_dags/example_nested_branch_dag.py
[2023-11-04 21:17:01,898] {processor.py:651} INFO - DAG(s) dict_keys(['example_nested_branch_dag']) retrieved from /home/airflow/.local/lib/python3.7/site-packages/airflow/example_dags/example_nested_branch_dag.py
[2023-11-04 21:17:01,975] {logging_mixin.py:115} INFO - [2023-11-04 21:17:01,974] {dag.py:2420} INFO - Sync 1 DAGs
[2023-11-04 21:17:02,280] {logging_mixin.py:115} INFO - [2023-11-04 21:17:02,280] {dag.py:2972} INFO - Setting next_dagrun for example_nested_branch_dag to 2023-11-03T00:00:00+00:00, run_after=2023-11-04T00:00:00+00:00
[2023-11-04 21:17:02,316] {processor.py:161} INFO - Processing /home/airflow/.local/lib/python3.7/site-packages/airflow/example_dags/example_nested_branch_dag.py took 0.454 seconds
[2023-11-04 21:17:32,421] {processor.py:153} INFO - Started process (PID=309) to work on /home/airflow/.local/lib/python3.7/site-packages/airflow/example_dags/example_nested_branch_dag.py
[2023-11-04 21:17:32,428] {processor.py:641} INFO - Processing file /home/airflow/.local/lib/python3.7/site-packages/airflow/example_dags/example_nested_branch_dag.py for tasks to queue
[2023-11-04 21:17:32,430] {logging_mixin.py:115} INFO - [2023-11-04 21:17:32,430] {dagbag.py:508} INFO - Filling up the DagBag from /home/airflow/.local/lib/python3.7/site-packages/airflow/example_dags/example_nested_branch_dag.py
[2023-11-04 21:17:32,456] {processor.py:651} INFO - DAG(s) dict_keys(['example_nested_branch_dag']) retrieved from /home/airflow/.local/lib/python3.7/site-packages/airflow/example_dags/example_nested_branch_dag.py
[2023-11-04 21:17:32,521] {logging_mixin.py:115} INFO - [2023-11-04 21:17:32,521] {dag.py:2420} INFO - Sync 1 DAGs
[2023-11-04 21:17:32,781] {logging_mixin.py:115} INFO - [2023-11-04 21:17:32,781] {dag.py:2972} INFO - Setting next_dagrun for example_nested_branch_dag to 2023-11-03T00:00:00+00:00, run_after=2023-11-04T00:00:00+00:00
[2023-11-04 21:17:32,808] {processor.py:161} INFO - Processing /home/airflow/.local/lib/python3.7/site-packages/airflow/example_dags/example_nested_branch_dag.py took 0.393 seconds
[2023-11-04 21:18:03,494] {processor.py:153} INFO - Started process (PID=362) to work on /home/airflow/.local/lib/python3.7/site-packages/airflow/example_dags/example_nested_branch_dag.py
[2023-11-04 21:18:03,495] {processor.py:641} INFO - Processing file /home/airflow/.local/lib/python3.7/site-packages/airflow/example_dags/example_nested_branch_dag.py for tasks to queue
[2023-11-04 21:18:03,496] {logging_mixin.py:115} INFO - [2023-11-04 21:18:03,496] {dagbag.py:508} INFO - Filling up the DagBag from /home/airflow/.local/lib/python3.7/site-packages/airflow/example_dags/example_nested_branch_dag.py
[2023-11-04 21:18:03,515] {processor.py:651} INFO - DAG(s) dict_keys(['example_nested_branch_dag']) retrieved from /home/airflow/.local/lib/python3.7/site-packages/airflow/example_dags/example_nested_branch_dag.py
[2023-11-04 21:18:03,574] {logging_mixin.py:115} INFO - [2023-11-04 21:18:03,573] {dag.py:2420} INFO - Sync 1 DAGs
[2023-11-04 21:18:03,798] {logging_mixin.py:115} INFO - [2023-11-04 21:18:03,798] {dag.py:2972} INFO - Setting next_dagrun for example_nested_branch_dag to 2023-11-03T00:00:00+00:00, run_after=2023-11-04T00:00:00+00:00
[2023-11-04 21:18:03,824] {processor.py:161} INFO - Processing /home/airflow/.local/lib/python3.7/site-packages/airflow/example_dags/example_nested_branch_dag.py took 0.337 seconds
[2023-11-04 21:18:34,177] {processor.py:153} INFO - Started process (PID=415) to work on /home/airflow/.local/lib/python3.7/site-packages/airflow/example_dags/example_nested_branch_dag.py
[2023-11-04 21:18:34,179] {processor.py:641} INFO - Processing file /home/airflow/.local/lib/python3.7/site-packages/airflow/example_dags/example_nested_branch_dag.py for tasks to queue
[2023-11-04 21:18:34,181] {logging_mixin.py:115} INFO - [2023-11-04 21:18:34,181] {dagbag.py:508} INFO - Filling up the DagBag from /home/airflow/.local/lib/python3.7/site-packages/airflow/example_dags/example_nested_branch_dag.py
[2023-11-04 21:18:34,218] {processor.py:651} INFO - DAG(s) dict_keys(['example_nested_branch_dag']) retrieved from /home/airflow/.local/lib/python3.7/site-packages/airflow/example_dags/example_nested_branch_dag.py
[2023-11-04 21:18:34,313] {logging_mixin.py:115} INFO - [2023-11-04 21:18:34,313] {dag.py:2420} INFO - Sync 1 DAGs
[2023-11-04 21:18:34,545] {logging_mixin.py:115} INFO - [2023-11-04 21:18:34,545] {dag.py:2972} INFO - Setting next_dagrun for example_nested_branch_dag to 2023-11-03T00:00:00+00:00, run_after=2023-11-04T00:00:00+00:00
[2023-11-04 21:18:34,566] {processor.py:161} INFO - Processing /home/airflow/.local/lib/python3.7/site-packages/airflow/example_dags/example_nested_branch_dag.py took 0.396 seconds
[2023-11-04 21:19:04,958] {processor.py:153} INFO - Started process (PID=484) to work on /home/airflow/.local/lib/python3.7/site-packages/airflow/example_dags/example_nested_branch_dag.py
[2023-11-04 21:19:04,960] {processor.py:641} INFO - Processing file /home/airflow/.local/lib/python3.7/site-packages/airflow/example_dags/example_nested_branch_dag.py for tasks to queue
[2023-11-04 21:19:04,962] {logging_mixin.py:115} INFO - [2023-11-04 21:19:04,962] {dagbag.py:508} INFO - Filling up the DagBag from /home/airflow/.local/lib/python3.7/site-packages/airflow/example_dags/example_nested_branch_dag.py
[2023-11-04 21:19:04,994] {processor.py:651} INFO - DAG(s) dict_keys(['example_nested_branch_dag']) retrieved from /home/airflow/.local/lib/python3.7/site-packages/airflow/example_dags/example_nested_branch_dag.py
[2023-11-04 21:19:05,079] {logging_mixin.py:115} INFO - [2023-11-04 21:19:05,079] {dag.py:2420} INFO - Sync 1 DAGs
[2023-11-04 21:19:05,264] {logging_mixin.py:115} INFO - [2023-11-04 21:19:05,264] {dag.py:2972} INFO - Setting next_dagrun for example_nested_branch_dag to 2023-11-03T00:00:00+00:00, run_after=2023-11-04T00:00:00+00:00
[2023-11-04 21:19:05,282] {processor.py:161} INFO - Processing /home/airflow/.local/lib/python3.7/site-packages/airflow/example_dags/example_nested_branch_dag.py took 0.335 seconds
[2023-11-04 21:19:35,746] {processor.py:153} INFO - Started process (PID=547) to work on /home/airflow/.local/lib/python3.7/site-packages/airflow/example_dags/example_nested_branch_dag.py
[2023-11-04 21:19:35,746] {processor.py:641} INFO - Processing file /home/airflow/.local/lib/python3.7/site-packages/airflow/example_dags/example_nested_branch_dag.py for tasks to queue
[2023-11-04 21:19:35,747] {logging_mixin.py:115} INFO - [2023-11-04 21:19:35,747] {dagbag.py:508} INFO - Filling up the DagBag from /home/airflow/.local/lib/python3.7/site-packages/airflow/example_dags/example_nested_branch_dag.py
[2023-11-04 21:19:35,761] {processor.py:651} INFO - DAG(s) dict_keys(['example_nested_branch_dag']) retrieved from /home/airflow/.local/lib/python3.7/site-packages/airflow/example_dags/example_nested_branch_dag.py
[2023-11-04 21:19:35,793] {logging_mixin.py:115} INFO - [2023-11-04 21:19:35,792] {dag.py:2420} INFO - Sync 1 DAGs
[2023-11-04 21:19:35,942] {logging_mixin.py:115} INFO - [2023-11-04 21:19:35,942] {dag.py:2972} INFO - Setting next_dagrun for example_nested_branch_dag to 2023-11-03T00:00:00+00:00, run_after=2023-11-04T00:00:00+00:00
[2023-11-04 21:19:35,957] {processor.py:161} INFO - Processing /home/airflow/.local/lib/python3.7/site-packages/airflow/example_dags/example_nested_branch_dag.py took 0.216 seconds
[2023-11-04 21:20:06,931] {processor.py:153} INFO - Started process (PID=600) to work on /home/airflow/.local/lib/python3.7/site-packages/airflow/example_dags/example_nested_branch_dag.py
[2023-11-04 21:20:06,933] {processor.py:641} INFO - Processing file /home/airflow/.local/lib/python3.7/site-packages/airflow/example_dags/example_nested_branch_dag.py for tasks to queue
[2023-11-04 21:20:06,934] {logging_mixin.py:115} INFO - [2023-11-04 21:20:06,934] {dagbag.py:508} INFO - Filling up the DagBag from /home/airflow/.local/lib/python3.7/site-packages/airflow/example_dags/example_nested_branch_dag.py
[2023-11-04 21:20:06,965] {processor.py:651} INFO - DAG(s) dict_keys(['example_nested_branch_dag']) retrieved from /home/airflow/.local/lib/python3.7/site-packages/airflow/example_dags/example_nested_branch_dag.py
[2023-11-04 21:20:07,061] {logging_mixin.py:115} INFO - [2023-11-04 21:20:07,060] {dag.py:2420} INFO - Sync 1 DAGs
[2023-11-04 21:20:07,461] {logging_mixin.py:115} INFO - [2023-11-04 21:20:07,461] {dag.py:2972} INFO - Setting next_dagrun for example_nested_branch_dag to 2023-11-03T00:00:00+00:00, run_after=2023-11-04T00:00:00+00:00
[2023-11-04 21:20:07,516] {processor.py:161} INFO - Processing /home/airflow/.local/lib/python3.7/site-packages/airflow/example_dags/example_nested_branch_dag.py took 0.594 seconds
[2023-11-04 21:20:38,093] {processor.py:153} INFO - Started process (PID=662) to work on /home/airflow/.local/lib/python3.7/site-packages/airflow/example_dags/example_nested_branch_dag.py
[2023-11-04 21:20:38,094] {processor.py:641} INFO - Processing file /home/airflow/.local/lib/python3.7/site-packages/airflow/example_dags/example_nested_branch_dag.py for tasks to queue
[2023-11-04 21:20:38,095] {logging_mixin.py:115} INFO - [2023-11-04 21:20:38,095] {dagbag.py:508} INFO - Filling up the DagBag from /home/airflow/.local/lib/python3.7/site-packages/airflow/example_dags/example_nested_branch_dag.py
[2023-11-04 21:20:38,111] {processor.py:651} INFO - DAG(s) dict_keys(['example_nested_branch_dag']) retrieved from /home/airflow/.local/lib/python3.7/site-packages/airflow/example_dags/example_nested_branch_dag.py
[2023-11-04 21:20:38,157] {logging_mixin.py:115} INFO - [2023-11-04 21:20:38,157] {dag.py:2420} INFO - Sync 1 DAGs
[2023-11-04 21:20:38,317] {logging_mixin.py:115} INFO - [2023-11-04 21:20:38,317] {dag.py:2972} INFO - Setting next_dagrun for example_nested_branch_dag to 2023-11-03T00:00:00+00:00, run_after=2023-11-04T00:00:00+00:00
[2023-11-04 21:20:38,333] {processor.py:161} INFO - Processing /home/airflow/.local/lib/python3.7/site-packages/airflow/example_dags/example_nested_branch_dag.py took 0.245 seconds
[2023-11-04 21:21:08,619] {processor.py:153} INFO - Started process (PID=724) to work on /home/airflow/.local/lib/python3.7/site-packages/airflow/example_dags/example_nested_branch_dag.py
[2023-11-04 21:21:08,620] {processor.py:641} INFO - Processing file /home/airflow/.local/lib/python3.7/site-packages/airflow/example_dags/example_nested_branch_dag.py for tasks to queue
[2023-11-04 21:21:08,621] {logging_mixin.py:115} INFO - [2023-11-04 21:21:08,621] {dagbag.py:508} INFO - Filling up the DagBag from /home/airflow/.local/lib/python3.7/site-packages/airflow/example_dags/example_nested_branch_dag.py
[2023-11-04 21:21:08,635] {processor.py:651} INFO - DAG(s) dict_keys(['example_nested_branch_dag']) retrieved from /home/airflow/.local/lib/python3.7/site-packages/airflow/example_dags/example_nested_branch_dag.py
[2023-11-04 21:21:08,672] {logging_mixin.py:115} INFO - [2023-11-04 21:21:08,671] {dag.py:2420} INFO - Sync 1 DAGs
[2023-11-04 21:21:08,895] {logging_mixin.py:115} INFO - [2023-11-04 21:21:08,895] {dag.py:2972} INFO - Setting next_dagrun for example_nested_branch_dag to 2023-11-03T00:00:00+00:00, run_after=2023-11-04T00:00:00+00:00
[2023-11-04 21:21:08,941] {processor.py:161} INFO - Processing /home/airflow/.local/lib/python3.7/site-packages/airflow/example_dags/example_nested_branch_dag.py took 0.326 seconds
[2023-11-04 21:21:38,999] {processor.py:153} INFO - Started process (PID=778) to work on /home/airflow/.local/lib/python3.7/site-packages/airflow/example_dags/example_nested_branch_dag.py
[2023-11-04 21:21:39,000] {processor.py:641} INFO - Processing file /home/airflow/.local/lib/python3.7/site-packages/airflow/example_dags/example_nested_branch_dag.py for tasks to queue
[2023-11-04 21:21:39,001] {logging_mixin.py:115} INFO - [2023-11-04 21:21:39,001] {dagbag.py:508} INFO - Filling up the DagBag from /home/airflow/.local/lib/python3.7/site-packages/airflow/example_dags/example_nested_branch_dag.py
[2023-11-04 21:21:39,014] {processor.py:651} INFO - DAG(s) dict_keys(['example_nested_branch_dag']) retrieved from /home/airflow/.local/lib/python3.7/site-packages/airflow/example_dags/example_nested_branch_dag.py
[2023-11-04 21:21:39,051] {logging_mixin.py:115} INFO - [2023-11-04 21:21:39,051] {dag.py:2420} INFO - Sync 1 DAGs
[2023-11-04 21:21:39,203] {logging_mixin.py:115} INFO - [2023-11-04 21:21:39,203] {dag.py:2972} INFO - Setting next_dagrun for example_nested_branch_dag to 2023-11-03T00:00:00+00:00, run_after=2023-11-04T00:00:00+00:00
[2023-11-04 21:21:39,217] {processor.py:161} INFO - Processing /home/airflow/.local/lib/python3.7/site-packages/airflow/example_dags/example_nested_branch_dag.py took 0.223 seconds
[2023-11-04 21:22:09,716] {processor.py:153} INFO - Started process (PID=840) to work on /home/airflow/.local/lib/python3.7/site-packages/airflow/example_dags/example_nested_branch_dag.py
[2023-11-04 21:22:09,717] {processor.py:641} INFO - Processing file /home/airflow/.local/lib/python3.7/site-packages/airflow/example_dags/example_nested_branch_dag.py for tasks to queue
[2023-11-04 21:22:09,718] {logging_mixin.py:115} INFO - [2023-11-04 21:22:09,718] {dagbag.py:508} INFO - Filling up the DagBag from /home/airflow/.local/lib/python3.7/site-packages/airflow/example_dags/example_nested_branch_dag.py
[2023-11-04 21:22:09,735] {processor.py:651} INFO - DAG(s) dict_keys(['example_nested_branch_dag']) retrieved from /home/airflow/.local/lib/python3.7/site-packages/airflow/example_dags/example_nested_branch_dag.py
[2023-11-04 21:22:09,773] {logging_mixin.py:115} INFO - [2023-11-04 21:22:09,772] {dag.py:2420} INFO - Sync 1 DAGs
[2023-11-04 21:22:09,928] {logging_mixin.py:115} INFO - [2023-11-04 21:22:09,928] {dag.py:2972} INFO - Setting next_dagrun for example_nested_branch_dag to 2023-11-03T00:00:00+00:00, run_after=2023-11-04T00:00:00+00:00
[2023-11-04 21:22:09,945] {processor.py:161} INFO - Processing /home/airflow/.local/lib/python3.7/site-packages/airflow/example_dags/example_nested_branch_dag.py took 0.234 seconds
[2023-11-04 21:22:40,015] {processor.py:153} INFO - Started process (PID=893) to work on /home/airflow/.local/lib/python3.7/site-packages/airflow/example_dags/example_nested_branch_dag.py
[2023-11-04 21:22:40,016] {processor.py:641} INFO - Processing file /home/airflow/.local/lib/python3.7/site-packages/airflow/example_dags/example_nested_branch_dag.py for tasks to queue
[2023-11-04 21:22:40,017] {logging_mixin.py:115} INFO - [2023-11-04 21:22:40,017] {dagbag.py:508} INFO - Filling up the DagBag from /home/airflow/.local/lib/python3.7/site-packages/airflow/example_dags/example_nested_branch_dag.py
[2023-11-04 21:22:40,030] {processor.py:651} INFO - DAG(s) dict_keys(['example_nested_branch_dag']) retrieved from /home/airflow/.local/lib/python3.7/site-packages/airflow/example_dags/example_nested_branch_dag.py
[2023-11-04 21:22:40,073] {logging_mixin.py:115} INFO - [2023-11-04 21:22:40,073] {dag.py:2420} INFO - Sync 1 DAGs
[2023-11-04 21:22:40,225] {logging_mixin.py:115} INFO - [2023-11-04 21:22:40,225] {dag.py:2972} INFO - Setting next_dagrun for example_nested_branch_dag to 2023-11-03T00:00:00+00:00, run_after=2023-11-04T00:00:00+00:00
[2023-11-04 21:22:40,244] {processor.py:161} INFO - Processing /home/airflow/.local/lib/python3.7/site-packages/airflow/example_dags/example_nested_branch_dag.py took 0.234 seconds
[2023-11-04 21:23:10,285] {processor.py:153} INFO - Started process (PID=955) to work on /home/airflow/.local/lib/python3.7/site-packages/airflow/example_dags/example_nested_branch_dag.py
[2023-11-04 21:23:10,286] {processor.py:641} INFO - Processing file /home/airflow/.local/lib/python3.7/site-packages/airflow/example_dags/example_nested_branch_dag.py for tasks to queue
[2023-11-04 21:23:10,286] {logging_mixin.py:115} INFO - [2023-11-04 21:23:10,286] {dagbag.py:508} INFO - Filling up the DagBag from /home/airflow/.local/lib/python3.7/site-packages/airflow/example_dags/example_nested_branch_dag.py
[2023-11-04 21:23:10,300] {processor.py:651} INFO - DAG(s) dict_keys(['example_nested_branch_dag']) retrieved from /home/airflow/.local/lib/python3.7/site-packages/airflow/example_dags/example_nested_branch_dag.py
[2023-11-04 21:23:10,344] {logging_mixin.py:115} INFO - [2023-11-04 21:23:10,343] {dag.py:2420} INFO - Sync 1 DAGs
[2023-11-04 21:23:10,467] {logging_mixin.py:115} INFO - [2023-11-04 21:23:10,467] {dag.py:2972} INFO - Setting next_dagrun for example_nested_branch_dag to 2023-11-03T00:00:00+00:00, run_after=2023-11-04T00:00:00+00:00
[2023-11-04 21:23:10,481] {processor.py:161} INFO - Processing /home/airflow/.local/lib/python3.7/site-packages/airflow/example_dags/example_nested_branch_dag.py took 0.201 seconds
[2023-11-04 21:23:40,758] {processor.py:153} INFO - Started process (PID=1017) to work on /home/airflow/.local/lib/python3.7/site-packages/airflow/example_dags/example_nested_branch_dag.py
[2023-11-04 21:23:40,759] {processor.py:641} INFO - Processing file /home/airflow/.local/lib/python3.7/site-packages/airflow/example_dags/example_nested_branch_dag.py for tasks to queue
[2023-11-04 21:23:40,760] {logging_mixin.py:115} INFO - [2023-11-04 21:23:40,760] {dagbag.py:508} INFO - Filling up the DagBag from /home/airflow/.local/lib/python3.7/site-packages/airflow/example_dags/example_nested_branch_dag.py
[2023-11-04 21:23:40,774] {processor.py:651} INFO - DAG(s) dict_keys(['example_nested_branch_dag']) retrieved from /home/airflow/.local/lib/python3.7/site-packages/airflow/example_dags/example_nested_branch_dag.py
[2023-11-04 21:23:40,805] {logging_mixin.py:115} INFO - [2023-11-04 21:23:40,805] {dag.py:2420} INFO - Sync 1 DAGs
[2023-11-04 21:23:40,929] {logging_mixin.py:115} INFO - [2023-11-04 21:23:40,929] {dag.py:2972} INFO - Setting next_dagrun for example_nested_branch_dag to 2023-11-03T00:00:00+00:00, run_after=2023-11-04T00:00:00+00:00
[2023-11-04 21:23:40,941] {processor.py:161} INFO - Processing /home/airflow/.local/lib/python3.7/site-packages/airflow/example_dags/example_nested_branch_dag.py took 0.187 seconds
[2023-11-04 21:24:11,228] {processor.py:153} INFO - Started process (PID=1070) to work on /home/airflow/.local/lib/python3.7/site-packages/airflow/example_dags/example_nested_branch_dag.py
[2023-11-04 21:24:11,229] {processor.py:641} INFO - Processing file /home/airflow/.local/lib/python3.7/site-packages/airflow/example_dags/example_nested_branch_dag.py for tasks to queue
[2023-11-04 21:24:11,230] {logging_mixin.py:115} INFO - [2023-11-04 21:24:11,230] {dagbag.py:508} INFO - Filling up the DagBag from /home/airflow/.local/lib/python3.7/site-packages/airflow/example_dags/example_nested_branch_dag.py
[2023-11-04 21:24:11,243] {processor.py:651} INFO - DAG(s) dict_keys(['example_nested_branch_dag']) retrieved from /home/airflow/.local/lib/python3.7/site-packages/airflow/example_dags/example_nested_branch_dag.py
[2023-11-04 21:24:11,273] {logging_mixin.py:115} INFO - [2023-11-04 21:24:11,273] {dag.py:2420} INFO - Sync 1 DAGs
[2023-11-04 21:24:11,406] {logging_mixin.py:115} INFO - [2023-11-04 21:24:11,406] {dag.py:2972} INFO - Setting next_dagrun for example_nested_branch_dag to 2023-11-03T00:00:00+00:00, run_after=2023-11-04T00:00:00+00:00
[2023-11-04 21:24:11,417] {processor.py:161} INFO - Processing /home/airflow/.local/lib/python3.7/site-packages/airflow/example_dags/example_nested_branch_dag.py took 0.194 seconds
[2023-11-04 21:24:41,733] {processor.py:153} INFO - Started process (PID=1132) to work on /home/airflow/.local/lib/python3.7/site-packages/airflow/example_dags/example_nested_branch_dag.py
[2023-11-04 21:24:41,734] {processor.py:641} INFO - Processing file /home/airflow/.local/lib/python3.7/site-packages/airflow/example_dags/example_nested_branch_dag.py for tasks to queue
[2023-11-04 21:24:41,735] {logging_mixin.py:115} INFO - [2023-11-04 21:24:41,735] {dagbag.py:508} INFO - Filling up the DagBag from /home/airflow/.local/lib/python3.7/site-packages/airflow/example_dags/example_nested_branch_dag.py
[2023-11-04 21:24:41,749] {processor.py:651} INFO - DAG(s) dict_keys(['example_nested_branch_dag']) retrieved from /home/airflow/.local/lib/python3.7/site-packages/airflow/example_dags/example_nested_branch_dag.py
[2023-11-04 21:24:41,783] {logging_mixin.py:115} INFO - [2023-11-04 21:24:41,783] {dag.py:2420} INFO - Sync 1 DAGs
[2023-11-04 21:24:41,910] {logging_mixin.py:115} INFO - [2023-11-04 21:24:41,910] {dag.py:2972} INFO - Setting next_dagrun for example_nested_branch_dag to 2023-11-03T00:00:00+00:00, run_after=2023-11-04T00:00:00+00:00
[2023-11-04 21:24:41,921] {processor.py:161} INFO - Processing /home/airflow/.local/lib/python3.7/site-packages/airflow/example_dags/example_nested_branch_dag.py took 0.193 seconds
[2023-11-04 21:25:12,220] {processor.py:153} INFO - Started process (PID=1194) to work on /home/airflow/.local/lib/python3.7/site-packages/airflow/example_dags/example_nested_branch_dag.py
[2023-11-04 21:25:12,221] {processor.py:641} INFO - Processing file /home/airflow/.local/lib/python3.7/site-packages/airflow/example_dags/example_nested_branch_dag.py for tasks to queue
[2023-11-04 21:25:12,221] {logging_mixin.py:115} INFO - [2023-11-04 21:25:12,221] {dagbag.py:508} INFO - Filling up the DagBag from /home/airflow/.local/lib/python3.7/site-packages/airflow/example_dags/example_nested_branch_dag.py
[2023-11-04 21:25:12,233] {processor.py:651} INFO - DAG(s) dict_keys(['example_nested_branch_dag']) retrieved from /home/airflow/.local/lib/python3.7/site-packages/airflow/example_dags/example_nested_branch_dag.py
[2023-11-04 21:25:12,261] {logging_mixin.py:115} INFO - [2023-11-04 21:25:12,261] {dag.py:2420} INFO - Sync 1 DAGs
[2023-11-04 21:25:12,401] {logging_mixin.py:115} INFO - [2023-11-04 21:25:12,401] {dag.py:2972} INFO - Setting next_dagrun for example_nested_branch_dag to 2023-11-03T00:00:00+00:00, run_after=2023-11-04T00:00:00+00:00
[2023-11-04 21:25:12,418] {processor.py:161} INFO - Processing /home/airflow/.local/lib/python3.7/site-packages/airflow/example_dags/example_nested_branch_dag.py took 0.202 seconds
[2023-11-04 21:25:42,734] {processor.py:153} INFO - Started process (PID=1247) to work on /home/airflow/.local/lib/python3.7/site-packages/airflow/example_dags/example_nested_branch_dag.py
[2023-11-04 21:25:42,735] {processor.py:641} INFO - Processing file /home/airflow/.local/lib/python3.7/site-packages/airflow/example_dags/example_nested_branch_dag.py for tasks to queue
[2023-11-04 21:25:42,736] {logging_mixin.py:115} INFO - [2023-11-04 21:25:42,736] {dagbag.py:508} INFO - Filling up the DagBag from /home/airflow/.local/lib/python3.7/site-packages/airflow/example_dags/example_nested_branch_dag.py
[2023-11-04 21:25:42,751] {processor.py:651} INFO - DAG(s) dict_keys(['example_nested_branch_dag']) retrieved from /home/airflow/.local/lib/python3.7/site-packages/airflow/example_dags/example_nested_branch_dag.py
[2023-11-04 21:25:42,788] {logging_mixin.py:115} INFO - [2023-11-04 21:25:42,788] {dag.py:2420} INFO - Sync 1 DAGs
[2023-11-04 21:25:42,929] {logging_mixin.py:115} INFO - [2023-11-04 21:25:42,929] {dag.py:2972} INFO - Setting next_dagrun for example_nested_branch_dag to 2023-11-03T00:00:00+00:00, run_after=2023-11-04T00:00:00+00:00
[2023-11-04 21:25:42,940] {processor.py:161} INFO - Processing /home/airflow/.local/lib/python3.7/site-packages/airflow/example_dags/example_nested_branch_dag.py took 0.210 seconds
[2023-11-04 21:26:13,557] {processor.py:153} INFO - Started process (PID=1309) to work on /home/airflow/.local/lib/python3.7/site-packages/airflow/example_dags/example_nested_branch_dag.py
[2023-11-04 21:26:13,558] {processor.py:641} INFO - Processing file /home/airflow/.local/lib/python3.7/site-packages/airflow/example_dags/example_nested_branch_dag.py for tasks to queue
[2023-11-04 21:26:13,559] {logging_mixin.py:115} INFO - [2023-11-04 21:26:13,559] {dagbag.py:508} INFO - Filling up the DagBag from /home/airflow/.local/lib/python3.7/site-packages/airflow/example_dags/example_nested_branch_dag.py
[2023-11-04 21:26:13,572] {processor.py:651} INFO - DAG(s) dict_keys(['example_nested_branch_dag']) retrieved from /home/airflow/.local/lib/python3.7/site-packages/airflow/example_dags/example_nested_branch_dag.py
[2023-11-04 21:26:13,614] {logging_mixin.py:115} INFO - [2023-11-04 21:26:13,614] {dag.py:2420} INFO - Sync 1 DAGs
[2023-11-04 21:26:13,763] {logging_mixin.py:115} INFO - [2023-11-04 21:26:13,763] {dag.py:2972} INFO - Setting next_dagrun for example_nested_branch_dag to 2023-11-03T00:00:00+00:00, run_after=2023-11-04T00:00:00+00:00
[2023-11-04 21:26:13,778] {processor.py:161} INFO - Processing /home/airflow/.local/lib/python3.7/site-packages/airflow/example_dags/example_nested_branch_dag.py took 0.225 seconds
[2023-11-04 21:26:44,181] {processor.py:153} INFO - Started process (PID=1371) to work on /home/airflow/.local/lib/python3.7/site-packages/airflow/example_dags/example_nested_branch_dag.py
[2023-11-04 21:26:44,182] {processor.py:641} INFO - Processing file /home/airflow/.local/lib/python3.7/site-packages/airflow/example_dags/example_nested_branch_dag.py for tasks to queue
[2023-11-04 21:26:44,183] {logging_mixin.py:115} INFO - [2023-11-04 21:26:44,183] {dagbag.py:508} INFO - Filling up the DagBag from /home/airflow/.local/lib/python3.7/site-packages/airflow/example_dags/example_nested_branch_dag.py
[2023-11-04 21:26:44,195] {processor.py:651} INFO - DAG(s) dict_keys(['example_nested_branch_dag']) retrieved from /home/airflow/.local/lib/python3.7/site-packages/airflow/example_dags/example_nested_branch_dag.py
[2023-11-04 21:26:44,245] {logging_mixin.py:115} INFO - [2023-11-04 21:26:44,245] {dag.py:2420} INFO - Sync 1 DAGs
[2023-11-04 21:26:44,384] {logging_mixin.py:115} INFO - [2023-11-04 21:26:44,384] {dag.py:2972} INFO - Setting next_dagrun for example_nested_branch_dag to 2023-11-03T00:00:00+00:00, run_after=2023-11-04T00:00:00+00:00
[2023-11-04 21:26:44,396] {processor.py:161} INFO - Processing /home/airflow/.local/lib/python3.7/site-packages/airflow/example_dags/example_nested_branch_dag.py took 0.219 seconds
[2023-11-04 21:27:14,789] {processor.py:153} INFO - Started process (PID=1424) to work on /home/airflow/.local/lib/python3.7/site-packages/airflow/example_dags/example_nested_branch_dag.py
[2023-11-04 21:27:14,790] {processor.py:641} INFO - Processing file /home/airflow/.local/lib/python3.7/site-packages/airflow/example_dags/example_nested_branch_dag.py for tasks to queue
[2023-11-04 21:27:14,791] {logging_mixin.py:115} INFO - [2023-11-04 21:27:14,791] {dagbag.py:508} INFO - Filling up the DagBag from /home/airflow/.local/lib/python3.7/site-packages/airflow/example_dags/example_nested_branch_dag.py
[2023-11-04 21:27:14,804] {processor.py:651} INFO - DAG(s) dict_keys(['example_nested_branch_dag']) retrieved from /home/airflow/.local/lib/python3.7/site-packages/airflow/example_dags/example_nested_branch_dag.py
[2023-11-04 21:27:14,836] {logging_mixin.py:115} INFO - [2023-11-04 21:27:14,836] {dag.py:2420} INFO - Sync 1 DAGs
[2023-11-04 21:27:14,973] {logging_mixin.py:115} INFO - [2023-11-04 21:27:14,973] {dag.py:2972} INFO - Setting next_dagrun for example_nested_branch_dag to 2023-11-03T00:00:00+00:00, run_after=2023-11-04T00:00:00+00:00
[2023-11-04 21:27:14,984] {processor.py:161} INFO - Processing /home/airflow/.local/lib/python3.7/site-packages/airflow/example_dags/example_nested_branch_dag.py took 0.199 seconds
[2023-11-04 21:27:45,397] {processor.py:153} INFO - Started process (PID=1486) to work on /home/airflow/.local/lib/python3.7/site-packages/airflow/example_dags/example_nested_branch_dag.py
[2023-11-04 21:27:45,398] {processor.py:641} INFO - Processing file /home/airflow/.local/lib/python3.7/site-packages/airflow/example_dags/example_nested_branch_dag.py for tasks to queue
[2023-11-04 21:27:45,399] {logging_mixin.py:115} INFO - [2023-11-04 21:27:45,399] {dagbag.py:508} INFO - Filling up the DagBag from /home/airflow/.local/lib/python3.7/site-packages/airflow/example_dags/example_nested_branch_dag.py
[2023-11-04 21:27:45,410] {processor.py:651} INFO - DAG(s) dict_keys(['example_nested_branch_dag']) retrieved from /home/airflow/.local/lib/python3.7/site-packages/airflow/example_dags/example_nested_branch_dag.py
[2023-11-04 21:27:45,439] {logging_mixin.py:115} INFO - [2023-11-04 21:27:45,439] {dag.py:2420} INFO - Sync 1 DAGs
[2023-11-04 21:27:45,572] {logging_mixin.py:115} INFO - [2023-11-04 21:27:45,571] {dag.py:2972} INFO - Setting next_dagrun for example_nested_branch_dag to 2023-11-03T00:00:00+00:00, run_after=2023-11-04T00:00:00+00:00
[2023-11-04 21:27:45,584] {processor.py:161} INFO - Processing /home/airflow/.local/lib/python3.7/site-packages/airflow/example_dags/example_nested_branch_dag.py took 0.191 seconds
[2023-11-04 21:28:15,835] {processor.py:153} INFO - Started process (PID=1548) to work on /home/airflow/.local/lib/python3.7/site-packages/airflow/example_dags/example_nested_branch_dag.py
[2023-11-04 21:28:15,836] {processor.py:641} INFO - Processing file /home/airflow/.local/lib/python3.7/site-packages/airflow/example_dags/example_nested_branch_dag.py for tasks to queue
[2023-11-04 21:28:15,837] {logging_mixin.py:115} INFO - [2023-11-04 21:28:15,837] {dagbag.py:508} INFO - Filling up the DagBag from /home/airflow/.local/lib/python3.7/site-packages/airflow/example_dags/example_nested_branch_dag.py
[2023-11-04 21:28:15,850] {processor.py:651} INFO - DAG(s) dict_keys(['example_nested_branch_dag']) retrieved from /home/airflow/.local/lib/python3.7/site-packages/airflow/example_dags/example_nested_branch_dag.py
[2023-11-04 21:28:15,883] {logging_mixin.py:115} INFO - [2023-11-04 21:28:15,882] {dag.py:2420} INFO - Sync 1 DAGs
[2023-11-04 21:28:16,023] {logging_mixin.py:115} INFO - [2023-11-04 21:28:16,023] {dag.py:2972} INFO - Setting next_dagrun for example_nested_branch_dag to 2023-11-03T00:00:00+00:00, run_after=2023-11-04T00:00:00+00:00
[2023-11-04 21:28:16,037] {processor.py:161} INFO - Processing /home/airflow/.local/lib/python3.7/site-packages/airflow/example_dags/example_nested_branch_dag.py took 0.206 seconds
[2023-11-04 21:28:46,476] {processor.py:153} INFO - Started process (PID=1601) to work on /home/airflow/.local/lib/python3.7/site-packages/airflow/example_dags/example_nested_branch_dag.py
[2023-11-04 21:28:46,477] {processor.py:641} INFO - Processing file /home/airflow/.local/lib/python3.7/site-packages/airflow/example_dags/example_nested_branch_dag.py for tasks to queue
[2023-11-04 21:28:46,477] {logging_mixin.py:115} INFO - [2023-11-04 21:28:46,477] {dagbag.py:508} INFO - Filling up the DagBag from /home/airflow/.local/lib/python3.7/site-packages/airflow/example_dags/example_nested_branch_dag.py
[2023-11-04 21:28:46,488] {processor.py:651} INFO - DAG(s) dict_keys(['example_nested_branch_dag']) retrieved from /home/airflow/.local/lib/python3.7/site-packages/airflow/example_dags/example_nested_branch_dag.py
[2023-11-04 21:28:46,516] {logging_mixin.py:115} INFO - [2023-11-04 21:28:46,516] {dag.py:2420} INFO - Sync 1 DAGs
[2023-11-04 21:28:46,652] {logging_mixin.py:115} INFO - [2023-11-04 21:28:46,652] {dag.py:2972} INFO - Setting next_dagrun for example_nested_branch_dag to 2023-11-03T00:00:00+00:00, run_after=2023-11-04T00:00:00+00:00
[2023-11-04 21:28:46,664] {processor.py:161} INFO - Processing /home/airflow/.local/lib/python3.7/site-packages/airflow/example_dags/example_nested_branch_dag.py took 0.192 seconds
[2023-11-04 21:29:17,314] {processor.py:153} INFO - Started process (PID=1663) to work on /home/airflow/.local/lib/python3.7/site-packages/airflow/example_dags/example_nested_branch_dag.py
[2023-11-04 21:29:17,315] {processor.py:641} INFO - Processing file /home/airflow/.local/lib/python3.7/site-packages/airflow/example_dags/example_nested_branch_dag.py for tasks to queue
[2023-11-04 21:29:17,317] {logging_mixin.py:115} INFO - [2023-11-04 21:29:17,316] {dagbag.py:508} INFO - Filling up the DagBag from /home/airflow/.local/lib/python3.7/site-packages/airflow/example_dags/example_nested_branch_dag.py
[2023-11-04 21:29:17,341] {processor.py:651} INFO - DAG(s) dict_keys(['example_nested_branch_dag']) retrieved from /home/airflow/.local/lib/python3.7/site-packages/airflow/example_dags/example_nested_branch_dag.py
[2023-11-04 21:29:17,454] {logging_mixin.py:115} INFO - [2023-11-04 21:29:17,454] {dag.py:2420} INFO - Sync 1 DAGs
[2023-11-04 21:29:17,764] {logging_mixin.py:115} INFO - [2023-11-04 21:29:17,764] {dag.py:2972} INFO - Setting next_dagrun for example_nested_branch_dag to 2023-11-03T00:00:00+00:00, run_after=2023-11-04T00:00:00+00:00
[2023-11-04 21:29:17,788] {processor.py:161} INFO - Processing /home/airflow/.local/lib/python3.7/site-packages/airflow/example_dags/example_nested_branch_dag.py took 0.480 seconds
[2023-11-04 21:29:48,326] {processor.py:153} INFO - Started process (PID=1725) to work on /home/airflow/.local/lib/python3.7/site-packages/airflow/example_dags/example_nested_branch_dag.py
[2023-11-04 21:29:48,328] {processor.py:641} INFO - Processing file /home/airflow/.local/lib/python3.7/site-packages/airflow/example_dags/example_nested_branch_dag.py for tasks to queue
[2023-11-04 21:29:48,329] {logging_mixin.py:115} INFO - [2023-11-04 21:29:48,329] {dagbag.py:508} INFO - Filling up the DagBag from /home/airflow/.local/lib/python3.7/site-packages/airflow/example_dags/example_nested_branch_dag.py
[2023-11-04 21:29:48,346] {processor.py:651} INFO - DAG(s) dict_keys(['example_nested_branch_dag']) retrieved from /home/airflow/.local/lib/python3.7/site-packages/airflow/example_dags/example_nested_branch_dag.py
[2023-11-04 21:29:48,379] {logging_mixin.py:115} INFO - [2023-11-04 21:29:48,379] {dag.py:2420} INFO - Sync 1 DAGs
[2023-11-04 21:29:48,692] {logging_mixin.py:115} INFO - [2023-11-04 21:29:48,691] {dag.py:2972} INFO - Setting next_dagrun for example_nested_branch_dag to 2023-11-03T00:00:00+00:00, run_after=2023-11-04T00:00:00+00:00
[2023-11-04 21:29:48,720] {processor.py:161} INFO - Processing /home/airflow/.local/lib/python3.7/site-packages/airflow/example_dags/example_nested_branch_dag.py took 0.400 seconds
[2023-11-04 21:30:19,332] {processor.py:153} INFO - Started process (PID=1778) to work on /home/airflow/.local/lib/python3.7/site-packages/airflow/example_dags/example_nested_branch_dag.py
[2023-11-04 21:30:19,333] {processor.py:641} INFO - Processing file /home/airflow/.local/lib/python3.7/site-packages/airflow/example_dags/example_nested_branch_dag.py for tasks to queue
[2023-11-04 21:30:19,334] {logging_mixin.py:115} INFO - [2023-11-04 21:30:19,334] {dagbag.py:508} INFO - Filling up the DagBag from /home/airflow/.local/lib/python3.7/site-packages/airflow/example_dags/example_nested_branch_dag.py
[2023-11-04 21:30:19,349] {processor.py:651} INFO - DAG(s) dict_keys(['example_nested_branch_dag']) retrieved from /home/airflow/.local/lib/python3.7/site-packages/airflow/example_dags/example_nested_branch_dag.py
[2023-11-04 21:30:19,384] {logging_mixin.py:115} INFO - [2023-11-04 21:30:19,384] {dag.py:2420} INFO - Sync 1 DAGs
[2023-11-04 21:30:19,534] {logging_mixin.py:115} INFO - [2023-11-04 21:30:19,534] {dag.py:2972} INFO - Setting next_dagrun for example_nested_branch_dag to 2023-11-03T00:00:00+00:00, run_after=2023-11-04T00:00:00+00:00
[2023-11-04 21:30:19,548] {processor.py:161} INFO - Processing /home/airflow/.local/lib/python3.7/site-packages/airflow/example_dags/example_nested_branch_dag.py took 0.222 seconds
[2023-11-04 21:30:50,149] {processor.py:153} INFO - Started process (PID=1840) to work on /home/airflow/.local/lib/python3.7/site-packages/airflow/example_dags/example_nested_branch_dag.py
[2023-11-04 21:30:50,150] {processor.py:641} INFO - Processing file /home/airflow/.local/lib/python3.7/site-packages/airflow/example_dags/example_nested_branch_dag.py for tasks to queue
[2023-11-04 21:30:50,151] {logging_mixin.py:115} INFO - [2023-11-04 21:30:50,151] {dagbag.py:508} INFO - Filling up the DagBag from /home/airflow/.local/lib/python3.7/site-packages/airflow/example_dags/example_nested_branch_dag.py
[2023-11-04 21:30:50,167] {processor.py:651} INFO - DAG(s) dict_keys(['example_nested_branch_dag']) retrieved from /home/airflow/.local/lib/python3.7/site-packages/airflow/example_dags/example_nested_branch_dag.py
[2023-11-04 21:30:50,299] {logging_mixin.py:115} INFO - [2023-11-04 21:30:50,299] {dag.py:2420} INFO - Sync 1 DAGs
[2023-11-04 21:30:50,323] {logging_mixin.py:115} INFO - [2023-11-04 21:30:50,323] {dag.py:2972} INFO - Setting next_dagrun for example_nested_branch_dag to 2023-11-03T00:00:00+00:00, run_after=2023-11-04T00:00:00+00:00
[2023-11-04 21:30:50,368] {processor.py:161} INFO - Processing /home/airflow/.local/lib/python3.7/site-packages/airflow/example_dags/example_nested_branch_dag.py took 0.223 seconds
[2023-11-04 21:31:20,837] {processor.py:153} INFO - Started process (PID=1902) to work on /home/airflow/.local/lib/python3.7/site-packages/airflow/example_dags/example_nested_branch_dag.py
[2023-11-04 21:31:20,838] {processor.py:641} INFO - Processing file /home/airflow/.local/lib/python3.7/site-packages/airflow/example_dags/example_nested_branch_dag.py for tasks to queue
[2023-11-04 21:31:20,839] {logging_mixin.py:115} INFO - [2023-11-04 21:31:20,839] {dagbag.py:508} INFO - Filling up the DagBag from /home/airflow/.local/lib/python3.7/site-packages/airflow/example_dags/example_nested_branch_dag.py
[2023-11-04 21:31:20,864] {processor.py:651} INFO - DAG(s) dict_keys(['example_nested_branch_dag']) retrieved from /home/airflow/.local/lib/python3.7/site-packages/airflow/example_dags/example_nested_branch_dag.py
[2023-11-04 21:31:21,322] {logging_mixin.py:115} INFO - [2023-11-04 21:31:21,322] {dag.py:2420} INFO - Sync 1 DAGs
[2023-11-04 21:31:21,366] {logging_mixin.py:115} INFO - [2023-11-04 21:31:21,366] {dag.py:2972} INFO - Setting next_dagrun for example_nested_branch_dag to 2023-11-03T00:00:00+00:00, run_after=2023-11-04T00:00:00+00:00
[2023-11-04 21:31:21,381] {processor.py:161} INFO - Processing /home/airflow/.local/lib/python3.7/site-packages/airflow/example_dags/example_nested_branch_dag.py took 0.548 seconds
[2023-11-04 21:31:52,027] {processor.py:153} INFO - Started process (PID=1955) to work on /home/airflow/.local/lib/python3.7/site-packages/airflow/example_dags/example_nested_branch_dag.py
[2023-11-04 21:31:52,028] {processor.py:641} INFO - Processing file /home/airflow/.local/lib/python3.7/site-packages/airflow/example_dags/example_nested_branch_dag.py for tasks to queue
[2023-11-04 21:31:52,029] {logging_mixin.py:115} INFO - [2023-11-04 21:31:52,029] {dagbag.py:508} INFO - Filling up the DagBag from /home/airflow/.local/lib/python3.7/site-packages/airflow/example_dags/example_nested_branch_dag.py
[2023-11-04 21:31:52,046] {processor.py:651} INFO - DAG(s) dict_keys(['example_nested_branch_dag']) retrieved from /home/airflow/.local/lib/python3.7/site-packages/airflow/example_dags/example_nested_branch_dag.py
[2023-11-04 21:31:52,220] {logging_mixin.py:115} INFO - [2023-11-04 21:31:52,219] {dag.py:2420} INFO - Sync 1 DAGs
[2023-11-04 21:31:52,253] {logging_mixin.py:115} INFO - [2023-11-04 21:31:52,252] {dag.py:2972} INFO - Setting next_dagrun for example_nested_branch_dag to 2023-11-03T00:00:00+00:00, run_after=2023-11-04T00:00:00+00:00
[2023-11-04 21:31:52,283] {processor.py:161} INFO - Processing /home/airflow/.local/lib/python3.7/site-packages/airflow/example_dags/example_nested_branch_dag.py took 0.261 seconds
