[2023-11-04 20:57:53,067] {processor.py:153} INFO - Started process (PID=67) to work on /home/airflow/.local/lib/python3.7/site-packages/airflow/example_dags/example_time_delta_sensor_async.py
[2023-11-04 20:57:53,080] {processor.py:641} INFO - Processing file /home/airflow/.local/lib/python3.7/site-packages/airflow/example_dags/example_time_delta_sensor_async.py for tasks to queue
[2023-11-04 20:57:53,081] {logging_mixin.py:115} INFO - [2023-11-04 20:57:53,081] {dagbag.py:508} INFO - Filling up the DagBag from /home/airflow/.local/lib/python3.7/site-packages/airflow/example_dags/example_time_delta_sensor_async.py
[2023-11-04 20:57:53,092] {processor.py:651} INFO - DAG(s) dict_keys(['example_time_delta_sensor_async']) retrieved from /home/airflow/.local/lib/python3.7/site-packages/airflow/example_dags/example_time_delta_sensor_async.py
[2023-11-04 20:57:53,295] {logging_mixin.py:115} INFO - [2023-11-04 20:57:53,295] {manager.py:508} INFO - Created Permission View: can delete on DAG:example_time_delta_sensor_async
[2023-11-04 20:57:53,319] {logging_mixin.py:115} INFO - [2023-11-04 20:57:53,319] {manager.py:508} INFO - Created Permission View: can edit on DAG:example_time_delta_sensor_async
[2023-11-04 20:57:53,333] {logging_mixin.py:115} INFO - [2023-11-04 20:57:53,333] {manager.py:508} INFO - Created Permission View: can read on DAG:example_time_delta_sensor_async
[2023-11-04 20:57:53,334] {logging_mixin.py:115} INFO - [2023-11-04 20:57:53,334] {dag.py:2420} INFO - Sync 1 DAGs
[2023-11-04 20:57:53,353] {logging_mixin.py:115} INFO - [2023-11-04 20:57:53,353] {dag.py:2439} INFO - Creating ORM DAG for example_time_delta_sensor_async
[2023-11-04 20:57:53,374] {logging_mixin.py:115} INFO - [2023-11-04 20:57:53,374] {dag.py:2972} INFO - Setting next_dagrun for example_time_delta_sensor_async to None, run_after=None
[2023-11-04 20:57:53,396] {processor.py:161} INFO - Processing /home/airflow/.local/lib/python3.7/site-packages/airflow/example_dags/example_time_delta_sensor_async.py took 0.333 seconds
[2023-11-04 20:58:24,141] {processor.py:153} INFO - Started process (PID=128) to work on /home/airflow/.local/lib/python3.7/site-packages/airflow/example_dags/example_time_delta_sensor_async.py
[2023-11-04 20:58:24,142] {processor.py:641} INFO - Processing file /home/airflow/.local/lib/python3.7/site-packages/airflow/example_dags/example_time_delta_sensor_async.py for tasks to queue
[2023-11-04 20:58:24,143] {logging_mixin.py:115} INFO - [2023-11-04 20:58:24,143] {dagbag.py:508} INFO - Filling up the DagBag from /home/airflow/.local/lib/python3.7/site-packages/airflow/example_dags/example_time_delta_sensor_async.py
[2023-11-04 20:58:24,150] {processor.py:651} INFO - DAG(s) dict_keys(['example_time_delta_sensor_async']) retrieved from /home/airflow/.local/lib/python3.7/site-packages/airflow/example_dags/example_time_delta_sensor_async.py
[2023-11-04 20:58:24,207] {logging_mixin.py:115} INFO - [2023-11-04 20:58:24,206] {dag.py:2420} INFO - Sync 1 DAGs
[2023-11-04 20:58:24,256] {logging_mixin.py:115} INFO - [2023-11-04 20:58:24,256] {dag.py:2972} INFO - Setting next_dagrun for example_time_delta_sensor_async to None, run_after=None
[2023-11-04 20:58:24,279] {processor.py:161} INFO - Processing /home/airflow/.local/lib/python3.7/site-packages/airflow/example_dags/example_time_delta_sensor_async.py took 0.143 seconds
[2023-11-04 20:58:54,450] {processor.py:153} INFO - Started process (PID=196) to work on /home/airflow/.local/lib/python3.7/site-packages/airflow/example_dags/example_time_delta_sensor_async.py
[2023-11-04 20:58:54,450] {processor.py:641} INFO - Processing file /home/airflow/.local/lib/python3.7/site-packages/airflow/example_dags/example_time_delta_sensor_async.py for tasks to queue
[2023-11-04 20:58:54,451] {logging_mixin.py:115} INFO - [2023-11-04 20:58:54,451] {dagbag.py:508} INFO - Filling up the DagBag from /home/airflow/.local/lib/python3.7/site-packages/airflow/example_dags/example_time_delta_sensor_async.py
[2023-11-04 20:58:54,457] {processor.py:651} INFO - DAG(s) dict_keys(['example_time_delta_sensor_async']) retrieved from /home/airflow/.local/lib/python3.7/site-packages/airflow/example_dags/example_time_delta_sensor_async.py
[2023-11-04 20:58:54,498] {logging_mixin.py:115} INFO - [2023-11-04 20:58:54,498] {dag.py:2420} INFO - Sync 1 DAGs
[2023-11-04 20:58:54,522] {logging_mixin.py:115} INFO - [2023-11-04 20:58:54,522] {dag.py:2972} INFO - Setting next_dagrun for example_time_delta_sensor_async to None, run_after=None
[2023-11-04 20:58:54,534] {processor.py:161} INFO - Processing /home/airflow/.local/lib/python3.7/site-packages/airflow/example_dags/example_time_delta_sensor_async.py took 0.089 seconds
[2023-11-04 20:59:25,077] {processor.py:153} INFO - Started process (PID=257) to work on /home/airflow/.local/lib/python3.7/site-packages/airflow/example_dags/example_time_delta_sensor_async.py
[2023-11-04 20:59:25,078] {processor.py:641} INFO - Processing file /home/airflow/.local/lib/python3.7/site-packages/airflow/example_dags/example_time_delta_sensor_async.py for tasks to queue
[2023-11-04 20:59:25,079] {logging_mixin.py:115} INFO - [2023-11-04 20:59:25,079] {dagbag.py:508} INFO - Filling up the DagBag from /home/airflow/.local/lib/python3.7/site-packages/airflow/example_dags/example_time_delta_sensor_async.py
[2023-11-04 20:59:25,085] {processor.py:651} INFO - DAG(s) dict_keys(['example_time_delta_sensor_async']) retrieved from /home/airflow/.local/lib/python3.7/site-packages/airflow/example_dags/example_time_delta_sensor_async.py
[2023-11-04 20:59:25,127] {logging_mixin.py:115} INFO - [2023-11-04 20:59:25,127] {dag.py:2420} INFO - Sync 1 DAGs
[2023-11-04 20:59:25,176] {logging_mixin.py:115} INFO - [2023-11-04 20:59:25,175] {dag.py:2972} INFO - Setting next_dagrun for example_time_delta_sensor_async to None, run_after=None
[2023-11-04 20:59:25,192] {processor.py:161} INFO - Processing /home/airflow/.local/lib/python3.7/site-packages/airflow/example_dags/example_time_delta_sensor_async.py took 0.119 seconds
[2023-11-04 20:59:55,871] {processor.py:153} INFO - Started process (PID=309) to work on /home/airflow/.local/lib/python3.7/site-packages/airflow/example_dags/example_time_delta_sensor_async.py
[2023-11-04 20:59:55,873] {processor.py:641} INFO - Processing file /home/airflow/.local/lib/python3.7/site-packages/airflow/example_dags/example_time_delta_sensor_async.py for tasks to queue
[2023-11-04 20:59:55,874] {logging_mixin.py:115} INFO - [2023-11-04 20:59:55,874] {dagbag.py:508} INFO - Filling up the DagBag from /home/airflow/.local/lib/python3.7/site-packages/airflow/example_dags/example_time_delta_sensor_async.py
[2023-11-04 20:59:55,882] {processor.py:651} INFO - DAG(s) dict_keys(['example_time_delta_sensor_async']) retrieved from /home/airflow/.local/lib/python3.7/site-packages/airflow/example_dags/example_time_delta_sensor_async.py
[2023-11-04 20:59:55,961] {logging_mixin.py:115} INFO - [2023-11-04 20:59:55,961] {dag.py:2420} INFO - Sync 1 DAGs
[2023-11-04 20:59:56,002] {logging_mixin.py:115} INFO - [2023-11-04 20:59:56,002] {dag.py:2972} INFO - Setting next_dagrun for example_time_delta_sensor_async to None, run_after=None
[2023-11-04 20:59:56,026] {processor.py:161} INFO - Processing /home/airflow/.local/lib/python3.7/site-packages/airflow/example_dags/example_time_delta_sensor_async.py took 0.166 seconds
[2023-11-04 21:00:26,800] {processor.py:153} INFO - Started process (PID=370) to work on /home/airflow/.local/lib/python3.7/site-packages/airflow/example_dags/example_time_delta_sensor_async.py
[2023-11-04 21:00:26,801] {processor.py:641} INFO - Processing file /home/airflow/.local/lib/python3.7/site-packages/airflow/example_dags/example_time_delta_sensor_async.py for tasks to queue
[2023-11-04 21:00:26,802] {logging_mixin.py:115} INFO - [2023-11-04 21:00:26,802] {dagbag.py:508} INFO - Filling up the DagBag from /home/airflow/.local/lib/python3.7/site-packages/airflow/example_dags/example_time_delta_sensor_async.py
[2023-11-04 21:00:26,808] {processor.py:651} INFO - DAG(s) dict_keys(['example_time_delta_sensor_async']) retrieved from /home/airflow/.local/lib/python3.7/site-packages/airflow/example_dags/example_time_delta_sensor_async.py
[2023-11-04 21:00:26,949] {logging_mixin.py:115} INFO - [2023-11-04 21:00:26,949] {dag.py:2420} INFO - Sync 1 DAGs
[2023-11-04 21:00:27,031] {logging_mixin.py:115} INFO - [2023-11-04 21:00:27,030] {dag.py:2972} INFO - Setting next_dagrun for example_time_delta_sensor_async to None, run_after=None
[2023-11-04 21:00:27,072] {processor.py:161} INFO - Processing /home/airflow/.local/lib/python3.7/site-packages/airflow/example_dags/example_time_delta_sensor_async.py took 0.275 seconds
[2023-11-04 21:00:57,955] {processor.py:153} INFO - Started process (PID=431) to work on /home/airflow/.local/lib/python3.7/site-packages/airflow/example_dags/example_time_delta_sensor_async.py
[2023-11-04 21:00:57,956] {processor.py:641} INFO - Processing file /home/airflow/.local/lib/python3.7/site-packages/airflow/example_dags/example_time_delta_sensor_async.py for tasks to queue
[2023-11-04 21:00:57,957] {logging_mixin.py:115} INFO - [2023-11-04 21:00:57,957] {dagbag.py:508} INFO - Filling up the DagBag from /home/airflow/.local/lib/python3.7/site-packages/airflow/example_dags/example_time_delta_sensor_async.py
[2023-11-04 21:00:57,963] {processor.py:651} INFO - DAG(s) dict_keys(['example_time_delta_sensor_async']) retrieved from /home/airflow/.local/lib/python3.7/site-packages/airflow/example_dags/example_time_delta_sensor_async.py
[2023-11-04 21:00:58,003] {logging_mixin.py:115} INFO - [2023-11-04 21:00:58,003] {dag.py:2420} INFO - Sync 1 DAGs
[2023-11-04 21:00:58,025] {logging_mixin.py:115} INFO - [2023-11-04 21:00:58,025] {dag.py:2972} INFO - Setting next_dagrun for example_time_delta_sensor_async to None, run_after=None
[2023-11-04 21:00:58,036] {processor.py:161} INFO - Processing /home/airflow/.local/lib/python3.7/site-packages/airflow/example_dags/example_time_delta_sensor_async.py took 0.084 seconds
[2023-11-04 21:01:28,891] {processor.py:153} INFO - Started process (PID=483) to work on /home/airflow/.local/lib/python3.7/site-packages/airflow/example_dags/example_time_delta_sensor_async.py
[2023-11-04 21:01:28,892] {processor.py:641} INFO - Processing file /home/airflow/.local/lib/python3.7/site-packages/airflow/example_dags/example_time_delta_sensor_async.py for tasks to queue
[2023-11-04 21:01:28,893] {logging_mixin.py:115} INFO - [2023-11-04 21:01:28,893] {dagbag.py:508} INFO - Filling up the DagBag from /home/airflow/.local/lib/python3.7/site-packages/airflow/example_dags/example_time_delta_sensor_async.py
[2023-11-04 21:01:28,899] {processor.py:651} INFO - DAG(s) dict_keys(['example_time_delta_sensor_async']) retrieved from /home/airflow/.local/lib/python3.7/site-packages/airflow/example_dags/example_time_delta_sensor_async.py
[2023-11-04 21:01:28,945] {logging_mixin.py:115} INFO - [2023-11-04 21:01:28,944] {dag.py:2420} INFO - Sync 1 DAGs
[2023-11-04 21:01:28,969] {logging_mixin.py:115} INFO - [2023-11-04 21:01:28,969] {dag.py:2972} INFO - Setting next_dagrun for example_time_delta_sensor_async to None, run_after=None
[2023-11-04 21:01:28,982] {processor.py:161} INFO - Processing /home/airflow/.local/lib/python3.7/site-packages/airflow/example_dags/example_time_delta_sensor_async.py took 0.097 seconds
[2023-11-04 21:01:59,510] {processor.py:153} INFO - Started process (PID=544) to work on /home/airflow/.local/lib/python3.7/site-packages/airflow/example_dags/example_time_delta_sensor_async.py
[2023-11-04 21:01:59,527] {processor.py:641} INFO - Processing file /home/airflow/.local/lib/python3.7/site-packages/airflow/example_dags/example_time_delta_sensor_async.py for tasks to queue
[2023-11-04 21:01:59,528] {logging_mixin.py:115} INFO - [2023-11-04 21:01:59,528] {dagbag.py:508} INFO - Filling up the DagBag from /home/airflow/.local/lib/python3.7/site-packages/airflow/example_dags/example_time_delta_sensor_async.py
[2023-11-04 21:01:59,534] {processor.py:651} INFO - DAG(s) dict_keys(['example_time_delta_sensor_async']) retrieved from /home/airflow/.local/lib/python3.7/site-packages/airflow/example_dags/example_time_delta_sensor_async.py
[2023-11-04 21:01:59,573] {logging_mixin.py:115} INFO - [2023-11-04 21:01:59,572] {dag.py:2420} INFO - Sync 1 DAGs
[2023-11-04 21:01:59,594] {logging_mixin.py:115} INFO - [2023-11-04 21:01:59,594] {dag.py:2972} INFO - Setting next_dagrun for example_time_delta_sensor_async to None, run_after=None
[2023-11-04 21:01:59,606] {processor.py:161} INFO - Processing /home/airflow/.local/lib/python3.7/site-packages/airflow/example_dags/example_time_delta_sensor_async.py took 0.101 seconds
[2023-11-04 21:02:30,529] {processor.py:153} INFO - Started process (PID=605) to work on /home/airflow/.local/lib/python3.7/site-packages/airflow/example_dags/example_time_delta_sensor_async.py
[2023-11-04 21:02:30,529] {processor.py:641} INFO - Processing file /home/airflow/.local/lib/python3.7/site-packages/airflow/example_dags/example_time_delta_sensor_async.py for tasks to queue
[2023-11-04 21:02:30,530] {logging_mixin.py:115} INFO - [2023-11-04 21:02:30,530] {dagbag.py:508} INFO - Filling up the DagBag from /home/airflow/.local/lib/python3.7/site-packages/airflow/example_dags/example_time_delta_sensor_async.py
[2023-11-04 21:02:30,536] {processor.py:651} INFO - DAG(s) dict_keys(['example_time_delta_sensor_async']) retrieved from /home/airflow/.local/lib/python3.7/site-packages/airflow/example_dags/example_time_delta_sensor_async.py
[2023-11-04 21:02:30,585] {logging_mixin.py:115} INFO - [2023-11-04 21:02:30,585] {dag.py:2420} INFO - Sync 1 DAGs
[2023-11-04 21:02:30,615] {logging_mixin.py:115} INFO - [2023-11-04 21:02:30,615] {dag.py:2972} INFO - Setting next_dagrun for example_time_delta_sensor_async to None, run_after=None
[2023-11-04 21:02:30,651] {processor.py:161} INFO - Processing /home/airflow/.local/lib/python3.7/site-packages/airflow/example_dags/example_time_delta_sensor_async.py took 0.126 seconds
[2023-11-04 21:03:01,007] {processor.py:153} INFO - Started process (PID=657) to work on /home/airflow/.local/lib/python3.7/site-packages/airflow/example_dags/example_time_delta_sensor_async.py
[2023-11-04 21:03:01,008] {processor.py:641} INFO - Processing file /home/airflow/.local/lib/python3.7/site-packages/airflow/example_dags/example_time_delta_sensor_async.py for tasks to queue
[2023-11-04 21:03:01,009] {logging_mixin.py:115} INFO - [2023-11-04 21:03:01,009] {dagbag.py:508} INFO - Filling up the DagBag from /home/airflow/.local/lib/python3.7/site-packages/airflow/example_dags/example_time_delta_sensor_async.py
[2023-11-04 21:03:01,014] {processor.py:651} INFO - DAG(s) dict_keys(['example_time_delta_sensor_async']) retrieved from /home/airflow/.local/lib/python3.7/site-packages/airflow/example_dags/example_time_delta_sensor_async.py
[2023-11-04 21:03:01,056] {logging_mixin.py:115} INFO - [2023-11-04 21:03:01,056] {dag.py:2420} INFO - Sync 1 DAGs
[2023-11-04 21:03:01,079] {logging_mixin.py:115} INFO - [2023-11-04 21:03:01,079] {dag.py:2972} INFO - Setting next_dagrun for example_time_delta_sensor_async to None, run_after=None
[2023-11-04 21:03:01,091] {processor.py:161} INFO - Processing /home/airflow/.local/lib/python3.7/site-packages/airflow/example_dags/example_time_delta_sensor_async.py took 0.088 seconds
[2023-11-04 21:03:31,218] {processor.py:153} INFO - Started process (PID=718) to work on /home/airflow/.local/lib/python3.7/site-packages/airflow/example_dags/example_time_delta_sensor_async.py
[2023-11-04 21:03:31,219] {processor.py:641} INFO - Processing file /home/airflow/.local/lib/python3.7/site-packages/airflow/example_dags/example_time_delta_sensor_async.py for tasks to queue
[2023-11-04 21:03:31,220] {logging_mixin.py:115} INFO - [2023-11-04 21:03:31,220] {dagbag.py:508} INFO - Filling up the DagBag from /home/airflow/.local/lib/python3.7/site-packages/airflow/example_dags/example_time_delta_sensor_async.py
[2023-11-04 21:03:31,227] {processor.py:651} INFO - DAG(s) dict_keys(['example_time_delta_sensor_async']) retrieved from /home/airflow/.local/lib/python3.7/site-packages/airflow/example_dags/example_time_delta_sensor_async.py
[2023-11-04 21:03:31,274] {logging_mixin.py:115} INFO - [2023-11-04 21:03:31,274] {dag.py:2420} INFO - Sync 1 DAGs
[2023-11-04 21:03:31,300] {logging_mixin.py:115} INFO - [2023-11-04 21:03:31,299] {dag.py:2972} INFO - Setting next_dagrun for example_time_delta_sensor_async to None, run_after=None
[2023-11-04 21:03:31,324] {processor.py:161} INFO - Processing /home/airflow/.local/lib/python3.7/site-packages/airflow/example_dags/example_time_delta_sensor_async.py took 0.110 seconds
[2023-11-04 21:04:01,507] {processor.py:153} INFO - Started process (PID=779) to work on /home/airflow/.local/lib/python3.7/site-packages/airflow/example_dags/example_time_delta_sensor_async.py
[2023-11-04 21:04:01,508] {processor.py:641} INFO - Processing file /home/airflow/.local/lib/python3.7/site-packages/airflow/example_dags/example_time_delta_sensor_async.py for tasks to queue
[2023-11-04 21:04:01,509] {logging_mixin.py:115} INFO - [2023-11-04 21:04:01,509] {dagbag.py:508} INFO - Filling up the DagBag from /home/airflow/.local/lib/python3.7/site-packages/airflow/example_dags/example_time_delta_sensor_async.py
[2023-11-04 21:04:01,515] {processor.py:651} INFO - DAG(s) dict_keys(['example_time_delta_sensor_async']) retrieved from /home/airflow/.local/lib/python3.7/site-packages/airflow/example_dags/example_time_delta_sensor_async.py
[2023-11-04 21:04:01,560] {logging_mixin.py:115} INFO - [2023-11-04 21:04:01,560] {dag.py:2420} INFO - Sync 1 DAGs
[2023-11-04 21:04:01,602] {logging_mixin.py:115} INFO - [2023-11-04 21:04:01,602] {dag.py:2972} INFO - Setting next_dagrun for example_time_delta_sensor_async to None, run_after=None
[2023-11-04 21:04:01,618] {processor.py:161} INFO - Processing /home/airflow/.local/lib/python3.7/site-packages/airflow/example_dags/example_time_delta_sensor_async.py took 0.116 seconds
[2023-11-04 21:04:31,740] {processor.py:153} INFO - Started process (PID=831) to work on /home/airflow/.local/lib/python3.7/site-packages/airflow/example_dags/example_time_delta_sensor_async.py
[2023-11-04 21:04:31,741] {processor.py:641} INFO - Processing file /home/airflow/.local/lib/python3.7/site-packages/airflow/example_dags/example_time_delta_sensor_async.py for tasks to queue
[2023-11-04 21:04:31,742] {logging_mixin.py:115} INFO - [2023-11-04 21:04:31,742] {dagbag.py:508} INFO - Filling up the DagBag from /home/airflow/.local/lib/python3.7/site-packages/airflow/example_dags/example_time_delta_sensor_async.py
[2023-11-04 21:04:31,748] {processor.py:651} INFO - DAG(s) dict_keys(['example_time_delta_sensor_async']) retrieved from /home/airflow/.local/lib/python3.7/site-packages/airflow/example_dags/example_time_delta_sensor_async.py
[2023-11-04 21:04:31,789] {logging_mixin.py:115} INFO - [2023-11-04 21:04:31,789] {dag.py:2420} INFO - Sync 1 DAGs
[2023-11-04 21:04:31,815] {logging_mixin.py:115} INFO - [2023-11-04 21:04:31,814] {dag.py:2972} INFO - Setting next_dagrun for example_time_delta_sensor_async to None, run_after=None
[2023-11-04 21:04:31,829] {processor.py:161} INFO - Processing /home/airflow/.local/lib/python3.7/site-packages/airflow/example_dags/example_time_delta_sensor_async.py took 0.092 seconds
[2023-11-04 21:05:02,723] {processor.py:153} INFO - Started process (PID=892) to work on /home/airflow/.local/lib/python3.7/site-packages/airflow/example_dags/example_time_delta_sensor_async.py
[2023-11-04 21:05:02,724] {processor.py:641} INFO - Processing file /home/airflow/.local/lib/python3.7/site-packages/airflow/example_dags/example_time_delta_sensor_async.py for tasks to queue
[2023-11-04 21:05:02,725] {logging_mixin.py:115} INFO - [2023-11-04 21:05:02,725] {dagbag.py:508} INFO - Filling up the DagBag from /home/airflow/.local/lib/python3.7/site-packages/airflow/example_dags/example_time_delta_sensor_async.py
[2023-11-04 21:05:02,730] {processor.py:651} INFO - DAG(s) dict_keys(['example_time_delta_sensor_async']) retrieved from /home/airflow/.local/lib/python3.7/site-packages/airflow/example_dags/example_time_delta_sensor_async.py
[2023-11-04 21:05:02,771] {logging_mixin.py:115} INFO - [2023-11-04 21:05:02,771] {dag.py:2420} INFO - Sync 1 DAGs
[2023-11-04 21:05:02,792] {logging_mixin.py:115} INFO - [2023-11-04 21:05:02,792] {dag.py:2972} INFO - Setting next_dagrun for example_time_delta_sensor_async to None, run_after=None
[2023-11-04 21:05:02,805] {processor.py:161} INFO - Processing /home/airflow/.local/lib/python3.7/site-packages/airflow/example_dags/example_time_delta_sensor_async.py took 0.085 seconds
[2023-11-04 21:05:32,843] {processor.py:153} INFO - Started process (PID=944) to work on /home/airflow/.local/lib/python3.7/site-packages/airflow/example_dags/example_time_delta_sensor_async.py
[2023-11-04 21:05:32,844] {processor.py:641} INFO - Processing file /home/airflow/.local/lib/python3.7/site-packages/airflow/example_dags/example_time_delta_sensor_async.py for tasks to queue
[2023-11-04 21:05:32,846] {logging_mixin.py:115} INFO - [2023-11-04 21:05:32,846] {dagbag.py:508} INFO - Filling up the DagBag from /home/airflow/.local/lib/python3.7/site-packages/airflow/example_dags/example_time_delta_sensor_async.py
[2023-11-04 21:05:32,852] {processor.py:651} INFO - DAG(s) dict_keys(['example_time_delta_sensor_async']) retrieved from /home/airflow/.local/lib/python3.7/site-packages/airflow/example_dags/example_time_delta_sensor_async.py
[2023-11-04 21:05:32,935] {logging_mixin.py:115} INFO - [2023-11-04 21:05:32,935] {dag.py:2420} INFO - Sync 1 DAGs
[2023-11-04 21:05:32,965] {logging_mixin.py:115} INFO - [2023-11-04 21:05:32,965] {dag.py:2972} INFO - Setting next_dagrun for example_time_delta_sensor_async to None, run_after=None
[2023-11-04 21:05:32,983] {processor.py:161} INFO - Processing /home/airflow/.local/lib/python3.7/site-packages/airflow/example_dags/example_time_delta_sensor_async.py took 0.143 seconds
[2023-11-04 21:06:15,637] {processor.py:153} INFO - Started process (PID=67) to work on /home/airflow/.local/lib/python3.7/site-packages/airflow/example_dags/example_time_delta_sensor_async.py
[2023-11-04 21:06:15,638] {processor.py:641} INFO - Processing file /home/airflow/.local/lib/python3.7/site-packages/airflow/example_dags/example_time_delta_sensor_async.py for tasks to queue
[2023-11-04 21:06:15,640] {logging_mixin.py:115} INFO - [2023-11-04 21:06:15,640] {dagbag.py:508} INFO - Filling up the DagBag from /home/airflow/.local/lib/python3.7/site-packages/airflow/example_dags/example_time_delta_sensor_async.py
[2023-11-04 21:06:15,654] {processor.py:651} INFO - DAG(s) dict_keys(['example_time_delta_sensor_async']) retrieved from /home/airflow/.local/lib/python3.7/site-packages/airflow/example_dags/example_time_delta_sensor_async.py
[2023-11-04 21:06:15,760] {logging_mixin.py:115} INFO - [2023-11-04 21:06:15,759] {dag.py:2420} INFO - Sync 1 DAGs
[2023-11-04 21:06:15,997] {logging_mixin.py:115} INFO - [2023-11-04 21:06:15,997] {dag.py:2972} INFO - Setting next_dagrun for example_time_delta_sensor_async to None, run_after=None
[2023-11-04 21:06:16,021] {processor.py:161} INFO - Processing /home/airflow/.local/lib/python3.7/site-packages/airflow/example_dags/example_time_delta_sensor_async.py took 0.392 seconds
[2023-11-04 21:06:46,929] {processor.py:153} INFO - Started process (PID=120) to work on /home/airflow/.local/lib/python3.7/site-packages/airflow/example_dags/example_time_delta_sensor_async.py
[2023-11-04 21:06:46,930] {processor.py:641} INFO - Processing file /home/airflow/.local/lib/python3.7/site-packages/airflow/example_dags/example_time_delta_sensor_async.py for tasks to queue
[2023-11-04 21:06:46,930] {logging_mixin.py:115} INFO - [2023-11-04 21:06:46,930] {dagbag.py:508} INFO - Filling up the DagBag from /home/airflow/.local/lib/python3.7/site-packages/airflow/example_dags/example_time_delta_sensor_async.py
[2023-11-04 21:06:46,936] {processor.py:651} INFO - DAG(s) dict_keys(['example_time_delta_sensor_async']) retrieved from /home/airflow/.local/lib/python3.7/site-packages/airflow/example_dags/example_time_delta_sensor_async.py
[2023-11-04 21:06:46,980] {logging_mixin.py:115} INFO - [2023-11-04 21:06:46,980] {dag.py:2420} INFO - Sync 1 DAGs
[2023-11-04 21:06:47,155] {logging_mixin.py:115} INFO - [2023-11-04 21:06:47,155] {dag.py:2972} INFO - Setting next_dagrun for example_time_delta_sensor_async to None, run_after=None
[2023-11-04 21:06:47,183] {processor.py:161} INFO - Processing /home/airflow/.local/lib/python3.7/site-packages/airflow/example_dags/example_time_delta_sensor_async.py took 0.258 seconds
[2023-11-04 21:07:17,418] {processor.py:153} INFO - Started process (PID=182) to work on /home/airflow/.local/lib/python3.7/site-packages/airflow/example_dags/example_time_delta_sensor_async.py
[2023-11-04 21:07:17,418] {processor.py:641} INFO - Processing file /home/airflow/.local/lib/python3.7/site-packages/airflow/example_dags/example_time_delta_sensor_async.py for tasks to queue
[2023-11-04 21:07:17,419] {logging_mixin.py:115} INFO - [2023-11-04 21:07:17,419] {dagbag.py:508} INFO - Filling up the DagBag from /home/airflow/.local/lib/python3.7/site-packages/airflow/example_dags/example_time_delta_sensor_async.py
[2023-11-04 21:07:17,424] {processor.py:651} INFO - DAG(s) dict_keys(['example_time_delta_sensor_async']) retrieved from /home/airflow/.local/lib/python3.7/site-packages/airflow/example_dags/example_time_delta_sensor_async.py
[2023-11-04 21:07:17,467] {logging_mixin.py:115} INFO - [2023-11-04 21:07:17,467] {dag.py:2420} INFO - Sync 1 DAGs
[2023-11-04 21:07:17,600] {logging_mixin.py:115} INFO - [2023-11-04 21:07:17,600] {dag.py:2972} INFO - Setting next_dagrun for example_time_delta_sensor_async to None, run_after=None
[2023-11-04 21:07:17,615] {processor.py:161} INFO - Processing /home/airflow/.local/lib/python3.7/site-packages/airflow/example_dags/example_time_delta_sensor_async.py took 0.200 seconds
[2023-11-04 21:07:47,762] {processor.py:153} INFO - Started process (PID=244) to work on /home/airflow/.local/lib/python3.7/site-packages/airflow/example_dags/example_time_delta_sensor_async.py
[2023-11-04 21:07:47,763] {processor.py:641} INFO - Processing file /home/airflow/.local/lib/python3.7/site-packages/airflow/example_dags/example_time_delta_sensor_async.py for tasks to queue
[2023-11-04 21:07:47,764] {logging_mixin.py:115} INFO - [2023-11-04 21:07:47,764] {dagbag.py:508} INFO - Filling up the DagBag from /home/airflow/.local/lib/python3.7/site-packages/airflow/example_dags/example_time_delta_sensor_async.py
[2023-11-04 21:07:47,770] {processor.py:651} INFO - DAG(s) dict_keys(['example_time_delta_sensor_async']) retrieved from /home/airflow/.local/lib/python3.7/site-packages/airflow/example_dags/example_time_delta_sensor_async.py
[2023-11-04 21:07:47,823] {logging_mixin.py:115} INFO - [2023-11-04 21:07:47,823] {dag.py:2420} INFO - Sync 1 DAGs
[2023-11-04 21:07:47,959] {logging_mixin.py:115} INFO - [2023-11-04 21:07:47,959] {dag.py:2972} INFO - Setting next_dagrun for example_time_delta_sensor_async to None, run_after=None
[2023-11-04 21:07:47,973] {processor.py:161} INFO - Processing /home/airflow/.local/lib/python3.7/site-packages/airflow/example_dags/example_time_delta_sensor_async.py took 0.215 seconds
[2023-11-04 21:08:18,184] {processor.py:153} INFO - Started process (PID=297) to work on /home/airflow/.local/lib/python3.7/site-packages/airflow/example_dags/example_time_delta_sensor_async.py
[2023-11-04 21:08:18,185] {processor.py:641} INFO - Processing file /home/airflow/.local/lib/python3.7/site-packages/airflow/example_dags/example_time_delta_sensor_async.py for tasks to queue
[2023-11-04 21:08:18,186] {logging_mixin.py:115} INFO - [2023-11-04 21:08:18,186] {dagbag.py:508} INFO - Filling up the DagBag from /home/airflow/.local/lib/python3.7/site-packages/airflow/example_dags/example_time_delta_sensor_async.py
[2023-11-04 21:08:18,191] {processor.py:651} INFO - DAG(s) dict_keys(['example_time_delta_sensor_async']) retrieved from /home/airflow/.local/lib/python3.7/site-packages/airflow/example_dags/example_time_delta_sensor_async.py
[2023-11-04 21:08:18,233] {logging_mixin.py:115} INFO - [2023-11-04 21:08:18,233] {dag.py:2420} INFO - Sync 1 DAGs
[2023-11-04 21:08:18,361] {logging_mixin.py:115} INFO - [2023-11-04 21:08:18,361] {dag.py:2972} INFO - Setting next_dagrun for example_time_delta_sensor_async to None, run_after=None
[2023-11-04 21:08:18,373] {processor.py:161} INFO - Processing /home/airflow/.local/lib/python3.7/site-packages/airflow/example_dags/example_time_delta_sensor_async.py took 0.192 seconds
[2023-11-04 21:08:48,589] {processor.py:153} INFO - Started process (PID=360) to work on /home/airflow/.local/lib/python3.7/site-packages/airflow/example_dags/example_time_delta_sensor_async.py
[2023-11-04 21:08:48,589] {processor.py:641} INFO - Processing file /home/airflow/.local/lib/python3.7/site-packages/airflow/example_dags/example_time_delta_sensor_async.py for tasks to queue
[2023-11-04 21:08:48,590] {logging_mixin.py:115} INFO - [2023-11-04 21:08:48,590] {dagbag.py:508} INFO - Filling up the DagBag from /home/airflow/.local/lib/python3.7/site-packages/airflow/example_dags/example_time_delta_sensor_async.py
[2023-11-04 21:08:48,596] {processor.py:651} INFO - DAG(s) dict_keys(['example_time_delta_sensor_async']) retrieved from /home/airflow/.local/lib/python3.7/site-packages/airflow/example_dags/example_time_delta_sensor_async.py
[2023-11-04 21:08:48,639] {logging_mixin.py:115} INFO - [2023-11-04 21:08:48,638] {dag.py:2420} INFO - Sync 1 DAGs
[2023-11-04 21:08:48,783] {logging_mixin.py:115} INFO - [2023-11-04 21:08:48,783] {dag.py:2972} INFO - Setting next_dagrun for example_time_delta_sensor_async to None, run_after=None
[2023-11-04 21:08:48,796] {processor.py:161} INFO - Processing /home/airflow/.local/lib/python3.7/site-packages/airflow/example_dags/example_time_delta_sensor_async.py took 0.211 seconds
[2023-11-04 21:09:18,990] {processor.py:153} INFO - Started process (PID=422) to work on /home/airflow/.local/lib/python3.7/site-packages/airflow/example_dags/example_time_delta_sensor_async.py
[2023-11-04 21:09:18,990] {processor.py:641} INFO - Processing file /home/airflow/.local/lib/python3.7/site-packages/airflow/example_dags/example_time_delta_sensor_async.py for tasks to queue
[2023-11-04 21:09:18,991] {logging_mixin.py:115} INFO - [2023-11-04 21:09:18,991] {dagbag.py:508} INFO - Filling up the DagBag from /home/airflow/.local/lib/python3.7/site-packages/airflow/example_dags/example_time_delta_sensor_async.py
[2023-11-04 21:09:18,996] {processor.py:651} INFO - DAG(s) dict_keys(['example_time_delta_sensor_async']) retrieved from /home/airflow/.local/lib/python3.7/site-packages/airflow/example_dags/example_time_delta_sensor_async.py
[2023-11-04 21:09:19,038] {logging_mixin.py:115} INFO - [2023-11-04 21:09:19,038] {dag.py:2420} INFO - Sync 1 DAGs
[2023-11-04 21:09:19,168] {logging_mixin.py:115} INFO - [2023-11-04 21:09:19,168] {dag.py:2972} INFO - Setting next_dagrun for example_time_delta_sensor_async to None, run_after=None
[2023-11-04 21:09:19,182] {processor.py:161} INFO - Processing /home/airflow/.local/lib/python3.7/site-packages/airflow/example_dags/example_time_delta_sensor_async.py took 0.195 seconds
[2023-11-04 21:09:49,678] {processor.py:153} INFO - Started process (PID=475) to work on /home/airflow/.local/lib/python3.7/site-packages/airflow/example_dags/example_time_delta_sensor_async.py
[2023-11-04 21:09:49,679] {processor.py:641} INFO - Processing file /home/airflow/.local/lib/python3.7/site-packages/airflow/example_dags/example_time_delta_sensor_async.py for tasks to queue
[2023-11-04 21:09:49,680] {logging_mixin.py:115} INFO - [2023-11-04 21:09:49,680] {dagbag.py:508} INFO - Filling up the DagBag from /home/airflow/.local/lib/python3.7/site-packages/airflow/example_dags/example_time_delta_sensor_async.py
[2023-11-04 21:09:49,685] {processor.py:651} INFO - DAG(s) dict_keys(['example_time_delta_sensor_async']) retrieved from /home/airflow/.local/lib/python3.7/site-packages/airflow/example_dags/example_time_delta_sensor_async.py
[2023-11-04 21:09:49,727] {logging_mixin.py:115} INFO - [2023-11-04 21:09:49,727] {dag.py:2420} INFO - Sync 1 DAGs
[2023-11-04 21:09:49,870] {logging_mixin.py:115} INFO - [2023-11-04 21:09:49,869] {dag.py:2972} INFO - Setting next_dagrun for example_time_delta_sensor_async to None, run_after=None
[2023-11-04 21:09:49,885] {processor.py:161} INFO - Processing /home/airflow/.local/lib/python3.7/site-packages/airflow/example_dags/example_time_delta_sensor_async.py took 0.210 seconds
[2023-11-04 21:10:20,758] {processor.py:153} INFO - Started process (PID=537) to work on /home/airflow/.local/lib/python3.7/site-packages/airflow/example_dags/example_time_delta_sensor_async.py
[2023-11-04 21:10:20,759] {processor.py:641} INFO - Processing file /home/airflow/.local/lib/python3.7/site-packages/airflow/example_dags/example_time_delta_sensor_async.py for tasks to queue
[2023-11-04 21:10:20,759] {logging_mixin.py:115} INFO - [2023-11-04 21:10:20,759] {dagbag.py:508} INFO - Filling up the DagBag from /home/airflow/.local/lib/python3.7/site-packages/airflow/example_dags/example_time_delta_sensor_async.py
[2023-11-04 21:10:20,765] {processor.py:651} INFO - DAG(s) dict_keys(['example_time_delta_sensor_async']) retrieved from /home/airflow/.local/lib/python3.7/site-packages/airflow/example_dags/example_time_delta_sensor_async.py
[2023-11-04 21:10:20,821] {logging_mixin.py:115} INFO - [2023-11-04 21:10:20,820] {dag.py:2420} INFO - Sync 1 DAGs
[2023-11-04 21:10:20,990] {logging_mixin.py:115} INFO - [2023-11-04 21:10:20,990] {dag.py:2972} INFO - Setting next_dagrun for example_time_delta_sensor_async to None, run_after=None
[2023-11-04 21:10:21,006] {processor.py:161} INFO - Processing /home/airflow/.local/lib/python3.7/site-packages/airflow/example_dags/example_time_delta_sensor_async.py took 0.252 seconds
[2023-11-04 21:10:51,207] {processor.py:153} INFO - Started process (PID=599) to work on /home/airflow/.local/lib/python3.7/site-packages/airflow/example_dags/example_time_delta_sensor_async.py
[2023-11-04 21:10:51,207] {processor.py:641} INFO - Processing file /home/airflow/.local/lib/python3.7/site-packages/airflow/example_dags/example_time_delta_sensor_async.py for tasks to queue
[2023-11-04 21:10:51,208] {logging_mixin.py:115} INFO - [2023-11-04 21:10:51,208] {dagbag.py:508} INFO - Filling up the DagBag from /home/airflow/.local/lib/python3.7/site-packages/airflow/example_dags/example_time_delta_sensor_async.py
[2023-11-04 21:10:51,213] {processor.py:651} INFO - DAG(s) dict_keys(['example_time_delta_sensor_async']) retrieved from /home/airflow/.local/lib/python3.7/site-packages/airflow/example_dags/example_time_delta_sensor_async.py
[2023-11-04 21:10:51,256] {logging_mixin.py:115} INFO - [2023-11-04 21:10:51,256] {dag.py:2420} INFO - Sync 1 DAGs
[2023-11-04 21:10:51,385] {logging_mixin.py:115} INFO - [2023-11-04 21:10:51,385] {dag.py:2972} INFO - Setting next_dagrun for example_time_delta_sensor_async to None, run_after=None
[2023-11-04 21:10:51,398] {processor.py:161} INFO - Processing /home/airflow/.local/lib/python3.7/site-packages/airflow/example_dags/example_time_delta_sensor_async.py took 0.194 seconds
[2023-11-04 21:11:21,895] {processor.py:153} INFO - Started process (PID=652) to work on /home/airflow/.local/lib/python3.7/site-packages/airflow/example_dags/example_time_delta_sensor_async.py
[2023-11-04 21:11:21,896] {processor.py:641} INFO - Processing file /home/airflow/.local/lib/python3.7/site-packages/airflow/example_dags/example_time_delta_sensor_async.py for tasks to queue
[2023-11-04 21:11:21,898] {logging_mixin.py:115} INFO - [2023-11-04 21:11:21,898] {dagbag.py:508} INFO - Filling up the DagBag from /home/airflow/.local/lib/python3.7/site-packages/airflow/example_dags/example_time_delta_sensor_async.py
[2023-11-04 21:11:21,904] {processor.py:651} INFO - DAG(s) dict_keys(['example_time_delta_sensor_async']) retrieved from /home/airflow/.local/lib/python3.7/site-packages/airflow/example_dags/example_time_delta_sensor_async.py
[2023-11-04 21:11:21,952] {logging_mixin.py:115} INFO - [2023-11-04 21:11:21,951] {dag.py:2420} INFO - Sync 1 DAGs
[2023-11-04 21:11:22,093] {logging_mixin.py:115} INFO - [2023-11-04 21:11:22,093] {dag.py:2972} INFO - Setting next_dagrun for example_time_delta_sensor_async to None, run_after=None
[2023-11-04 21:11:22,105] {processor.py:161} INFO - Processing /home/airflow/.local/lib/python3.7/site-packages/airflow/example_dags/example_time_delta_sensor_async.py took 0.214 seconds
[2023-11-04 21:11:52,333] {processor.py:153} INFO - Started process (PID=714) to work on /home/airflow/.local/lib/python3.7/site-packages/airflow/example_dags/example_time_delta_sensor_async.py
[2023-11-04 21:11:52,334] {processor.py:641} INFO - Processing file /home/airflow/.local/lib/python3.7/site-packages/airflow/example_dags/example_time_delta_sensor_async.py for tasks to queue
[2023-11-04 21:11:52,335] {logging_mixin.py:115} INFO - [2023-11-04 21:11:52,335] {dagbag.py:508} INFO - Filling up the DagBag from /home/airflow/.local/lib/python3.7/site-packages/airflow/example_dags/example_time_delta_sensor_async.py
[2023-11-04 21:11:52,341] {processor.py:651} INFO - DAG(s) dict_keys(['example_time_delta_sensor_async']) retrieved from /home/airflow/.local/lib/python3.7/site-packages/airflow/example_dags/example_time_delta_sensor_async.py
[2023-11-04 21:11:52,387] {logging_mixin.py:115} INFO - [2023-11-04 21:11:52,387] {dag.py:2420} INFO - Sync 1 DAGs
[2023-11-04 21:11:52,520] {logging_mixin.py:115} INFO - [2023-11-04 21:11:52,520] {dag.py:2972} INFO - Setting next_dagrun for example_time_delta_sensor_async to None, run_after=None
[2023-11-04 21:11:52,534] {processor.py:161} INFO - Processing /home/airflow/.local/lib/python3.7/site-packages/airflow/example_dags/example_time_delta_sensor_async.py took 0.204 seconds
[2023-11-04 21:12:22,566] {processor.py:153} INFO - Started process (PID=775) to work on /home/airflow/.local/lib/python3.7/site-packages/airflow/example_dags/example_time_delta_sensor_async.py
[2023-11-04 21:12:22,568] {processor.py:641} INFO - Processing file /home/airflow/.local/lib/python3.7/site-packages/airflow/example_dags/example_time_delta_sensor_async.py for tasks to queue
[2023-11-04 21:12:22,569] {logging_mixin.py:115} INFO - [2023-11-04 21:12:22,569] {dagbag.py:508} INFO - Filling up the DagBag from /home/airflow/.local/lib/python3.7/site-packages/airflow/example_dags/example_time_delta_sensor_async.py
[2023-11-04 21:12:22,580] {processor.py:651} INFO - DAG(s) dict_keys(['example_time_delta_sensor_async']) retrieved from /home/airflow/.local/lib/python3.7/site-packages/airflow/example_dags/example_time_delta_sensor_async.py
[2023-11-04 21:12:22,676] {logging_mixin.py:115} INFO - [2023-11-04 21:12:22,675] {dag.py:2420} INFO - Sync 1 DAGs
[2023-11-04 21:12:22,947] {logging_mixin.py:115} INFO - [2023-11-04 21:12:22,946] {dag.py:2972} INFO - Setting next_dagrun for example_time_delta_sensor_async to None, run_after=None
[2023-11-04 21:12:22,991] {processor.py:161} INFO - Processing /home/airflow/.local/lib/python3.7/site-packages/airflow/example_dags/example_time_delta_sensor_async.py took 0.432 seconds
[2023-11-04 21:12:53,486] {processor.py:153} INFO - Started process (PID=828) to work on /home/airflow/.local/lib/python3.7/site-packages/airflow/example_dags/example_time_delta_sensor_async.py
[2023-11-04 21:12:53,487] {processor.py:641} INFO - Processing file /home/airflow/.local/lib/python3.7/site-packages/airflow/example_dags/example_time_delta_sensor_async.py for tasks to queue
[2023-11-04 21:12:53,490] {logging_mixin.py:115} INFO - [2023-11-04 21:12:53,489] {dagbag.py:508} INFO - Filling up the DagBag from /home/airflow/.local/lib/python3.7/site-packages/airflow/example_dags/example_time_delta_sensor_async.py
[2023-11-04 21:12:53,502] {processor.py:651} INFO - DAG(s) dict_keys(['example_time_delta_sensor_async']) retrieved from /home/airflow/.local/lib/python3.7/site-packages/airflow/example_dags/example_time_delta_sensor_async.py
[2023-11-04 21:12:53,609] {logging_mixin.py:115} INFO - [2023-11-04 21:12:53,609] {dag.py:2420} INFO - Sync 1 DAGs
[2023-11-04 21:12:53,873] {logging_mixin.py:115} INFO - [2023-11-04 21:12:53,873] {dag.py:2972} INFO - Setting next_dagrun for example_time_delta_sensor_async to None, run_after=None
[2023-11-04 21:12:53,896] {processor.py:161} INFO - Processing /home/airflow/.local/lib/python3.7/site-packages/airflow/example_dags/example_time_delta_sensor_async.py took 0.418 seconds
[2023-11-04 21:13:24,677] {processor.py:153} INFO - Started process (PID=881) to work on /home/airflow/.local/lib/python3.7/site-packages/airflow/example_dags/example_time_delta_sensor_async.py
[2023-11-04 21:13:24,679] {processor.py:641} INFO - Processing file /home/airflow/.local/lib/python3.7/site-packages/airflow/example_dags/example_time_delta_sensor_async.py for tasks to queue
[2023-11-04 21:13:24,681] {logging_mixin.py:115} INFO - [2023-11-04 21:13:24,680] {dagbag.py:508} INFO - Filling up the DagBag from /home/airflow/.local/lib/python3.7/site-packages/airflow/example_dags/example_time_delta_sensor_async.py
[2023-11-04 21:13:24,692] {processor.py:651} INFO - DAG(s) dict_keys(['example_time_delta_sensor_async']) retrieved from /home/airflow/.local/lib/python3.7/site-packages/airflow/example_dags/example_time_delta_sensor_async.py
[2023-11-04 21:13:24,814] {logging_mixin.py:115} INFO - [2023-11-04 21:13:24,814] {dag.py:2420} INFO - Sync 1 DAGs
[2023-11-04 21:13:25,057] {logging_mixin.py:115} INFO - [2023-11-04 21:13:25,057] {dag.py:2972} INFO - Setting next_dagrun for example_time_delta_sensor_async to None, run_after=None
[2023-11-04 21:13:25,083] {processor.py:161} INFO - Processing /home/airflow/.local/lib/python3.7/site-packages/airflow/example_dags/example_time_delta_sensor_async.py took 0.412 seconds
[2023-11-04 21:15:24,622] {processor.py:153} INFO - Started process (PID=67) to work on /home/airflow/.local/lib/python3.7/site-packages/airflow/example_dags/example_time_delta_sensor_async.py
[2023-11-04 21:15:24,626] {processor.py:641} INFO - Processing file /home/airflow/.local/lib/python3.7/site-packages/airflow/example_dags/example_time_delta_sensor_async.py for tasks to queue
[2023-11-04 21:15:24,628] {logging_mixin.py:115} INFO - [2023-11-04 21:15:24,628] {dagbag.py:508} INFO - Filling up the DagBag from /home/airflow/.local/lib/python3.7/site-packages/airflow/example_dags/example_time_delta_sensor_async.py
[2023-11-04 21:15:24,646] {processor.py:651} INFO - DAG(s) dict_keys(['example_time_delta_sensor_async']) retrieved from /home/airflow/.local/lib/python3.7/site-packages/airflow/example_dags/example_time_delta_sensor_async.py
[2023-11-04 21:15:24,784] {logging_mixin.py:115} INFO - [2023-11-04 21:15:24,784] {dag.py:2420} INFO - Sync 1 DAGs
[2023-11-04 21:15:25,158] {logging_mixin.py:115} INFO - [2023-11-04 21:15:25,158] {dag.py:2972} INFO - Setting next_dagrun for example_time_delta_sensor_async to None, run_after=None
[2023-11-04 21:15:25,192] {processor.py:161} INFO - Processing /home/airflow/.local/lib/python3.7/site-packages/airflow/example_dags/example_time_delta_sensor_async.py took 0.580 seconds
[2023-11-04 21:15:55,510] {processor.py:153} INFO - Started process (PID=120) to work on /home/airflow/.local/lib/python3.7/site-packages/airflow/example_dags/example_time_delta_sensor_async.py
[2023-11-04 21:15:55,512] {processor.py:641} INFO - Processing file /home/airflow/.local/lib/python3.7/site-packages/airflow/example_dags/example_time_delta_sensor_async.py for tasks to queue
[2023-11-04 21:15:55,514] {logging_mixin.py:115} INFO - [2023-11-04 21:15:55,514] {dagbag.py:508} INFO - Filling up the DagBag from /home/airflow/.local/lib/python3.7/site-packages/airflow/example_dags/example_time_delta_sensor_async.py
[2023-11-04 21:15:55,528] {processor.py:651} INFO - DAG(s) dict_keys(['example_time_delta_sensor_async']) retrieved from /home/airflow/.local/lib/python3.7/site-packages/airflow/example_dags/example_time_delta_sensor_async.py
[2023-11-04 21:15:55,616] {logging_mixin.py:115} INFO - [2023-11-04 21:15:55,616] {dag.py:2420} INFO - Sync 1 DAGs
[2023-11-04 21:15:55,864] {logging_mixin.py:115} INFO - [2023-11-04 21:15:55,864] {dag.py:2972} INFO - Setting next_dagrun for example_time_delta_sensor_async to None, run_after=None
[2023-11-04 21:15:55,896] {processor.py:161} INFO - Processing /home/airflow/.local/lib/python3.7/site-packages/airflow/example_dags/example_time_delta_sensor_async.py took 0.394 seconds
[2023-11-04 21:16:26,394] {processor.py:153} INFO - Started process (PID=182) to work on /home/airflow/.local/lib/python3.7/site-packages/airflow/example_dags/example_time_delta_sensor_async.py
[2023-11-04 21:16:26,396] {processor.py:641} INFO - Processing file /home/airflow/.local/lib/python3.7/site-packages/airflow/example_dags/example_time_delta_sensor_async.py for tasks to queue
[2023-11-04 21:16:26,398] {logging_mixin.py:115} INFO - [2023-11-04 21:16:26,398] {dagbag.py:508} INFO - Filling up the DagBag from /home/airflow/.local/lib/python3.7/site-packages/airflow/example_dags/example_time_delta_sensor_async.py
[2023-11-04 21:16:26,410] {processor.py:651} INFO - DAG(s) dict_keys(['example_time_delta_sensor_async']) retrieved from /home/airflow/.local/lib/python3.7/site-packages/airflow/example_dags/example_time_delta_sensor_async.py
[2023-11-04 21:16:26,506] {logging_mixin.py:115} INFO - [2023-11-04 21:16:26,506] {dag.py:2420} INFO - Sync 1 DAGs
[2023-11-04 21:16:26,824] {logging_mixin.py:115} INFO - [2023-11-04 21:16:26,824] {dag.py:2972} INFO - Setting next_dagrun for example_time_delta_sensor_async to None, run_after=None
[2023-11-04 21:16:26,868] {processor.py:161} INFO - Processing /home/airflow/.local/lib/python3.7/site-packages/airflow/example_dags/example_time_delta_sensor_async.py took 0.482 seconds
[2023-11-04 21:16:57,610] {processor.py:153} INFO - Started process (PID=235) to work on /home/airflow/.local/lib/python3.7/site-packages/airflow/example_dags/example_time_delta_sensor_async.py
[2023-11-04 21:16:57,612] {processor.py:641} INFO - Processing file /home/airflow/.local/lib/python3.7/site-packages/airflow/example_dags/example_time_delta_sensor_async.py for tasks to queue
[2023-11-04 21:16:57,613] {logging_mixin.py:115} INFO - [2023-11-04 21:16:57,613] {dagbag.py:508} INFO - Filling up the DagBag from /home/airflow/.local/lib/python3.7/site-packages/airflow/example_dags/example_time_delta_sensor_async.py
[2023-11-04 21:16:57,625] {processor.py:651} INFO - DAG(s) dict_keys(['example_time_delta_sensor_async']) retrieved from /home/airflow/.local/lib/python3.7/site-packages/airflow/example_dags/example_time_delta_sensor_async.py
[2023-11-04 21:16:57,749] {logging_mixin.py:115} INFO - [2023-11-04 21:16:57,749] {dag.py:2420} INFO - Sync 1 DAGs
[2023-11-04 21:16:58,042] {logging_mixin.py:115} INFO - [2023-11-04 21:16:58,041] {dag.py:2972} INFO - Setting next_dagrun for example_time_delta_sensor_async to None, run_after=None
[2023-11-04 21:16:58,071] {processor.py:161} INFO - Processing /home/airflow/.local/lib/python3.7/site-packages/airflow/example_dags/example_time_delta_sensor_async.py took 0.472 seconds
[2023-11-04 21:17:28,700] {processor.py:153} INFO - Started process (PID=288) to work on /home/airflow/.local/lib/python3.7/site-packages/airflow/example_dags/example_time_delta_sensor_async.py
[2023-11-04 21:17:28,701] {processor.py:641} INFO - Processing file /home/airflow/.local/lib/python3.7/site-packages/airflow/example_dags/example_time_delta_sensor_async.py for tasks to queue
[2023-11-04 21:17:28,706] {logging_mixin.py:115} INFO - [2023-11-04 21:17:28,705] {dagbag.py:508} INFO - Filling up the DagBag from /home/airflow/.local/lib/python3.7/site-packages/airflow/example_dags/example_time_delta_sensor_async.py
[2023-11-04 21:17:28,726] {processor.py:651} INFO - DAG(s) dict_keys(['example_time_delta_sensor_async']) retrieved from /home/airflow/.local/lib/python3.7/site-packages/airflow/example_dags/example_time_delta_sensor_async.py
[2023-11-04 21:17:28,864] {logging_mixin.py:115} INFO - [2023-11-04 21:17:28,863] {dag.py:2420} INFO - Sync 1 DAGs
[2023-11-04 21:17:29,179] {logging_mixin.py:115} INFO - [2023-11-04 21:17:29,179] {dag.py:2972} INFO - Setting next_dagrun for example_time_delta_sensor_async to None, run_after=None
[2023-11-04 21:17:29,217] {processor.py:161} INFO - Processing /home/airflow/.local/lib/python3.7/site-packages/airflow/example_dags/example_time_delta_sensor_async.py took 0.530 seconds
[2023-11-04 21:17:59,484] {processor.py:153} INFO - Started process (PID=341) to work on /home/airflow/.local/lib/python3.7/site-packages/airflow/example_dags/example_time_delta_sensor_async.py
[2023-11-04 21:17:59,486] {processor.py:641} INFO - Processing file /home/airflow/.local/lib/python3.7/site-packages/airflow/example_dags/example_time_delta_sensor_async.py for tasks to queue
[2023-11-04 21:17:59,488] {logging_mixin.py:115} INFO - [2023-11-04 21:17:59,488] {dagbag.py:508} INFO - Filling up the DagBag from /home/airflow/.local/lib/python3.7/site-packages/airflow/example_dags/example_time_delta_sensor_async.py
[2023-11-04 21:17:59,499] {processor.py:651} INFO - DAG(s) dict_keys(['example_time_delta_sensor_async']) retrieved from /home/airflow/.local/lib/python3.7/site-packages/airflow/example_dags/example_time_delta_sensor_async.py
[2023-11-04 21:17:59,575] {logging_mixin.py:115} INFO - [2023-11-04 21:17:59,575] {dag.py:2420} INFO - Sync 1 DAGs
[2023-11-04 21:17:59,831] {logging_mixin.py:115} INFO - [2023-11-04 21:17:59,830] {dag.py:2972} INFO - Setting next_dagrun for example_time_delta_sensor_async to None, run_after=None
[2023-11-04 21:17:59,854] {processor.py:161} INFO - Processing /home/airflow/.local/lib/python3.7/site-packages/airflow/example_dags/example_time_delta_sensor_async.py took 0.376 seconds
[2023-11-04 21:18:30,039] {processor.py:153} INFO - Started process (PID=403) to work on /home/airflow/.local/lib/python3.7/site-packages/airflow/example_dags/example_time_delta_sensor_async.py
[2023-11-04 21:18:30,041] {processor.py:641} INFO - Processing file /home/airflow/.local/lib/python3.7/site-packages/airflow/example_dags/example_time_delta_sensor_async.py for tasks to queue
[2023-11-04 21:18:30,045] {logging_mixin.py:115} INFO - [2023-11-04 21:18:30,044] {dagbag.py:508} INFO - Filling up the DagBag from /home/airflow/.local/lib/python3.7/site-packages/airflow/example_dags/example_time_delta_sensor_async.py
[2023-11-04 21:18:30,059] {processor.py:651} INFO - DAG(s) dict_keys(['example_time_delta_sensor_async']) retrieved from /home/airflow/.local/lib/python3.7/site-packages/airflow/example_dags/example_time_delta_sensor_async.py
[2023-11-04 21:18:30,163] {logging_mixin.py:115} INFO - [2023-11-04 21:18:30,163] {dag.py:2420} INFO - Sync 1 DAGs
[2023-11-04 21:18:30,391] {logging_mixin.py:115} INFO - [2023-11-04 21:18:30,391] {dag.py:2972} INFO - Setting next_dagrun for example_time_delta_sensor_async to None, run_after=None
[2023-11-04 21:18:30,415] {processor.py:161} INFO - Processing /home/airflow/.local/lib/python3.7/site-packages/airflow/example_dags/example_time_delta_sensor_async.py took 0.383 seconds
[2023-11-04 21:19:00,838] {processor.py:153} INFO - Started process (PID=472) to work on /home/airflow/.local/lib/python3.7/site-packages/airflow/example_dags/example_time_delta_sensor_async.py
[2023-11-04 21:19:00,840] {processor.py:641} INFO - Processing file /home/airflow/.local/lib/python3.7/site-packages/airflow/example_dags/example_time_delta_sensor_async.py for tasks to queue
[2023-11-04 21:19:00,841] {logging_mixin.py:115} INFO - [2023-11-04 21:19:00,841] {dagbag.py:508} INFO - Filling up the DagBag from /home/airflow/.local/lib/python3.7/site-packages/airflow/example_dags/example_time_delta_sensor_async.py
[2023-11-04 21:19:00,849] {processor.py:651} INFO - DAG(s) dict_keys(['example_time_delta_sensor_async']) retrieved from /home/airflow/.local/lib/python3.7/site-packages/airflow/example_dags/example_time_delta_sensor_async.py
[2023-11-04 21:19:00,919] {logging_mixin.py:115} INFO - [2023-11-04 21:19:00,918] {dag.py:2420} INFO - Sync 1 DAGs
[2023-11-04 21:19:01,235] {logging_mixin.py:115} INFO - [2023-11-04 21:19:01,235] {dag.py:2972} INFO - Setting next_dagrun for example_time_delta_sensor_async to None, run_after=None
[2023-11-04 21:19:01,287] {processor.py:161} INFO - Processing /home/airflow/.local/lib/python3.7/site-packages/airflow/example_dags/example_time_delta_sensor_async.py took 0.456 seconds
[2023-11-04 21:19:32,131] {processor.py:153} INFO - Started process (PID=533) to work on /home/airflow/.local/lib/python3.7/site-packages/airflow/example_dags/example_time_delta_sensor_async.py
[2023-11-04 21:19:32,132] {processor.py:641} INFO - Processing file /home/airflow/.local/lib/python3.7/site-packages/airflow/example_dags/example_time_delta_sensor_async.py for tasks to queue
[2023-11-04 21:19:32,132] {logging_mixin.py:115} INFO - [2023-11-04 21:19:32,132] {dagbag.py:508} INFO - Filling up the DagBag from /home/airflow/.local/lib/python3.7/site-packages/airflow/example_dags/example_time_delta_sensor_async.py
[2023-11-04 21:19:32,140] {processor.py:651} INFO - DAG(s) dict_keys(['example_time_delta_sensor_async']) retrieved from /home/airflow/.local/lib/python3.7/site-packages/airflow/example_dags/example_time_delta_sensor_async.py
[2023-11-04 21:19:32,195] {logging_mixin.py:115} INFO - [2023-11-04 21:19:32,194] {dag.py:2420} INFO - Sync 1 DAGs
[2023-11-04 21:19:32,358] {logging_mixin.py:115} INFO - [2023-11-04 21:19:32,358] {dag.py:2972} INFO - Setting next_dagrun for example_time_delta_sensor_async to None, run_after=None
[2023-11-04 21:19:32,400] {processor.py:161} INFO - Processing /home/airflow/.local/lib/python3.7/site-packages/airflow/example_dags/example_time_delta_sensor_async.py took 0.274 seconds
[2023-11-04 21:20:02,877] {processor.py:153} INFO - Started process (PID=588) to work on /home/airflow/.local/lib/python3.7/site-packages/airflow/example_dags/example_time_delta_sensor_async.py
[2023-11-04 21:20:02,878] {processor.py:641} INFO - Processing file /home/airflow/.local/lib/python3.7/site-packages/airflow/example_dags/example_time_delta_sensor_async.py for tasks to queue
[2023-11-04 21:20:02,879] {logging_mixin.py:115} INFO - [2023-11-04 21:20:02,879] {dagbag.py:508} INFO - Filling up the DagBag from /home/airflow/.local/lib/python3.7/site-packages/airflow/example_dags/example_time_delta_sensor_async.py
[2023-11-04 21:20:02,886] {processor.py:651} INFO - DAG(s) dict_keys(['example_time_delta_sensor_async']) retrieved from /home/airflow/.local/lib/python3.7/site-packages/airflow/example_dags/example_time_delta_sensor_async.py
[2023-11-04 21:20:02,941] {logging_mixin.py:115} INFO - [2023-11-04 21:20:02,941] {dag.py:2420} INFO - Sync 1 DAGs
[2023-11-04 21:20:03,090] {logging_mixin.py:115} INFO - [2023-11-04 21:20:03,090] {dag.py:2972} INFO - Setting next_dagrun for example_time_delta_sensor_async to None, run_after=None
[2023-11-04 21:20:03,109] {processor.py:161} INFO - Processing /home/airflow/.local/lib/python3.7/site-packages/airflow/example_dags/example_time_delta_sensor_async.py took 0.235 seconds
[2023-11-04 21:20:33,430] {processor.py:153} INFO - Started process (PID=650) to work on /home/airflow/.local/lib/python3.7/site-packages/airflow/example_dags/example_time_delta_sensor_async.py
[2023-11-04 21:20:33,431] {processor.py:641} INFO - Processing file /home/airflow/.local/lib/python3.7/site-packages/airflow/example_dags/example_time_delta_sensor_async.py for tasks to queue
[2023-11-04 21:20:33,432] {logging_mixin.py:115} INFO - [2023-11-04 21:20:33,432] {dagbag.py:508} INFO - Filling up the DagBag from /home/airflow/.local/lib/python3.7/site-packages/airflow/example_dags/example_time_delta_sensor_async.py
[2023-11-04 21:20:33,438] {processor.py:651} INFO - DAG(s) dict_keys(['example_time_delta_sensor_async']) retrieved from /home/airflow/.local/lib/python3.7/site-packages/airflow/example_dags/example_time_delta_sensor_async.py
[2023-11-04 21:20:33,490] {logging_mixin.py:115} INFO - [2023-11-04 21:20:33,490] {dag.py:2420} INFO - Sync 1 DAGs
[2023-11-04 21:20:33,646] {logging_mixin.py:115} INFO - [2023-11-04 21:20:33,645] {dag.py:2972} INFO - Setting next_dagrun for example_time_delta_sensor_async to None, run_after=None
[2023-11-04 21:20:33,661] {processor.py:161} INFO - Processing /home/airflow/.local/lib/python3.7/site-packages/airflow/example_dags/example_time_delta_sensor_async.py took 0.235 seconds
[2023-11-04 21:21:04,120] {processor.py:153} INFO - Started process (PID=703) to work on /home/airflow/.local/lib/python3.7/site-packages/airflow/example_dags/example_time_delta_sensor_async.py
[2023-11-04 21:21:04,121] {processor.py:641} INFO - Processing file /home/airflow/.local/lib/python3.7/site-packages/airflow/example_dags/example_time_delta_sensor_async.py for tasks to queue
[2023-11-04 21:21:04,122] {logging_mixin.py:115} INFO - [2023-11-04 21:21:04,122] {dagbag.py:508} INFO - Filling up the DagBag from /home/airflow/.local/lib/python3.7/site-packages/airflow/example_dags/example_time_delta_sensor_async.py
[2023-11-04 21:21:04,129] {processor.py:651} INFO - DAG(s) dict_keys(['example_time_delta_sensor_async']) retrieved from /home/airflow/.local/lib/python3.7/site-packages/airflow/example_dags/example_time_delta_sensor_async.py
[2023-11-04 21:21:04,194] {logging_mixin.py:115} INFO - [2023-11-04 21:21:04,194] {dag.py:2420} INFO - Sync 1 DAGs
[2023-11-04 21:21:04,342] {logging_mixin.py:115} INFO - [2023-11-04 21:21:04,342] {dag.py:2972} INFO - Setting next_dagrun for example_time_delta_sensor_async to None, run_after=None
[2023-11-04 21:21:04,360] {processor.py:161} INFO - Processing /home/airflow/.local/lib/python3.7/site-packages/airflow/example_dags/example_time_delta_sensor_async.py took 0.243 seconds
[2023-11-04 21:21:34,868] {processor.py:153} INFO - Started process (PID=766) to work on /home/airflow/.local/lib/python3.7/site-packages/airflow/example_dags/example_time_delta_sensor_async.py
[2023-11-04 21:21:34,869] {processor.py:641} INFO - Processing file /home/airflow/.local/lib/python3.7/site-packages/airflow/example_dags/example_time_delta_sensor_async.py for tasks to queue
[2023-11-04 21:21:34,870] {logging_mixin.py:115} INFO - [2023-11-04 21:21:34,870] {dagbag.py:508} INFO - Filling up the DagBag from /home/airflow/.local/lib/python3.7/site-packages/airflow/example_dags/example_time_delta_sensor_async.py
[2023-11-04 21:21:34,878] {processor.py:651} INFO - DAG(s) dict_keys(['example_time_delta_sensor_async']) retrieved from /home/airflow/.local/lib/python3.7/site-packages/airflow/example_dags/example_time_delta_sensor_async.py
[2023-11-04 21:21:34,940] {logging_mixin.py:115} INFO - [2023-11-04 21:21:34,940] {dag.py:2420} INFO - Sync 1 DAGs
[2023-11-04 21:21:35,122] {logging_mixin.py:115} INFO - [2023-11-04 21:21:35,122] {dag.py:2972} INFO - Setting next_dagrun for example_time_delta_sensor_async to None, run_after=None
[2023-11-04 21:21:35,145] {processor.py:161} INFO - Processing /home/airflow/.local/lib/python3.7/site-packages/airflow/example_dags/example_time_delta_sensor_async.py took 0.281 seconds
[2023-11-04 21:22:05,388] {processor.py:153} INFO - Started process (PID=819) to work on /home/airflow/.local/lib/python3.7/site-packages/airflow/example_dags/example_time_delta_sensor_async.py
[2023-11-04 21:22:05,388] {processor.py:641} INFO - Processing file /home/airflow/.local/lib/python3.7/site-packages/airflow/example_dags/example_time_delta_sensor_async.py for tasks to queue
[2023-11-04 21:22:05,390] {logging_mixin.py:115} INFO - [2023-11-04 21:22:05,390] {dagbag.py:508} INFO - Filling up the DagBag from /home/airflow/.local/lib/python3.7/site-packages/airflow/example_dags/example_time_delta_sensor_async.py
[2023-11-04 21:22:05,397] {processor.py:651} INFO - DAG(s) dict_keys(['example_time_delta_sensor_async']) retrieved from /home/airflow/.local/lib/python3.7/site-packages/airflow/example_dags/example_time_delta_sensor_async.py
[2023-11-04 21:22:05,452] {logging_mixin.py:115} INFO - [2023-11-04 21:22:05,452] {dag.py:2420} INFO - Sync 1 DAGs
[2023-11-04 21:22:05,611] {logging_mixin.py:115} INFO - [2023-11-04 21:22:05,611] {dag.py:2972} INFO - Setting next_dagrun for example_time_delta_sensor_async to None, run_after=None
[2023-11-04 21:22:05,629] {processor.py:161} INFO - Processing /home/airflow/.local/lib/python3.7/site-packages/airflow/example_dags/example_time_delta_sensor_async.py took 0.245 seconds
[2023-11-04 21:22:36,217] {processor.py:153} INFO - Started process (PID=881) to work on /home/airflow/.local/lib/python3.7/site-packages/airflow/example_dags/example_time_delta_sensor_async.py
[2023-11-04 21:22:36,218] {processor.py:641} INFO - Processing file /home/airflow/.local/lib/python3.7/site-packages/airflow/example_dags/example_time_delta_sensor_async.py for tasks to queue
[2023-11-04 21:22:36,218] {logging_mixin.py:115} INFO - [2023-11-04 21:22:36,218] {dagbag.py:508} INFO - Filling up the DagBag from /home/airflow/.local/lib/python3.7/site-packages/airflow/example_dags/example_time_delta_sensor_async.py
[2023-11-04 21:22:36,224] {processor.py:651} INFO - DAG(s) dict_keys(['example_time_delta_sensor_async']) retrieved from /home/airflow/.local/lib/python3.7/site-packages/airflow/example_dags/example_time_delta_sensor_async.py
[2023-11-04 21:22:36,280] {logging_mixin.py:115} INFO - [2023-11-04 21:22:36,280] {dag.py:2420} INFO - Sync 1 DAGs
[2023-11-04 21:22:36,430] {logging_mixin.py:115} INFO - [2023-11-04 21:22:36,430] {dag.py:2972} INFO - Setting next_dagrun for example_time_delta_sensor_async to None, run_after=None
[2023-11-04 21:22:36,446] {processor.py:161} INFO - Processing /home/airflow/.local/lib/python3.7/site-packages/airflow/example_dags/example_time_delta_sensor_async.py took 0.232 seconds
[2023-11-04 21:23:06,829] {processor.py:153} INFO - Started process (PID=943) to work on /home/airflow/.local/lib/python3.7/site-packages/airflow/example_dags/example_time_delta_sensor_async.py
[2023-11-04 21:23:06,830] {processor.py:641} INFO - Processing file /home/airflow/.local/lib/python3.7/site-packages/airflow/example_dags/example_time_delta_sensor_async.py for tasks to queue
[2023-11-04 21:23:06,830] {logging_mixin.py:115} INFO - [2023-11-04 21:23:06,830] {dagbag.py:508} INFO - Filling up the DagBag from /home/airflow/.local/lib/python3.7/site-packages/airflow/example_dags/example_time_delta_sensor_async.py
[2023-11-04 21:23:06,838] {processor.py:651} INFO - DAG(s) dict_keys(['example_time_delta_sensor_async']) retrieved from /home/airflow/.local/lib/python3.7/site-packages/airflow/example_dags/example_time_delta_sensor_async.py
[2023-11-04 21:23:06,882] {logging_mixin.py:115} INFO - [2023-11-04 21:23:06,882] {dag.py:2420} INFO - Sync 1 DAGs
[2023-11-04 21:23:07,018] {logging_mixin.py:115} INFO - [2023-11-04 21:23:07,018] {dag.py:2972} INFO - Setting next_dagrun for example_time_delta_sensor_async to None, run_after=None
[2023-11-04 21:23:07,031] {processor.py:161} INFO - Processing /home/airflow/.local/lib/python3.7/site-packages/airflow/example_dags/example_time_delta_sensor_async.py took 0.205 seconds
[2023-11-04 21:23:37,359] {processor.py:153} INFO - Started process (PID=996) to work on /home/airflow/.local/lib/python3.7/site-packages/airflow/example_dags/example_time_delta_sensor_async.py
[2023-11-04 21:23:37,359] {processor.py:641} INFO - Processing file /home/airflow/.local/lib/python3.7/site-packages/airflow/example_dags/example_time_delta_sensor_async.py for tasks to queue
[2023-11-04 21:23:37,360] {logging_mixin.py:115} INFO - [2023-11-04 21:23:37,360] {dagbag.py:508} INFO - Filling up the DagBag from /home/airflow/.local/lib/python3.7/site-packages/airflow/example_dags/example_time_delta_sensor_async.py
[2023-11-04 21:23:37,365] {processor.py:651} INFO - DAG(s) dict_keys(['example_time_delta_sensor_async']) retrieved from /home/airflow/.local/lib/python3.7/site-packages/airflow/example_dags/example_time_delta_sensor_async.py
[2023-11-04 21:23:37,408] {logging_mixin.py:115} INFO - [2023-11-04 21:23:37,408] {dag.py:2420} INFO - Sync 1 DAGs
[2023-11-04 21:23:37,572] {logging_mixin.py:115} INFO - [2023-11-04 21:23:37,572] {dag.py:2972} INFO - Setting next_dagrun for example_time_delta_sensor_async to None, run_after=None
[2023-11-04 21:23:37,586] {processor.py:161} INFO - Processing /home/airflow/.local/lib/python3.7/site-packages/airflow/example_dags/example_time_delta_sensor_async.py took 0.230 seconds
[2023-11-04 21:24:07,890] {processor.py:153} INFO - Started process (PID=1058) to work on /home/airflow/.local/lib/python3.7/site-packages/airflow/example_dags/example_time_delta_sensor_async.py
[2023-11-04 21:24:07,890] {processor.py:641} INFO - Processing file /home/airflow/.local/lib/python3.7/site-packages/airflow/example_dags/example_time_delta_sensor_async.py for tasks to queue
[2023-11-04 21:24:07,891] {logging_mixin.py:115} INFO - [2023-11-04 21:24:07,891] {dagbag.py:508} INFO - Filling up the DagBag from /home/airflow/.local/lib/python3.7/site-packages/airflow/example_dags/example_time_delta_sensor_async.py
[2023-11-04 21:24:07,896] {processor.py:651} INFO - DAG(s) dict_keys(['example_time_delta_sensor_async']) retrieved from /home/airflow/.local/lib/python3.7/site-packages/airflow/example_dags/example_time_delta_sensor_async.py
[2023-11-04 21:24:07,939] {logging_mixin.py:115} INFO - [2023-11-04 21:24:07,939] {dag.py:2420} INFO - Sync 1 DAGs
[2023-11-04 21:24:08,068] {logging_mixin.py:115} INFO - [2023-11-04 21:24:08,068] {dag.py:2972} INFO - Setting next_dagrun for example_time_delta_sensor_async to None, run_after=None
[2023-11-04 21:24:08,081] {processor.py:161} INFO - Processing /home/airflow/.local/lib/python3.7/site-packages/airflow/example_dags/example_time_delta_sensor_async.py took 0.194 seconds
[2023-11-04 21:24:38,282] {processor.py:153} INFO - Started process (PID=1120) to work on /home/airflow/.local/lib/python3.7/site-packages/airflow/example_dags/example_time_delta_sensor_async.py
[2023-11-04 21:24:38,282] {processor.py:641} INFO - Processing file /home/airflow/.local/lib/python3.7/site-packages/airflow/example_dags/example_time_delta_sensor_async.py for tasks to queue
[2023-11-04 21:24:38,283] {logging_mixin.py:115} INFO - [2023-11-04 21:24:38,283] {dagbag.py:508} INFO - Filling up the DagBag from /home/airflow/.local/lib/python3.7/site-packages/airflow/example_dags/example_time_delta_sensor_async.py
[2023-11-04 21:24:38,289] {processor.py:651} INFO - DAG(s) dict_keys(['example_time_delta_sensor_async']) retrieved from /home/airflow/.local/lib/python3.7/site-packages/airflow/example_dags/example_time_delta_sensor_async.py
[2023-11-04 21:24:38,339] {logging_mixin.py:115} INFO - [2023-11-04 21:24:38,339] {dag.py:2420} INFO - Sync 1 DAGs
[2023-11-04 21:24:38,514] {logging_mixin.py:115} INFO - [2023-11-04 21:24:38,514] {dag.py:2972} INFO - Setting next_dagrun for example_time_delta_sensor_async to None, run_after=None
[2023-11-04 21:24:38,526] {processor.py:161} INFO - Processing /home/airflow/.local/lib/python3.7/site-packages/airflow/example_dags/example_time_delta_sensor_async.py took 0.249 seconds
[2023-11-04 21:25:08,838] {processor.py:153} INFO - Started process (PID=1173) to work on /home/airflow/.local/lib/python3.7/site-packages/airflow/example_dags/example_time_delta_sensor_async.py
[2023-11-04 21:25:08,839] {processor.py:641} INFO - Processing file /home/airflow/.local/lib/python3.7/site-packages/airflow/example_dags/example_time_delta_sensor_async.py for tasks to queue
[2023-11-04 21:25:08,840] {logging_mixin.py:115} INFO - [2023-11-04 21:25:08,840] {dagbag.py:508} INFO - Filling up the DagBag from /home/airflow/.local/lib/python3.7/site-packages/airflow/example_dags/example_time_delta_sensor_async.py
[2023-11-04 21:25:08,845] {processor.py:651} INFO - DAG(s) dict_keys(['example_time_delta_sensor_async']) retrieved from /home/airflow/.local/lib/python3.7/site-packages/airflow/example_dags/example_time_delta_sensor_async.py
[2023-11-04 21:25:08,888] {logging_mixin.py:115} INFO - [2023-11-04 21:25:08,888] {dag.py:2420} INFO - Sync 1 DAGs
[2023-11-04 21:25:09,017] {logging_mixin.py:115} INFO - [2023-11-04 21:25:09,016] {dag.py:2972} INFO - Setting next_dagrun for example_time_delta_sensor_async to None, run_after=None
[2023-11-04 21:25:09,030] {processor.py:161} INFO - Processing /home/airflow/.local/lib/python3.7/site-packages/airflow/example_dags/example_time_delta_sensor_async.py took 0.194 seconds
[2023-11-04 21:25:39,352] {processor.py:153} INFO - Started process (PID=1235) to work on /home/airflow/.local/lib/python3.7/site-packages/airflow/example_dags/example_time_delta_sensor_async.py
[2023-11-04 21:25:39,353] {processor.py:641} INFO - Processing file /home/airflow/.local/lib/python3.7/site-packages/airflow/example_dags/example_time_delta_sensor_async.py for tasks to queue
[2023-11-04 21:25:39,353] {logging_mixin.py:115} INFO - [2023-11-04 21:25:39,353] {dagbag.py:508} INFO - Filling up the DagBag from /home/airflow/.local/lib/python3.7/site-packages/airflow/example_dags/example_time_delta_sensor_async.py
[2023-11-04 21:25:39,359] {processor.py:651} INFO - DAG(s) dict_keys(['example_time_delta_sensor_async']) retrieved from /home/airflow/.local/lib/python3.7/site-packages/airflow/example_dags/example_time_delta_sensor_async.py
[2023-11-04 21:25:39,515] {logging_mixin.py:115} INFO - [2023-11-04 21:25:39,515] {dag.py:2420} INFO - Sync 1 DAGs
[2023-11-04 21:25:39,540] {logging_mixin.py:115} INFO - [2023-11-04 21:25:39,540] {dag.py:2972} INFO - Setting next_dagrun for example_time_delta_sensor_async to None, run_after=None
[2023-11-04 21:25:39,554] {processor.py:161} INFO - Processing /home/airflow/.local/lib/python3.7/site-packages/airflow/example_dags/example_time_delta_sensor_async.py took 0.206 seconds
[2023-11-04 21:26:10,154] {processor.py:153} INFO - Started process (PID=1297) to work on /home/airflow/.local/lib/python3.7/site-packages/airflow/example_dags/example_time_delta_sensor_async.py
[2023-11-04 21:26:10,154] {processor.py:641} INFO - Processing file /home/airflow/.local/lib/python3.7/site-packages/airflow/example_dags/example_time_delta_sensor_async.py for tasks to queue
[2023-11-04 21:26:10,155] {logging_mixin.py:115} INFO - [2023-11-04 21:26:10,155] {dagbag.py:508} INFO - Filling up the DagBag from /home/airflow/.local/lib/python3.7/site-packages/airflow/example_dags/example_time_delta_sensor_async.py
[2023-11-04 21:26:10,160] {processor.py:651} INFO - DAG(s) dict_keys(['example_time_delta_sensor_async']) retrieved from /home/airflow/.local/lib/python3.7/site-packages/airflow/example_dags/example_time_delta_sensor_async.py
[2023-11-04 21:26:10,315] {logging_mixin.py:115} INFO - [2023-11-04 21:26:10,315] {dag.py:2420} INFO - Sync 1 DAGs
[2023-11-04 21:26:10,341] {logging_mixin.py:115} INFO - [2023-11-04 21:26:10,340] {dag.py:2972} INFO - Setting next_dagrun for example_time_delta_sensor_async to None, run_after=None
[2023-11-04 21:26:10,354] {processor.py:161} INFO - Processing /home/airflow/.local/lib/python3.7/site-packages/airflow/example_dags/example_time_delta_sensor_async.py took 0.203 seconds
[2023-11-04 21:26:40,695] {processor.py:153} INFO - Started process (PID=1350) to work on /home/airflow/.local/lib/python3.7/site-packages/airflow/example_dags/example_time_delta_sensor_async.py
[2023-11-04 21:26:40,696] {processor.py:641} INFO - Processing file /home/airflow/.local/lib/python3.7/site-packages/airflow/example_dags/example_time_delta_sensor_async.py for tasks to queue
[2023-11-04 21:26:40,697] {logging_mixin.py:115} INFO - [2023-11-04 21:26:40,697] {dagbag.py:508} INFO - Filling up the DagBag from /home/airflow/.local/lib/python3.7/site-packages/airflow/example_dags/example_time_delta_sensor_async.py
[2023-11-04 21:26:40,703] {processor.py:651} INFO - DAG(s) dict_keys(['example_time_delta_sensor_async']) retrieved from /home/airflow/.local/lib/python3.7/site-packages/airflow/example_dags/example_time_delta_sensor_async.py
[2023-11-04 21:26:40,879] {logging_mixin.py:115} INFO - [2023-11-04 21:26:40,879] {dag.py:2420} INFO - Sync 1 DAGs
[2023-11-04 21:26:40,906] {logging_mixin.py:115} INFO - [2023-11-04 21:26:40,905] {dag.py:2972} INFO - Setting next_dagrun for example_time_delta_sensor_async to None, run_after=None
[2023-11-04 21:26:40,919] {processor.py:161} INFO - Processing /home/airflow/.local/lib/python3.7/site-packages/airflow/example_dags/example_time_delta_sensor_async.py took 0.228 seconds
[2023-11-04 21:27:11,440] {processor.py:153} INFO - Started process (PID=1412) to work on /home/airflow/.local/lib/python3.7/site-packages/airflow/example_dags/example_time_delta_sensor_async.py
[2023-11-04 21:27:11,441] {processor.py:641} INFO - Processing file /home/airflow/.local/lib/python3.7/site-packages/airflow/example_dags/example_time_delta_sensor_async.py for tasks to queue
[2023-11-04 21:27:11,441] {logging_mixin.py:115} INFO - [2023-11-04 21:27:11,441] {dagbag.py:508} INFO - Filling up the DagBag from /home/airflow/.local/lib/python3.7/site-packages/airflow/example_dags/example_time_delta_sensor_async.py
[2023-11-04 21:27:11,447] {processor.py:651} INFO - DAG(s) dict_keys(['example_time_delta_sensor_async']) retrieved from /home/airflow/.local/lib/python3.7/site-packages/airflow/example_dags/example_time_delta_sensor_async.py
[2023-11-04 21:27:11,610] {logging_mixin.py:115} INFO - [2023-11-04 21:27:11,610] {dag.py:2420} INFO - Sync 1 DAGs
[2023-11-04 21:27:11,634] {logging_mixin.py:115} INFO - [2023-11-04 21:27:11,634] {dag.py:2972} INFO - Setting next_dagrun for example_time_delta_sensor_async to None, run_after=None
[2023-11-04 21:27:11,647] {processor.py:161} INFO - Processing /home/airflow/.local/lib/python3.7/site-packages/airflow/example_dags/example_time_delta_sensor_async.py took 0.210 seconds
[2023-11-04 21:27:42,034] {processor.py:153} INFO - Started process (PID=1474) to work on /home/airflow/.local/lib/python3.7/site-packages/airflow/example_dags/example_time_delta_sensor_async.py
[2023-11-04 21:27:42,035] {processor.py:641} INFO - Processing file /home/airflow/.local/lib/python3.7/site-packages/airflow/example_dags/example_time_delta_sensor_async.py for tasks to queue
[2023-11-04 21:27:42,036] {logging_mixin.py:115} INFO - [2023-11-04 21:27:42,036] {dagbag.py:508} INFO - Filling up the DagBag from /home/airflow/.local/lib/python3.7/site-packages/airflow/example_dags/example_time_delta_sensor_async.py
[2023-11-04 21:27:42,041] {processor.py:651} INFO - DAG(s) dict_keys(['example_time_delta_sensor_async']) retrieved from /home/airflow/.local/lib/python3.7/site-packages/airflow/example_dags/example_time_delta_sensor_async.py
[2023-11-04 21:27:42,189] {logging_mixin.py:115} INFO - [2023-11-04 21:27:42,189] {dag.py:2420} INFO - Sync 1 DAGs
[2023-11-04 21:27:42,213] {logging_mixin.py:115} INFO - [2023-11-04 21:27:42,213] {dag.py:2972} INFO - Setting next_dagrun for example_time_delta_sensor_async to None, run_after=None
[2023-11-04 21:27:42,226] {processor.py:161} INFO - Processing /home/airflow/.local/lib/python3.7/site-packages/airflow/example_dags/example_time_delta_sensor_async.py took 0.195 seconds
[2023-11-04 21:28:12,496] {processor.py:153} INFO - Started process (PID=1527) to work on /home/airflow/.local/lib/python3.7/site-packages/airflow/example_dags/example_time_delta_sensor_async.py
[2023-11-04 21:28:12,497] {processor.py:641} INFO - Processing file /home/airflow/.local/lib/python3.7/site-packages/airflow/example_dags/example_time_delta_sensor_async.py for tasks to queue
[2023-11-04 21:28:12,498] {logging_mixin.py:115} INFO - [2023-11-04 21:28:12,498] {dagbag.py:508} INFO - Filling up the DagBag from /home/airflow/.local/lib/python3.7/site-packages/airflow/example_dags/example_time_delta_sensor_async.py
[2023-11-04 21:28:12,503] {processor.py:651} INFO - DAG(s) dict_keys(['example_time_delta_sensor_async']) retrieved from /home/airflow/.local/lib/python3.7/site-packages/airflow/example_dags/example_time_delta_sensor_async.py
[2023-11-04 21:28:12,654] {logging_mixin.py:115} INFO - [2023-11-04 21:28:12,654] {dag.py:2420} INFO - Sync 1 DAGs
[2023-11-04 21:28:12,678] {logging_mixin.py:115} INFO - [2023-11-04 21:28:12,678] {dag.py:2972} INFO - Setting next_dagrun for example_time_delta_sensor_async to None, run_after=None
[2023-11-04 21:28:12,691] {processor.py:161} INFO - Processing /home/airflow/.local/lib/python3.7/site-packages/airflow/example_dags/example_time_delta_sensor_async.py took 0.199 seconds
[2023-11-04 21:28:43,096] {processor.py:153} INFO - Started process (PID=1589) to work on /home/airflow/.local/lib/python3.7/site-packages/airflow/example_dags/example_time_delta_sensor_async.py
[2023-11-04 21:28:43,096] {processor.py:641} INFO - Processing file /home/airflow/.local/lib/python3.7/site-packages/airflow/example_dags/example_time_delta_sensor_async.py for tasks to queue
[2023-11-04 21:28:43,097] {logging_mixin.py:115} INFO - [2023-11-04 21:28:43,097] {dagbag.py:508} INFO - Filling up the DagBag from /home/airflow/.local/lib/python3.7/site-packages/airflow/example_dags/example_time_delta_sensor_async.py
[2023-11-04 21:28:43,102] {processor.py:651} INFO - DAG(s) dict_keys(['example_time_delta_sensor_async']) retrieved from /home/airflow/.local/lib/python3.7/site-packages/airflow/example_dags/example_time_delta_sensor_async.py
[2023-11-04 21:28:43,255] {logging_mixin.py:115} INFO - [2023-11-04 21:28:43,255] {dag.py:2420} INFO - Sync 1 DAGs
[2023-11-04 21:28:43,279] {logging_mixin.py:115} INFO - [2023-11-04 21:28:43,279] {dag.py:2972} INFO - Setting next_dagrun for example_time_delta_sensor_async to None, run_after=None
[2023-11-04 21:28:43,292] {processor.py:161} INFO - Processing /home/airflow/.local/lib/python3.7/site-packages/airflow/example_dags/example_time_delta_sensor_async.py took 0.199 seconds
[2023-11-04 21:29:13,702] {processor.py:153} INFO - Started process (PID=1651) to work on /home/airflow/.local/lib/python3.7/site-packages/airflow/example_dags/example_time_delta_sensor_async.py
[2023-11-04 21:29:13,703] {processor.py:641} INFO - Processing file /home/airflow/.local/lib/python3.7/site-packages/airflow/example_dags/example_time_delta_sensor_async.py for tasks to queue
[2023-11-04 21:29:13,704] {logging_mixin.py:115} INFO - [2023-11-04 21:29:13,703] {dagbag.py:508} INFO - Filling up the DagBag from /home/airflow/.local/lib/python3.7/site-packages/airflow/example_dags/example_time_delta_sensor_async.py
[2023-11-04 21:29:13,709] {processor.py:651} INFO - DAG(s) dict_keys(['example_time_delta_sensor_async']) retrieved from /home/airflow/.local/lib/python3.7/site-packages/airflow/example_dags/example_time_delta_sensor_async.py
[2023-11-04 21:29:13,928] {logging_mixin.py:115} INFO - [2023-11-04 21:29:13,928] {dag.py:2420} INFO - Sync 1 DAGs
[2023-11-04 21:29:13,966] {logging_mixin.py:115} INFO - [2023-11-04 21:29:13,966] {dag.py:2972} INFO - Setting next_dagrun for example_time_delta_sensor_async to None, run_after=None
[2023-11-04 21:29:13,982] {processor.py:161} INFO - Processing /home/airflow/.local/lib/python3.7/site-packages/airflow/example_dags/example_time_delta_sensor_async.py took 0.283 seconds
[2023-11-04 21:29:44,365] {processor.py:153} INFO - Started process (PID=1704) to work on /home/airflow/.local/lib/python3.7/site-packages/airflow/example_dags/example_time_delta_sensor_async.py
[2023-11-04 21:29:44,373] {processor.py:641} INFO - Processing file /home/airflow/.local/lib/python3.7/site-packages/airflow/example_dags/example_time_delta_sensor_async.py for tasks to queue
[2023-11-04 21:29:44,374] {logging_mixin.py:115} INFO - [2023-11-04 21:29:44,374] {dagbag.py:508} INFO - Filling up the DagBag from /home/airflow/.local/lib/python3.7/site-packages/airflow/example_dags/example_time_delta_sensor_async.py
[2023-11-04 21:29:44,379] {processor.py:651} INFO - DAG(s) dict_keys(['example_time_delta_sensor_async']) retrieved from /home/airflow/.local/lib/python3.7/site-packages/airflow/example_dags/example_time_delta_sensor_async.py
[2023-11-04 21:29:44,532] {logging_mixin.py:115} INFO - [2023-11-04 21:29:44,532] {dag.py:2420} INFO - Sync 1 DAGs
[2023-11-04 21:29:44,568] {logging_mixin.py:115} INFO - [2023-11-04 21:29:44,568] {dag.py:2972} INFO - Setting next_dagrun for example_time_delta_sensor_async to None, run_after=None
[2023-11-04 21:29:44,581] {processor.py:161} INFO - Processing /home/airflow/.local/lib/python3.7/site-packages/airflow/example_dags/example_time_delta_sensor_async.py took 0.219 seconds
[2023-11-04 21:30:15,219] {processor.py:153} INFO - Started process (PID=1766) to work on /home/airflow/.local/lib/python3.7/site-packages/airflow/example_dags/example_time_delta_sensor_async.py
[2023-11-04 21:30:15,220] {processor.py:641} INFO - Processing file /home/airflow/.local/lib/python3.7/site-packages/airflow/example_dags/example_time_delta_sensor_async.py for tasks to queue
[2023-11-04 21:30:15,221] {logging_mixin.py:115} INFO - [2023-11-04 21:30:15,221] {dagbag.py:508} INFO - Filling up the DagBag from /home/airflow/.local/lib/python3.7/site-packages/airflow/example_dags/example_time_delta_sensor_async.py
[2023-11-04 21:30:15,227] {processor.py:651} INFO - DAG(s) dict_keys(['example_time_delta_sensor_async']) retrieved from /home/airflow/.local/lib/python3.7/site-packages/airflow/example_dags/example_time_delta_sensor_async.py
[2023-11-04 21:30:15,397] {logging_mixin.py:115} INFO - [2023-11-04 21:30:15,396] {dag.py:2420} INFO - Sync 1 DAGs
[2023-11-04 21:30:15,419] {logging_mixin.py:115} INFO - [2023-11-04 21:30:15,419] {dag.py:2972} INFO - Setting next_dagrun for example_time_delta_sensor_async to None, run_after=None
[2023-11-04 21:30:15,431] {processor.py:161} INFO - Processing /home/airflow/.local/lib/python3.7/site-packages/airflow/example_dags/example_time_delta_sensor_async.py took 0.216 seconds
[2023-11-04 21:30:45,644] {processor.py:153} INFO - Started process (PID=1828) to work on /home/airflow/.local/lib/python3.7/site-packages/airflow/example_dags/example_time_delta_sensor_async.py
[2023-11-04 21:30:45,644] {processor.py:641} INFO - Processing file /home/airflow/.local/lib/python3.7/site-packages/airflow/example_dags/example_time_delta_sensor_async.py for tasks to queue
[2023-11-04 21:30:45,645] {logging_mixin.py:115} INFO - [2023-11-04 21:30:45,645] {dagbag.py:508} INFO - Filling up the DagBag from /home/airflow/.local/lib/python3.7/site-packages/airflow/example_dags/example_time_delta_sensor_async.py
[2023-11-04 21:30:45,651] {processor.py:651} INFO - DAG(s) dict_keys(['example_time_delta_sensor_async']) retrieved from /home/airflow/.local/lib/python3.7/site-packages/airflow/example_dags/example_time_delta_sensor_async.py
[2023-11-04 21:30:45,815] {logging_mixin.py:115} INFO - [2023-11-04 21:30:45,815] {dag.py:2420} INFO - Sync 1 DAGs
[2023-11-04 21:30:45,837] {logging_mixin.py:115} INFO - [2023-11-04 21:30:45,837] {dag.py:2972} INFO - Setting next_dagrun for example_time_delta_sensor_async to None, run_after=None
[2023-11-04 21:30:45,848] {processor.py:161} INFO - Processing /home/airflow/.local/lib/python3.7/site-packages/airflow/example_dags/example_time_delta_sensor_async.py took 0.208 seconds
[2023-11-04 21:31:16,353] {processor.py:153} INFO - Started process (PID=1881) to work on /home/airflow/.local/lib/python3.7/site-packages/airflow/example_dags/example_time_delta_sensor_async.py
[2023-11-04 21:31:16,354] {processor.py:641} INFO - Processing file /home/airflow/.local/lib/python3.7/site-packages/airflow/example_dags/example_time_delta_sensor_async.py for tasks to queue
[2023-11-04 21:31:16,355] {logging_mixin.py:115} INFO - [2023-11-04 21:31:16,355] {dagbag.py:508} INFO - Filling up the DagBag from /home/airflow/.local/lib/python3.7/site-packages/airflow/example_dags/example_time_delta_sensor_async.py
[2023-11-04 21:31:16,360] {processor.py:651} INFO - DAG(s) dict_keys(['example_time_delta_sensor_async']) retrieved from /home/airflow/.local/lib/python3.7/site-packages/airflow/example_dags/example_time_delta_sensor_async.py
[2023-11-04 21:31:16,515] {logging_mixin.py:115} INFO - [2023-11-04 21:31:16,515] {dag.py:2420} INFO - Sync 1 DAGs
[2023-11-04 21:31:16,537] {logging_mixin.py:115} INFO - [2023-11-04 21:31:16,537] {dag.py:2972} INFO - Setting next_dagrun for example_time_delta_sensor_async to None, run_after=None
[2023-11-04 21:31:16,549] {processor.py:161} INFO - Processing /home/airflow/.local/lib/python3.7/site-packages/airflow/example_dags/example_time_delta_sensor_async.py took 0.200 seconds
[2023-11-04 21:31:47,277] {processor.py:153} INFO - Started process (PID=1943) to work on /home/airflow/.local/lib/python3.7/site-packages/airflow/example_dags/example_time_delta_sensor_async.py
[2023-11-04 21:31:47,279] {processor.py:641} INFO - Processing file /home/airflow/.local/lib/python3.7/site-packages/airflow/example_dags/example_time_delta_sensor_async.py for tasks to queue
[2023-11-04 21:31:47,284] {logging_mixin.py:115} INFO - [2023-11-04 21:31:47,282] {dagbag.py:508} INFO - Filling up the DagBag from /home/airflow/.local/lib/python3.7/site-packages/airflow/example_dags/example_time_delta_sensor_async.py
[2023-11-04 21:31:47,310] {processor.py:651} INFO - DAG(s) dict_keys(['example_time_delta_sensor_async']) retrieved from /home/airflow/.local/lib/python3.7/site-packages/airflow/example_dags/example_time_delta_sensor_async.py
[2023-11-04 21:31:47,676] {logging_mixin.py:115} INFO - [2023-11-04 21:31:47,676] {dag.py:2420} INFO - Sync 1 DAGs
[2023-11-04 21:31:47,701] {logging_mixin.py:115} INFO - [2023-11-04 21:31:47,701] {dag.py:2972} INFO - Setting next_dagrun for example_time_delta_sensor_async to None, run_after=None
[2023-11-04 21:31:47,714] {processor.py:161} INFO - Processing /home/airflow/.local/lib/python3.7/site-packages/airflow/example_dags/example_time_delta_sensor_async.py took 0.449 seconds
