[2023-11-04 20:57:56,098] {processor.py:153} INFO - Started process (PID=86) to work on /home/airflow/.local/lib/python3.7/site-packages/airflow/example_dags/example_dag_decorator.py
[2023-11-04 20:57:56,100] {processor.py:641} INFO - Processing file /home/airflow/.local/lib/python3.7/site-packages/airflow/example_dags/example_dag_decorator.py for tasks to queue
[2023-11-04 20:57:56,102] {logging_mixin.py:115} INFO - [2023-11-04 20:57:56,102] {dagbag.py:508} INFO - Filling up the DagBag from /home/airflow/.local/lib/python3.7/site-packages/airflow/example_dags/example_dag_decorator.py
[2023-11-04 20:57:56,215] {processor.py:651} INFO - DAG(s) dict_keys(['example_dag_decorator']) retrieved from /home/airflow/.local/lib/python3.7/site-packages/airflow/example_dags/example_dag_decorator.py
[2023-11-04 20:57:56,408] {logging_mixin.py:115} INFO - [2023-11-04 20:57:56,408] {manager.py:508} INFO - Created Permission View: can delete on DAG:example_dag_decorator
[2023-11-04 20:57:56,424] {logging_mixin.py:115} INFO - [2023-11-04 20:57:56,424] {manager.py:508} INFO - Created Permission View: can edit on DAG:example_dag_decorator
[2023-11-04 20:57:56,433] {logging_mixin.py:115} INFO - [2023-11-04 20:57:56,432] {manager.py:508} INFO - Created Permission View: can read on DAG:example_dag_decorator
[2023-11-04 20:57:56,433] {logging_mixin.py:115} INFO - [2023-11-04 20:57:56,433] {dag.py:2420} INFO - Sync 1 DAGs
[2023-11-04 20:57:56,452] {logging_mixin.py:115} INFO - [2023-11-04 20:57:56,451] {dag.py:2439} INFO - Creating ORM DAG for example_dag_decorator
[2023-11-04 20:57:56,473] {logging_mixin.py:115} INFO - [2023-11-04 20:57:56,473] {dag.py:2972} INFO - Setting next_dagrun for example_dag_decorator to None, run_after=None
[2023-11-04 20:57:56,489] {processor.py:161} INFO - Processing /home/airflow/.local/lib/python3.7/site-packages/airflow/example_dags/example_dag_decorator.py took 0.403 seconds
[2023-11-04 20:58:27,453] {processor.py:153} INFO - Started process (PID=149) to work on /home/airflow/.local/lib/python3.7/site-packages/airflow/example_dags/example_dag_decorator.py
[2023-11-04 20:58:27,454] {processor.py:641} INFO - Processing file /home/airflow/.local/lib/python3.7/site-packages/airflow/example_dags/example_dag_decorator.py for tasks to queue
[2023-11-04 20:58:27,455] {logging_mixin.py:115} INFO - [2023-11-04 20:58:27,455] {dagbag.py:508} INFO - Filling up the DagBag from /home/airflow/.local/lib/python3.7/site-packages/airflow/example_dags/example_dag_decorator.py
[2023-11-04 20:58:27,477] {processor.py:651} INFO - DAG(s) dict_keys(['example_dag_decorator']) retrieved from /home/airflow/.local/lib/python3.7/site-packages/airflow/example_dags/example_dag_decorator.py
[2023-11-04 20:58:27,543] {logging_mixin.py:115} INFO - [2023-11-04 20:58:27,543] {dag.py:2420} INFO - Sync 1 DAGs
[2023-11-04 20:58:27,561] {logging_mixin.py:115} INFO - [2023-11-04 20:58:27,561] {dag.py:2972} INFO - Setting next_dagrun for example_dag_decorator to None, run_after=None
[2023-11-04 20:58:27,575] {processor.py:161} INFO - Processing /home/airflow/.local/lib/python3.7/site-packages/airflow/example_dags/example_dag_decorator.py took 0.125 seconds
[2023-11-04 20:58:57,835] {processor.py:153} INFO - Started process (PID=217) to work on /home/airflow/.local/lib/python3.7/site-packages/airflow/example_dags/example_dag_decorator.py
[2023-11-04 20:58:57,836] {processor.py:641} INFO - Processing file /home/airflow/.local/lib/python3.7/site-packages/airflow/example_dags/example_dag_decorator.py for tasks to queue
[2023-11-04 20:58:57,836] {logging_mixin.py:115} INFO - [2023-11-04 20:58:57,836] {dagbag.py:508} INFO - Filling up the DagBag from /home/airflow/.local/lib/python3.7/site-packages/airflow/example_dags/example_dag_decorator.py
[2023-11-04 20:58:57,859] {processor.py:651} INFO - DAG(s) dict_keys(['example_dag_decorator']) retrieved from /home/airflow/.local/lib/python3.7/site-packages/airflow/example_dags/example_dag_decorator.py
[2023-11-04 20:58:57,925] {logging_mixin.py:115} INFO - [2023-11-04 20:58:57,924] {dag.py:2420} INFO - Sync 1 DAGs
[2023-11-04 20:58:57,944] {logging_mixin.py:115} INFO - [2023-11-04 20:58:57,943] {dag.py:2972} INFO - Setting next_dagrun for example_dag_decorator to None, run_after=None
[2023-11-04 20:58:57,957] {processor.py:161} INFO - Processing /home/airflow/.local/lib/python3.7/site-packages/airflow/example_dags/example_dag_decorator.py took 0.126 seconds
[2023-11-04 20:59:28,637] {processor.py:153} INFO - Started process (PID=278) to work on /home/airflow/.local/lib/python3.7/site-packages/airflow/example_dags/example_dag_decorator.py
[2023-11-04 20:59:28,638] {processor.py:641} INFO - Processing file /home/airflow/.local/lib/python3.7/site-packages/airflow/example_dags/example_dag_decorator.py for tasks to queue
[2023-11-04 20:59:28,639] {logging_mixin.py:115} INFO - [2023-11-04 20:59:28,639] {dagbag.py:508} INFO - Filling up the DagBag from /home/airflow/.local/lib/python3.7/site-packages/airflow/example_dags/example_dag_decorator.py
[2023-11-04 20:59:28,664] {processor.py:651} INFO - DAG(s) dict_keys(['example_dag_decorator']) retrieved from /home/airflow/.local/lib/python3.7/site-packages/airflow/example_dags/example_dag_decorator.py
[2023-11-04 20:59:28,741] {logging_mixin.py:115} INFO - [2023-11-04 20:59:28,741] {dag.py:2420} INFO - Sync 1 DAGs
[2023-11-04 20:59:28,768] {logging_mixin.py:115} INFO - [2023-11-04 20:59:28,768] {dag.py:2972} INFO - Setting next_dagrun for example_dag_decorator to None, run_after=None
[2023-11-04 20:59:28,787] {processor.py:161} INFO - Processing /home/airflow/.local/lib/python3.7/site-packages/airflow/example_dags/example_dag_decorator.py took 0.153 seconds
[2023-11-04 20:59:59,587] {processor.py:153} INFO - Started process (PID=339) to work on /home/airflow/.local/lib/python3.7/site-packages/airflow/example_dags/example_dag_decorator.py
[2023-11-04 20:59:59,589] {processor.py:641} INFO - Processing file /home/airflow/.local/lib/python3.7/site-packages/airflow/example_dags/example_dag_decorator.py for tasks to queue
[2023-11-04 20:59:59,590] {logging_mixin.py:115} INFO - [2023-11-04 20:59:59,590] {dagbag.py:508} INFO - Filling up the DagBag from /home/airflow/.local/lib/python3.7/site-packages/airflow/example_dags/example_dag_decorator.py
[2023-11-04 20:59:59,633] {processor.py:651} INFO - DAG(s) dict_keys(['example_dag_decorator']) retrieved from /home/airflow/.local/lib/python3.7/site-packages/airflow/example_dags/example_dag_decorator.py
[2023-11-04 20:59:59,769] {logging_mixin.py:115} INFO - [2023-11-04 20:59:59,769] {dag.py:2420} INFO - Sync 1 DAGs
[2023-11-04 20:59:59,799] {logging_mixin.py:115} INFO - [2023-11-04 20:59:59,799] {dag.py:2972} INFO - Setting next_dagrun for example_dag_decorator to None, run_after=None
[2023-11-04 20:59:59,819] {processor.py:161} INFO - Processing /home/airflow/.local/lib/python3.7/site-packages/airflow/example_dags/example_dag_decorator.py took 0.236 seconds
[2023-11-04 21:00:30,012] {processor.py:153} INFO - Started process (PID=391) to work on /home/airflow/.local/lib/python3.7/site-packages/airflow/example_dags/example_dag_decorator.py
[2023-11-04 21:00:30,015] {processor.py:641} INFO - Processing file /home/airflow/.local/lib/python3.7/site-packages/airflow/example_dags/example_dag_decorator.py for tasks to queue
[2023-11-04 21:00:30,016] {logging_mixin.py:115} INFO - [2023-11-04 21:00:30,016] {dagbag.py:508} INFO - Filling up the DagBag from /home/airflow/.local/lib/python3.7/site-packages/airflow/example_dags/example_dag_decorator.py
[2023-11-04 21:00:30,051] {processor.py:651} INFO - DAG(s) dict_keys(['example_dag_decorator']) retrieved from /home/airflow/.local/lib/python3.7/site-packages/airflow/example_dags/example_dag_decorator.py
[2023-11-04 21:00:30,158] {logging_mixin.py:115} INFO - [2023-11-04 21:00:30,158] {dag.py:2420} INFO - Sync 1 DAGs
[2023-11-04 21:00:30,186] {logging_mixin.py:115} INFO - [2023-11-04 21:00:30,186] {dag.py:2972} INFO - Setting next_dagrun for example_dag_decorator to None, run_after=None
[2023-11-04 21:00:30,213] {processor.py:161} INFO - Processing /home/airflow/.local/lib/python3.7/site-packages/airflow/example_dags/example_dag_decorator.py took 0.206 seconds
[2023-11-04 21:01:00,307] {processor.py:153} INFO - Started process (PID=451) to work on /home/airflow/.local/lib/python3.7/site-packages/airflow/example_dags/example_dag_decorator.py
[2023-11-04 21:01:00,308] {processor.py:641} INFO - Processing file /home/airflow/.local/lib/python3.7/site-packages/airflow/example_dags/example_dag_decorator.py for tasks to queue
[2023-11-04 21:01:00,310] {logging_mixin.py:115} INFO - [2023-11-04 21:01:00,309] {dagbag.py:508} INFO - Filling up the DagBag from /home/airflow/.local/lib/python3.7/site-packages/airflow/example_dags/example_dag_decorator.py
[2023-11-04 21:01:00,343] {processor.py:651} INFO - DAG(s) dict_keys(['example_dag_decorator']) retrieved from /home/airflow/.local/lib/python3.7/site-packages/airflow/example_dags/example_dag_decorator.py
[2023-11-04 21:01:00,430] {logging_mixin.py:115} INFO - [2023-11-04 21:01:00,430] {dag.py:2420} INFO - Sync 1 DAGs
[2023-11-04 21:01:00,452] {logging_mixin.py:115} INFO - [2023-11-04 21:01:00,452] {dag.py:2972} INFO - Setting next_dagrun for example_dag_decorator to None, run_after=None
[2023-11-04 21:01:00,494] {processor.py:161} INFO - Processing /home/airflow/.local/lib/python3.7/site-packages/airflow/example_dags/example_dag_decorator.py took 0.192 seconds
[2023-11-04 21:01:30,699] {processor.py:153} INFO - Started process (PID=512) to work on /home/airflow/.local/lib/python3.7/site-packages/airflow/example_dags/example_dag_decorator.py
[2023-11-04 21:01:30,700] {processor.py:641} INFO - Processing file /home/airflow/.local/lib/python3.7/site-packages/airflow/example_dags/example_dag_decorator.py for tasks to queue
[2023-11-04 21:01:30,702] {logging_mixin.py:115} INFO - [2023-11-04 21:01:30,701] {dagbag.py:508} INFO - Filling up the DagBag from /home/airflow/.local/lib/python3.7/site-packages/airflow/example_dags/example_dag_decorator.py
[2023-11-04 21:01:30,729] {processor.py:651} INFO - DAG(s) dict_keys(['example_dag_decorator']) retrieved from /home/airflow/.local/lib/python3.7/site-packages/airflow/example_dags/example_dag_decorator.py
[2023-11-04 21:01:30,801] {logging_mixin.py:115} INFO - [2023-11-04 21:01:30,801] {dag.py:2420} INFO - Sync 1 DAGs
[2023-11-04 21:01:30,822] {logging_mixin.py:115} INFO - [2023-11-04 21:01:30,822] {dag.py:2972} INFO - Setting next_dagrun for example_dag_decorator to None, run_after=None
[2023-11-04 21:01:30,835] {processor.py:161} INFO - Processing /home/airflow/.local/lib/python3.7/site-packages/airflow/example_dags/example_dag_decorator.py took 0.141 seconds
[2023-11-04 21:02:01,514] {processor.py:153} INFO - Started process (PID=563) to work on /home/airflow/.local/lib/python3.7/site-packages/airflow/example_dags/example_dag_decorator.py
[2023-11-04 21:02:01,515] {processor.py:641} INFO - Processing file /home/airflow/.local/lib/python3.7/site-packages/airflow/example_dags/example_dag_decorator.py for tasks to queue
[2023-11-04 21:02:01,516] {logging_mixin.py:115} INFO - [2023-11-04 21:02:01,515] {dagbag.py:508} INFO - Filling up the DagBag from /home/airflow/.local/lib/python3.7/site-packages/airflow/example_dags/example_dag_decorator.py
[2023-11-04 21:02:01,543] {processor.py:651} INFO - DAG(s) dict_keys(['example_dag_decorator']) retrieved from /home/airflow/.local/lib/python3.7/site-packages/airflow/example_dags/example_dag_decorator.py
[2023-11-04 21:02:01,610] {logging_mixin.py:115} INFO - [2023-11-04 21:02:01,610] {dag.py:2420} INFO - Sync 1 DAGs
[2023-11-04 21:02:01,651] {logging_mixin.py:115} INFO - [2023-11-04 21:02:01,651] {dag.py:2972} INFO - Setting next_dagrun for example_dag_decorator to None, run_after=None
[2023-11-04 21:02:01,668] {processor.py:161} INFO - Processing /home/airflow/.local/lib/python3.7/site-packages/airflow/example_dags/example_dag_decorator.py took 0.160 seconds
[2023-11-04 21:02:32,006] {processor.py:153} INFO - Started process (PID=624) to work on /home/airflow/.local/lib/python3.7/site-packages/airflow/example_dags/example_dag_decorator.py
[2023-11-04 21:02:32,007] {processor.py:641} INFO - Processing file /home/airflow/.local/lib/python3.7/site-packages/airflow/example_dags/example_dag_decorator.py for tasks to queue
[2023-11-04 21:02:32,008] {logging_mixin.py:115} INFO - [2023-11-04 21:02:32,008] {dagbag.py:508} INFO - Filling up the DagBag from /home/airflow/.local/lib/python3.7/site-packages/airflow/example_dags/example_dag_decorator.py
[2023-11-04 21:02:32,039] {processor.py:651} INFO - DAG(s) dict_keys(['example_dag_decorator']) retrieved from /home/airflow/.local/lib/python3.7/site-packages/airflow/example_dags/example_dag_decorator.py
[2023-11-04 21:02:32,119] {logging_mixin.py:115} INFO - [2023-11-04 21:02:32,119] {dag.py:2420} INFO - Sync 1 DAGs
[2023-11-04 21:02:32,140] {logging_mixin.py:115} INFO - [2023-11-04 21:02:32,140] {dag.py:2972} INFO - Setting next_dagrun for example_dag_decorator to None, run_after=None
[2023-11-04 21:02:32,154] {processor.py:161} INFO - Processing /home/airflow/.local/lib/python3.7/site-packages/airflow/example_dags/example_dag_decorator.py took 0.152 seconds
[2023-11-04 21:03:02,974] {processor.py:153} INFO - Started process (PID=683) to work on /home/airflow/.local/lib/python3.7/site-packages/airflow/example_dags/example_dag_decorator.py
[2023-11-04 21:03:02,975] {processor.py:641} INFO - Processing file /home/airflow/.local/lib/python3.7/site-packages/airflow/example_dags/example_dag_decorator.py for tasks to queue
[2023-11-04 21:03:02,976] {logging_mixin.py:115} INFO - [2023-11-04 21:03:02,976] {dagbag.py:508} INFO - Filling up the DagBag from /home/airflow/.local/lib/python3.7/site-packages/airflow/example_dags/example_dag_decorator.py
[2023-11-04 21:03:03,011] {processor.py:651} INFO - DAG(s) dict_keys(['example_dag_decorator']) retrieved from /home/airflow/.local/lib/python3.7/site-packages/airflow/example_dags/example_dag_decorator.py
[2023-11-04 21:03:03,250] {logging_mixin.py:115} INFO - [2023-11-04 21:03:03,249] {dag.py:2420} INFO - Sync 1 DAGs
[2023-11-04 21:03:03,287] {logging_mixin.py:115} INFO - [2023-11-04 21:03:03,287] {dag.py:2972} INFO - Setting next_dagrun for example_dag_decorator to None, run_after=None
[2023-11-04 21:03:03,310] {processor.py:161} INFO - Processing /home/airflow/.local/lib/python3.7/site-packages/airflow/example_dags/example_dag_decorator.py took 0.342 seconds
[2023-11-04 21:03:33,620] {processor.py:153} INFO - Started process (PID=738) to work on /home/airflow/.local/lib/python3.7/site-packages/airflow/example_dags/example_dag_decorator.py
[2023-11-04 21:03:33,624] {processor.py:641} INFO - Processing file /home/airflow/.local/lib/python3.7/site-packages/airflow/example_dags/example_dag_decorator.py for tasks to queue
[2023-11-04 21:03:33,626] {logging_mixin.py:115} INFO - [2023-11-04 21:03:33,625] {dagbag.py:508} INFO - Filling up the DagBag from /home/airflow/.local/lib/python3.7/site-packages/airflow/example_dags/example_dag_decorator.py
[2023-11-04 21:03:33,662] {processor.py:651} INFO - DAG(s) dict_keys(['example_dag_decorator']) retrieved from /home/airflow/.local/lib/python3.7/site-packages/airflow/example_dags/example_dag_decorator.py
[2023-11-04 21:03:33,695] {logging_mixin.py:115} INFO - [2023-11-04 21:03:33,695] {dag.py:2420} INFO - Sync 1 DAGs
[2023-11-04 21:03:33,731] {logging_mixin.py:115} INFO - [2023-11-04 21:03:33,731] {dag.py:2972} INFO - Setting next_dagrun for example_dag_decorator to None, run_after=None
[2023-11-04 21:03:33,757] {processor.py:161} INFO - Processing /home/airflow/.local/lib/python3.7/site-packages/airflow/example_dags/example_dag_decorator.py took 0.146 seconds
[2023-11-04 21:04:03,802] {processor.py:153} INFO - Started process (PID=800) to work on /home/airflow/.local/lib/python3.7/site-packages/airflow/example_dags/example_dag_decorator.py
[2023-11-04 21:04:03,803] {processor.py:641} INFO - Processing file /home/airflow/.local/lib/python3.7/site-packages/airflow/example_dags/example_dag_decorator.py for tasks to queue
[2023-11-04 21:04:03,804] {logging_mixin.py:115} INFO - [2023-11-04 21:04:03,804] {dagbag.py:508} INFO - Filling up the DagBag from /home/airflow/.local/lib/python3.7/site-packages/airflow/example_dags/example_dag_decorator.py
[2023-11-04 21:04:03,826] {processor.py:651} INFO - DAG(s) dict_keys(['example_dag_decorator']) retrieved from /home/airflow/.local/lib/python3.7/site-packages/airflow/example_dags/example_dag_decorator.py
[2023-11-04 21:04:03,891] {logging_mixin.py:115} INFO - [2023-11-04 21:04:03,891] {dag.py:2420} INFO - Sync 1 DAGs
[2023-11-04 21:04:03,909] {logging_mixin.py:115} INFO - [2023-11-04 21:04:03,909] {dag.py:2972} INFO - Setting next_dagrun for example_dag_decorator to None, run_after=None
[2023-11-04 21:04:03,922] {processor.py:161} INFO - Processing /home/airflow/.local/lib/python3.7/site-packages/airflow/example_dags/example_dag_decorator.py took 0.123 seconds
[2023-11-04 21:04:33,951] {processor.py:153} INFO - Started process (PID=852) to work on /home/airflow/.local/lib/python3.7/site-packages/airflow/example_dags/example_dag_decorator.py
[2023-11-04 21:04:33,952] {processor.py:641} INFO - Processing file /home/airflow/.local/lib/python3.7/site-packages/airflow/example_dags/example_dag_decorator.py for tasks to queue
[2023-11-04 21:04:33,953] {logging_mixin.py:115} INFO - [2023-11-04 21:04:33,953] {dagbag.py:508} INFO - Filling up the DagBag from /home/airflow/.local/lib/python3.7/site-packages/airflow/example_dags/example_dag_decorator.py
[2023-11-04 21:04:33,978] {processor.py:651} INFO - DAG(s) dict_keys(['example_dag_decorator']) retrieved from /home/airflow/.local/lib/python3.7/site-packages/airflow/example_dags/example_dag_decorator.py
[2023-11-04 21:04:34,056] {logging_mixin.py:115} INFO - [2023-11-04 21:04:34,056] {dag.py:2420} INFO - Sync 1 DAGs
[2023-11-04 21:04:34,076] {logging_mixin.py:115} INFO - [2023-11-04 21:04:34,076] {dag.py:2972} INFO - Setting next_dagrun for example_dag_decorator to None, run_after=None
[2023-11-04 21:04:34,094] {processor.py:161} INFO - Processing /home/airflow/.local/lib/python3.7/site-packages/airflow/example_dags/example_dag_decorator.py took 0.146 seconds
[2023-11-04 21:05:04,797] {processor.py:153} INFO - Started process (PID=911) to work on /home/airflow/.local/lib/python3.7/site-packages/airflow/example_dags/example_dag_decorator.py
[2023-11-04 21:05:04,798] {processor.py:641} INFO - Processing file /home/airflow/.local/lib/python3.7/site-packages/airflow/example_dags/example_dag_decorator.py for tasks to queue
[2023-11-04 21:05:04,799] {logging_mixin.py:115} INFO - [2023-11-04 21:05:04,799] {dagbag.py:508} INFO - Filling up the DagBag from /home/airflow/.local/lib/python3.7/site-packages/airflow/example_dags/example_dag_decorator.py
[2023-11-04 21:05:04,829] {processor.py:651} INFO - DAG(s) dict_keys(['example_dag_decorator']) retrieved from /home/airflow/.local/lib/python3.7/site-packages/airflow/example_dags/example_dag_decorator.py
[2023-11-04 21:05:04,897] {logging_mixin.py:115} INFO - [2023-11-04 21:05:04,897] {dag.py:2420} INFO - Sync 1 DAGs
[2023-11-04 21:05:04,918] {logging_mixin.py:115} INFO - [2023-11-04 21:05:04,918] {dag.py:2972} INFO - Setting next_dagrun for example_dag_decorator to None, run_after=None
[2023-11-04 21:05:04,931] {processor.py:161} INFO - Processing /home/airflow/.local/lib/python3.7/site-packages/airflow/example_dags/example_dag_decorator.py took 0.137 seconds
[2023-11-04 21:05:35,092] {processor.py:153} INFO - Started process (PID=972) to work on /home/airflow/.local/lib/python3.7/site-packages/airflow/example_dags/example_dag_decorator.py
[2023-11-04 21:05:35,093] {processor.py:641} INFO - Processing file /home/airflow/.local/lib/python3.7/site-packages/airflow/example_dags/example_dag_decorator.py for tasks to queue
[2023-11-04 21:05:35,094] {logging_mixin.py:115} INFO - [2023-11-04 21:05:35,093] {dagbag.py:508} INFO - Filling up the DagBag from /home/airflow/.local/lib/python3.7/site-packages/airflow/example_dags/example_dag_decorator.py
[2023-11-04 21:05:35,118] {processor.py:651} INFO - DAG(s) dict_keys(['example_dag_decorator']) retrieved from /home/airflow/.local/lib/python3.7/site-packages/airflow/example_dags/example_dag_decorator.py
[2023-11-04 21:05:35,196] {logging_mixin.py:115} INFO - [2023-11-04 21:05:35,196] {dag.py:2420} INFO - Sync 1 DAGs
[2023-11-04 21:05:35,218] {logging_mixin.py:115} INFO - [2023-11-04 21:05:35,218] {dag.py:2972} INFO - Setting next_dagrun for example_dag_decorator to None, run_after=None
[2023-11-04 21:05:35,232] {processor.py:161} INFO - Processing /home/airflow/.local/lib/python3.7/site-packages/airflow/example_dags/example_dag_decorator.py took 0.144 seconds
[2023-11-04 21:06:20,452] {processor.py:153} INFO - Started process (PID=86) to work on /home/airflow/.local/lib/python3.7/site-packages/airflow/example_dags/example_dag_decorator.py
[2023-11-04 21:06:20,453] {processor.py:641} INFO - Processing file /home/airflow/.local/lib/python3.7/site-packages/airflow/example_dags/example_dag_decorator.py for tasks to queue
[2023-11-04 21:06:20,455] {logging_mixin.py:115} INFO - [2023-11-04 21:06:20,455] {dagbag.py:508} INFO - Filling up the DagBag from /home/airflow/.local/lib/python3.7/site-packages/airflow/example_dags/example_dag_decorator.py
[2023-11-04 21:06:20,499] {processor.py:651} INFO - DAG(s) dict_keys(['example_dag_decorator']) retrieved from /home/airflow/.local/lib/python3.7/site-packages/airflow/example_dags/example_dag_decorator.py
[2023-11-04 21:06:20,777] {logging_mixin.py:115} INFO - [2023-11-04 21:06:20,777] {dag.py:2420} INFO - Sync 1 DAGs
[2023-11-04 21:06:20,809] {logging_mixin.py:115} INFO - [2023-11-04 21:06:20,808] {dag.py:2972} INFO - Setting next_dagrun for example_dag_decorator to None, run_after=None
[2023-11-04 21:06:20,832] {processor.py:161} INFO - Processing /home/airflow/.local/lib/python3.7/site-packages/airflow/example_dags/example_dag_decorator.py took 0.386 seconds
[2023-11-04 21:06:50,913] {processor.py:153} INFO - Started process (PID=150) to work on /home/airflow/.local/lib/python3.7/site-packages/airflow/example_dags/example_dag_decorator.py
[2023-11-04 21:06:50,913] {processor.py:641} INFO - Processing file /home/airflow/.local/lib/python3.7/site-packages/airflow/example_dags/example_dag_decorator.py for tasks to queue
[2023-11-04 21:06:50,914] {logging_mixin.py:115} INFO - [2023-11-04 21:06:50,914] {dagbag.py:508} INFO - Filling up the DagBag from /home/airflow/.local/lib/python3.7/site-packages/airflow/example_dags/example_dag_decorator.py
[2023-11-04 21:06:50,942] {processor.py:651} INFO - DAG(s) dict_keys(['example_dag_decorator']) retrieved from /home/airflow/.local/lib/python3.7/site-packages/airflow/example_dags/example_dag_decorator.py
[2023-11-04 21:06:51,109] {logging_mixin.py:115} INFO - [2023-11-04 21:06:51,108] {dag.py:2420} INFO - Sync 1 DAGs
[2023-11-04 21:06:51,127] {logging_mixin.py:115} INFO - [2023-11-04 21:06:51,127] {dag.py:2972} INFO - Setting next_dagrun for example_dag_decorator to None, run_after=None
[2023-11-04 21:06:51,141] {processor.py:161} INFO - Processing /home/airflow/.local/lib/python3.7/site-packages/airflow/example_dags/example_dag_decorator.py took 0.232 seconds
[2023-11-04 21:07:21,164] {processor.py:153} INFO - Started process (PID=203) to work on /home/airflow/.local/lib/python3.7/site-packages/airflow/example_dags/example_dag_decorator.py
[2023-11-04 21:07:21,165] {processor.py:641} INFO - Processing file /home/airflow/.local/lib/python3.7/site-packages/airflow/example_dags/example_dag_decorator.py for tasks to queue
[2023-11-04 21:07:21,166] {logging_mixin.py:115} INFO - [2023-11-04 21:07:21,165] {dagbag.py:508} INFO - Filling up the DagBag from /home/airflow/.local/lib/python3.7/site-packages/airflow/example_dags/example_dag_decorator.py
[2023-11-04 21:07:21,191] {processor.py:651} INFO - DAG(s) dict_keys(['example_dag_decorator']) retrieved from /home/airflow/.local/lib/python3.7/site-packages/airflow/example_dags/example_dag_decorator.py
[2023-11-04 21:07:21,354] {logging_mixin.py:115} INFO - [2023-11-04 21:07:21,354] {dag.py:2420} INFO - Sync 1 DAGs
[2023-11-04 21:07:21,372] {logging_mixin.py:115} INFO - [2023-11-04 21:07:21,372] {dag.py:2972} INFO - Setting next_dagrun for example_dag_decorator to None, run_after=None
[2023-11-04 21:07:21,386] {processor.py:161} INFO - Processing /home/airflow/.local/lib/python3.7/site-packages/airflow/example_dags/example_dag_decorator.py took 0.225 seconds
[2023-11-04 21:07:51,604] {processor.py:153} INFO - Started process (PID=265) to work on /home/airflow/.local/lib/python3.7/site-packages/airflow/example_dags/example_dag_decorator.py
[2023-11-04 21:07:51,605] {processor.py:641} INFO - Processing file /home/airflow/.local/lib/python3.7/site-packages/airflow/example_dags/example_dag_decorator.py for tasks to queue
[2023-11-04 21:07:51,606] {logging_mixin.py:115} INFO - [2023-11-04 21:07:51,606] {dagbag.py:508} INFO - Filling up the DagBag from /home/airflow/.local/lib/python3.7/site-packages/airflow/example_dags/example_dag_decorator.py
[2023-11-04 21:07:51,631] {processor.py:651} INFO - DAG(s) dict_keys(['example_dag_decorator']) retrieved from /home/airflow/.local/lib/python3.7/site-packages/airflow/example_dags/example_dag_decorator.py
[2023-11-04 21:07:51,815] {logging_mixin.py:115} INFO - [2023-11-04 21:07:51,815] {dag.py:2420} INFO - Sync 1 DAGs
[2023-11-04 21:07:51,834] {logging_mixin.py:115} INFO - [2023-11-04 21:07:51,834] {dag.py:2972} INFO - Setting next_dagrun for example_dag_decorator to None, run_after=None
[2023-11-04 21:07:51,850] {processor.py:161} INFO - Processing /home/airflow/.local/lib/python3.7/site-packages/airflow/example_dags/example_dag_decorator.py took 0.249 seconds
[2023-11-04 21:08:21,943] {processor.py:153} INFO - Started process (PID=327) to work on /home/airflow/.local/lib/python3.7/site-packages/airflow/example_dags/example_dag_decorator.py
[2023-11-04 21:08:21,944] {processor.py:641} INFO - Processing file /home/airflow/.local/lib/python3.7/site-packages/airflow/example_dags/example_dag_decorator.py for tasks to queue
[2023-11-04 21:08:21,945] {logging_mixin.py:115} INFO - [2023-11-04 21:08:21,945] {dagbag.py:508} INFO - Filling up the DagBag from /home/airflow/.local/lib/python3.7/site-packages/airflow/example_dags/example_dag_decorator.py
[2023-11-04 21:08:21,975] {processor.py:651} INFO - DAG(s) dict_keys(['example_dag_decorator']) retrieved from /home/airflow/.local/lib/python3.7/site-packages/airflow/example_dags/example_dag_decorator.py
[2023-11-04 21:08:22,143] {logging_mixin.py:115} INFO - [2023-11-04 21:08:22,143] {dag.py:2420} INFO - Sync 1 DAGs
[2023-11-04 21:08:22,161] {logging_mixin.py:115} INFO - [2023-11-04 21:08:22,161] {dag.py:2972} INFO - Setting next_dagrun for example_dag_decorator to None, run_after=None
[2023-11-04 21:08:22,173] {processor.py:161} INFO - Processing /home/airflow/.local/lib/python3.7/site-packages/airflow/example_dags/example_dag_decorator.py took 0.234 seconds
[2023-11-04 21:08:52,513] {processor.py:153} INFO - Started process (PID=381) to work on /home/airflow/.local/lib/python3.7/site-packages/airflow/example_dags/example_dag_decorator.py
[2023-11-04 21:08:52,515] {processor.py:641} INFO - Processing file /home/airflow/.local/lib/python3.7/site-packages/airflow/example_dags/example_dag_decorator.py for tasks to queue
[2023-11-04 21:08:52,516] {logging_mixin.py:115} INFO - [2023-11-04 21:08:52,516] {dagbag.py:508} INFO - Filling up the DagBag from /home/airflow/.local/lib/python3.7/site-packages/airflow/example_dags/example_dag_decorator.py
[2023-11-04 21:08:52,551] {processor.py:651} INFO - DAG(s) dict_keys(['example_dag_decorator']) retrieved from /home/airflow/.local/lib/python3.7/site-packages/airflow/example_dags/example_dag_decorator.py
[2023-11-04 21:08:52,751] {logging_mixin.py:115} INFO - [2023-11-04 21:08:52,751] {dag.py:2420} INFO - Sync 1 DAGs
[2023-11-04 21:08:52,773] {logging_mixin.py:115} INFO - [2023-11-04 21:08:52,773] {dag.py:2972} INFO - Setting next_dagrun for example_dag_decorator to None, run_after=None
[2023-11-04 21:08:52,789] {processor.py:161} INFO - Processing /home/airflow/.local/lib/python3.7/site-packages/airflow/example_dags/example_dag_decorator.py took 0.280 seconds
[2023-11-04 21:09:23,159] {processor.py:153} INFO - Started process (PID=441) to work on /home/airflow/.local/lib/python3.7/site-packages/airflow/example_dags/example_dag_decorator.py
[2023-11-04 21:09:23,161] {processor.py:641} INFO - Processing file /home/airflow/.local/lib/python3.7/site-packages/airflow/example_dags/example_dag_decorator.py for tasks to queue
[2023-11-04 21:09:23,162] {logging_mixin.py:115} INFO - [2023-11-04 21:09:23,162] {dagbag.py:508} INFO - Filling up the DagBag from /home/airflow/.local/lib/python3.7/site-packages/airflow/example_dags/example_dag_decorator.py
[2023-11-04 21:09:23,193] {processor.py:651} INFO - DAG(s) dict_keys(['example_dag_decorator']) retrieved from /home/airflow/.local/lib/python3.7/site-packages/airflow/example_dags/example_dag_decorator.py
[2023-11-04 21:09:23,346] {logging_mixin.py:115} INFO - [2023-11-04 21:09:23,346] {dag.py:2420} INFO - Sync 1 DAGs
[2023-11-04 21:09:23,375] {logging_mixin.py:115} INFO - [2023-11-04 21:09:23,375] {dag.py:2972} INFO - Setting next_dagrun for example_dag_decorator to None, run_after=None
[2023-11-04 21:09:23,391] {processor.py:161} INFO - Processing /home/airflow/.local/lib/python3.7/site-packages/airflow/example_dags/example_dag_decorator.py took 0.236 seconds
[2023-11-04 21:09:53,883] {processor.py:153} INFO - Started process (PID=503) to work on /home/airflow/.local/lib/python3.7/site-packages/airflow/example_dags/example_dag_decorator.py
[2023-11-04 21:09:53,884] {processor.py:641} INFO - Processing file /home/airflow/.local/lib/python3.7/site-packages/airflow/example_dags/example_dag_decorator.py for tasks to queue
[2023-11-04 21:09:53,885] {logging_mixin.py:115} INFO - [2023-11-04 21:09:53,885] {dagbag.py:508} INFO - Filling up the DagBag from /home/airflow/.local/lib/python3.7/site-packages/airflow/example_dags/example_dag_decorator.py
[2023-11-04 21:09:53,918] {processor.py:651} INFO - DAG(s) dict_keys(['example_dag_decorator']) retrieved from /home/airflow/.local/lib/python3.7/site-packages/airflow/example_dags/example_dag_decorator.py
[2023-11-04 21:09:54,070] {logging_mixin.py:115} INFO - [2023-11-04 21:09:54,070] {dag.py:2420} INFO - Sync 1 DAGs
[2023-11-04 21:09:54,097] {logging_mixin.py:115} INFO - [2023-11-04 21:09:54,097] {dag.py:2972} INFO - Setting next_dagrun for example_dag_decorator to None, run_after=None
[2023-11-04 21:09:54,110] {processor.py:161} INFO - Processing /home/airflow/.local/lib/python3.7/site-packages/airflow/example_dags/example_dag_decorator.py took 0.232 seconds
[2023-11-04 21:10:24,237] {processor.py:153} INFO - Started process (PID=556) to work on /home/airflow/.local/lib/python3.7/site-packages/airflow/example_dags/example_dag_decorator.py
[2023-11-04 21:10:24,238] {processor.py:641} INFO - Processing file /home/airflow/.local/lib/python3.7/site-packages/airflow/example_dags/example_dag_decorator.py for tasks to queue
[2023-11-04 21:10:24,239] {logging_mixin.py:115} INFO - [2023-11-04 21:10:24,239] {dagbag.py:508} INFO - Filling up the DagBag from /home/airflow/.local/lib/python3.7/site-packages/airflow/example_dags/example_dag_decorator.py
[2023-11-04 21:10:24,266] {processor.py:651} INFO - DAG(s) dict_keys(['example_dag_decorator']) retrieved from /home/airflow/.local/lib/python3.7/site-packages/airflow/example_dags/example_dag_decorator.py
[2023-11-04 21:10:24,460] {logging_mixin.py:115} INFO - [2023-11-04 21:10:24,460] {dag.py:2420} INFO - Sync 1 DAGs
[2023-11-04 21:10:24,480] {logging_mixin.py:115} INFO - [2023-11-04 21:10:24,480] {dag.py:2972} INFO - Setting next_dagrun for example_dag_decorator to None, run_after=None
[2023-11-04 21:10:24,496] {processor.py:161} INFO - Processing /home/airflow/.local/lib/python3.7/site-packages/airflow/example_dags/example_dag_decorator.py took 0.262 seconds
[2023-11-04 21:10:54,655] {processor.py:153} INFO - Started process (PID=618) to work on /home/airflow/.local/lib/python3.7/site-packages/airflow/example_dags/example_dag_decorator.py
[2023-11-04 21:10:54,656] {processor.py:641} INFO - Processing file /home/airflow/.local/lib/python3.7/site-packages/airflow/example_dags/example_dag_decorator.py for tasks to queue
[2023-11-04 21:10:54,657] {logging_mixin.py:115} INFO - [2023-11-04 21:10:54,657] {dagbag.py:508} INFO - Filling up the DagBag from /home/airflow/.local/lib/python3.7/site-packages/airflow/example_dags/example_dag_decorator.py
[2023-11-04 21:10:54,686] {processor.py:651} INFO - DAG(s) dict_keys(['example_dag_decorator']) retrieved from /home/airflow/.local/lib/python3.7/site-packages/airflow/example_dags/example_dag_decorator.py
[2023-11-04 21:10:54,888] {logging_mixin.py:115} INFO - [2023-11-04 21:10:54,887] {dag.py:2420} INFO - Sync 1 DAGs
[2023-11-04 21:10:54,910] {logging_mixin.py:115} INFO - [2023-11-04 21:10:54,910] {dag.py:2972} INFO - Setting next_dagrun for example_dag_decorator to None, run_after=None
[2023-11-04 21:10:54,944] {processor.py:161} INFO - Processing /home/airflow/.local/lib/python3.7/site-packages/airflow/example_dags/example_dag_decorator.py took 0.294 seconds
[2023-11-04 21:11:25,350] {processor.py:153} INFO - Started process (PID=680) to work on /home/airflow/.local/lib/python3.7/site-packages/airflow/example_dags/example_dag_decorator.py
[2023-11-04 21:11:25,351] {processor.py:641} INFO - Processing file /home/airflow/.local/lib/python3.7/site-packages/airflow/example_dags/example_dag_decorator.py for tasks to queue
[2023-11-04 21:11:25,351] {logging_mixin.py:115} INFO - [2023-11-04 21:11:25,351] {dagbag.py:508} INFO - Filling up the DagBag from /home/airflow/.local/lib/python3.7/site-packages/airflow/example_dags/example_dag_decorator.py
[2023-11-04 21:11:25,486] {processor.py:651} INFO - DAG(s) dict_keys(['example_dag_decorator']) retrieved from /home/airflow/.local/lib/python3.7/site-packages/airflow/example_dags/example_dag_decorator.py
[2023-11-04 21:11:25,556] {logging_mixin.py:115} INFO - [2023-11-04 21:11:25,555] {dag.py:2420} INFO - Sync 1 DAGs
[2023-11-04 21:11:25,576] {logging_mixin.py:115} INFO - [2023-11-04 21:11:25,576] {dag.py:2972} INFO - Setting next_dagrun for example_dag_decorator to None, run_after=None
[2023-11-04 21:11:25,590] {processor.py:161} INFO - Processing /home/airflow/.local/lib/python3.7/site-packages/airflow/example_dags/example_dag_decorator.py took 0.244 seconds
[2023-11-04 21:11:56,461] {processor.py:153} INFO - Started process (PID=735) to work on /home/airflow/.local/lib/python3.7/site-packages/airflow/example_dags/example_dag_decorator.py
[2023-11-04 21:11:56,462] {processor.py:641} INFO - Processing file /home/airflow/.local/lib/python3.7/site-packages/airflow/example_dags/example_dag_decorator.py for tasks to queue
[2023-11-04 21:11:56,464] {logging_mixin.py:115} INFO - [2023-11-04 21:11:56,464] {dagbag.py:508} INFO - Filling up the DagBag from /home/airflow/.local/lib/python3.7/site-packages/airflow/example_dags/example_dag_decorator.py
[2023-11-04 21:11:56,713] {processor.py:651} INFO - DAG(s) dict_keys(['example_dag_decorator']) retrieved from /home/airflow/.local/lib/python3.7/site-packages/airflow/example_dags/example_dag_decorator.py
[2023-11-04 21:11:56,827] {logging_mixin.py:115} INFO - [2023-11-04 21:11:56,827] {dag.py:2420} INFO - Sync 1 DAGs
[2023-11-04 21:11:56,866] {logging_mixin.py:115} INFO - [2023-11-04 21:11:56,866] {dag.py:2972} INFO - Setting next_dagrun for example_dag_decorator to None, run_after=None
[2023-11-04 21:11:56,891] {processor.py:161} INFO - Processing /home/airflow/.local/lib/python3.7/site-packages/airflow/example_dags/example_dag_decorator.py took 0.437 seconds
[2023-11-04 21:12:28,300] {processor.py:153} INFO - Started process (PID=795) to work on /home/airflow/.local/lib/python3.7/site-packages/airflow/example_dags/example_dag_decorator.py
[2023-11-04 21:12:28,302] {processor.py:641} INFO - Processing file /home/airflow/.local/lib/python3.7/site-packages/airflow/example_dags/example_dag_decorator.py for tasks to queue
[2023-11-04 21:12:28,306] {logging_mixin.py:115} INFO - [2023-11-04 21:12:28,305] {dagbag.py:508} INFO - Filling up the DagBag from /home/airflow/.local/lib/python3.7/site-packages/airflow/example_dags/example_dag_decorator.py
[2023-11-04 21:12:28,598] {processor.py:651} INFO - DAG(s) dict_keys(['example_dag_decorator']) retrieved from /home/airflow/.local/lib/python3.7/site-packages/airflow/example_dags/example_dag_decorator.py
[2023-11-04 21:12:28,765] {logging_mixin.py:115} INFO - [2023-11-04 21:12:28,765] {dag.py:2420} INFO - Sync 1 DAGs
[2023-11-04 21:12:28,808] {logging_mixin.py:115} INFO - [2023-11-04 21:12:28,808] {dag.py:2972} INFO - Setting next_dagrun for example_dag_decorator to None, run_after=None
[2023-11-04 21:12:28,842] {processor.py:161} INFO - Processing /home/airflow/.local/lib/python3.7/site-packages/airflow/example_dags/example_dag_decorator.py took 0.554 seconds
[2023-11-04 21:13:02,570] {processor.py:153} INFO - Started process (PID=855) to work on /home/airflow/.local/lib/python3.7/site-packages/airflow/example_dags/example_dag_decorator.py
[2023-11-04 21:13:02,572] {processor.py:641} INFO - Processing file /home/airflow/.local/lib/python3.7/site-packages/airflow/example_dags/example_dag_decorator.py for tasks to queue
[2023-11-04 21:13:02,575] {logging_mixin.py:115} INFO - [2023-11-04 21:13:02,574] {dagbag.py:508} INFO - Filling up the DagBag from /home/airflow/.local/lib/python3.7/site-packages/airflow/example_dags/example_dag_decorator.py
[2023-11-04 21:13:02,971] {processor.py:651} INFO - DAG(s) dict_keys(['example_dag_decorator']) retrieved from /home/airflow/.local/lib/python3.7/site-packages/airflow/example_dags/example_dag_decorator.py
[2023-11-04 21:13:03,189] {logging_mixin.py:115} INFO - [2023-11-04 21:13:03,189] {dag.py:2420} INFO - Sync 1 DAGs
[2023-11-04 21:13:03,248] {logging_mixin.py:115} INFO - [2023-11-04 21:13:03,248] {dag.py:2972} INFO - Setting next_dagrun for example_dag_decorator to None, run_after=None
[2023-11-04 21:13:03,297] {processor.py:161} INFO - Processing /home/airflow/.local/lib/python3.7/site-packages/airflow/example_dags/example_dag_decorator.py took 0.736 seconds
[2023-11-04 21:15:32,538] {processor.py:153} INFO - Started process (PID=95) to work on /home/airflow/.local/lib/python3.7/site-packages/airflow/example_dags/example_dag_decorator.py
[2023-11-04 21:15:32,541] {processor.py:641} INFO - Processing file /home/airflow/.local/lib/python3.7/site-packages/airflow/example_dags/example_dag_decorator.py for tasks to queue
[2023-11-04 21:15:32,544] {logging_mixin.py:115} INFO - [2023-11-04 21:15:32,544] {dagbag.py:508} INFO - Filling up the DagBag from /home/airflow/.local/lib/python3.7/site-packages/airflow/example_dags/example_dag_decorator.py
[2023-11-04 21:15:32,646] {processor.py:651} INFO - DAG(s) dict_keys(['example_dag_decorator']) retrieved from /home/airflow/.local/lib/python3.7/site-packages/airflow/example_dags/example_dag_decorator.py
[2023-11-04 21:15:33,363] {logging_mixin.py:115} INFO - [2023-11-04 21:15:33,363] {dag.py:2420} INFO - Sync 1 DAGs
[2023-11-04 21:15:33,441] {logging_mixin.py:115} INFO - [2023-11-04 21:15:33,441] {dag.py:2972} INFO - Setting next_dagrun for example_dag_decorator to None, run_after=None
[2023-11-04 21:15:33,497] {processor.py:161} INFO - Processing /home/airflow/.local/lib/python3.7/site-packages/airflow/example_dags/example_dag_decorator.py took 0.970 seconds
[2023-11-04 21:16:03,962] {processor.py:153} INFO - Started process (PID=148) to work on /home/airflow/.local/lib/python3.7/site-packages/airflow/example_dags/example_dag_decorator.py
[2023-11-04 21:16:03,964] {processor.py:641} INFO - Processing file /home/airflow/.local/lib/python3.7/site-packages/airflow/example_dags/example_dag_decorator.py for tasks to queue
[2023-11-04 21:16:03,965] {logging_mixin.py:115} INFO - [2023-11-04 21:16:03,965] {dagbag.py:508} INFO - Filling up the DagBag from /home/airflow/.local/lib/python3.7/site-packages/airflow/example_dags/example_dag_decorator.py
[2023-11-04 21:16:04,022] {processor.py:651} INFO - DAG(s) dict_keys(['example_dag_decorator']) retrieved from /home/airflow/.local/lib/python3.7/site-packages/airflow/example_dags/example_dag_decorator.py
[2023-11-04 21:16:04,421] {logging_mixin.py:115} INFO - [2023-11-04 21:16:04,420] {dag.py:2420} INFO - Sync 1 DAGs
[2023-11-04 21:16:04,474] {logging_mixin.py:115} INFO - [2023-11-04 21:16:04,474] {dag.py:2972} INFO - Setting next_dagrun for example_dag_decorator to None, run_after=None
[2023-11-04 21:16:04,510] {processor.py:161} INFO - Processing /home/airflow/.local/lib/python3.7/site-packages/airflow/example_dags/example_dag_decorator.py took 0.554 seconds
[2023-11-04 21:16:34,864] {processor.py:153} INFO - Started process (PID=201) to work on /home/airflow/.local/lib/python3.7/site-packages/airflow/example_dags/example_dag_decorator.py
[2023-11-04 21:16:34,867] {processor.py:641} INFO - Processing file /home/airflow/.local/lib/python3.7/site-packages/airflow/example_dags/example_dag_decorator.py for tasks to queue
[2023-11-04 21:16:34,872] {logging_mixin.py:115} INFO - [2023-11-04 21:16:34,872] {dagbag.py:508} INFO - Filling up the DagBag from /home/airflow/.local/lib/python3.7/site-packages/airflow/example_dags/example_dag_decorator.py
[2023-11-04 21:16:34,942] {processor.py:651} INFO - DAG(s) dict_keys(['example_dag_decorator']) retrieved from /home/airflow/.local/lib/python3.7/site-packages/airflow/example_dags/example_dag_decorator.py
[2023-11-04 21:16:35,480] {logging_mixin.py:115} INFO - [2023-11-04 21:16:35,480] {dag.py:2420} INFO - Sync 1 DAGs
[2023-11-04 21:16:35,556] {logging_mixin.py:115} INFO - [2023-11-04 21:16:35,556] {dag.py:2972} INFO - Setting next_dagrun for example_dag_decorator to None, run_after=None
[2023-11-04 21:16:35,611] {processor.py:161} INFO - Processing /home/airflow/.local/lib/python3.7/site-packages/airflow/example_dags/example_dag_decorator.py took 0.752 seconds
[2023-11-04 21:17:05,673] {processor.py:153} INFO - Started process (PID=264) to work on /home/airflow/.local/lib/python3.7/site-packages/airflow/example_dags/example_dag_decorator.py
[2023-11-04 21:17:05,674] {processor.py:641} INFO - Processing file /home/airflow/.local/lib/python3.7/site-packages/airflow/example_dags/example_dag_decorator.py for tasks to queue
[2023-11-04 21:17:05,676] {logging_mixin.py:115} INFO - [2023-11-04 21:17:05,676] {dagbag.py:508} INFO - Filling up the DagBag from /home/airflow/.local/lib/python3.7/site-packages/airflow/example_dags/example_dag_decorator.py
[2023-11-04 21:17:05,736] {processor.py:651} INFO - DAG(s) dict_keys(['example_dag_decorator']) retrieved from /home/airflow/.local/lib/python3.7/site-packages/airflow/example_dags/example_dag_decorator.py
[2023-11-04 21:17:06,010] {logging_mixin.py:115} INFO - [2023-11-04 21:17:06,010] {dag.py:2420} INFO - Sync 1 DAGs
[2023-11-04 21:17:06,064] {logging_mixin.py:115} INFO - [2023-11-04 21:17:06,064] {dag.py:2972} INFO - Setting next_dagrun for example_dag_decorator to None, run_after=None
[2023-11-04 21:17:06,095] {processor.py:161} INFO - Processing /home/airflow/.local/lib/python3.7/site-packages/airflow/example_dags/example_dag_decorator.py took 0.429 seconds
[2023-11-04 21:17:36,173] {processor.py:153} INFO - Started process (PID=317) to work on /home/airflow/.local/lib/python3.7/site-packages/airflow/example_dags/example_dag_decorator.py
[2023-11-04 21:17:36,175] {processor.py:641} INFO - Processing file /home/airflow/.local/lib/python3.7/site-packages/airflow/example_dags/example_dag_decorator.py for tasks to queue
[2023-11-04 21:17:36,177] {logging_mixin.py:115} INFO - [2023-11-04 21:17:36,177] {dagbag.py:508} INFO - Filling up the DagBag from /home/airflow/.local/lib/python3.7/site-packages/airflow/example_dags/example_dag_decorator.py
[2023-11-04 21:17:36,260] {processor.py:651} INFO - DAG(s) dict_keys(['example_dag_decorator']) retrieved from /home/airflow/.local/lib/python3.7/site-packages/airflow/example_dags/example_dag_decorator.py
[2023-11-04 21:17:36,618] {logging_mixin.py:115} INFO - [2023-11-04 21:17:36,617] {dag.py:2420} INFO - Sync 1 DAGs
[2023-11-04 21:17:36,668] {logging_mixin.py:115} INFO - [2023-11-04 21:17:36,668] {dag.py:2972} INFO - Setting next_dagrun for example_dag_decorator to None, run_after=None
[2023-11-04 21:17:36,719] {processor.py:161} INFO - Processing /home/airflow/.local/lib/python3.7/site-packages/airflow/example_dags/example_dag_decorator.py took 0.555 seconds
[2023-11-04 21:18:06,903] {processor.py:153} INFO - Started process (PID=371) to work on /home/airflow/.local/lib/python3.7/site-packages/airflow/example_dags/example_dag_decorator.py
[2023-11-04 21:18:06,905] {processor.py:641} INFO - Processing file /home/airflow/.local/lib/python3.7/site-packages/airflow/example_dags/example_dag_decorator.py for tasks to queue
[2023-11-04 21:18:06,907] {logging_mixin.py:115} INFO - [2023-11-04 21:18:06,907] {dagbag.py:508} INFO - Filling up the DagBag from /home/airflow/.local/lib/python3.7/site-packages/airflow/example_dags/example_dag_decorator.py
[2023-11-04 21:18:06,962] {processor.py:651} INFO - DAG(s) dict_keys(['example_dag_decorator']) retrieved from /home/airflow/.local/lib/python3.7/site-packages/airflow/example_dags/example_dag_decorator.py
[2023-11-04 21:18:07,298] {logging_mixin.py:115} INFO - [2023-11-04 21:18:07,298] {dag.py:2420} INFO - Sync 1 DAGs
[2023-11-04 21:18:07,351] {logging_mixin.py:115} INFO - [2023-11-04 21:18:07,351] {dag.py:2972} INFO - Setting next_dagrun for example_dag_decorator to None, run_after=None
[2023-11-04 21:18:07,381] {processor.py:161} INFO - Processing /home/airflow/.local/lib/python3.7/site-packages/airflow/example_dags/example_dag_decorator.py took 0.485 seconds
[2023-11-04 21:18:37,841] {processor.py:153} INFO - Started process (PID=436) to work on /home/airflow/.local/lib/python3.7/site-packages/airflow/example_dags/example_dag_decorator.py
[2023-11-04 21:18:37,850] {processor.py:641} INFO - Processing file /home/airflow/.local/lib/python3.7/site-packages/airflow/example_dags/example_dag_decorator.py for tasks to queue
[2023-11-04 21:18:37,856] {logging_mixin.py:115} INFO - [2023-11-04 21:18:37,856] {dagbag.py:508} INFO - Filling up the DagBag from /home/airflow/.local/lib/python3.7/site-packages/airflow/example_dags/example_dag_decorator.py
[2023-11-04 21:18:38,000] {processor.py:651} INFO - DAG(s) dict_keys(['example_dag_decorator']) retrieved from /home/airflow/.local/lib/python3.7/site-packages/airflow/example_dags/example_dag_decorator.py
[2023-11-04 21:18:38,660] {logging_mixin.py:115} INFO - [2023-11-04 21:18:38,660] {dag.py:2420} INFO - Sync 1 DAGs
[2023-11-04 21:18:38,755] {logging_mixin.py:115} INFO - [2023-11-04 21:18:38,754] {dag.py:2972} INFO - Setting next_dagrun for example_dag_decorator to None, run_after=None
[2023-11-04 21:18:38,811] {processor.py:161} INFO - Processing /home/airflow/.local/lib/python3.7/site-packages/airflow/example_dags/example_dag_decorator.py took 0.995 seconds
[2023-11-04 21:19:08,947] {processor.py:153} INFO - Started process (PID=502) to work on /home/airflow/.local/lib/python3.7/site-packages/airflow/example_dags/example_dag_decorator.py
[2023-11-04 21:19:08,948] {processor.py:641} INFO - Processing file /home/airflow/.local/lib/python3.7/site-packages/airflow/example_dags/example_dag_decorator.py for tasks to queue
[2023-11-04 21:19:08,949] {logging_mixin.py:115} INFO - [2023-11-04 21:19:08,949] {dagbag.py:508} INFO - Filling up the DagBag from /home/airflow/.local/lib/python3.7/site-packages/airflow/example_dags/example_dag_decorator.py
[2023-11-04 21:19:08,985] {processor.py:651} INFO - DAG(s) dict_keys(['example_dag_decorator']) retrieved from /home/airflow/.local/lib/python3.7/site-packages/airflow/example_dags/example_dag_decorator.py
[2023-11-04 21:19:09,221] {logging_mixin.py:115} INFO - [2023-11-04 21:19:09,221] {dag.py:2420} INFO - Sync 1 DAGs
[2023-11-04 21:19:09,250] {logging_mixin.py:115} INFO - [2023-11-04 21:19:09,250] {dag.py:2972} INFO - Setting next_dagrun for example_dag_decorator to None, run_after=None
[2023-11-04 21:19:09,274] {processor.py:161} INFO - Processing /home/airflow/.local/lib/python3.7/site-packages/airflow/example_dags/example_dag_decorator.py took 0.332 seconds
[2023-11-04 21:19:39,304] {processor.py:153} INFO - Started process (PID=556) to work on /home/airflow/.local/lib/python3.7/site-packages/airflow/example_dags/example_dag_decorator.py
[2023-11-04 21:19:39,306] {processor.py:641} INFO - Processing file /home/airflow/.local/lib/python3.7/site-packages/airflow/example_dags/example_dag_decorator.py for tasks to queue
[2023-11-04 21:19:39,307] {logging_mixin.py:115} INFO - [2023-11-04 21:19:39,307] {dagbag.py:508} INFO - Filling up the DagBag from /home/airflow/.local/lib/python3.7/site-packages/airflow/example_dags/example_dag_decorator.py
[2023-11-04 21:19:39,339] {processor.py:651} INFO - DAG(s) dict_keys(['example_dag_decorator']) retrieved from /home/airflow/.local/lib/python3.7/site-packages/airflow/example_dags/example_dag_decorator.py
[2023-11-04 21:19:39,547] {logging_mixin.py:115} INFO - [2023-11-04 21:19:39,547] {dag.py:2420} INFO - Sync 1 DAGs
[2023-11-04 21:19:39,567] {logging_mixin.py:115} INFO - [2023-11-04 21:19:39,566] {dag.py:2972} INFO - Setting next_dagrun for example_dag_decorator to None, run_after=None
[2023-11-04 21:19:39,582] {processor.py:161} INFO - Processing /home/airflow/.local/lib/python3.7/site-packages/airflow/example_dags/example_dag_decorator.py took 0.283 seconds
[2023-11-04 21:20:10,219] {processor.py:153} INFO - Started process (PID=618) to work on /home/airflow/.local/lib/python3.7/site-packages/airflow/example_dags/example_dag_decorator.py
[2023-11-04 21:20:10,220] {processor.py:641} INFO - Processing file /home/airflow/.local/lib/python3.7/site-packages/airflow/example_dags/example_dag_decorator.py for tasks to queue
[2023-11-04 21:20:10,221] {logging_mixin.py:115} INFO - [2023-11-04 21:20:10,221] {dagbag.py:508} INFO - Filling up the DagBag from /home/airflow/.local/lib/python3.7/site-packages/airflow/example_dags/example_dag_decorator.py
[2023-11-04 21:20:10,258] {processor.py:651} INFO - DAG(s) dict_keys(['example_dag_decorator']) retrieved from /home/airflow/.local/lib/python3.7/site-packages/airflow/example_dags/example_dag_decorator.py
[2023-11-04 21:20:10,492] {logging_mixin.py:115} INFO - [2023-11-04 21:20:10,492] {dag.py:2420} INFO - Sync 1 DAGs
[2023-11-04 21:20:10,516] {logging_mixin.py:115} INFO - [2023-11-04 21:20:10,516] {dag.py:2972} INFO - Setting next_dagrun for example_dag_decorator to None, run_after=None
[2023-11-04 21:20:10,539] {processor.py:161} INFO - Processing /home/airflow/.local/lib/python3.7/site-packages/airflow/example_dags/example_dag_decorator.py took 0.324 seconds
[2023-11-04 21:20:41,062] {processor.py:153} INFO - Started process (PID=671) to work on /home/airflow/.local/lib/python3.7/site-packages/airflow/example_dags/example_dag_decorator.py
[2023-11-04 21:20:41,063] {processor.py:641} INFO - Processing file /home/airflow/.local/lib/python3.7/site-packages/airflow/example_dags/example_dag_decorator.py for tasks to queue
[2023-11-04 21:20:41,064] {logging_mixin.py:115} INFO - [2023-11-04 21:20:41,064] {dagbag.py:508} INFO - Filling up the DagBag from /home/airflow/.local/lib/python3.7/site-packages/airflow/example_dags/example_dag_decorator.py
[2023-11-04 21:20:41,352] {processor.py:651} INFO - DAG(s) dict_keys(['example_dag_decorator']) retrieved from /home/airflow/.local/lib/python3.7/site-packages/airflow/example_dags/example_dag_decorator.py
[2023-11-04 21:20:41,549] {logging_mixin.py:115} INFO - [2023-11-04 21:20:41,549] {dag.py:2420} INFO - Sync 1 DAGs
[2023-11-04 21:20:41,597] {logging_mixin.py:115} INFO - [2023-11-04 21:20:41,597] {dag.py:2972} INFO - Setting next_dagrun for example_dag_decorator to None, run_after=None
[2023-11-04 21:20:41,614] {processor.py:161} INFO - Processing /home/airflow/.local/lib/python3.7/site-packages/airflow/example_dags/example_dag_decorator.py took 0.557 seconds
[2023-11-04 21:21:11,858] {processor.py:153} INFO - Started process (PID=733) to work on /home/airflow/.local/lib/python3.7/site-packages/airflow/example_dags/example_dag_decorator.py
[2023-11-04 21:21:11,859] {processor.py:641} INFO - Processing file /home/airflow/.local/lib/python3.7/site-packages/airflow/example_dags/example_dag_decorator.py for tasks to queue
[2023-11-04 21:21:11,860] {logging_mixin.py:115} INFO - [2023-11-04 21:21:11,859] {dagbag.py:508} INFO - Filling up the DagBag from /home/airflow/.local/lib/python3.7/site-packages/airflow/example_dags/example_dag_decorator.py
[2023-11-04 21:21:12,067] {processor.py:651} INFO - DAG(s) dict_keys(['example_dag_decorator']) retrieved from /home/airflow/.local/lib/python3.7/site-packages/airflow/example_dags/example_dag_decorator.py
[2023-11-04 21:21:12,195] {logging_mixin.py:115} INFO - [2023-11-04 21:21:12,195] {dag.py:2420} INFO - Sync 1 DAGs
[2023-11-04 21:21:12,220] {logging_mixin.py:115} INFO - [2023-11-04 21:21:12,220] {dag.py:2972} INFO - Setting next_dagrun for example_dag_decorator to None, run_after=None
[2023-11-04 21:21:12,238] {processor.py:161} INFO - Processing /home/airflow/.local/lib/python3.7/site-packages/airflow/example_dags/example_dag_decorator.py took 0.384 seconds
[2023-11-04 21:21:42,594] {processor.py:153} INFO - Started process (PID=796) to work on /home/airflow/.local/lib/python3.7/site-packages/airflow/example_dags/example_dag_decorator.py
[2023-11-04 21:21:42,595] {processor.py:641} INFO - Processing file /home/airflow/.local/lib/python3.7/site-packages/airflow/example_dags/example_dag_decorator.py for tasks to queue
[2023-11-04 21:21:42,597] {logging_mixin.py:115} INFO - [2023-11-04 21:21:42,596] {dagbag.py:508} INFO - Filling up the DagBag from /home/airflow/.local/lib/python3.7/site-packages/airflow/example_dags/example_dag_decorator.py
[2023-11-04 21:21:42,766] {processor.py:651} INFO - DAG(s) dict_keys(['example_dag_decorator']) retrieved from /home/airflow/.local/lib/python3.7/site-packages/airflow/example_dags/example_dag_decorator.py
[2023-11-04 21:21:42,850] {logging_mixin.py:115} INFO - [2023-11-04 21:21:42,849] {dag.py:2420} INFO - Sync 1 DAGs
[2023-11-04 21:21:42,873] {logging_mixin.py:115} INFO - [2023-11-04 21:21:42,873] {dag.py:2972} INFO - Setting next_dagrun for example_dag_decorator to None, run_after=None
[2023-11-04 21:21:42,890] {processor.py:161} INFO - Processing /home/airflow/.local/lib/python3.7/site-packages/airflow/example_dags/example_dag_decorator.py took 0.301 seconds
[2023-11-04 21:22:13,328] {processor.py:153} INFO - Started process (PID=849) to work on /home/airflow/.local/lib/python3.7/site-packages/airflow/example_dags/example_dag_decorator.py
[2023-11-04 21:22:13,329] {processor.py:641} INFO - Processing file /home/airflow/.local/lib/python3.7/site-packages/airflow/example_dags/example_dag_decorator.py for tasks to queue
[2023-11-04 21:22:13,330] {logging_mixin.py:115} INFO - [2023-11-04 21:22:13,330] {dagbag.py:508} INFO - Filling up the DagBag from /home/airflow/.local/lib/python3.7/site-packages/airflow/example_dags/example_dag_decorator.py
[2023-11-04 21:22:13,486] {processor.py:651} INFO - DAG(s) dict_keys(['example_dag_decorator']) retrieved from /home/airflow/.local/lib/python3.7/site-packages/airflow/example_dags/example_dag_decorator.py
[2023-11-04 21:22:13,556] {logging_mixin.py:115} INFO - [2023-11-04 21:22:13,556] {dag.py:2420} INFO - Sync 1 DAGs
[2023-11-04 21:22:13,574] {logging_mixin.py:115} INFO - [2023-11-04 21:22:13,574] {dag.py:2972} INFO - Setting next_dagrun for example_dag_decorator to None, run_after=None
[2023-11-04 21:22:13,590] {processor.py:161} INFO - Processing /home/airflow/.local/lib/python3.7/site-packages/airflow/example_dags/example_dag_decorator.py took 0.266 seconds
[2023-11-04 21:22:43,807] {processor.py:153} INFO - Started process (PID=911) to work on /home/airflow/.local/lib/python3.7/site-packages/airflow/example_dags/example_dag_decorator.py
[2023-11-04 21:22:43,808] {processor.py:641} INFO - Processing file /home/airflow/.local/lib/python3.7/site-packages/airflow/example_dags/example_dag_decorator.py for tasks to queue
[2023-11-04 21:22:43,808] {logging_mixin.py:115} INFO - [2023-11-04 21:22:43,808] {dagbag.py:508} INFO - Filling up the DagBag from /home/airflow/.local/lib/python3.7/site-packages/airflow/example_dags/example_dag_decorator.py
[2023-11-04 21:22:43,955] {processor.py:651} INFO - DAG(s) dict_keys(['example_dag_decorator']) retrieved from /home/airflow/.local/lib/python3.7/site-packages/airflow/example_dags/example_dag_decorator.py
[2023-11-04 21:22:43,985] {logging_mixin.py:115} INFO - [2023-11-04 21:22:43,985] {dag.py:2420} INFO - Sync 1 DAGs
[2023-11-04 21:22:44,007] {logging_mixin.py:115} INFO - [2023-11-04 21:22:44,007] {dag.py:2972} INFO - Setting next_dagrun for example_dag_decorator to None, run_after=None
[2023-11-04 21:22:44,019] {processor.py:161} INFO - Processing /home/airflow/.local/lib/python3.7/site-packages/airflow/example_dags/example_dag_decorator.py took 0.216 seconds
[2023-11-04 21:23:14,834] {processor.py:153} INFO - Started process (PID=964) to work on /home/airflow/.local/lib/python3.7/site-packages/airflow/example_dags/example_dag_decorator.py
[2023-11-04 21:23:14,835] {processor.py:641} INFO - Processing file /home/airflow/.local/lib/python3.7/site-packages/airflow/example_dags/example_dag_decorator.py for tasks to queue
[2023-11-04 21:23:14,836] {logging_mixin.py:115} INFO - [2023-11-04 21:23:14,835] {dagbag.py:508} INFO - Filling up the DagBag from /home/airflow/.local/lib/python3.7/site-packages/airflow/example_dags/example_dag_decorator.py
[2023-11-04 21:23:14,968] {processor.py:651} INFO - DAG(s) dict_keys(['example_dag_decorator']) retrieved from /home/airflow/.local/lib/python3.7/site-packages/airflow/example_dags/example_dag_decorator.py
[2023-11-04 21:23:15,031] {logging_mixin.py:115} INFO - [2023-11-04 21:23:15,030] {dag.py:2420} INFO - Sync 1 DAGs
[2023-11-04 21:23:15,049] {logging_mixin.py:115} INFO - [2023-11-04 21:23:15,049] {dag.py:2972} INFO - Setting next_dagrun for example_dag_decorator to None, run_after=None
[2023-11-04 21:23:15,068] {processor.py:161} INFO - Processing /home/airflow/.local/lib/python3.7/site-packages/airflow/example_dags/example_dag_decorator.py took 0.237 seconds
[2023-11-04 21:23:45,295] {processor.py:153} INFO - Started process (PID=1026) to work on /home/airflow/.local/lib/python3.7/site-packages/airflow/example_dags/example_dag_decorator.py
[2023-11-04 21:23:45,297] {processor.py:641} INFO - Processing file /home/airflow/.local/lib/python3.7/site-packages/airflow/example_dags/example_dag_decorator.py for tasks to queue
[2023-11-04 21:23:45,298] {logging_mixin.py:115} INFO - [2023-11-04 21:23:45,298] {dagbag.py:508} INFO - Filling up the DagBag from /home/airflow/.local/lib/python3.7/site-packages/airflow/example_dags/example_dag_decorator.py
[2023-11-04 21:23:45,444] {processor.py:651} INFO - DAG(s) dict_keys(['example_dag_decorator']) retrieved from /home/airflow/.local/lib/python3.7/site-packages/airflow/example_dags/example_dag_decorator.py
[2023-11-04 21:23:45,512] {logging_mixin.py:115} INFO - [2023-11-04 21:23:45,512] {dag.py:2420} INFO - Sync 1 DAGs
[2023-11-04 21:23:45,551] {logging_mixin.py:115} INFO - [2023-11-04 21:23:45,551] {dag.py:2972} INFO - Setting next_dagrun for example_dag_decorator to None, run_after=None
[2023-11-04 21:23:45,586] {processor.py:161} INFO - Processing /home/airflow/.local/lib/python3.7/site-packages/airflow/example_dags/example_dag_decorator.py took 0.295 seconds
[2023-11-04 21:24:15,828] {processor.py:153} INFO - Started process (PID=1088) to work on /home/airflow/.local/lib/python3.7/site-packages/airflow/example_dags/example_dag_decorator.py
[2023-11-04 21:24:15,829] {processor.py:641} INFO - Processing file /home/airflow/.local/lib/python3.7/site-packages/airflow/example_dags/example_dag_decorator.py for tasks to queue
[2023-11-04 21:24:15,830] {logging_mixin.py:115} INFO - [2023-11-04 21:24:15,830] {dagbag.py:508} INFO - Filling up the DagBag from /home/airflow/.local/lib/python3.7/site-packages/airflow/example_dags/example_dag_decorator.py
[2023-11-04 21:24:15,965] {processor.py:651} INFO - DAG(s) dict_keys(['example_dag_decorator']) retrieved from /home/airflow/.local/lib/python3.7/site-packages/airflow/example_dags/example_dag_decorator.py
[2023-11-04 21:24:15,991] {logging_mixin.py:115} INFO - [2023-11-04 21:24:15,991] {dag.py:2420} INFO - Sync 1 DAGs
[2023-11-04 21:24:16,013] {logging_mixin.py:115} INFO - [2023-11-04 21:24:16,013] {dag.py:2972} INFO - Setting next_dagrun for example_dag_decorator to None, run_after=None
[2023-11-04 21:24:16,052] {processor.py:161} INFO - Processing /home/airflow/.local/lib/python3.7/site-packages/airflow/example_dags/example_dag_decorator.py took 0.227 seconds
[2023-11-04 21:24:46,263] {processor.py:153} INFO - Started process (PID=1141) to work on /home/airflow/.local/lib/python3.7/site-packages/airflow/example_dags/example_dag_decorator.py
[2023-11-04 21:24:46,264] {processor.py:641} INFO - Processing file /home/airflow/.local/lib/python3.7/site-packages/airflow/example_dags/example_dag_decorator.py for tasks to queue
[2023-11-04 21:24:46,264] {logging_mixin.py:115} INFO - [2023-11-04 21:24:46,264] {dagbag.py:508} INFO - Filling up the DagBag from /home/airflow/.local/lib/python3.7/site-packages/airflow/example_dags/example_dag_decorator.py
[2023-11-04 21:24:46,420] {processor.py:651} INFO - DAG(s) dict_keys(['example_dag_decorator']) retrieved from /home/airflow/.local/lib/python3.7/site-packages/airflow/example_dags/example_dag_decorator.py
[2023-11-04 21:24:46,515] {logging_mixin.py:115} INFO - [2023-11-04 21:24:46,515] {dag.py:2420} INFO - Sync 1 DAGs
[2023-11-04 21:24:46,542] {logging_mixin.py:115} INFO - [2023-11-04 21:24:46,541] {dag.py:2972} INFO - Setting next_dagrun for example_dag_decorator to None, run_after=None
[2023-11-04 21:24:46,565] {processor.py:161} INFO - Processing /home/airflow/.local/lib/python3.7/site-packages/airflow/example_dags/example_dag_decorator.py took 0.305 seconds
[2023-11-04 21:25:16,752] {processor.py:153} INFO - Started process (PID=1203) to work on /home/airflow/.local/lib/python3.7/site-packages/airflow/example_dags/example_dag_decorator.py
[2023-11-04 21:25:16,757] {processor.py:641} INFO - Processing file /home/airflow/.local/lib/python3.7/site-packages/airflow/example_dags/example_dag_decorator.py for tasks to queue
[2023-11-04 21:25:16,758] {logging_mixin.py:115} INFO - [2023-11-04 21:25:16,758] {dagbag.py:508} INFO - Filling up the DagBag from /home/airflow/.local/lib/python3.7/site-packages/airflow/example_dags/example_dag_decorator.py
[2023-11-04 21:25:16,903] {processor.py:651} INFO - DAG(s) dict_keys(['example_dag_decorator']) retrieved from /home/airflow/.local/lib/python3.7/site-packages/airflow/example_dags/example_dag_decorator.py
[2023-11-04 21:25:16,937] {logging_mixin.py:115} INFO - [2023-11-04 21:25:16,937] {dag.py:2420} INFO - Sync 1 DAGs
[2023-11-04 21:25:16,964] {logging_mixin.py:115} INFO - [2023-11-04 21:25:16,964] {dag.py:2972} INFO - Setting next_dagrun for example_dag_decorator to None, run_after=None
[2023-11-04 21:25:16,984] {processor.py:161} INFO - Processing /home/airflow/.local/lib/python3.7/site-packages/airflow/example_dags/example_dag_decorator.py took 0.235 seconds
[2023-11-04 21:25:47,318] {processor.py:153} INFO - Started process (PID=1265) to work on /home/airflow/.local/lib/python3.7/site-packages/airflow/example_dags/example_dag_decorator.py
[2023-11-04 21:25:47,319] {processor.py:641} INFO - Processing file /home/airflow/.local/lib/python3.7/site-packages/airflow/example_dags/example_dag_decorator.py for tasks to queue
[2023-11-04 21:25:47,319] {logging_mixin.py:115} INFO - [2023-11-04 21:25:47,319] {dagbag.py:508} INFO - Filling up the DagBag from /home/airflow/.local/lib/python3.7/site-packages/airflow/example_dags/example_dag_decorator.py
[2023-11-04 21:25:47,468] {processor.py:651} INFO - DAG(s) dict_keys(['example_dag_decorator']) retrieved from /home/airflow/.local/lib/python3.7/site-packages/airflow/example_dags/example_dag_decorator.py
[2023-11-04 21:25:47,559] {logging_mixin.py:115} INFO - [2023-11-04 21:25:47,559] {dag.py:2420} INFO - Sync 1 DAGs
[2023-11-04 21:25:47,581] {logging_mixin.py:115} INFO - [2023-11-04 21:25:47,581] {dag.py:2972} INFO - Setting next_dagrun for example_dag_decorator to None, run_after=None
[2023-11-04 21:25:47,612] {processor.py:161} INFO - Processing /home/airflow/.local/lib/python3.7/site-packages/airflow/example_dags/example_dag_decorator.py took 0.297 seconds
[2023-11-04 21:26:18,119] {processor.py:153} INFO - Started process (PID=1318) to work on /home/airflow/.local/lib/python3.7/site-packages/airflow/example_dags/example_dag_decorator.py
[2023-11-04 21:26:18,119] {processor.py:641} INFO - Processing file /home/airflow/.local/lib/python3.7/site-packages/airflow/example_dags/example_dag_decorator.py for tasks to queue
[2023-11-04 21:26:18,120] {logging_mixin.py:115} INFO - [2023-11-04 21:26:18,120] {dagbag.py:508} INFO - Filling up the DagBag from /home/airflow/.local/lib/python3.7/site-packages/airflow/example_dags/example_dag_decorator.py
[2023-11-04 21:26:18,266] {processor.py:651} INFO - DAG(s) dict_keys(['example_dag_decorator']) retrieved from /home/airflow/.local/lib/python3.7/site-packages/airflow/example_dags/example_dag_decorator.py
[2023-11-04 21:26:18,292] {logging_mixin.py:115} INFO - [2023-11-04 21:26:18,292] {dag.py:2420} INFO - Sync 1 DAGs
[2023-11-04 21:26:18,314] {logging_mixin.py:115} INFO - [2023-11-04 21:26:18,314] {dag.py:2972} INFO - Setting next_dagrun for example_dag_decorator to None, run_after=None
[2023-11-04 21:26:18,326] {processor.py:161} INFO - Processing /home/airflow/.local/lib/python3.7/site-packages/airflow/example_dags/example_dag_decorator.py took 0.210 seconds
[2023-11-04 21:26:48,957] {processor.py:153} INFO - Started process (PID=1380) to work on /home/airflow/.local/lib/python3.7/site-packages/airflow/example_dags/example_dag_decorator.py
[2023-11-04 21:26:48,958] {processor.py:641} INFO - Processing file /home/airflow/.local/lib/python3.7/site-packages/airflow/example_dags/example_dag_decorator.py for tasks to queue
[2023-11-04 21:26:48,958] {logging_mixin.py:115} INFO - [2023-11-04 21:26:48,958] {dagbag.py:508} INFO - Filling up the DagBag from /home/airflow/.local/lib/python3.7/site-packages/airflow/example_dags/example_dag_decorator.py
[2023-11-04 21:26:49,104] {processor.py:651} INFO - DAG(s) dict_keys(['example_dag_decorator']) retrieved from /home/airflow/.local/lib/python3.7/site-packages/airflow/example_dags/example_dag_decorator.py
[2023-11-04 21:26:49,171] {logging_mixin.py:115} INFO - [2023-11-04 21:26:49,171] {dag.py:2420} INFO - Sync 1 DAGs
[2023-11-04 21:26:49,192] {logging_mixin.py:115} INFO - [2023-11-04 21:26:49,192] {dag.py:2972} INFO - Setting next_dagrun for example_dag_decorator to None, run_after=None
[2023-11-04 21:26:49,205] {processor.py:161} INFO - Processing /home/airflow/.local/lib/python3.7/site-packages/airflow/example_dags/example_dag_decorator.py took 0.251 seconds
[2023-11-04 21:27:19,373] {processor.py:153} INFO - Started process (PID=1442) to work on /home/airflow/.local/lib/python3.7/site-packages/airflow/example_dags/example_dag_decorator.py
[2023-11-04 21:27:19,373] {processor.py:641} INFO - Processing file /home/airflow/.local/lib/python3.7/site-packages/airflow/example_dags/example_dag_decorator.py for tasks to queue
[2023-11-04 21:27:19,374] {logging_mixin.py:115} INFO - [2023-11-04 21:27:19,374] {dagbag.py:508} INFO - Filling up the DagBag from /home/airflow/.local/lib/python3.7/site-packages/airflow/example_dags/example_dag_decorator.py
[2023-11-04 21:27:19,521] {processor.py:651} INFO - DAG(s) dict_keys(['example_dag_decorator']) retrieved from /home/airflow/.local/lib/python3.7/site-packages/airflow/example_dags/example_dag_decorator.py
[2023-11-04 21:27:19,595] {logging_mixin.py:115} INFO - [2023-11-04 21:27:19,595] {dag.py:2420} INFO - Sync 1 DAGs
[2023-11-04 21:27:19,616] {logging_mixin.py:115} INFO - [2023-11-04 21:27:19,616] {dag.py:2972} INFO - Setting next_dagrun for example_dag_decorator to None, run_after=None
[2023-11-04 21:27:19,628] {processor.py:161} INFO - Processing /home/airflow/.local/lib/python3.7/site-packages/airflow/example_dags/example_dag_decorator.py took 0.259 seconds
[2023-11-04 21:27:50,000] {processor.py:153} INFO - Started process (PID=1495) to work on /home/airflow/.local/lib/python3.7/site-packages/airflow/example_dags/example_dag_decorator.py
[2023-11-04 21:27:50,000] {processor.py:641} INFO - Processing file /home/airflow/.local/lib/python3.7/site-packages/airflow/example_dags/example_dag_decorator.py for tasks to queue
[2023-11-04 21:27:50,001] {logging_mixin.py:115} INFO - [2023-11-04 21:27:50,001] {dagbag.py:508} INFO - Filling up the DagBag from /home/airflow/.local/lib/python3.7/site-packages/airflow/example_dags/example_dag_decorator.py
[2023-11-04 21:27:50,137] {processor.py:651} INFO - DAG(s) dict_keys(['example_dag_decorator']) retrieved from /home/airflow/.local/lib/python3.7/site-packages/airflow/example_dags/example_dag_decorator.py
[2023-11-04 21:27:50,164] {logging_mixin.py:115} INFO - [2023-11-04 21:27:50,164] {dag.py:2420} INFO - Sync 1 DAGs
[2023-11-04 21:27:50,187] {logging_mixin.py:115} INFO - [2023-11-04 21:27:50,187] {dag.py:2972} INFO - Setting next_dagrun for example_dag_decorator to None, run_after=None
[2023-11-04 21:27:50,199] {processor.py:161} INFO - Processing /home/airflow/.local/lib/python3.7/site-packages/airflow/example_dags/example_dag_decorator.py took 0.202 seconds
[2023-11-04 21:28:20,398] {processor.py:153} INFO - Started process (PID=1557) to work on /home/airflow/.local/lib/python3.7/site-packages/airflow/example_dags/example_dag_decorator.py
[2023-11-04 21:28:20,399] {processor.py:641} INFO - Processing file /home/airflow/.local/lib/python3.7/site-packages/airflow/example_dags/example_dag_decorator.py for tasks to queue
[2023-11-04 21:28:20,400] {logging_mixin.py:115} INFO - [2023-11-04 21:28:20,399] {dagbag.py:508} INFO - Filling up the DagBag from /home/airflow/.local/lib/python3.7/site-packages/airflow/example_dags/example_dag_decorator.py
[2023-11-04 21:28:20,531] {processor.py:651} INFO - DAG(s) dict_keys(['example_dag_decorator']) retrieved from /home/airflow/.local/lib/python3.7/site-packages/airflow/example_dags/example_dag_decorator.py
[2023-11-04 21:28:20,607] {logging_mixin.py:115} INFO - [2023-11-04 21:28:20,607] {dag.py:2420} INFO - Sync 1 DAGs
[2023-11-04 21:28:20,626] {logging_mixin.py:115} INFO - [2023-11-04 21:28:20,626] {dag.py:2972} INFO - Setting next_dagrun for example_dag_decorator to None, run_after=None
[2023-11-04 21:28:20,638] {processor.py:161} INFO - Processing /home/airflow/.local/lib/python3.7/site-packages/airflow/example_dags/example_dag_decorator.py took 0.243 seconds
[2023-11-04 21:28:51,086] {processor.py:153} INFO - Started process (PID=1619) to work on /home/airflow/.local/lib/python3.7/site-packages/airflow/example_dags/example_dag_decorator.py
[2023-11-04 21:28:51,087] {processor.py:641} INFO - Processing file /home/airflow/.local/lib/python3.7/site-packages/airflow/example_dags/example_dag_decorator.py for tasks to queue
[2023-11-04 21:28:51,088] {logging_mixin.py:115} INFO - [2023-11-04 21:28:51,088] {dagbag.py:508} INFO - Filling up the DagBag from /home/airflow/.local/lib/python3.7/site-packages/airflow/example_dags/example_dag_decorator.py
[2023-11-04 21:28:51,240] {processor.py:651} INFO - DAG(s) dict_keys(['example_dag_decorator']) retrieved from /home/airflow/.local/lib/python3.7/site-packages/airflow/example_dags/example_dag_decorator.py
[2023-11-04 21:28:51,322] {logging_mixin.py:115} INFO - [2023-11-04 21:28:51,322] {dag.py:2420} INFO - Sync 1 DAGs
[2023-11-04 21:28:51,341] {logging_mixin.py:115} INFO - [2023-11-04 21:28:51,341] {dag.py:2972} INFO - Setting next_dagrun for example_dag_decorator to None, run_after=None
[2023-11-04 21:28:51,353] {processor.py:161} INFO - Processing /home/airflow/.local/lib/python3.7/site-packages/airflow/example_dags/example_dag_decorator.py took 0.270 seconds
[2023-11-04 21:29:21,559] {processor.py:153} INFO - Started process (PID=1672) to work on /home/airflow/.local/lib/python3.7/site-packages/airflow/example_dags/example_dag_decorator.py
[2023-11-04 21:29:21,560] {processor.py:641} INFO - Processing file /home/airflow/.local/lib/python3.7/site-packages/airflow/example_dags/example_dag_decorator.py for tasks to queue
[2023-11-04 21:29:21,560] {logging_mixin.py:115} INFO - [2023-11-04 21:29:21,560] {dagbag.py:508} INFO - Filling up the DagBag from /home/airflow/.local/lib/python3.7/site-packages/airflow/example_dags/example_dag_decorator.py
[2023-11-04 21:29:21,709] {processor.py:651} INFO - DAG(s) dict_keys(['example_dag_decorator']) retrieved from /home/airflow/.local/lib/python3.7/site-packages/airflow/example_dags/example_dag_decorator.py
[2023-11-04 21:29:21,802] {logging_mixin.py:115} INFO - [2023-11-04 21:29:21,802] {dag.py:2420} INFO - Sync 1 DAGs
[2023-11-04 21:29:21,835] {logging_mixin.py:115} INFO - [2023-11-04 21:29:21,834] {dag.py:2972} INFO - Setting next_dagrun for example_dag_decorator to None, run_after=None
[2023-11-04 21:29:21,863] {processor.py:161} INFO - Processing /home/airflow/.local/lib/python3.7/site-packages/airflow/example_dags/example_dag_decorator.py took 0.307 seconds
[2023-11-04 21:29:52,337] {processor.py:153} INFO - Started process (PID=1734) to work on /home/airflow/.local/lib/python3.7/site-packages/airflow/example_dags/example_dag_decorator.py
[2023-11-04 21:29:52,355] {processor.py:641} INFO - Processing file /home/airflow/.local/lib/python3.7/site-packages/airflow/example_dags/example_dag_decorator.py for tasks to queue
[2023-11-04 21:29:52,357] {logging_mixin.py:115} INFO - [2023-11-04 21:29:52,356] {dagbag.py:508} INFO - Filling up the DagBag from /home/airflow/.local/lib/python3.7/site-packages/airflow/example_dags/example_dag_decorator.py
[2023-11-04 21:29:52,502] {processor.py:651} INFO - DAG(s) dict_keys(['example_dag_decorator']) retrieved from /home/airflow/.local/lib/python3.7/site-packages/airflow/example_dags/example_dag_decorator.py
[2023-11-04 21:29:52,572] {logging_mixin.py:115} INFO - [2023-11-04 21:29:52,572] {dag.py:2420} INFO - Sync 1 DAGs
[2023-11-04 21:29:52,592] {logging_mixin.py:115} INFO - [2023-11-04 21:29:52,592] {dag.py:2972} INFO - Setting next_dagrun for example_dag_decorator to None, run_after=None
[2023-11-04 21:29:52,604] {processor.py:161} INFO - Processing /home/airflow/.local/lib/python3.7/site-packages/airflow/example_dags/example_dag_decorator.py took 0.270 seconds
[2023-11-04 21:30:23,049] {processor.py:153} INFO - Started process (PID=1796) to work on /home/airflow/.local/lib/python3.7/site-packages/airflow/example_dags/example_dag_decorator.py
[2023-11-04 21:30:23,049] {processor.py:641} INFO - Processing file /home/airflow/.local/lib/python3.7/site-packages/airflow/example_dags/example_dag_decorator.py for tasks to queue
[2023-11-04 21:30:23,050] {logging_mixin.py:115} INFO - [2023-11-04 21:30:23,050] {dagbag.py:508} INFO - Filling up the DagBag from /home/airflow/.local/lib/python3.7/site-packages/airflow/example_dags/example_dag_decorator.py
[2023-11-04 21:30:23,204] {processor.py:651} INFO - DAG(s) dict_keys(['example_dag_decorator']) retrieved from /home/airflow/.local/lib/python3.7/site-packages/airflow/example_dags/example_dag_decorator.py
[2023-11-04 21:30:23,276] {logging_mixin.py:115} INFO - [2023-11-04 21:30:23,276] {dag.py:2420} INFO - Sync 1 DAGs
[2023-11-04 21:30:23,298] {logging_mixin.py:115} INFO - [2023-11-04 21:30:23,298] {dag.py:2972} INFO - Setting next_dagrun for example_dag_decorator to None, run_after=None
[2023-11-04 21:30:23,312] {processor.py:161} INFO - Processing /home/airflow/.local/lib/python3.7/site-packages/airflow/example_dags/example_dag_decorator.py took 0.268 seconds
[2023-11-04 21:30:53,717] {processor.py:153} INFO - Started process (PID=1849) to work on /home/airflow/.local/lib/python3.7/site-packages/airflow/example_dags/example_dag_decorator.py
[2023-11-04 21:30:53,718] {processor.py:641} INFO - Processing file /home/airflow/.local/lib/python3.7/site-packages/airflow/example_dags/example_dag_decorator.py for tasks to queue
[2023-11-04 21:30:53,719] {logging_mixin.py:115} INFO - [2023-11-04 21:30:53,719] {dagbag.py:508} INFO - Filling up the DagBag from /home/airflow/.local/lib/python3.7/site-packages/airflow/example_dags/example_dag_decorator.py
[2023-11-04 21:30:53,865] {processor.py:651} INFO - DAG(s) dict_keys(['example_dag_decorator']) retrieved from /home/airflow/.local/lib/python3.7/site-packages/airflow/example_dags/example_dag_decorator.py
[2023-11-04 21:30:53,959] {logging_mixin.py:115} INFO - [2023-11-04 21:30:53,959] {dag.py:2420} INFO - Sync 1 DAGs
[2023-11-04 21:30:53,979] {logging_mixin.py:115} INFO - [2023-11-04 21:30:53,979] {dag.py:2972} INFO - Setting next_dagrun for example_dag_decorator to None, run_after=None
[2023-11-04 21:30:53,993] {processor.py:161} INFO - Processing /home/airflow/.local/lib/python3.7/site-packages/airflow/example_dags/example_dag_decorator.py took 0.279 seconds
[2023-11-04 21:31:24,567] {processor.py:153} INFO - Started process (PID=1911) to work on /home/airflow/.local/lib/python3.7/site-packages/airflow/example_dags/example_dag_decorator.py
[2023-11-04 21:31:24,568] {processor.py:641} INFO - Processing file /home/airflow/.local/lib/python3.7/site-packages/airflow/example_dags/example_dag_decorator.py for tasks to queue
[2023-11-04 21:31:24,568] {logging_mixin.py:115} INFO - [2023-11-04 21:31:24,568] {dagbag.py:508} INFO - Filling up the DagBag from /home/airflow/.local/lib/python3.7/site-packages/airflow/example_dags/example_dag_decorator.py
[2023-11-04 21:31:24,714] {processor.py:651} INFO - DAG(s) dict_keys(['example_dag_decorator']) retrieved from /home/airflow/.local/lib/python3.7/site-packages/airflow/example_dags/example_dag_decorator.py
[2023-11-04 21:31:24,792] {logging_mixin.py:115} INFO - [2023-11-04 21:31:24,792] {dag.py:2420} INFO - Sync 1 DAGs
[2023-11-04 21:31:24,814] {logging_mixin.py:115} INFO - [2023-11-04 21:31:24,814] {dag.py:2972} INFO - Setting next_dagrun for example_dag_decorator to None, run_after=None
[2023-11-04 21:31:24,830] {processor.py:161} INFO - Processing /home/airflow/.local/lib/python3.7/site-packages/airflow/example_dags/example_dag_decorator.py took 0.266 seconds
[2023-11-04 21:31:55,559] {processor.py:153} INFO - Started process (PID=1973) to work on /home/airflow/.local/lib/python3.7/site-packages/airflow/example_dags/example_dag_decorator.py
[2023-11-04 21:31:55,560] {processor.py:641} INFO - Processing file /home/airflow/.local/lib/python3.7/site-packages/airflow/example_dags/example_dag_decorator.py for tasks to queue
[2023-11-04 21:31:55,562] {logging_mixin.py:115} INFO - [2023-11-04 21:31:55,562] {dagbag.py:508} INFO - Filling up the DagBag from /home/airflow/.local/lib/python3.7/site-packages/airflow/example_dags/example_dag_decorator.py
[2023-11-04 21:31:55,896] {processor.py:651} INFO - DAG(s) dict_keys(['example_dag_decorator']) retrieved from /home/airflow/.local/lib/python3.7/site-packages/airflow/example_dags/example_dag_decorator.py
[2023-11-04 21:31:56,119] {logging_mixin.py:115} INFO - [2023-11-04 21:31:56,119] {dag.py:2420} INFO - Sync 1 DAGs
[2023-11-04 21:31:56,173] {logging_mixin.py:115} INFO - [2023-11-04 21:31:56,173] {dag.py:2972} INFO - Setting next_dagrun for example_dag_decorator to None, run_after=None
[2023-11-04 21:31:56,211] {processor.py:161} INFO - Processing /home/airflow/.local/lib/python3.7/site-packages/airflow/example_dags/example_dag_decorator.py took 0.662 seconds
