[2023-11-04 20:57:54,159] {processor.py:153} INFO - Started process (PID=73) to work on /home/airflow/.local/lib/python3.7/site-packages/airflow/example_dags/example_local_kubernetes_executor.py
[2023-11-04 20:57:54,161] {processor.py:641} INFO - Processing file /home/airflow/.local/lib/python3.7/site-packages/airflow/example_dags/example_local_kubernetes_executor.py for tasks to queue
[2023-11-04 20:57:54,164] {logging_mixin.py:115} INFO - [2023-11-04 20:57:54,164] {dagbag.py:508} INFO - Filling up the DagBag from /home/airflow/.local/lib/python3.7/site-packages/airflow/example_dags/example_local_kubernetes_executor.py
[2023-11-04 20:57:54,194] {processor.py:651} INFO - DAG(s) dict_keys(['example_local_kubernetes_executor']) retrieved from /home/airflow/.local/lib/python3.7/site-packages/airflow/example_dags/example_local_kubernetes_executor.py
[2023-11-04 20:57:54,348] {logging_mixin.py:115} INFO - [2023-11-04 20:57:54,347] {manager.py:508} INFO - Created Permission View: can delete on DAG:example_local_kubernetes_executor
[2023-11-04 20:57:54,358] {logging_mixin.py:115} INFO - [2023-11-04 20:57:54,358] {manager.py:508} INFO - Created Permission View: can edit on DAG:example_local_kubernetes_executor
[2023-11-04 20:57:54,367] {logging_mixin.py:115} INFO - [2023-11-04 20:57:54,367] {manager.py:508} INFO - Created Permission View: can read on DAG:example_local_kubernetes_executor
[2023-11-04 20:57:54,367] {logging_mixin.py:115} INFO - [2023-11-04 20:57:54,367] {dag.py:2420} INFO - Sync 1 DAGs
[2023-11-04 20:57:54,380] {logging_mixin.py:115} INFO - [2023-11-04 20:57:54,380] {dag.py:2439} INFO - Creating ORM DAG for example_local_kubernetes_executor
[2023-11-04 20:57:54,398] {logging_mixin.py:115} INFO - [2023-11-04 20:57:54,398] {dag.py:2972} INFO - Setting next_dagrun for example_local_kubernetes_executor to None, run_after=None
[2023-11-04 20:57:54,419] {processor.py:161} INFO - Processing /home/airflow/.local/lib/python3.7/site-packages/airflow/example_dags/example_local_kubernetes_executor.py took 0.264 seconds
[2023-11-04 20:58:24,573] {processor.py:153} INFO - Started process (PID=134) to work on /home/airflow/.local/lib/python3.7/site-packages/airflow/example_dags/example_local_kubernetes_executor.py
[2023-11-04 20:58:24,574] {processor.py:641} INFO - Processing file /home/airflow/.local/lib/python3.7/site-packages/airflow/example_dags/example_local_kubernetes_executor.py for tasks to queue
[2023-11-04 20:58:24,575] {logging_mixin.py:115} INFO - [2023-11-04 20:58:24,575] {dagbag.py:508} INFO - Filling up the DagBag from /home/airflow/.local/lib/python3.7/site-packages/airflow/example_dags/example_local_kubernetes_executor.py
[2023-11-04 20:58:24,592] {processor.py:651} INFO - DAG(s) dict_keys(['example_local_kubernetes_executor']) retrieved from /home/airflow/.local/lib/python3.7/site-packages/airflow/example_dags/example_local_kubernetes_executor.py
[2023-11-04 20:58:24,616] {logging_mixin.py:115} INFO - [2023-11-04 20:58:24,616] {dag.py:2420} INFO - Sync 1 DAGs
[2023-11-04 20:58:24,638] {logging_mixin.py:115} INFO - [2023-11-04 20:58:24,638] {dag.py:2972} INFO - Setting next_dagrun for example_local_kubernetes_executor to None, run_after=None
[2023-11-04 20:58:24,650] {processor.py:161} INFO - Processing /home/airflow/.local/lib/python3.7/site-packages/airflow/example_dags/example_local_kubernetes_executor.py took 0.080 seconds
[2023-11-04 20:58:54,987] {processor.py:153} INFO - Started process (PID=202) to work on /home/airflow/.local/lib/python3.7/site-packages/airflow/example_dags/example_local_kubernetes_executor.py
[2023-11-04 20:58:54,987] {processor.py:641} INFO - Processing file /home/airflow/.local/lib/python3.7/site-packages/airflow/example_dags/example_local_kubernetes_executor.py for tasks to queue
[2023-11-04 20:58:54,989] {logging_mixin.py:115} INFO - [2023-11-04 20:58:54,988] {dagbag.py:508} INFO - Filling up the DagBag from /home/airflow/.local/lib/python3.7/site-packages/airflow/example_dags/example_local_kubernetes_executor.py
[2023-11-04 20:58:55,010] {processor.py:651} INFO - DAG(s) dict_keys(['example_local_kubernetes_executor']) retrieved from /home/airflow/.local/lib/python3.7/site-packages/airflow/example_dags/example_local_kubernetes_executor.py
[2023-11-04 20:58:55,036] {logging_mixin.py:115} INFO - [2023-11-04 20:58:55,035] {dag.py:2420} INFO - Sync 1 DAGs
[2023-11-04 20:58:55,058] {logging_mixin.py:115} INFO - [2023-11-04 20:58:55,058] {dag.py:2972} INFO - Setting next_dagrun for example_local_kubernetes_executor to None, run_after=None
[2023-11-04 20:58:55,071] {processor.py:161} INFO - Processing /home/airflow/.local/lib/python3.7/site-packages/airflow/example_dags/example_local_kubernetes_executor.py took 0.090 seconds
[2023-11-04 20:59:25,680] {processor.py:153} INFO - Started process (PID=263) to work on /home/airflow/.local/lib/python3.7/site-packages/airflow/example_dags/example_local_kubernetes_executor.py
[2023-11-04 20:59:25,681] {processor.py:641} INFO - Processing file /home/airflow/.local/lib/python3.7/site-packages/airflow/example_dags/example_local_kubernetes_executor.py for tasks to queue
[2023-11-04 20:59:25,682] {logging_mixin.py:115} INFO - [2023-11-04 20:59:25,682] {dagbag.py:508} INFO - Filling up the DagBag from /home/airflow/.local/lib/python3.7/site-packages/airflow/example_dags/example_local_kubernetes_executor.py
[2023-11-04 20:59:25,733] {processor.py:651} INFO - DAG(s) dict_keys(['example_local_kubernetes_executor']) retrieved from /home/airflow/.local/lib/python3.7/site-packages/airflow/example_dags/example_local_kubernetes_executor.py
[2023-11-04 20:59:25,772] {logging_mixin.py:115} INFO - [2023-11-04 20:59:25,772] {dag.py:2420} INFO - Sync 1 DAGs
[2023-11-04 20:59:25,798] {logging_mixin.py:115} INFO - [2023-11-04 20:59:25,798] {dag.py:2972} INFO - Setting next_dagrun for example_local_kubernetes_executor to None, run_after=None
[2023-11-04 20:59:25,816] {processor.py:161} INFO - Processing /home/airflow/.local/lib/python3.7/site-packages/airflow/example_dags/example_local_kubernetes_executor.py took 0.141 seconds
[2023-11-04 20:59:56,508] {processor.py:153} INFO - Started process (PID=315) to work on /home/airflow/.local/lib/python3.7/site-packages/airflow/example_dags/example_local_kubernetes_executor.py
[2023-11-04 20:59:56,523] {processor.py:641} INFO - Processing file /home/airflow/.local/lib/python3.7/site-packages/airflow/example_dags/example_local_kubernetes_executor.py for tasks to queue
[2023-11-04 20:59:56,528] {logging_mixin.py:115} INFO - [2023-11-04 20:59:56,528] {dagbag.py:508} INFO - Filling up the DagBag from /home/airflow/.local/lib/python3.7/site-packages/airflow/example_dags/example_local_kubernetes_executor.py
[2023-11-04 20:59:56,571] {processor.py:651} INFO - DAG(s) dict_keys(['example_local_kubernetes_executor']) retrieved from /home/airflow/.local/lib/python3.7/site-packages/airflow/example_dags/example_local_kubernetes_executor.py
[2023-11-04 20:59:56,617] {logging_mixin.py:115} INFO - [2023-11-04 20:59:56,617] {dag.py:2420} INFO - Sync 1 DAGs
[2023-11-04 20:59:56,641] {logging_mixin.py:115} INFO - [2023-11-04 20:59:56,641] {dag.py:2972} INFO - Setting next_dagrun for example_local_kubernetes_executor to None, run_after=None
[2023-11-04 20:59:56,652] {processor.py:161} INFO - Processing /home/airflow/.local/lib/python3.7/site-packages/airflow/example_dags/example_local_kubernetes_executor.py took 0.150 seconds
[2023-11-04 21:00:27,645] {processor.py:153} INFO - Started process (PID=376) to work on /home/airflow/.local/lib/python3.7/site-packages/airflow/example_dags/example_local_kubernetes_executor.py
[2023-11-04 21:00:27,646] {processor.py:641} INFO - Processing file /home/airflow/.local/lib/python3.7/site-packages/airflow/example_dags/example_local_kubernetes_executor.py for tasks to queue
[2023-11-04 21:00:27,647] {logging_mixin.py:115} INFO - [2023-11-04 21:00:27,647] {dagbag.py:508} INFO - Filling up the DagBag from /home/airflow/.local/lib/python3.7/site-packages/airflow/example_dags/example_local_kubernetes_executor.py
[2023-11-04 21:00:27,685] {processor.py:651} INFO - DAG(s) dict_keys(['example_local_kubernetes_executor']) retrieved from /home/airflow/.local/lib/python3.7/site-packages/airflow/example_dags/example_local_kubernetes_executor.py
[2023-11-04 21:00:27,734] {logging_mixin.py:115} INFO - [2023-11-04 21:00:27,734] {dag.py:2420} INFO - Sync 1 DAGs
[2023-11-04 21:00:27,805] {logging_mixin.py:115} INFO - [2023-11-04 21:00:27,805] {dag.py:2972} INFO - Setting next_dagrun for example_local_kubernetes_executor to None, run_after=None
[2023-11-04 21:00:27,841] {processor.py:161} INFO - Processing /home/airflow/.local/lib/python3.7/site-packages/airflow/example_dags/example_local_kubernetes_executor.py took 0.200 seconds
[2023-11-04 21:00:58,344] {processor.py:153} INFO - Started process (PID=437) to work on /home/airflow/.local/lib/python3.7/site-packages/airflow/example_dags/example_local_kubernetes_executor.py
[2023-11-04 21:00:58,345] {processor.py:641} INFO - Processing file /home/airflow/.local/lib/python3.7/site-packages/airflow/example_dags/example_local_kubernetes_executor.py for tasks to queue
[2023-11-04 21:00:58,345] {logging_mixin.py:115} INFO - [2023-11-04 21:00:58,345] {dagbag.py:508} INFO - Filling up the DagBag from /home/airflow/.local/lib/python3.7/site-packages/airflow/example_dags/example_local_kubernetes_executor.py
[2023-11-04 21:00:58,367] {processor.py:651} INFO - DAG(s) dict_keys(['example_local_kubernetes_executor']) retrieved from /home/airflow/.local/lib/python3.7/site-packages/airflow/example_dags/example_local_kubernetes_executor.py
[2023-11-04 21:00:58,395] {logging_mixin.py:115} INFO - [2023-11-04 21:00:58,395] {dag.py:2420} INFO - Sync 1 DAGs
[2023-11-04 21:00:58,434] {logging_mixin.py:115} INFO - [2023-11-04 21:00:58,433] {dag.py:2972} INFO - Setting next_dagrun for example_local_kubernetes_executor to None, run_after=None
[2023-11-04 21:00:58,450] {processor.py:161} INFO - Processing /home/airflow/.local/lib/python3.7/site-packages/airflow/example_dags/example_local_kubernetes_executor.py took 0.110 seconds
[2023-11-04 21:01:29,221] {processor.py:153} INFO - Started process (PID=489) to work on /home/airflow/.local/lib/python3.7/site-packages/airflow/example_dags/example_local_kubernetes_executor.py
[2023-11-04 21:01:29,222] {processor.py:641} INFO - Processing file /home/airflow/.local/lib/python3.7/site-packages/airflow/example_dags/example_local_kubernetes_executor.py for tasks to queue
[2023-11-04 21:01:29,223] {logging_mixin.py:115} INFO - [2023-11-04 21:01:29,223] {dagbag.py:508} INFO - Filling up the DagBag from /home/airflow/.local/lib/python3.7/site-packages/airflow/example_dags/example_local_kubernetes_executor.py
[2023-11-04 21:01:29,254] {processor.py:651} INFO - DAG(s) dict_keys(['example_local_kubernetes_executor']) retrieved from /home/airflow/.local/lib/python3.7/site-packages/airflow/example_dags/example_local_kubernetes_executor.py
[2023-11-04 21:01:29,314] {logging_mixin.py:115} INFO - [2023-11-04 21:01:29,313] {dag.py:2420} INFO - Sync 1 DAGs
[2023-11-04 21:01:29,366] {logging_mixin.py:115} INFO - [2023-11-04 21:01:29,365] {dag.py:2972} INFO - Setting next_dagrun for example_local_kubernetes_executor to None, run_after=None
[2023-11-04 21:01:29,397] {processor.py:161} INFO - Processing /home/airflow/.local/lib/python3.7/site-packages/airflow/example_dags/example_local_kubernetes_executor.py took 0.181 seconds
[2023-11-04 21:01:59,804] {processor.py:153} INFO - Started process (PID=550) to work on /home/airflow/.local/lib/python3.7/site-packages/airflow/example_dags/example_local_kubernetes_executor.py
[2023-11-04 21:01:59,805] {processor.py:641} INFO - Processing file /home/airflow/.local/lib/python3.7/site-packages/airflow/example_dags/example_local_kubernetes_executor.py for tasks to queue
[2023-11-04 21:01:59,806] {logging_mixin.py:115} INFO - [2023-11-04 21:01:59,806] {dagbag.py:508} INFO - Filling up the DagBag from /home/airflow/.local/lib/python3.7/site-packages/airflow/example_dags/example_local_kubernetes_executor.py
[2023-11-04 21:01:59,823] {processor.py:651} INFO - DAG(s) dict_keys(['example_local_kubernetes_executor']) retrieved from /home/airflow/.local/lib/python3.7/site-packages/airflow/example_dags/example_local_kubernetes_executor.py
[2023-11-04 21:01:59,847] {logging_mixin.py:115} INFO - [2023-11-04 21:01:59,847] {dag.py:2420} INFO - Sync 1 DAGs
[2023-11-04 21:01:59,869] {logging_mixin.py:115} INFO - [2023-11-04 21:01:59,869] {dag.py:2972} INFO - Setting next_dagrun for example_local_kubernetes_executor to None, run_after=None
[2023-11-04 21:01:59,881] {processor.py:161} INFO - Processing /home/airflow/.local/lib/python3.7/site-packages/airflow/example_dags/example_local_kubernetes_executor.py took 0.081 seconds
[2023-11-04 21:02:31,160] {processor.py:153} INFO - Started process (PID=611) to work on /home/airflow/.local/lib/python3.7/site-packages/airflow/example_dags/example_local_kubernetes_executor.py
[2023-11-04 21:02:31,161] {processor.py:641} INFO - Processing file /home/airflow/.local/lib/python3.7/site-packages/airflow/example_dags/example_local_kubernetes_executor.py for tasks to queue
[2023-11-04 21:02:31,162] {logging_mixin.py:115} INFO - [2023-11-04 21:02:31,162] {dagbag.py:508} INFO - Filling up the DagBag from /home/airflow/.local/lib/python3.7/site-packages/airflow/example_dags/example_local_kubernetes_executor.py
[2023-11-04 21:02:31,181] {processor.py:651} INFO - DAG(s) dict_keys(['example_local_kubernetes_executor']) retrieved from /home/airflow/.local/lib/python3.7/site-packages/airflow/example_dags/example_local_kubernetes_executor.py
[2023-11-04 21:02:31,213] {logging_mixin.py:115} INFO - [2023-11-04 21:02:31,213] {dag.py:2420} INFO - Sync 1 DAGs
[2023-11-04 21:02:31,239] {logging_mixin.py:115} INFO - [2023-11-04 21:02:31,239] {dag.py:2972} INFO - Setting next_dagrun for example_local_kubernetes_executor to None, run_after=None
[2023-11-04 21:02:31,254] {processor.py:161} INFO - Processing /home/airflow/.local/lib/python3.7/site-packages/airflow/example_dags/example_local_kubernetes_executor.py took 0.098 seconds
[2023-11-04 21:03:01,302] {processor.py:153} INFO - Started process (PID=663) to work on /home/airflow/.local/lib/python3.7/site-packages/airflow/example_dags/example_local_kubernetes_executor.py
[2023-11-04 21:03:01,303] {processor.py:641} INFO - Processing file /home/airflow/.local/lib/python3.7/site-packages/airflow/example_dags/example_local_kubernetes_executor.py for tasks to queue
[2023-11-04 21:03:01,304] {logging_mixin.py:115} INFO - [2023-11-04 21:03:01,303] {dagbag.py:508} INFO - Filling up the DagBag from /home/airflow/.local/lib/python3.7/site-packages/airflow/example_dags/example_local_kubernetes_executor.py
[2023-11-04 21:03:01,321] {processor.py:651} INFO - DAG(s) dict_keys(['example_local_kubernetes_executor']) retrieved from /home/airflow/.local/lib/python3.7/site-packages/airflow/example_dags/example_local_kubernetes_executor.py
[2023-11-04 21:03:01,345] {logging_mixin.py:115} INFO - [2023-11-04 21:03:01,345] {dag.py:2420} INFO - Sync 1 DAGs
[2023-11-04 21:03:01,367] {logging_mixin.py:115} INFO - [2023-11-04 21:03:01,367] {dag.py:2972} INFO - Setting next_dagrun for example_local_kubernetes_executor to None, run_after=None
[2023-11-04 21:03:01,379] {processor.py:161} INFO - Processing /home/airflow/.local/lib/python3.7/site-packages/airflow/example_dags/example_local_kubernetes_executor.py took 0.081 seconds
[2023-11-04 21:03:31,636] {processor.py:153} INFO - Started process (PID=724) to work on /home/airflow/.local/lib/python3.7/site-packages/airflow/example_dags/example_local_kubernetes_executor.py
[2023-11-04 21:03:31,637] {processor.py:641} INFO - Processing file /home/airflow/.local/lib/python3.7/site-packages/airflow/example_dags/example_local_kubernetes_executor.py for tasks to queue
[2023-11-04 21:03:31,638] {logging_mixin.py:115} INFO - [2023-11-04 21:03:31,638] {dagbag.py:508} INFO - Filling up the DagBag from /home/airflow/.local/lib/python3.7/site-packages/airflow/example_dags/example_local_kubernetes_executor.py
[2023-11-04 21:03:31,665] {processor.py:651} INFO - DAG(s) dict_keys(['example_local_kubernetes_executor']) retrieved from /home/airflow/.local/lib/python3.7/site-packages/airflow/example_dags/example_local_kubernetes_executor.py
[2023-11-04 21:03:31,703] {logging_mixin.py:115} INFO - [2023-11-04 21:03:31,703] {dag.py:2420} INFO - Sync 1 DAGs
[2023-11-04 21:03:31,732] {logging_mixin.py:115} INFO - [2023-11-04 21:03:31,731] {dag.py:2972} INFO - Setting next_dagrun for example_local_kubernetes_executor to None, run_after=None
[2023-11-04 21:03:31,759] {processor.py:161} INFO - Processing /home/airflow/.local/lib/python3.7/site-packages/airflow/example_dags/example_local_kubernetes_executor.py took 0.127 seconds
[2023-11-04 21:04:01,886] {processor.py:153} INFO - Started process (PID=784) to work on /home/airflow/.local/lib/python3.7/site-packages/airflow/example_dags/example_local_kubernetes_executor.py
[2023-11-04 21:04:01,887] {processor.py:641} INFO - Processing file /home/airflow/.local/lib/python3.7/site-packages/airflow/example_dags/example_local_kubernetes_executor.py for tasks to queue
[2023-11-04 21:04:01,888] {logging_mixin.py:115} INFO - [2023-11-04 21:04:01,887] {dagbag.py:508} INFO - Filling up the DagBag from /home/airflow/.local/lib/python3.7/site-packages/airflow/example_dags/example_local_kubernetes_executor.py
[2023-11-04 21:04:01,905] {processor.py:651} INFO - DAG(s) dict_keys(['example_local_kubernetes_executor']) retrieved from /home/airflow/.local/lib/python3.7/site-packages/airflow/example_dags/example_local_kubernetes_executor.py
[2023-11-04 21:04:01,930] {logging_mixin.py:115} INFO - [2023-11-04 21:04:01,929] {dag.py:2420} INFO - Sync 1 DAGs
[2023-11-04 21:04:01,952] {logging_mixin.py:115} INFO - [2023-11-04 21:04:01,952] {dag.py:2972} INFO - Setting next_dagrun for example_local_kubernetes_executor to None, run_after=None
[2023-11-04 21:04:01,965] {processor.py:161} INFO - Processing /home/airflow/.local/lib/python3.7/site-packages/airflow/example_dags/example_local_kubernetes_executor.py took 0.082 seconds
[2023-11-04 21:04:32,056] {processor.py:153} INFO - Started process (PID=837) to work on /home/airflow/.local/lib/python3.7/site-packages/airflow/example_dags/example_local_kubernetes_executor.py
[2023-11-04 21:04:32,057] {processor.py:641} INFO - Processing file /home/airflow/.local/lib/python3.7/site-packages/airflow/example_dags/example_local_kubernetes_executor.py for tasks to queue
[2023-11-04 21:04:32,058] {logging_mixin.py:115} INFO - [2023-11-04 21:04:32,058] {dagbag.py:508} INFO - Filling up the DagBag from /home/airflow/.local/lib/python3.7/site-packages/airflow/example_dags/example_local_kubernetes_executor.py
[2023-11-04 21:04:32,076] {processor.py:651} INFO - DAG(s) dict_keys(['example_local_kubernetes_executor']) retrieved from /home/airflow/.local/lib/python3.7/site-packages/airflow/example_dags/example_local_kubernetes_executor.py
[2023-11-04 21:04:32,100] {logging_mixin.py:115} INFO - [2023-11-04 21:04:32,100] {dag.py:2420} INFO - Sync 1 DAGs
[2023-11-04 21:04:32,122] {logging_mixin.py:115} INFO - [2023-11-04 21:04:32,122] {dag.py:2972} INFO - Setting next_dagrun for example_local_kubernetes_executor to None, run_after=None
[2023-11-04 21:04:32,134] {processor.py:161} INFO - Processing /home/airflow/.local/lib/python3.7/site-packages/airflow/example_dags/example_local_kubernetes_executor.py took 0.081 seconds
[2023-11-04 21:05:03,112] {processor.py:153} INFO - Started process (PID=898) to work on /home/airflow/.local/lib/python3.7/site-packages/airflow/example_dags/example_local_kubernetes_executor.py
[2023-11-04 21:05:03,113] {processor.py:641} INFO - Processing file /home/airflow/.local/lib/python3.7/site-packages/airflow/example_dags/example_local_kubernetes_executor.py for tasks to queue
[2023-11-04 21:05:03,114] {logging_mixin.py:115} INFO - [2023-11-04 21:05:03,114] {dagbag.py:508} INFO - Filling up the DagBag from /home/airflow/.local/lib/python3.7/site-packages/airflow/example_dags/example_local_kubernetes_executor.py
[2023-11-04 21:05:03,131] {processor.py:651} INFO - DAG(s) dict_keys(['example_local_kubernetes_executor']) retrieved from /home/airflow/.local/lib/python3.7/site-packages/airflow/example_dags/example_local_kubernetes_executor.py
[2023-11-04 21:05:03,157] {logging_mixin.py:115} INFO - [2023-11-04 21:05:03,157] {dag.py:2420} INFO - Sync 1 DAGs
[2023-11-04 21:05:03,183] {logging_mixin.py:115} INFO - [2023-11-04 21:05:03,183] {dag.py:2972} INFO - Setting next_dagrun for example_local_kubernetes_executor to None, run_after=None
[2023-11-04 21:05:03,195] {processor.py:161} INFO - Processing /home/airflow/.local/lib/python3.7/site-packages/airflow/example_dags/example_local_kubernetes_executor.py took 0.086 seconds
[2023-11-04 21:05:33,356] {processor.py:153} INFO - Started process (PID=950) to work on /home/airflow/.local/lib/python3.7/site-packages/airflow/example_dags/example_local_kubernetes_executor.py
[2023-11-04 21:05:33,359] {processor.py:641} INFO - Processing file /home/airflow/.local/lib/python3.7/site-packages/airflow/example_dags/example_local_kubernetes_executor.py for tasks to queue
[2023-11-04 21:05:33,360] {logging_mixin.py:115} INFO - [2023-11-04 21:05:33,360] {dagbag.py:508} INFO - Filling up the DagBag from /home/airflow/.local/lib/python3.7/site-packages/airflow/example_dags/example_local_kubernetes_executor.py
[2023-11-04 21:05:33,380] {processor.py:651} INFO - DAG(s) dict_keys(['example_local_kubernetes_executor']) retrieved from /home/airflow/.local/lib/python3.7/site-packages/airflow/example_dags/example_local_kubernetes_executor.py
[2023-11-04 21:05:33,411] {logging_mixin.py:115} INFO - [2023-11-04 21:05:33,410] {dag.py:2420} INFO - Sync 1 DAGs
[2023-11-04 21:05:33,435] {logging_mixin.py:115} INFO - [2023-11-04 21:05:33,435] {dag.py:2972} INFO - Setting next_dagrun for example_local_kubernetes_executor to None, run_after=None
[2023-11-04 21:05:33,448] {processor.py:161} INFO - Processing /home/airflow/.local/lib/python3.7/site-packages/airflow/example_dags/example_local_kubernetes_executor.py took 0.096 seconds
[2023-11-04 21:06:17,290] {processor.py:153} INFO - Started process (PID=73) to work on /home/airflow/.local/lib/python3.7/site-packages/airflow/example_dags/example_local_kubernetes_executor.py
[2023-11-04 21:06:17,292] {processor.py:641} INFO - Processing file /home/airflow/.local/lib/python3.7/site-packages/airflow/example_dags/example_local_kubernetes_executor.py for tasks to queue
[2023-11-04 21:06:17,293] {logging_mixin.py:115} INFO - [2023-11-04 21:06:17,293] {dagbag.py:508} INFO - Filling up the DagBag from /home/airflow/.local/lib/python3.7/site-packages/airflow/example_dags/example_local_kubernetes_executor.py
[2023-11-04 21:06:17,325] {processor.py:651} INFO - DAG(s) dict_keys(['example_local_kubernetes_executor']) retrieved from /home/airflow/.local/lib/python3.7/site-packages/airflow/example_dags/example_local_kubernetes_executor.py
[2023-11-04 21:06:17,663] {logging_mixin.py:115} INFO - [2023-11-04 21:06:17,662] {dag.py:2420} INFO - Sync 1 DAGs
[2023-11-04 21:06:17,776] {logging_mixin.py:115} INFO - [2023-11-04 21:06:17,775] {dag.py:2972} INFO - Setting next_dagrun for example_local_kubernetes_executor to None, run_after=None
[2023-11-04 21:06:17,827] {processor.py:161} INFO - Processing /home/airflow/.local/lib/python3.7/site-packages/airflow/example_dags/example_local_kubernetes_executor.py took 0.542 seconds
[2023-11-04 21:06:47,925] {processor.py:153} INFO - Started process (PID=126) to work on /home/airflow/.local/lib/python3.7/site-packages/airflow/example_dags/example_local_kubernetes_executor.py
[2023-11-04 21:06:47,926] {processor.py:641} INFO - Processing file /home/airflow/.local/lib/python3.7/site-packages/airflow/example_dags/example_local_kubernetes_executor.py for tasks to queue
[2023-11-04 21:06:47,927] {logging_mixin.py:115} INFO - [2023-11-04 21:06:47,927] {dagbag.py:508} INFO - Filling up the DagBag from /home/airflow/.local/lib/python3.7/site-packages/airflow/example_dags/example_local_kubernetes_executor.py
[2023-11-04 21:06:47,945] {processor.py:651} INFO - DAG(s) dict_keys(['example_local_kubernetes_executor']) retrieved from /home/airflow/.local/lib/python3.7/site-packages/airflow/example_dags/example_local_kubernetes_executor.py
[2023-11-04 21:06:48,084] {logging_mixin.py:115} INFO - [2023-11-04 21:06:48,084] {dag.py:2420} INFO - Sync 1 DAGs
[2023-11-04 21:06:48,108] {logging_mixin.py:115} INFO - [2023-11-04 21:06:48,108] {dag.py:2972} INFO - Setting next_dagrun for example_local_kubernetes_executor to None, run_after=None
[2023-11-04 21:06:48,121] {processor.py:161} INFO - Processing /home/airflow/.local/lib/python3.7/site-packages/airflow/example_dags/example_local_kubernetes_executor.py took 0.199 seconds
[2023-11-04 21:07:18,502] {processor.py:153} INFO - Started process (PID=188) to work on /home/airflow/.local/lib/python3.7/site-packages/airflow/example_dags/example_local_kubernetes_executor.py
[2023-11-04 21:07:18,503] {processor.py:641} INFO - Processing file /home/airflow/.local/lib/python3.7/site-packages/airflow/example_dags/example_local_kubernetes_executor.py for tasks to queue
[2023-11-04 21:07:18,504] {logging_mixin.py:115} INFO - [2023-11-04 21:07:18,504] {dagbag.py:508} INFO - Filling up the DagBag from /home/airflow/.local/lib/python3.7/site-packages/airflow/example_dags/example_local_kubernetes_executor.py
[2023-11-04 21:07:18,521] {processor.py:651} INFO - DAG(s) dict_keys(['example_local_kubernetes_executor']) retrieved from /home/airflow/.local/lib/python3.7/site-packages/airflow/example_dags/example_local_kubernetes_executor.py
[2023-11-04 21:07:18,687] {logging_mixin.py:115} INFO - [2023-11-04 21:07:18,687] {dag.py:2420} INFO - Sync 1 DAGs
[2023-11-04 21:07:18,719] {logging_mixin.py:115} INFO - [2023-11-04 21:07:18,719] {dag.py:2972} INFO - Setting next_dagrun for example_local_kubernetes_executor to None, run_after=None
[2023-11-04 21:07:18,734] {processor.py:161} INFO - Processing /home/airflow/.local/lib/python3.7/site-packages/airflow/example_dags/example_local_kubernetes_executor.py took 0.236 seconds
[2023-11-04 21:07:48,911] {processor.py:153} INFO - Started process (PID=250) to work on /home/airflow/.local/lib/python3.7/site-packages/airflow/example_dags/example_local_kubernetes_executor.py
[2023-11-04 21:07:48,912] {processor.py:641} INFO - Processing file /home/airflow/.local/lib/python3.7/site-packages/airflow/example_dags/example_local_kubernetes_executor.py for tasks to queue
[2023-11-04 21:07:48,913] {logging_mixin.py:115} INFO - [2023-11-04 21:07:48,913] {dagbag.py:508} INFO - Filling up the DagBag from /home/airflow/.local/lib/python3.7/site-packages/airflow/example_dags/example_local_kubernetes_executor.py
[2023-11-04 21:07:48,930] {processor.py:651} INFO - DAG(s) dict_keys(['example_local_kubernetes_executor']) retrieved from /home/airflow/.local/lib/python3.7/site-packages/airflow/example_dags/example_local_kubernetes_executor.py
[2023-11-04 21:07:49,065] {logging_mixin.py:115} INFO - [2023-11-04 21:07:49,065] {dag.py:2420} INFO - Sync 1 DAGs
[2023-11-04 21:07:49,089] {logging_mixin.py:115} INFO - [2023-11-04 21:07:49,089] {dag.py:2972} INFO - Setting next_dagrun for example_local_kubernetes_executor to None, run_after=None
[2023-11-04 21:07:49,103] {processor.py:161} INFO - Processing /home/airflow/.local/lib/python3.7/site-packages/airflow/example_dags/example_local_kubernetes_executor.py took 0.195 seconds
[2023-11-04 21:08:19,334] {processor.py:153} INFO - Started process (PID=304) to work on /home/airflow/.local/lib/python3.7/site-packages/airflow/example_dags/example_local_kubernetes_executor.py
[2023-11-04 21:08:19,335] {processor.py:641} INFO - Processing file /home/airflow/.local/lib/python3.7/site-packages/airflow/example_dags/example_local_kubernetes_executor.py for tasks to queue
[2023-11-04 21:08:19,336] {logging_mixin.py:115} INFO - [2023-11-04 21:08:19,336] {dagbag.py:508} INFO - Filling up the DagBag from /home/airflow/.local/lib/python3.7/site-packages/airflow/example_dags/example_local_kubernetes_executor.py
[2023-11-04 21:08:19,356] {processor.py:651} INFO - DAG(s) dict_keys(['example_local_kubernetes_executor']) retrieved from /home/airflow/.local/lib/python3.7/site-packages/airflow/example_dags/example_local_kubernetes_executor.py
[2023-11-04 21:08:19,489] {logging_mixin.py:115} INFO - [2023-11-04 21:08:19,489] {dag.py:2420} INFO - Sync 1 DAGs
[2023-11-04 21:08:19,515] {logging_mixin.py:115} INFO - [2023-11-04 21:08:19,515] {dag.py:2972} INFO - Setting next_dagrun for example_local_kubernetes_executor to None, run_after=None
[2023-11-04 21:08:19,529] {processor.py:161} INFO - Processing /home/airflow/.local/lib/python3.7/site-packages/airflow/example_dags/example_local_kubernetes_executor.py took 0.199 seconds
[2023-11-04 21:08:50,244] {processor.py:153} INFO - Started process (PID=367) to work on /home/airflow/.local/lib/python3.7/site-packages/airflow/example_dags/example_local_kubernetes_executor.py
[2023-11-04 21:08:50,245] {processor.py:641} INFO - Processing file /home/airflow/.local/lib/python3.7/site-packages/airflow/example_dags/example_local_kubernetes_executor.py for tasks to queue
[2023-11-04 21:08:50,246] {logging_mixin.py:115} INFO - [2023-11-04 21:08:50,246] {dagbag.py:508} INFO - Filling up the DagBag from /home/airflow/.local/lib/python3.7/site-packages/airflow/example_dags/example_local_kubernetes_executor.py
[2023-11-04 21:08:50,262] {processor.py:651} INFO - DAG(s) dict_keys(['example_local_kubernetes_executor']) retrieved from /home/airflow/.local/lib/python3.7/site-packages/airflow/example_dags/example_local_kubernetes_executor.py
[2023-11-04 21:08:50,392] {logging_mixin.py:115} INFO - [2023-11-04 21:08:50,392] {dag.py:2420} INFO - Sync 1 DAGs
[2023-11-04 21:08:50,412] {logging_mixin.py:115} INFO - [2023-11-04 21:08:50,412] {dag.py:2972} INFO - Setting next_dagrun for example_local_kubernetes_executor to None, run_after=None
[2023-11-04 21:08:50,422] {processor.py:161} INFO - Processing /home/airflow/.local/lib/python3.7/site-packages/airflow/example_dags/example_local_kubernetes_executor.py took 0.182 seconds
[2023-11-04 21:09:20,924] {processor.py:153} INFO - Started process (PID=429) to work on /home/airflow/.local/lib/python3.7/site-packages/airflow/example_dags/example_local_kubernetes_executor.py
[2023-11-04 21:09:20,925] {processor.py:641} INFO - Processing file /home/airflow/.local/lib/python3.7/site-packages/airflow/example_dags/example_local_kubernetes_executor.py for tasks to queue
[2023-11-04 21:09:20,926] {logging_mixin.py:115} INFO - [2023-11-04 21:09:20,926] {dagbag.py:508} INFO - Filling up the DagBag from /home/airflow/.local/lib/python3.7/site-packages/airflow/example_dags/example_local_kubernetes_executor.py
[2023-11-04 21:09:20,947] {processor.py:651} INFO - DAG(s) dict_keys(['example_local_kubernetes_executor']) retrieved from /home/airflow/.local/lib/python3.7/site-packages/airflow/example_dags/example_local_kubernetes_executor.py
[2023-11-04 21:09:21,083] {logging_mixin.py:115} INFO - [2023-11-04 21:09:21,083] {dag.py:2420} INFO - Sync 1 DAGs
[2023-11-04 21:09:21,104] {logging_mixin.py:115} INFO - [2023-11-04 21:09:21,104] {dag.py:2972} INFO - Setting next_dagrun for example_local_kubernetes_executor to None, run_after=None
[2023-11-04 21:09:21,116] {processor.py:161} INFO - Processing /home/airflow/.local/lib/python3.7/site-packages/airflow/example_dags/example_local_kubernetes_executor.py took 0.196 seconds
[2023-11-04 21:09:51,613] {processor.py:153} INFO - Started process (PID=491) to work on /home/airflow/.local/lib/python3.7/site-packages/airflow/example_dags/example_local_kubernetes_executor.py
[2023-11-04 21:09:51,614] {processor.py:641} INFO - Processing file /home/airflow/.local/lib/python3.7/site-packages/airflow/example_dags/example_local_kubernetes_executor.py for tasks to queue
[2023-11-04 21:09:51,615] {logging_mixin.py:115} INFO - [2023-11-04 21:09:51,615] {dagbag.py:508} INFO - Filling up the DagBag from /home/airflow/.local/lib/python3.7/site-packages/airflow/example_dags/example_local_kubernetes_executor.py
[2023-11-04 21:09:51,637] {processor.py:651} INFO - DAG(s) dict_keys(['example_local_kubernetes_executor']) retrieved from /home/airflow/.local/lib/python3.7/site-packages/airflow/example_dags/example_local_kubernetes_executor.py
[2023-11-04 21:09:51,770] {logging_mixin.py:115} INFO - [2023-11-04 21:09:51,770] {dag.py:2420} INFO - Sync 1 DAGs
[2023-11-04 21:09:51,804] {logging_mixin.py:115} INFO - [2023-11-04 21:09:51,804] {dag.py:2972} INFO - Setting next_dagrun for example_local_kubernetes_executor to None, run_after=None
[2023-11-04 21:09:51,820] {processor.py:161} INFO - Processing /home/airflow/.local/lib/python3.7/site-packages/airflow/example_dags/example_local_kubernetes_executor.py took 0.212 seconds
[2023-11-04 21:10:21,915] {processor.py:153} INFO - Started process (PID=544) to work on /home/airflow/.local/lib/python3.7/site-packages/airflow/example_dags/example_local_kubernetes_executor.py
[2023-11-04 21:10:21,918] {processor.py:641} INFO - Processing file /home/airflow/.local/lib/python3.7/site-packages/airflow/example_dags/example_local_kubernetes_executor.py for tasks to queue
[2023-11-04 21:10:21,919] {logging_mixin.py:115} INFO - [2023-11-04 21:10:21,919] {dagbag.py:508} INFO - Filling up the DagBag from /home/airflow/.local/lib/python3.7/site-packages/airflow/example_dags/example_local_kubernetes_executor.py
[2023-11-04 21:10:21,943] {processor.py:651} INFO - DAG(s) dict_keys(['example_local_kubernetes_executor']) retrieved from /home/airflow/.local/lib/python3.7/site-packages/airflow/example_dags/example_local_kubernetes_executor.py
[2023-11-04 21:10:22,087] {logging_mixin.py:115} INFO - [2023-11-04 21:10:22,087] {dag.py:2420} INFO - Sync 1 DAGs
[2023-11-04 21:10:22,109] {logging_mixin.py:115} INFO - [2023-11-04 21:10:22,109] {dag.py:2972} INFO - Setting next_dagrun for example_local_kubernetes_executor to None, run_after=None
[2023-11-04 21:10:22,120] {processor.py:161} INFO - Processing /home/airflow/.local/lib/python3.7/site-packages/airflow/example_dags/example_local_kubernetes_executor.py took 0.211 seconds
[2023-11-04 21:10:52,303] {processor.py:153} INFO - Started process (PID=606) to work on /home/airflow/.local/lib/python3.7/site-packages/airflow/example_dags/example_local_kubernetes_executor.py
[2023-11-04 21:10:52,304] {processor.py:641} INFO - Processing file /home/airflow/.local/lib/python3.7/site-packages/airflow/example_dags/example_local_kubernetes_executor.py for tasks to queue
[2023-11-04 21:10:52,304] {logging_mixin.py:115} INFO - [2023-11-04 21:10:52,304] {dagbag.py:508} INFO - Filling up the DagBag from /home/airflow/.local/lib/python3.7/site-packages/airflow/example_dags/example_local_kubernetes_executor.py
[2023-11-04 21:10:52,321] {processor.py:651} INFO - DAG(s) dict_keys(['example_local_kubernetes_executor']) retrieved from /home/airflow/.local/lib/python3.7/site-packages/airflow/example_dags/example_local_kubernetes_executor.py
[2023-11-04 21:10:52,456] {logging_mixin.py:115} INFO - [2023-11-04 21:10:52,456] {dag.py:2420} INFO - Sync 1 DAGs
[2023-11-04 21:10:52,486] {logging_mixin.py:115} INFO - [2023-11-04 21:10:52,486] {dag.py:2972} INFO - Setting next_dagrun for example_local_kubernetes_executor to None, run_after=None
[2023-11-04 21:10:52,499] {processor.py:161} INFO - Processing /home/airflow/.local/lib/python3.7/site-packages/airflow/example_dags/example_local_kubernetes_executor.py took 0.200 seconds
[2023-11-04 21:11:22,827] {processor.py:153} INFO - Started process (PID=665) to work on /home/airflow/.local/lib/python3.7/site-packages/airflow/example_dags/example_local_kubernetes_executor.py
[2023-11-04 21:11:22,828] {processor.py:641} INFO - Processing file /home/airflow/.local/lib/python3.7/site-packages/airflow/example_dags/example_local_kubernetes_executor.py for tasks to queue
[2023-11-04 21:11:22,829] {logging_mixin.py:115} INFO - [2023-11-04 21:11:22,829] {dagbag.py:508} INFO - Filling up the DagBag from /home/airflow/.local/lib/python3.7/site-packages/airflow/example_dags/example_local_kubernetes_executor.py
[2023-11-04 21:11:22,863] {processor.py:651} INFO - DAG(s) dict_keys(['example_local_kubernetes_executor']) retrieved from /home/airflow/.local/lib/python3.7/site-packages/airflow/example_dags/example_local_kubernetes_executor.py
[2023-11-04 21:11:23,060] {logging_mixin.py:115} INFO - [2023-11-04 21:11:23,060] {dag.py:2420} INFO - Sync 1 DAGs
[2023-11-04 21:11:23,092] {logging_mixin.py:115} INFO - [2023-11-04 21:11:23,092] {dag.py:2972} INFO - Setting next_dagrun for example_local_kubernetes_executor to None, run_after=None
[2023-11-04 21:11:23,111] {processor.py:161} INFO - Processing /home/airflow/.local/lib/python3.7/site-packages/airflow/example_dags/example_local_kubernetes_executor.py took 0.289 seconds
[2023-11-04 21:11:53,297] {processor.py:153} INFO - Started process (PID=720) to work on /home/airflow/.local/lib/python3.7/site-packages/airflow/example_dags/example_local_kubernetes_executor.py
[2023-11-04 21:11:53,298] {processor.py:641} INFO - Processing file /home/airflow/.local/lib/python3.7/site-packages/airflow/example_dags/example_local_kubernetes_executor.py for tasks to queue
[2023-11-04 21:11:53,299] {logging_mixin.py:115} INFO - [2023-11-04 21:11:53,299] {dagbag.py:508} INFO - Filling up the DagBag from /home/airflow/.local/lib/python3.7/site-packages/airflow/example_dags/example_local_kubernetes_executor.py
[2023-11-04 21:11:53,322] {processor.py:651} INFO - DAG(s) dict_keys(['example_local_kubernetes_executor']) retrieved from /home/airflow/.local/lib/python3.7/site-packages/airflow/example_dags/example_local_kubernetes_executor.py
[2023-11-04 21:11:53,521] {logging_mixin.py:115} INFO - [2023-11-04 21:11:53,520] {dag.py:2420} INFO - Sync 1 DAGs
[2023-11-04 21:11:53,557] {logging_mixin.py:115} INFO - [2023-11-04 21:11:53,557] {dag.py:2972} INFO - Setting next_dagrun for example_local_kubernetes_executor to None, run_after=None
[2023-11-04 21:11:53,579] {processor.py:161} INFO - Processing /home/airflow/.local/lib/python3.7/site-packages/airflow/example_dags/example_local_kubernetes_executor.py took 0.286 seconds
[2023-11-04 21:12:24,497] {processor.py:153} INFO - Started process (PID=782) to work on /home/airflow/.local/lib/python3.7/site-packages/airflow/example_dags/example_local_kubernetes_executor.py
[2023-11-04 21:12:24,499] {processor.py:641} INFO - Processing file /home/airflow/.local/lib/python3.7/site-packages/airflow/example_dags/example_local_kubernetes_executor.py for tasks to queue
[2023-11-04 21:12:24,501] {logging_mixin.py:115} INFO - [2023-11-04 21:12:24,501] {dagbag.py:508} INFO - Filling up the DagBag from /home/airflow/.local/lib/python3.7/site-packages/airflow/example_dags/example_local_kubernetes_executor.py
[2023-11-04 21:12:24,558] {processor.py:651} INFO - DAG(s) dict_keys(['example_local_kubernetes_executor']) retrieved from /home/airflow/.local/lib/python3.7/site-packages/airflow/example_dags/example_local_kubernetes_executor.py
[2023-11-04 21:12:24,900] {logging_mixin.py:115} INFO - [2023-11-04 21:12:24,899] {dag.py:2420} INFO - Sync 1 DAGs
[2023-11-04 21:12:24,962] {logging_mixin.py:115} INFO - [2023-11-04 21:12:24,962] {dag.py:2972} INFO - Setting next_dagrun for example_local_kubernetes_executor to None, run_after=None
[2023-11-04 21:12:24,987] {processor.py:161} INFO - Processing /home/airflow/.local/lib/python3.7/site-packages/airflow/example_dags/example_local_kubernetes_executor.py took 0.498 seconds
[2023-11-04 21:12:55,924] {processor.py:153} INFO - Started process (PID=835) to work on /home/airflow/.local/lib/python3.7/site-packages/airflow/example_dags/example_local_kubernetes_executor.py
[2023-11-04 21:12:55,926] {processor.py:641} INFO - Processing file /home/airflow/.local/lib/python3.7/site-packages/airflow/example_dags/example_local_kubernetes_executor.py for tasks to queue
[2023-11-04 21:12:55,928] {logging_mixin.py:115} INFO - [2023-11-04 21:12:55,928] {dagbag.py:508} INFO - Filling up the DagBag from /home/airflow/.local/lib/python3.7/site-packages/airflow/example_dags/example_local_kubernetes_executor.py
[2023-11-04 21:12:55,986] {processor.py:651} INFO - DAG(s) dict_keys(['example_local_kubernetes_executor']) retrieved from /home/airflow/.local/lib/python3.7/site-packages/airflow/example_dags/example_local_kubernetes_executor.py
[2023-11-04 21:12:56,495] {logging_mixin.py:115} INFO - [2023-11-04 21:12:56,495] {dag.py:2420} INFO - Sync 1 DAGs
[2023-11-04 21:12:56,598] {logging_mixin.py:115} INFO - [2023-11-04 21:12:56,597] {dag.py:2972} INFO - Setting next_dagrun for example_local_kubernetes_executor to None, run_after=None
[2023-11-04 21:12:56,647] {processor.py:161} INFO - Processing /home/airflow/.local/lib/python3.7/site-packages/airflow/example_dags/example_local_kubernetes_executor.py took 0.730 seconds
[2023-11-04 21:13:27,497] {processor.py:153} INFO - Started process (PID=888) to work on /home/airflow/.local/lib/python3.7/site-packages/airflow/example_dags/example_local_kubernetes_executor.py
[2023-11-04 21:13:27,498] {processor.py:641} INFO - Processing file /home/airflow/.local/lib/python3.7/site-packages/airflow/example_dags/example_local_kubernetes_executor.py for tasks to queue
[2023-11-04 21:13:27,500] {logging_mixin.py:115} INFO - [2023-11-04 21:13:27,500] {dagbag.py:508} INFO - Filling up the DagBag from /home/airflow/.local/lib/python3.7/site-packages/airflow/example_dags/example_local_kubernetes_executor.py
[2023-11-04 21:13:27,544] {processor.py:651} INFO - DAG(s) dict_keys(['example_local_kubernetes_executor']) retrieved from /home/airflow/.local/lib/python3.7/site-packages/airflow/example_dags/example_local_kubernetes_executor.py
[2023-11-04 21:13:27,784] {logging_mixin.py:115} INFO - [2023-11-04 21:13:27,783] {dag.py:2420} INFO - Sync 1 DAGs
[2023-11-04 21:13:27,853] {logging_mixin.py:115} INFO - [2023-11-04 21:13:27,853] {dag.py:2972} INFO - Setting next_dagrun for example_local_kubernetes_executor to None, run_after=None
[2023-11-04 21:13:27,901] {processor.py:161} INFO - Processing /home/airflow/.local/lib/python3.7/site-packages/airflow/example_dags/example_local_kubernetes_executor.py took 0.409 seconds
[2023-11-04 21:15:26,593] {processor.py:153} INFO - Started process (PID=82) to work on /home/airflow/.local/lib/python3.7/site-packages/airflow/example_dags/example_local_kubernetes_executor.py
[2023-11-04 21:15:26,595] {processor.py:641} INFO - Processing file /home/airflow/.local/lib/python3.7/site-packages/airflow/example_dags/example_local_kubernetes_executor.py for tasks to queue
[2023-11-04 21:15:26,598] {logging_mixin.py:115} INFO - [2023-11-04 21:15:26,598] {dagbag.py:508} INFO - Filling up the DagBag from /home/airflow/.local/lib/python3.7/site-packages/airflow/example_dags/example_local_kubernetes_executor.py
[2023-11-04 21:15:26,657] {processor.py:651} INFO - DAG(s) dict_keys(['example_local_kubernetes_executor']) retrieved from /home/airflow/.local/lib/python3.7/site-packages/airflow/example_dags/example_local_kubernetes_executor.py
[2023-11-04 21:15:27,143] {logging_mixin.py:115} INFO - [2023-11-04 21:15:27,143] {dag.py:2420} INFO - Sync 1 DAGs
[2023-11-04 21:15:27,237] {logging_mixin.py:115} INFO - [2023-11-04 21:15:27,237] {dag.py:2972} INFO - Setting next_dagrun for example_local_kubernetes_executor to None, run_after=None
[2023-11-04 21:15:27,312] {processor.py:161} INFO - Processing /home/airflow/.local/lib/python3.7/site-packages/airflow/example_dags/example_local_kubernetes_executor.py took 0.727 seconds
[2023-11-04 21:15:57,560] {processor.py:153} INFO - Started process (PID=135) to work on /home/airflow/.local/lib/python3.7/site-packages/airflow/example_dags/example_local_kubernetes_executor.py
[2023-11-04 21:15:57,562] {processor.py:641} INFO - Processing file /home/airflow/.local/lib/python3.7/site-packages/airflow/example_dags/example_local_kubernetes_executor.py for tasks to queue
[2023-11-04 21:15:57,563] {logging_mixin.py:115} INFO - [2023-11-04 21:15:57,563] {dagbag.py:508} INFO - Filling up the DagBag from /home/airflow/.local/lib/python3.7/site-packages/airflow/example_dags/example_local_kubernetes_executor.py
[2023-11-04 21:15:57,609] {processor.py:651} INFO - DAG(s) dict_keys(['example_local_kubernetes_executor']) retrieved from /home/airflow/.local/lib/python3.7/site-packages/airflow/example_dags/example_local_kubernetes_executor.py
[2023-11-04 21:15:57,945] {logging_mixin.py:115} INFO - [2023-11-04 21:15:57,945] {dag.py:2420} INFO - Sync 1 DAGs
[2023-11-04 21:15:58,037] {logging_mixin.py:115} INFO - [2023-11-04 21:15:58,037] {dag.py:2972} INFO - Setting next_dagrun for example_local_kubernetes_executor to None, run_after=None
[2023-11-04 21:15:58,098] {processor.py:161} INFO - Processing /home/airflow/.local/lib/python3.7/site-packages/airflow/example_dags/example_local_kubernetes_executor.py took 0.544 seconds
[2023-11-04 21:16:28,564] {processor.py:153} INFO - Started process (PID=188) to work on /home/airflow/.local/lib/python3.7/site-packages/airflow/example_dags/example_local_kubernetes_executor.py
[2023-11-04 21:16:28,576] {processor.py:641} INFO - Processing file /home/airflow/.local/lib/python3.7/site-packages/airflow/example_dags/example_local_kubernetes_executor.py for tasks to queue
[2023-11-04 21:16:28,578] {logging_mixin.py:115} INFO - [2023-11-04 21:16:28,578] {dagbag.py:508} INFO - Filling up the DagBag from /home/airflow/.local/lib/python3.7/site-packages/airflow/example_dags/example_local_kubernetes_executor.py
[2023-11-04 21:16:28,615] {processor.py:651} INFO - DAG(s) dict_keys(['example_local_kubernetes_executor']) retrieved from /home/airflow/.local/lib/python3.7/site-packages/airflow/example_dags/example_local_kubernetes_executor.py
[2023-11-04 21:16:28,915] {logging_mixin.py:115} INFO - [2023-11-04 21:16:28,914] {dag.py:2420} INFO - Sync 1 DAGs
[2023-11-04 21:16:28,981] {logging_mixin.py:115} INFO - [2023-11-04 21:16:28,981] {dag.py:2972} INFO - Setting next_dagrun for example_local_kubernetes_executor to None, run_after=None
[2023-11-04 21:16:29,020] {processor.py:161} INFO - Processing /home/airflow/.local/lib/python3.7/site-packages/airflow/example_dags/example_local_kubernetes_executor.py took 0.461 seconds
[2023-11-04 21:16:59,197] {processor.py:153} INFO - Started process (PID=241) to work on /home/airflow/.local/lib/python3.7/site-packages/airflow/example_dags/example_local_kubernetes_executor.py
[2023-11-04 21:16:59,199] {processor.py:641} INFO - Processing file /home/airflow/.local/lib/python3.7/site-packages/airflow/example_dags/example_local_kubernetes_executor.py for tasks to queue
[2023-11-04 21:16:59,201] {logging_mixin.py:115} INFO - [2023-11-04 21:16:59,201] {dagbag.py:508} INFO - Filling up the DagBag from /home/airflow/.local/lib/python3.7/site-packages/airflow/example_dags/example_local_kubernetes_executor.py
[2023-11-04 21:16:59,243] {processor.py:651} INFO - DAG(s) dict_keys(['example_local_kubernetes_executor']) retrieved from /home/airflow/.local/lib/python3.7/site-packages/airflow/example_dags/example_local_kubernetes_executor.py
[2023-11-04 21:16:59,532] {logging_mixin.py:115} INFO - [2023-11-04 21:16:59,532] {dag.py:2420} INFO - Sync 1 DAGs
[2023-11-04 21:16:59,590] {logging_mixin.py:115} INFO - [2023-11-04 21:16:59,589] {dag.py:2972} INFO - Setting next_dagrun for example_local_kubernetes_executor to None, run_after=None
[2023-11-04 21:16:59,623] {processor.py:161} INFO - Processing /home/airflow/.local/lib/python3.7/site-packages/airflow/example_dags/example_local_kubernetes_executor.py took 0.435 seconds
[2023-11-04 21:17:30,875] {processor.py:153} INFO - Started process (PID=294) to work on /home/airflow/.local/lib/python3.7/site-packages/airflow/example_dags/example_local_kubernetes_executor.py
[2023-11-04 21:17:30,876] {processor.py:641} INFO - Processing file /home/airflow/.local/lib/python3.7/site-packages/airflow/example_dags/example_local_kubernetes_executor.py for tasks to queue
[2023-11-04 21:17:30,878] {logging_mixin.py:115} INFO - [2023-11-04 21:17:30,878] {dagbag.py:508} INFO - Filling up the DagBag from /home/airflow/.local/lib/python3.7/site-packages/airflow/example_dags/example_local_kubernetes_executor.py
[2023-11-04 21:17:30,915] {processor.py:651} INFO - DAG(s) dict_keys(['example_local_kubernetes_executor']) retrieved from /home/airflow/.local/lib/python3.7/site-packages/airflow/example_dags/example_local_kubernetes_executor.py
[2023-11-04 21:17:31,224] {logging_mixin.py:115} INFO - [2023-11-04 21:17:31,224] {dag.py:2420} INFO - Sync 1 DAGs
[2023-11-04 21:17:31,314] {logging_mixin.py:115} INFO - [2023-11-04 21:17:31,313] {dag.py:2972} INFO - Setting next_dagrun for example_local_kubernetes_executor to None, run_after=None
[2023-11-04 21:17:31,397] {processor.py:161} INFO - Processing /home/airflow/.local/lib/python3.7/site-packages/airflow/example_dags/example_local_kubernetes_executor.py took 0.528 seconds
[2023-11-04 21:18:01,778] {processor.py:153} INFO - Started process (PID=356) to work on /home/airflow/.local/lib/python3.7/site-packages/airflow/example_dags/example_local_kubernetes_executor.py
[2023-11-04 21:18:01,779] {processor.py:641} INFO - Processing file /home/airflow/.local/lib/python3.7/site-packages/airflow/example_dags/example_local_kubernetes_executor.py for tasks to queue
[2023-11-04 21:18:01,781] {logging_mixin.py:115} INFO - [2023-11-04 21:18:01,781] {dagbag.py:508} INFO - Filling up the DagBag from /home/airflow/.local/lib/python3.7/site-packages/airflow/example_dags/example_local_kubernetes_executor.py
[2023-11-04 21:18:01,824] {processor.py:651} INFO - DAG(s) dict_keys(['example_local_kubernetes_executor']) retrieved from /home/airflow/.local/lib/python3.7/site-packages/airflow/example_dags/example_local_kubernetes_executor.py
[2023-11-04 21:18:02,080] {logging_mixin.py:115} INFO - [2023-11-04 21:18:02,080] {dag.py:2420} INFO - Sync 1 DAGs
[2023-11-04 21:18:02,135] {logging_mixin.py:115} INFO - [2023-11-04 21:18:02,135] {dag.py:2972} INFO - Setting next_dagrun for example_local_kubernetes_executor to None, run_after=None
[2023-11-04 21:18:02,164] {processor.py:161} INFO - Processing /home/airflow/.local/lib/python3.7/site-packages/airflow/example_dags/example_local_kubernetes_executor.py took 0.395 seconds
[2023-11-04 21:18:32,874] {processor.py:153} INFO - Started process (PID=409) to work on /home/airflow/.local/lib/python3.7/site-packages/airflow/example_dags/example_local_kubernetes_executor.py
[2023-11-04 21:18:32,875] {processor.py:641} INFO - Processing file /home/airflow/.local/lib/python3.7/site-packages/airflow/example_dags/example_local_kubernetes_executor.py for tasks to queue
[2023-11-04 21:18:32,878] {logging_mixin.py:115} INFO - [2023-11-04 21:18:32,878] {dagbag.py:508} INFO - Filling up the DagBag from /home/airflow/.local/lib/python3.7/site-packages/airflow/example_dags/example_local_kubernetes_executor.py
[2023-11-04 21:18:32,914] {processor.py:651} INFO - DAG(s) dict_keys(['example_local_kubernetes_executor']) retrieved from /home/airflow/.local/lib/python3.7/site-packages/airflow/example_dags/example_local_kubernetes_executor.py
[2023-11-04 21:18:33,167] {logging_mixin.py:115} INFO - [2023-11-04 21:18:33,167] {dag.py:2420} INFO - Sync 1 DAGs
[2023-11-04 21:18:33,222] {logging_mixin.py:115} INFO - [2023-11-04 21:18:33,222] {dag.py:2972} INFO - Setting next_dagrun for example_local_kubernetes_executor to None, run_after=None
[2023-11-04 21:18:33,253] {processor.py:161} INFO - Processing /home/airflow/.local/lib/python3.7/site-packages/airflow/example_dags/example_local_kubernetes_executor.py took 0.386 seconds
[2023-11-04 21:19:03,575] {processor.py:153} INFO - Started process (PID=478) to work on /home/airflow/.local/lib/python3.7/site-packages/airflow/example_dags/example_local_kubernetes_executor.py
[2023-11-04 21:19:03,577] {processor.py:641} INFO - Processing file /home/airflow/.local/lib/python3.7/site-packages/airflow/example_dags/example_local_kubernetes_executor.py for tasks to queue
[2023-11-04 21:19:03,578] {logging_mixin.py:115} INFO - [2023-11-04 21:19:03,578] {dagbag.py:508} INFO - Filling up the DagBag from /home/airflow/.local/lib/python3.7/site-packages/airflow/example_dags/example_local_kubernetes_executor.py
[2023-11-04 21:19:03,606] {processor.py:651} INFO - DAG(s) dict_keys(['example_local_kubernetes_executor']) retrieved from /home/airflow/.local/lib/python3.7/site-packages/airflow/example_dags/example_local_kubernetes_executor.py
[2023-11-04 21:19:03,785] {logging_mixin.py:115} INFO - [2023-11-04 21:19:03,784] {dag.py:2420} INFO - Sync 1 DAGs
[2023-11-04 21:19:03,812] {logging_mixin.py:115} INFO - [2023-11-04 21:19:03,812] {dag.py:2972} INFO - Setting next_dagrun for example_local_kubernetes_executor to None, run_after=None
[2023-11-04 21:19:03,827] {processor.py:161} INFO - Processing /home/airflow/.local/lib/python3.7/site-packages/airflow/example_dags/example_local_kubernetes_executor.py took 0.257 seconds
[2023-11-04 21:19:33,958] {processor.py:153} INFO - Started process (PID=541) to work on /home/airflow/.local/lib/python3.7/site-packages/airflow/example_dags/example_local_kubernetes_executor.py
[2023-11-04 21:19:33,959] {processor.py:641} INFO - Processing file /home/airflow/.local/lib/python3.7/site-packages/airflow/example_dags/example_local_kubernetes_executor.py for tasks to queue
[2023-11-04 21:19:33,960] {logging_mixin.py:115} INFO - [2023-11-04 21:19:33,960] {dagbag.py:508} INFO - Filling up the DagBag from /home/airflow/.local/lib/python3.7/site-packages/airflow/example_dags/example_local_kubernetes_executor.py
[2023-11-04 21:19:33,979] {processor.py:651} INFO - DAG(s) dict_keys(['example_local_kubernetes_executor']) retrieved from /home/airflow/.local/lib/python3.7/site-packages/airflow/example_dags/example_local_kubernetes_executor.py
[2023-11-04 21:19:34,132] {logging_mixin.py:115} INFO - [2023-11-04 21:19:34,132] {dag.py:2420} INFO - Sync 1 DAGs
[2023-11-04 21:19:34,158] {logging_mixin.py:115} INFO - [2023-11-04 21:19:34,158] {dag.py:2972} INFO - Setting next_dagrun for example_local_kubernetes_executor to None, run_after=None
[2023-11-04 21:19:34,172] {processor.py:161} INFO - Processing /home/airflow/.local/lib/python3.7/site-packages/airflow/example_dags/example_local_kubernetes_executor.py took 0.217 seconds
[2023-11-04 21:20:04,704] {processor.py:153} INFO - Started process (PID=594) to work on /home/airflow/.local/lib/python3.7/site-packages/airflow/example_dags/example_local_kubernetes_executor.py
[2023-11-04 21:20:04,705] {processor.py:641} INFO - Processing file /home/airflow/.local/lib/python3.7/site-packages/airflow/example_dags/example_local_kubernetes_executor.py for tasks to queue
[2023-11-04 21:20:04,706] {logging_mixin.py:115} INFO - [2023-11-04 21:20:04,706] {dagbag.py:508} INFO - Filling up the DagBag from /home/airflow/.local/lib/python3.7/site-packages/airflow/example_dags/example_local_kubernetes_executor.py
[2023-11-04 21:20:04,728] {processor.py:651} INFO - DAG(s) dict_keys(['example_local_kubernetes_executor']) retrieved from /home/airflow/.local/lib/python3.7/site-packages/airflow/example_dags/example_local_kubernetes_executor.py
[2023-11-04 21:20:04,891] {logging_mixin.py:115} INFO - [2023-11-04 21:20:04,891] {dag.py:2420} INFO - Sync 1 DAGs
[2023-11-04 21:20:04,916] {logging_mixin.py:115} INFO - [2023-11-04 21:20:04,916] {dag.py:2972} INFO - Setting next_dagrun for example_local_kubernetes_executor to None, run_after=None
[2023-11-04 21:20:04,931] {processor.py:161} INFO - Processing /home/airflow/.local/lib/python3.7/site-packages/airflow/example_dags/example_local_kubernetes_executor.py took 0.231 seconds
[2023-11-04 21:20:35,298] {processor.py:153} INFO - Started process (PID=656) to work on /home/airflow/.local/lib/python3.7/site-packages/airflow/example_dags/example_local_kubernetes_executor.py
[2023-11-04 21:20:35,299] {processor.py:641} INFO - Processing file /home/airflow/.local/lib/python3.7/site-packages/airflow/example_dags/example_local_kubernetes_executor.py for tasks to queue
[2023-11-04 21:20:35,300] {logging_mixin.py:115} INFO - [2023-11-04 21:20:35,300] {dagbag.py:508} INFO - Filling up the DagBag from /home/airflow/.local/lib/python3.7/site-packages/airflow/example_dags/example_local_kubernetes_executor.py
[2023-11-04 21:20:35,332] {processor.py:651} INFO - DAG(s) dict_keys(['example_local_kubernetes_executor']) retrieved from /home/airflow/.local/lib/python3.7/site-packages/airflow/example_dags/example_local_kubernetes_executor.py
[2023-11-04 21:20:35,494] {logging_mixin.py:115} INFO - [2023-11-04 21:20:35,494] {dag.py:2420} INFO - Sync 1 DAGs
[2023-11-04 21:20:35,524] {logging_mixin.py:115} INFO - [2023-11-04 21:20:35,524] {dag.py:2972} INFO - Setting next_dagrun for example_local_kubernetes_executor to None, run_after=None
[2023-11-04 21:20:35,543] {processor.py:161} INFO - Processing /home/airflow/.local/lib/python3.7/site-packages/airflow/example_dags/example_local_kubernetes_executor.py took 0.252 seconds
[2023-11-04 21:21:06,020] {processor.py:153} INFO - Started process (PID=709) to work on /home/airflow/.local/lib/python3.7/site-packages/airflow/example_dags/example_local_kubernetes_executor.py
[2023-11-04 21:21:06,021] {processor.py:641} INFO - Processing file /home/airflow/.local/lib/python3.7/site-packages/airflow/example_dags/example_local_kubernetes_executor.py for tasks to queue
[2023-11-04 21:21:06,023] {logging_mixin.py:115} INFO - [2023-11-04 21:21:06,023] {dagbag.py:508} INFO - Filling up the DagBag from /home/airflow/.local/lib/python3.7/site-packages/airflow/example_dags/example_local_kubernetes_executor.py
[2023-11-04 21:21:06,052] {processor.py:651} INFO - DAG(s) dict_keys(['example_local_kubernetes_executor']) retrieved from /home/airflow/.local/lib/python3.7/site-packages/airflow/example_dags/example_local_kubernetes_executor.py
[2023-11-04 21:21:06,234] {logging_mixin.py:115} INFO - [2023-11-04 21:21:06,234] {dag.py:2420} INFO - Sync 1 DAGs
[2023-11-04 21:21:06,275] {logging_mixin.py:115} INFO - [2023-11-04 21:21:06,275] {dag.py:2972} INFO - Setting next_dagrun for example_local_kubernetes_executor to None, run_after=None
[2023-11-04 21:21:06,293] {processor.py:161} INFO - Processing /home/airflow/.local/lib/python3.7/site-packages/airflow/example_dags/example_local_kubernetes_executor.py took 0.280 seconds
[2023-11-04 21:21:37,209] {processor.py:153} INFO - Started process (PID=772) to work on /home/airflow/.local/lib/python3.7/site-packages/airflow/example_dags/example_local_kubernetes_executor.py
[2023-11-04 21:21:37,209] {processor.py:641} INFO - Processing file /home/airflow/.local/lib/python3.7/site-packages/airflow/example_dags/example_local_kubernetes_executor.py for tasks to queue
[2023-11-04 21:21:37,210] {logging_mixin.py:115} INFO - [2023-11-04 21:21:37,210] {dagbag.py:508} INFO - Filling up the DagBag from /home/airflow/.local/lib/python3.7/site-packages/airflow/example_dags/example_local_kubernetes_executor.py
[2023-11-04 21:21:37,238] {processor.py:651} INFO - DAG(s) dict_keys(['example_local_kubernetes_executor']) retrieved from /home/airflow/.local/lib/python3.7/site-packages/airflow/example_dags/example_local_kubernetes_executor.py
[2023-11-04 21:21:37,412] {logging_mixin.py:115} INFO - [2023-11-04 21:21:37,412] {dag.py:2420} INFO - Sync 1 DAGs
[2023-11-04 21:21:37,448] {logging_mixin.py:115} INFO - [2023-11-04 21:21:37,448] {dag.py:2972} INFO - Setting next_dagrun for example_local_kubernetes_executor to None, run_after=None
[2023-11-04 21:21:37,462] {processor.py:161} INFO - Processing /home/airflow/.local/lib/python3.7/site-packages/airflow/example_dags/example_local_kubernetes_executor.py took 0.258 seconds
[2023-11-04 21:22:07,886] {processor.py:153} INFO - Started process (PID=834) to work on /home/airflow/.local/lib/python3.7/site-packages/airflow/example_dags/example_local_kubernetes_executor.py
[2023-11-04 21:22:07,887] {processor.py:641} INFO - Processing file /home/airflow/.local/lib/python3.7/site-packages/airflow/example_dags/example_local_kubernetes_executor.py for tasks to queue
[2023-11-04 21:22:07,888] {logging_mixin.py:115} INFO - [2023-11-04 21:22:07,888] {dagbag.py:508} INFO - Filling up the DagBag from /home/airflow/.local/lib/python3.7/site-packages/airflow/example_dags/example_local_kubernetes_executor.py
[2023-11-04 21:22:07,910] {processor.py:651} INFO - DAG(s) dict_keys(['example_local_kubernetes_executor']) retrieved from /home/airflow/.local/lib/python3.7/site-packages/airflow/example_dags/example_local_kubernetes_executor.py
[2023-11-04 21:22:08,049] {logging_mixin.py:115} INFO - [2023-11-04 21:22:08,048] {dag.py:2420} INFO - Sync 1 DAGs
[2023-11-04 21:22:08,073] {logging_mixin.py:115} INFO - [2023-11-04 21:22:08,073] {dag.py:2972} INFO - Setting next_dagrun for example_local_kubernetes_executor to None, run_after=None
[2023-11-04 21:22:08,086] {processor.py:161} INFO - Processing /home/airflow/.local/lib/python3.7/site-packages/airflow/example_dags/example_local_kubernetes_executor.py took 0.204 seconds
[2023-11-04 21:22:39,028] {processor.py:153} INFO - Started process (PID=887) to work on /home/airflow/.local/lib/python3.7/site-packages/airflow/example_dags/example_local_kubernetes_executor.py
[2023-11-04 21:22:39,029] {processor.py:641} INFO - Processing file /home/airflow/.local/lib/python3.7/site-packages/airflow/example_dags/example_local_kubernetes_executor.py for tasks to queue
[2023-11-04 21:22:39,030] {logging_mixin.py:115} INFO - [2023-11-04 21:22:39,030] {dagbag.py:508} INFO - Filling up the DagBag from /home/airflow/.local/lib/python3.7/site-packages/airflow/example_dags/example_local_kubernetes_executor.py
[2023-11-04 21:22:39,057] {processor.py:651} INFO - DAG(s) dict_keys(['example_local_kubernetes_executor']) retrieved from /home/airflow/.local/lib/python3.7/site-packages/airflow/example_dags/example_local_kubernetes_executor.py
[2023-11-04 21:22:39,204] {logging_mixin.py:115} INFO - [2023-11-04 21:22:39,204] {dag.py:2420} INFO - Sync 1 DAGs
[2023-11-04 21:22:39,227] {logging_mixin.py:115} INFO - [2023-11-04 21:22:39,227] {dag.py:2972} INFO - Setting next_dagrun for example_local_kubernetes_executor to None, run_after=None
[2023-11-04 21:22:39,240] {processor.py:161} INFO - Processing /home/airflow/.local/lib/python3.7/site-packages/airflow/example_dags/example_local_kubernetes_executor.py took 0.217 seconds
[2023-11-04 21:23:09,579] {processor.py:153} INFO - Started process (PID=949) to work on /home/airflow/.local/lib/python3.7/site-packages/airflow/example_dags/example_local_kubernetes_executor.py
[2023-11-04 21:23:09,580] {processor.py:641} INFO - Processing file /home/airflow/.local/lib/python3.7/site-packages/airflow/example_dags/example_local_kubernetes_executor.py for tasks to queue
[2023-11-04 21:23:09,581] {logging_mixin.py:115} INFO - [2023-11-04 21:23:09,581] {dagbag.py:508} INFO - Filling up the DagBag from /home/airflow/.local/lib/python3.7/site-packages/airflow/example_dags/example_local_kubernetes_executor.py
[2023-11-04 21:23:09,606] {processor.py:651} INFO - DAG(s) dict_keys(['example_local_kubernetes_executor']) retrieved from /home/airflow/.local/lib/python3.7/site-packages/airflow/example_dags/example_local_kubernetes_executor.py
[2023-11-04 21:23:09,760] {logging_mixin.py:115} INFO - [2023-11-04 21:23:09,760] {dag.py:2420} INFO - Sync 1 DAGs
[2023-11-04 21:23:09,786] {logging_mixin.py:115} INFO - [2023-11-04 21:23:09,786] {dag.py:2972} INFO - Setting next_dagrun for example_local_kubernetes_executor to None, run_after=None
[2023-11-04 21:23:09,799] {processor.py:161} INFO - Processing /home/airflow/.local/lib/python3.7/site-packages/airflow/example_dags/example_local_kubernetes_executor.py took 0.226 seconds
[2023-11-04 21:23:40,048] {processor.py:153} INFO - Started process (PID=1011) to work on /home/airflow/.local/lib/python3.7/site-packages/airflow/example_dags/example_local_kubernetes_executor.py
[2023-11-04 21:23:40,049] {processor.py:641} INFO - Processing file /home/airflow/.local/lib/python3.7/site-packages/airflow/example_dags/example_local_kubernetes_executor.py for tasks to queue
[2023-11-04 21:23:40,050] {logging_mixin.py:115} INFO - [2023-11-04 21:23:40,050] {dagbag.py:508} INFO - Filling up the DagBag from /home/airflow/.local/lib/python3.7/site-packages/airflow/example_dags/example_local_kubernetes_executor.py
[2023-11-04 21:23:40,070] {processor.py:651} INFO - DAG(s) dict_keys(['example_local_kubernetes_executor']) retrieved from /home/airflow/.local/lib/python3.7/site-packages/airflow/example_dags/example_local_kubernetes_executor.py
[2023-11-04 21:23:40,201] {logging_mixin.py:115} INFO - [2023-11-04 21:23:40,201] {dag.py:2420} INFO - Sync 1 DAGs
[2023-11-04 21:23:40,225] {logging_mixin.py:115} INFO - [2023-11-04 21:23:40,225] {dag.py:2972} INFO - Setting next_dagrun for example_local_kubernetes_executor to None, run_after=None
[2023-11-04 21:23:40,239] {processor.py:161} INFO - Processing /home/airflow/.local/lib/python3.7/site-packages/airflow/example_dags/example_local_kubernetes_executor.py took 0.195 seconds
[2023-11-04 21:24:10,520] {processor.py:153} INFO - Started process (PID=1064) to work on /home/airflow/.local/lib/python3.7/site-packages/airflow/example_dags/example_local_kubernetes_executor.py
[2023-11-04 21:24:10,521] {processor.py:641} INFO - Processing file /home/airflow/.local/lib/python3.7/site-packages/airflow/example_dags/example_local_kubernetes_executor.py for tasks to queue
[2023-11-04 21:24:10,522] {logging_mixin.py:115} INFO - [2023-11-04 21:24:10,522] {dagbag.py:508} INFO - Filling up the DagBag from /home/airflow/.local/lib/python3.7/site-packages/airflow/example_dags/example_local_kubernetes_executor.py
[2023-11-04 21:24:10,551] {processor.py:651} INFO - DAG(s) dict_keys(['example_local_kubernetes_executor']) retrieved from /home/airflow/.local/lib/python3.7/site-packages/airflow/example_dags/example_local_kubernetes_executor.py
[2023-11-04 21:24:10,708] {logging_mixin.py:115} INFO - [2023-11-04 21:24:10,708] {dag.py:2420} INFO - Sync 1 DAGs
[2023-11-04 21:24:10,737] {logging_mixin.py:115} INFO - [2023-11-04 21:24:10,737] {dag.py:2972} INFO - Setting next_dagrun for example_local_kubernetes_executor to None, run_after=None
[2023-11-04 21:24:10,753] {processor.py:161} INFO - Processing /home/airflow/.local/lib/python3.7/site-packages/airflow/example_dags/example_local_kubernetes_executor.py took 0.236 seconds
[2023-11-04 21:24:40,988] {processor.py:153} INFO - Started process (PID=1126) to work on /home/airflow/.local/lib/python3.7/site-packages/airflow/example_dags/example_local_kubernetes_executor.py
[2023-11-04 21:24:40,989] {processor.py:641} INFO - Processing file /home/airflow/.local/lib/python3.7/site-packages/airflow/example_dags/example_local_kubernetes_executor.py for tasks to queue
[2023-11-04 21:24:40,990] {logging_mixin.py:115} INFO - [2023-11-04 21:24:40,990] {dagbag.py:508} INFO - Filling up the DagBag from /home/airflow/.local/lib/python3.7/site-packages/airflow/example_dags/example_local_kubernetes_executor.py
[2023-11-04 21:24:41,010] {processor.py:651} INFO - DAG(s) dict_keys(['example_local_kubernetes_executor']) retrieved from /home/airflow/.local/lib/python3.7/site-packages/airflow/example_dags/example_local_kubernetes_executor.py
[2023-11-04 21:24:41,156] {logging_mixin.py:115} INFO - [2023-11-04 21:24:41,156] {dag.py:2420} INFO - Sync 1 DAGs
[2023-11-04 21:24:41,188] {logging_mixin.py:115} INFO - [2023-11-04 21:24:41,187] {dag.py:2972} INFO - Setting next_dagrun for example_local_kubernetes_executor to None, run_after=None
[2023-11-04 21:24:41,202] {processor.py:161} INFO - Processing /home/airflow/.local/lib/python3.7/site-packages/airflow/example_dags/example_local_kubernetes_executor.py took 0.218 seconds
[2023-11-04 21:25:11,508] {processor.py:153} INFO - Started process (PID=1188) to work on /home/airflow/.local/lib/python3.7/site-packages/airflow/example_dags/example_local_kubernetes_executor.py
[2023-11-04 21:25:11,509] {processor.py:641} INFO - Processing file /home/airflow/.local/lib/python3.7/site-packages/airflow/example_dags/example_local_kubernetes_executor.py for tasks to queue
[2023-11-04 21:25:11,510] {logging_mixin.py:115} INFO - [2023-11-04 21:25:11,510] {dagbag.py:508} INFO - Filling up the DagBag from /home/airflow/.local/lib/python3.7/site-packages/airflow/example_dags/example_local_kubernetes_executor.py
[2023-11-04 21:25:11,530] {processor.py:651} INFO - DAG(s) dict_keys(['example_local_kubernetes_executor']) retrieved from /home/airflow/.local/lib/python3.7/site-packages/airflow/example_dags/example_local_kubernetes_executor.py
[2023-11-04 21:25:11,677] {logging_mixin.py:115} INFO - [2023-11-04 21:25:11,677] {dag.py:2420} INFO - Sync 1 DAGs
[2023-11-04 21:25:11,702] {logging_mixin.py:115} INFO - [2023-11-04 21:25:11,702] {dag.py:2972} INFO - Setting next_dagrun for example_local_kubernetes_executor to None, run_after=None
[2023-11-04 21:25:11,716] {processor.py:161} INFO - Processing /home/airflow/.local/lib/python3.7/site-packages/airflow/example_dags/example_local_kubernetes_executor.py took 0.212 seconds
[2023-11-04 21:25:42,019] {processor.py:153} INFO - Started process (PID=1241) to work on /home/airflow/.local/lib/python3.7/site-packages/airflow/example_dags/example_local_kubernetes_executor.py
[2023-11-04 21:25:42,020] {processor.py:641} INFO - Processing file /home/airflow/.local/lib/python3.7/site-packages/airflow/example_dags/example_local_kubernetes_executor.py for tasks to queue
[2023-11-04 21:25:42,021] {logging_mixin.py:115} INFO - [2023-11-04 21:25:42,021] {dagbag.py:508} INFO - Filling up the DagBag from /home/airflow/.local/lib/python3.7/site-packages/airflow/example_dags/example_local_kubernetes_executor.py
[2023-11-04 21:25:42,042] {processor.py:651} INFO - DAG(s) dict_keys(['example_local_kubernetes_executor']) retrieved from /home/airflow/.local/lib/python3.7/site-packages/airflow/example_dags/example_local_kubernetes_executor.py
[2023-11-04 21:25:42,173] {logging_mixin.py:115} INFO - [2023-11-04 21:25:42,173] {dag.py:2420} INFO - Sync 1 DAGs
[2023-11-04 21:25:42,198] {logging_mixin.py:115} INFO - [2023-11-04 21:25:42,198] {dag.py:2972} INFO - Setting next_dagrun for example_local_kubernetes_executor to None, run_after=None
[2023-11-04 21:25:42,211] {processor.py:161} INFO - Processing /home/airflow/.local/lib/python3.7/site-packages/airflow/example_dags/example_local_kubernetes_executor.py took 0.195 seconds
[2023-11-04 21:26:12,841] {processor.py:153} INFO - Started process (PID=1303) to work on /home/airflow/.local/lib/python3.7/site-packages/airflow/example_dags/example_local_kubernetes_executor.py
[2023-11-04 21:26:12,842] {processor.py:641} INFO - Processing file /home/airflow/.local/lib/python3.7/site-packages/airflow/example_dags/example_local_kubernetes_executor.py for tasks to queue
[2023-11-04 21:26:12,843] {logging_mixin.py:115} INFO - [2023-11-04 21:26:12,843] {dagbag.py:508} INFO - Filling up the DagBag from /home/airflow/.local/lib/python3.7/site-packages/airflow/example_dags/example_local_kubernetes_executor.py
[2023-11-04 21:26:12,871] {processor.py:651} INFO - DAG(s) dict_keys(['example_local_kubernetes_executor']) retrieved from /home/airflow/.local/lib/python3.7/site-packages/airflow/example_dags/example_local_kubernetes_executor.py
[2023-11-04 21:26:13,009] {logging_mixin.py:115} INFO - [2023-11-04 21:26:13,009] {dag.py:2420} INFO - Sync 1 DAGs
[2023-11-04 21:26:13,033] {logging_mixin.py:115} INFO - [2023-11-04 21:26:13,033] {dag.py:2972} INFO - Setting next_dagrun for example_local_kubernetes_executor to None, run_after=None
[2023-11-04 21:26:13,048] {processor.py:161} INFO - Processing /home/airflow/.local/lib/python3.7/site-packages/airflow/example_dags/example_local_kubernetes_executor.py took 0.212 seconds
[2023-11-04 21:26:43,411] {processor.py:153} INFO - Started process (PID=1365) to work on /home/airflow/.local/lib/python3.7/site-packages/airflow/example_dags/example_local_kubernetes_executor.py
[2023-11-04 21:26:43,412] {processor.py:641} INFO - Processing file /home/airflow/.local/lib/python3.7/site-packages/airflow/example_dags/example_local_kubernetes_executor.py for tasks to queue
[2023-11-04 21:26:43,413] {logging_mixin.py:115} INFO - [2023-11-04 21:26:43,413] {dagbag.py:508} INFO - Filling up the DagBag from /home/airflow/.local/lib/python3.7/site-packages/airflow/example_dags/example_local_kubernetes_executor.py
[2023-11-04 21:26:43,441] {processor.py:651} INFO - DAG(s) dict_keys(['example_local_kubernetes_executor']) retrieved from /home/airflow/.local/lib/python3.7/site-packages/airflow/example_dags/example_local_kubernetes_executor.py
[2023-11-04 21:26:43,611] {logging_mixin.py:115} INFO - [2023-11-04 21:26:43,611] {dag.py:2420} INFO - Sync 1 DAGs
[2023-11-04 21:26:43,638] {logging_mixin.py:115} INFO - [2023-11-04 21:26:43,637] {dag.py:2972} INFO - Setting next_dagrun for example_local_kubernetes_executor to None, run_after=None
[2023-11-04 21:26:43,652] {processor.py:161} INFO - Processing /home/airflow/.local/lib/python3.7/site-packages/airflow/example_dags/example_local_kubernetes_executor.py took 0.247 seconds
[2023-11-04 21:27:14,115] {processor.py:153} INFO - Started process (PID=1418) to work on /home/airflow/.local/lib/python3.7/site-packages/airflow/example_dags/example_local_kubernetes_executor.py
[2023-11-04 21:27:14,116] {processor.py:641} INFO - Processing file /home/airflow/.local/lib/python3.7/site-packages/airflow/example_dags/example_local_kubernetes_executor.py for tasks to queue
[2023-11-04 21:27:14,117] {logging_mixin.py:115} INFO - [2023-11-04 21:27:14,117] {dagbag.py:508} INFO - Filling up the DagBag from /home/airflow/.local/lib/python3.7/site-packages/airflow/example_dags/example_local_kubernetes_executor.py
[2023-11-04 21:27:14,138] {processor.py:651} INFO - DAG(s) dict_keys(['example_local_kubernetes_executor']) retrieved from /home/airflow/.local/lib/python3.7/site-packages/airflow/example_dags/example_local_kubernetes_executor.py
[2023-11-04 21:27:14,269] {logging_mixin.py:115} INFO - [2023-11-04 21:27:14,269] {dag.py:2420} INFO - Sync 1 DAGs
[2023-11-04 21:27:14,294] {logging_mixin.py:115} INFO - [2023-11-04 21:27:14,294] {dag.py:2972} INFO - Setting next_dagrun for example_local_kubernetes_executor to None, run_after=None
[2023-11-04 21:27:14,306] {processor.py:161} INFO - Processing /home/airflow/.local/lib/python3.7/site-packages/airflow/example_dags/example_local_kubernetes_executor.py took 0.195 seconds
[2023-11-04 21:27:44,707] {processor.py:153} INFO - Started process (PID=1480) to work on /home/airflow/.local/lib/python3.7/site-packages/airflow/example_dags/example_local_kubernetes_executor.py
[2023-11-04 21:27:44,708] {processor.py:641} INFO - Processing file /home/airflow/.local/lib/python3.7/site-packages/airflow/example_dags/example_local_kubernetes_executor.py for tasks to queue
[2023-11-04 21:27:44,709] {logging_mixin.py:115} INFO - [2023-11-04 21:27:44,709] {dagbag.py:508} INFO - Filling up the DagBag from /home/airflow/.local/lib/python3.7/site-packages/airflow/example_dags/example_local_kubernetes_executor.py
[2023-11-04 21:27:44,737] {processor.py:651} INFO - DAG(s) dict_keys(['example_local_kubernetes_executor']) retrieved from /home/airflow/.local/lib/python3.7/site-packages/airflow/example_dags/example_local_kubernetes_executor.py
[2023-11-04 21:27:44,898] {logging_mixin.py:115} INFO - [2023-11-04 21:27:44,898] {dag.py:2420} INFO - Sync 1 DAGs
[2023-11-04 21:27:44,935] {logging_mixin.py:115} INFO - [2023-11-04 21:27:44,935] {dag.py:2972} INFO - Setting next_dagrun for example_local_kubernetes_executor to None, run_after=None
[2023-11-04 21:27:44,949] {processor.py:161} INFO - Processing /home/airflow/.local/lib/python3.7/site-packages/airflow/example_dags/example_local_kubernetes_executor.py took 0.246 seconds
[2023-11-04 21:28:15,166] {processor.py:153} INFO - Started process (PID=1542) to work on /home/airflow/.local/lib/python3.7/site-packages/airflow/example_dags/example_local_kubernetes_executor.py
[2023-11-04 21:28:15,167] {processor.py:641} INFO - Processing file /home/airflow/.local/lib/python3.7/site-packages/airflow/example_dags/example_local_kubernetes_executor.py for tasks to queue
[2023-11-04 21:28:15,168] {logging_mixin.py:115} INFO - [2023-11-04 21:28:15,168] {dagbag.py:508} INFO - Filling up the DagBag from /home/airflow/.local/lib/python3.7/site-packages/airflow/example_dags/example_local_kubernetes_executor.py
[2023-11-04 21:28:15,189] {processor.py:651} INFO - DAG(s) dict_keys(['example_local_kubernetes_executor']) retrieved from /home/airflow/.local/lib/python3.7/site-packages/airflow/example_dags/example_local_kubernetes_executor.py
[2023-11-04 21:28:15,320] {logging_mixin.py:115} INFO - [2023-11-04 21:28:15,320] {dag.py:2420} INFO - Sync 1 DAGs
[2023-11-04 21:28:15,344] {logging_mixin.py:115} INFO - [2023-11-04 21:28:15,344] {dag.py:2972} INFO - Setting next_dagrun for example_local_kubernetes_executor to None, run_after=None
[2023-11-04 21:28:15,358] {processor.py:161} INFO - Processing /home/airflow/.local/lib/python3.7/site-packages/airflow/example_dags/example_local_kubernetes_executor.py took 0.196 seconds
[2023-11-04 21:28:45,541] {processor.py:153} INFO - Started process (PID=1595) to work on /home/airflow/.local/lib/python3.7/site-packages/airflow/example_dags/example_local_kubernetes_executor.py
[2023-11-04 21:28:45,560] {processor.py:641} INFO - Processing file /home/airflow/.local/lib/python3.7/site-packages/airflow/example_dags/example_local_kubernetes_executor.py for tasks to queue
[2023-11-04 21:28:45,561] {logging_mixin.py:115} INFO - [2023-11-04 21:28:45,561] {dagbag.py:508} INFO - Filling up the DagBag from /home/airflow/.local/lib/python3.7/site-packages/airflow/example_dags/example_local_kubernetes_executor.py
[2023-11-04 21:28:45,586] {processor.py:651} INFO - DAG(s) dict_keys(['example_local_kubernetes_executor']) retrieved from /home/airflow/.local/lib/python3.7/site-packages/airflow/example_dags/example_local_kubernetes_executor.py
[2023-11-04 21:28:45,726] {logging_mixin.py:115} INFO - [2023-11-04 21:28:45,726] {dag.py:2420} INFO - Sync 1 DAGs
[2023-11-04 21:28:45,751] {logging_mixin.py:115} INFO - [2023-11-04 21:28:45,751] {dag.py:2972} INFO - Setting next_dagrun for example_local_kubernetes_executor to None, run_after=None
[2023-11-04 21:28:45,767] {processor.py:161} INFO - Processing /home/airflow/.local/lib/python3.7/site-packages/airflow/example_dags/example_local_kubernetes_executor.py took 0.230 seconds
[2023-11-04 21:29:16,479] {processor.py:153} INFO - Started process (PID=1657) to work on /home/airflow/.local/lib/python3.7/site-packages/airflow/example_dags/example_local_kubernetes_executor.py
[2023-11-04 21:29:16,480] {processor.py:641} INFO - Processing file /home/airflow/.local/lib/python3.7/site-packages/airflow/example_dags/example_local_kubernetes_executor.py for tasks to queue
[2023-11-04 21:29:16,481] {logging_mixin.py:115} INFO - [2023-11-04 21:29:16,481] {dagbag.py:508} INFO - Filling up the DagBag from /home/airflow/.local/lib/python3.7/site-packages/airflow/example_dags/example_local_kubernetes_executor.py
[2023-11-04 21:29:16,510] {processor.py:651} INFO - DAG(s) dict_keys(['example_local_kubernetes_executor']) retrieved from /home/airflow/.local/lib/python3.7/site-packages/airflow/example_dags/example_local_kubernetes_executor.py
[2023-11-04 21:29:16,696] {logging_mixin.py:115} INFO - [2023-11-04 21:29:16,696] {dag.py:2420} INFO - Sync 1 DAGs
[2023-11-04 21:29:16,725] {logging_mixin.py:115} INFO - [2023-11-04 21:29:16,725] {dag.py:2972} INFO - Setting next_dagrun for example_local_kubernetes_executor to None, run_after=None
[2023-11-04 21:29:16,741] {processor.py:161} INFO - Processing /home/airflow/.local/lib/python3.7/site-packages/airflow/example_dags/example_local_kubernetes_executor.py took 0.267 seconds
[2023-11-04 21:29:47,205] {processor.py:153} INFO - Started process (PID=1719) to work on /home/airflow/.local/lib/python3.7/site-packages/airflow/example_dags/example_local_kubernetes_executor.py
[2023-11-04 21:29:47,206] {processor.py:641} INFO - Processing file /home/airflow/.local/lib/python3.7/site-packages/airflow/example_dags/example_local_kubernetes_executor.py for tasks to queue
[2023-11-04 21:29:47,207] {logging_mixin.py:115} INFO - [2023-11-04 21:29:47,207] {dagbag.py:508} INFO - Filling up the DagBag from /home/airflow/.local/lib/python3.7/site-packages/airflow/example_dags/example_local_kubernetes_executor.py
[2023-11-04 21:29:47,228] {processor.py:651} INFO - DAG(s) dict_keys(['example_local_kubernetes_executor']) retrieved from /home/airflow/.local/lib/python3.7/site-packages/airflow/example_dags/example_local_kubernetes_executor.py
[2023-11-04 21:29:47,377] {logging_mixin.py:115} INFO - [2023-11-04 21:29:47,377] {dag.py:2420} INFO - Sync 1 DAGs
[2023-11-04 21:29:47,403] {logging_mixin.py:115} INFO - [2023-11-04 21:29:47,403] {dag.py:2972} INFO - Setting next_dagrun for example_local_kubernetes_executor to None, run_after=None
[2023-11-04 21:29:47,417] {processor.py:161} INFO - Processing /home/airflow/.local/lib/python3.7/site-packages/airflow/example_dags/example_local_kubernetes_executor.py took 0.216 seconds
[2023-11-04 21:30:18,272] {processor.py:153} INFO - Started process (PID=1772) to work on /home/airflow/.local/lib/python3.7/site-packages/airflow/example_dags/example_local_kubernetes_executor.py
[2023-11-04 21:30:18,275] {processor.py:641} INFO - Processing file /home/airflow/.local/lib/python3.7/site-packages/airflow/example_dags/example_local_kubernetes_executor.py for tasks to queue
[2023-11-04 21:30:18,277] {logging_mixin.py:115} INFO - [2023-11-04 21:30:18,277] {dagbag.py:508} INFO - Filling up the DagBag from /home/airflow/.local/lib/python3.7/site-packages/airflow/example_dags/example_local_kubernetes_executor.py
[2023-11-04 21:30:18,325] {processor.py:651} INFO - DAG(s) dict_keys(['example_local_kubernetes_executor']) retrieved from /home/airflow/.local/lib/python3.7/site-packages/airflow/example_dags/example_local_kubernetes_executor.py
[2023-11-04 21:30:18,613] {logging_mixin.py:115} INFO - [2023-11-04 21:30:18,612] {dag.py:2420} INFO - Sync 1 DAGs
[2023-11-04 21:30:18,658] {logging_mixin.py:115} INFO - [2023-11-04 21:30:18,658] {dag.py:2972} INFO - Setting next_dagrun for example_local_kubernetes_executor to None, run_after=None
[2023-11-04 21:30:18,711] {processor.py:161} INFO - Processing /home/airflow/.local/lib/python3.7/site-packages/airflow/example_dags/example_local_kubernetes_executor.py took 0.449 seconds
[2023-11-04 21:30:49,381] {processor.py:153} INFO - Started process (PID=1834) to work on /home/airflow/.local/lib/python3.7/site-packages/airflow/example_dags/example_local_kubernetes_executor.py
[2023-11-04 21:30:49,382] {processor.py:641} INFO - Processing file /home/airflow/.local/lib/python3.7/site-packages/airflow/example_dags/example_local_kubernetes_executor.py for tasks to queue
[2023-11-04 21:30:49,383] {logging_mixin.py:115} INFO - [2023-11-04 21:30:49,383] {dagbag.py:508} INFO - Filling up the DagBag from /home/airflow/.local/lib/python3.7/site-packages/airflow/example_dags/example_local_kubernetes_executor.py
[2023-11-04 21:30:49,518] {processor.py:651} INFO - DAG(s) dict_keys(['example_local_kubernetes_executor']) retrieved from /home/airflow/.local/lib/python3.7/site-packages/airflow/example_dags/example_local_kubernetes_executor.py
[2023-11-04 21:30:49,544] {logging_mixin.py:115} INFO - [2023-11-04 21:30:49,544] {dag.py:2420} INFO - Sync 1 DAGs
[2023-11-04 21:30:49,569] {logging_mixin.py:115} INFO - [2023-11-04 21:30:49,568] {dag.py:2972} INFO - Setting next_dagrun for example_local_kubernetes_executor to None, run_after=None
[2023-11-04 21:30:49,582] {processor.py:161} INFO - Processing /home/airflow/.local/lib/python3.7/site-packages/airflow/example_dags/example_local_kubernetes_executor.py took 0.206 seconds
[2023-11-04 21:31:20,060] {processor.py:153} INFO - Started process (PID=1896) to work on /home/airflow/.local/lib/python3.7/site-packages/airflow/example_dags/example_local_kubernetes_executor.py
[2023-11-04 21:31:20,061] {processor.py:641} INFO - Processing file /home/airflow/.local/lib/python3.7/site-packages/airflow/example_dags/example_local_kubernetes_executor.py for tasks to queue
[2023-11-04 21:31:20,062] {logging_mixin.py:115} INFO - [2023-11-04 21:31:20,062] {dagbag.py:508} INFO - Filling up the DagBag from /home/airflow/.local/lib/python3.7/site-packages/airflow/example_dags/example_local_kubernetes_executor.py
[2023-11-04 21:31:20,225] {processor.py:651} INFO - DAG(s) dict_keys(['example_local_kubernetes_executor']) retrieved from /home/airflow/.local/lib/python3.7/site-packages/airflow/example_dags/example_local_kubernetes_executor.py
[2023-11-04 21:31:20,252] {logging_mixin.py:115} INFO - [2023-11-04 21:31:20,252] {dag.py:2420} INFO - Sync 1 DAGs
[2023-11-04 21:31:20,278] {logging_mixin.py:115} INFO - [2023-11-04 21:31:20,278] {dag.py:2972} INFO - Setting next_dagrun for example_local_kubernetes_executor to None, run_after=None
[2023-11-04 21:31:20,292] {processor.py:161} INFO - Processing /home/airflow/.local/lib/python3.7/site-packages/airflow/example_dags/example_local_kubernetes_executor.py took 0.236 seconds
[2023-11-04 21:31:50,831] {processor.py:153} INFO - Started process (PID=1949) to work on /home/airflow/.local/lib/python3.7/site-packages/airflow/example_dags/example_local_kubernetes_executor.py
[2023-11-04 21:31:50,832] {processor.py:641} INFO - Processing file /home/airflow/.local/lib/python3.7/site-packages/airflow/example_dags/example_local_kubernetes_executor.py for tasks to queue
[2023-11-04 21:31:50,833] {logging_mixin.py:115} INFO - [2023-11-04 21:31:50,833] {dagbag.py:508} INFO - Filling up the DagBag from /home/airflow/.local/lib/python3.7/site-packages/airflow/example_dags/example_local_kubernetes_executor.py
[2023-11-04 21:31:51,086] {processor.py:651} INFO - DAG(s) dict_keys(['example_local_kubernetes_executor']) retrieved from /home/airflow/.local/lib/python3.7/site-packages/airflow/example_dags/example_local_kubernetes_executor.py
[2023-11-04 21:31:51,125] {logging_mixin.py:115} INFO - [2023-11-04 21:31:51,125] {dag.py:2420} INFO - Sync 1 DAGs
[2023-11-04 21:31:51,164] {logging_mixin.py:115} INFO - [2023-11-04 21:31:51,164] {dag.py:2972} INFO - Setting next_dagrun for example_local_kubernetes_executor to None, run_after=None
[2023-11-04 21:31:51,179] {processor.py:161} INFO - Processing /home/airflow/.local/lib/python3.7/site-packages/airflow/example_dags/example_local_kubernetes_executor.py took 0.354 seconds
