[2023-11-04 20:57:53,903] {processor.py:153} INFO - Started process (PID=72) to work on /home/airflow/.local/lib/python3.7/site-packages/airflow/example_dags/example_kubernetes_executor.py
[2023-11-04 20:57:53,904] {processor.py:641} INFO - Processing file /home/airflow/.local/lib/python3.7/site-packages/airflow/example_dags/example_kubernetes_executor.py for tasks to queue
[2023-11-04 20:57:53,904] {logging_mixin.py:115} INFO - [2023-11-04 20:57:53,904] {dagbag.py:508} INFO - Filling up the DagBag from /home/airflow/.local/lib/python3.7/site-packages/airflow/example_dags/example_kubernetes_executor.py
[2023-11-04 20:57:53,957] {processor.py:651} INFO - DAG(s) dict_keys(['example_kubernetes_executor']) retrieved from /home/airflow/.local/lib/python3.7/site-packages/airflow/example_dags/example_kubernetes_executor.py
[2023-11-04 20:57:54,080] {logging_mixin.py:115} INFO - [2023-11-04 20:57:54,080] {manager.py:508} INFO - Created Permission View: can delete on DAG:example_kubernetes_executor
[2023-11-04 20:57:54,091] {logging_mixin.py:115} INFO - [2023-11-04 20:57:54,091] {manager.py:508} INFO - Created Permission View: can edit on DAG:example_kubernetes_executor
[2023-11-04 20:57:54,123] {logging_mixin.py:115} INFO - [2023-11-04 20:57:54,122] {manager.py:508} INFO - Created Permission View: can read on DAG:example_kubernetes_executor
[2023-11-04 20:57:54,123] {logging_mixin.py:115} INFO - [2023-11-04 20:57:54,123] {dag.py:2420} INFO - Sync 1 DAGs
[2023-11-04 20:57:54,139] {logging_mixin.py:115} INFO - [2023-11-04 20:57:54,139] {dag.py:2439} INFO - Creating ORM DAG for example_kubernetes_executor
[2023-11-04 20:57:54,159] {logging_mixin.py:115} INFO - [2023-11-04 20:57:54,159] {dag.py:2972} INFO - Setting next_dagrun for example_kubernetes_executor to None, run_after=None
[2023-11-04 20:57:54,189] {processor.py:161} INFO - Processing /home/airflow/.local/lib/python3.7/site-packages/airflow/example_dags/example_kubernetes_executor.py took 0.290 seconds
[2023-11-04 20:58:24,552] {processor.py:153} INFO - Started process (PID=133) to work on /home/airflow/.local/lib/python3.7/site-packages/airflow/example_dags/example_kubernetes_executor.py
[2023-11-04 20:58:24,553] {processor.py:641} INFO - Processing file /home/airflow/.local/lib/python3.7/site-packages/airflow/example_dags/example_kubernetes_executor.py for tasks to queue
[2023-11-04 20:58:24,554] {logging_mixin.py:115} INFO - [2023-11-04 20:58:24,554] {dagbag.py:508} INFO - Filling up the DagBag from /home/airflow/.local/lib/python3.7/site-packages/airflow/example_dags/example_kubernetes_executor.py
[2023-11-04 20:58:24,579] {processor.py:651} INFO - DAG(s) dict_keys(['example_kubernetes_executor']) retrieved from /home/airflow/.local/lib/python3.7/site-packages/airflow/example_dags/example_kubernetes_executor.py
[2023-11-04 20:58:24,605] {logging_mixin.py:115} INFO - [2023-11-04 20:58:24,605] {dag.py:2420} INFO - Sync 1 DAGs
[2023-11-04 20:58:24,628] {logging_mixin.py:115} INFO - [2023-11-04 20:58:24,628] {dag.py:2972} INFO - Setting next_dagrun for example_kubernetes_executor to None, run_after=None
[2023-11-04 20:58:24,640] {processor.py:161} INFO - Processing /home/airflow/.local/lib/python3.7/site-packages/airflow/example_dags/example_kubernetes_executor.py took 0.092 seconds
[2023-11-04 20:58:54,952] {processor.py:153} INFO - Started process (PID=201) to work on /home/airflow/.local/lib/python3.7/site-packages/airflow/example_dags/example_kubernetes_executor.py
[2023-11-04 20:58:54,953] {processor.py:641} INFO - Processing file /home/airflow/.local/lib/python3.7/site-packages/airflow/example_dags/example_kubernetes_executor.py for tasks to queue
[2023-11-04 20:58:54,954] {logging_mixin.py:115} INFO - [2023-11-04 20:58:54,954] {dagbag.py:508} INFO - Filling up the DagBag from /home/airflow/.local/lib/python3.7/site-packages/airflow/example_dags/example_kubernetes_executor.py
[2023-11-04 20:58:54,986] {processor.py:651} INFO - DAG(s) dict_keys(['example_kubernetes_executor']) retrieved from /home/airflow/.local/lib/python3.7/site-packages/airflow/example_dags/example_kubernetes_executor.py
[2023-11-04 20:58:55,017] {logging_mixin.py:115} INFO - [2023-11-04 20:58:55,017] {dag.py:2420} INFO - Sync 1 DAGs
[2023-11-04 20:58:55,040] {logging_mixin.py:115} INFO - [2023-11-04 20:58:55,040] {dag.py:2972} INFO - Setting next_dagrun for example_kubernetes_executor to None, run_after=None
[2023-11-04 20:58:55,052] {processor.py:161} INFO - Processing /home/airflow/.local/lib/python3.7/site-packages/airflow/example_dags/example_kubernetes_executor.py took 0.107 seconds
[2023-11-04 20:59:25,634] {processor.py:153} INFO - Started process (PID=262) to work on /home/airflow/.local/lib/python3.7/site-packages/airflow/example_dags/example_kubernetes_executor.py
[2023-11-04 20:59:25,635] {processor.py:641} INFO - Processing file /home/airflow/.local/lib/python3.7/site-packages/airflow/example_dags/example_kubernetes_executor.py for tasks to queue
[2023-11-04 20:59:25,635] {logging_mixin.py:115} INFO - [2023-11-04 20:59:25,635] {dagbag.py:508} INFO - Filling up the DagBag from /home/airflow/.local/lib/python3.7/site-packages/airflow/example_dags/example_kubernetes_executor.py
[2023-11-04 20:59:25,727] {processor.py:651} INFO - DAG(s) dict_keys(['example_kubernetes_executor']) retrieved from /home/airflow/.local/lib/python3.7/site-packages/airflow/example_dags/example_kubernetes_executor.py
[2023-11-04 20:59:25,764] {logging_mixin.py:115} INFO - [2023-11-04 20:59:25,764] {dag.py:2420} INFO - Sync 1 DAGs
[2023-11-04 20:59:25,790] {logging_mixin.py:115} INFO - [2023-11-04 20:59:25,789] {dag.py:2972} INFO - Setting next_dagrun for example_kubernetes_executor to None, run_after=None
[2023-11-04 20:59:25,806] {processor.py:161} INFO - Processing /home/airflow/.local/lib/python3.7/site-packages/airflow/example_dags/example_kubernetes_executor.py took 0.175 seconds
[2023-11-04 20:59:56,385] {processor.py:153} INFO - Started process (PID=314) to work on /home/airflow/.local/lib/python3.7/site-packages/airflow/example_dags/example_kubernetes_executor.py
[2023-11-04 20:59:56,387] {processor.py:641} INFO - Processing file /home/airflow/.local/lib/python3.7/site-packages/airflow/example_dags/example_kubernetes_executor.py for tasks to queue
[2023-11-04 20:59:56,389] {logging_mixin.py:115} INFO - [2023-11-04 20:59:56,389] {dagbag.py:508} INFO - Filling up the DagBag from /home/airflow/.local/lib/python3.7/site-packages/airflow/example_dags/example_kubernetes_executor.py
[2023-11-04 20:59:56,441] {processor.py:651} INFO - DAG(s) dict_keys(['example_kubernetes_executor']) retrieved from /home/airflow/.local/lib/python3.7/site-packages/airflow/example_dags/example_kubernetes_executor.py
[2023-11-04 20:59:56,483] {logging_mixin.py:115} INFO - [2023-11-04 20:59:56,483] {dag.py:2420} INFO - Sync 1 DAGs
[2023-11-04 20:59:56,529] {logging_mixin.py:115} INFO - [2023-11-04 20:59:56,529] {dag.py:2972} INFO - Setting next_dagrun for example_kubernetes_executor to None, run_after=None
[2023-11-04 20:59:56,591] {processor.py:161} INFO - Processing /home/airflow/.local/lib/python3.7/site-packages/airflow/example_dags/example_kubernetes_executor.py took 0.214 seconds
[2023-11-04 21:00:27,447] {processor.py:153} INFO - Started process (PID=375) to work on /home/airflow/.local/lib/python3.7/site-packages/airflow/example_dags/example_kubernetes_executor.py
[2023-11-04 21:00:27,448] {processor.py:641} INFO - Processing file /home/airflow/.local/lib/python3.7/site-packages/airflow/example_dags/example_kubernetes_executor.py for tasks to queue
[2023-11-04 21:00:27,450] {logging_mixin.py:115} INFO - [2023-11-04 21:00:27,449] {dagbag.py:508} INFO - Filling up the DagBag from /home/airflow/.local/lib/python3.7/site-packages/airflow/example_dags/example_kubernetes_executor.py
[2023-11-04 21:00:27,543] {processor.py:651} INFO - DAG(s) dict_keys(['example_kubernetes_executor']) retrieved from /home/airflow/.local/lib/python3.7/site-packages/airflow/example_dags/example_kubernetes_executor.py
[2023-11-04 21:00:27,597] {logging_mixin.py:115} INFO - [2023-11-04 21:00:27,596] {dag.py:2420} INFO - Sync 1 DAGs
[2023-11-04 21:00:27,634] {logging_mixin.py:115} INFO - [2023-11-04 21:00:27,634] {dag.py:2972} INFO - Setting next_dagrun for example_kubernetes_executor to None, run_after=None
[2023-11-04 21:00:27,659] {processor.py:161} INFO - Processing /home/airflow/.local/lib/python3.7/site-packages/airflow/example_dags/example_kubernetes_executor.py took 0.216 seconds
[2023-11-04 21:00:58,237] {processor.py:153} INFO - Started process (PID=436) to work on /home/airflow/.local/lib/python3.7/site-packages/airflow/example_dags/example_kubernetes_executor.py
[2023-11-04 21:00:58,238] {processor.py:641} INFO - Processing file /home/airflow/.local/lib/python3.7/site-packages/airflow/example_dags/example_kubernetes_executor.py for tasks to queue
[2023-11-04 21:00:58,239] {logging_mixin.py:115} INFO - [2023-11-04 21:00:58,239] {dagbag.py:508} INFO - Filling up the DagBag from /home/airflow/.local/lib/python3.7/site-packages/airflow/example_dags/example_kubernetes_executor.py
[2023-11-04 21:00:58,263] {processor.py:651} INFO - DAG(s) dict_keys(['example_kubernetes_executor']) retrieved from /home/airflow/.local/lib/python3.7/site-packages/airflow/example_dags/example_kubernetes_executor.py
[2023-11-04 21:00:58,289] {logging_mixin.py:115} INFO - [2023-11-04 21:00:58,289] {dag.py:2420} INFO - Sync 1 DAGs
[2023-11-04 21:00:58,311] {logging_mixin.py:115} INFO - [2023-11-04 21:00:58,311] {dag.py:2972} INFO - Setting next_dagrun for example_kubernetes_executor to None, run_after=None
[2023-11-04 21:00:58,325] {processor.py:161} INFO - Processing /home/airflow/.local/lib/python3.7/site-packages/airflow/example_dags/example_kubernetes_executor.py took 0.093 seconds
[2023-11-04 21:01:29,203] {processor.py:153} INFO - Started process (PID=488) to work on /home/airflow/.local/lib/python3.7/site-packages/airflow/example_dags/example_kubernetes_executor.py
[2023-11-04 21:01:29,216] {processor.py:641} INFO - Processing file /home/airflow/.local/lib/python3.7/site-packages/airflow/example_dags/example_kubernetes_executor.py for tasks to queue
[2023-11-04 21:01:29,218] {logging_mixin.py:115} INFO - [2023-11-04 21:01:29,218] {dagbag.py:508} INFO - Filling up the DagBag from /home/airflow/.local/lib/python3.7/site-packages/airflow/example_dags/example_kubernetes_executor.py
[2023-11-04 21:01:29,263] {processor.py:651} INFO - DAG(s) dict_keys(['example_kubernetes_executor']) retrieved from /home/airflow/.local/lib/python3.7/site-packages/airflow/example_dags/example_kubernetes_executor.py
[2023-11-04 21:01:29,329] {logging_mixin.py:115} INFO - [2023-11-04 21:01:29,328] {dag.py:2420} INFO - Sync 1 DAGs
[2023-11-04 21:01:29,382] {logging_mixin.py:115} INFO - [2023-11-04 21:01:29,382] {dag.py:2972} INFO - Setting next_dagrun for example_kubernetes_executor to None, run_after=None
[2023-11-04 21:01:29,408] {processor.py:161} INFO - Processing /home/airflow/.local/lib/python3.7/site-packages/airflow/example_dags/example_kubernetes_executor.py took 0.212 seconds
[2023-11-04 21:01:59,800] {processor.py:153} INFO - Started process (PID=549) to work on /home/airflow/.local/lib/python3.7/site-packages/airflow/example_dags/example_kubernetes_executor.py
[2023-11-04 21:01:59,801] {processor.py:641} INFO - Processing file /home/airflow/.local/lib/python3.7/site-packages/airflow/example_dags/example_kubernetes_executor.py for tasks to queue
[2023-11-04 21:01:59,802] {logging_mixin.py:115} INFO - [2023-11-04 21:01:59,802] {dagbag.py:508} INFO - Filling up the DagBag from /home/airflow/.local/lib/python3.7/site-packages/airflow/example_dags/example_kubernetes_executor.py
[2023-11-04 21:01:59,826] {processor.py:651} INFO - DAG(s) dict_keys(['example_kubernetes_executor']) retrieved from /home/airflow/.local/lib/python3.7/site-packages/airflow/example_dags/example_kubernetes_executor.py
[2023-11-04 21:01:59,852] {logging_mixin.py:115} INFO - [2023-11-04 21:01:59,852] {dag.py:2420} INFO - Sync 1 DAGs
[2023-11-04 21:01:59,874] {logging_mixin.py:115} INFO - [2023-11-04 21:01:59,874] {dag.py:2972} INFO - Setting next_dagrun for example_kubernetes_executor to None, run_after=None
[2023-11-04 21:01:59,886] {processor.py:161} INFO - Processing /home/airflow/.local/lib/python3.7/site-packages/airflow/example_dags/example_kubernetes_executor.py took 0.089 seconds
[2023-11-04 21:02:30,944] {processor.py:153} INFO - Started process (PID=610) to work on /home/airflow/.local/lib/python3.7/site-packages/airflow/example_dags/example_kubernetes_executor.py
[2023-11-04 21:02:30,945] {processor.py:641} INFO - Processing file /home/airflow/.local/lib/python3.7/site-packages/airflow/example_dags/example_kubernetes_executor.py for tasks to queue
[2023-11-04 21:02:30,948] {logging_mixin.py:115} INFO - [2023-11-04 21:02:30,947] {dagbag.py:508} INFO - Filling up the DagBag from /home/airflow/.local/lib/python3.7/site-packages/airflow/example_dags/example_kubernetes_executor.py
[2023-11-04 21:02:31,015] {processor.py:651} INFO - DAG(s) dict_keys(['example_kubernetes_executor']) retrieved from /home/airflow/.local/lib/python3.7/site-packages/airflow/example_dags/example_kubernetes_executor.py
[2023-11-04 21:02:31,094] {logging_mixin.py:115} INFO - [2023-11-04 21:02:31,094] {dag.py:2420} INFO - Sync 1 DAGs
[2023-11-04 21:02:31,126] {logging_mixin.py:115} INFO - [2023-11-04 21:02:31,126] {dag.py:2972} INFO - Setting next_dagrun for example_kubernetes_executor to None, run_after=None
[2023-11-04 21:02:31,141] {processor.py:161} INFO - Processing /home/airflow/.local/lib/python3.7/site-packages/airflow/example_dags/example_kubernetes_executor.py took 0.207 seconds
[2023-11-04 21:03:01,297] {processor.py:153} INFO - Started process (PID=662) to work on /home/airflow/.local/lib/python3.7/site-packages/airflow/example_dags/example_kubernetes_executor.py
[2023-11-04 21:03:01,298] {processor.py:641} INFO - Processing file /home/airflow/.local/lib/python3.7/site-packages/airflow/example_dags/example_kubernetes_executor.py for tasks to queue
[2023-11-04 21:03:01,299] {logging_mixin.py:115} INFO - [2023-11-04 21:03:01,299] {dagbag.py:508} INFO - Filling up the DagBag from /home/airflow/.local/lib/python3.7/site-packages/airflow/example_dags/example_kubernetes_executor.py
[2023-11-04 21:03:01,324] {processor.py:651} INFO - DAG(s) dict_keys(['example_kubernetes_executor']) retrieved from /home/airflow/.local/lib/python3.7/site-packages/airflow/example_dags/example_kubernetes_executor.py
[2023-11-04 21:03:01,350] {logging_mixin.py:115} INFO - [2023-11-04 21:03:01,349] {dag.py:2420} INFO - Sync 1 DAGs
[2023-11-04 21:03:01,371] {logging_mixin.py:115} INFO - [2023-11-04 21:03:01,371] {dag.py:2972} INFO - Setting next_dagrun for example_kubernetes_executor to None, run_after=None
[2023-11-04 21:03:01,383] {processor.py:161} INFO - Processing /home/airflow/.local/lib/python3.7/site-packages/airflow/example_dags/example_kubernetes_executor.py took 0.090 seconds
[2023-11-04 21:03:31,631] {processor.py:153} INFO - Started process (PID=723) to work on /home/airflow/.local/lib/python3.7/site-packages/airflow/example_dags/example_kubernetes_executor.py
[2023-11-04 21:03:31,632] {processor.py:641} INFO - Processing file /home/airflow/.local/lib/python3.7/site-packages/airflow/example_dags/example_kubernetes_executor.py for tasks to queue
[2023-11-04 21:03:31,633] {logging_mixin.py:115} INFO - [2023-11-04 21:03:31,633] {dagbag.py:508} INFO - Filling up the DagBag from /home/airflow/.local/lib/python3.7/site-packages/airflow/example_dags/example_kubernetes_executor.py
[2023-11-04 21:03:31,675] {processor.py:651} INFO - DAG(s) dict_keys(['example_kubernetes_executor']) retrieved from /home/airflow/.local/lib/python3.7/site-packages/airflow/example_dags/example_kubernetes_executor.py
[2023-11-04 21:03:31,712] {logging_mixin.py:115} INFO - [2023-11-04 21:03:31,712] {dag.py:2420} INFO - Sync 1 DAGs
[2023-11-04 21:03:31,750] {logging_mixin.py:115} INFO - [2023-11-04 21:03:31,749] {dag.py:2972} INFO - Setting next_dagrun for example_kubernetes_executor to None, run_after=None
[2023-11-04 21:03:31,769] {processor.py:161} INFO - Processing /home/airflow/.local/lib/python3.7/site-packages/airflow/example_dags/example_kubernetes_executor.py took 0.142 seconds
[2023-11-04 21:04:01,893] {processor.py:153} INFO - Started process (PID=785) to work on /home/airflow/.local/lib/python3.7/site-packages/airflow/example_dags/example_kubernetes_executor.py
[2023-11-04 21:04:01,894] {processor.py:641} INFO - Processing file /home/airflow/.local/lib/python3.7/site-packages/airflow/example_dags/example_kubernetes_executor.py for tasks to queue
[2023-11-04 21:04:01,894] {logging_mixin.py:115} INFO - [2023-11-04 21:04:01,894] {dagbag.py:508} INFO - Filling up the DagBag from /home/airflow/.local/lib/python3.7/site-packages/airflow/example_dags/example_kubernetes_executor.py
[2023-11-04 21:04:01,918] {processor.py:651} INFO - DAG(s) dict_keys(['example_kubernetes_executor']) retrieved from /home/airflow/.local/lib/python3.7/site-packages/airflow/example_dags/example_kubernetes_executor.py
[2023-11-04 21:04:01,945] {logging_mixin.py:115} INFO - [2023-11-04 21:04:01,945] {dag.py:2420} INFO - Sync 1 DAGs
[2023-11-04 21:04:01,967] {logging_mixin.py:115} INFO - [2023-11-04 21:04:01,967] {dag.py:2972} INFO - Setting next_dagrun for example_kubernetes_executor to None, run_after=None
[2023-11-04 21:04:01,980] {processor.py:161} INFO - Processing /home/airflow/.local/lib/python3.7/site-packages/airflow/example_dags/example_kubernetes_executor.py took 0.091 seconds
[2023-11-04 21:04:32,050] {processor.py:153} INFO - Started process (PID=836) to work on /home/airflow/.local/lib/python3.7/site-packages/airflow/example_dags/example_kubernetes_executor.py
[2023-11-04 21:04:32,051] {processor.py:641} INFO - Processing file /home/airflow/.local/lib/python3.7/site-packages/airflow/example_dags/example_kubernetes_executor.py for tasks to queue
[2023-11-04 21:04:32,052] {logging_mixin.py:115} INFO - [2023-11-04 21:04:32,052] {dagbag.py:508} INFO - Filling up the DagBag from /home/airflow/.local/lib/python3.7/site-packages/airflow/example_dags/example_kubernetes_executor.py
[2023-11-04 21:04:32,076] {processor.py:651} INFO - DAG(s) dict_keys(['example_kubernetes_executor']) retrieved from /home/airflow/.local/lib/python3.7/site-packages/airflow/example_dags/example_kubernetes_executor.py
[2023-11-04 21:04:32,102] {logging_mixin.py:115} INFO - [2023-11-04 21:04:32,102] {dag.py:2420} INFO - Sync 1 DAGs
[2023-11-04 21:04:32,123] {logging_mixin.py:115} INFO - [2023-11-04 21:04:32,123] {dag.py:2972} INFO - Setting next_dagrun for example_kubernetes_executor to None, run_after=None
[2023-11-04 21:04:32,135] {processor.py:161} INFO - Processing /home/airflow/.local/lib/python3.7/site-packages/airflow/example_dags/example_kubernetes_executor.py took 0.088 seconds
[2023-11-04 21:05:03,011] {processor.py:153} INFO - Started process (PID=897) to work on /home/airflow/.local/lib/python3.7/site-packages/airflow/example_dags/example_kubernetes_executor.py
[2023-11-04 21:05:03,012] {processor.py:641} INFO - Processing file /home/airflow/.local/lib/python3.7/site-packages/airflow/example_dags/example_kubernetes_executor.py for tasks to queue
[2023-11-04 21:05:03,013] {logging_mixin.py:115} INFO - [2023-11-04 21:05:03,012] {dagbag.py:508} INFO - Filling up the DagBag from /home/airflow/.local/lib/python3.7/site-packages/airflow/example_dags/example_kubernetes_executor.py
[2023-11-04 21:05:03,036] {processor.py:651} INFO - DAG(s) dict_keys(['example_kubernetes_executor']) retrieved from /home/airflow/.local/lib/python3.7/site-packages/airflow/example_dags/example_kubernetes_executor.py
[2023-11-04 21:05:03,063] {logging_mixin.py:115} INFO - [2023-11-04 21:05:03,063] {dag.py:2420} INFO - Sync 1 DAGs
[2023-11-04 21:05:03,085] {logging_mixin.py:115} INFO - [2023-11-04 21:05:03,085] {dag.py:2972} INFO - Setting next_dagrun for example_kubernetes_executor to None, run_after=None
[2023-11-04 21:05:03,097] {processor.py:161} INFO - Processing /home/airflow/.local/lib/python3.7/site-packages/airflow/example_dags/example_kubernetes_executor.py took 0.089 seconds
[2023-11-04 21:05:33,245] {processor.py:153} INFO - Started process (PID=949) to work on /home/airflow/.local/lib/python3.7/site-packages/airflow/example_dags/example_kubernetes_executor.py
[2023-11-04 21:05:33,246] {processor.py:641} INFO - Processing file /home/airflow/.local/lib/python3.7/site-packages/airflow/example_dags/example_kubernetes_executor.py for tasks to queue
[2023-11-04 21:05:33,247] {logging_mixin.py:115} INFO - [2023-11-04 21:05:33,247] {dagbag.py:508} INFO - Filling up the DagBag from /home/airflow/.local/lib/python3.7/site-packages/airflow/example_dags/example_kubernetes_executor.py
[2023-11-04 21:05:33,273] {processor.py:651} INFO - DAG(s) dict_keys(['example_kubernetes_executor']) retrieved from /home/airflow/.local/lib/python3.7/site-packages/airflow/example_dags/example_kubernetes_executor.py
[2023-11-04 21:05:33,300] {logging_mixin.py:115} INFO - [2023-11-04 21:05:33,300] {dag.py:2420} INFO - Sync 1 DAGs
[2023-11-04 21:05:33,325] {logging_mixin.py:115} INFO - [2023-11-04 21:05:33,325] {dag.py:2972} INFO - Setting next_dagrun for example_kubernetes_executor to None, run_after=None
[2023-11-04 21:05:33,337] {processor.py:161} INFO - Processing /home/airflow/.local/lib/python3.7/site-packages/airflow/example_dags/example_kubernetes_executor.py took 0.097 seconds
[2023-11-04 21:06:16,978] {processor.py:153} INFO - Started process (PID=72) to work on /home/airflow/.local/lib/python3.7/site-packages/airflow/example_dags/example_kubernetes_executor.py
[2023-11-04 21:06:16,979] {processor.py:641} INFO - Processing file /home/airflow/.local/lib/python3.7/site-packages/airflow/example_dags/example_kubernetes_executor.py for tasks to queue
[2023-11-04 21:06:16,981] {logging_mixin.py:115} INFO - [2023-11-04 21:06:16,981] {dagbag.py:508} INFO - Filling up the DagBag from /home/airflow/.local/lib/python3.7/site-packages/airflow/example_dags/example_kubernetes_executor.py
[2023-11-04 21:06:17,026] {processor.py:651} INFO - DAG(s) dict_keys(['example_kubernetes_executor']) retrieved from /home/airflow/.local/lib/python3.7/site-packages/airflow/example_dags/example_kubernetes_executor.py
[2023-11-04 21:06:17,232] {logging_mixin.py:115} INFO - [2023-11-04 21:06:17,232] {dag.py:2420} INFO - Sync 1 DAGs
[2023-11-04 21:06:17,268] {logging_mixin.py:115} INFO - [2023-11-04 21:06:17,268] {dag.py:2972} INFO - Setting next_dagrun for example_kubernetes_executor to None, run_after=None
[2023-11-04 21:06:17,287] {processor.py:161} INFO - Processing /home/airflow/.local/lib/python3.7/site-packages/airflow/example_dags/example_kubernetes_executor.py took 0.316 seconds
[2023-11-04 21:06:47,696] {processor.py:153} INFO - Started process (PID=125) to work on /home/airflow/.local/lib/python3.7/site-packages/airflow/example_dags/example_kubernetes_executor.py
[2023-11-04 21:06:47,697] {processor.py:641} INFO - Processing file /home/airflow/.local/lib/python3.7/site-packages/airflow/example_dags/example_kubernetes_executor.py for tasks to queue
[2023-11-04 21:06:47,697] {logging_mixin.py:115} INFO - [2023-11-04 21:06:47,697] {dagbag.py:508} INFO - Filling up the DagBag from /home/airflow/.local/lib/python3.7/site-packages/airflow/example_dags/example_kubernetes_executor.py
[2023-11-04 21:06:47,730] {processor.py:651} INFO - DAG(s) dict_keys(['example_kubernetes_executor']) retrieved from /home/airflow/.local/lib/python3.7/site-packages/airflow/example_dags/example_kubernetes_executor.py
[2023-11-04 21:06:47,876] {logging_mixin.py:115} INFO - [2023-11-04 21:06:47,876] {dag.py:2420} INFO - Sync 1 DAGs
[2023-11-04 21:06:47,896] {logging_mixin.py:115} INFO - [2023-11-04 21:06:47,896] {dag.py:2972} INFO - Setting next_dagrun for example_kubernetes_executor to None, run_after=None
[2023-11-04 21:06:47,907] {processor.py:161} INFO - Processing /home/airflow/.local/lib/python3.7/site-packages/airflow/example_dags/example_kubernetes_executor.py took 0.215 seconds
[2023-11-04 21:07:18,290] {processor.py:153} INFO - Started process (PID=187) to work on /home/airflow/.local/lib/python3.7/site-packages/airflow/example_dags/example_kubernetes_executor.py
[2023-11-04 21:07:18,291] {processor.py:641} INFO - Processing file /home/airflow/.local/lib/python3.7/site-packages/airflow/example_dags/example_kubernetes_executor.py for tasks to queue
[2023-11-04 21:07:18,292] {logging_mixin.py:115} INFO - [2023-11-04 21:07:18,292] {dagbag.py:508} INFO - Filling up the DagBag from /home/airflow/.local/lib/python3.7/site-packages/airflow/example_dags/example_kubernetes_executor.py
[2023-11-04 21:07:18,317] {processor.py:651} INFO - DAG(s) dict_keys(['example_kubernetes_executor']) retrieved from /home/airflow/.local/lib/python3.7/site-packages/airflow/example_dags/example_kubernetes_executor.py
[2023-11-04 21:07:18,443] {logging_mixin.py:115} INFO - [2023-11-04 21:07:18,443] {dag.py:2420} INFO - Sync 1 DAGs
[2023-11-04 21:07:18,466] {logging_mixin.py:115} INFO - [2023-11-04 21:07:18,466] {dag.py:2972} INFO - Setting next_dagrun for example_kubernetes_executor to None, run_after=None
[2023-11-04 21:07:18,479] {processor.py:161} INFO - Processing /home/airflow/.local/lib/python3.7/site-packages/airflow/example_dags/example_kubernetes_executor.py took 0.193 seconds
[2023-11-04 21:07:48,668] {processor.py:153} INFO - Started process (PID=249) to work on /home/airflow/.local/lib/python3.7/site-packages/airflow/example_dags/example_kubernetes_executor.py
[2023-11-04 21:07:48,669] {processor.py:641} INFO - Processing file /home/airflow/.local/lib/python3.7/site-packages/airflow/example_dags/example_kubernetes_executor.py for tasks to queue
[2023-11-04 21:07:48,670] {logging_mixin.py:115} INFO - [2023-11-04 21:07:48,669] {dagbag.py:508} INFO - Filling up the DagBag from /home/airflow/.local/lib/python3.7/site-packages/airflow/example_dags/example_kubernetes_executor.py
[2023-11-04 21:07:48,704] {processor.py:651} INFO - DAG(s) dict_keys(['example_kubernetes_executor']) retrieved from /home/airflow/.local/lib/python3.7/site-packages/airflow/example_dags/example_kubernetes_executor.py
[2023-11-04 21:07:48,860] {logging_mixin.py:115} INFO - [2023-11-04 21:07:48,860] {dag.py:2420} INFO - Sync 1 DAGs
[2023-11-04 21:07:48,882] {logging_mixin.py:115} INFO - [2023-11-04 21:07:48,882] {dag.py:2972} INFO - Setting next_dagrun for example_kubernetes_executor to None, run_after=None
[2023-11-04 21:07:48,893] {processor.py:161} INFO - Processing /home/airflow/.local/lib/python3.7/site-packages/airflow/example_dags/example_kubernetes_executor.py took 0.231 seconds
[2023-11-04 21:08:19,076] {processor.py:153} INFO - Started process (PID=302) to work on /home/airflow/.local/lib/python3.7/site-packages/airflow/example_dags/example_kubernetes_executor.py
[2023-11-04 21:08:19,077] {processor.py:641} INFO - Processing file /home/airflow/.local/lib/python3.7/site-packages/airflow/example_dags/example_kubernetes_executor.py for tasks to queue
[2023-11-04 21:08:19,078] {logging_mixin.py:115} INFO - [2023-11-04 21:08:19,078] {dagbag.py:508} INFO - Filling up the DagBag from /home/airflow/.local/lib/python3.7/site-packages/airflow/example_dags/example_kubernetes_executor.py
[2023-11-04 21:08:19,107] {processor.py:651} INFO - DAG(s) dict_keys(['example_kubernetes_executor']) retrieved from /home/airflow/.local/lib/python3.7/site-packages/airflow/example_dags/example_kubernetes_executor.py
[2023-11-04 21:08:19,260] {logging_mixin.py:115} INFO - [2023-11-04 21:08:19,260] {dag.py:2420} INFO - Sync 1 DAGs
[2023-11-04 21:08:19,286] {logging_mixin.py:115} INFO - [2023-11-04 21:08:19,286] {dag.py:2972} INFO - Setting next_dagrun for example_kubernetes_executor to None, run_after=None
[2023-11-04 21:08:19,311] {processor.py:161} INFO - Processing /home/airflow/.local/lib/python3.7/site-packages/airflow/example_dags/example_kubernetes_executor.py took 0.238 seconds
[2023-11-04 21:08:49,845] {processor.py:153} INFO - Started process (PID=365) to work on /home/airflow/.local/lib/python3.7/site-packages/airflow/example_dags/example_kubernetes_executor.py
[2023-11-04 21:08:49,847] {processor.py:641} INFO - Processing file /home/airflow/.local/lib/python3.7/site-packages/airflow/example_dags/example_kubernetes_executor.py for tasks to queue
[2023-11-04 21:08:49,848] {logging_mixin.py:115} INFO - [2023-11-04 21:08:49,848] {dagbag.py:508} INFO - Filling up the DagBag from /home/airflow/.local/lib/python3.7/site-packages/airflow/example_dags/example_kubernetes_executor.py
[2023-11-04 21:08:49,880] {processor.py:651} INFO - DAG(s) dict_keys(['example_kubernetes_executor']) retrieved from /home/airflow/.local/lib/python3.7/site-packages/airflow/example_dags/example_kubernetes_executor.py
[2023-11-04 21:08:50,006] {logging_mixin.py:115} INFO - [2023-11-04 21:08:50,006] {dag.py:2420} INFO - Sync 1 DAGs
[2023-11-04 21:08:50,026] {logging_mixin.py:115} INFO - [2023-11-04 21:08:50,026] {dag.py:2972} INFO - Setting next_dagrun for example_kubernetes_executor to None, run_after=None
[2023-11-04 21:08:50,036] {processor.py:161} INFO - Processing /home/airflow/.local/lib/python3.7/site-packages/airflow/example_dags/example_kubernetes_executor.py took 0.196 seconds
[2023-11-04 21:09:20,647] {processor.py:153} INFO - Started process (PID=427) to work on /home/airflow/.local/lib/python3.7/site-packages/airflow/example_dags/example_kubernetes_executor.py
[2023-11-04 21:09:20,648] {processor.py:641} INFO - Processing file /home/airflow/.local/lib/python3.7/site-packages/airflow/example_dags/example_kubernetes_executor.py for tasks to queue
[2023-11-04 21:09:20,649] {logging_mixin.py:115} INFO - [2023-11-04 21:09:20,649] {dagbag.py:508} INFO - Filling up the DagBag from /home/airflow/.local/lib/python3.7/site-packages/airflow/example_dags/example_kubernetes_executor.py
[2023-11-04 21:09:20,686] {processor.py:651} INFO - DAG(s) dict_keys(['example_kubernetes_executor']) retrieved from /home/airflow/.local/lib/python3.7/site-packages/airflow/example_dags/example_kubernetes_executor.py
[2023-11-04 21:09:20,863] {logging_mixin.py:115} INFO - [2023-11-04 21:09:20,863] {dag.py:2420} INFO - Sync 1 DAGs
[2023-11-04 21:09:20,894] {logging_mixin.py:115} INFO - [2023-11-04 21:09:20,893] {dag.py:2972} INFO - Setting next_dagrun for example_kubernetes_executor to None, run_after=None
[2023-11-04 21:09:20,910] {processor.py:161} INFO - Processing /home/airflow/.local/lib/python3.7/site-packages/airflow/example_dags/example_kubernetes_executor.py took 0.267 seconds
[2023-11-04 21:09:51,356] {processor.py:153} INFO - Started process (PID=489) to work on /home/airflow/.local/lib/python3.7/site-packages/airflow/example_dags/example_kubernetes_executor.py
[2023-11-04 21:09:51,357] {processor.py:641} INFO - Processing file /home/airflow/.local/lib/python3.7/site-packages/airflow/example_dags/example_kubernetes_executor.py for tasks to queue
[2023-11-04 21:09:51,358] {logging_mixin.py:115} INFO - [2023-11-04 21:09:51,358] {dagbag.py:508} INFO - Filling up the DagBag from /home/airflow/.local/lib/python3.7/site-packages/airflow/example_dags/example_kubernetes_executor.py
[2023-11-04 21:09:51,390] {processor.py:651} INFO - DAG(s) dict_keys(['example_kubernetes_executor']) retrieved from /home/airflow/.local/lib/python3.7/site-packages/airflow/example_dags/example_kubernetes_executor.py
[2023-11-04 21:09:51,534] {logging_mixin.py:115} INFO - [2023-11-04 21:09:51,534] {dag.py:2420} INFO - Sync 1 DAGs
[2023-11-04 21:09:51,568] {logging_mixin.py:115} INFO - [2023-11-04 21:09:51,568] {dag.py:2972} INFO - Setting next_dagrun for example_kubernetes_executor to None, run_after=None
[2023-11-04 21:09:51,586] {processor.py:161} INFO - Processing /home/airflow/.local/lib/python3.7/site-packages/airflow/example_dags/example_kubernetes_executor.py took 0.234 seconds
[2023-11-04 21:10:21,673] {processor.py:153} INFO - Started process (PID=542) to work on /home/airflow/.local/lib/python3.7/site-packages/airflow/example_dags/example_kubernetes_executor.py
[2023-11-04 21:10:21,674] {processor.py:641} INFO - Processing file /home/airflow/.local/lib/python3.7/site-packages/airflow/example_dags/example_kubernetes_executor.py for tasks to queue
[2023-11-04 21:10:21,675] {logging_mixin.py:115} INFO - [2023-11-04 21:10:21,674] {dagbag.py:508} INFO - Filling up the DagBag from /home/airflow/.local/lib/python3.7/site-packages/airflow/example_dags/example_kubernetes_executor.py
[2023-11-04 21:10:21,703] {processor.py:651} INFO - DAG(s) dict_keys(['example_kubernetes_executor']) retrieved from /home/airflow/.local/lib/python3.7/site-packages/airflow/example_dags/example_kubernetes_executor.py
[2023-11-04 21:10:21,866] {logging_mixin.py:115} INFO - [2023-11-04 21:10:21,866] {dag.py:2420} INFO - Sync 1 DAGs
[2023-11-04 21:10:21,892] {logging_mixin.py:115} INFO - [2023-11-04 21:10:21,892] {dag.py:2972} INFO - Setting next_dagrun for example_kubernetes_executor to None, run_after=None
[2023-11-04 21:10:21,909] {processor.py:161} INFO - Processing /home/airflow/.local/lib/python3.7/site-packages/airflow/example_dags/example_kubernetes_executor.py took 0.240 seconds
[2023-11-04 21:10:52,089] {processor.py:153} INFO - Started process (PID=604) to work on /home/airflow/.local/lib/python3.7/site-packages/airflow/example_dags/example_kubernetes_executor.py
[2023-11-04 21:10:52,090] {processor.py:641} INFO - Processing file /home/airflow/.local/lib/python3.7/site-packages/airflow/example_dags/example_kubernetes_executor.py for tasks to queue
[2023-11-04 21:10:52,090] {logging_mixin.py:115} INFO - [2023-11-04 21:10:52,090] {dagbag.py:508} INFO - Filling up the DagBag from /home/airflow/.local/lib/python3.7/site-packages/airflow/example_dags/example_kubernetes_executor.py
[2023-11-04 21:10:52,119] {processor.py:651} INFO - DAG(s) dict_keys(['example_kubernetes_executor']) retrieved from /home/airflow/.local/lib/python3.7/site-packages/airflow/example_dags/example_kubernetes_executor.py
[2023-11-04 21:10:52,255] {logging_mixin.py:115} INFO - [2023-11-04 21:10:52,254] {dag.py:2420} INFO - Sync 1 DAGs
[2023-11-04 21:10:52,278] {logging_mixin.py:115} INFO - [2023-11-04 21:10:52,278] {dag.py:2972} INFO - Setting next_dagrun for example_kubernetes_executor to None, run_after=None
[2023-11-04 21:10:52,291] {processor.py:161} INFO - Processing /home/airflow/.local/lib/python3.7/site-packages/airflow/example_dags/example_kubernetes_executor.py took 0.207 seconds
[2023-11-04 21:11:22,766] {processor.py:153} INFO - Started process (PID=664) to work on /home/airflow/.local/lib/python3.7/site-packages/airflow/example_dags/example_kubernetes_executor.py
[2023-11-04 21:11:22,767] {processor.py:641} INFO - Processing file /home/airflow/.local/lib/python3.7/site-packages/airflow/example_dags/example_kubernetes_executor.py for tasks to queue
[2023-11-04 21:11:22,769] {logging_mixin.py:115} INFO - [2023-11-04 21:11:22,769] {dagbag.py:508} INFO - Filling up the DagBag from /home/airflow/.local/lib/python3.7/site-packages/airflow/example_dags/example_kubernetes_executor.py
[2023-11-04 21:11:22,961] {processor.py:651} INFO - DAG(s) dict_keys(['example_kubernetes_executor']) retrieved from /home/airflow/.local/lib/python3.7/site-packages/airflow/example_dags/example_kubernetes_executor.py
[2023-11-04 21:11:23,011] {logging_mixin.py:115} INFO - [2023-11-04 21:11:23,010] {dag.py:2420} INFO - Sync 1 DAGs
[2023-11-04 21:11:23,051] {logging_mixin.py:115} INFO - [2023-11-04 21:11:23,051] {dag.py:2972} INFO - Setting next_dagrun for example_kubernetes_executor to None, run_after=None
[2023-11-04 21:11:23,067] {processor.py:161} INFO - Processing /home/airflow/.local/lib/python3.7/site-packages/airflow/example_dags/example_kubernetes_executor.py took 0.307 seconds
[2023-11-04 21:11:53,293] {processor.py:153} INFO - Started process (PID=719) to work on /home/airflow/.local/lib/python3.7/site-packages/airflow/example_dags/example_kubernetes_executor.py
[2023-11-04 21:11:53,294] {processor.py:641} INFO - Processing file /home/airflow/.local/lib/python3.7/site-packages/airflow/example_dags/example_kubernetes_executor.py for tasks to queue
[2023-11-04 21:11:53,295] {logging_mixin.py:115} INFO - [2023-11-04 21:11:53,294] {dagbag.py:508} INFO - Filling up the DagBag from /home/airflow/.local/lib/python3.7/site-packages/airflow/example_dags/example_kubernetes_executor.py
[2023-11-04 21:11:53,325] {processor.py:651} INFO - DAG(s) dict_keys(['example_kubernetes_executor']) retrieved from /home/airflow/.local/lib/python3.7/site-packages/airflow/example_dags/example_kubernetes_executor.py
[2023-11-04 21:11:53,532] {logging_mixin.py:115} INFO - [2023-11-04 21:11:53,532] {dag.py:2420} INFO - Sync 1 DAGs
[2023-11-04 21:11:53,570] {logging_mixin.py:115} INFO - [2023-11-04 21:11:53,570] {dag.py:2972} INFO - Setting next_dagrun for example_kubernetes_executor to None, run_after=None
[2023-11-04 21:11:53,588] {processor.py:161} INFO - Processing /home/airflow/.local/lib/python3.7/site-packages/airflow/example_dags/example_kubernetes_executor.py took 0.298 seconds
[2023-11-04 21:12:24,489] {processor.py:153} INFO - Started process (PID=781) to work on /home/airflow/.local/lib/python3.7/site-packages/airflow/example_dags/example_kubernetes_executor.py
[2023-11-04 21:12:24,490] {processor.py:641} INFO - Processing file /home/airflow/.local/lib/python3.7/site-packages/airflow/example_dags/example_kubernetes_executor.py for tasks to queue
[2023-11-04 21:12:24,492] {logging_mixin.py:115} INFO - [2023-11-04 21:12:24,492] {dagbag.py:508} INFO - Filling up the DagBag from /home/airflow/.local/lib/python3.7/site-packages/airflow/example_dags/example_kubernetes_executor.py
[2023-11-04 21:12:24,573] {processor.py:651} INFO - DAG(s) dict_keys(['example_kubernetes_executor']) retrieved from /home/airflow/.local/lib/python3.7/site-packages/airflow/example_dags/example_kubernetes_executor.py
[2023-11-04 21:12:24,961] {logging_mixin.py:115} INFO - [2023-11-04 21:12:24,961] {dag.py:2420} INFO - Sync 1 DAGs
[2023-11-04 21:12:24,998] {logging_mixin.py:115} INFO - [2023-11-04 21:12:24,998] {dag.py:2972} INFO - Setting next_dagrun for example_kubernetes_executor to None, run_after=None
[2023-11-04 21:12:25,019] {processor.py:161} INFO - Processing /home/airflow/.local/lib/python3.7/site-packages/airflow/example_dags/example_kubernetes_executor.py took 0.537 seconds
[2023-11-04 21:12:55,515] {processor.py:153} INFO - Started process (PID=834) to work on /home/airflow/.local/lib/python3.7/site-packages/airflow/example_dags/example_kubernetes_executor.py
[2023-11-04 21:12:55,517] {processor.py:641} INFO - Processing file /home/airflow/.local/lib/python3.7/site-packages/airflow/example_dags/example_kubernetes_executor.py for tasks to queue
[2023-11-04 21:12:55,518] {logging_mixin.py:115} INFO - [2023-11-04 21:12:55,518] {dagbag.py:508} INFO - Filling up the DagBag from /home/airflow/.local/lib/python3.7/site-packages/airflow/example_dags/example_kubernetes_executor.py
[2023-11-04 21:12:55,798] {processor.py:651} INFO - DAG(s) dict_keys(['example_kubernetes_executor']) retrieved from /home/airflow/.local/lib/python3.7/site-packages/airflow/example_dags/example_kubernetes_executor.py
[2023-11-04 21:12:55,857] {logging_mixin.py:115} INFO - [2023-11-04 21:12:55,857] {dag.py:2420} INFO - Sync 1 DAGs
[2023-11-04 21:12:55,915] {logging_mixin.py:115} INFO - [2023-11-04 21:12:55,915] {dag.py:2972} INFO - Setting next_dagrun for example_kubernetes_executor to None, run_after=None
[2023-11-04 21:12:55,949] {processor.py:161} INFO - Processing /home/airflow/.local/lib/python3.7/site-packages/airflow/example_dags/example_kubernetes_executor.py took 0.441 seconds
[2023-11-04 21:13:26,042] {processor.py:153} INFO - Started process (PID=887) to work on /home/airflow/.local/lib/python3.7/site-packages/airflow/example_dags/example_kubernetes_executor.py
[2023-11-04 21:13:26,044] {processor.py:641} INFO - Processing file /home/airflow/.local/lib/python3.7/site-packages/airflow/example_dags/example_kubernetes_executor.py for tasks to queue
[2023-11-04 21:13:26,046] {logging_mixin.py:115} INFO - [2023-11-04 21:13:26,046] {dagbag.py:508} INFO - Filling up the DagBag from /home/airflow/.local/lib/python3.7/site-packages/airflow/example_dags/example_kubernetes_executor.py
[2023-11-04 21:13:26,374] {processor.py:651} INFO - DAG(s) dict_keys(['example_kubernetes_executor']) retrieved from /home/airflow/.local/lib/python3.7/site-packages/airflow/example_dags/example_kubernetes_executor.py
[2023-11-04 21:13:26,418] {logging_mixin.py:115} INFO - [2023-11-04 21:13:26,418] {dag.py:2420} INFO - Sync 1 DAGs
[2023-11-04 21:13:26,463] {logging_mixin.py:115} INFO - [2023-11-04 21:13:26,463] {dag.py:2972} INFO - Setting next_dagrun for example_kubernetes_executor to None, run_after=None
[2023-11-04 21:13:26,493] {processor.py:161} INFO - Processing /home/airflow/.local/lib/python3.7/site-packages/airflow/example_dags/example_kubernetes_executor.py took 0.459 seconds
[2023-11-04 21:15:26,144] {processor.py:153} INFO - Started process (PID=79) to work on /home/airflow/.local/lib/python3.7/site-packages/airflow/example_dags/example_kubernetes_executor.py
[2023-11-04 21:15:26,146] {processor.py:641} INFO - Processing file /home/airflow/.local/lib/python3.7/site-packages/airflow/example_dags/example_kubernetes_executor.py for tasks to queue
[2023-11-04 21:15:26,148] {logging_mixin.py:115} INFO - [2023-11-04 21:15:26,148] {dagbag.py:508} INFO - Filling up the DagBag from /home/airflow/.local/lib/python3.7/site-packages/airflow/example_dags/example_kubernetes_executor.py
[2023-11-04 21:15:26,256] {processor.py:651} INFO - DAG(s) dict_keys(['example_kubernetes_executor']) retrieved from /home/airflow/.local/lib/python3.7/site-packages/airflow/example_dags/example_kubernetes_executor.py
[2023-11-04 21:15:26,650] {logging_mixin.py:115} INFO - [2023-11-04 21:15:26,650] {dag.py:2420} INFO - Sync 1 DAGs
[2023-11-04 21:15:26,741] {logging_mixin.py:115} INFO - [2023-11-04 21:15:26,741] {dag.py:2972} INFO - Setting next_dagrun for example_kubernetes_executor to None, run_after=None
[2023-11-04 21:15:26,864] {processor.py:161} INFO - Processing /home/airflow/.local/lib/python3.7/site-packages/airflow/example_dags/example_kubernetes_executor.py took 0.731 seconds
[2023-11-04 21:15:57,088] {processor.py:153} INFO - Started process (PID=134) to work on /home/airflow/.local/lib/python3.7/site-packages/airflow/example_dags/example_kubernetes_executor.py
[2023-11-04 21:15:57,090] {processor.py:641} INFO - Processing file /home/airflow/.local/lib/python3.7/site-packages/airflow/example_dags/example_kubernetes_executor.py for tasks to queue
[2023-11-04 21:15:57,092] {logging_mixin.py:115} INFO - [2023-11-04 21:15:57,092] {dagbag.py:508} INFO - Filling up the DagBag from /home/airflow/.local/lib/python3.7/site-packages/airflow/example_dags/example_kubernetes_executor.py
[2023-11-04 21:15:57,177] {processor.py:651} INFO - DAG(s) dict_keys(['example_kubernetes_executor']) retrieved from /home/airflow/.local/lib/python3.7/site-packages/airflow/example_dags/example_kubernetes_executor.py
[2023-11-04 21:15:57,491] {logging_mixin.py:115} INFO - [2023-11-04 21:15:57,490] {dag.py:2420} INFO - Sync 1 DAGs
[2023-11-04 21:15:57,561] {logging_mixin.py:115} INFO - [2023-11-04 21:15:57,561] {dag.py:2972} INFO - Setting next_dagrun for example_kubernetes_executor to None, run_after=None
[2023-11-04 21:15:57,591] {processor.py:161} INFO - Processing /home/airflow/.local/lib/python3.7/site-packages/airflow/example_dags/example_kubernetes_executor.py took 0.513 seconds
[2023-11-04 21:16:28,195] {processor.py:153} INFO - Started process (PID=187) to work on /home/airflow/.local/lib/python3.7/site-packages/airflow/example_dags/example_kubernetes_executor.py
[2023-11-04 21:16:28,197] {processor.py:641} INFO - Processing file /home/airflow/.local/lib/python3.7/site-packages/airflow/example_dags/example_kubernetes_executor.py for tasks to queue
[2023-11-04 21:16:28,198] {logging_mixin.py:115} INFO - [2023-11-04 21:16:28,198] {dagbag.py:508} INFO - Filling up the DagBag from /home/airflow/.local/lib/python3.7/site-packages/airflow/example_dags/example_kubernetes_executor.py
[2023-11-04 21:16:28,306] {processor.py:651} INFO - DAG(s) dict_keys(['example_kubernetes_executor']) retrieved from /home/airflow/.local/lib/python3.7/site-packages/airflow/example_dags/example_kubernetes_executor.py
[2023-11-04 21:16:28,567] {logging_mixin.py:115} INFO - [2023-11-04 21:16:28,567] {dag.py:2420} INFO - Sync 1 DAGs
[2023-11-04 21:16:28,622] {logging_mixin.py:115} INFO - [2023-11-04 21:16:28,622] {dag.py:2972} INFO - Setting next_dagrun for example_kubernetes_executor to None, run_after=None
[2023-11-04 21:16:28,653] {processor.py:161} INFO - Processing /home/airflow/.local/lib/python3.7/site-packages/airflow/example_dags/example_kubernetes_executor.py took 0.465 seconds
[2023-11-04 21:16:58,749] {processor.py:153} INFO - Started process (PID=240) to work on /home/airflow/.local/lib/python3.7/site-packages/airflow/example_dags/example_kubernetes_executor.py
[2023-11-04 21:16:58,750] {processor.py:641} INFO - Processing file /home/airflow/.local/lib/python3.7/site-packages/airflow/example_dags/example_kubernetes_executor.py for tasks to queue
[2023-11-04 21:16:58,753] {logging_mixin.py:115} INFO - [2023-11-04 21:16:58,752] {dagbag.py:508} INFO - Filling up the DagBag from /home/airflow/.local/lib/python3.7/site-packages/airflow/example_dags/example_kubernetes_executor.py
[2023-11-04 21:16:58,834] {processor.py:651} INFO - DAG(s) dict_keys(['example_kubernetes_executor']) retrieved from /home/airflow/.local/lib/python3.7/site-packages/airflow/example_dags/example_kubernetes_executor.py
[2023-11-04 21:16:59,203] {logging_mixin.py:115} INFO - [2023-11-04 21:16:59,203] {dag.py:2420} INFO - Sync 1 DAGs
[2023-11-04 21:16:59,258] {logging_mixin.py:115} INFO - [2023-11-04 21:16:59,258] {dag.py:2972} INFO - Setting next_dagrun for example_kubernetes_executor to None, run_after=None
[2023-11-04 21:16:59,295] {processor.py:161} INFO - Processing /home/airflow/.local/lib/python3.7/site-packages/airflow/example_dags/example_kubernetes_executor.py took 0.555 seconds
[2023-11-04 21:17:30,583] {processor.py:153} INFO - Started process (PID=293) to work on /home/airflow/.local/lib/python3.7/site-packages/airflow/example_dags/example_kubernetes_executor.py
[2023-11-04 21:17:30,585] {processor.py:641} INFO - Processing file /home/airflow/.local/lib/python3.7/site-packages/airflow/example_dags/example_kubernetes_executor.py for tasks to queue
[2023-11-04 21:17:30,587] {logging_mixin.py:115} INFO - [2023-11-04 21:17:30,587] {dagbag.py:508} INFO - Filling up the DagBag from /home/airflow/.local/lib/python3.7/site-packages/airflow/example_dags/example_kubernetes_executor.py
[2023-11-04 21:17:30,656] {processor.py:651} INFO - DAG(s) dict_keys(['example_kubernetes_executor']) retrieved from /home/airflow/.local/lib/python3.7/site-packages/airflow/example_dags/example_kubernetes_executor.py
[2023-11-04 21:17:30,891] {logging_mixin.py:115} INFO - [2023-11-04 21:17:30,891] {dag.py:2420} INFO - Sync 1 DAGs
[2023-11-04 21:17:30,945] {logging_mixin.py:115} INFO - [2023-11-04 21:17:30,945] {dag.py:2972} INFO - Setting next_dagrun for example_kubernetes_executor to None, run_after=None
[2023-11-04 21:17:30,975] {processor.py:161} INFO - Processing /home/airflow/.local/lib/python3.7/site-packages/airflow/example_dags/example_kubernetes_executor.py took 0.399 seconds
[2023-11-04 21:18:01,769] {processor.py:153} INFO - Started process (PID=355) to work on /home/airflow/.local/lib/python3.7/site-packages/airflow/example_dags/example_kubernetes_executor.py
[2023-11-04 21:18:01,771] {processor.py:641} INFO - Processing file /home/airflow/.local/lib/python3.7/site-packages/airflow/example_dags/example_kubernetes_executor.py for tasks to queue
[2023-11-04 21:18:01,773] {logging_mixin.py:115} INFO - [2023-11-04 21:18:01,773] {dagbag.py:508} INFO - Filling up the DagBag from /home/airflow/.local/lib/python3.7/site-packages/airflow/example_dags/example_kubernetes_executor.py
[2023-11-04 21:18:01,844] {processor.py:651} INFO - DAG(s) dict_keys(['example_kubernetes_executor']) retrieved from /home/airflow/.local/lib/python3.7/site-packages/airflow/example_dags/example_kubernetes_executor.py
[2023-11-04 21:18:02,092] {logging_mixin.py:115} INFO - [2023-11-04 21:18:02,092] {dag.py:2420} INFO - Sync 1 DAGs
[2023-11-04 21:18:02,148] {logging_mixin.py:115} INFO - [2023-11-04 21:18:02,148] {dag.py:2972} INFO - Setting next_dagrun for example_kubernetes_executor to None, run_after=None
[2023-11-04 21:18:02,178] {processor.py:161} INFO - Processing /home/airflow/.local/lib/python3.7/site-packages/airflow/example_dags/example_kubernetes_executor.py took 0.419 seconds
[2023-11-04 21:18:32,868] {processor.py:153} INFO - Started process (PID=408) to work on /home/airflow/.local/lib/python3.7/site-packages/airflow/example_dags/example_kubernetes_executor.py
[2023-11-04 21:18:32,869] {processor.py:641} INFO - Processing file /home/airflow/.local/lib/python3.7/site-packages/airflow/example_dags/example_kubernetes_executor.py for tasks to queue
[2023-11-04 21:18:32,871] {logging_mixin.py:115} INFO - [2023-11-04 21:18:32,870] {dagbag.py:508} INFO - Filling up the DagBag from /home/airflow/.local/lib/python3.7/site-packages/airflow/example_dags/example_kubernetes_executor.py
[2023-11-04 21:18:32,931] {processor.py:651} INFO - DAG(s) dict_keys(['example_kubernetes_executor']) retrieved from /home/airflow/.local/lib/python3.7/site-packages/airflow/example_dags/example_kubernetes_executor.py
[2023-11-04 21:18:33,210] {logging_mixin.py:115} INFO - [2023-11-04 21:18:33,210] {dag.py:2420} INFO - Sync 1 DAGs
[2023-11-04 21:18:33,263] {logging_mixin.py:115} INFO - [2023-11-04 21:18:33,263] {dag.py:2972} INFO - Setting next_dagrun for example_kubernetes_executor to None, run_after=None
[2023-11-04 21:18:33,294] {processor.py:161} INFO - Processing /home/airflow/.local/lib/python3.7/site-packages/airflow/example_dags/example_kubernetes_executor.py took 0.432 seconds
[2023-11-04 21:19:03,570] {processor.py:153} INFO - Started process (PID=477) to work on /home/airflow/.local/lib/python3.7/site-packages/airflow/example_dags/example_kubernetes_executor.py
[2023-11-04 21:19:03,571] {processor.py:641} INFO - Processing file /home/airflow/.local/lib/python3.7/site-packages/airflow/example_dags/example_kubernetes_executor.py for tasks to queue
[2023-11-04 21:19:03,572] {logging_mixin.py:115} INFO - [2023-11-04 21:19:03,572] {dagbag.py:508} INFO - Filling up the DagBag from /home/airflow/.local/lib/python3.7/site-packages/airflow/example_dags/example_kubernetes_executor.py
[2023-11-04 21:19:03,615] {processor.py:651} INFO - DAG(s) dict_keys(['example_kubernetes_executor']) retrieved from /home/airflow/.local/lib/python3.7/site-packages/airflow/example_dags/example_kubernetes_executor.py
[2023-11-04 21:19:03,789] {logging_mixin.py:115} INFO - [2023-11-04 21:19:03,788] {dag.py:2420} INFO - Sync 1 DAGs
[2023-11-04 21:19:03,814] {logging_mixin.py:115} INFO - [2023-11-04 21:19:03,814] {dag.py:2972} INFO - Setting next_dagrun for example_kubernetes_executor to None, run_after=None
[2023-11-04 21:19:03,829] {processor.py:161} INFO - Processing /home/airflow/.local/lib/python3.7/site-packages/airflow/example_dags/example_kubernetes_executor.py took 0.264 seconds
[2023-11-04 21:19:33,955] {processor.py:153} INFO - Started process (PID=540) to work on /home/airflow/.local/lib/python3.7/site-packages/airflow/example_dags/example_kubernetes_executor.py
[2023-11-04 21:19:33,956] {processor.py:641} INFO - Processing file /home/airflow/.local/lib/python3.7/site-packages/airflow/example_dags/example_kubernetes_executor.py for tasks to queue
[2023-11-04 21:19:33,956] {logging_mixin.py:115} INFO - [2023-11-04 21:19:33,956] {dagbag.py:508} INFO - Filling up the DagBag from /home/airflow/.local/lib/python3.7/site-packages/airflow/example_dags/example_kubernetes_executor.py
[2023-11-04 21:19:33,987] {processor.py:651} INFO - DAG(s) dict_keys(['example_kubernetes_executor']) retrieved from /home/airflow/.local/lib/python3.7/site-packages/airflow/example_dags/example_kubernetes_executor.py
[2023-11-04 21:19:34,140] {logging_mixin.py:115} INFO - [2023-11-04 21:19:34,140] {dag.py:2420} INFO - Sync 1 DAGs
[2023-11-04 21:19:34,164] {logging_mixin.py:115} INFO - [2023-11-04 21:19:34,164] {dag.py:2972} INFO - Setting next_dagrun for example_kubernetes_executor to None, run_after=None
[2023-11-04 21:19:34,178] {processor.py:161} INFO - Processing /home/airflow/.local/lib/python3.7/site-packages/airflow/example_dags/example_kubernetes_executor.py took 0.228 seconds
[2023-11-04 21:20:04,454] {processor.py:153} INFO - Started process (PID=593) to work on /home/airflow/.local/lib/python3.7/site-packages/airflow/example_dags/example_kubernetes_executor.py
[2023-11-04 21:20:04,456] {processor.py:641} INFO - Processing file /home/airflow/.local/lib/python3.7/site-packages/airflow/example_dags/example_kubernetes_executor.py for tasks to queue
[2023-11-04 21:20:04,457] {logging_mixin.py:115} INFO - [2023-11-04 21:20:04,457] {dagbag.py:508} INFO - Filling up the DagBag from /home/airflow/.local/lib/python3.7/site-packages/airflow/example_dags/example_kubernetes_executor.py
[2023-11-04 21:20:04,499] {processor.py:651} INFO - DAG(s) dict_keys(['example_kubernetes_executor']) retrieved from /home/airflow/.local/lib/python3.7/site-packages/airflow/example_dags/example_kubernetes_executor.py
[2023-11-04 21:20:04,663] {logging_mixin.py:115} INFO - [2023-11-04 21:20:04,663] {dag.py:2420} INFO - Sync 1 DAGs
[2023-11-04 21:20:04,688] {logging_mixin.py:115} INFO - [2023-11-04 21:20:04,688] {dag.py:2972} INFO - Setting next_dagrun for example_kubernetes_executor to None, run_after=None
[2023-11-04 21:20:04,703] {processor.py:161} INFO - Processing /home/airflow/.local/lib/python3.7/site-packages/airflow/example_dags/example_kubernetes_executor.py took 0.253 seconds
[2023-11-04 21:20:35,039] {processor.py:153} INFO - Started process (PID=655) to work on /home/airflow/.local/lib/python3.7/site-packages/airflow/example_dags/example_kubernetes_executor.py
[2023-11-04 21:20:35,040] {processor.py:641} INFO - Processing file /home/airflow/.local/lib/python3.7/site-packages/airflow/example_dags/example_kubernetes_executor.py for tasks to queue
[2023-11-04 21:20:35,040] {logging_mixin.py:115} INFO - [2023-11-04 21:20:35,040] {dagbag.py:508} INFO - Filling up the DagBag from /home/airflow/.local/lib/python3.7/site-packages/airflow/example_dags/example_kubernetes_executor.py
[2023-11-04 21:20:35,205] {processor.py:651} INFO - DAG(s) dict_keys(['example_kubernetes_executor']) retrieved from /home/airflow/.local/lib/python3.7/site-packages/airflow/example_dags/example_kubernetes_executor.py
[2023-11-04 21:20:35,245] {logging_mixin.py:115} INFO - [2023-11-04 21:20:35,245] {dag.py:2420} INFO - Sync 1 DAGs
[2023-11-04 21:20:35,272] {logging_mixin.py:115} INFO - [2023-11-04 21:20:35,272] {dag.py:2972} INFO - Setting next_dagrun for example_kubernetes_executor to None, run_after=None
[2023-11-04 21:20:35,292] {processor.py:161} INFO - Processing /home/airflow/.local/lib/python3.7/site-packages/airflow/example_dags/example_kubernetes_executor.py took 0.257 seconds
[2023-11-04 21:21:05,676] {processor.py:153} INFO - Started process (PID=708) to work on /home/airflow/.local/lib/python3.7/site-packages/airflow/example_dags/example_kubernetes_executor.py
[2023-11-04 21:21:05,679] {processor.py:641} INFO - Processing file /home/airflow/.local/lib/python3.7/site-packages/airflow/example_dags/example_kubernetes_executor.py for tasks to queue
[2023-11-04 21:21:05,682] {logging_mixin.py:115} INFO - [2023-11-04 21:21:05,682] {dagbag.py:508} INFO - Filling up the DagBag from /home/airflow/.local/lib/python3.7/site-packages/airflow/example_dags/example_kubernetes_executor.py
[2023-11-04 21:21:05,942] {processor.py:651} INFO - DAG(s) dict_keys(['example_kubernetes_executor']) retrieved from /home/airflow/.local/lib/python3.7/site-packages/airflow/example_dags/example_kubernetes_executor.py
[2023-11-04 21:21:05,974] {logging_mixin.py:115} INFO - [2023-11-04 21:21:05,974] {dag.py:2420} INFO - Sync 1 DAGs
[2023-11-04 21:21:06,001] {logging_mixin.py:115} INFO - [2023-11-04 21:21:06,001] {dag.py:2972} INFO - Setting next_dagrun for example_kubernetes_executor to None, run_after=None
[2023-11-04 21:21:06,018] {processor.py:161} INFO - Processing /home/airflow/.local/lib/python3.7/site-packages/airflow/example_dags/example_kubernetes_executor.py took 0.347 seconds
[2023-11-04 21:21:36,958] {processor.py:153} INFO - Started process (PID=771) to work on /home/airflow/.local/lib/python3.7/site-packages/airflow/example_dags/example_kubernetes_executor.py
[2023-11-04 21:21:36,959] {processor.py:641} INFO - Processing file /home/airflow/.local/lib/python3.7/site-packages/airflow/example_dags/example_kubernetes_executor.py for tasks to queue
[2023-11-04 21:21:36,960] {logging_mixin.py:115} INFO - [2023-11-04 21:21:36,960] {dagbag.py:508} INFO - Filling up the DagBag from /home/airflow/.local/lib/python3.7/site-packages/airflow/example_dags/example_kubernetes_executor.py
[2023-11-04 21:21:37,134] {processor.py:651} INFO - DAG(s) dict_keys(['example_kubernetes_executor']) retrieved from /home/airflow/.local/lib/python3.7/site-packages/airflow/example_dags/example_kubernetes_executor.py
[2023-11-04 21:21:37,164] {logging_mixin.py:115} INFO - [2023-11-04 21:21:37,164] {dag.py:2420} INFO - Sync 1 DAGs
[2023-11-04 21:21:37,192] {logging_mixin.py:115} INFO - [2023-11-04 21:21:37,192] {dag.py:2972} INFO - Setting next_dagrun for example_kubernetes_executor to None, run_after=None
[2023-11-04 21:21:37,208] {processor.py:161} INFO - Processing /home/airflow/.local/lib/python3.7/site-packages/airflow/example_dags/example_kubernetes_executor.py took 0.254 seconds
[2023-11-04 21:22:07,671] {processor.py:153} INFO - Started process (PID=833) to work on /home/airflow/.local/lib/python3.7/site-packages/airflow/example_dags/example_kubernetes_executor.py
[2023-11-04 21:22:07,672] {processor.py:641} INFO - Processing file /home/airflow/.local/lib/python3.7/site-packages/airflow/example_dags/example_kubernetes_executor.py for tasks to queue
[2023-11-04 21:22:07,673] {logging_mixin.py:115} INFO - [2023-11-04 21:22:07,672] {dagbag.py:508} INFO - Filling up the DagBag from /home/airflow/.local/lib/python3.7/site-packages/airflow/example_dags/example_kubernetes_executor.py
[2023-11-04 21:22:07,815] {processor.py:651} INFO - DAG(s) dict_keys(['example_kubernetes_executor']) retrieved from /home/airflow/.local/lib/python3.7/site-packages/airflow/example_dags/example_kubernetes_executor.py
[2023-11-04 21:22:07,844] {logging_mixin.py:115} INFO - [2023-11-04 21:22:07,844] {dag.py:2420} INFO - Sync 1 DAGs
[2023-11-04 21:22:07,870] {logging_mixin.py:115} INFO - [2023-11-04 21:22:07,870] {dag.py:2972} INFO - Setting next_dagrun for example_kubernetes_executor to None, run_after=None
[2023-11-04 21:22:07,884] {processor.py:161} INFO - Processing /home/airflow/.local/lib/python3.7/site-packages/airflow/example_dags/example_kubernetes_executor.py took 0.216 seconds
[2023-11-04 21:22:38,753] {processor.py:153} INFO - Started process (PID=886) to work on /home/airflow/.local/lib/python3.7/site-packages/airflow/example_dags/example_kubernetes_executor.py
[2023-11-04 21:22:38,756] {processor.py:641} INFO - Processing file /home/airflow/.local/lib/python3.7/site-packages/airflow/example_dags/example_kubernetes_executor.py for tasks to queue
[2023-11-04 21:22:38,774] {logging_mixin.py:115} INFO - [2023-11-04 21:22:38,774] {dagbag.py:508} INFO - Filling up the DagBag from /home/airflow/.local/lib/python3.7/site-packages/airflow/example_dags/example_kubernetes_executor.py
[2023-11-04 21:22:38,949] {processor.py:651} INFO - DAG(s) dict_keys(['example_kubernetes_executor']) retrieved from /home/airflow/.local/lib/python3.7/site-packages/airflow/example_dags/example_kubernetes_executor.py
[2023-11-04 21:22:38,981] {logging_mixin.py:115} INFO - [2023-11-04 21:22:38,981] {dag.py:2420} INFO - Sync 1 DAGs
[2023-11-04 21:22:39,006] {logging_mixin.py:115} INFO - [2023-11-04 21:22:39,006] {dag.py:2972} INFO - Setting next_dagrun for example_kubernetes_executor to None, run_after=None
[2023-11-04 21:22:39,020] {processor.py:161} INFO - Processing /home/airflow/.local/lib/python3.7/site-packages/airflow/example_dags/example_kubernetes_executor.py took 0.271 seconds
[2023-11-04 21:23:09,354] {processor.py:153} INFO - Started process (PID=948) to work on /home/airflow/.local/lib/python3.7/site-packages/airflow/example_dags/example_kubernetes_executor.py
[2023-11-04 21:23:09,355] {processor.py:641} INFO - Processing file /home/airflow/.local/lib/python3.7/site-packages/airflow/example_dags/example_kubernetes_executor.py for tasks to queue
[2023-11-04 21:23:09,356] {logging_mixin.py:115} INFO - [2023-11-04 21:23:09,355] {dagbag.py:508} INFO - Filling up the DagBag from /home/airflow/.local/lib/python3.7/site-packages/airflow/example_dags/example_kubernetes_executor.py
[2023-11-04 21:23:09,501] {processor.py:651} INFO - DAG(s) dict_keys(['example_kubernetes_executor']) retrieved from /home/airflow/.local/lib/python3.7/site-packages/airflow/example_dags/example_kubernetes_executor.py
[2023-11-04 21:23:09,535] {logging_mixin.py:115} INFO - [2023-11-04 21:23:09,535] {dag.py:2420} INFO - Sync 1 DAGs
[2023-11-04 21:23:09,560] {logging_mixin.py:115} INFO - [2023-11-04 21:23:09,560] {dag.py:2972} INFO - Setting next_dagrun for example_kubernetes_executor to None, run_after=None
[2023-11-04 21:23:09,575] {processor.py:161} INFO - Processing /home/airflow/.local/lib/python3.7/site-packages/airflow/example_dags/example_kubernetes_executor.py took 0.224 seconds
[2023-11-04 21:23:39,831] {processor.py:153} INFO - Started process (PID=1010) to work on /home/airflow/.local/lib/python3.7/site-packages/airflow/example_dags/example_kubernetes_executor.py
[2023-11-04 21:23:39,832] {processor.py:641} INFO - Processing file /home/airflow/.local/lib/python3.7/site-packages/airflow/example_dags/example_kubernetes_executor.py for tasks to queue
[2023-11-04 21:23:39,833] {logging_mixin.py:115} INFO - [2023-11-04 21:23:39,832] {dagbag.py:508} INFO - Filling up the DagBag from /home/airflow/.local/lib/python3.7/site-packages/airflow/example_dags/example_kubernetes_executor.py
[2023-11-04 21:23:39,970] {processor.py:651} INFO - DAG(s) dict_keys(['example_kubernetes_executor']) retrieved from /home/airflow/.local/lib/python3.7/site-packages/airflow/example_dags/example_kubernetes_executor.py
[2023-11-04 21:23:39,998] {logging_mixin.py:115} INFO - [2023-11-04 21:23:39,998] {dag.py:2420} INFO - Sync 1 DAGs
[2023-11-04 21:23:40,037] {logging_mixin.py:115} INFO - [2023-11-04 21:23:40,037] {dag.py:2972} INFO - Setting next_dagrun for example_kubernetes_executor to None, run_after=None
[2023-11-04 21:23:40,048] {processor.py:161} INFO - Processing /home/airflow/.local/lib/python3.7/site-packages/airflow/example_dags/example_kubernetes_executor.py took 0.221 seconds
[2023-11-04 21:24:10,313] {processor.py:153} INFO - Started process (PID=1063) to work on /home/airflow/.local/lib/python3.7/site-packages/airflow/example_dags/example_kubernetes_executor.py
[2023-11-04 21:24:10,314] {processor.py:641} INFO - Processing file /home/airflow/.local/lib/python3.7/site-packages/airflow/example_dags/example_kubernetes_executor.py for tasks to queue
[2023-11-04 21:24:10,314] {logging_mixin.py:115} INFO - [2023-11-04 21:24:10,314] {dagbag.py:508} INFO - Filling up the DagBag from /home/airflow/.local/lib/python3.7/site-packages/airflow/example_dags/example_kubernetes_executor.py
[2023-11-04 21:24:10,457] {processor.py:651} INFO - DAG(s) dict_keys(['example_kubernetes_executor']) retrieved from /home/airflow/.local/lib/python3.7/site-packages/airflow/example_dags/example_kubernetes_executor.py
[2023-11-04 21:24:10,484] {logging_mixin.py:115} INFO - [2023-11-04 21:24:10,484] {dag.py:2420} INFO - Sync 1 DAGs
[2023-11-04 21:24:10,506] {logging_mixin.py:115} INFO - [2023-11-04 21:24:10,506] {dag.py:2972} INFO - Setting next_dagrun for example_kubernetes_executor to None, run_after=None
[2023-11-04 21:24:10,518] {processor.py:161} INFO - Processing /home/airflow/.local/lib/python3.7/site-packages/airflow/example_dags/example_kubernetes_executor.py took 0.210 seconds
[2023-11-04 21:24:40,783] {processor.py:153} INFO - Started process (PID=1125) to work on /home/airflow/.local/lib/python3.7/site-packages/airflow/example_dags/example_kubernetes_executor.py
[2023-11-04 21:24:40,784] {processor.py:641} INFO - Processing file /home/airflow/.local/lib/python3.7/site-packages/airflow/example_dags/example_kubernetes_executor.py for tasks to queue
[2023-11-04 21:24:40,785] {logging_mixin.py:115} INFO - [2023-11-04 21:24:40,785] {dagbag.py:508} INFO - Filling up the DagBag from /home/airflow/.local/lib/python3.7/site-packages/airflow/example_dags/example_kubernetes_executor.py
[2023-11-04 21:24:40,921] {processor.py:651} INFO - DAG(s) dict_keys(['example_kubernetes_executor']) retrieved from /home/airflow/.local/lib/python3.7/site-packages/airflow/example_dags/example_kubernetes_executor.py
[2023-11-04 21:24:40,950] {logging_mixin.py:115} INFO - [2023-11-04 21:24:40,950] {dag.py:2420} INFO - Sync 1 DAGs
[2023-11-04 21:24:40,973] {logging_mixin.py:115} INFO - [2023-11-04 21:24:40,973] {dag.py:2972} INFO - Setting next_dagrun for example_kubernetes_executor to None, run_after=None
[2023-11-04 21:24:40,985] {processor.py:161} INFO - Processing /home/airflow/.local/lib/python3.7/site-packages/airflow/example_dags/example_kubernetes_executor.py took 0.205 seconds
[2023-11-04 21:25:11,285] {processor.py:153} INFO - Started process (PID=1187) to work on /home/airflow/.local/lib/python3.7/site-packages/airflow/example_dags/example_kubernetes_executor.py
[2023-11-04 21:25:11,286] {processor.py:641} INFO - Processing file /home/airflow/.local/lib/python3.7/site-packages/airflow/example_dags/example_kubernetes_executor.py for tasks to queue
[2023-11-04 21:25:11,287] {logging_mixin.py:115} INFO - [2023-11-04 21:25:11,287] {dagbag.py:508} INFO - Filling up the DagBag from /home/airflow/.local/lib/python3.7/site-packages/airflow/example_dags/example_kubernetes_executor.py
[2023-11-04 21:25:11,431] {processor.py:651} INFO - DAG(s) dict_keys(['example_kubernetes_executor']) retrieved from /home/airflow/.local/lib/python3.7/site-packages/airflow/example_dags/example_kubernetes_executor.py
[2023-11-04 21:25:11,460] {logging_mixin.py:115} INFO - [2023-11-04 21:25:11,460] {dag.py:2420} INFO - Sync 1 DAGs
[2023-11-04 21:25:11,484] {logging_mixin.py:115} INFO - [2023-11-04 21:25:11,483] {dag.py:2972} INFO - Setting next_dagrun for example_kubernetes_executor to None, run_after=None
[2023-11-04 21:25:11,508] {processor.py:161} INFO - Processing /home/airflow/.local/lib/python3.7/site-packages/airflow/example_dags/example_kubernetes_executor.py took 0.226 seconds
[2023-11-04 21:25:41,815] {processor.py:153} INFO - Started process (PID=1240) to work on /home/airflow/.local/lib/python3.7/site-packages/airflow/example_dags/example_kubernetes_executor.py
[2023-11-04 21:25:41,815] {processor.py:641} INFO - Processing file /home/airflow/.local/lib/python3.7/site-packages/airflow/example_dags/example_kubernetes_executor.py for tasks to queue
[2023-11-04 21:25:41,816] {logging_mixin.py:115} INFO - [2023-11-04 21:25:41,816] {dagbag.py:508} INFO - Filling up the DagBag from /home/airflow/.local/lib/python3.7/site-packages/airflow/example_dags/example_kubernetes_executor.py
[2023-11-04 21:25:41,955] {processor.py:651} INFO - DAG(s) dict_keys(['example_kubernetes_executor']) retrieved from /home/airflow/.local/lib/python3.7/site-packages/airflow/example_dags/example_kubernetes_executor.py
[2023-11-04 21:25:41,983] {logging_mixin.py:115} INFO - [2023-11-04 21:25:41,983] {dag.py:2420} INFO - Sync 1 DAGs
[2023-11-04 21:25:42,005] {logging_mixin.py:115} INFO - [2023-11-04 21:25:42,005] {dag.py:2972} INFO - Setting next_dagrun for example_kubernetes_executor to None, run_after=None
[2023-11-04 21:25:42,017] {processor.py:161} INFO - Processing /home/airflow/.local/lib/python3.7/site-packages/airflow/example_dags/example_kubernetes_executor.py took 0.206 seconds
[2023-11-04 21:26:12,597] {processor.py:153} INFO - Started process (PID=1302) to work on /home/airflow/.local/lib/python3.7/site-packages/airflow/example_dags/example_kubernetes_executor.py
[2023-11-04 21:26:12,598] {processor.py:641} INFO - Processing file /home/airflow/.local/lib/python3.7/site-packages/airflow/example_dags/example_kubernetes_executor.py for tasks to queue
[2023-11-04 21:26:12,598] {logging_mixin.py:115} INFO - [2023-11-04 21:26:12,598] {dagbag.py:508} INFO - Filling up the DagBag from /home/airflow/.local/lib/python3.7/site-packages/airflow/example_dags/example_kubernetes_executor.py
[2023-11-04 21:26:12,754] {processor.py:651} INFO - DAG(s) dict_keys(['example_kubernetes_executor']) retrieved from /home/airflow/.local/lib/python3.7/site-packages/airflow/example_dags/example_kubernetes_executor.py
[2023-11-04 21:26:12,785] {logging_mixin.py:115} INFO - [2023-11-04 21:26:12,785] {dag.py:2420} INFO - Sync 1 DAGs
[2023-11-04 21:26:12,813] {logging_mixin.py:115} INFO - [2023-11-04 21:26:12,813] {dag.py:2972} INFO - Setting next_dagrun for example_kubernetes_executor to None, run_after=None
[2023-11-04 21:26:12,834] {processor.py:161} INFO - Processing /home/airflow/.local/lib/python3.7/site-packages/airflow/example_dags/example_kubernetes_executor.py took 0.240 seconds
[2023-11-04 21:26:43,184] {processor.py:153} INFO - Started process (PID=1364) to work on /home/airflow/.local/lib/python3.7/site-packages/airflow/example_dags/example_kubernetes_executor.py
[2023-11-04 21:26:43,187] {processor.py:641} INFO - Processing file /home/airflow/.local/lib/python3.7/site-packages/airflow/example_dags/example_kubernetes_executor.py for tasks to queue
[2023-11-04 21:26:43,188] {logging_mixin.py:115} INFO - [2023-11-04 21:26:43,188] {dagbag.py:508} INFO - Filling up the DagBag from /home/airflow/.local/lib/python3.7/site-packages/airflow/example_dags/example_kubernetes_executor.py
[2023-11-04 21:26:43,333] {processor.py:651} INFO - DAG(s) dict_keys(['example_kubernetes_executor']) retrieved from /home/airflow/.local/lib/python3.7/site-packages/airflow/example_dags/example_kubernetes_executor.py
[2023-11-04 21:26:43,362] {logging_mixin.py:115} INFO - [2023-11-04 21:26:43,362] {dag.py:2420} INFO - Sync 1 DAGs
[2023-11-04 21:26:43,387] {logging_mixin.py:115} INFO - [2023-11-04 21:26:43,387] {dag.py:2972} INFO - Setting next_dagrun for example_kubernetes_executor to None, run_after=None
[2023-11-04 21:26:43,402] {processor.py:161} INFO - Processing /home/airflow/.local/lib/python3.7/site-packages/airflow/example_dags/example_kubernetes_executor.py took 0.222 seconds
[2023-11-04 21:27:13,907] {processor.py:153} INFO - Started process (PID=1417) to work on /home/airflow/.local/lib/python3.7/site-packages/airflow/example_dags/example_kubernetes_executor.py
[2023-11-04 21:27:13,908] {processor.py:641} INFO - Processing file /home/airflow/.local/lib/python3.7/site-packages/airflow/example_dags/example_kubernetes_executor.py for tasks to queue
[2023-11-04 21:27:13,908] {logging_mixin.py:115} INFO - [2023-11-04 21:27:13,908] {dagbag.py:508} INFO - Filling up the DagBag from /home/airflow/.local/lib/python3.7/site-packages/airflow/example_dags/example_kubernetes_executor.py
[2023-11-04 21:27:14,050] {processor.py:651} INFO - DAG(s) dict_keys(['example_kubernetes_executor']) retrieved from /home/airflow/.local/lib/python3.7/site-packages/airflow/example_dags/example_kubernetes_executor.py
[2023-11-04 21:27:14,092] {logging_mixin.py:115} INFO - [2023-11-04 21:27:14,092] {dag.py:2420} INFO - Sync 1 DAGs
[2023-11-04 21:27:14,116] {logging_mixin.py:115} INFO - [2023-11-04 21:27:14,115] {dag.py:2972} INFO - Setting next_dagrun for example_kubernetes_executor to None, run_after=None
[2023-11-04 21:27:14,127] {processor.py:161} INFO - Processing /home/airflow/.local/lib/python3.7/site-packages/airflow/example_dags/example_kubernetes_executor.py took 0.223 seconds
[2023-11-04 21:27:44,463] {processor.py:153} INFO - Started process (PID=1479) to work on /home/airflow/.local/lib/python3.7/site-packages/airflow/example_dags/example_kubernetes_executor.py
[2023-11-04 21:27:44,464] {processor.py:641} INFO - Processing file /home/airflow/.local/lib/python3.7/site-packages/airflow/example_dags/example_kubernetes_executor.py for tasks to queue
[2023-11-04 21:27:44,465] {logging_mixin.py:115} INFO - [2023-11-04 21:27:44,465] {dagbag.py:508} INFO - Filling up the DagBag from /home/airflow/.local/lib/python3.7/site-packages/airflow/example_dags/example_kubernetes_executor.py
[2023-11-04 21:27:44,612] {processor.py:651} INFO - DAG(s) dict_keys(['example_kubernetes_executor']) retrieved from /home/airflow/.local/lib/python3.7/site-packages/airflow/example_dags/example_kubernetes_executor.py
[2023-11-04 21:27:44,642] {logging_mixin.py:115} INFO - [2023-11-04 21:27:44,642] {dag.py:2420} INFO - Sync 1 DAGs
[2023-11-04 21:27:44,665] {logging_mixin.py:115} INFO - [2023-11-04 21:27:44,665] {dag.py:2972} INFO - Setting next_dagrun for example_kubernetes_executor to None, run_after=None
[2023-11-04 21:27:44,695] {processor.py:161} INFO - Processing /home/airflow/.local/lib/python3.7/site-packages/airflow/example_dags/example_kubernetes_executor.py took 0.235 seconds
[2023-11-04 21:28:14,959] {processor.py:153} INFO - Started process (PID=1541) to work on /home/airflow/.local/lib/python3.7/site-packages/airflow/example_dags/example_kubernetes_executor.py
[2023-11-04 21:28:14,960] {processor.py:641} INFO - Processing file /home/airflow/.local/lib/python3.7/site-packages/airflow/example_dags/example_kubernetes_executor.py for tasks to queue
[2023-11-04 21:28:14,961] {logging_mixin.py:115} INFO - [2023-11-04 21:28:14,961] {dagbag.py:508} INFO - Filling up the DagBag from /home/airflow/.local/lib/python3.7/site-packages/airflow/example_dags/example_kubernetes_executor.py
[2023-11-04 21:28:15,099] {processor.py:651} INFO - DAG(s) dict_keys(['example_kubernetes_executor']) retrieved from /home/airflow/.local/lib/python3.7/site-packages/airflow/example_dags/example_kubernetes_executor.py
[2023-11-04 21:28:15,127] {logging_mixin.py:115} INFO - [2023-11-04 21:28:15,127] {dag.py:2420} INFO - Sync 1 DAGs
[2023-11-04 21:28:15,150] {logging_mixin.py:115} INFO - [2023-11-04 21:28:15,149] {dag.py:2972} INFO - Setting next_dagrun for example_kubernetes_executor to None, run_after=None
[2023-11-04 21:28:15,163] {processor.py:161} INFO - Processing /home/airflow/.local/lib/python3.7/site-packages/airflow/example_dags/example_kubernetes_executor.py took 0.207 seconds
[2023-11-04 21:28:45,330] {processor.py:153} INFO - Started process (PID=1594) to work on /home/airflow/.local/lib/python3.7/site-packages/airflow/example_dags/example_kubernetes_executor.py
[2023-11-04 21:28:45,331] {processor.py:641} INFO - Processing file /home/airflow/.local/lib/python3.7/site-packages/airflow/example_dags/example_kubernetes_executor.py for tasks to queue
[2023-11-04 21:28:45,332] {logging_mixin.py:115} INFO - [2023-11-04 21:28:45,332] {dagbag.py:508} INFO - Filling up the DagBag from /home/airflow/.local/lib/python3.7/site-packages/airflow/example_dags/example_kubernetes_executor.py
[2023-11-04 21:28:45,474] {processor.py:651} INFO - DAG(s) dict_keys(['example_kubernetes_executor']) retrieved from /home/airflow/.local/lib/python3.7/site-packages/airflow/example_dags/example_kubernetes_executor.py
[2023-11-04 21:28:45,503] {logging_mixin.py:115} INFO - [2023-11-04 21:28:45,502] {dag.py:2420} INFO - Sync 1 DAGs
[2023-11-04 21:28:45,525] {logging_mixin.py:115} INFO - [2023-11-04 21:28:45,525] {dag.py:2972} INFO - Setting next_dagrun for example_kubernetes_executor to None, run_after=None
[2023-11-04 21:28:45,538] {processor.py:161} INFO - Processing /home/airflow/.local/lib/python3.7/site-packages/airflow/example_dags/example_kubernetes_executor.py took 0.210 seconds
[2023-11-04 21:29:16,230] {processor.py:153} INFO - Started process (PID=1656) to work on /home/airflow/.local/lib/python3.7/site-packages/airflow/example_dags/example_kubernetes_executor.py
[2023-11-04 21:29:16,231] {processor.py:641} INFO - Processing file /home/airflow/.local/lib/python3.7/site-packages/airflow/example_dags/example_kubernetes_executor.py for tasks to queue
[2023-11-04 21:29:16,231] {logging_mixin.py:115} INFO - [2023-11-04 21:29:16,231] {dagbag.py:508} INFO - Filling up the DagBag from /home/airflow/.local/lib/python3.7/site-packages/airflow/example_dags/example_kubernetes_executor.py
[2023-11-04 21:29:16,399] {processor.py:651} INFO - DAG(s) dict_keys(['example_kubernetes_executor']) retrieved from /home/airflow/.local/lib/python3.7/site-packages/airflow/example_dags/example_kubernetes_executor.py
[2023-11-04 21:29:16,433] {logging_mixin.py:115} INFO - [2023-11-04 21:29:16,433] {dag.py:2420} INFO - Sync 1 DAGs
[2023-11-04 21:29:16,465] {logging_mixin.py:115} INFO - [2023-11-04 21:29:16,465] {dag.py:2972} INFO - Setting next_dagrun for example_kubernetes_executor to None, run_after=None
[2023-11-04 21:29:16,480] {processor.py:161} INFO - Processing /home/airflow/.local/lib/python3.7/site-packages/airflow/example_dags/example_kubernetes_executor.py took 0.254 seconds
[2023-11-04 21:29:46,988] {processor.py:153} INFO - Started process (PID=1718) to work on /home/airflow/.local/lib/python3.7/site-packages/airflow/example_dags/example_kubernetes_executor.py
[2023-11-04 21:29:46,989] {processor.py:641} INFO - Processing file /home/airflow/.local/lib/python3.7/site-packages/airflow/example_dags/example_kubernetes_executor.py for tasks to queue
[2023-11-04 21:29:46,990] {logging_mixin.py:115} INFO - [2023-11-04 21:29:46,990] {dagbag.py:508} INFO - Filling up the DagBag from /home/airflow/.local/lib/python3.7/site-packages/airflow/example_dags/example_kubernetes_executor.py
[2023-11-04 21:29:47,143] {processor.py:651} INFO - DAG(s) dict_keys(['example_kubernetes_executor']) retrieved from /home/airflow/.local/lib/python3.7/site-packages/airflow/example_dags/example_kubernetes_executor.py
[2023-11-04 21:29:47,170] {logging_mixin.py:115} INFO - [2023-11-04 21:29:47,170] {dag.py:2420} INFO - Sync 1 DAGs
[2023-11-04 21:29:47,191] {logging_mixin.py:115} INFO - [2023-11-04 21:29:47,191] {dag.py:2972} INFO - Setting next_dagrun for example_kubernetes_executor to None, run_after=None
[2023-11-04 21:29:47,202] {processor.py:161} INFO - Processing /home/airflow/.local/lib/python3.7/site-packages/airflow/example_dags/example_kubernetes_executor.py took 0.218 seconds
[2023-11-04 21:30:17,784] {processor.py:153} INFO - Started process (PID=1771) to work on /home/airflow/.local/lib/python3.7/site-packages/airflow/example_dags/example_kubernetes_executor.py
[2023-11-04 21:30:17,785] {processor.py:641} INFO - Processing file /home/airflow/.local/lib/python3.7/site-packages/airflow/example_dags/example_kubernetes_executor.py for tasks to queue
[2023-11-04 21:30:17,786] {logging_mixin.py:115} INFO - [2023-11-04 21:30:17,786] {dagbag.py:508} INFO - Filling up the DagBag from /home/airflow/.local/lib/python3.7/site-packages/airflow/example_dags/example_kubernetes_executor.py
[2023-11-04 21:30:18,144] {processor.py:651} INFO - DAG(s) dict_keys(['example_kubernetes_executor']) retrieved from /home/airflow/.local/lib/python3.7/site-packages/airflow/example_dags/example_kubernetes_executor.py
[2023-11-04 21:30:18,202] {logging_mixin.py:115} INFO - [2023-11-04 21:30:18,202] {dag.py:2420} INFO - Sync 1 DAGs
[2023-11-04 21:30:18,244] {logging_mixin.py:115} INFO - [2023-11-04 21:30:18,244] {dag.py:2972} INFO - Setting next_dagrun for example_kubernetes_executor to None, run_after=None
[2023-11-04 21:30:18,278] {processor.py:161} INFO - Processing /home/airflow/.local/lib/python3.7/site-packages/airflow/example_dags/example_kubernetes_executor.py took 0.499 seconds
[2023-11-04 21:30:49,116] {processor.py:153} INFO - Started process (PID=1833) to work on /home/airflow/.local/lib/python3.7/site-packages/airflow/example_dags/example_kubernetes_executor.py
[2023-11-04 21:30:49,117] {processor.py:641} INFO - Processing file /home/airflow/.local/lib/python3.7/site-packages/airflow/example_dags/example_kubernetes_executor.py for tasks to queue
[2023-11-04 21:30:49,118] {logging_mixin.py:115} INFO - [2023-11-04 21:30:49,118] {dagbag.py:508} INFO - Filling up the DagBag from /home/airflow/.local/lib/python3.7/site-packages/airflow/example_dags/example_kubernetes_executor.py
[2023-11-04 21:30:49,306] {processor.py:651} INFO - DAG(s) dict_keys(['example_kubernetes_executor']) retrieved from /home/airflow/.local/lib/python3.7/site-packages/airflow/example_dags/example_kubernetes_executor.py
[2023-11-04 21:30:49,344] {logging_mixin.py:115} INFO - [2023-11-04 21:30:49,344] {dag.py:2420} INFO - Sync 1 DAGs
[2023-11-04 21:30:49,369] {logging_mixin.py:115} INFO - [2023-11-04 21:30:49,369] {dag.py:2972} INFO - Setting next_dagrun for example_kubernetes_executor to None, run_after=None
[2023-11-04 21:30:49,385] {processor.py:161} INFO - Processing /home/airflow/.local/lib/python3.7/site-packages/airflow/example_dags/example_kubernetes_executor.py took 0.273 seconds
[2023-11-04 21:31:19,812] {processor.py:153} INFO - Started process (PID=1895) to work on /home/airflow/.local/lib/python3.7/site-packages/airflow/example_dags/example_kubernetes_executor.py
[2023-11-04 21:31:19,813] {processor.py:641} INFO - Processing file /home/airflow/.local/lib/python3.7/site-packages/airflow/example_dags/example_kubernetes_executor.py for tasks to queue
[2023-11-04 21:31:19,814] {logging_mixin.py:115} INFO - [2023-11-04 21:31:19,814] {dagbag.py:508} INFO - Filling up the DagBag from /home/airflow/.local/lib/python3.7/site-packages/airflow/example_dags/example_kubernetes_executor.py
[2023-11-04 21:31:19,989] {processor.py:651} INFO - DAG(s) dict_keys(['example_kubernetes_executor']) retrieved from /home/airflow/.local/lib/python3.7/site-packages/airflow/example_dags/example_kubernetes_executor.py
[2023-11-04 21:31:20,018] {logging_mixin.py:115} INFO - [2023-11-04 21:31:20,018] {dag.py:2420} INFO - Sync 1 DAGs
[2023-11-04 21:31:20,042] {logging_mixin.py:115} INFO - [2023-11-04 21:31:20,042] {dag.py:2972} INFO - Setting next_dagrun for example_kubernetes_executor to None, run_after=None
[2023-11-04 21:31:20,059] {processor.py:161} INFO - Processing /home/airflow/.local/lib/python3.7/site-packages/airflow/example_dags/example_kubernetes_executor.py took 0.250 seconds
[2023-11-04 21:31:50,342] {processor.py:153} INFO - Started process (PID=1948) to work on /home/airflow/.local/lib/python3.7/site-packages/airflow/example_dags/example_kubernetes_executor.py
[2023-11-04 21:31:50,345] {processor.py:641} INFO - Processing file /home/airflow/.local/lib/python3.7/site-packages/airflow/example_dags/example_kubernetes_executor.py for tasks to queue
[2023-11-04 21:31:50,347] {logging_mixin.py:115} INFO - [2023-11-04 21:31:50,347] {dagbag.py:508} INFO - Filling up the DagBag from /home/airflow/.local/lib/python3.7/site-packages/airflow/example_dags/example_kubernetes_executor.py
[2023-11-04 21:31:50,700] {processor.py:651} INFO - DAG(s) dict_keys(['example_kubernetes_executor']) retrieved from /home/airflow/.local/lib/python3.7/site-packages/airflow/example_dags/example_kubernetes_executor.py
[2023-11-04 21:31:50,776] {logging_mixin.py:115} INFO - [2023-11-04 21:31:50,776] {dag.py:2420} INFO - Sync 1 DAGs
[2023-11-04 21:31:50,811] {logging_mixin.py:115} INFO - [2023-11-04 21:31:50,811] {dag.py:2972} INFO - Setting next_dagrun for example_kubernetes_executor to None, run_after=None
[2023-11-04 21:31:50,826] {processor.py:161} INFO - Processing /home/airflow/.local/lib/python3.7/site-packages/airflow/example_dags/example_kubernetes_executor.py took 0.494 seconds
