[2023-11-04 20:57:55,087] {processor.py:153} INFO - Started process (PID=80) to work on /home/airflow/.local/lib/python3.7/site-packages/airflow/example_dags/example_branch_day_of_week_operator.py
[2023-11-04 20:57:55,088] {processor.py:641} INFO - Processing file /home/airflow/.local/lib/python3.7/site-packages/airflow/example_dags/example_branch_day_of_week_operator.py for tasks to queue
[2023-11-04 20:57:55,089] {logging_mixin.py:115} INFO - [2023-11-04 20:57:55,089] {dagbag.py:508} INFO - Filling up the DagBag from /home/airflow/.local/lib/python3.7/site-packages/airflow/example_dags/example_branch_day_of_week_operator.py
[2023-11-04 20:57:55,101] {processor.py:651} INFO - DAG(s) dict_keys(['example_weekday_branch_operator']) retrieved from /home/airflow/.local/lib/python3.7/site-packages/airflow/example_dags/example_branch_day_of_week_operator.py
[2023-11-04 20:57:55,286] {logging_mixin.py:115} INFO - [2023-11-04 20:57:55,285] {manager.py:508} INFO - Created Permission View: can delete on DAG:example_weekday_branch_operator
[2023-11-04 20:57:55,300] {logging_mixin.py:115} INFO - [2023-11-04 20:57:55,300] {manager.py:508} INFO - Created Permission View: can edit on DAG:example_weekday_branch_operator
[2023-11-04 20:57:55,310] {logging_mixin.py:115} INFO - [2023-11-04 20:57:55,310] {manager.py:508} INFO - Created Permission View: can read on DAG:example_weekday_branch_operator
[2023-11-04 20:57:55,310] {logging_mixin.py:115} INFO - [2023-11-04 20:57:55,310] {dag.py:2420} INFO - Sync 1 DAGs
[2023-11-04 20:57:55,324] {logging_mixin.py:115} INFO - [2023-11-04 20:57:55,324] {dag.py:2439} INFO - Creating ORM DAG for example_weekday_branch_operator
[2023-11-04 20:57:55,341] {logging_mixin.py:115} INFO - [2023-11-04 20:57:55,341] {dag.py:2972} INFO - Setting next_dagrun for example_weekday_branch_operator to 2023-11-03T00:00:00+00:00, run_after=2023-11-04T00:00:00+00:00
[2023-11-04 20:57:55,357] {processor.py:161} INFO - Processing /home/airflow/.local/lib/python3.7/site-packages/airflow/example_dags/example_branch_day_of_week_operator.py took 0.274 seconds
[2023-11-04 20:58:25,942] {processor.py:153} INFO - Started process (PID=141) to work on /home/airflow/.local/lib/python3.7/site-packages/airflow/example_dags/example_branch_day_of_week_operator.py
[2023-11-04 20:58:25,943] {processor.py:641} INFO - Processing file /home/airflow/.local/lib/python3.7/site-packages/airflow/example_dags/example_branch_day_of_week_operator.py for tasks to queue
[2023-11-04 20:58:25,944] {logging_mixin.py:115} INFO - [2023-11-04 20:58:25,944] {dagbag.py:508} INFO - Filling up the DagBag from /home/airflow/.local/lib/python3.7/site-packages/airflow/example_dags/example_branch_day_of_week_operator.py
[2023-11-04 20:58:25,952] {processor.py:651} INFO - DAG(s) dict_keys(['example_weekday_branch_operator']) retrieved from /home/airflow/.local/lib/python3.7/site-packages/airflow/example_dags/example_branch_day_of_week_operator.py
[2023-11-04 20:58:25,978] {logging_mixin.py:115} INFO - [2023-11-04 20:58:25,978] {dag.py:2420} INFO - Sync 1 DAGs
[2023-11-04 20:58:26,002] {logging_mixin.py:115} INFO - [2023-11-04 20:58:26,002] {dag.py:2972} INFO - Setting next_dagrun for example_weekday_branch_operator to 2023-11-03T00:00:00+00:00, run_after=2023-11-04T00:00:00+00:00
[2023-11-04 20:58:26,015] {processor.py:161} INFO - Processing /home/airflow/.local/lib/python3.7/site-packages/airflow/example_dags/example_branch_day_of_week_operator.py took 0.076 seconds
[2023-11-04 20:58:56,373] {processor.py:153} INFO - Started process (PID=209) to work on /home/airflow/.local/lib/python3.7/site-packages/airflow/example_dags/example_branch_day_of_week_operator.py
[2023-11-04 20:58:56,374] {processor.py:641} INFO - Processing file /home/airflow/.local/lib/python3.7/site-packages/airflow/example_dags/example_branch_day_of_week_operator.py for tasks to queue
[2023-11-04 20:58:56,375] {logging_mixin.py:115} INFO - [2023-11-04 20:58:56,375] {dagbag.py:508} INFO - Filling up the DagBag from /home/airflow/.local/lib/python3.7/site-packages/airflow/example_dags/example_branch_day_of_week_operator.py
[2023-11-04 20:58:56,386] {processor.py:651} INFO - DAG(s) dict_keys(['example_weekday_branch_operator']) retrieved from /home/airflow/.local/lib/python3.7/site-packages/airflow/example_dags/example_branch_day_of_week_operator.py
[2023-11-04 20:58:56,425] {logging_mixin.py:115} INFO - [2023-11-04 20:58:56,425] {dag.py:2420} INFO - Sync 1 DAGs
[2023-11-04 20:58:56,449] {logging_mixin.py:115} INFO - [2023-11-04 20:58:56,449] {dag.py:2972} INFO - Setting next_dagrun for example_weekday_branch_operator to 2023-11-03T00:00:00+00:00, run_after=2023-11-04T00:00:00+00:00
[2023-11-04 20:58:56,460] {processor.py:161} INFO - Processing /home/airflow/.local/lib/python3.7/site-packages/airflow/example_dags/example_branch_day_of_week_operator.py took 0.092 seconds
[2023-11-04 20:59:27,089] {processor.py:153} INFO - Started process (PID=270) to work on /home/airflow/.local/lib/python3.7/site-packages/airflow/example_dags/example_branch_day_of_week_operator.py
[2023-11-04 20:59:27,097] {processor.py:641} INFO - Processing file /home/airflow/.local/lib/python3.7/site-packages/airflow/example_dags/example_branch_day_of_week_operator.py for tasks to queue
[2023-11-04 20:59:27,098] {logging_mixin.py:115} INFO - [2023-11-04 20:59:27,098] {dagbag.py:508} INFO - Filling up the DagBag from /home/airflow/.local/lib/python3.7/site-packages/airflow/example_dags/example_branch_day_of_week_operator.py
[2023-11-04 20:59:27,112] {processor.py:651} INFO - DAG(s) dict_keys(['example_weekday_branch_operator']) retrieved from /home/airflow/.local/lib/python3.7/site-packages/airflow/example_dags/example_branch_day_of_week_operator.py
[2023-11-04 20:59:27,142] {logging_mixin.py:115} INFO - [2023-11-04 20:59:27,141] {dag.py:2420} INFO - Sync 1 DAGs
[2023-11-04 20:59:27,176] {logging_mixin.py:115} INFO - [2023-11-04 20:59:27,176] {dag.py:2972} INFO - Setting next_dagrun for example_weekday_branch_operator to 2023-11-03T00:00:00+00:00, run_after=2023-11-04T00:00:00+00:00
[2023-11-04 20:59:27,192] {processor.py:161} INFO - Processing /home/airflow/.local/lib/python3.7/site-packages/airflow/example_dags/example_branch_day_of_week_operator.py took 0.107 seconds
[2023-11-04 20:59:58,082] {processor.py:153} INFO - Started process (PID=329) to work on /home/airflow/.local/lib/python3.7/site-packages/airflow/example_dags/example_branch_day_of_week_operator.py
[2023-11-04 20:59:58,083] {processor.py:641} INFO - Processing file /home/airflow/.local/lib/python3.7/site-packages/airflow/example_dags/example_branch_day_of_week_operator.py for tasks to queue
[2023-11-04 20:59:58,084] {logging_mixin.py:115} INFO - [2023-11-04 20:59:58,084] {dagbag.py:508} INFO - Filling up the DagBag from /home/airflow/.local/lib/python3.7/site-packages/airflow/example_dags/example_branch_day_of_week_operator.py
[2023-11-04 20:59:58,098] {processor.py:651} INFO - DAG(s) dict_keys(['example_weekday_branch_operator']) retrieved from /home/airflow/.local/lib/python3.7/site-packages/airflow/example_dags/example_branch_day_of_week_operator.py
[2023-11-04 20:59:58,136] {logging_mixin.py:115} INFO - [2023-11-04 20:59:58,136] {dag.py:2420} INFO - Sync 1 DAGs
[2023-11-04 20:59:58,178] {logging_mixin.py:115} INFO - [2023-11-04 20:59:58,177] {dag.py:2972} INFO - Setting next_dagrun for example_weekday_branch_operator to 2023-11-03T00:00:00+00:00, run_after=2023-11-04T00:00:00+00:00
[2023-11-04 20:59:58,198] {processor.py:161} INFO - Processing /home/airflow/.local/lib/python3.7/site-packages/airflow/example_dags/example_branch_day_of_week_operator.py took 0.120 seconds
[2023-11-04 21:00:28,837] {processor.py:153} INFO - Started process (PID=383) to work on /home/airflow/.local/lib/python3.7/site-packages/airflow/example_dags/example_branch_day_of_week_operator.py
[2023-11-04 21:00:28,838] {processor.py:641} INFO - Processing file /home/airflow/.local/lib/python3.7/site-packages/airflow/example_dags/example_branch_day_of_week_operator.py for tasks to queue
[2023-11-04 21:00:28,839] {logging_mixin.py:115} INFO - [2023-11-04 21:00:28,839] {dagbag.py:508} INFO - Filling up the DagBag from /home/airflow/.local/lib/python3.7/site-packages/airflow/example_dags/example_branch_day_of_week_operator.py
[2023-11-04 21:00:28,869] {processor.py:651} INFO - DAG(s) dict_keys(['example_weekday_branch_operator']) retrieved from /home/airflow/.local/lib/python3.7/site-packages/airflow/example_dags/example_branch_day_of_week_operator.py
[2023-11-04 21:00:28,944] {logging_mixin.py:115} INFO - [2023-11-04 21:00:28,944] {dag.py:2420} INFO - Sync 1 DAGs
[2023-11-04 21:00:28,983] {logging_mixin.py:115} INFO - [2023-11-04 21:00:28,983] {dag.py:2972} INFO - Setting next_dagrun for example_weekday_branch_operator to 2023-11-03T00:00:00+00:00, run_after=2023-11-04T00:00:00+00:00
[2023-11-04 21:00:29,020] {processor.py:161} INFO - Processing /home/airflow/.local/lib/python3.7/site-packages/airflow/example_dags/example_branch_day_of_week_operator.py took 0.188 seconds
[2023-11-04 21:00:59,741] {processor.py:153} INFO - Started process (PID=444) to work on /home/airflow/.local/lib/python3.7/site-packages/airflow/example_dags/example_branch_day_of_week_operator.py
[2023-11-04 21:00:59,743] {processor.py:641} INFO - Processing file /home/airflow/.local/lib/python3.7/site-packages/airflow/example_dags/example_branch_day_of_week_operator.py for tasks to queue
[2023-11-04 21:00:59,744] {logging_mixin.py:115} INFO - [2023-11-04 21:00:59,744] {dagbag.py:508} INFO - Filling up the DagBag from /home/airflow/.local/lib/python3.7/site-packages/airflow/example_dags/example_branch_day_of_week_operator.py
[2023-11-04 21:00:59,756] {processor.py:651} INFO - DAG(s) dict_keys(['example_weekday_branch_operator']) retrieved from /home/airflow/.local/lib/python3.7/site-packages/airflow/example_dags/example_branch_day_of_week_operator.py
[2023-11-04 21:00:59,796] {logging_mixin.py:115} INFO - [2023-11-04 21:00:59,796] {dag.py:2420} INFO - Sync 1 DAGs
[2023-11-04 21:00:59,828] {logging_mixin.py:115} INFO - [2023-11-04 21:00:59,828] {dag.py:2972} INFO - Setting next_dagrun for example_weekday_branch_operator to 2023-11-03T00:00:00+00:00, run_after=2023-11-04T00:00:00+00:00
[2023-11-04 21:00:59,844] {processor.py:161} INFO - Processing /home/airflow/.local/lib/python3.7/site-packages/airflow/example_dags/example_branch_day_of_week_operator.py took 0.108 seconds
[2023-11-04 21:01:29,965] {processor.py:153} INFO - Started process (PID=496) to work on /home/airflow/.local/lib/python3.7/site-packages/airflow/example_dags/example_branch_day_of_week_operator.py
[2023-11-04 21:01:29,966] {processor.py:641} INFO - Processing file /home/airflow/.local/lib/python3.7/site-packages/airflow/example_dags/example_branch_day_of_week_operator.py for tasks to queue
[2023-11-04 21:01:29,967] {logging_mixin.py:115} INFO - [2023-11-04 21:01:29,967] {dagbag.py:508} INFO - Filling up the DagBag from /home/airflow/.local/lib/python3.7/site-packages/airflow/example_dags/example_branch_day_of_week_operator.py
[2023-11-04 21:01:29,975] {processor.py:651} INFO - DAG(s) dict_keys(['example_weekday_branch_operator']) retrieved from /home/airflow/.local/lib/python3.7/site-packages/airflow/example_dags/example_branch_day_of_week_operator.py
[2023-11-04 21:01:30,001] {logging_mixin.py:115} INFO - [2023-11-04 21:01:30,001] {dag.py:2420} INFO - Sync 1 DAGs
[2023-11-04 21:01:30,033] {logging_mixin.py:115} INFO - [2023-11-04 21:01:30,033] {dag.py:2972} INFO - Setting next_dagrun for example_weekday_branch_operator to 2023-11-03T00:00:00+00:00, run_after=2023-11-04T00:00:00+00:00
[2023-11-04 21:01:30,047] {processor.py:161} INFO - Processing /home/airflow/.local/lib/python3.7/site-packages/airflow/example_dags/example_branch_day_of_week_operator.py took 0.085 seconds
[2023-11-04 21:02:00,193] {processor.py:153} INFO - Started process (PID=557) to work on /home/airflow/.local/lib/python3.7/site-packages/airflow/example_dags/example_branch_day_of_week_operator.py
[2023-11-04 21:02:00,194] {processor.py:641} INFO - Processing file /home/airflow/.local/lib/python3.7/site-packages/airflow/example_dags/example_branch_day_of_week_operator.py for tasks to queue
[2023-11-04 21:02:00,194] {logging_mixin.py:115} INFO - [2023-11-04 21:02:00,194] {dagbag.py:508} INFO - Filling up the DagBag from /home/airflow/.local/lib/python3.7/site-packages/airflow/example_dags/example_branch_day_of_week_operator.py
[2023-11-04 21:02:00,204] {processor.py:651} INFO - DAG(s) dict_keys(['example_weekday_branch_operator']) retrieved from /home/airflow/.local/lib/python3.7/site-packages/airflow/example_dags/example_branch_day_of_week_operator.py
[2023-11-04 21:02:00,235] {logging_mixin.py:115} INFO - [2023-11-04 21:02:00,235] {dag.py:2420} INFO - Sync 1 DAGs
[2023-11-04 21:02:00,262] {logging_mixin.py:115} INFO - [2023-11-04 21:02:00,262] {dag.py:2972} INFO - Setting next_dagrun for example_weekday_branch_operator to 2023-11-03T00:00:00+00:00, run_after=2023-11-04T00:00:00+00:00
[2023-11-04 21:02:00,274] {processor.py:161} INFO - Processing /home/airflow/.local/lib/python3.7/site-packages/airflow/example_dags/example_branch_day_of_week_operator.py took 0.084 seconds
[2023-11-04 21:02:31,644] {processor.py:153} INFO - Started process (PID=618) to work on /home/airflow/.local/lib/python3.7/site-packages/airflow/example_dags/example_branch_day_of_week_operator.py
[2023-11-04 21:02:31,646] {processor.py:641} INFO - Processing file /home/airflow/.local/lib/python3.7/site-packages/airflow/example_dags/example_branch_day_of_week_operator.py for tasks to queue
[2023-11-04 21:02:31,647] {logging_mixin.py:115} INFO - [2023-11-04 21:02:31,647] {dagbag.py:508} INFO - Filling up the DagBag from /home/airflow/.local/lib/python3.7/site-packages/airflow/example_dags/example_branch_day_of_week_operator.py
[2023-11-04 21:02:31,658] {processor.py:651} INFO - DAG(s) dict_keys(['example_weekday_branch_operator']) retrieved from /home/airflow/.local/lib/python3.7/site-packages/airflow/example_dags/example_branch_day_of_week_operator.py
[2023-11-04 21:02:31,695] {logging_mixin.py:115} INFO - [2023-11-04 21:02:31,695] {dag.py:2420} INFO - Sync 1 DAGs
[2023-11-04 21:02:31,719] {logging_mixin.py:115} INFO - [2023-11-04 21:02:31,719] {dag.py:2972} INFO - Setting next_dagrun for example_weekday_branch_operator to 2023-11-03T00:00:00+00:00, run_after=2023-11-04T00:00:00+00:00
[2023-11-04 21:02:31,731] {processor.py:161} INFO - Processing /home/airflow/.local/lib/python3.7/site-packages/airflow/example_dags/example_branch_day_of_week_operator.py took 0.091 seconds
[2023-11-04 21:03:01,836] {processor.py:153} INFO - Started process (PID=670) to work on /home/airflow/.local/lib/python3.7/site-packages/airflow/example_dags/example_branch_day_of_week_operator.py
[2023-11-04 21:03:01,838] {processor.py:641} INFO - Processing file /home/airflow/.local/lib/python3.7/site-packages/airflow/example_dags/example_branch_day_of_week_operator.py for tasks to queue
[2023-11-04 21:03:01,842] {logging_mixin.py:115} INFO - [2023-11-04 21:03:01,841] {dagbag.py:508} INFO - Filling up the DagBag from /home/airflow/.local/lib/python3.7/site-packages/airflow/example_dags/example_branch_day_of_week_operator.py
[2023-11-04 21:03:01,867] {processor.py:651} INFO - DAG(s) dict_keys(['example_weekday_branch_operator']) retrieved from /home/airflow/.local/lib/python3.7/site-packages/airflow/example_dags/example_branch_day_of_week_operator.py
[2023-11-04 21:03:01,929] {logging_mixin.py:115} INFO - [2023-11-04 21:03:01,928] {dag.py:2420} INFO - Sync 1 DAGs
[2023-11-04 21:03:02,001] {logging_mixin.py:115} INFO - [2023-11-04 21:03:02,000] {dag.py:2972} INFO - Setting next_dagrun for example_weekday_branch_operator to 2023-11-03T00:00:00+00:00, run_after=2023-11-04T00:00:00+00:00
[2023-11-04 21:03:02,023] {processor.py:161} INFO - Processing /home/airflow/.local/lib/python3.7/site-packages/airflow/example_dags/example_branch_day_of_week_operator.py took 0.195 seconds
[2023-11-04 21:03:32,184] {processor.py:153} INFO - Started process (PID=731) to work on /home/airflow/.local/lib/python3.7/site-packages/airflow/example_dags/example_branch_day_of_week_operator.py
[2023-11-04 21:03:32,185] {processor.py:641} INFO - Processing file /home/airflow/.local/lib/python3.7/site-packages/airflow/example_dags/example_branch_day_of_week_operator.py for tasks to queue
[2023-11-04 21:03:32,186] {logging_mixin.py:115} INFO - [2023-11-04 21:03:32,186] {dagbag.py:508} INFO - Filling up the DagBag from /home/airflow/.local/lib/python3.7/site-packages/airflow/example_dags/example_branch_day_of_week_operator.py
[2023-11-04 21:03:32,195] {processor.py:651} INFO - DAG(s) dict_keys(['example_weekday_branch_operator']) retrieved from /home/airflow/.local/lib/python3.7/site-packages/airflow/example_dags/example_branch_day_of_week_operator.py
[2023-11-04 21:03:32,221] {logging_mixin.py:115} INFO - [2023-11-04 21:03:32,221] {dag.py:2420} INFO - Sync 1 DAGs
[2023-11-04 21:03:32,246] {logging_mixin.py:115} INFO - [2023-11-04 21:03:32,246] {dag.py:2972} INFO - Setting next_dagrun for example_weekday_branch_operator to 2023-11-03T00:00:00+00:00, run_after=2023-11-04T00:00:00+00:00
[2023-11-04 21:03:32,258] {processor.py:161} INFO - Processing /home/airflow/.local/lib/python3.7/site-packages/airflow/example_dags/example_branch_day_of_week_operator.py took 0.078 seconds
[2023-11-04 21:04:02,316] {processor.py:153} INFO - Started process (PID=792) to work on /home/airflow/.local/lib/python3.7/site-packages/airflow/example_dags/example_branch_day_of_week_operator.py
[2023-11-04 21:04:02,317] {processor.py:641} INFO - Processing file /home/airflow/.local/lib/python3.7/site-packages/airflow/example_dags/example_branch_day_of_week_operator.py for tasks to queue
[2023-11-04 21:04:02,317] {logging_mixin.py:115} INFO - [2023-11-04 21:04:02,317] {dagbag.py:508} INFO - Filling up the DagBag from /home/airflow/.local/lib/python3.7/site-packages/airflow/example_dags/example_branch_day_of_week_operator.py
[2023-11-04 21:04:02,330] {processor.py:651} INFO - DAG(s) dict_keys(['example_weekday_branch_operator']) retrieved from /home/airflow/.local/lib/python3.7/site-packages/airflow/example_dags/example_branch_day_of_week_operator.py
[2023-11-04 21:04:02,369] {logging_mixin.py:115} INFO - [2023-11-04 21:04:02,369] {dag.py:2420} INFO - Sync 1 DAGs
[2023-11-04 21:04:02,394] {logging_mixin.py:115} INFO - [2023-11-04 21:04:02,394] {dag.py:2972} INFO - Setting next_dagrun for example_weekday_branch_operator to 2023-11-03T00:00:00+00:00, run_after=2023-11-04T00:00:00+00:00
[2023-11-04 21:04:02,408] {processor.py:161} INFO - Processing /home/airflow/.local/lib/python3.7/site-packages/airflow/example_dags/example_branch_day_of_week_operator.py took 0.098 seconds
[2023-11-04 21:04:32,612] {processor.py:153} INFO - Started process (PID=844) to work on /home/airflow/.local/lib/python3.7/site-packages/airflow/example_dags/example_branch_day_of_week_operator.py
[2023-11-04 21:04:32,613] {processor.py:641} INFO - Processing file /home/airflow/.local/lib/python3.7/site-packages/airflow/example_dags/example_branch_day_of_week_operator.py for tasks to queue
[2023-11-04 21:04:32,614] {logging_mixin.py:115} INFO - [2023-11-04 21:04:32,614] {dagbag.py:508} INFO - Filling up the DagBag from /home/airflow/.local/lib/python3.7/site-packages/airflow/example_dags/example_branch_day_of_week_operator.py
[2023-11-04 21:04:32,626] {processor.py:651} INFO - DAG(s) dict_keys(['example_weekday_branch_operator']) retrieved from /home/airflow/.local/lib/python3.7/site-packages/airflow/example_dags/example_branch_day_of_week_operator.py
[2023-11-04 21:04:32,661] {logging_mixin.py:115} INFO - [2023-11-04 21:04:32,661] {dag.py:2420} INFO - Sync 1 DAGs
[2023-11-04 21:04:32,687] {logging_mixin.py:115} INFO - [2023-11-04 21:04:32,687] {dag.py:2972} INFO - Setting next_dagrun for example_weekday_branch_operator to 2023-11-03T00:00:00+00:00, run_after=2023-11-04T00:00:00+00:00
[2023-11-04 21:04:32,698] {processor.py:161} INFO - Processing /home/airflow/.local/lib/python3.7/site-packages/airflow/example_dags/example_branch_day_of_week_operator.py took 0.092 seconds
[2023-11-04 21:05:03,474] {processor.py:153} INFO - Started process (PID=905) to work on /home/airflow/.local/lib/python3.7/site-packages/airflow/example_dags/example_branch_day_of_week_operator.py
[2023-11-04 21:05:03,475] {processor.py:641} INFO - Processing file /home/airflow/.local/lib/python3.7/site-packages/airflow/example_dags/example_branch_day_of_week_operator.py for tasks to queue
[2023-11-04 21:05:03,476] {logging_mixin.py:115} INFO - [2023-11-04 21:05:03,476] {dagbag.py:508} INFO - Filling up the DagBag from /home/airflow/.local/lib/python3.7/site-packages/airflow/example_dags/example_branch_day_of_week_operator.py
[2023-11-04 21:05:03,485] {processor.py:651} INFO - DAG(s) dict_keys(['example_weekday_branch_operator']) retrieved from /home/airflow/.local/lib/python3.7/site-packages/airflow/example_dags/example_branch_day_of_week_operator.py
[2023-11-04 21:05:03,512] {logging_mixin.py:115} INFO - [2023-11-04 21:05:03,512] {dag.py:2420} INFO - Sync 1 DAGs
[2023-11-04 21:05:03,540] {logging_mixin.py:115} INFO - [2023-11-04 21:05:03,539] {dag.py:2972} INFO - Setting next_dagrun for example_weekday_branch_operator to 2023-11-03T00:00:00+00:00, run_after=2023-11-04T00:00:00+00:00
[2023-11-04 21:05:03,553] {processor.py:161} INFO - Processing /home/airflow/.local/lib/python3.7/site-packages/airflow/example_dags/example_branch_day_of_week_operator.py took 0.083 seconds
[2023-11-04 21:05:33,744] {processor.py:153} INFO - Started process (PID=957) to work on /home/airflow/.local/lib/python3.7/site-packages/airflow/example_dags/example_branch_day_of_week_operator.py
[2023-11-04 21:05:33,745] {processor.py:641} INFO - Processing file /home/airflow/.local/lib/python3.7/site-packages/airflow/example_dags/example_branch_day_of_week_operator.py for tasks to queue
[2023-11-04 21:05:33,746] {logging_mixin.py:115} INFO - [2023-11-04 21:05:33,746] {dagbag.py:508} INFO - Filling up the DagBag from /home/airflow/.local/lib/python3.7/site-packages/airflow/example_dags/example_branch_day_of_week_operator.py
[2023-11-04 21:05:33,755] {processor.py:651} INFO - DAG(s) dict_keys(['example_weekday_branch_operator']) retrieved from /home/airflow/.local/lib/python3.7/site-packages/airflow/example_dags/example_branch_day_of_week_operator.py
[2023-11-04 21:05:33,782] {logging_mixin.py:115} INFO - [2023-11-04 21:05:33,782] {dag.py:2420} INFO - Sync 1 DAGs
[2023-11-04 21:05:33,807] {logging_mixin.py:115} INFO - [2023-11-04 21:05:33,807] {dag.py:2972} INFO - Setting next_dagrun for example_weekday_branch_operator to 2023-11-03T00:00:00+00:00, run_after=2023-11-04T00:00:00+00:00
[2023-11-04 21:05:33,819] {processor.py:161} INFO - Processing /home/airflow/.local/lib/python3.7/site-packages/airflow/example_dags/example_branch_day_of_week_operator.py took 0.079 seconds
[2023-11-04 21:06:19,381] {processor.py:153} INFO - Started process (PID=80) to work on /home/airflow/.local/lib/python3.7/site-packages/airflow/example_dags/example_branch_day_of_week_operator.py
[2023-11-04 21:06:19,383] {processor.py:641} INFO - Processing file /home/airflow/.local/lib/python3.7/site-packages/airflow/example_dags/example_branch_day_of_week_operator.py for tasks to queue
[2023-11-04 21:06:19,384] {logging_mixin.py:115} INFO - [2023-11-04 21:06:19,384] {dagbag.py:508} INFO - Filling up the DagBag from /home/airflow/.local/lib/python3.7/site-packages/airflow/example_dags/example_branch_day_of_week_operator.py
[2023-11-04 21:06:19,405] {processor.py:651} INFO - DAG(s) dict_keys(['example_weekday_branch_operator']) retrieved from /home/airflow/.local/lib/python3.7/site-packages/airflow/example_dags/example_branch_day_of_week_operator.py
[2023-11-04 21:06:19,493] {logging_mixin.py:115} INFO - [2023-11-04 21:06:19,492] {dag.py:2420} INFO - Sync 1 DAGs
[2023-11-04 21:06:19,740] {logging_mixin.py:115} INFO - [2023-11-04 21:06:19,740] {dag.py:2972} INFO - Setting next_dagrun for example_weekday_branch_operator to 2023-11-03T00:00:00+00:00, run_after=2023-11-04T00:00:00+00:00
[2023-11-04 21:06:19,763] {processor.py:161} INFO - Processing /home/airflow/.local/lib/python3.7/site-packages/airflow/example_dags/example_branch_day_of_week_operator.py took 0.389 seconds
[2023-11-04 21:06:49,891] {processor.py:153} INFO - Started process (PID=142) to work on /home/airflow/.local/lib/python3.7/site-packages/airflow/example_dags/example_branch_day_of_week_operator.py
[2023-11-04 21:06:49,892] {processor.py:641} INFO - Processing file /home/airflow/.local/lib/python3.7/site-packages/airflow/example_dags/example_branch_day_of_week_operator.py for tasks to queue
[2023-11-04 21:06:49,893] {logging_mixin.py:115} INFO - [2023-11-04 21:06:49,893] {dagbag.py:508} INFO - Filling up the DagBag from /home/airflow/.local/lib/python3.7/site-packages/airflow/example_dags/example_branch_day_of_week_operator.py
[2023-11-04 21:06:49,906] {processor.py:651} INFO - DAG(s) dict_keys(['example_weekday_branch_operator']) retrieved from /home/airflow/.local/lib/python3.7/site-packages/airflow/example_dags/example_branch_day_of_week_operator.py
[2023-11-04 21:06:49,943] {logging_mixin.py:115} INFO - [2023-11-04 21:06:49,943] {dag.py:2420} INFO - Sync 1 DAGs
[2023-11-04 21:06:50,094] {logging_mixin.py:115} INFO - [2023-11-04 21:06:50,094] {dag.py:2972} INFO - Setting next_dagrun for example_weekday_branch_operator to 2023-11-03T00:00:00+00:00, run_after=2023-11-04T00:00:00+00:00
[2023-11-04 21:06:50,108] {processor.py:161} INFO - Processing /home/airflow/.local/lib/python3.7/site-packages/airflow/example_dags/example_branch_day_of_week_operator.py took 0.220 seconds
[2023-11-04 21:07:20,200] {processor.py:153} INFO - Started process (PID=195) to work on /home/airflow/.local/lib/python3.7/site-packages/airflow/example_dags/example_branch_day_of_week_operator.py
[2023-11-04 21:07:20,201] {processor.py:641} INFO - Processing file /home/airflow/.local/lib/python3.7/site-packages/airflow/example_dags/example_branch_day_of_week_operator.py for tasks to queue
[2023-11-04 21:07:20,202] {logging_mixin.py:115} INFO - [2023-11-04 21:07:20,202] {dagbag.py:508} INFO - Filling up the DagBag from /home/airflow/.local/lib/python3.7/site-packages/airflow/example_dags/example_branch_day_of_week_operator.py
[2023-11-04 21:07:20,211] {processor.py:651} INFO - DAG(s) dict_keys(['example_weekday_branch_operator']) retrieved from /home/airflow/.local/lib/python3.7/site-packages/airflow/example_dags/example_branch_day_of_week_operator.py
[2023-11-04 21:07:20,243] {logging_mixin.py:115} INFO - [2023-11-04 21:07:20,242] {dag.py:2420} INFO - Sync 1 DAGs
[2023-11-04 21:07:20,392] {logging_mixin.py:115} INFO - [2023-11-04 21:07:20,392] {dag.py:2972} INFO - Setting next_dagrun for example_weekday_branch_operator to 2023-11-03T00:00:00+00:00, run_after=2023-11-04T00:00:00+00:00
[2023-11-04 21:07:20,406] {processor.py:161} INFO - Processing /home/airflow/.local/lib/python3.7/site-packages/airflow/example_dags/example_branch_day_of_week_operator.py took 0.210 seconds
[2023-11-04 21:07:50,617] {processor.py:153} INFO - Started process (PID=257) to work on /home/airflow/.local/lib/python3.7/site-packages/airflow/example_dags/example_branch_day_of_week_operator.py
[2023-11-04 21:07:50,618] {processor.py:641} INFO - Processing file /home/airflow/.local/lib/python3.7/site-packages/airflow/example_dags/example_branch_day_of_week_operator.py for tasks to queue
[2023-11-04 21:07:50,619] {logging_mixin.py:115} INFO - [2023-11-04 21:07:50,619] {dagbag.py:508} INFO - Filling up the DagBag from /home/airflow/.local/lib/python3.7/site-packages/airflow/example_dags/example_branch_day_of_week_operator.py
[2023-11-04 21:07:50,629] {processor.py:651} INFO - DAG(s) dict_keys(['example_weekday_branch_operator']) retrieved from /home/airflow/.local/lib/python3.7/site-packages/airflow/example_dags/example_branch_day_of_week_operator.py
[2023-11-04 21:07:50,668] {logging_mixin.py:115} INFO - [2023-11-04 21:07:50,668] {dag.py:2420} INFO - Sync 1 DAGs
[2023-11-04 21:07:50,828] {logging_mixin.py:115} INFO - [2023-11-04 21:07:50,828] {dag.py:2972} INFO - Setting next_dagrun for example_weekday_branch_operator to 2023-11-03T00:00:00+00:00, run_after=2023-11-04T00:00:00+00:00
[2023-11-04 21:07:50,846] {processor.py:161} INFO - Processing /home/airflow/.local/lib/python3.7/site-packages/airflow/example_dags/example_branch_day_of_week_operator.py took 0.233 seconds
[2023-11-04 21:08:21,077] {processor.py:153} INFO - Started process (PID=319) to work on /home/airflow/.local/lib/python3.7/site-packages/airflow/example_dags/example_branch_day_of_week_operator.py
[2023-11-04 21:08:21,078] {processor.py:641} INFO - Processing file /home/airflow/.local/lib/python3.7/site-packages/airflow/example_dags/example_branch_day_of_week_operator.py for tasks to queue
[2023-11-04 21:08:21,079] {logging_mixin.py:115} INFO - [2023-11-04 21:08:21,079] {dagbag.py:508} INFO - Filling up the DagBag from /home/airflow/.local/lib/python3.7/site-packages/airflow/example_dags/example_branch_day_of_week_operator.py
[2023-11-04 21:08:21,089] {processor.py:651} INFO - DAG(s) dict_keys(['example_weekday_branch_operator']) retrieved from /home/airflow/.local/lib/python3.7/site-packages/airflow/example_dags/example_branch_day_of_week_operator.py
[2023-11-04 21:08:21,120] {logging_mixin.py:115} INFO - [2023-11-04 21:08:21,120] {dag.py:2420} INFO - Sync 1 DAGs
[2023-11-04 21:08:21,254] {logging_mixin.py:115} INFO - [2023-11-04 21:08:21,254] {dag.py:2972} INFO - Setting next_dagrun for example_weekday_branch_operator to 2023-11-03T00:00:00+00:00, run_after=2023-11-04T00:00:00+00:00
[2023-11-04 21:08:21,268] {processor.py:161} INFO - Processing /home/airflow/.local/lib/python3.7/site-packages/airflow/example_dags/example_branch_day_of_week_operator.py took 0.197 seconds
[2023-11-04 21:08:51,735] {processor.py:153} INFO - Started process (PID=373) to work on /home/airflow/.local/lib/python3.7/site-packages/airflow/example_dags/example_branch_day_of_week_operator.py
[2023-11-04 21:08:51,736] {processor.py:641} INFO - Processing file /home/airflow/.local/lib/python3.7/site-packages/airflow/example_dags/example_branch_day_of_week_operator.py for tasks to queue
[2023-11-04 21:08:51,737] {logging_mixin.py:115} INFO - [2023-11-04 21:08:51,737] {dagbag.py:508} INFO - Filling up the DagBag from /home/airflow/.local/lib/python3.7/site-packages/airflow/example_dags/example_branch_day_of_week_operator.py
[2023-11-04 21:08:51,749] {processor.py:651} INFO - DAG(s) dict_keys(['example_weekday_branch_operator']) retrieved from /home/airflow/.local/lib/python3.7/site-packages/airflow/example_dags/example_branch_day_of_week_operator.py
[2023-11-04 21:08:51,785] {logging_mixin.py:115} INFO - [2023-11-04 21:08:51,785] {dag.py:2420} INFO - Sync 1 DAGs
[2023-11-04 21:08:51,937] {logging_mixin.py:115} INFO - [2023-11-04 21:08:51,937] {dag.py:2972} INFO - Setting next_dagrun for example_weekday_branch_operator to 2023-11-03T00:00:00+00:00, run_after=2023-11-04T00:00:00+00:00
[2023-11-04 21:08:51,951] {processor.py:161} INFO - Processing /home/airflow/.local/lib/python3.7/site-packages/airflow/example_dags/example_branch_day_of_week_operator.py took 0.221 seconds
[2023-11-04 21:09:22,442] {processor.py:153} INFO - Started process (PID=435) to work on /home/airflow/.local/lib/python3.7/site-packages/airflow/example_dags/example_branch_day_of_week_operator.py
[2023-11-04 21:09:22,443] {processor.py:641} INFO - Processing file /home/airflow/.local/lib/python3.7/site-packages/airflow/example_dags/example_branch_day_of_week_operator.py for tasks to queue
[2023-11-04 21:09:22,444] {logging_mixin.py:115} INFO - [2023-11-04 21:09:22,444] {dagbag.py:508} INFO - Filling up the DagBag from /home/airflow/.local/lib/python3.7/site-packages/airflow/example_dags/example_branch_day_of_week_operator.py
[2023-11-04 21:09:22,453] {processor.py:651} INFO - DAG(s) dict_keys(['example_weekday_branch_operator']) retrieved from /home/airflow/.local/lib/python3.7/site-packages/airflow/example_dags/example_branch_day_of_week_operator.py
[2023-11-04 21:09:22,482] {logging_mixin.py:115} INFO - [2023-11-04 21:09:22,482] {dag.py:2420} INFO - Sync 1 DAGs
[2023-11-04 21:09:22,625] {logging_mixin.py:115} INFO - [2023-11-04 21:09:22,625] {dag.py:2972} INFO - Setting next_dagrun for example_weekday_branch_operator to 2023-11-03T00:00:00+00:00, run_after=2023-11-04T00:00:00+00:00
[2023-11-04 21:09:22,639] {processor.py:161} INFO - Processing /home/airflow/.local/lib/python3.7/site-packages/airflow/example_dags/example_branch_day_of_week_operator.py took 0.200 seconds
[2023-11-04 21:09:53,193] {processor.py:153} INFO - Started process (PID=497) to work on /home/airflow/.local/lib/python3.7/site-packages/airflow/example_dags/example_branch_day_of_week_operator.py
[2023-11-04 21:09:53,194] {processor.py:641} INFO - Processing file /home/airflow/.local/lib/python3.7/site-packages/airflow/example_dags/example_branch_day_of_week_operator.py for tasks to queue
[2023-11-04 21:09:53,194] {logging_mixin.py:115} INFO - [2023-11-04 21:09:53,194] {dagbag.py:508} INFO - Filling up the DagBag from /home/airflow/.local/lib/python3.7/site-packages/airflow/example_dags/example_branch_day_of_week_operator.py
[2023-11-04 21:09:53,203] {processor.py:651} INFO - DAG(s) dict_keys(['example_weekday_branch_operator']) retrieved from /home/airflow/.local/lib/python3.7/site-packages/airflow/example_dags/example_branch_day_of_week_operator.py
[2023-11-04 21:09:53,231] {logging_mixin.py:115} INFO - [2023-11-04 21:09:53,231] {dag.py:2420} INFO - Sync 1 DAGs
[2023-11-04 21:09:53,368] {logging_mixin.py:115} INFO - [2023-11-04 21:09:53,368] {dag.py:2972} INFO - Setting next_dagrun for example_weekday_branch_operator to 2023-11-03T00:00:00+00:00, run_after=2023-11-04T00:00:00+00:00
[2023-11-04 21:09:53,390] {processor.py:161} INFO - Processing /home/airflow/.local/lib/python3.7/site-packages/airflow/example_dags/example_branch_day_of_week_operator.py took 0.201 seconds
[2023-11-04 21:10:23,463] {processor.py:153} INFO - Started process (PID=550) to work on /home/airflow/.local/lib/python3.7/site-packages/airflow/example_dags/example_branch_day_of_week_operator.py
[2023-11-04 21:10:23,477] {processor.py:641} INFO - Processing file /home/airflow/.local/lib/python3.7/site-packages/airflow/example_dags/example_branch_day_of_week_operator.py for tasks to queue
[2023-11-04 21:10:23,478] {logging_mixin.py:115} INFO - [2023-11-04 21:10:23,478] {dagbag.py:508} INFO - Filling up the DagBag from /home/airflow/.local/lib/python3.7/site-packages/airflow/example_dags/example_branch_day_of_week_operator.py
[2023-11-04 21:10:23,488] {processor.py:651} INFO - DAG(s) dict_keys(['example_weekday_branch_operator']) retrieved from /home/airflow/.local/lib/python3.7/site-packages/airflow/example_dags/example_branch_day_of_week_operator.py
[2023-11-04 21:10:23,517] {logging_mixin.py:115} INFO - [2023-11-04 21:10:23,517] {dag.py:2420} INFO - Sync 1 DAGs
[2023-11-04 21:10:23,671] {logging_mixin.py:115} INFO - [2023-11-04 21:10:23,671] {dag.py:2972} INFO - Setting next_dagrun for example_weekday_branch_operator to 2023-11-03T00:00:00+00:00, run_after=2023-11-04T00:00:00+00:00
[2023-11-04 21:10:23,685] {processor.py:161} INFO - Processing /home/airflow/.local/lib/python3.7/site-packages/airflow/example_dags/example_branch_day_of_week_operator.py took 0.226 seconds
[2023-11-04 21:10:53,847] {processor.py:153} INFO - Started process (PID=612) to work on /home/airflow/.local/lib/python3.7/site-packages/airflow/example_dags/example_branch_day_of_week_operator.py
[2023-11-04 21:10:53,848] {processor.py:641} INFO - Processing file /home/airflow/.local/lib/python3.7/site-packages/airflow/example_dags/example_branch_day_of_week_operator.py for tasks to queue
[2023-11-04 21:10:53,849] {logging_mixin.py:115} INFO - [2023-11-04 21:10:53,849] {dagbag.py:508} INFO - Filling up the DagBag from /home/airflow/.local/lib/python3.7/site-packages/airflow/example_dags/example_branch_day_of_week_operator.py
[2023-11-04 21:10:53,861] {processor.py:651} INFO - DAG(s) dict_keys(['example_weekday_branch_operator']) retrieved from /home/airflow/.local/lib/python3.7/site-packages/airflow/example_dags/example_branch_day_of_week_operator.py
[2023-11-04 21:10:53,899] {logging_mixin.py:115} INFO - [2023-11-04 21:10:53,899] {dag.py:2420} INFO - Sync 1 DAGs
[2023-11-04 21:10:54,087] {logging_mixin.py:115} INFO - [2023-11-04 21:10:54,087] {dag.py:2972} INFO - Setting next_dagrun for example_weekday_branch_operator to 2023-11-03T00:00:00+00:00, run_after=2023-11-04T00:00:00+00:00
[2023-11-04 21:10:54,104] {processor.py:161} INFO - Processing /home/airflow/.local/lib/python3.7/site-packages/airflow/example_dags/example_branch_day_of_week_operator.py took 0.261 seconds
[2023-11-04 21:11:24,631] {processor.py:153} INFO - Started process (PID=674) to work on /home/airflow/.local/lib/python3.7/site-packages/airflow/example_dags/example_branch_day_of_week_operator.py
[2023-11-04 21:11:24,632] {processor.py:641} INFO - Processing file /home/airflow/.local/lib/python3.7/site-packages/airflow/example_dags/example_branch_day_of_week_operator.py for tasks to queue
[2023-11-04 21:11:24,633] {logging_mixin.py:115} INFO - [2023-11-04 21:11:24,633] {dagbag.py:508} INFO - Filling up the DagBag from /home/airflow/.local/lib/python3.7/site-packages/airflow/example_dags/example_branch_day_of_week_operator.py
[2023-11-04 21:11:24,644] {processor.py:651} INFO - DAG(s) dict_keys(['example_weekday_branch_operator']) retrieved from /home/airflow/.local/lib/python3.7/site-packages/airflow/example_dags/example_branch_day_of_week_operator.py
[2023-11-04 21:11:24,677] {logging_mixin.py:115} INFO - [2023-11-04 21:11:24,677] {dag.py:2420} INFO - Sync 1 DAGs
[2023-11-04 21:11:24,811] {logging_mixin.py:115} INFO - [2023-11-04 21:11:24,811] {dag.py:2972} INFO - Setting next_dagrun for example_weekday_branch_operator to 2023-11-03T00:00:00+00:00, run_after=2023-11-04T00:00:00+00:00
[2023-11-04 21:11:24,824] {processor.py:161} INFO - Processing /home/airflow/.local/lib/python3.7/site-packages/airflow/example_dags/example_branch_day_of_week_operator.py took 0.197 seconds
[2023-11-04 21:11:55,336] {processor.py:153} INFO - Started process (PID=727) to work on /home/airflow/.local/lib/python3.7/site-packages/airflow/example_dags/example_branch_day_of_week_operator.py
[2023-11-04 21:11:55,337] {processor.py:641} INFO - Processing file /home/airflow/.local/lib/python3.7/site-packages/airflow/example_dags/example_branch_day_of_week_operator.py for tasks to queue
[2023-11-04 21:11:55,338] {logging_mixin.py:115} INFO - [2023-11-04 21:11:55,338] {dagbag.py:508} INFO - Filling up the DagBag from /home/airflow/.local/lib/python3.7/site-packages/airflow/example_dags/example_branch_day_of_week_operator.py
[2023-11-04 21:11:55,350] {processor.py:651} INFO - DAG(s) dict_keys(['example_weekday_branch_operator']) retrieved from /home/airflow/.local/lib/python3.7/site-packages/airflow/example_dags/example_branch_day_of_week_operator.py
[2023-11-04 21:11:55,391] {logging_mixin.py:115} INFO - [2023-11-04 21:11:55,391] {dag.py:2420} INFO - Sync 1 DAGs
[2023-11-04 21:11:55,582] {logging_mixin.py:115} INFO - [2023-11-04 21:11:55,581] {dag.py:2972} INFO - Setting next_dagrun for example_weekday_branch_operator to 2023-11-03T00:00:00+00:00, run_after=2023-11-04T00:00:00+00:00
[2023-11-04 21:11:55,600] {processor.py:161} INFO - Processing /home/airflow/.local/lib/python3.7/site-packages/airflow/example_dags/example_branch_day_of_week_operator.py took 0.269 seconds
[2023-11-04 21:12:26,559] {processor.py:153} INFO - Started process (PID=789) to work on /home/airflow/.local/lib/python3.7/site-packages/airflow/example_dags/example_branch_day_of_week_operator.py
[2023-11-04 21:12:26,561] {processor.py:641} INFO - Processing file /home/airflow/.local/lib/python3.7/site-packages/airflow/example_dags/example_branch_day_of_week_operator.py for tasks to queue
[2023-11-04 21:12:26,562] {logging_mixin.py:115} INFO - [2023-11-04 21:12:26,562] {dagbag.py:508} INFO - Filling up the DagBag from /home/airflow/.local/lib/python3.7/site-packages/airflow/example_dags/example_branch_day_of_week_operator.py
[2023-11-04 21:12:26,591] {processor.py:651} INFO - DAG(s) dict_keys(['example_weekday_branch_operator']) retrieved from /home/airflow/.local/lib/python3.7/site-packages/airflow/example_dags/example_branch_day_of_week_operator.py
[2023-11-04 21:12:26,698] {logging_mixin.py:115} INFO - [2023-11-04 21:12:26,698] {dag.py:2420} INFO - Sync 1 DAGs
[2023-11-04 21:12:27,091] {logging_mixin.py:115} INFO - [2023-11-04 21:12:27,090] {dag.py:2972} INFO - Setting next_dagrun for example_weekday_branch_operator to 2023-11-03T00:00:00+00:00, run_after=2023-11-04T00:00:00+00:00
[2023-11-04 21:12:27,122] {processor.py:161} INFO - Processing /home/airflow/.local/lib/python3.7/site-packages/airflow/example_dags/example_branch_day_of_week_operator.py took 0.569 seconds
[2023-11-04 21:12:59,208] {processor.py:153} INFO - Started process (PID=842) to work on /home/airflow/.local/lib/python3.7/site-packages/airflow/example_dags/example_branch_day_of_week_operator.py
[2023-11-04 21:12:59,218] {processor.py:641} INFO - Processing file /home/airflow/.local/lib/python3.7/site-packages/airflow/example_dags/example_branch_day_of_week_operator.py for tasks to queue
[2023-11-04 21:12:59,223] {logging_mixin.py:115} INFO - [2023-11-04 21:12:59,223] {dagbag.py:508} INFO - Filling up the DagBag from /home/airflow/.local/lib/python3.7/site-packages/airflow/example_dags/example_branch_day_of_week_operator.py
[2023-11-04 21:12:59,338] {processor.py:651} INFO - DAG(s) dict_keys(['example_weekday_branch_operator']) retrieved from /home/airflow/.local/lib/python3.7/site-packages/airflow/example_dags/example_branch_day_of_week_operator.py
[2023-11-04 21:12:59,546] {logging_mixin.py:115} INFO - [2023-11-04 21:12:59,546] {dag.py:2420} INFO - Sync 1 DAGs
[2023-11-04 21:12:59,901] {logging_mixin.py:115} INFO - [2023-11-04 21:12:59,901] {dag.py:2972} INFO - Setting next_dagrun for example_weekday_branch_operator to 2023-11-03T00:00:00+00:00, run_after=2023-11-04T00:00:00+00:00
[2023-11-04 21:12:59,954] {processor.py:161} INFO - Processing /home/airflow/.local/lib/python3.7/site-packages/airflow/example_dags/example_branch_day_of_week_operator.py took 0.760 seconds
[2023-11-04 21:15:29,924] {processor.py:153} INFO - Started process (PID=89) to work on /home/airflow/.local/lib/python3.7/site-packages/airflow/example_dags/example_branch_day_of_week_operator.py
[2023-11-04 21:15:29,928] {processor.py:641} INFO - Processing file /home/airflow/.local/lib/python3.7/site-packages/airflow/example_dags/example_branch_day_of_week_operator.py for tasks to queue
[2023-11-04 21:15:29,930] {logging_mixin.py:115} INFO - [2023-11-04 21:15:29,930] {dagbag.py:508} INFO - Filling up the DagBag from /home/airflow/.local/lib/python3.7/site-packages/airflow/example_dags/example_branch_day_of_week_operator.py
[2023-11-04 21:15:29,964] {processor.py:651} INFO - DAG(s) dict_keys(['example_weekday_branch_operator']) retrieved from /home/airflow/.local/lib/python3.7/site-packages/airflow/example_dags/example_branch_day_of_week_operator.py
[2023-11-04 21:15:30,091] {logging_mixin.py:115} INFO - [2023-11-04 21:15:30,090] {dag.py:2420} INFO - Sync 1 DAGs
[2023-11-04 21:15:30,486] {logging_mixin.py:115} INFO - [2023-11-04 21:15:30,486] {dag.py:2972} INFO - Setting next_dagrun for example_weekday_branch_operator to 2023-11-03T00:00:00+00:00, run_after=2023-11-04T00:00:00+00:00
[2023-11-04 21:15:30,552] {processor.py:161} INFO - Processing /home/airflow/.local/lib/python3.7/site-packages/airflow/example_dags/example_branch_day_of_week_operator.py took 0.650 seconds
[2023-11-04 21:16:00,943] {processor.py:153} INFO - Started process (PID=142) to work on /home/airflow/.local/lib/python3.7/site-packages/airflow/example_dags/example_branch_day_of_week_operator.py
[2023-11-04 21:16:00,945] {processor.py:641} INFO - Processing file /home/airflow/.local/lib/python3.7/site-packages/airflow/example_dags/example_branch_day_of_week_operator.py for tasks to queue
[2023-11-04 21:16:00,947] {logging_mixin.py:115} INFO - [2023-11-04 21:16:00,946] {dagbag.py:508} INFO - Filling up the DagBag from /home/airflow/.local/lib/python3.7/site-packages/airflow/example_dags/example_branch_day_of_week_operator.py
[2023-11-04 21:16:00,966] {processor.py:651} INFO - DAG(s) dict_keys(['example_weekday_branch_operator']) retrieved from /home/airflow/.local/lib/python3.7/site-packages/airflow/example_dags/example_branch_day_of_week_operator.py
[2023-11-04 21:16:01,047] {logging_mixin.py:115} INFO - [2023-11-04 21:16:01,047] {dag.py:2420} INFO - Sync 1 DAGs
[2023-11-04 21:16:01,322] {logging_mixin.py:115} INFO - [2023-11-04 21:16:01,321] {dag.py:2972} INFO - Setting next_dagrun for example_weekday_branch_operator to 2023-11-03T00:00:00+00:00, run_after=2023-11-04T00:00:00+00:00
[2023-11-04 21:16:01,348] {processor.py:161} INFO - Processing /home/airflow/.local/lib/python3.7/site-packages/airflow/example_dags/example_branch_day_of_week_operator.py took 0.413 seconds
[2023-11-04 21:16:31,724] {processor.py:153} INFO - Started process (PID=195) to work on /home/airflow/.local/lib/python3.7/site-packages/airflow/example_dags/example_branch_day_of_week_operator.py
[2023-11-04 21:16:31,729] {processor.py:641} INFO - Processing file /home/airflow/.local/lib/python3.7/site-packages/airflow/example_dags/example_branch_day_of_week_operator.py for tasks to queue
[2023-11-04 21:16:31,731] {logging_mixin.py:115} INFO - [2023-11-04 21:16:31,731] {dagbag.py:508} INFO - Filling up the DagBag from /home/airflow/.local/lib/python3.7/site-packages/airflow/example_dags/example_branch_day_of_week_operator.py
[2023-11-04 21:16:31,755] {processor.py:651} INFO - DAG(s) dict_keys(['example_weekday_branch_operator']) retrieved from /home/airflow/.local/lib/python3.7/site-packages/airflow/example_dags/example_branch_day_of_week_operator.py
[2023-11-04 21:16:31,853] {logging_mixin.py:115} INFO - [2023-11-04 21:16:31,852] {dag.py:2420} INFO - Sync 1 DAGs
[2023-11-04 21:16:32,155] {logging_mixin.py:115} INFO - [2023-11-04 21:16:32,155] {dag.py:2972} INFO - Setting next_dagrun for example_weekday_branch_operator to 2023-11-03T00:00:00+00:00, run_after=2023-11-04T00:00:00+00:00
[2023-11-04 21:16:32,190] {processor.py:161} INFO - Processing /home/airflow/.local/lib/python3.7/site-packages/airflow/example_dags/example_branch_day_of_week_operator.py took 0.474 seconds
[2023-11-04 21:17:02,309] {processor.py:153} INFO - Started process (PID=248) to work on /home/airflow/.local/lib/python3.7/site-packages/airflow/example_dags/example_branch_day_of_week_operator.py
[2023-11-04 21:17:02,311] {processor.py:641} INFO - Processing file /home/airflow/.local/lib/python3.7/site-packages/airflow/example_dags/example_branch_day_of_week_operator.py for tasks to queue
[2023-11-04 21:17:02,313] {logging_mixin.py:115} INFO - [2023-11-04 21:17:02,312] {dagbag.py:508} INFO - Filling up the DagBag from /home/airflow/.local/lib/python3.7/site-packages/airflow/example_dags/example_branch_day_of_week_operator.py
[2023-11-04 21:17:02,339] {processor.py:651} INFO - DAG(s) dict_keys(['example_weekday_branch_operator']) retrieved from /home/airflow/.local/lib/python3.7/site-packages/airflow/example_dags/example_branch_day_of_week_operator.py
[2023-11-04 21:17:02,413] {logging_mixin.py:115} INFO - [2023-11-04 21:17:02,413] {dag.py:2420} INFO - Sync 1 DAGs
[2023-11-04 21:17:02,663] {logging_mixin.py:115} INFO - [2023-11-04 21:17:02,663] {dag.py:2972} INFO - Setting next_dagrun for example_weekday_branch_operator to 2023-11-03T00:00:00+00:00, run_after=2023-11-04T00:00:00+00:00
[2023-11-04 21:17:02,683] {processor.py:161} INFO - Processing /home/airflow/.local/lib/python3.7/site-packages/airflow/example_dags/example_branch_day_of_week_operator.py took 0.384 seconds
[2023-11-04 21:17:32,786] {processor.py:153} INFO - Started process (PID=310) to work on /home/airflow/.local/lib/python3.7/site-packages/airflow/example_dags/example_branch_day_of_week_operator.py
[2023-11-04 21:17:32,788] {processor.py:641} INFO - Processing file /home/airflow/.local/lib/python3.7/site-packages/airflow/example_dags/example_branch_day_of_week_operator.py for tasks to queue
[2023-11-04 21:17:32,789] {logging_mixin.py:115} INFO - [2023-11-04 21:17:32,789] {dagbag.py:508} INFO - Filling up the DagBag from /home/airflow/.local/lib/python3.7/site-packages/airflow/example_dags/example_branch_day_of_week_operator.py
[2023-11-04 21:17:32,810] {processor.py:651} INFO - DAG(s) dict_keys(['example_weekday_branch_operator']) retrieved from /home/airflow/.local/lib/python3.7/site-packages/airflow/example_dags/example_branch_day_of_week_operator.py
[2023-11-04 21:17:32,894] {logging_mixin.py:115} INFO - [2023-11-04 21:17:32,893] {dag.py:2420} INFO - Sync 1 DAGs
[2023-11-04 21:17:33,163] {logging_mixin.py:115} INFO - [2023-11-04 21:17:33,163] {dag.py:2972} INFO - Setting next_dagrun for example_weekday_branch_operator to 2023-11-03T00:00:00+00:00, run_after=2023-11-04T00:00:00+00:00
[2023-11-04 21:17:33,195] {processor.py:161} INFO - Processing /home/airflow/.local/lib/python3.7/site-packages/airflow/example_dags/example_branch_day_of_week_operator.py took 0.417 seconds
[2023-11-04 21:18:03,881] {processor.py:153} INFO - Started process (PID=363) to work on /home/airflow/.local/lib/python3.7/site-packages/airflow/example_dags/example_branch_day_of_week_operator.py
[2023-11-04 21:18:03,882] {processor.py:641} INFO - Processing file /home/airflow/.local/lib/python3.7/site-packages/airflow/example_dags/example_branch_day_of_week_operator.py for tasks to queue
[2023-11-04 21:18:03,884] {logging_mixin.py:115} INFO - [2023-11-04 21:18:03,884] {dagbag.py:508} INFO - Filling up the DagBag from /home/airflow/.local/lib/python3.7/site-packages/airflow/example_dags/example_branch_day_of_week_operator.py
[2023-11-04 21:18:03,901] {processor.py:651} INFO - DAG(s) dict_keys(['example_weekday_branch_operator']) retrieved from /home/airflow/.local/lib/python3.7/site-packages/airflow/example_dags/example_branch_day_of_week_operator.py
[2023-11-04 21:18:03,957] {logging_mixin.py:115} INFO - [2023-11-04 21:18:03,956] {dag.py:2420} INFO - Sync 1 DAGs
[2023-11-04 21:18:04,200] {logging_mixin.py:115} INFO - [2023-11-04 21:18:04,200] {dag.py:2972} INFO - Setting next_dagrun for example_weekday_branch_operator to 2023-11-03T00:00:00+00:00, run_after=2023-11-04T00:00:00+00:00
[2023-11-04 21:18:04,226] {processor.py:161} INFO - Processing /home/airflow/.local/lib/python3.7/site-packages/airflow/example_dags/example_branch_day_of_week_operator.py took 0.353 seconds
[2023-11-04 21:18:34,617] {processor.py:153} INFO - Started process (PID=416) to work on /home/airflow/.local/lib/python3.7/site-packages/airflow/example_dags/example_branch_day_of_week_operator.py
[2023-11-04 21:18:34,619] {processor.py:641} INFO - Processing file /home/airflow/.local/lib/python3.7/site-packages/airflow/example_dags/example_branch_day_of_week_operator.py for tasks to queue
[2023-11-04 21:18:34,620] {logging_mixin.py:115} INFO - [2023-11-04 21:18:34,620] {dagbag.py:508} INFO - Filling up the DagBag from /home/airflow/.local/lib/python3.7/site-packages/airflow/example_dags/example_branch_day_of_week_operator.py
[2023-11-04 21:18:34,647] {processor.py:651} INFO - DAG(s) dict_keys(['example_weekday_branch_operator']) retrieved from /home/airflow/.local/lib/python3.7/site-packages/airflow/example_dags/example_branch_day_of_week_operator.py
[2023-11-04 21:18:34,701] {logging_mixin.py:115} INFO - [2023-11-04 21:18:34,701] {dag.py:2420} INFO - Sync 1 DAGs
[2023-11-04 21:18:34,956] {logging_mixin.py:115} INFO - [2023-11-04 21:18:34,956] {dag.py:2972} INFO - Setting next_dagrun for example_weekday_branch_operator to 2023-11-03T00:00:00+00:00, run_after=2023-11-04T00:00:00+00:00
[2023-11-04 21:18:34,985] {processor.py:161} INFO - Processing /home/airflow/.local/lib/python3.7/site-packages/airflow/example_dags/example_branch_day_of_week_operator.py took 0.378 seconds
[2023-11-04 21:19:05,268] {processor.py:153} INFO - Started process (PID=485) to work on /home/airflow/.local/lib/python3.7/site-packages/airflow/example_dags/example_branch_day_of_week_operator.py
[2023-11-04 21:19:05,270] {processor.py:641} INFO - Processing file /home/airflow/.local/lib/python3.7/site-packages/airflow/example_dags/example_branch_day_of_week_operator.py for tasks to queue
[2023-11-04 21:19:05,272] {logging_mixin.py:115} INFO - [2023-11-04 21:19:05,272] {dagbag.py:508} INFO - Filling up the DagBag from /home/airflow/.local/lib/python3.7/site-packages/airflow/example_dags/example_branch_day_of_week_operator.py
[2023-11-04 21:19:05,286] {processor.py:651} INFO - DAG(s) dict_keys(['example_weekday_branch_operator']) retrieved from /home/airflow/.local/lib/python3.7/site-packages/airflow/example_dags/example_branch_day_of_week_operator.py
[2023-11-04 21:19:05,329] {logging_mixin.py:115} INFO - [2023-11-04 21:19:05,328] {dag.py:2420} INFO - Sync 1 DAGs
[2023-11-04 21:19:05,507] {logging_mixin.py:115} INFO - [2023-11-04 21:19:05,507] {dag.py:2972} INFO - Setting next_dagrun for example_weekday_branch_operator to 2023-11-03T00:00:00+00:00, run_after=2023-11-04T00:00:00+00:00
[2023-11-04 21:19:05,522] {processor.py:161} INFO - Processing /home/airflow/.local/lib/python3.7/site-packages/airflow/example_dags/example_branch_day_of_week_operator.py took 0.258 seconds
[2023-11-04 21:19:35,757] {processor.py:153} INFO - Started process (PID=548) to work on /home/airflow/.local/lib/python3.7/site-packages/airflow/example_dags/example_branch_day_of_week_operator.py
[2023-11-04 21:19:35,758] {processor.py:641} INFO - Processing file /home/airflow/.local/lib/python3.7/site-packages/airflow/example_dags/example_branch_day_of_week_operator.py for tasks to queue
[2023-11-04 21:19:35,759] {logging_mixin.py:115} INFO - [2023-11-04 21:19:35,759] {dagbag.py:508} INFO - Filling up the DagBag from /home/airflow/.local/lib/python3.7/site-packages/airflow/example_dags/example_branch_day_of_week_operator.py
[2023-11-04 21:19:35,769] {processor.py:651} INFO - DAG(s) dict_keys(['example_weekday_branch_operator']) retrieved from /home/airflow/.local/lib/python3.7/site-packages/airflow/example_dags/example_branch_day_of_week_operator.py
[2023-11-04 21:19:35,800] {logging_mixin.py:115} INFO - [2023-11-04 21:19:35,800] {dag.py:2420} INFO - Sync 1 DAGs
[2023-11-04 21:19:35,948] {logging_mixin.py:115} INFO - [2023-11-04 21:19:35,947] {dag.py:2972} INFO - Setting next_dagrun for example_weekday_branch_operator to 2023-11-03T00:00:00+00:00, run_after=2023-11-04T00:00:00+00:00
[2023-11-04 21:19:35,962] {processor.py:161} INFO - Processing /home/airflow/.local/lib/python3.7/site-packages/airflow/example_dags/example_branch_day_of_week_operator.py took 0.209 seconds
[2023-11-04 21:20:06,997] {processor.py:153} INFO - Started process (PID=607) to work on /home/airflow/.local/lib/python3.7/site-packages/airflow/example_dags/example_branch_day_of_week_operator.py
[2023-11-04 21:20:07,001] {processor.py:641} INFO - Processing file /home/airflow/.local/lib/python3.7/site-packages/airflow/example_dags/example_branch_day_of_week_operator.py for tasks to queue
[2023-11-04 21:20:07,003] {logging_mixin.py:115} INFO - [2023-11-04 21:20:07,002] {dagbag.py:508} INFO - Filling up the DagBag from /home/airflow/.local/lib/python3.7/site-packages/airflow/example_dags/example_branch_day_of_week_operator.py
[2023-11-04 21:20:07,032] {processor.py:651} INFO - DAG(s) dict_keys(['example_weekday_branch_operator']) retrieved from /home/airflow/.local/lib/python3.7/site-packages/airflow/example_dags/example_branch_day_of_week_operator.py
[2023-11-04 21:20:07,132] {logging_mixin.py:115} INFO - [2023-11-04 21:20:07,131] {dag.py:2420} INFO - Sync 1 DAGs
[2023-11-04 21:20:07,488] {logging_mixin.py:115} INFO - [2023-11-04 21:20:07,488] {dag.py:2972} INFO - Setting next_dagrun for example_weekday_branch_operator to 2023-11-03T00:00:00+00:00, run_after=2023-11-04T00:00:00+00:00
[2023-11-04 21:20:07,551] {processor.py:161} INFO - Processing /home/airflow/.local/lib/python3.7/site-packages/airflow/example_dags/example_branch_day_of_week_operator.py took 0.566 seconds
[2023-11-04 21:20:38,363] {processor.py:153} INFO - Started process (PID=663) to work on /home/airflow/.local/lib/python3.7/site-packages/airflow/example_dags/example_branch_day_of_week_operator.py
[2023-11-04 21:20:38,364] {processor.py:641} INFO - Processing file /home/airflow/.local/lib/python3.7/site-packages/airflow/example_dags/example_branch_day_of_week_operator.py for tasks to queue
[2023-11-04 21:20:38,365] {logging_mixin.py:115} INFO - [2023-11-04 21:20:38,365] {dagbag.py:508} INFO - Filling up the DagBag from /home/airflow/.local/lib/python3.7/site-packages/airflow/example_dags/example_branch_day_of_week_operator.py
[2023-11-04 21:20:38,381] {processor.py:651} INFO - DAG(s) dict_keys(['example_weekday_branch_operator']) retrieved from /home/airflow/.local/lib/python3.7/site-packages/airflow/example_dags/example_branch_day_of_week_operator.py
[2023-11-04 21:20:38,429] {logging_mixin.py:115} INFO - [2023-11-04 21:20:38,429] {dag.py:2420} INFO - Sync 1 DAGs
[2023-11-04 21:20:38,636] {logging_mixin.py:115} INFO - [2023-11-04 21:20:38,636] {dag.py:2972} INFO - Setting next_dagrun for example_weekday_branch_operator to 2023-11-03T00:00:00+00:00, run_after=2023-11-04T00:00:00+00:00
[2023-11-04 21:20:38,654] {processor.py:161} INFO - Processing /home/airflow/.local/lib/python3.7/site-packages/airflow/example_dags/example_branch_day_of_week_operator.py took 0.297 seconds
[2023-11-04 21:21:08,985] {processor.py:153} INFO - Started process (PID=725) to work on /home/airflow/.local/lib/python3.7/site-packages/airflow/example_dags/example_branch_day_of_week_operator.py
[2023-11-04 21:21:08,986] {processor.py:641} INFO - Processing file /home/airflow/.local/lib/python3.7/site-packages/airflow/example_dags/example_branch_day_of_week_operator.py for tasks to queue
[2023-11-04 21:21:08,988] {logging_mixin.py:115} INFO - [2023-11-04 21:21:08,988] {dagbag.py:508} INFO - Filling up the DagBag from /home/airflow/.local/lib/python3.7/site-packages/airflow/example_dags/example_branch_day_of_week_operator.py
[2023-11-04 21:21:09,001] {processor.py:651} INFO - DAG(s) dict_keys(['example_weekday_branch_operator']) retrieved from /home/airflow/.local/lib/python3.7/site-packages/airflow/example_dags/example_branch_day_of_week_operator.py
[2023-11-04 21:21:09,042] {logging_mixin.py:115} INFO - [2023-11-04 21:21:09,042] {dag.py:2420} INFO - Sync 1 DAGs
[2023-11-04 21:21:09,208] {logging_mixin.py:115} INFO - [2023-11-04 21:21:09,208] {dag.py:2972} INFO - Setting next_dagrun for example_weekday_branch_operator to 2023-11-03T00:00:00+00:00, run_after=2023-11-04T00:00:00+00:00
[2023-11-04 21:21:09,225] {processor.py:161} INFO - Processing /home/airflow/.local/lib/python3.7/site-packages/airflow/example_dags/example_branch_day_of_week_operator.py took 0.247 seconds
[2023-11-04 21:21:40,005] {processor.py:153} INFO - Started process (PID=779) to work on /home/airflow/.local/lib/python3.7/site-packages/airflow/example_dags/example_branch_day_of_week_operator.py
[2023-11-04 21:21:40,006] {processor.py:641} INFO - Processing file /home/airflow/.local/lib/python3.7/site-packages/airflow/example_dags/example_branch_day_of_week_operator.py for tasks to queue
[2023-11-04 21:21:40,007] {logging_mixin.py:115} INFO - [2023-11-04 21:21:40,007] {dagbag.py:508} INFO - Filling up the DagBag from /home/airflow/.local/lib/python3.7/site-packages/airflow/example_dags/example_branch_day_of_week_operator.py
[2023-11-04 21:21:40,018] {processor.py:651} INFO - DAG(s) dict_keys(['example_weekday_branch_operator']) retrieved from /home/airflow/.local/lib/python3.7/site-packages/airflow/example_dags/example_branch_day_of_week_operator.py
[2023-11-04 21:21:40,056] {logging_mixin.py:115} INFO - [2023-11-04 21:21:40,056] {dag.py:2420} INFO - Sync 1 DAGs
[2023-11-04 21:21:40,228] {logging_mixin.py:115} INFO - [2023-11-04 21:21:40,228] {dag.py:2972} INFO - Setting next_dagrun for example_weekday_branch_operator to 2023-11-03T00:00:00+00:00, run_after=2023-11-04T00:00:00+00:00
[2023-11-04 21:21:40,251] {processor.py:161} INFO - Processing /home/airflow/.local/lib/python3.7/site-packages/airflow/example_dags/example_branch_day_of_week_operator.py took 0.249 seconds
[2023-11-04 21:22:10,736] {processor.py:153} INFO - Started process (PID=841) to work on /home/airflow/.local/lib/python3.7/site-packages/airflow/example_dags/example_branch_day_of_week_operator.py
[2023-11-04 21:22:10,741] {processor.py:641} INFO - Processing file /home/airflow/.local/lib/python3.7/site-packages/airflow/example_dags/example_branch_day_of_week_operator.py for tasks to queue
[2023-11-04 21:22:10,743] {logging_mixin.py:115} INFO - [2023-11-04 21:22:10,743] {dagbag.py:508} INFO - Filling up the DagBag from /home/airflow/.local/lib/python3.7/site-packages/airflow/example_dags/example_branch_day_of_week_operator.py
[2023-11-04 21:22:10,757] {processor.py:651} INFO - DAG(s) dict_keys(['example_weekday_branch_operator']) retrieved from /home/airflow/.local/lib/python3.7/site-packages/airflow/example_dags/example_branch_day_of_week_operator.py
[2023-11-04 21:22:10,816] {logging_mixin.py:115} INFO - [2023-11-04 21:22:10,815] {dag.py:2420} INFO - Sync 1 DAGs
[2023-11-04 21:22:11,000] {logging_mixin.py:115} INFO - [2023-11-04 21:22:11,000] {dag.py:2972} INFO - Setting next_dagrun for example_weekday_branch_operator to 2023-11-03T00:00:00+00:00, run_after=2023-11-04T00:00:00+00:00
[2023-11-04 21:22:11,015] {processor.py:161} INFO - Processing /home/airflow/.local/lib/python3.7/site-packages/airflow/example_dags/example_branch_day_of_week_operator.py took 0.288 seconds
[2023-11-04 21:22:41,266] {processor.py:153} INFO - Started process (PID=903) to work on /home/airflow/.local/lib/python3.7/site-packages/airflow/example_dags/example_branch_day_of_week_operator.py
[2023-11-04 21:22:41,267] {processor.py:641} INFO - Processing file /home/airflow/.local/lib/python3.7/site-packages/airflow/example_dags/example_branch_day_of_week_operator.py for tasks to queue
[2023-11-04 21:22:41,268] {logging_mixin.py:115} INFO - [2023-11-04 21:22:41,268] {dagbag.py:508} INFO - Filling up the DagBag from /home/airflow/.local/lib/python3.7/site-packages/airflow/example_dags/example_branch_day_of_week_operator.py
[2023-11-04 21:22:41,280] {processor.py:651} INFO - DAG(s) dict_keys(['example_weekday_branch_operator']) retrieved from /home/airflow/.local/lib/python3.7/site-packages/airflow/example_dags/example_branch_day_of_week_operator.py
[2023-11-04 21:22:41,318] {logging_mixin.py:115} INFO - [2023-11-04 21:22:41,318] {dag.py:2420} INFO - Sync 1 DAGs
[2023-11-04 21:22:41,477] {logging_mixin.py:115} INFO - [2023-11-04 21:22:41,477] {dag.py:2972} INFO - Setting next_dagrun for example_weekday_branch_operator to 2023-11-03T00:00:00+00:00, run_after=2023-11-04T00:00:00+00:00
[2023-11-04 21:22:41,494] {processor.py:161} INFO - Processing /home/airflow/.local/lib/python3.7/site-packages/airflow/example_dags/example_branch_day_of_week_operator.py took 0.233 seconds
[2023-11-04 21:23:12,292] {processor.py:153} INFO - Started process (PID=956) to work on /home/airflow/.local/lib/python3.7/site-packages/airflow/example_dags/example_branch_day_of_week_operator.py
[2023-11-04 21:23:12,292] {processor.py:641} INFO - Processing file /home/airflow/.local/lib/python3.7/site-packages/airflow/example_dags/example_branch_day_of_week_operator.py for tasks to queue
[2023-11-04 21:23:12,293] {logging_mixin.py:115} INFO - [2023-11-04 21:23:12,293] {dagbag.py:508} INFO - Filling up the DagBag from /home/airflow/.local/lib/python3.7/site-packages/airflow/example_dags/example_branch_day_of_week_operator.py
[2023-11-04 21:23:12,302] {processor.py:651} INFO - DAG(s) dict_keys(['example_weekday_branch_operator']) retrieved from /home/airflow/.local/lib/python3.7/site-packages/airflow/example_dags/example_branch_day_of_week_operator.py
[2023-11-04 21:23:12,330] {logging_mixin.py:115} INFO - [2023-11-04 21:23:12,330] {dag.py:2420} INFO - Sync 1 DAGs
[2023-11-04 21:23:12,477] {logging_mixin.py:115} INFO - [2023-11-04 21:23:12,477] {dag.py:2972} INFO - Setting next_dagrun for example_weekday_branch_operator to 2023-11-03T00:00:00+00:00, run_after=2023-11-04T00:00:00+00:00
[2023-11-04 21:23:12,493] {processor.py:161} INFO - Processing /home/airflow/.local/lib/python3.7/site-packages/airflow/example_dags/example_branch_day_of_week_operator.py took 0.204 seconds
[2023-11-04 21:23:42,793] {processor.py:153} INFO - Started process (PID=1018) to work on /home/airflow/.local/lib/python3.7/site-packages/airflow/example_dags/example_branch_day_of_week_operator.py
[2023-11-04 21:23:42,794] {processor.py:641} INFO - Processing file /home/airflow/.local/lib/python3.7/site-packages/airflow/example_dags/example_branch_day_of_week_operator.py for tasks to queue
[2023-11-04 21:23:42,795] {logging_mixin.py:115} INFO - [2023-11-04 21:23:42,795] {dagbag.py:508} INFO - Filling up the DagBag from /home/airflow/.local/lib/python3.7/site-packages/airflow/example_dags/example_branch_day_of_week_operator.py
[2023-11-04 21:23:42,803] {processor.py:651} INFO - DAG(s) dict_keys(['example_weekday_branch_operator']) retrieved from /home/airflow/.local/lib/python3.7/site-packages/airflow/example_dags/example_branch_day_of_week_operator.py
[2023-11-04 21:23:42,832] {logging_mixin.py:115} INFO - [2023-11-04 21:23:42,832] {dag.py:2420} INFO - Sync 1 DAGs
[2023-11-04 21:23:42,969] {logging_mixin.py:115} INFO - [2023-11-04 21:23:42,969] {dag.py:2972} INFO - Setting next_dagrun for example_weekday_branch_operator to 2023-11-03T00:00:00+00:00, run_after=2023-11-04T00:00:00+00:00
[2023-11-04 21:23:42,982] {processor.py:161} INFO - Processing /home/airflow/.local/lib/python3.7/site-packages/airflow/example_dags/example_branch_day_of_week_operator.py took 0.192 seconds
[2023-11-04 21:24:13,261] {processor.py:153} INFO - Started process (PID=1080) to work on /home/airflow/.local/lib/python3.7/site-packages/airflow/example_dags/example_branch_day_of_week_operator.py
[2023-11-04 21:24:13,262] {processor.py:641} INFO - Processing file /home/airflow/.local/lib/python3.7/site-packages/airflow/example_dags/example_branch_day_of_week_operator.py for tasks to queue
[2023-11-04 21:24:13,263] {logging_mixin.py:115} INFO - [2023-11-04 21:24:13,262] {dagbag.py:508} INFO - Filling up the DagBag from /home/airflow/.local/lib/python3.7/site-packages/airflow/example_dags/example_branch_day_of_week_operator.py
[2023-11-04 21:24:13,273] {processor.py:651} INFO - DAG(s) dict_keys(['example_weekday_branch_operator']) retrieved from /home/airflow/.local/lib/python3.7/site-packages/airflow/example_dags/example_branch_day_of_week_operator.py
[2023-11-04 21:24:13,304] {logging_mixin.py:115} INFO - [2023-11-04 21:24:13,303] {dag.py:2420} INFO - Sync 1 DAGs
[2023-11-04 21:24:13,478] {logging_mixin.py:115} INFO - [2023-11-04 21:24:13,478] {dag.py:2972} INFO - Setting next_dagrun for example_weekday_branch_operator to 2023-11-03T00:00:00+00:00, run_after=2023-11-04T00:00:00+00:00
[2023-11-04 21:24:13,498] {processor.py:161} INFO - Processing /home/airflow/.local/lib/python3.7/site-packages/airflow/example_dags/example_branch_day_of_week_operator.py took 0.241 seconds
[2023-11-04 21:24:43,761] {processor.py:153} INFO - Started process (PID=1133) to work on /home/airflow/.local/lib/python3.7/site-packages/airflow/example_dags/example_branch_day_of_week_operator.py
[2023-11-04 21:24:43,763] {processor.py:641} INFO - Processing file /home/airflow/.local/lib/python3.7/site-packages/airflow/example_dags/example_branch_day_of_week_operator.py for tasks to queue
[2023-11-04 21:24:43,764] {logging_mixin.py:115} INFO - [2023-11-04 21:24:43,764] {dagbag.py:508} INFO - Filling up the DagBag from /home/airflow/.local/lib/python3.7/site-packages/airflow/example_dags/example_branch_day_of_week_operator.py
[2023-11-04 21:24:43,776] {processor.py:651} INFO - DAG(s) dict_keys(['example_weekday_branch_operator']) retrieved from /home/airflow/.local/lib/python3.7/site-packages/airflow/example_dags/example_branch_day_of_week_operator.py
[2023-11-04 21:24:43,811] {logging_mixin.py:115} INFO - [2023-11-04 21:24:43,811] {dag.py:2420} INFO - Sync 1 DAGs
[2023-11-04 21:24:43,965] {logging_mixin.py:115} INFO - [2023-11-04 21:24:43,965] {dag.py:2972} INFO - Setting next_dagrun for example_weekday_branch_operator to 2023-11-03T00:00:00+00:00, run_after=2023-11-04T00:00:00+00:00
[2023-11-04 21:24:43,979] {processor.py:161} INFO - Processing /home/airflow/.local/lib/python3.7/site-packages/airflow/example_dags/example_branch_day_of_week_operator.py took 0.223 seconds
[2023-11-04 21:25:14,251] {processor.py:153} INFO - Started process (PID=1195) to work on /home/airflow/.local/lib/python3.7/site-packages/airflow/example_dags/example_branch_day_of_week_operator.py
[2023-11-04 21:25:14,252] {processor.py:641} INFO - Processing file /home/airflow/.local/lib/python3.7/site-packages/airflow/example_dags/example_branch_day_of_week_operator.py for tasks to queue
[2023-11-04 21:25:14,252] {logging_mixin.py:115} INFO - [2023-11-04 21:25:14,252] {dagbag.py:508} INFO - Filling up the DagBag from /home/airflow/.local/lib/python3.7/site-packages/airflow/example_dags/example_branch_day_of_week_operator.py
[2023-11-04 21:25:14,261] {processor.py:651} INFO - DAG(s) dict_keys(['example_weekday_branch_operator']) retrieved from /home/airflow/.local/lib/python3.7/site-packages/airflow/example_dags/example_branch_day_of_week_operator.py
[2023-11-04 21:25:14,289] {logging_mixin.py:115} INFO - [2023-11-04 21:25:14,289] {dag.py:2420} INFO - Sync 1 DAGs
[2023-11-04 21:25:14,428] {logging_mixin.py:115} INFO - [2023-11-04 21:25:14,427] {dag.py:2972} INFO - Setting next_dagrun for example_weekday_branch_operator to 2023-11-03T00:00:00+00:00, run_after=2023-11-04T00:00:00+00:00
[2023-11-04 21:25:14,441] {processor.py:161} INFO - Processing /home/airflow/.local/lib/python3.7/site-packages/airflow/example_dags/example_branch_day_of_week_operator.py took 0.195 seconds
[2023-11-04 21:25:44,764] {processor.py:153} INFO - Started process (PID=1257) to work on /home/airflow/.local/lib/python3.7/site-packages/airflow/example_dags/example_branch_day_of_week_operator.py
[2023-11-04 21:25:44,766] {processor.py:641} INFO - Processing file /home/airflow/.local/lib/python3.7/site-packages/airflow/example_dags/example_branch_day_of_week_operator.py for tasks to queue
[2023-11-04 21:25:44,767] {logging_mixin.py:115} INFO - [2023-11-04 21:25:44,767] {dagbag.py:508} INFO - Filling up the DagBag from /home/airflow/.local/lib/python3.7/site-packages/airflow/example_dags/example_branch_day_of_week_operator.py
[2023-11-04 21:25:44,779] {processor.py:651} INFO - DAG(s) dict_keys(['example_weekday_branch_operator']) retrieved from /home/airflow/.local/lib/python3.7/site-packages/airflow/example_dags/example_branch_day_of_week_operator.py
[2023-11-04 21:25:44,815] {logging_mixin.py:115} INFO - [2023-11-04 21:25:44,815] {dag.py:2420} INFO - Sync 1 DAGs
[2023-11-04 21:25:44,977] {logging_mixin.py:115} INFO - [2023-11-04 21:25:44,977] {dag.py:2972} INFO - Setting next_dagrun for example_weekday_branch_operator to 2023-11-03T00:00:00+00:00, run_after=2023-11-04T00:00:00+00:00
[2023-11-04 21:25:44,996] {processor.py:161} INFO - Processing /home/airflow/.local/lib/python3.7/site-packages/airflow/example_dags/example_branch_day_of_week_operator.py took 0.238 seconds
[2023-11-04 21:26:15,581] {processor.py:153} INFO - Started process (PID=1310) to work on /home/airflow/.local/lib/python3.7/site-packages/airflow/example_dags/example_branch_day_of_week_operator.py
[2023-11-04 21:26:15,582] {processor.py:641} INFO - Processing file /home/airflow/.local/lib/python3.7/site-packages/airflow/example_dags/example_branch_day_of_week_operator.py for tasks to queue
[2023-11-04 21:26:15,583] {logging_mixin.py:115} INFO - [2023-11-04 21:26:15,582] {dagbag.py:508} INFO - Filling up the DagBag from /home/airflow/.local/lib/python3.7/site-packages/airflow/example_dags/example_branch_day_of_week_operator.py
[2023-11-04 21:26:15,592] {processor.py:651} INFO - DAG(s) dict_keys(['example_weekday_branch_operator']) retrieved from /home/airflow/.local/lib/python3.7/site-packages/airflow/example_dags/example_branch_day_of_week_operator.py
[2023-11-04 21:26:15,620] {logging_mixin.py:115} INFO - [2023-11-04 21:26:15,620] {dag.py:2420} INFO - Sync 1 DAGs
[2023-11-04 21:26:15,773] {logging_mixin.py:115} INFO - [2023-11-04 21:26:15,773] {dag.py:2972} INFO - Setting next_dagrun for example_weekday_branch_operator to 2023-11-03T00:00:00+00:00, run_after=2023-11-04T00:00:00+00:00
[2023-11-04 21:26:15,790] {processor.py:161} INFO - Processing /home/airflow/.local/lib/python3.7/site-packages/airflow/example_dags/example_branch_day_of_week_operator.py took 0.212 seconds
[2023-11-04 21:26:46,382] {processor.py:153} INFO - Started process (PID=1372) to work on /home/airflow/.local/lib/python3.7/site-packages/airflow/example_dags/example_branch_day_of_week_operator.py
[2023-11-04 21:26:46,383] {processor.py:641} INFO - Processing file /home/airflow/.local/lib/python3.7/site-packages/airflow/example_dags/example_branch_day_of_week_operator.py for tasks to queue
[2023-11-04 21:26:46,384] {logging_mixin.py:115} INFO - [2023-11-04 21:26:46,384] {dagbag.py:508} INFO - Filling up the DagBag from /home/airflow/.local/lib/python3.7/site-packages/airflow/example_dags/example_branch_day_of_week_operator.py
[2023-11-04 21:26:46,394] {processor.py:651} INFO - DAG(s) dict_keys(['example_weekday_branch_operator']) retrieved from /home/airflow/.local/lib/python3.7/site-packages/airflow/example_dags/example_branch_day_of_week_operator.py
[2023-11-04 21:26:46,426] {logging_mixin.py:115} INFO - [2023-11-04 21:26:46,426] {dag.py:2420} INFO - Sync 1 DAGs
[2023-11-04 21:26:46,574] {logging_mixin.py:115} INFO - [2023-11-04 21:26:46,574] {dag.py:2972} INFO - Setting next_dagrun for example_weekday_branch_operator to 2023-11-03T00:00:00+00:00, run_after=2023-11-04T00:00:00+00:00
[2023-11-04 21:26:46,587] {processor.py:161} INFO - Processing /home/airflow/.local/lib/python3.7/site-packages/airflow/example_dags/example_branch_day_of_week_operator.py took 0.209 seconds
[2023-11-04 21:27:16,834] {processor.py:153} INFO - Started process (PID=1434) to work on /home/airflow/.local/lib/python3.7/site-packages/airflow/example_dags/example_branch_day_of_week_operator.py
[2023-11-04 21:27:16,836] {processor.py:641} INFO - Processing file /home/airflow/.local/lib/python3.7/site-packages/airflow/example_dags/example_branch_day_of_week_operator.py for tasks to queue
[2023-11-04 21:27:16,837] {logging_mixin.py:115} INFO - [2023-11-04 21:27:16,837] {dagbag.py:508} INFO - Filling up the DagBag from /home/airflow/.local/lib/python3.7/site-packages/airflow/example_dags/example_branch_day_of_week_operator.py
[2023-11-04 21:27:16,851] {processor.py:651} INFO - DAG(s) dict_keys(['example_weekday_branch_operator']) retrieved from /home/airflow/.local/lib/python3.7/site-packages/airflow/example_dags/example_branch_day_of_week_operator.py
[2023-11-04 21:27:16,893] {logging_mixin.py:115} INFO - [2023-11-04 21:27:16,893] {dag.py:2420} INFO - Sync 1 DAGs
[2023-11-04 21:27:17,051] {logging_mixin.py:115} INFO - [2023-11-04 21:27:17,050] {dag.py:2972} INFO - Setting next_dagrun for example_weekday_branch_operator to 2023-11-03T00:00:00+00:00, run_after=2023-11-04T00:00:00+00:00
[2023-11-04 21:27:17,066] {processor.py:161} INFO - Processing /home/airflow/.local/lib/python3.7/site-packages/airflow/example_dags/example_branch_day_of_week_operator.py took 0.238 seconds
[2023-11-04 21:27:47,425] {processor.py:153} INFO - Started process (PID=1487) to work on /home/airflow/.local/lib/python3.7/site-packages/airflow/example_dags/example_branch_day_of_week_operator.py
[2023-11-04 21:27:47,425] {processor.py:641} INFO - Processing file /home/airflow/.local/lib/python3.7/site-packages/airflow/example_dags/example_branch_day_of_week_operator.py for tasks to queue
[2023-11-04 21:27:47,426] {logging_mixin.py:115} INFO - [2023-11-04 21:27:47,426] {dagbag.py:508} INFO - Filling up the DagBag from /home/airflow/.local/lib/python3.7/site-packages/airflow/example_dags/example_branch_day_of_week_operator.py
[2023-11-04 21:27:47,436] {processor.py:651} INFO - DAG(s) dict_keys(['example_weekday_branch_operator']) retrieved from /home/airflow/.local/lib/python3.7/site-packages/airflow/example_dags/example_branch_day_of_week_operator.py
[2023-11-04 21:27:47,465] {logging_mixin.py:115} INFO - [2023-11-04 21:27:47,465] {dag.py:2420} INFO - Sync 1 DAGs
[2023-11-04 21:27:47,629] {logging_mixin.py:115} INFO - [2023-11-04 21:27:47,629] {dag.py:2972} INFO - Setting next_dagrun for example_weekday_branch_operator to 2023-11-03T00:00:00+00:00, run_after=2023-11-04T00:00:00+00:00
[2023-11-04 21:27:47,643] {processor.py:161} INFO - Processing /home/airflow/.local/lib/python3.7/site-packages/airflow/example_dags/example_branch_day_of_week_operator.py took 0.221 seconds
[2023-11-04 21:28:17,866] {processor.py:153} INFO - Started process (PID=1549) to work on /home/airflow/.local/lib/python3.7/site-packages/airflow/example_dags/example_branch_day_of_week_operator.py
[2023-11-04 21:28:17,867] {processor.py:641} INFO - Processing file /home/airflow/.local/lib/python3.7/site-packages/airflow/example_dags/example_branch_day_of_week_operator.py for tasks to queue
[2023-11-04 21:28:17,867] {logging_mixin.py:115} INFO - [2023-11-04 21:28:17,867] {dagbag.py:508} INFO - Filling up the DagBag from /home/airflow/.local/lib/python3.7/site-packages/airflow/example_dags/example_branch_day_of_week_operator.py
[2023-11-04 21:28:17,876] {processor.py:651} INFO - DAG(s) dict_keys(['example_weekday_branch_operator']) retrieved from /home/airflow/.local/lib/python3.7/site-packages/airflow/example_dags/example_branch_day_of_week_operator.py
[2023-11-04 21:28:17,912] {logging_mixin.py:115} INFO - [2023-11-04 21:28:17,912] {dag.py:2420} INFO - Sync 1 DAGs
[2023-11-04 21:28:18,067] {logging_mixin.py:115} INFO - [2023-11-04 21:28:18,067] {dag.py:2972} INFO - Setting next_dagrun for example_weekday_branch_operator to 2023-11-03T00:00:00+00:00, run_after=2023-11-04T00:00:00+00:00
[2023-11-04 21:28:18,080] {processor.py:161} INFO - Processing /home/airflow/.local/lib/python3.7/site-packages/airflow/example_dags/example_branch_day_of_week_operator.py took 0.218 seconds
[2023-11-04 21:28:48,485] {processor.py:153} INFO - Started process (PID=1611) to work on /home/airflow/.local/lib/python3.7/site-packages/airflow/example_dags/example_branch_day_of_week_operator.py
[2023-11-04 21:28:48,486] {processor.py:641} INFO - Processing file /home/airflow/.local/lib/python3.7/site-packages/airflow/example_dags/example_branch_day_of_week_operator.py for tasks to queue
[2023-11-04 21:28:48,486] {logging_mixin.py:115} INFO - [2023-11-04 21:28:48,486] {dagbag.py:508} INFO - Filling up the DagBag from /home/airflow/.local/lib/python3.7/site-packages/airflow/example_dags/example_branch_day_of_week_operator.py
[2023-11-04 21:28:48,497] {processor.py:651} INFO - DAG(s) dict_keys(['example_weekday_branch_operator']) retrieved from /home/airflow/.local/lib/python3.7/site-packages/airflow/example_dags/example_branch_day_of_week_operator.py
[2023-11-04 21:28:48,533] {logging_mixin.py:115} INFO - [2023-11-04 21:28:48,533] {dag.py:2420} INFO - Sync 1 DAGs
[2023-11-04 21:28:48,705] {logging_mixin.py:115} INFO - [2023-11-04 21:28:48,705] {dag.py:2972} INFO - Setting next_dagrun for example_weekday_branch_operator to 2023-11-03T00:00:00+00:00, run_after=2023-11-04T00:00:00+00:00
[2023-11-04 21:28:48,723] {processor.py:161} INFO - Processing /home/airflow/.local/lib/python3.7/site-packages/airflow/example_dags/example_branch_day_of_week_operator.py took 0.243 seconds
[2023-11-04 21:29:18,833] {processor.py:153} INFO - Started process (PID=1664) to work on /home/airflow/.local/lib/python3.7/site-packages/airflow/example_dags/example_branch_day_of_week_operator.py
[2023-11-04 21:29:18,834] {processor.py:641} INFO - Processing file /home/airflow/.local/lib/python3.7/site-packages/airflow/example_dags/example_branch_day_of_week_operator.py for tasks to queue
[2023-11-04 21:29:18,836] {logging_mixin.py:115} INFO - [2023-11-04 21:29:18,835] {dagbag.py:508} INFO - Filling up the DagBag from /home/airflow/.local/lib/python3.7/site-packages/airflow/example_dags/example_branch_day_of_week_operator.py
[2023-11-04 21:29:18,851] {processor.py:651} INFO - DAG(s) dict_keys(['example_weekday_branch_operator']) retrieved from /home/airflow/.local/lib/python3.7/site-packages/airflow/example_dags/example_branch_day_of_week_operator.py
[2023-11-04 21:29:18,889] {logging_mixin.py:115} INFO - [2023-11-04 21:29:18,889] {dag.py:2420} INFO - Sync 1 DAGs
[2023-11-04 21:29:19,222] {logging_mixin.py:115} INFO - [2023-11-04 21:29:19,222] {dag.py:2972} INFO - Setting next_dagrun for example_weekday_branch_operator to 2023-11-03T00:00:00+00:00, run_after=2023-11-04T00:00:00+00:00
[2023-11-04 21:29:19,243] {processor.py:161} INFO - Processing /home/airflow/.local/lib/python3.7/site-packages/airflow/example_dags/example_branch_day_of_week_operator.py took 0.415 seconds
[2023-11-04 21:29:49,727] {processor.py:153} INFO - Started process (PID=1726) to work on /home/airflow/.local/lib/python3.7/site-packages/airflow/example_dags/example_branch_day_of_week_operator.py
[2023-11-04 21:29:49,732] {processor.py:641} INFO - Processing file /home/airflow/.local/lib/python3.7/site-packages/airflow/example_dags/example_branch_day_of_week_operator.py for tasks to queue
[2023-11-04 21:29:49,732] {logging_mixin.py:115} INFO - [2023-11-04 21:29:49,732] {dagbag.py:508} INFO - Filling up the DagBag from /home/airflow/.local/lib/python3.7/site-packages/airflow/example_dags/example_branch_day_of_week_operator.py
[2023-11-04 21:29:49,742] {processor.py:651} INFO - DAG(s) dict_keys(['example_weekday_branch_operator']) retrieved from /home/airflow/.local/lib/python3.7/site-packages/airflow/example_dags/example_branch_day_of_week_operator.py
[2023-11-04 21:29:49,773] {logging_mixin.py:115} INFO - [2023-11-04 21:29:49,773] {dag.py:2420} INFO - Sync 1 DAGs
[2023-11-04 21:29:49,993] {logging_mixin.py:115} INFO - [2023-11-04 21:29:49,993] {dag.py:2972} INFO - Setting next_dagrun for example_weekday_branch_operator to 2023-11-03T00:00:00+00:00, run_after=2023-11-04T00:00:00+00:00
[2023-11-04 21:29:50,011] {processor.py:161} INFO - Processing /home/airflow/.local/lib/python3.7/site-packages/airflow/example_dags/example_branch_day_of_week_operator.py took 0.287 seconds
[2023-11-04 21:30:20,398] {processor.py:153} INFO - Started process (PID=1786) to work on /home/airflow/.local/lib/python3.7/site-packages/airflow/example_dags/example_branch_day_of_week_operator.py
[2023-11-04 21:30:20,398] {processor.py:641} INFO - Processing file /home/airflow/.local/lib/python3.7/site-packages/airflow/example_dags/example_branch_day_of_week_operator.py for tasks to queue
[2023-11-04 21:30:20,399] {logging_mixin.py:115} INFO - [2023-11-04 21:30:20,399] {dagbag.py:508} INFO - Filling up the DagBag from /home/airflow/.local/lib/python3.7/site-packages/airflow/example_dags/example_branch_day_of_week_operator.py
[2023-11-04 21:30:20,410] {processor.py:651} INFO - DAG(s) dict_keys(['example_weekday_branch_operator']) retrieved from /home/airflow/.local/lib/python3.7/site-packages/airflow/example_dags/example_branch_day_of_week_operator.py
[2023-11-04 21:30:20,594] {logging_mixin.py:115} INFO - [2023-11-04 21:30:20,594] {dag.py:2420} INFO - Sync 1 DAGs
[2023-11-04 21:30:20,620] {logging_mixin.py:115} INFO - [2023-11-04 21:30:20,620] {dag.py:2972} INFO - Setting next_dagrun for example_weekday_branch_operator to 2023-11-03T00:00:00+00:00, run_after=2023-11-04T00:00:00+00:00
[2023-11-04 21:30:20,634] {processor.py:161} INFO - Processing /home/airflow/.local/lib/python3.7/site-packages/airflow/example_dags/example_branch_day_of_week_operator.py took 0.241 seconds
[2023-11-04 21:30:51,179] {processor.py:153} INFO - Started process (PID=1841) to work on /home/airflow/.local/lib/python3.7/site-packages/airflow/example_dags/example_branch_day_of_week_operator.py
[2023-11-04 21:30:51,180] {processor.py:641} INFO - Processing file /home/airflow/.local/lib/python3.7/site-packages/airflow/example_dags/example_branch_day_of_week_operator.py for tasks to queue
[2023-11-04 21:30:51,180] {logging_mixin.py:115} INFO - [2023-11-04 21:30:51,180] {dagbag.py:508} INFO - Filling up the DagBag from /home/airflow/.local/lib/python3.7/site-packages/airflow/example_dags/example_branch_day_of_week_operator.py
[2023-11-04 21:30:51,189] {processor.py:651} INFO - DAG(s) dict_keys(['example_weekday_branch_operator']) retrieved from /home/airflow/.local/lib/python3.7/site-packages/airflow/example_dags/example_branch_day_of_week_operator.py
[2023-11-04 21:30:51,334] {logging_mixin.py:115} INFO - [2023-11-04 21:30:51,333] {dag.py:2420} INFO - Sync 1 DAGs
[2023-11-04 21:30:51,360] {logging_mixin.py:115} INFO - [2023-11-04 21:30:51,360] {dag.py:2972} INFO - Setting next_dagrun for example_weekday_branch_operator to 2023-11-03T00:00:00+00:00, run_after=2023-11-04T00:00:00+00:00
[2023-11-04 21:30:51,373] {processor.py:161} INFO - Processing /home/airflow/.local/lib/python3.7/site-packages/airflow/example_dags/example_branch_day_of_week_operator.py took 0.198 seconds
[2023-11-04 21:31:21,856] {processor.py:153} INFO - Started process (PID=1903) to work on /home/airflow/.local/lib/python3.7/site-packages/airflow/example_dags/example_branch_day_of_week_operator.py
[2023-11-04 21:31:21,863] {processor.py:641} INFO - Processing file /home/airflow/.local/lib/python3.7/site-packages/airflow/example_dags/example_branch_day_of_week_operator.py for tasks to queue
[2023-11-04 21:31:21,864] {logging_mixin.py:115} INFO - [2023-11-04 21:31:21,864] {dagbag.py:508} INFO - Filling up the DagBag from /home/airflow/.local/lib/python3.7/site-packages/airflow/example_dags/example_branch_day_of_week_operator.py
[2023-11-04 21:31:21,876] {processor.py:651} INFO - DAG(s) dict_keys(['example_weekday_branch_operator']) retrieved from /home/airflow/.local/lib/python3.7/site-packages/airflow/example_dags/example_branch_day_of_week_operator.py
[2023-11-04 21:31:22,100] {logging_mixin.py:115} INFO - [2023-11-04 21:31:22,100] {dag.py:2420} INFO - Sync 1 DAGs
[2023-11-04 21:31:22,133] {logging_mixin.py:115} INFO - [2023-11-04 21:31:22,133] {dag.py:2972} INFO - Setting next_dagrun for example_weekday_branch_operator to 2023-11-03T00:00:00+00:00, run_after=2023-11-04T00:00:00+00:00
[2023-11-04 21:31:22,148] {processor.py:161} INFO - Processing /home/airflow/.local/lib/python3.7/site-packages/airflow/example_dags/example_branch_day_of_week_operator.py took 0.297 seconds
[2023-11-04 21:31:52,330] {processor.py:153} INFO - Started process (PID=1956) to work on /home/airflow/.local/lib/python3.7/site-packages/airflow/example_dags/example_branch_day_of_week_operator.py
[2023-11-04 21:31:52,331] {processor.py:641} INFO - Processing file /home/airflow/.local/lib/python3.7/site-packages/airflow/example_dags/example_branch_day_of_week_operator.py for tasks to queue
[2023-11-04 21:31:52,332] {logging_mixin.py:115} INFO - [2023-11-04 21:31:52,332] {dagbag.py:508} INFO - Filling up the DagBag from /home/airflow/.local/lib/python3.7/site-packages/airflow/example_dags/example_branch_day_of_week_operator.py
[2023-11-04 21:31:52,352] {processor.py:651} INFO - DAG(s) dict_keys(['example_weekday_branch_operator']) retrieved from /home/airflow/.local/lib/python3.7/site-packages/airflow/example_dags/example_branch_day_of_week_operator.py
[2023-11-04 21:31:52,748] {logging_mixin.py:115} INFO - [2023-11-04 21:31:52,747] {dag.py:2420} INFO - Sync 1 DAGs
[2023-11-04 21:31:52,816] {logging_mixin.py:115} INFO - [2023-11-04 21:31:52,815] {dag.py:2972} INFO - Setting next_dagrun for example_weekday_branch_operator to 2023-11-03T00:00:00+00:00, run_after=2023-11-04T00:00:00+00:00
[2023-11-04 21:31:52,853] {processor.py:161} INFO - Processing /home/airflow/.local/lib/python3.7/site-packages/airflow/example_dags/example_branch_day_of_week_operator.py took 0.529 seconds
