[2023-11-04 20:57:55,807] {processor.py:153} INFO - Started process (PID=84) to work on /home/airflow/.local/lib/python3.7/site-packages/airflow/example_dags/example_latest_only.py
[2023-11-04 20:57:55,808] {processor.py:641} INFO - Processing file /home/airflow/.local/lib/python3.7/site-packages/airflow/example_dags/example_latest_only.py for tasks to queue
[2023-11-04 20:57:55,810] {logging_mixin.py:115} INFO - [2023-11-04 20:57:55,810] {dagbag.py:508} INFO - Filling up the DagBag from /home/airflow/.local/lib/python3.7/site-packages/airflow/example_dags/example_latest_only.py
[2023-11-04 20:57:55,820] {processor.py:651} INFO - DAG(s) dict_keys(['latest_only']) retrieved from /home/airflow/.local/lib/python3.7/site-packages/airflow/example_dags/example_latest_only.py
[2023-11-04 20:57:55,931] {logging_mixin.py:115} INFO - [2023-11-04 20:57:55,931] {manager.py:508} INFO - Created Permission View: can delete on DAG:latest_only
[2023-11-04 20:57:55,953] {logging_mixin.py:115} INFO - [2023-11-04 20:57:55,952] {manager.py:508} INFO - Created Permission View: can edit on DAG:latest_only
[2023-11-04 20:57:55,970] {logging_mixin.py:115} INFO - [2023-11-04 20:57:55,969] {manager.py:508} INFO - Created Permission View: can read on DAG:latest_only
[2023-11-04 20:57:55,972] {logging_mixin.py:115} INFO - [2023-11-04 20:57:55,971] {dag.py:2420} INFO - Sync 1 DAGs
[2023-11-04 20:57:56,000] {logging_mixin.py:115} INFO - [2023-11-04 20:57:56,000] {dag.py:2439} INFO - Creating ORM DAG for latest_only
[2023-11-04 20:57:56,025] {logging_mixin.py:115} INFO - [2023-11-04 20:57:56,025] {dag.py:2972} INFO - Setting next_dagrun for latest_only to 2023-11-04T16:57:56.025039+00:00, run_after=2023-11-04T20:57:56.025039+00:00
[2023-11-04 20:57:56,054] {processor.py:161} INFO - Processing /home/airflow/.local/lib/python3.7/site-packages/airflow/example_dags/example_latest_only.py took 0.252 seconds
[2023-11-04 20:58:26,234] {processor.py:153} INFO - Started process (PID=145) to work on /home/airflow/.local/lib/python3.7/site-packages/airflow/example_dags/example_latest_only.py
[2023-11-04 20:58:26,235] {processor.py:641} INFO - Processing file /home/airflow/.local/lib/python3.7/site-packages/airflow/example_dags/example_latest_only.py for tasks to queue
[2023-11-04 20:58:26,236] {logging_mixin.py:115} INFO - [2023-11-04 20:58:26,236] {dagbag.py:508} INFO - Filling up the DagBag from /home/airflow/.local/lib/python3.7/site-packages/airflow/example_dags/example_latest_only.py
[2023-11-04 20:58:26,244] {processor.py:651} INFO - DAG(s) dict_keys(['latest_only']) retrieved from /home/airflow/.local/lib/python3.7/site-packages/airflow/example_dags/example_latest_only.py
[2023-11-04 20:58:26,279] {logging_mixin.py:115} INFO - [2023-11-04 20:58:26,279] {dag.py:2420} INFO - Sync 1 DAGs
[2023-11-04 20:58:26,324] {logging_mixin.py:115} INFO - [2023-11-04 20:58:26,324] {dag.py:2972} INFO - Setting next_dagrun for latest_only to 2023-11-04T16:58:26.323778+00:00, run_after=2023-11-04T20:58:26.323778+00:00
[2023-11-04 20:58:26,343] {processor.py:161} INFO - Processing /home/airflow/.local/lib/python3.7/site-packages/airflow/example_dags/example_latest_only.py took 0.115 seconds
[2023-11-04 20:58:56,662] {processor.py:153} INFO - Started process (PID=213) to work on /home/airflow/.local/lib/python3.7/site-packages/airflow/example_dags/example_latest_only.py
[2023-11-04 20:58:56,678] {processor.py:641} INFO - Processing file /home/airflow/.local/lib/python3.7/site-packages/airflow/example_dags/example_latest_only.py for tasks to queue
[2023-11-04 20:58:56,679] {logging_mixin.py:115} INFO - [2023-11-04 20:58:56,679] {dagbag.py:508} INFO - Filling up the DagBag from /home/airflow/.local/lib/python3.7/site-packages/airflow/example_dags/example_latest_only.py
[2023-11-04 20:58:56,685] {processor.py:651} INFO - DAG(s) dict_keys(['latest_only']) retrieved from /home/airflow/.local/lib/python3.7/site-packages/airflow/example_dags/example_latest_only.py
[2023-11-04 20:58:56,713] {logging_mixin.py:115} INFO - [2023-11-04 20:58:56,712] {dag.py:2420} INFO - Sync 1 DAGs
[2023-11-04 20:58:56,742] {logging_mixin.py:115} INFO - [2023-11-04 20:58:56,742] {dag.py:2972} INFO - Setting next_dagrun for latest_only to 2023-11-04T16:58:56.742106+00:00, run_after=2023-11-04T20:58:56.742106+00:00
[2023-11-04 20:58:56,758] {processor.py:161} INFO - Processing /home/airflow/.local/lib/python3.7/site-packages/airflow/example_dags/example_latest_only.py took 0.100 seconds
[2023-11-04 20:59:27,477] {processor.py:153} INFO - Started process (PID=274) to work on /home/airflow/.local/lib/python3.7/site-packages/airflow/example_dags/example_latest_only.py
[2023-11-04 20:59:27,478] {processor.py:641} INFO - Processing file /home/airflow/.local/lib/python3.7/site-packages/airflow/example_dags/example_latest_only.py for tasks to queue
[2023-11-04 20:59:27,479] {logging_mixin.py:115} INFO - [2023-11-04 20:59:27,478] {dagbag.py:508} INFO - Filling up the DagBag from /home/airflow/.local/lib/python3.7/site-packages/airflow/example_dags/example_latest_only.py
[2023-11-04 20:59:27,484] {processor.py:651} INFO - DAG(s) dict_keys(['latest_only']) retrieved from /home/airflow/.local/lib/python3.7/site-packages/airflow/example_dags/example_latest_only.py
[2023-11-04 20:59:27,517] {logging_mixin.py:115} INFO - [2023-11-04 20:59:27,517] {dag.py:2420} INFO - Sync 1 DAGs
[2023-11-04 20:59:27,545] {logging_mixin.py:115} INFO - [2023-11-04 20:59:27,545] {dag.py:2972} INFO - Setting next_dagrun for latest_only to 2023-11-04T16:59:27.545353+00:00, run_after=2023-11-04T20:59:27.545353+00:00
[2023-11-04 20:59:27,558] {processor.py:161} INFO - Processing /home/airflow/.local/lib/python3.7/site-packages/airflow/example_dags/example_latest_only.py took 0.084 seconds
[2023-11-04 20:59:58,375] {processor.py:153} INFO - Started process (PID=335) to work on /home/airflow/.local/lib/python3.7/site-packages/airflow/example_dags/example_latest_only.py
[2023-11-04 20:59:58,376] {processor.py:641} INFO - Processing file /home/airflow/.local/lib/python3.7/site-packages/airflow/example_dags/example_latest_only.py for tasks to queue
[2023-11-04 20:59:58,377] {logging_mixin.py:115} INFO - [2023-11-04 20:59:58,377] {dagbag.py:508} INFO - Filling up the DagBag from /home/airflow/.local/lib/python3.7/site-packages/airflow/example_dags/example_latest_only.py
[2023-11-04 20:59:58,386] {processor.py:651} INFO - DAG(s) dict_keys(['latest_only']) retrieved from /home/airflow/.local/lib/python3.7/site-packages/airflow/example_dags/example_latest_only.py
[2023-11-04 20:59:58,430] {logging_mixin.py:115} INFO - [2023-11-04 20:59:58,430] {dag.py:2420} INFO - Sync 1 DAGs
[2023-11-04 20:59:58,470] {logging_mixin.py:115} INFO - [2023-11-04 20:59:58,470] {dag.py:2972} INFO - Setting next_dagrun for latest_only to 2023-11-04T16:59:58.469720+00:00, run_after=2023-11-04T20:59:58.469720+00:00
[2023-11-04 20:59:58,484] {processor.py:161} INFO - Processing /home/airflow/.local/lib/python3.7/site-packages/airflow/example_dags/example_latest_only.py took 0.114 seconds
[2023-11-04 21:00:29,747] {processor.py:153} INFO - Started process (PID=387) to work on /home/airflow/.local/lib/python3.7/site-packages/airflow/example_dags/example_latest_only.py
[2023-11-04 21:00:29,749] {processor.py:641} INFO - Processing file /home/airflow/.local/lib/python3.7/site-packages/airflow/example_dags/example_latest_only.py for tasks to queue
[2023-11-04 21:00:29,750] {logging_mixin.py:115} INFO - [2023-11-04 21:00:29,750] {dagbag.py:508} INFO - Filling up the DagBag from /home/airflow/.local/lib/python3.7/site-packages/airflow/example_dags/example_latest_only.py
[2023-11-04 21:00:29,773] {processor.py:651} INFO - DAG(s) dict_keys(['latest_only']) retrieved from /home/airflow/.local/lib/python3.7/site-packages/airflow/example_dags/example_latest_only.py
[2023-11-04 21:00:29,825] {logging_mixin.py:115} INFO - [2023-11-04 21:00:29,825] {dag.py:2420} INFO - Sync 1 DAGs
[2023-11-04 21:00:29,875] {logging_mixin.py:115} INFO - [2023-11-04 21:00:29,874] {dag.py:2972} INFO - Setting next_dagrun for latest_only to 2023-11-04T17:00:29.873200+00:00, run_after=2023-11-04T21:00:29.873200+00:00
[2023-11-04 21:00:29,921] {processor.py:161} INFO - Processing /home/airflow/.local/lib/python3.7/site-packages/airflow/example_dags/example_latest_only.py took 0.186 seconds
[2023-11-04 21:01:00,134] {processor.py:153} INFO - Started process (PID=448) to work on /home/airflow/.local/lib/python3.7/site-packages/airflow/example_dags/example_latest_only.py
[2023-11-04 21:01:00,135] {processor.py:641} INFO - Processing file /home/airflow/.local/lib/python3.7/site-packages/airflow/example_dags/example_latest_only.py for tasks to queue
[2023-11-04 21:01:00,136] {logging_mixin.py:115} INFO - [2023-11-04 21:01:00,136] {dagbag.py:508} INFO - Filling up the DagBag from /home/airflow/.local/lib/python3.7/site-packages/airflow/example_dags/example_latest_only.py
[2023-11-04 21:01:00,142] {processor.py:651} INFO - DAG(s) dict_keys(['latest_only']) retrieved from /home/airflow/.local/lib/python3.7/site-packages/airflow/example_dags/example_latest_only.py
[2023-11-04 21:01:00,176] {logging_mixin.py:115} INFO - [2023-11-04 21:01:00,176] {dag.py:2420} INFO - Sync 1 DAGs
[2023-11-04 21:01:00,207] {logging_mixin.py:115} INFO - [2023-11-04 21:01:00,207] {dag.py:2972} INFO - Setting next_dagrun for latest_only to 2023-11-04T17:01:00.207251+00:00, run_after=2023-11-04T21:01:00.207251+00:00
[2023-11-04 21:01:00,230] {processor.py:161} INFO - Processing /home/airflow/.local/lib/python3.7/site-packages/airflow/example_dags/example_latest_only.py took 0.100 seconds
[2023-11-04 21:01:30,314] {processor.py:153} INFO - Started process (PID=507) to work on /home/airflow/.local/lib/python3.7/site-packages/airflow/example_dags/example_latest_only.py
[2023-11-04 21:01:30,316] {processor.py:641} INFO - Processing file /home/airflow/.local/lib/python3.7/site-packages/airflow/example_dags/example_latest_only.py for tasks to queue
[2023-11-04 21:01:30,317] {logging_mixin.py:115} INFO - [2023-11-04 21:01:30,317] {dagbag.py:508} INFO - Filling up the DagBag from /home/airflow/.local/lib/python3.7/site-packages/airflow/example_dags/example_latest_only.py
[2023-11-04 21:01:30,325] {processor.py:651} INFO - DAG(s) dict_keys(['latest_only']) retrieved from /home/airflow/.local/lib/python3.7/site-packages/airflow/example_dags/example_latest_only.py
[2023-11-04 21:01:30,401] {logging_mixin.py:115} INFO - [2023-11-04 21:01:30,401] {dag.py:2420} INFO - Sync 1 DAGs
[2023-11-04 21:01:30,473] {logging_mixin.py:115} INFO - [2023-11-04 21:01:30,472] {dag.py:2972} INFO - Setting next_dagrun for latest_only to 2023-11-04T17:01:30.471550+00:00, run_after=2023-11-04T21:01:30.471550+00:00
[2023-11-04 21:01:30,534] {processor.py:161} INFO - Processing /home/airflow/.local/lib/python3.7/site-packages/airflow/example_dags/example_latest_only.py took 0.224 seconds
[2023-11-04 21:02:01,321] {processor.py:153} INFO - Started process (PID=561) to work on /home/airflow/.local/lib/python3.7/site-packages/airflow/example_dags/example_latest_only.py
[2023-11-04 21:02:01,322] {processor.py:641} INFO - Processing file /home/airflow/.local/lib/python3.7/site-packages/airflow/example_dags/example_latest_only.py for tasks to queue
[2023-11-04 21:02:01,323] {logging_mixin.py:115} INFO - [2023-11-04 21:02:01,323] {dagbag.py:508} INFO - Filling up the DagBag from /home/airflow/.local/lib/python3.7/site-packages/airflow/example_dags/example_latest_only.py
[2023-11-04 21:02:01,328] {processor.py:651} INFO - DAG(s) dict_keys(['latest_only']) retrieved from /home/airflow/.local/lib/python3.7/site-packages/airflow/example_dags/example_latest_only.py
[2023-11-04 21:02:01,359] {logging_mixin.py:115} INFO - [2023-11-04 21:02:01,359] {dag.py:2420} INFO - Sync 1 DAGs
[2023-11-04 21:02:01,389] {logging_mixin.py:115} INFO - [2023-11-04 21:02:01,388] {dag.py:2972} INFO - Setting next_dagrun for latest_only to 2023-11-04T17:02:01.388579+00:00, run_after=2023-11-04T21:02:01.388579+00:00
[2023-11-04 21:02:01,405] {processor.py:161} INFO - Processing /home/airflow/.local/lib/python3.7/site-packages/airflow/example_dags/example_latest_only.py took 0.087 seconds
[2023-11-04 21:02:31,857] {processor.py:153} INFO - Started process (PID=622) to work on /home/airflow/.local/lib/python3.7/site-packages/airflow/example_dags/example_latest_only.py
[2023-11-04 21:02:31,858] {processor.py:641} INFO - Processing file /home/airflow/.local/lib/python3.7/site-packages/airflow/example_dags/example_latest_only.py for tasks to queue
[2023-11-04 21:02:31,859] {logging_mixin.py:115} INFO - [2023-11-04 21:02:31,859] {dagbag.py:508} INFO - Filling up the DagBag from /home/airflow/.local/lib/python3.7/site-packages/airflow/example_dags/example_latest_only.py
[2023-11-04 21:02:31,865] {processor.py:651} INFO - DAG(s) dict_keys(['latest_only']) retrieved from /home/airflow/.local/lib/python3.7/site-packages/airflow/example_dags/example_latest_only.py
[2023-11-04 21:02:31,894] {logging_mixin.py:115} INFO - [2023-11-04 21:02:31,894] {dag.py:2420} INFO - Sync 1 DAGs
[2023-11-04 21:02:31,916] {logging_mixin.py:115} INFO - [2023-11-04 21:02:31,916] {dag.py:2972} INFO - Setting next_dagrun for latest_only to 2023-11-04T17:02:31.916210+00:00, run_after=2023-11-04T21:02:31.916210+00:00
[2023-11-04 21:02:31,929] {processor.py:161} INFO - Processing /home/airflow/.local/lib/python3.7/site-packages/airflow/example_dags/example_latest_only.py took 0.077 seconds
[2023-11-04 21:03:02,353] {processor.py:153} INFO - Started process (PID=673) to work on /home/airflow/.local/lib/python3.7/site-packages/airflow/example_dags/example_latest_only.py
[2023-11-04 21:03:02,354] {processor.py:641} INFO - Processing file /home/airflow/.local/lib/python3.7/site-packages/airflow/example_dags/example_latest_only.py for tasks to queue
[2023-11-04 21:03:02,355] {logging_mixin.py:115} INFO - [2023-11-04 21:03:02,355] {dagbag.py:508} INFO - Filling up the DagBag from /home/airflow/.local/lib/python3.7/site-packages/airflow/example_dags/example_latest_only.py
[2023-11-04 21:03:02,382] {processor.py:651} INFO - DAG(s) dict_keys(['latest_only']) retrieved from /home/airflow/.local/lib/python3.7/site-packages/airflow/example_dags/example_latest_only.py
[2023-11-04 21:03:02,580] {logging_mixin.py:115} INFO - [2023-11-04 21:03:02,580] {dag.py:2420} INFO - Sync 1 DAGs
[2023-11-04 21:03:02,627] {logging_mixin.py:115} INFO - [2023-11-04 21:03:02,627] {dag.py:2972} INFO - Setting next_dagrun for latest_only to 2023-11-04T17:03:02.627305+00:00, run_after=2023-11-04T21:03:02.627305+00:00
[2023-11-04 21:03:02,677] {processor.py:161} INFO - Processing /home/airflow/.local/lib/python3.7/site-packages/airflow/example_dags/example_latest_only.py took 0.331 seconds
[2023-11-04 21:03:33,348] {processor.py:153} INFO - Started process (PID=735) to work on /home/airflow/.local/lib/python3.7/site-packages/airflow/example_dags/example_latest_only.py
[2023-11-04 21:03:33,349] {processor.py:641} INFO - Processing file /home/airflow/.local/lib/python3.7/site-packages/airflow/example_dags/example_latest_only.py for tasks to queue
[2023-11-04 21:03:33,350] {logging_mixin.py:115} INFO - [2023-11-04 21:03:33,350] {dagbag.py:508} INFO - Filling up the DagBag from /home/airflow/.local/lib/python3.7/site-packages/airflow/example_dags/example_latest_only.py
[2023-11-04 21:03:33,357] {processor.py:651} INFO - DAG(s) dict_keys(['latest_only']) retrieved from /home/airflow/.local/lib/python3.7/site-packages/airflow/example_dags/example_latest_only.py
[2023-11-04 21:03:33,410] {logging_mixin.py:115} INFO - [2023-11-04 21:03:33,410] {dag.py:2420} INFO - Sync 1 DAGs
[2023-11-04 21:03:33,455] {logging_mixin.py:115} INFO - [2023-11-04 21:03:33,455] {dag.py:2972} INFO - Setting next_dagrun for latest_only to 2023-11-04T17:03:33.454813+00:00, run_after=2023-11-04T21:03:33.454813+00:00
[2023-11-04 21:03:33,506] {processor.py:161} INFO - Processing /home/airflow/.local/lib/python3.7/site-packages/airflow/example_dags/example_latest_only.py took 0.164 seconds
[2023-11-04 21:04:03,544] {processor.py:153} INFO - Started process (PID=796) to work on /home/airflow/.local/lib/python3.7/site-packages/airflow/example_dags/example_latest_only.py
[2023-11-04 21:04:03,545] {processor.py:641} INFO - Processing file /home/airflow/.local/lib/python3.7/site-packages/airflow/example_dags/example_latest_only.py for tasks to queue
[2023-11-04 21:04:03,546] {logging_mixin.py:115} INFO - [2023-11-04 21:04:03,546] {dagbag.py:508} INFO - Filling up the DagBag from /home/airflow/.local/lib/python3.7/site-packages/airflow/example_dags/example_latest_only.py
[2023-11-04 21:04:03,551] {processor.py:651} INFO - DAG(s) dict_keys(['latest_only']) retrieved from /home/airflow/.local/lib/python3.7/site-packages/airflow/example_dags/example_latest_only.py
[2023-11-04 21:04:03,579] {logging_mixin.py:115} INFO - [2023-11-04 21:04:03,579] {dag.py:2420} INFO - Sync 1 DAGs
[2023-11-04 21:04:03,608] {logging_mixin.py:115} INFO - [2023-11-04 21:04:03,608] {dag.py:2972} INFO - Setting next_dagrun for latest_only to 2023-11-04T17:04:03.607502+00:00, run_after=2023-11-04T21:04:03.607502+00:00
[2023-11-04 21:04:03,623] {processor.py:161} INFO - Processing /home/airflow/.local/lib/python3.7/site-packages/airflow/example_dags/example_latest_only.py took 0.083 seconds
[2023-11-04 21:04:33,770] {processor.py:153} INFO - Started process (PID=848) to work on /home/airflow/.local/lib/python3.7/site-packages/airflow/example_dags/example_latest_only.py
[2023-11-04 21:04:33,771] {processor.py:641} INFO - Processing file /home/airflow/.local/lib/python3.7/site-packages/airflow/example_dags/example_latest_only.py for tasks to queue
[2023-11-04 21:04:33,772] {logging_mixin.py:115} INFO - [2023-11-04 21:04:33,772] {dagbag.py:508} INFO - Filling up the DagBag from /home/airflow/.local/lib/python3.7/site-packages/airflow/example_dags/example_latest_only.py
[2023-11-04 21:04:33,779] {processor.py:651} INFO - DAG(s) dict_keys(['latest_only']) retrieved from /home/airflow/.local/lib/python3.7/site-packages/airflow/example_dags/example_latest_only.py
[2023-11-04 21:04:33,807] {logging_mixin.py:115} INFO - [2023-11-04 21:04:33,807] {dag.py:2420} INFO - Sync 1 DAGs
[2023-11-04 21:04:33,833] {logging_mixin.py:115} INFO - [2023-11-04 21:04:33,833] {dag.py:2972} INFO - Setting next_dagrun for latest_only to 2023-11-04T17:04:33.833383+00:00, run_after=2023-11-04T21:04:33.833383+00:00
[2023-11-04 21:04:33,846] {processor.py:161} INFO - Processing /home/airflow/.local/lib/python3.7/site-packages/airflow/example_dags/example_latest_only.py took 0.080 seconds
[2023-11-04 21:05:04,665] {processor.py:153} INFO - Started process (PID=909) to work on /home/airflow/.local/lib/python3.7/site-packages/airflow/example_dags/example_latest_only.py
[2023-11-04 21:05:04,666] {processor.py:641} INFO - Processing file /home/airflow/.local/lib/python3.7/site-packages/airflow/example_dags/example_latest_only.py for tasks to queue
[2023-11-04 21:05:04,667] {logging_mixin.py:115} INFO - [2023-11-04 21:05:04,666] {dagbag.py:508} INFO - Filling up the DagBag from /home/airflow/.local/lib/python3.7/site-packages/airflow/example_dags/example_latest_only.py
[2023-11-04 21:05:04,676] {processor.py:651} INFO - DAG(s) dict_keys(['latest_only']) retrieved from /home/airflow/.local/lib/python3.7/site-packages/airflow/example_dags/example_latest_only.py
[2023-11-04 21:05:04,708] {logging_mixin.py:115} INFO - [2023-11-04 21:05:04,708] {dag.py:2420} INFO - Sync 1 DAGs
[2023-11-04 21:05:04,734] {logging_mixin.py:115} INFO - [2023-11-04 21:05:04,734] {dag.py:2972} INFO - Setting next_dagrun for latest_only to 2023-11-04T17:05:04.733808+00:00, run_after=2023-11-04T21:05:04.733808+00:00
[2023-11-04 21:05:04,781] {processor.py:161} INFO - Processing /home/airflow/.local/lib/python3.7/site-packages/airflow/example_dags/example_latest_only.py took 0.121 seconds
[2023-11-04 21:05:34,984] {processor.py:153} INFO - Started process (PID=970) to work on /home/airflow/.local/lib/python3.7/site-packages/airflow/example_dags/example_latest_only.py
[2023-11-04 21:05:34,985] {processor.py:641} INFO - Processing file /home/airflow/.local/lib/python3.7/site-packages/airflow/example_dags/example_latest_only.py for tasks to queue
[2023-11-04 21:05:34,985] {logging_mixin.py:115} INFO - [2023-11-04 21:05:34,985] {dagbag.py:508} INFO - Filling up the DagBag from /home/airflow/.local/lib/python3.7/site-packages/airflow/example_dags/example_latest_only.py
[2023-11-04 21:05:34,992] {processor.py:651} INFO - DAG(s) dict_keys(['latest_only']) retrieved from /home/airflow/.local/lib/python3.7/site-packages/airflow/example_dags/example_latest_only.py
[2023-11-04 21:05:35,021] {logging_mixin.py:115} INFO - [2023-11-04 21:05:35,021] {dag.py:2420} INFO - Sync 1 DAGs
[2023-11-04 21:05:35,057] {logging_mixin.py:115} INFO - [2023-11-04 21:05:35,057] {dag.py:2972} INFO - Setting next_dagrun for latest_only to 2023-11-04T17:05:35.057378+00:00, run_after=2023-11-04T21:05:35.057378+00:00
[2023-11-04 21:05:35,072] {processor.py:161} INFO - Processing /home/airflow/.local/lib/python3.7/site-packages/airflow/example_dags/example_latest_only.py took 0.092 seconds
[2023-11-04 21:06:20,152] {processor.py:153} INFO - Started process (PID=84) to work on /home/airflow/.local/lib/python3.7/site-packages/airflow/example_dags/example_latest_only.py
[2023-11-04 21:06:20,154] {processor.py:641} INFO - Processing file /home/airflow/.local/lib/python3.7/site-packages/airflow/example_dags/example_latest_only.py for tasks to queue
[2023-11-04 21:06:20,155] {logging_mixin.py:115} INFO - [2023-11-04 21:06:20,155] {dagbag.py:508} INFO - Filling up the DagBag from /home/airflow/.local/lib/python3.7/site-packages/airflow/example_dags/example_latest_only.py
[2023-11-04 21:06:20,164] {processor.py:651} INFO - DAG(s) dict_keys(['latest_only']) retrieved from /home/airflow/.local/lib/python3.7/site-packages/airflow/example_dags/example_latest_only.py
[2023-11-04 21:06:20,210] {logging_mixin.py:115} INFO - [2023-11-04 21:06:20,210] {dag.py:2420} INFO - Sync 1 DAGs
[2023-11-04 21:06:20,396] {logging_mixin.py:115} INFO - [2023-11-04 21:06:20,396] {dag.py:2972} INFO - Setting next_dagrun for latest_only to 2023-11-04T17:06:20.396178+00:00, run_after=2023-11-04T21:06:20.396178+00:00
[2023-11-04 21:06:20,418] {processor.py:161} INFO - Processing /home/airflow/.local/lib/python3.7/site-packages/airflow/example_dags/example_latest_only.py took 0.271 seconds
[2023-11-04 21:06:50,642] {processor.py:153} INFO - Started process (PID=146) to work on /home/airflow/.local/lib/python3.7/site-packages/airflow/example_dags/example_latest_only.py
[2023-11-04 21:06:50,643] {processor.py:641} INFO - Processing file /home/airflow/.local/lib/python3.7/site-packages/airflow/example_dags/example_latest_only.py for tasks to queue
[2023-11-04 21:06:50,644] {logging_mixin.py:115} INFO - [2023-11-04 21:06:50,644] {dagbag.py:508} INFO - Filling up the DagBag from /home/airflow/.local/lib/python3.7/site-packages/airflow/example_dags/example_latest_only.py
[2023-11-04 21:06:50,651] {processor.py:651} INFO - DAG(s) dict_keys(['latest_only']) retrieved from /home/airflow/.local/lib/python3.7/site-packages/airflow/example_dags/example_latest_only.py
[2023-11-04 21:06:50,681] {logging_mixin.py:115} INFO - [2023-11-04 21:06:50,681] {dag.py:2420} INFO - Sync 1 DAGs
[2023-11-04 21:06:50,840] {logging_mixin.py:115} INFO - [2023-11-04 21:06:50,840] {dag.py:2972} INFO - Setting next_dagrun for latest_only to 2023-11-04T17:06:50.839966+00:00, run_after=2023-11-04T21:06:50.839966+00:00
[2023-11-04 21:06:50,854] {processor.py:161} INFO - Processing /home/airflow/.local/lib/python3.7/site-packages/airflow/example_dags/example_latest_only.py took 0.216 seconds
[2023-11-04 21:07:20,934] {processor.py:153} INFO - Started process (PID=199) to work on /home/airflow/.local/lib/python3.7/site-packages/airflow/example_dags/example_latest_only.py
[2023-11-04 21:07:20,935] {processor.py:641} INFO - Processing file /home/airflow/.local/lib/python3.7/site-packages/airflow/example_dags/example_latest_only.py for tasks to queue
[2023-11-04 21:07:20,936] {logging_mixin.py:115} INFO - [2023-11-04 21:07:20,936] {dagbag.py:508} INFO - Filling up the DagBag from /home/airflow/.local/lib/python3.7/site-packages/airflow/example_dags/example_latest_only.py
[2023-11-04 21:07:20,941] {processor.py:651} INFO - DAG(s) dict_keys(['latest_only']) retrieved from /home/airflow/.local/lib/python3.7/site-packages/airflow/example_dags/example_latest_only.py
[2023-11-04 21:07:20,967] {logging_mixin.py:115} INFO - [2023-11-04 21:07:20,967] {dag.py:2420} INFO - Sync 1 DAGs
[2023-11-04 21:07:21,096] {logging_mixin.py:115} INFO - [2023-11-04 21:07:21,096] {dag.py:2972} INFO - Setting next_dagrun for latest_only to 2023-11-04T17:07:21.096163+00:00, run_after=2023-11-04T21:07:21.096163+00:00
[2023-11-04 21:07:21,109] {processor.py:161} INFO - Processing /home/airflow/.local/lib/python3.7/site-packages/airflow/example_dags/example_latest_only.py took 0.179 seconds
[2023-11-04 21:07:51,320] {processor.py:153} INFO - Started process (PID=261) to work on /home/airflow/.local/lib/python3.7/site-packages/airflow/example_dags/example_latest_only.py
[2023-11-04 21:07:51,330] {processor.py:641} INFO - Processing file /home/airflow/.local/lib/python3.7/site-packages/airflow/example_dags/example_latest_only.py for tasks to queue
[2023-11-04 21:07:51,331] {logging_mixin.py:115} INFO - [2023-11-04 21:07:51,331] {dagbag.py:508} INFO - Filling up the DagBag from /home/airflow/.local/lib/python3.7/site-packages/airflow/example_dags/example_latest_only.py
[2023-11-04 21:07:51,336] {processor.py:651} INFO - DAG(s) dict_keys(['latest_only']) retrieved from /home/airflow/.local/lib/python3.7/site-packages/airflow/example_dags/example_latest_only.py
[2023-11-04 21:07:51,361] {logging_mixin.py:115} INFO - [2023-11-04 21:07:51,361] {dag.py:2420} INFO - Sync 1 DAGs
[2023-11-04 21:07:51,493] {logging_mixin.py:115} INFO - [2023-11-04 21:07:51,493] {dag.py:2972} INFO - Setting next_dagrun for latest_only to 2023-11-04T17:07:51.492953+00:00, run_after=2023-11-04T21:07:51.492953+00:00
[2023-11-04 21:07:51,508] {processor.py:161} INFO - Processing /home/airflow/.local/lib/python3.7/site-packages/airflow/example_dags/example_latest_only.py took 0.191 seconds
[2023-11-04 21:08:21,567] {processor.py:153} INFO - Started process (PID=323) to work on /home/airflow/.local/lib/python3.7/site-packages/airflow/example_dags/example_latest_only.py
[2023-11-04 21:08:21,568] {processor.py:641} INFO - Processing file /home/airflow/.local/lib/python3.7/site-packages/airflow/example_dags/example_latest_only.py for tasks to queue
[2023-11-04 21:08:21,569] {logging_mixin.py:115} INFO - [2023-11-04 21:08:21,569] {dagbag.py:508} INFO - Filling up the DagBag from /home/airflow/.local/lib/python3.7/site-packages/airflow/example_dags/example_latest_only.py
[2023-11-04 21:08:21,575] {processor.py:651} INFO - DAG(s) dict_keys(['latest_only']) retrieved from /home/airflow/.local/lib/python3.7/site-packages/airflow/example_dags/example_latest_only.py
[2023-11-04 21:08:21,601] {logging_mixin.py:115} INFO - [2023-11-04 21:08:21,601] {dag.py:2420} INFO - Sync 1 DAGs
[2023-11-04 21:08:21,749] {logging_mixin.py:115} INFO - [2023-11-04 21:08:21,748] {dag.py:2972} INFO - Setting next_dagrun for latest_only to 2023-11-04T17:08:21.748610+00:00, run_after=2023-11-04T21:08:21.748610+00:00
[2023-11-04 21:08:21,763] {processor.py:161} INFO - Processing /home/airflow/.local/lib/python3.7/site-packages/airflow/example_dags/example_latest_only.py took 0.200 seconds
[2023-11-04 21:08:52,193] {processor.py:153} INFO - Started process (PID=377) to work on /home/airflow/.local/lib/python3.7/site-packages/airflow/example_dags/example_latest_only.py
[2023-11-04 21:08:52,204] {processor.py:641} INFO - Processing file /home/airflow/.local/lib/python3.7/site-packages/airflow/example_dags/example_latest_only.py for tasks to queue
[2023-11-04 21:08:52,205] {logging_mixin.py:115} INFO - [2023-11-04 21:08:52,205] {dagbag.py:508} INFO - Filling up the DagBag from /home/airflow/.local/lib/python3.7/site-packages/airflow/example_dags/example_latest_only.py
[2023-11-04 21:08:52,210] {processor.py:651} INFO - DAG(s) dict_keys(['latest_only']) retrieved from /home/airflow/.local/lib/python3.7/site-packages/airflow/example_dags/example_latest_only.py
[2023-11-04 21:08:52,236] {logging_mixin.py:115} INFO - [2023-11-04 21:08:52,236] {dag.py:2420} INFO - Sync 1 DAGs
[2023-11-04 21:08:52,375] {logging_mixin.py:115} INFO - [2023-11-04 21:08:52,374] {dag.py:2972} INFO - Setting next_dagrun for latest_only to 2023-11-04T17:08:52.374688+00:00, run_after=2023-11-04T21:08:52.374688+00:00
[2023-11-04 21:08:52,388] {processor.py:161} INFO - Processing /home/airflow/.local/lib/python3.7/site-packages/airflow/example_dags/example_latest_only.py took 0.199 seconds
[2023-11-04 21:09:22,904] {processor.py:153} INFO - Started process (PID=438) to work on /home/airflow/.local/lib/python3.7/site-packages/airflow/example_dags/example_latest_only.py
[2023-11-04 21:09:22,905] {processor.py:641} INFO - Processing file /home/airflow/.local/lib/python3.7/site-packages/airflow/example_dags/example_latest_only.py for tasks to queue
[2023-11-04 21:09:22,906] {logging_mixin.py:115} INFO - [2023-11-04 21:09:22,906] {dagbag.py:508} INFO - Filling up the DagBag from /home/airflow/.local/lib/python3.7/site-packages/airflow/example_dags/example_latest_only.py
[2023-11-04 21:09:22,913] {processor.py:651} INFO - DAG(s) dict_keys(['latest_only']) retrieved from /home/airflow/.local/lib/python3.7/site-packages/airflow/example_dags/example_latest_only.py
[2023-11-04 21:09:22,945] {logging_mixin.py:115} INFO - [2023-11-04 21:09:22,945] {dag.py:2420} INFO - Sync 1 DAGs
[2023-11-04 21:09:23,090] {logging_mixin.py:115} INFO - [2023-11-04 21:09:23,090] {dag.py:2972} INFO - Setting next_dagrun for latest_only to 2023-11-04T17:09:23.090461+00:00, run_after=2023-11-04T21:09:23.090461+00:00
[2023-11-04 21:09:23,110] {processor.py:161} INFO - Processing /home/airflow/.local/lib/python3.7/site-packages/airflow/example_dags/example_latest_only.py took 0.210 seconds
[2023-11-04 21:09:53,658] {processor.py:153} INFO - Started process (PID=501) to work on /home/airflow/.local/lib/python3.7/site-packages/airflow/example_dags/example_latest_only.py
[2023-11-04 21:09:53,659] {processor.py:641} INFO - Processing file /home/airflow/.local/lib/python3.7/site-packages/airflow/example_dags/example_latest_only.py for tasks to queue
[2023-11-04 21:09:53,660] {logging_mixin.py:115} INFO - [2023-11-04 21:09:53,660] {dagbag.py:508} INFO - Filling up the DagBag from /home/airflow/.local/lib/python3.7/site-packages/airflow/example_dags/example_latest_only.py
[2023-11-04 21:09:53,666] {processor.py:651} INFO - DAG(s) dict_keys(['latest_only']) retrieved from /home/airflow/.local/lib/python3.7/site-packages/airflow/example_dags/example_latest_only.py
[2023-11-04 21:09:53,694] {logging_mixin.py:115} INFO - [2023-11-04 21:09:53,694] {dag.py:2420} INFO - Sync 1 DAGs
[2023-11-04 21:09:53,845] {logging_mixin.py:115} INFO - [2023-11-04 21:09:53,845] {dag.py:2972} INFO - Setting next_dagrun for latest_only to 2023-11-04T17:09:53.845475+00:00, run_after=2023-11-04T21:09:53.845475+00:00
[2023-11-04 21:09:53,860] {processor.py:161} INFO - Processing /home/airflow/.local/lib/python3.7/site-packages/airflow/example_dags/example_latest_only.py took 0.206 seconds
[2023-11-04 21:10:24,029] {processor.py:153} INFO - Started process (PID=554) to work on /home/airflow/.local/lib/python3.7/site-packages/airflow/example_dags/example_latest_only.py
[2023-11-04 21:10:24,030] {processor.py:641} INFO - Processing file /home/airflow/.local/lib/python3.7/site-packages/airflow/example_dags/example_latest_only.py for tasks to queue
[2023-11-04 21:10:24,031] {logging_mixin.py:115} INFO - [2023-11-04 21:10:24,031] {dagbag.py:508} INFO - Filling up the DagBag from /home/airflow/.local/lib/python3.7/site-packages/airflow/example_dags/example_latest_only.py
[2023-11-04 21:10:24,037] {processor.py:651} INFO - DAG(s) dict_keys(['latest_only']) retrieved from /home/airflow/.local/lib/python3.7/site-packages/airflow/example_dags/example_latest_only.py
[2023-11-04 21:10:24,063] {logging_mixin.py:115} INFO - [2023-11-04 21:10:24,063] {dag.py:2420} INFO - Sync 1 DAGs
[2023-11-04 21:10:24,202] {logging_mixin.py:115} INFO - [2023-11-04 21:10:24,202] {dag.py:2972} INFO - Setting next_dagrun for latest_only to 2023-11-04T17:10:24.201920+00:00, run_after=2023-11-04T21:10:24.201920+00:00
[2023-11-04 21:10:24,217] {processor.py:161} INFO - Processing /home/airflow/.local/lib/python3.7/site-packages/airflow/example_dags/example_latest_only.py took 0.192 seconds
[2023-11-04 21:10:54,427] {processor.py:153} INFO - Started process (PID=616) to work on /home/airflow/.local/lib/python3.7/site-packages/airflow/example_dags/example_latest_only.py
[2023-11-04 21:10:54,428] {processor.py:641} INFO - Processing file /home/airflow/.local/lib/python3.7/site-packages/airflow/example_dags/example_latest_only.py for tasks to queue
[2023-11-04 21:10:54,429] {logging_mixin.py:115} INFO - [2023-11-04 21:10:54,429] {dagbag.py:508} INFO - Filling up the DagBag from /home/airflow/.local/lib/python3.7/site-packages/airflow/example_dags/example_latest_only.py
[2023-11-04 21:10:54,435] {processor.py:651} INFO - DAG(s) dict_keys(['latest_only']) retrieved from /home/airflow/.local/lib/python3.7/site-packages/airflow/example_dags/example_latest_only.py
[2023-11-04 21:10:54,463] {logging_mixin.py:115} INFO - [2023-11-04 21:10:54,463] {dag.py:2420} INFO - Sync 1 DAGs
[2023-11-04 21:10:54,614] {logging_mixin.py:115} INFO - [2023-11-04 21:10:54,613] {dag.py:2972} INFO - Setting next_dagrun for latest_only to 2023-11-04T17:10:54.613718+00:00, run_after=2023-11-04T21:10:54.613718+00:00
[2023-11-04 21:10:54,632] {processor.py:161} INFO - Processing /home/airflow/.local/lib/python3.7/site-packages/airflow/example_dags/example_latest_only.py took 0.209 seconds
[2023-11-04 21:11:25,145] {processor.py:153} INFO - Started process (PID=678) to work on /home/airflow/.local/lib/python3.7/site-packages/airflow/example_dags/example_latest_only.py
[2023-11-04 21:11:25,145] {processor.py:641} INFO - Processing file /home/airflow/.local/lib/python3.7/site-packages/airflow/example_dags/example_latest_only.py for tasks to queue
[2023-11-04 21:11:25,146] {logging_mixin.py:115} INFO - [2023-11-04 21:11:25,146] {dagbag.py:508} INFO - Filling up the DagBag from /home/airflow/.local/lib/python3.7/site-packages/airflow/example_dags/example_latest_only.py
[2023-11-04 21:11:25,152] {processor.py:651} INFO - DAG(s) dict_keys(['latest_only']) retrieved from /home/airflow/.local/lib/python3.7/site-packages/airflow/example_dags/example_latest_only.py
[2023-11-04 21:11:25,181] {logging_mixin.py:115} INFO - [2023-11-04 21:11:25,181] {dag.py:2420} INFO - Sync 1 DAGs
[2023-11-04 21:11:25,318] {logging_mixin.py:115} INFO - [2023-11-04 21:11:25,318] {dag.py:2972} INFO - Setting next_dagrun for latest_only to 2023-11-04T17:11:25.318378+00:00, run_after=2023-11-04T21:11:25.318378+00:00
[2023-11-04 21:11:25,330] {processor.py:161} INFO - Processing /home/airflow/.local/lib/python3.7/site-packages/airflow/example_dags/example_latest_only.py took 0.190 seconds
[2023-11-04 21:11:56,043] {processor.py:153} INFO - Started process (PID=731) to work on /home/airflow/.local/lib/python3.7/site-packages/airflow/example_dags/example_latest_only.py
[2023-11-04 21:11:56,045] {processor.py:641} INFO - Processing file /home/airflow/.local/lib/python3.7/site-packages/airflow/example_dags/example_latest_only.py for tasks to queue
[2023-11-04 21:11:56,047] {logging_mixin.py:115} INFO - [2023-11-04 21:11:56,047] {dagbag.py:508} INFO - Filling up the DagBag from /home/airflow/.local/lib/python3.7/site-packages/airflow/example_dags/example_latest_only.py
[2023-11-04 21:11:56,059] {processor.py:651} INFO - DAG(s) dict_keys(['latest_only']) retrieved from /home/airflow/.local/lib/python3.7/site-packages/airflow/example_dags/example_latest_only.py
[2023-11-04 21:11:56,111] {logging_mixin.py:115} INFO - [2023-11-04 21:11:56,110] {dag.py:2420} INFO - Sync 1 DAGs
[2023-11-04 21:11:56,302] {logging_mixin.py:115} INFO - [2023-11-04 21:11:56,301] {dag.py:2972} INFO - Setting next_dagrun for latest_only to 2023-11-04T17:11:56.301562+00:00, run_after=2023-11-04T21:11:56.301562+00:00
[2023-11-04 21:11:56,320] {processor.py:161} INFO - Processing /home/airflow/.local/lib/python3.7/site-packages/airflow/example_dags/example_latest_only.py took 0.284 seconds
[2023-11-04 21:12:27,793] {processor.py:153} INFO - Started process (PID=793) to work on /home/airflow/.local/lib/python3.7/site-packages/airflow/example_dags/example_latest_only.py
[2023-11-04 21:12:27,795] {processor.py:641} INFO - Processing file /home/airflow/.local/lib/python3.7/site-packages/airflow/example_dags/example_latest_only.py for tasks to queue
[2023-11-04 21:12:27,796] {logging_mixin.py:115} INFO - [2023-11-04 21:12:27,796] {dagbag.py:508} INFO - Filling up the DagBag from /home/airflow/.local/lib/python3.7/site-packages/airflow/example_dags/example_latest_only.py
[2023-11-04 21:12:27,805] {processor.py:651} INFO - DAG(s) dict_keys(['latest_only']) retrieved from /home/airflow/.local/lib/python3.7/site-packages/airflow/example_dags/example_latest_only.py
[2023-11-04 21:12:27,906] {logging_mixin.py:115} INFO - [2023-11-04 21:12:27,906] {dag.py:2420} INFO - Sync 1 DAGs
[2023-11-04 21:12:28,186] {logging_mixin.py:115} INFO - [2023-11-04 21:12:28,185] {dag.py:2972} INFO - Setting next_dagrun for latest_only to 2023-11-04T17:12:28.185009+00:00, run_after=2023-11-04T21:12:28.185009+00:00
[2023-11-04 21:12:28,238] {processor.py:161} INFO - Processing /home/airflow/.local/lib/python3.7/site-packages/airflow/example_dags/example_latest_only.py took 0.452 seconds
[2023-11-04 21:13:01,655] {processor.py:153} INFO - Started process (PID=846) to work on /home/airflow/.local/lib/python3.7/site-packages/airflow/example_dags/example_latest_only.py
[2023-11-04 21:13:01,665] {processor.py:641} INFO - Processing file /home/airflow/.local/lib/python3.7/site-packages/airflow/example_dags/example_latest_only.py for tasks to queue
[2023-11-04 21:13:01,667] {logging_mixin.py:115} INFO - [2023-11-04 21:13:01,667] {dagbag.py:508} INFO - Filling up the DagBag from /home/airflow/.local/lib/python3.7/site-packages/airflow/example_dags/example_latest_only.py
[2023-11-04 21:13:01,741] {processor.py:651} INFO - DAG(s) dict_keys(['latest_only']) retrieved from /home/airflow/.local/lib/python3.7/site-packages/airflow/example_dags/example_latest_only.py
[2023-11-04 21:13:02,007] {logging_mixin.py:115} INFO - [2023-11-04 21:13:02,007] {dag.py:2420} INFO - Sync 1 DAGs
[2023-11-04 21:13:02,490] {logging_mixin.py:115} INFO - [2023-11-04 21:13:02,490] {dag.py:2972} INFO - Setting next_dagrun for latest_only to 2023-11-04T17:13:02.489808+00:00, run_after=2023-11-04T21:13:02.489808+00:00
[2023-11-04 21:13:02,523] {processor.py:161} INFO - Processing /home/airflow/.local/lib/python3.7/site-packages/airflow/example_dags/example_latest_only.py took 0.878 seconds
[2023-11-04 21:15:31,788] {processor.py:153} INFO - Started process (PID=93) to work on /home/airflow/.local/lib/python3.7/site-packages/airflow/example_dags/example_latest_only.py
[2023-11-04 21:15:31,807] {processor.py:641} INFO - Processing file /home/airflow/.local/lib/python3.7/site-packages/airflow/example_dags/example_latest_only.py for tasks to queue
[2023-11-04 21:15:31,828] {logging_mixin.py:115} INFO - [2023-11-04 21:15:31,828] {dagbag.py:508} INFO - Filling up the DagBag from /home/airflow/.local/lib/python3.7/site-packages/airflow/example_dags/example_latest_only.py
[2023-11-04 21:15:31,851] {processor.py:651} INFO - DAG(s) dict_keys(['latest_only']) retrieved from /home/airflow/.local/lib/python3.7/site-packages/airflow/example_dags/example_latest_only.py
[2023-11-04 21:15:31,945] {logging_mixin.py:115} INFO - [2023-11-04 21:15:31,944] {dag.py:2420} INFO - Sync 1 DAGs
[2023-11-04 21:15:32,420] {logging_mixin.py:115} INFO - [2023-11-04 21:15:32,419] {dag.py:2972} INFO - Setting next_dagrun for latest_only to 2023-11-04T17:15:32.419264+00:00, run_after=2023-11-04T21:15:32.419264+00:00
[2023-11-04 21:15:32,467] {processor.py:161} INFO - Processing /home/airflow/.local/lib/python3.7/site-packages/airflow/example_dags/example_latest_only.py took 0.697 seconds
[2023-11-04 21:16:02,809] {processor.py:153} INFO - Started process (PID=146) to work on /home/airflow/.local/lib/python3.7/site-packages/airflow/example_dags/example_latest_only.py
[2023-11-04 21:16:02,810] {processor.py:641} INFO - Processing file /home/airflow/.local/lib/python3.7/site-packages/airflow/example_dags/example_latest_only.py for tasks to queue
[2023-11-04 21:16:02,812] {logging_mixin.py:115} INFO - [2023-11-04 21:16:02,812] {dagbag.py:508} INFO - Filling up the DagBag from /home/airflow/.local/lib/python3.7/site-packages/airflow/example_dags/example_latest_only.py
[2023-11-04 21:16:02,824] {processor.py:651} INFO - DAG(s) dict_keys(['latest_only']) retrieved from /home/airflow/.local/lib/python3.7/site-packages/airflow/example_dags/example_latest_only.py
[2023-11-04 21:16:02,890] {logging_mixin.py:115} INFO - [2023-11-04 21:16:02,890] {dag.py:2420} INFO - Sync 1 DAGs
[2023-11-04 21:16:03,137] {logging_mixin.py:115} INFO - [2023-11-04 21:16:03,136] {dag.py:2972} INFO - Setting next_dagrun for latest_only to 2023-11-04T17:16:03.136457+00:00, run_after=2023-11-04T21:16:03.136457+00:00
[2023-11-04 21:16:03,164] {processor.py:161} INFO - Processing /home/airflow/.local/lib/python3.7/site-packages/airflow/example_dags/example_latest_only.py took 0.362 seconds
[2023-11-04 21:16:33,697] {processor.py:153} INFO - Started process (PID=199) to work on /home/airflow/.local/lib/python3.7/site-packages/airflow/example_dags/example_latest_only.py
[2023-11-04 21:16:33,698] {processor.py:641} INFO - Processing file /home/airflow/.local/lib/python3.7/site-packages/airflow/example_dags/example_latest_only.py for tasks to queue
[2023-11-04 21:16:33,700] {logging_mixin.py:115} INFO - [2023-11-04 21:16:33,700] {dagbag.py:508} INFO - Filling up the DagBag from /home/airflow/.local/lib/python3.7/site-packages/airflow/example_dags/example_latest_only.py
[2023-11-04 21:16:33,710] {processor.py:651} INFO - DAG(s) dict_keys(['latest_only']) retrieved from /home/airflow/.local/lib/python3.7/site-packages/airflow/example_dags/example_latest_only.py
[2023-11-04 21:16:33,772] {logging_mixin.py:115} INFO - [2023-11-04 21:16:33,772] {dag.py:2420} INFO - Sync 1 DAGs
[2023-11-04 21:16:34,039] {logging_mixin.py:115} INFO - [2023-11-04 21:16:34,039] {dag.py:2972} INFO - Setting next_dagrun for latest_only to 2023-11-04T17:16:34.038855+00:00, run_after=2023-11-04T21:16:34.038855+00:00
[2023-11-04 21:16:34,064] {processor.py:161} INFO - Processing /home/airflow/.local/lib/python3.7/site-packages/airflow/example_dags/example_latest_only.py took 0.374 seconds
[2023-11-04 21:17:04,136] {processor.py:153} INFO - Started process (PID=252) to work on /home/airflow/.local/lib/python3.7/site-packages/airflow/example_dags/example_latest_only.py
[2023-11-04 21:17:04,139] {processor.py:641} INFO - Processing file /home/airflow/.local/lib/python3.7/site-packages/airflow/example_dags/example_latest_only.py for tasks to queue
[2023-11-04 21:17:04,141] {logging_mixin.py:115} INFO - [2023-11-04 21:17:04,141] {dagbag.py:508} INFO - Filling up the DagBag from /home/airflow/.local/lib/python3.7/site-packages/airflow/example_dags/example_latest_only.py
[2023-11-04 21:17:04,164] {processor.py:651} INFO - DAG(s) dict_keys(['latest_only']) retrieved from /home/airflow/.local/lib/python3.7/site-packages/airflow/example_dags/example_latest_only.py
[2023-11-04 21:17:04,254] {logging_mixin.py:115} INFO - [2023-11-04 21:17:04,253] {dag.py:2420} INFO - Sync 1 DAGs
[2023-11-04 21:17:04,518] {logging_mixin.py:115} INFO - [2023-11-04 21:17:04,518] {dag.py:2972} INFO - Setting next_dagrun for latest_only to 2023-11-04T17:17:04.517629+00:00, run_after=2023-11-04T21:17:04.517629+00:00
[2023-11-04 21:17:04,544] {processor.py:161} INFO - Processing /home/airflow/.local/lib/python3.7/site-packages/airflow/example_dags/example_latest_only.py took 0.416 seconds
[2023-11-04 21:17:34,690] {processor.py:153} INFO - Started process (PID=314) to work on /home/airflow/.local/lib/python3.7/site-packages/airflow/example_dags/example_latest_only.py
[2023-11-04 21:17:34,692] {processor.py:641} INFO - Processing file /home/airflow/.local/lib/python3.7/site-packages/airflow/example_dags/example_latest_only.py for tasks to queue
[2023-11-04 21:17:34,694] {logging_mixin.py:115} INFO - [2023-11-04 21:17:34,694] {dagbag.py:508} INFO - Filling up the DagBag from /home/airflow/.local/lib/python3.7/site-packages/airflow/example_dags/example_latest_only.py
[2023-11-04 21:17:34,708] {processor.py:651} INFO - DAG(s) dict_keys(['latest_only']) retrieved from /home/airflow/.local/lib/python3.7/site-packages/airflow/example_dags/example_latest_only.py
[2023-11-04 21:17:34,771] {logging_mixin.py:115} INFO - [2023-11-04 21:17:34,770] {dag.py:2420} INFO - Sync 1 DAGs
[2023-11-04 21:17:35,031] {logging_mixin.py:115} INFO - [2023-11-04 21:17:35,031] {dag.py:2972} INFO - Setting next_dagrun for latest_only to 2023-11-04T17:17:35.031436+00:00, run_after=2023-11-04T21:17:35.031436+00:00
[2023-11-04 21:17:35,053] {processor.py:161} INFO - Processing /home/airflow/.local/lib/python3.7/site-packages/airflow/example_dags/example_latest_only.py took 0.370 seconds
[2023-11-04 21:18:05,624] {processor.py:153} INFO - Started process (PID=367) to work on /home/airflow/.local/lib/python3.7/site-packages/airflow/example_dags/example_latest_only.py
[2023-11-04 21:18:05,626] {processor.py:641} INFO - Processing file /home/airflow/.local/lib/python3.7/site-packages/airflow/example_dags/example_latest_only.py for tasks to queue
[2023-11-04 21:18:05,628] {logging_mixin.py:115} INFO - [2023-11-04 21:18:05,628] {dagbag.py:508} INFO - Filling up the DagBag from /home/airflow/.local/lib/python3.7/site-packages/airflow/example_dags/example_latest_only.py
[2023-11-04 21:18:05,639] {processor.py:651} INFO - DAG(s) dict_keys(['latest_only']) retrieved from /home/airflow/.local/lib/python3.7/site-packages/airflow/example_dags/example_latest_only.py
[2023-11-04 21:18:05,694] {logging_mixin.py:115} INFO - [2023-11-04 21:18:05,693] {dag.py:2420} INFO - Sync 1 DAGs
[2023-11-04 21:18:05,902] {logging_mixin.py:115} INFO - [2023-11-04 21:18:05,901] {dag.py:2972} INFO - Setting next_dagrun for latest_only to 2023-11-04T17:18:05.900976+00:00, run_after=2023-11-04T21:18:05.900976+00:00
[2023-11-04 21:18:05,922] {processor.py:161} INFO - Processing /home/airflow/.local/lib/python3.7/site-packages/airflow/example_dags/example_latest_only.py took 0.304 seconds
[2023-11-04 21:18:36,681] {processor.py:153} INFO - Started process (PID=420) to work on /home/airflow/.local/lib/python3.7/site-packages/airflow/example_dags/example_latest_only.py
[2023-11-04 21:18:36,688] {processor.py:641} INFO - Processing file /home/airflow/.local/lib/python3.7/site-packages/airflow/example_dags/example_latest_only.py for tasks to queue
[2023-11-04 21:18:36,704] {logging_mixin.py:115} INFO - [2023-11-04 21:18:36,704] {dagbag.py:508} INFO - Filling up the DagBag from /home/airflow/.local/lib/python3.7/site-packages/airflow/example_dags/example_latest_only.py
[2023-11-04 21:18:36,738] {processor.py:651} INFO - DAG(s) dict_keys(['latest_only']) retrieved from /home/airflow/.local/lib/python3.7/site-packages/airflow/example_dags/example_latest_only.py
[2023-11-04 21:18:36,857] {logging_mixin.py:115} INFO - [2023-11-04 21:18:36,857] {dag.py:2420} INFO - Sync 1 DAGs
[2023-11-04 21:18:37,591] {logging_mixin.py:115} INFO - [2023-11-04 21:18:37,591] {dag.py:2972} INFO - Setting next_dagrun for latest_only to 2023-11-04T17:18:37.586460+00:00, run_after=2023-11-04T21:18:37.586460+00:00
[2023-11-04 21:18:37,688] {processor.py:161} INFO - Processing /home/airflow/.local/lib/python3.7/site-packages/airflow/example_dags/example_latest_only.py took 1.023 seconds
[2023-11-04 21:19:07,934] {processor.py:153} INFO - Started process (PID=491) to work on /home/airflow/.local/lib/python3.7/site-packages/airflow/example_dags/example_latest_only.py
[2023-11-04 21:19:07,935] {processor.py:641} INFO - Processing file /home/airflow/.local/lib/python3.7/site-packages/airflow/example_dags/example_latest_only.py for tasks to queue
[2023-11-04 21:19:07,936] {logging_mixin.py:115} INFO - [2023-11-04 21:19:07,936] {dagbag.py:508} INFO - Filling up the DagBag from /home/airflow/.local/lib/python3.7/site-packages/airflow/example_dags/example_latest_only.py
[2023-11-04 21:19:07,943] {processor.py:651} INFO - DAG(s) dict_keys(['latest_only']) retrieved from /home/airflow/.local/lib/python3.7/site-packages/airflow/example_dags/example_latest_only.py
[2023-11-04 21:19:07,978] {logging_mixin.py:115} INFO - [2023-11-04 21:19:07,978] {dag.py:2420} INFO - Sync 1 DAGs
[2023-11-04 21:19:08,157] {logging_mixin.py:115} INFO - [2023-11-04 21:19:08,156] {dag.py:2972} INFO - Setting next_dagrun for latest_only to 2023-11-04T17:19:08.156646+00:00, run_after=2023-11-04T21:19:08.156646+00:00
[2023-11-04 21:19:08,176] {processor.py:161} INFO - Processing /home/airflow/.local/lib/python3.7/site-packages/airflow/example_dags/example_latest_only.py took 0.246 seconds
[2023-11-04 21:19:38,294] {processor.py:153} INFO - Started process (PID=554) to work on /home/airflow/.local/lib/python3.7/site-packages/airflow/example_dags/example_latest_only.py
[2023-11-04 21:19:38,295] {processor.py:641} INFO - Processing file /home/airflow/.local/lib/python3.7/site-packages/airflow/example_dags/example_latest_only.py for tasks to queue
[2023-11-04 21:19:38,296] {logging_mixin.py:115} INFO - [2023-11-04 21:19:38,295] {dagbag.py:508} INFO - Filling up the DagBag from /home/airflow/.local/lib/python3.7/site-packages/airflow/example_dags/example_latest_only.py
[2023-11-04 21:19:38,302] {processor.py:651} INFO - DAG(s) dict_keys(['latest_only']) retrieved from /home/airflow/.local/lib/python3.7/site-packages/airflow/example_dags/example_latest_only.py
[2023-11-04 21:19:38,335] {logging_mixin.py:115} INFO - [2023-11-04 21:19:38,335] {dag.py:2420} INFO - Sync 1 DAGs
[2023-11-04 21:19:38,485] {logging_mixin.py:115} INFO - [2023-11-04 21:19:38,485] {dag.py:2972} INFO - Setting next_dagrun for latest_only to 2023-11-04T17:19:38.484825+00:00, run_after=2023-11-04T21:19:38.484825+00:00
[2023-11-04 21:19:38,500] {processor.py:161} INFO - Processing /home/airflow/.local/lib/python3.7/site-packages/airflow/example_dags/example_latest_only.py took 0.211 seconds
[2023-11-04 21:20:08,861] {processor.py:153} INFO - Started process (PID=614) to work on /home/airflow/.local/lib/python3.7/site-packages/airflow/example_dags/example_latest_only.py
[2023-11-04 21:20:08,862] {processor.py:641} INFO - Processing file /home/airflow/.local/lib/python3.7/site-packages/airflow/example_dags/example_latest_only.py for tasks to queue
[2023-11-04 21:20:08,863] {logging_mixin.py:115} INFO - [2023-11-04 21:20:08,863] {dagbag.py:508} INFO - Filling up the DagBag from /home/airflow/.local/lib/python3.7/site-packages/airflow/example_dags/example_latest_only.py
[2023-11-04 21:20:08,870] {processor.py:651} INFO - DAG(s) dict_keys(['latest_only']) retrieved from /home/airflow/.local/lib/python3.7/site-packages/airflow/example_dags/example_latest_only.py
[2023-11-04 21:20:08,906] {logging_mixin.py:115} INFO - [2023-11-04 21:20:08,906] {dag.py:2420} INFO - Sync 1 DAGs
[2023-11-04 21:20:09,066] {logging_mixin.py:115} INFO - [2023-11-04 21:20:09,066] {dag.py:2972} INFO - Setting next_dagrun for latest_only to 2023-11-04T17:20:09.066426+00:00, run_after=2023-11-04T21:20:09.066426+00:00
[2023-11-04 21:20:09,084] {processor.py:161} INFO - Processing /home/airflow/.local/lib/python3.7/site-packages/airflow/example_dags/example_latest_only.py took 0.227 seconds
[2023-11-04 21:20:39,694] {processor.py:153} INFO - Started process (PID=667) to work on /home/airflow/.local/lib/python3.7/site-packages/airflow/example_dags/example_latest_only.py
[2023-11-04 21:20:39,695] {processor.py:641} INFO - Processing file /home/airflow/.local/lib/python3.7/site-packages/airflow/example_dags/example_latest_only.py for tasks to queue
[2023-11-04 21:20:39,696] {logging_mixin.py:115} INFO - [2023-11-04 21:20:39,696] {dagbag.py:508} INFO - Filling up the DagBag from /home/airflow/.local/lib/python3.7/site-packages/airflow/example_dags/example_latest_only.py
[2023-11-04 21:20:39,702] {processor.py:651} INFO - DAG(s) dict_keys(['latest_only']) retrieved from /home/airflow/.local/lib/python3.7/site-packages/airflow/example_dags/example_latest_only.py
[2023-11-04 21:20:39,738] {logging_mixin.py:115} INFO - [2023-11-04 21:20:39,737] {dag.py:2420} INFO - Sync 1 DAGs
[2023-11-04 21:20:39,909] {logging_mixin.py:115} INFO - [2023-11-04 21:20:39,909] {dag.py:2972} INFO - Setting next_dagrun for latest_only to 2023-11-04T17:20:39.909110+00:00, run_after=2023-11-04T21:20:39.909110+00:00
[2023-11-04 21:20:39,926] {processor.py:161} INFO - Processing /home/airflow/.local/lib/python3.7/site-packages/airflow/example_dags/example_latest_only.py took 0.237 seconds
[2023-11-04 21:21:10,272] {processor.py:153} INFO - Started process (PID=729) to work on /home/airflow/.local/lib/python3.7/site-packages/airflow/example_dags/example_latest_only.py
[2023-11-04 21:21:10,272] {processor.py:641} INFO - Processing file /home/airflow/.local/lib/python3.7/site-packages/airflow/example_dags/example_latest_only.py for tasks to queue
[2023-11-04 21:21:10,273] {logging_mixin.py:115} INFO - [2023-11-04 21:21:10,273] {dagbag.py:508} INFO - Filling up the DagBag from /home/airflow/.local/lib/python3.7/site-packages/airflow/example_dags/example_latest_only.py
[2023-11-04 21:21:10,279] {processor.py:651} INFO - DAG(s) dict_keys(['latest_only']) retrieved from /home/airflow/.local/lib/python3.7/site-packages/airflow/example_dags/example_latest_only.py
[2023-11-04 21:21:10,315] {logging_mixin.py:115} INFO - [2023-11-04 21:21:10,315] {dag.py:2420} INFO - Sync 1 DAGs
[2023-11-04 21:21:10,591] {logging_mixin.py:115} INFO - [2023-11-04 21:21:10,590] {dag.py:2972} INFO - Setting next_dagrun for latest_only to 2023-11-04T17:21:10.590184+00:00, run_after=2023-11-04T21:21:10.590184+00:00
[2023-11-04 21:21:10,641] {processor.py:161} INFO - Processing /home/airflow/.local/lib/python3.7/site-packages/airflow/example_dags/example_latest_only.py took 0.374 seconds
[2023-11-04 21:21:41,299] {processor.py:153} INFO - Started process (PID=783) to work on /home/airflow/.local/lib/python3.7/site-packages/airflow/example_dags/example_latest_only.py
[2023-11-04 21:21:41,300] {processor.py:641} INFO - Processing file /home/airflow/.local/lib/python3.7/site-packages/airflow/example_dags/example_latest_only.py for tasks to queue
[2023-11-04 21:21:41,301] {logging_mixin.py:115} INFO - [2023-11-04 21:21:41,301] {dagbag.py:508} INFO - Filling up the DagBag from /home/airflow/.local/lib/python3.7/site-packages/airflow/example_dags/example_latest_only.py
[2023-11-04 21:21:41,307] {processor.py:651} INFO - DAG(s) dict_keys(['latest_only']) retrieved from /home/airflow/.local/lib/python3.7/site-packages/airflow/example_dags/example_latest_only.py
[2023-11-04 21:21:41,344] {logging_mixin.py:115} INFO - [2023-11-04 21:21:41,343] {dag.py:2420} INFO - Sync 1 DAGs
[2023-11-04 21:21:41,501] {logging_mixin.py:115} INFO - [2023-11-04 21:21:41,501] {dag.py:2972} INFO - Setting next_dagrun for latest_only to 2023-11-04T17:21:41.501575+00:00, run_after=2023-11-04T21:21:41.501575+00:00
[2023-11-04 21:21:41,515] {processor.py:161} INFO - Processing /home/airflow/.local/lib/python3.7/site-packages/airflow/example_dags/example_latest_only.py took 0.220 seconds
[2023-11-04 21:22:12,073] {processor.py:153} INFO - Started process (PID=845) to work on /home/airflow/.local/lib/python3.7/site-packages/airflow/example_dags/example_latest_only.py
[2023-11-04 21:22:12,074] {processor.py:641} INFO - Processing file /home/airflow/.local/lib/python3.7/site-packages/airflow/example_dags/example_latest_only.py for tasks to queue
[2023-11-04 21:22:12,075] {logging_mixin.py:115} INFO - [2023-11-04 21:22:12,074] {dagbag.py:508} INFO - Filling up the DagBag from /home/airflow/.local/lib/python3.7/site-packages/airflow/example_dags/example_latest_only.py
[2023-11-04 21:22:12,080] {processor.py:651} INFO - DAG(s) dict_keys(['latest_only']) retrieved from /home/airflow/.local/lib/python3.7/site-packages/airflow/example_dags/example_latest_only.py
[2023-11-04 21:22:12,111] {logging_mixin.py:115} INFO - [2023-11-04 21:22:12,110] {dag.py:2420} INFO - Sync 1 DAGs
[2023-11-04 21:22:12,250] {logging_mixin.py:115} INFO - [2023-11-04 21:22:12,250] {dag.py:2972} INFO - Setting next_dagrun for latest_only to 2023-11-04T17:22:12.250503+00:00, run_after=2023-11-04T21:22:12.250503+00:00
[2023-11-04 21:22:12,264] {processor.py:161} INFO - Processing /home/airflow/.local/lib/python3.7/site-packages/airflow/example_dags/example_latest_only.py took 0.195 seconds
[2023-11-04 21:22:42,545] {processor.py:153} INFO - Started process (PID=907) to work on /home/airflow/.local/lib/python3.7/site-packages/airflow/example_dags/example_latest_only.py
[2023-11-04 21:22:42,546] {processor.py:641} INFO - Processing file /home/airflow/.local/lib/python3.7/site-packages/airflow/example_dags/example_latest_only.py for tasks to queue
[2023-11-04 21:22:42,546] {logging_mixin.py:115} INFO - [2023-11-04 21:22:42,546] {dagbag.py:508} INFO - Filling up the DagBag from /home/airflow/.local/lib/python3.7/site-packages/airflow/example_dags/example_latest_only.py
[2023-11-04 21:22:42,551] {processor.py:651} INFO - DAG(s) dict_keys(['latest_only']) retrieved from /home/airflow/.local/lib/python3.7/site-packages/airflow/example_dags/example_latest_only.py
[2023-11-04 21:22:42,581] {logging_mixin.py:115} INFO - [2023-11-04 21:22:42,581] {dag.py:2420} INFO - Sync 1 DAGs
[2023-11-04 21:22:42,730] {logging_mixin.py:115} INFO - [2023-11-04 21:22:42,730] {dag.py:2972} INFO - Setting next_dagrun for latest_only to 2023-11-04T17:22:42.729949+00:00, run_after=2023-11-04T21:22:42.729949+00:00
[2023-11-04 21:22:42,743] {processor.py:161} INFO - Processing /home/airflow/.local/lib/python3.7/site-packages/airflow/example_dags/example_latest_only.py took 0.202 seconds
[2023-11-04 21:23:13,556] {processor.py:153} INFO - Started process (PID=960) to work on /home/airflow/.local/lib/python3.7/site-packages/airflow/example_dags/example_latest_only.py
[2023-11-04 21:23:13,557] {processor.py:641} INFO - Processing file /home/airflow/.local/lib/python3.7/site-packages/airflow/example_dags/example_latest_only.py for tasks to queue
[2023-11-04 21:23:13,558] {logging_mixin.py:115} INFO - [2023-11-04 21:23:13,558] {dagbag.py:508} INFO - Filling up the DagBag from /home/airflow/.local/lib/python3.7/site-packages/airflow/example_dags/example_latest_only.py
[2023-11-04 21:23:13,564] {processor.py:651} INFO - DAG(s) dict_keys(['latest_only']) retrieved from /home/airflow/.local/lib/python3.7/site-packages/airflow/example_dags/example_latest_only.py
[2023-11-04 21:23:13,596] {logging_mixin.py:115} INFO - [2023-11-04 21:23:13,596] {dag.py:2420} INFO - Sync 1 DAGs
[2023-11-04 21:23:13,750] {logging_mixin.py:115} INFO - [2023-11-04 21:23:13,750] {dag.py:2972} INFO - Setting next_dagrun for latest_only to 2023-11-04T17:23:13.750620+00:00, run_after=2023-11-04T21:23:13.750620+00:00
[2023-11-04 21:23:13,764] {processor.py:161} INFO - Processing /home/airflow/.local/lib/python3.7/site-packages/airflow/example_dags/example_latest_only.py took 0.212 seconds
[2023-11-04 21:23:44,022] {processor.py:153} INFO - Started process (PID=1022) to work on /home/airflow/.local/lib/python3.7/site-packages/airflow/example_dags/example_latest_only.py
[2023-11-04 21:23:44,023] {processor.py:641} INFO - Processing file /home/airflow/.local/lib/python3.7/site-packages/airflow/example_dags/example_latest_only.py for tasks to queue
[2023-11-04 21:23:44,023] {logging_mixin.py:115} INFO - [2023-11-04 21:23:44,023] {dagbag.py:508} INFO - Filling up the DagBag from /home/airflow/.local/lib/python3.7/site-packages/airflow/example_dags/example_latest_only.py
[2023-11-04 21:23:44,029] {processor.py:651} INFO - DAG(s) dict_keys(['latest_only']) retrieved from /home/airflow/.local/lib/python3.7/site-packages/airflow/example_dags/example_latest_only.py
[2023-11-04 21:23:44,062] {logging_mixin.py:115} INFO - [2023-11-04 21:23:44,062] {dag.py:2420} INFO - Sync 1 DAGs
[2023-11-04 21:23:44,202] {logging_mixin.py:115} INFO - [2023-11-04 21:23:44,202] {dag.py:2972} INFO - Setting next_dagrun for latest_only to 2023-11-04T17:23:44.201994+00:00, run_after=2023-11-04T21:23:44.201994+00:00
[2023-11-04 21:23:44,216] {processor.py:161} INFO - Processing /home/airflow/.local/lib/python3.7/site-packages/airflow/example_dags/example_latest_only.py took 0.197 seconds
[2023-11-04 21:24:14,550] {processor.py:153} INFO - Started process (PID=1084) to work on /home/airflow/.local/lib/python3.7/site-packages/airflow/example_dags/example_latest_only.py
[2023-11-04 21:24:14,551] {processor.py:641} INFO - Processing file /home/airflow/.local/lib/python3.7/site-packages/airflow/example_dags/example_latest_only.py for tasks to queue
[2023-11-04 21:24:14,552] {logging_mixin.py:115} INFO - [2023-11-04 21:24:14,552] {dagbag.py:508} INFO - Filling up the DagBag from /home/airflow/.local/lib/python3.7/site-packages/airflow/example_dags/example_latest_only.py
[2023-11-04 21:24:14,557] {processor.py:651} INFO - DAG(s) dict_keys(['latest_only']) retrieved from /home/airflow/.local/lib/python3.7/site-packages/airflow/example_dags/example_latest_only.py
[2023-11-04 21:24:14,588] {logging_mixin.py:115} INFO - [2023-11-04 21:24:14,588] {dag.py:2420} INFO - Sync 1 DAGs
[2023-11-04 21:24:14,741] {logging_mixin.py:115} INFO - [2023-11-04 21:24:14,741] {dag.py:2972} INFO - Setting next_dagrun for latest_only to 2023-11-04T17:24:14.741551+00:00, run_after=2023-11-04T21:24:14.741551+00:00
[2023-11-04 21:24:14,757] {processor.py:161} INFO - Processing /home/airflow/.local/lib/python3.7/site-packages/airflow/example_dags/example_latest_only.py took 0.210 seconds
[2023-11-04 21:24:45,013] {processor.py:153} INFO - Started process (PID=1137) to work on /home/airflow/.local/lib/python3.7/site-packages/airflow/example_dags/example_latest_only.py
[2023-11-04 21:24:45,014] {processor.py:641} INFO - Processing file /home/airflow/.local/lib/python3.7/site-packages/airflow/example_dags/example_latest_only.py for tasks to queue
[2023-11-04 21:24:45,014] {logging_mixin.py:115} INFO - [2023-11-04 21:24:45,014] {dagbag.py:508} INFO - Filling up the DagBag from /home/airflow/.local/lib/python3.7/site-packages/airflow/example_dags/example_latest_only.py
[2023-11-04 21:24:45,020] {processor.py:651} INFO - DAG(s) dict_keys(['latest_only']) retrieved from /home/airflow/.local/lib/python3.7/site-packages/airflow/example_dags/example_latest_only.py
[2023-11-04 21:24:45,050] {logging_mixin.py:115} INFO - [2023-11-04 21:24:45,050] {dag.py:2420} INFO - Sync 1 DAGs
[2023-11-04 21:24:45,188] {logging_mixin.py:115} INFO - [2023-11-04 21:24:45,188] {dag.py:2972} INFO - Setting next_dagrun for latest_only to 2023-11-04T17:24:45.187852+00:00, run_after=2023-11-04T21:24:45.187852+00:00
[2023-11-04 21:24:45,201] {processor.py:161} INFO - Processing /home/airflow/.local/lib/python3.7/site-packages/airflow/example_dags/example_latest_only.py took 0.192 seconds
[2023-11-04 21:25:15,482] {processor.py:153} INFO - Started process (PID=1199) to work on /home/airflow/.local/lib/python3.7/site-packages/airflow/example_dags/example_latest_only.py
[2023-11-04 21:25:15,483] {processor.py:641} INFO - Processing file /home/airflow/.local/lib/python3.7/site-packages/airflow/example_dags/example_latest_only.py for tasks to queue
[2023-11-04 21:25:15,484] {logging_mixin.py:115} INFO - [2023-11-04 21:25:15,484] {dagbag.py:508} INFO - Filling up the DagBag from /home/airflow/.local/lib/python3.7/site-packages/airflow/example_dags/example_latest_only.py
[2023-11-04 21:25:15,489] {processor.py:651} INFO - DAG(s) dict_keys(['latest_only']) retrieved from /home/airflow/.local/lib/python3.7/site-packages/airflow/example_dags/example_latest_only.py
[2023-11-04 21:25:15,518] {logging_mixin.py:115} INFO - [2023-11-04 21:25:15,518] {dag.py:2420} INFO - Sync 1 DAGs
[2023-11-04 21:25:15,664] {logging_mixin.py:115} INFO - [2023-11-04 21:25:15,664] {dag.py:2972} INFO - Setting next_dagrun for latest_only to 2023-11-04T17:25:15.664216+00:00, run_after=2023-11-04T21:25:15.664216+00:00
[2023-11-04 21:25:15,679] {processor.py:161} INFO - Processing /home/airflow/.local/lib/python3.7/site-packages/airflow/example_dags/example_latest_only.py took 0.200 seconds
[2023-11-04 21:25:46,045] {processor.py:153} INFO - Started process (PID=1261) to work on /home/airflow/.local/lib/python3.7/site-packages/airflow/example_dags/example_latest_only.py
[2023-11-04 21:25:46,045] {processor.py:641} INFO - Processing file /home/airflow/.local/lib/python3.7/site-packages/airflow/example_dags/example_latest_only.py for tasks to queue
[2023-11-04 21:25:46,046] {logging_mixin.py:115} INFO - [2023-11-04 21:25:46,046] {dagbag.py:508} INFO - Filling up the DagBag from /home/airflow/.local/lib/python3.7/site-packages/airflow/example_dags/example_latest_only.py
[2023-11-04 21:25:46,052] {processor.py:651} INFO - DAG(s) dict_keys(['latest_only']) retrieved from /home/airflow/.local/lib/python3.7/site-packages/airflow/example_dags/example_latest_only.py
[2023-11-04 21:25:46,080] {logging_mixin.py:115} INFO - [2023-11-04 21:25:46,080] {dag.py:2420} INFO - Sync 1 DAGs
[2023-11-04 21:25:46,215] {logging_mixin.py:115} INFO - [2023-11-04 21:25:46,215] {dag.py:2972} INFO - Setting next_dagrun for latest_only to 2023-11-04T17:25:46.215620+00:00, run_after=2023-11-04T21:25:46.215620+00:00
[2023-11-04 21:25:46,229] {processor.py:161} INFO - Processing /home/airflow/.local/lib/python3.7/site-packages/airflow/example_dags/example_latest_only.py took 0.187 seconds
[2023-11-04 21:26:16,838] {processor.py:153} INFO - Started process (PID=1314) to work on /home/airflow/.local/lib/python3.7/site-packages/airflow/example_dags/example_latest_only.py
[2023-11-04 21:26:16,839] {processor.py:641} INFO - Processing file /home/airflow/.local/lib/python3.7/site-packages/airflow/example_dags/example_latest_only.py for tasks to queue
[2023-11-04 21:26:16,839] {logging_mixin.py:115} INFO - [2023-11-04 21:26:16,839] {dagbag.py:508} INFO - Filling up the DagBag from /home/airflow/.local/lib/python3.7/site-packages/airflow/example_dags/example_latest_only.py
[2023-11-04 21:26:16,846] {processor.py:651} INFO - DAG(s) dict_keys(['latest_only']) retrieved from /home/airflow/.local/lib/python3.7/site-packages/airflow/example_dags/example_latest_only.py
[2023-11-04 21:26:16,877] {logging_mixin.py:115} INFO - [2023-11-04 21:26:16,877] {dag.py:2420} INFO - Sync 1 DAGs
[2023-11-04 21:26:17,014] {logging_mixin.py:115} INFO - [2023-11-04 21:26:17,014] {dag.py:2972} INFO - Setting next_dagrun for latest_only to 2023-11-04T17:26:17.013769+00:00, run_after=2023-11-04T21:26:17.013769+00:00
[2023-11-04 21:26:17,028] {processor.py:161} INFO - Processing /home/airflow/.local/lib/python3.7/site-packages/airflow/example_dags/example_latest_only.py took 0.194 seconds
[2023-11-04 21:26:47,630] {processor.py:153} INFO - Started process (PID=1376) to work on /home/airflow/.local/lib/python3.7/site-packages/airflow/example_dags/example_latest_only.py
[2023-11-04 21:26:47,631] {processor.py:641} INFO - Processing file /home/airflow/.local/lib/python3.7/site-packages/airflow/example_dags/example_latest_only.py for tasks to queue
[2023-11-04 21:26:47,632] {logging_mixin.py:115} INFO - [2023-11-04 21:26:47,632] {dagbag.py:508} INFO - Filling up the DagBag from /home/airflow/.local/lib/python3.7/site-packages/airflow/example_dags/example_latest_only.py
[2023-11-04 21:26:47,638] {processor.py:651} INFO - DAG(s) dict_keys(['latest_only']) retrieved from /home/airflow/.local/lib/python3.7/site-packages/airflow/example_dags/example_latest_only.py
[2023-11-04 21:26:47,672] {logging_mixin.py:115} INFO - [2023-11-04 21:26:47,672] {dag.py:2420} INFO - Sync 1 DAGs
[2023-11-04 21:26:47,833] {logging_mixin.py:115} INFO - [2023-11-04 21:26:47,833] {dag.py:2972} INFO - Setting next_dagrun for latest_only to 2023-11-04T17:26:47.832803+00:00, run_after=2023-11-04T21:26:47.832803+00:00
[2023-11-04 21:26:47,853] {processor.py:161} INFO - Processing /home/airflow/.local/lib/python3.7/site-packages/airflow/example_dags/example_latest_only.py took 0.226 seconds
[2023-11-04 21:27:18,107] {processor.py:153} INFO - Started process (PID=1438) to work on /home/airflow/.local/lib/python3.7/site-packages/airflow/example_dags/example_latest_only.py
[2023-11-04 21:27:18,108] {processor.py:641} INFO - Processing file /home/airflow/.local/lib/python3.7/site-packages/airflow/example_dags/example_latest_only.py for tasks to queue
[2023-11-04 21:27:18,108] {logging_mixin.py:115} INFO - [2023-11-04 21:27:18,108] {dagbag.py:508} INFO - Filling up the DagBag from /home/airflow/.local/lib/python3.7/site-packages/airflow/example_dags/example_latest_only.py
[2023-11-04 21:27:18,114] {processor.py:651} INFO - DAG(s) dict_keys(['latest_only']) retrieved from /home/airflow/.local/lib/python3.7/site-packages/airflow/example_dags/example_latest_only.py
[2023-11-04 21:27:18,149] {logging_mixin.py:115} INFO - [2023-11-04 21:27:18,149] {dag.py:2420} INFO - Sync 1 DAGs
[2023-11-04 21:27:18,291] {logging_mixin.py:115} INFO - [2023-11-04 21:27:18,291] {dag.py:2972} INFO - Setting next_dagrun for latest_only to 2023-11-04T17:27:18.291325+00:00, run_after=2023-11-04T21:27:18.291325+00:00
[2023-11-04 21:27:18,304] {processor.py:161} INFO - Processing /home/airflow/.local/lib/python3.7/site-packages/airflow/example_dags/example_latest_only.py took 0.201 seconds
[2023-11-04 21:27:48,684] {processor.py:153} INFO - Started process (PID=1491) to work on /home/airflow/.local/lib/python3.7/site-packages/airflow/example_dags/example_latest_only.py
[2023-11-04 21:27:48,685] {processor.py:641} INFO - Processing file /home/airflow/.local/lib/python3.7/site-packages/airflow/example_dags/example_latest_only.py for tasks to queue
[2023-11-04 21:27:48,686] {logging_mixin.py:115} INFO - [2023-11-04 21:27:48,686] {dagbag.py:508} INFO - Filling up the DagBag from /home/airflow/.local/lib/python3.7/site-packages/airflow/example_dags/example_latest_only.py
[2023-11-04 21:27:48,693] {processor.py:651} INFO - DAG(s) dict_keys(['latest_only']) retrieved from /home/airflow/.local/lib/python3.7/site-packages/airflow/example_dags/example_latest_only.py
[2023-11-04 21:27:48,727] {logging_mixin.py:115} INFO - [2023-11-04 21:27:48,727] {dag.py:2420} INFO - Sync 1 DAGs
[2023-11-04 21:27:48,883] {logging_mixin.py:115} INFO - [2023-11-04 21:27:48,883] {dag.py:2972} INFO - Setting next_dagrun for latest_only to 2023-11-04T17:27:48.883242+00:00, run_after=2023-11-04T21:27:48.883242+00:00
[2023-11-04 21:27:48,899] {processor.py:161} INFO - Processing /home/airflow/.local/lib/python3.7/site-packages/airflow/example_dags/example_latest_only.py took 0.218 seconds
[2023-11-04 21:28:19,128] {processor.py:153} INFO - Started process (PID=1553) to work on /home/airflow/.local/lib/python3.7/site-packages/airflow/example_dags/example_latest_only.py
[2023-11-04 21:28:19,128] {processor.py:641} INFO - Processing file /home/airflow/.local/lib/python3.7/site-packages/airflow/example_dags/example_latest_only.py for tasks to queue
[2023-11-04 21:28:19,129] {logging_mixin.py:115} INFO - [2023-11-04 21:28:19,129] {dagbag.py:508} INFO - Filling up the DagBag from /home/airflow/.local/lib/python3.7/site-packages/airflow/example_dags/example_latest_only.py
[2023-11-04 21:28:19,135] {processor.py:651} INFO - DAG(s) dict_keys(['latest_only']) retrieved from /home/airflow/.local/lib/python3.7/site-packages/airflow/example_dags/example_latest_only.py
[2023-11-04 21:28:19,165] {logging_mixin.py:115} INFO - [2023-11-04 21:28:19,165] {dag.py:2420} INFO - Sync 1 DAGs
[2023-11-04 21:28:19,299] {logging_mixin.py:115} INFO - [2023-11-04 21:28:19,298] {dag.py:2972} INFO - Setting next_dagrun for latest_only to 2023-11-04T17:28:19.298726+00:00, run_after=2023-11-04T21:28:19.298726+00:00
[2023-11-04 21:28:19,311] {processor.py:161} INFO - Processing /home/airflow/.local/lib/python3.7/site-packages/airflow/example_dags/example_latest_only.py took 0.187 seconds
[2023-11-04 21:28:49,775] {processor.py:153} INFO - Started process (PID=1615) to work on /home/airflow/.local/lib/python3.7/site-packages/airflow/example_dags/example_latest_only.py
[2023-11-04 21:28:49,776] {processor.py:641} INFO - Processing file /home/airflow/.local/lib/python3.7/site-packages/airflow/example_dags/example_latest_only.py for tasks to queue
[2023-11-04 21:28:49,776] {logging_mixin.py:115} INFO - [2023-11-04 21:28:49,776] {dagbag.py:508} INFO - Filling up the DagBag from /home/airflow/.local/lib/python3.7/site-packages/airflow/example_dags/example_latest_only.py
[2023-11-04 21:28:49,784] {processor.py:651} INFO - DAG(s) dict_keys(['latest_only']) retrieved from /home/airflow/.local/lib/python3.7/site-packages/airflow/example_dags/example_latest_only.py
[2023-11-04 21:28:49,816] {logging_mixin.py:115} INFO - [2023-11-04 21:28:49,816] {dag.py:2420} INFO - Sync 1 DAGs
[2023-11-04 21:28:49,984] {logging_mixin.py:115} INFO - [2023-11-04 21:28:49,984] {dag.py:2972} INFO - Setting next_dagrun for latest_only to 2023-11-04T17:28:49.984139+00:00, run_after=2023-11-04T21:28:49.984139+00:00
[2023-11-04 21:28:49,998] {processor.py:161} INFO - Processing /home/airflow/.local/lib/python3.7/site-packages/airflow/example_dags/example_latest_only.py took 0.227 seconds
[2023-11-04 21:29:20,288] {processor.py:153} INFO - Started process (PID=1668) to work on /home/airflow/.local/lib/python3.7/site-packages/airflow/example_dags/example_latest_only.py
[2023-11-04 21:29:20,289] {processor.py:641} INFO - Processing file /home/airflow/.local/lib/python3.7/site-packages/airflow/example_dags/example_latest_only.py for tasks to queue
[2023-11-04 21:29:20,290] {logging_mixin.py:115} INFO - [2023-11-04 21:29:20,290] {dagbag.py:508} INFO - Filling up the DagBag from /home/airflow/.local/lib/python3.7/site-packages/airflow/example_dags/example_latest_only.py
[2023-11-04 21:29:20,296] {processor.py:651} INFO - DAG(s) dict_keys(['latest_only']) retrieved from /home/airflow/.local/lib/python3.7/site-packages/airflow/example_dags/example_latest_only.py
[2023-11-04 21:29:20,326] {logging_mixin.py:115} INFO - [2023-11-04 21:29:20,326] {dag.py:2420} INFO - Sync 1 DAGs
[2023-11-04 21:29:20,459] {logging_mixin.py:115} INFO - [2023-11-04 21:29:20,458] {dag.py:2972} INFO - Setting next_dagrun for latest_only to 2023-11-04T17:29:20.458678+00:00, run_after=2023-11-04T21:29:20.458678+00:00
[2023-11-04 21:29:20,471] {processor.py:161} INFO - Processing /home/airflow/.local/lib/python3.7/site-packages/airflow/example_dags/example_latest_only.py took 0.186 seconds
[2023-11-04 21:29:51,043] {processor.py:153} INFO - Started process (PID=1730) to work on /home/airflow/.local/lib/python3.7/site-packages/airflow/example_dags/example_latest_only.py
[2023-11-04 21:29:51,044] {processor.py:641} INFO - Processing file /home/airflow/.local/lib/python3.7/site-packages/airflow/example_dags/example_latest_only.py for tasks to queue
[2023-11-04 21:29:51,044] {logging_mixin.py:115} INFO - [2023-11-04 21:29:51,044] {dagbag.py:508} INFO - Filling up the DagBag from /home/airflow/.local/lib/python3.7/site-packages/airflow/example_dags/example_latest_only.py
[2023-11-04 21:29:51,050] {processor.py:651} INFO - DAG(s) dict_keys(['latest_only']) retrieved from /home/airflow/.local/lib/python3.7/site-packages/airflow/example_dags/example_latest_only.py
[2023-11-04 21:29:51,083] {logging_mixin.py:115} INFO - [2023-11-04 21:29:51,083] {dag.py:2420} INFO - Sync 1 DAGs
[2023-11-04 21:29:51,246] {logging_mixin.py:115} INFO - [2023-11-04 21:29:51,246] {dag.py:2972} INFO - Setting next_dagrun for latest_only to 2023-11-04T17:29:51.246182+00:00, run_after=2023-11-04T21:29:51.246182+00:00
[2023-11-04 21:29:51,260] {processor.py:161} INFO - Processing /home/airflow/.local/lib/python3.7/site-packages/airflow/example_dags/example_latest_only.py took 0.221 seconds
[2023-11-04 21:30:21,692] {processor.py:153} INFO - Started process (PID=1792) to work on /home/airflow/.local/lib/python3.7/site-packages/airflow/example_dags/example_latest_only.py
[2023-11-04 21:30:21,693] {processor.py:641} INFO - Processing file /home/airflow/.local/lib/python3.7/site-packages/airflow/example_dags/example_latest_only.py for tasks to queue
[2023-11-04 21:30:21,694] {logging_mixin.py:115} INFO - [2023-11-04 21:30:21,694] {dagbag.py:508} INFO - Filling up the DagBag from /home/airflow/.local/lib/python3.7/site-packages/airflow/example_dags/example_latest_only.py
[2023-11-04 21:30:21,702] {processor.py:651} INFO - DAG(s) dict_keys(['latest_only']) retrieved from /home/airflow/.local/lib/python3.7/site-packages/airflow/example_dags/example_latest_only.py
[2023-11-04 21:30:21,885] {logging_mixin.py:115} INFO - [2023-11-04 21:30:21,885] {dag.py:2420} INFO - Sync 1 DAGs
[2023-11-04 21:30:21,916] {logging_mixin.py:115} INFO - [2023-11-04 21:30:21,916] {dag.py:2972} INFO - Setting next_dagrun for latest_only to 2023-11-04T17:30:21.915819+00:00, run_after=2023-11-04T21:30:21.915819+00:00
[2023-11-04 21:30:21,931] {processor.py:161} INFO - Processing /home/airflow/.local/lib/python3.7/site-packages/airflow/example_dags/example_latest_only.py took 0.243 seconds
[2023-11-04 21:30:52,429] {processor.py:153} INFO - Started process (PID=1845) to work on /home/airflow/.local/lib/python3.7/site-packages/airflow/example_dags/example_latest_only.py
[2023-11-04 21:30:52,430] {processor.py:641} INFO - Processing file /home/airflow/.local/lib/python3.7/site-packages/airflow/example_dags/example_latest_only.py for tasks to queue
[2023-11-04 21:30:52,431] {logging_mixin.py:115} INFO - [2023-11-04 21:30:52,431] {dagbag.py:508} INFO - Filling up the DagBag from /home/airflow/.local/lib/python3.7/site-packages/airflow/example_dags/example_latest_only.py
[2023-11-04 21:30:52,437] {processor.py:651} INFO - DAG(s) dict_keys(['latest_only']) retrieved from /home/airflow/.local/lib/python3.7/site-packages/airflow/example_dags/example_latest_only.py
[2023-11-04 21:30:52,580] {logging_mixin.py:115} INFO - [2023-11-04 21:30:52,580] {dag.py:2420} INFO - Sync 1 DAGs
[2023-11-04 21:30:52,605] {logging_mixin.py:115} INFO - [2023-11-04 21:30:52,605] {dag.py:2972} INFO - Setting next_dagrun for latest_only to 2023-11-04T17:30:52.605204+00:00, run_after=2023-11-04T21:30:52.605204+00:00
[2023-11-04 21:30:52,617] {processor.py:161} INFO - Processing /home/airflow/.local/lib/python3.7/site-packages/airflow/example_dags/example_latest_only.py took 0.191 seconds
[2023-11-04 21:31:23,201] {processor.py:153} INFO - Started process (PID=1907) to work on /home/airflow/.local/lib/python3.7/site-packages/airflow/example_dags/example_latest_only.py
[2023-11-04 21:31:23,202] {processor.py:641} INFO - Processing file /home/airflow/.local/lib/python3.7/site-packages/airflow/example_dags/example_latest_only.py for tasks to queue
[2023-11-04 21:31:23,203] {logging_mixin.py:115} INFO - [2023-11-04 21:31:23,203] {dagbag.py:508} INFO - Filling up the DagBag from /home/airflow/.local/lib/python3.7/site-packages/airflow/example_dags/example_latest_only.py
[2023-11-04 21:31:23,209] {processor.py:651} INFO - DAG(s) dict_keys(['latest_only']) retrieved from /home/airflow/.local/lib/python3.7/site-packages/airflow/example_dags/example_latest_only.py
[2023-11-04 21:31:23,388] {logging_mixin.py:115} INFO - [2023-11-04 21:31:23,387] {dag.py:2420} INFO - Sync 1 DAGs
[2023-11-04 21:31:23,419] {logging_mixin.py:115} INFO - [2023-11-04 21:31:23,419] {dag.py:2972} INFO - Setting next_dagrun for latest_only to 2023-11-04T17:31:23.419246+00:00, run_after=2023-11-04T21:31:23.419246+00:00
[2023-11-04 21:31:23,434] {processor.py:161} INFO - Processing /home/airflow/.local/lib/python3.7/site-packages/airflow/example_dags/example_latest_only.py took 0.237 seconds
[2023-11-04 21:31:53,967] {processor.py:153} INFO - Started process (PID=1969) to work on /home/airflow/.local/lib/python3.7/site-packages/airflow/example_dags/example_latest_only.py
[2023-11-04 21:31:53,977] {processor.py:641} INFO - Processing file /home/airflow/.local/lib/python3.7/site-packages/airflow/example_dags/example_latest_only.py for tasks to queue
[2023-11-04 21:31:53,983] {logging_mixin.py:115} INFO - [2023-11-04 21:31:53,982] {dagbag.py:508} INFO - Filling up the DagBag from /home/airflow/.local/lib/python3.7/site-packages/airflow/example_dags/example_latest_only.py
[2023-11-04 21:31:54,001] {processor.py:651} INFO - DAG(s) dict_keys(['latest_only']) retrieved from /home/airflow/.local/lib/python3.7/site-packages/airflow/example_dags/example_latest_only.py
[2023-11-04 21:31:54,347] {logging_mixin.py:115} INFO - [2023-11-04 21:31:54,347] {dag.py:2420} INFO - Sync 1 DAGs
[2023-11-04 21:31:54,374] {logging_mixin.py:115} INFO - [2023-11-04 21:31:54,373] {dag.py:2972} INFO - Setting next_dagrun for latest_only to 2023-11-04T17:31:54.373660+00:00, run_after=2023-11-04T21:31:54.373660+00:00
[2023-11-04 21:31:54,388] {processor.py:161} INFO - Processing /home/airflow/.local/lib/python3.7/site-packages/airflow/example_dags/example_latest_only.py took 0.434 seconds
