[2023-11-04 20:57:52,808] {processor.py:153} INFO - Started process (PID=65) to work on /home/airflow/.local/lib/python3.7/site-packages/airflow/example_dags/example_branch_operator.py
[2023-11-04 20:57:52,809] {processor.py:641} INFO - Processing file /home/airflow/.local/lib/python3.7/site-packages/airflow/example_dags/example_branch_operator.py for tasks to queue
[2023-11-04 20:57:52,810] {logging_mixin.py:115} INFO - [2023-11-04 20:57:52,810] {dagbag.py:508} INFO - Filling up the DagBag from /home/airflow/.local/lib/python3.7/site-packages/airflow/example_dags/example_branch_operator.py
[2023-11-04 20:57:52,825] {processor.py:651} INFO - DAG(s) dict_keys(['example_branch_operator']) retrieved from /home/airflow/.local/lib/python3.7/site-packages/airflow/example_dags/example_branch_operator.py
[2023-11-04 20:57:52,949] {logging_mixin.py:115} INFO - [2023-11-04 20:57:52,949] {manager.py:508} INFO - Created Permission View: can delete on DAG:example_branch_operator
[2023-11-04 20:57:52,959] {logging_mixin.py:115} INFO - [2023-11-04 20:57:52,959] {manager.py:508} INFO - Created Permission View: can edit on DAG:example_branch_operator
[2023-11-04 20:57:52,967] {logging_mixin.py:115} INFO - [2023-11-04 20:57:52,967] {manager.py:508} INFO - Created Permission View: can read on DAG:example_branch_operator
[2023-11-04 20:57:52,967] {logging_mixin.py:115} INFO - [2023-11-04 20:57:52,967] {dag.py:2420} INFO - Sync 1 DAGs
[2023-11-04 20:57:52,980] {logging_mixin.py:115} INFO - [2023-11-04 20:57:52,980] {dag.py:2439} INFO - Creating ORM DAG for example_branch_operator
[2023-11-04 20:57:53,003] {logging_mixin.py:115} INFO - [2023-11-04 20:57:53,003] {dag.py:2972} INFO - Setting next_dagrun for example_branch_operator to 2023-11-03T00:00:00+00:00, run_after=2023-11-04T00:00:00+00:00
[2023-11-04 20:57:53,023] {processor.py:161} INFO - Processing /home/airflow/.local/lib/python3.7/site-packages/airflow/example_dags/example_branch_operator.py took 0.219 seconds
[2023-11-04 20:58:23,903] {processor.py:153} INFO - Started process (PID=126) to work on /home/airflow/.local/lib/python3.7/site-packages/airflow/example_dags/example_branch_operator.py
[2023-11-04 20:58:23,905] {processor.py:641} INFO - Processing file /home/airflow/.local/lib/python3.7/site-packages/airflow/example_dags/example_branch_operator.py for tasks to queue
[2023-11-04 20:58:23,906] {logging_mixin.py:115} INFO - [2023-11-04 20:58:23,906] {dagbag.py:508} INFO - Filling up the DagBag from /home/airflow/.local/lib/python3.7/site-packages/airflow/example_dags/example_branch_operator.py
[2023-11-04 20:58:23,928] {processor.py:651} INFO - DAG(s) dict_keys(['example_branch_operator']) retrieved from /home/airflow/.local/lib/python3.7/site-packages/airflow/example_dags/example_branch_operator.py
[2023-11-04 20:58:23,974] {logging_mixin.py:115} INFO - [2023-11-04 20:58:23,974] {dag.py:2420} INFO - Sync 1 DAGs
[2023-11-04 20:58:24,009] {logging_mixin.py:115} INFO - [2023-11-04 20:58:24,009] {dag.py:2972} INFO - Setting next_dagrun for example_branch_operator to 2023-11-03T00:00:00+00:00, run_after=2023-11-04T00:00:00+00:00
[2023-11-04 20:58:24,030] {processor.py:161} INFO - Processing /home/airflow/.local/lib/python3.7/site-packages/airflow/example_dags/example_branch_operator.py took 0.134 seconds
[2023-11-04 20:58:54,275] {processor.py:153} INFO - Started process (PID=194) to work on /home/airflow/.local/lib/python3.7/site-packages/airflow/example_dags/example_branch_operator.py
[2023-11-04 20:58:54,275] {processor.py:641} INFO - Processing file /home/airflow/.local/lib/python3.7/site-packages/airflow/example_dags/example_branch_operator.py for tasks to queue
[2023-11-04 20:58:54,276] {logging_mixin.py:115} INFO - [2023-11-04 20:58:54,276] {dagbag.py:508} INFO - Filling up the DagBag from /home/airflow/.local/lib/python3.7/site-packages/airflow/example_dags/example_branch_operator.py
[2023-11-04 20:58:54,292] {processor.py:651} INFO - DAG(s) dict_keys(['example_branch_operator']) retrieved from /home/airflow/.local/lib/python3.7/site-packages/airflow/example_dags/example_branch_operator.py
[2023-11-04 20:58:54,332] {logging_mixin.py:115} INFO - [2023-11-04 20:58:54,331] {dag.py:2420} INFO - Sync 1 DAGs
[2023-11-04 20:58:54,363] {logging_mixin.py:115} INFO - [2023-11-04 20:58:54,363] {dag.py:2972} INFO - Setting next_dagrun for example_branch_operator to 2023-11-03T00:00:00+00:00, run_after=2023-11-04T00:00:00+00:00
[2023-11-04 20:58:54,379] {processor.py:161} INFO - Processing /home/airflow/.local/lib/python3.7/site-packages/airflow/example_dags/example_branch_operator.py took 0.109 seconds
[2023-11-04 20:59:24,908] {processor.py:153} INFO - Started process (PID=255) to work on /home/airflow/.local/lib/python3.7/site-packages/airflow/example_dags/example_branch_operator.py
[2023-11-04 20:59:24,910] {processor.py:641} INFO - Processing file /home/airflow/.local/lib/python3.7/site-packages/airflow/example_dags/example_branch_operator.py for tasks to queue
[2023-11-04 20:59:24,911] {logging_mixin.py:115} INFO - [2023-11-04 20:59:24,911] {dagbag.py:508} INFO - Filling up the DagBag from /home/airflow/.local/lib/python3.7/site-packages/airflow/example_dags/example_branch_operator.py
[2023-11-04 20:59:24,929] {processor.py:651} INFO - DAG(s) dict_keys(['example_branch_operator']) retrieved from /home/airflow/.local/lib/python3.7/site-packages/airflow/example_dags/example_branch_operator.py
[2023-11-04 20:59:24,959] {logging_mixin.py:115} INFO - [2023-11-04 20:59:24,959] {dag.py:2420} INFO - Sync 1 DAGs
[2023-11-04 20:59:24,984] {logging_mixin.py:115} INFO - [2023-11-04 20:59:24,984] {dag.py:2972} INFO - Setting next_dagrun for example_branch_operator to 2023-11-03T00:00:00+00:00, run_after=2023-11-04T00:00:00+00:00
[2023-11-04 20:59:24,998] {processor.py:161} INFO - Processing /home/airflow/.local/lib/python3.7/site-packages/airflow/example_dags/example_branch_operator.py took 0.094 seconds
[2023-11-04 20:59:55,616] {processor.py:153} INFO - Started process (PID=307) to work on /home/airflow/.local/lib/python3.7/site-packages/airflow/example_dags/example_branch_operator.py
[2023-11-04 20:59:55,617] {processor.py:641} INFO - Processing file /home/airflow/.local/lib/python3.7/site-packages/airflow/example_dags/example_branch_operator.py for tasks to queue
[2023-11-04 20:59:55,619] {logging_mixin.py:115} INFO - [2023-11-04 20:59:55,618] {dagbag.py:508} INFO - Filling up the DagBag from /home/airflow/.local/lib/python3.7/site-packages/airflow/example_dags/example_branch_operator.py
[2023-11-04 20:59:55,635] {processor.py:651} INFO - DAG(s) dict_keys(['example_branch_operator']) retrieved from /home/airflow/.local/lib/python3.7/site-packages/airflow/example_dags/example_branch_operator.py
[2023-11-04 20:59:55,683] {logging_mixin.py:115} INFO - [2023-11-04 20:59:55,683] {dag.py:2420} INFO - Sync 1 DAGs
[2023-11-04 20:59:55,725] {logging_mixin.py:115} INFO - [2023-11-04 20:59:55,725] {dag.py:2972} INFO - Setting next_dagrun for example_branch_operator to 2023-11-03T00:00:00+00:00, run_after=2023-11-04T00:00:00+00:00
[2023-11-04 20:59:55,742] {processor.py:161} INFO - Processing /home/airflow/.local/lib/python3.7/site-packages/airflow/example_dags/example_branch_operator.py took 0.132 seconds
[2023-11-04 21:00:26,557] {processor.py:153} INFO - Started process (PID=368) to work on /home/airflow/.local/lib/python3.7/site-packages/airflow/example_dags/example_branch_operator.py
[2023-11-04 21:00:26,558] {processor.py:641} INFO - Processing file /home/airflow/.local/lib/python3.7/site-packages/airflow/example_dags/example_branch_operator.py for tasks to queue
[2023-11-04 21:00:26,559] {logging_mixin.py:115} INFO - [2023-11-04 21:00:26,559] {dagbag.py:508} INFO - Filling up the DagBag from /home/airflow/.local/lib/python3.7/site-packages/airflow/example_dags/example_branch_operator.py
[2023-11-04 21:00:26,571] {processor.py:651} INFO - DAG(s) dict_keys(['example_branch_operator']) retrieved from /home/airflow/.local/lib/python3.7/site-packages/airflow/example_dags/example_branch_operator.py
[2023-11-04 21:00:26,606] {logging_mixin.py:115} INFO - [2023-11-04 21:00:26,606] {dag.py:2420} INFO - Sync 1 DAGs
[2023-11-04 21:00:26,633] {logging_mixin.py:115} INFO - [2023-11-04 21:00:26,633] {dag.py:2972} INFO - Setting next_dagrun for example_branch_operator to 2023-11-03T00:00:00+00:00, run_after=2023-11-04T00:00:00+00:00
[2023-11-04 21:00:26,646] {processor.py:161} INFO - Processing /home/airflow/.local/lib/python3.7/site-packages/airflow/example_dags/example_branch_operator.py took 0.092 seconds
[2023-11-04 21:00:56,765] {processor.py:153} INFO - Started process (PID=429) to work on /home/airflow/.local/lib/python3.7/site-packages/airflow/example_dags/example_branch_operator.py
[2023-11-04 21:00:56,766] {processor.py:641} INFO - Processing file /home/airflow/.local/lib/python3.7/site-packages/airflow/example_dags/example_branch_operator.py for tasks to queue
[2023-11-04 21:00:56,767] {logging_mixin.py:115} INFO - [2023-11-04 21:00:56,767] {dagbag.py:508} INFO - Filling up the DagBag from /home/airflow/.local/lib/python3.7/site-packages/airflow/example_dags/example_branch_operator.py
[2023-11-04 21:00:56,780] {processor.py:651} INFO - DAG(s) dict_keys(['example_branch_operator']) retrieved from /home/airflow/.local/lib/python3.7/site-packages/airflow/example_dags/example_branch_operator.py
[2023-11-04 21:00:56,810] {logging_mixin.py:115} INFO - [2023-11-04 21:00:56,810] {dag.py:2420} INFO - Sync 1 DAGs
[2023-11-04 21:00:56,838] {logging_mixin.py:115} INFO - [2023-11-04 21:00:56,838] {dag.py:2972} INFO - Setting next_dagrun for example_branch_operator to 2023-11-03T00:00:00+00:00, run_after=2023-11-04T00:00:00+00:00
[2023-11-04 21:00:56,851] {processor.py:161} INFO - Processing /home/airflow/.local/lib/python3.7/site-packages/airflow/example_dags/example_branch_operator.py took 0.089 seconds
[2023-11-04 21:01:27,581] {processor.py:153} INFO - Started process (PID=481) to work on /home/airflow/.local/lib/python3.7/site-packages/airflow/example_dags/example_branch_operator.py
[2023-11-04 21:01:27,581] {processor.py:641} INFO - Processing file /home/airflow/.local/lib/python3.7/site-packages/airflow/example_dags/example_branch_operator.py for tasks to queue
[2023-11-04 21:01:27,582] {logging_mixin.py:115} INFO - [2023-11-04 21:01:27,582] {dagbag.py:508} INFO - Filling up the DagBag from /home/airflow/.local/lib/python3.7/site-packages/airflow/example_dags/example_branch_operator.py
[2023-11-04 21:01:27,594] {processor.py:651} INFO - DAG(s) dict_keys(['example_branch_operator']) retrieved from /home/airflow/.local/lib/python3.7/site-packages/airflow/example_dags/example_branch_operator.py
[2023-11-04 21:01:27,640] {logging_mixin.py:115} INFO - [2023-11-04 21:01:27,640] {dag.py:2420} INFO - Sync 1 DAGs
[2023-11-04 21:01:27,698] {logging_mixin.py:115} INFO - [2023-11-04 21:01:27,697] {dag.py:2972} INFO - Setting next_dagrun for example_branch_operator to 2023-11-03T00:00:00+00:00, run_after=2023-11-04T00:00:00+00:00
[2023-11-04 21:01:27,736] {processor.py:161} INFO - Processing /home/airflow/.local/lib/python3.7/site-packages/airflow/example_dags/example_branch_operator.py took 0.159 seconds
[2023-11-04 21:01:58,292] {processor.py:153} INFO - Started process (PID=542) to work on /home/airflow/.local/lib/python3.7/site-packages/airflow/example_dags/example_branch_operator.py
[2023-11-04 21:01:58,293] {processor.py:641} INFO - Processing file /home/airflow/.local/lib/python3.7/site-packages/airflow/example_dags/example_branch_operator.py for tasks to queue
[2023-11-04 21:01:58,294] {logging_mixin.py:115} INFO - [2023-11-04 21:01:58,294] {dagbag.py:508} INFO - Filling up the DagBag from /home/airflow/.local/lib/python3.7/site-packages/airflow/example_dags/example_branch_operator.py
[2023-11-04 21:01:58,309] {processor.py:651} INFO - DAG(s) dict_keys(['example_branch_operator']) retrieved from /home/airflow/.local/lib/python3.7/site-packages/airflow/example_dags/example_branch_operator.py
[2023-11-04 21:01:58,343] {logging_mixin.py:115} INFO - [2023-11-04 21:01:58,343] {dag.py:2420} INFO - Sync 1 DAGs
[2023-11-04 21:01:58,379] {logging_mixin.py:115} INFO - [2023-11-04 21:01:58,379] {dag.py:2972} INFO - Setting next_dagrun for example_branch_operator to 2023-11-03T00:00:00+00:00, run_after=2023-11-04T00:00:00+00:00
[2023-11-04 21:01:58,397] {processor.py:161} INFO - Processing /home/airflow/.local/lib/python3.7/site-packages/airflow/example_dags/example_branch_operator.py took 0.109 seconds
[2023-11-04 21:02:29,314] {processor.py:153} INFO - Started process (PID=603) to work on /home/airflow/.local/lib/python3.7/site-packages/airflow/example_dags/example_branch_operator.py
[2023-11-04 21:02:29,314] {processor.py:641} INFO - Processing file /home/airflow/.local/lib/python3.7/site-packages/airflow/example_dags/example_branch_operator.py for tasks to queue
[2023-11-04 21:02:29,315] {logging_mixin.py:115} INFO - [2023-11-04 21:02:29,315] {dagbag.py:508} INFO - Filling up the DagBag from /home/airflow/.local/lib/python3.7/site-packages/airflow/example_dags/example_branch_operator.py
[2023-11-04 21:02:29,327] {processor.py:651} INFO - DAG(s) dict_keys(['example_branch_operator']) retrieved from /home/airflow/.local/lib/python3.7/site-packages/airflow/example_dags/example_branch_operator.py
[2023-11-04 21:02:29,359] {logging_mixin.py:115} INFO - [2023-11-04 21:02:29,359] {dag.py:2420} INFO - Sync 1 DAGs
[2023-11-04 21:02:29,396] {logging_mixin.py:115} INFO - [2023-11-04 21:02:29,396] {dag.py:2972} INFO - Setting next_dagrun for example_branch_operator to 2023-11-03T00:00:00+00:00, run_after=2023-11-04T00:00:00+00:00
[2023-11-04 21:02:29,415] {processor.py:161} INFO - Processing /home/airflow/.local/lib/python3.7/site-packages/airflow/example_dags/example_branch_operator.py took 0.105 seconds
[2023-11-04 21:02:59,861] {processor.py:153} INFO - Started process (PID=655) to work on /home/airflow/.local/lib/python3.7/site-packages/airflow/example_dags/example_branch_operator.py
[2023-11-04 21:02:59,861] {processor.py:641} INFO - Processing file /home/airflow/.local/lib/python3.7/site-packages/airflow/example_dags/example_branch_operator.py for tasks to queue
[2023-11-04 21:02:59,862] {logging_mixin.py:115} INFO - [2023-11-04 21:02:59,862] {dagbag.py:508} INFO - Filling up the DagBag from /home/airflow/.local/lib/python3.7/site-packages/airflow/example_dags/example_branch_operator.py
[2023-11-04 21:02:59,875] {processor.py:651} INFO - DAG(s) dict_keys(['example_branch_operator']) retrieved from /home/airflow/.local/lib/python3.7/site-packages/airflow/example_dags/example_branch_operator.py
[2023-11-04 21:02:59,905] {logging_mixin.py:115} INFO - [2023-11-04 21:02:59,905] {dag.py:2420} INFO - Sync 1 DAGs
[2023-11-04 21:02:59,928] {logging_mixin.py:115} INFO - [2023-11-04 21:02:59,928] {dag.py:2972} INFO - Setting next_dagrun for example_branch_operator to 2023-11-03T00:00:00+00:00, run_after=2023-11-04T00:00:00+00:00
[2023-11-04 21:02:59,939] {processor.py:161} INFO - Processing /home/airflow/.local/lib/python3.7/site-packages/airflow/example_dags/example_branch_operator.py took 0.082 seconds
[2023-11-04 21:03:30,071] {processor.py:153} INFO - Started process (PID=716) to work on /home/airflow/.local/lib/python3.7/site-packages/airflow/example_dags/example_branch_operator.py
[2023-11-04 21:03:30,071] {processor.py:641} INFO - Processing file /home/airflow/.local/lib/python3.7/site-packages/airflow/example_dags/example_branch_operator.py for tasks to queue
[2023-11-04 21:03:30,072] {logging_mixin.py:115} INFO - [2023-11-04 21:03:30,072] {dagbag.py:508} INFO - Filling up the DagBag from /home/airflow/.local/lib/python3.7/site-packages/airflow/example_dags/example_branch_operator.py
[2023-11-04 21:03:30,084] {processor.py:651} INFO - DAG(s) dict_keys(['example_branch_operator']) retrieved from /home/airflow/.local/lib/python3.7/site-packages/airflow/example_dags/example_branch_operator.py
[2023-11-04 21:03:30,110] {logging_mixin.py:115} INFO - [2023-11-04 21:03:30,110] {dag.py:2420} INFO - Sync 1 DAGs
[2023-11-04 21:03:30,133] {logging_mixin.py:115} INFO - [2023-11-04 21:03:30,133] {dag.py:2972} INFO - Setting next_dagrun for example_branch_operator to 2023-11-03T00:00:00+00:00, run_after=2023-11-04T00:00:00+00:00
[2023-11-04 21:03:30,147] {processor.py:161} INFO - Processing /home/airflow/.local/lib/python3.7/site-packages/airflow/example_dags/example_branch_operator.py took 0.080 seconds
[2023-11-04 21:04:00,278] {processor.py:153} INFO - Started process (PID=768) to work on /home/airflow/.local/lib/python3.7/site-packages/airflow/example_dags/example_branch_operator.py
[2023-11-04 21:04:00,279] {processor.py:641} INFO - Processing file /home/airflow/.local/lib/python3.7/site-packages/airflow/example_dags/example_branch_operator.py for tasks to queue
[2023-11-04 21:04:00,280] {logging_mixin.py:115} INFO - [2023-11-04 21:04:00,280] {dagbag.py:508} INFO - Filling up the DagBag from /home/airflow/.local/lib/python3.7/site-packages/airflow/example_dags/example_branch_operator.py
[2023-11-04 21:04:00,294] {processor.py:651} INFO - DAG(s) dict_keys(['example_branch_operator']) retrieved from /home/airflow/.local/lib/python3.7/site-packages/airflow/example_dags/example_branch_operator.py
[2023-11-04 21:04:00,334] {logging_mixin.py:115} INFO - [2023-11-04 21:04:00,334] {dag.py:2420} INFO - Sync 1 DAGs
[2023-11-04 21:04:00,364] {logging_mixin.py:115} INFO - [2023-11-04 21:04:00,364] {dag.py:2972} INFO - Setting next_dagrun for example_branch_operator to 2023-11-03T00:00:00+00:00, run_after=2023-11-04T00:00:00+00:00
[2023-11-04 21:04:00,379] {processor.py:161} INFO - Processing /home/airflow/.local/lib/python3.7/site-packages/airflow/example_dags/example_branch_operator.py took 0.107 seconds
[2023-11-04 21:04:30,531] {processor.py:153} INFO - Started process (PID=829) to work on /home/airflow/.local/lib/python3.7/site-packages/airflow/example_dags/example_branch_operator.py
[2023-11-04 21:04:30,534] {processor.py:641} INFO - Processing file /home/airflow/.local/lib/python3.7/site-packages/airflow/example_dags/example_branch_operator.py for tasks to queue
[2023-11-04 21:04:30,535] {logging_mixin.py:115} INFO - [2023-11-04 21:04:30,535] {dagbag.py:508} INFO - Filling up the DagBag from /home/airflow/.local/lib/python3.7/site-packages/airflow/example_dags/example_branch_operator.py
[2023-11-04 21:04:30,550] {processor.py:651} INFO - DAG(s) dict_keys(['example_branch_operator']) retrieved from /home/airflow/.local/lib/python3.7/site-packages/airflow/example_dags/example_branch_operator.py
[2023-11-04 21:04:30,585] {logging_mixin.py:115} INFO - [2023-11-04 21:04:30,584] {dag.py:2420} INFO - Sync 1 DAGs
[2023-11-04 21:04:30,623] {logging_mixin.py:115} INFO - [2023-11-04 21:04:30,623] {dag.py:2972} INFO - Setting next_dagrun for example_branch_operator to 2023-11-03T00:00:00+00:00, run_after=2023-11-04T00:00:00+00:00
[2023-11-04 21:04:30,644] {processor.py:161} INFO - Processing /home/airflow/.local/lib/python3.7/site-packages/airflow/example_dags/example_branch_operator.py took 0.117 seconds
[2023-11-04 21:05:01,539] {processor.py:153} INFO - Started process (PID=890) to work on /home/airflow/.local/lib/python3.7/site-packages/airflow/example_dags/example_branch_operator.py
[2023-11-04 21:05:01,540] {processor.py:641} INFO - Processing file /home/airflow/.local/lib/python3.7/site-packages/airflow/example_dags/example_branch_operator.py for tasks to queue
[2023-11-04 21:05:01,542] {logging_mixin.py:115} INFO - [2023-11-04 21:05:01,542] {dagbag.py:508} INFO - Filling up the DagBag from /home/airflow/.local/lib/python3.7/site-packages/airflow/example_dags/example_branch_operator.py
[2023-11-04 21:05:01,556] {processor.py:651} INFO - DAG(s) dict_keys(['example_branch_operator']) retrieved from /home/airflow/.local/lib/python3.7/site-packages/airflow/example_dags/example_branch_operator.py
[2023-11-04 21:05:01,585] {logging_mixin.py:115} INFO - [2023-11-04 21:05:01,585] {dag.py:2420} INFO - Sync 1 DAGs
[2023-11-04 21:05:01,613] {logging_mixin.py:115} INFO - [2023-11-04 21:05:01,613] {dag.py:2972} INFO - Setting next_dagrun for example_branch_operator to 2023-11-03T00:00:00+00:00, run_after=2023-11-04T00:00:00+00:00
[2023-11-04 21:05:01,660] {processor.py:161} INFO - Processing /home/airflow/.local/lib/python3.7/site-packages/airflow/example_dags/example_branch_operator.py took 0.127 seconds
[2023-11-04 21:05:32,493] {processor.py:153} INFO - Started process (PID=942) to work on /home/airflow/.local/lib/python3.7/site-packages/airflow/example_dags/example_branch_operator.py
[2023-11-04 21:05:32,494] {processor.py:641} INFO - Processing file /home/airflow/.local/lib/python3.7/site-packages/airflow/example_dags/example_branch_operator.py for tasks to queue
[2023-11-04 21:05:32,496] {logging_mixin.py:115} INFO - [2023-11-04 21:05:32,496] {dagbag.py:508} INFO - Filling up the DagBag from /home/airflow/.local/lib/python3.7/site-packages/airflow/example_dags/example_branch_operator.py
[2023-11-04 21:05:32,515] {processor.py:651} INFO - DAG(s) dict_keys(['example_branch_operator']) retrieved from /home/airflow/.local/lib/python3.7/site-packages/airflow/example_dags/example_branch_operator.py
[2023-11-04 21:05:32,571] {logging_mixin.py:115} INFO - [2023-11-04 21:05:32,570] {dag.py:2420} INFO - Sync 1 DAGs
[2023-11-04 21:05:32,632] {logging_mixin.py:115} INFO - [2023-11-04 21:05:32,632] {dag.py:2972} INFO - Setting next_dagrun for example_branch_operator to 2023-11-03T00:00:00+00:00, run_after=2023-11-04T00:00:00+00:00
[2023-11-04 21:05:32,669] {processor.py:161} INFO - Processing /home/airflow/.local/lib/python3.7/site-packages/airflow/example_dags/example_branch_operator.py took 0.184 seconds
[2023-11-04 21:06:15,104] {processor.py:153} INFO - Started process (PID=65) to work on /home/airflow/.local/lib/python3.7/site-packages/airflow/example_dags/example_branch_operator.py
[2023-11-04 21:06:15,123] {processor.py:641} INFO - Processing file /home/airflow/.local/lib/python3.7/site-packages/airflow/example_dags/example_branch_operator.py for tasks to queue
[2023-11-04 21:06:15,125] {logging_mixin.py:115} INFO - [2023-11-04 21:06:15,125] {dagbag.py:508} INFO - Filling up the DagBag from /home/airflow/.local/lib/python3.7/site-packages/airflow/example_dags/example_branch_operator.py
[2023-11-04 21:06:15,148] {processor.py:651} INFO - DAG(s) dict_keys(['example_branch_operator']) retrieved from /home/airflow/.local/lib/python3.7/site-packages/airflow/example_dags/example_branch_operator.py
[2023-11-04 21:06:15,206] {logging_mixin.py:115} INFO - [2023-11-04 21:06:15,206] {dag.py:2420} INFO - Sync 1 DAGs
[2023-11-04 21:06:15,527] {logging_mixin.py:115} INFO - [2023-11-04 21:06:15,527] {dag.py:2972} INFO - Setting next_dagrun for example_branch_operator to 2023-11-03T00:00:00+00:00, run_after=2023-11-04T00:00:00+00:00
[2023-11-04 21:06:15,580] {processor.py:161} INFO - Processing /home/airflow/.local/lib/python3.7/site-packages/airflow/example_dags/example_branch_operator.py took 0.483 seconds
[2023-11-04 21:06:45,684] {processor.py:153} INFO - Started process (PID=118) to work on /home/airflow/.local/lib/python3.7/site-packages/airflow/example_dags/example_branch_operator.py
[2023-11-04 21:06:45,685] {processor.py:641} INFO - Processing file /home/airflow/.local/lib/python3.7/site-packages/airflow/example_dags/example_branch_operator.py for tasks to queue
[2023-11-04 21:06:45,686] {logging_mixin.py:115} INFO - [2023-11-04 21:06:45,686] {dagbag.py:508} INFO - Filling up the DagBag from /home/airflow/.local/lib/python3.7/site-packages/airflow/example_dags/example_branch_operator.py
[2023-11-04 21:06:45,702] {processor.py:651} INFO - DAG(s) dict_keys(['example_branch_operator']) retrieved from /home/airflow/.local/lib/python3.7/site-packages/airflow/example_dags/example_branch_operator.py
[2023-11-04 21:06:45,741] {logging_mixin.py:115} INFO - [2023-11-04 21:06:45,741] {dag.py:2420} INFO - Sync 1 DAGs
[2023-11-04 21:06:45,891] {logging_mixin.py:115} INFO - [2023-11-04 21:06:45,891] {dag.py:2972} INFO - Setting next_dagrun for example_branch_operator to 2023-11-03T00:00:00+00:00, run_after=2023-11-04T00:00:00+00:00
[2023-11-04 21:06:45,903] {processor.py:161} INFO - Processing /home/airflow/.local/lib/python3.7/site-packages/airflow/example_dags/example_branch_operator.py took 0.224 seconds
[2023-11-04 21:07:16,201] {processor.py:153} INFO - Started process (PID=180) to work on /home/airflow/.local/lib/python3.7/site-packages/airflow/example_dags/example_branch_operator.py
[2023-11-04 21:07:16,203] {processor.py:641} INFO - Processing file /home/airflow/.local/lib/python3.7/site-packages/airflow/example_dags/example_branch_operator.py for tasks to queue
[2023-11-04 21:07:16,203] {logging_mixin.py:115} INFO - [2023-11-04 21:07:16,203] {dagbag.py:508} INFO - Filling up the DagBag from /home/airflow/.local/lib/python3.7/site-packages/airflow/example_dags/example_branch_operator.py
[2023-11-04 21:07:16,215] {processor.py:651} INFO - DAG(s) dict_keys(['example_branch_operator']) retrieved from /home/airflow/.local/lib/python3.7/site-packages/airflow/example_dags/example_branch_operator.py
[2023-11-04 21:07:16,245] {logging_mixin.py:115} INFO - [2023-11-04 21:07:16,245] {dag.py:2420} INFO - Sync 1 DAGs
[2023-11-04 21:07:16,380] {logging_mixin.py:115} INFO - [2023-11-04 21:07:16,380] {dag.py:2972} INFO - Setting next_dagrun for example_branch_operator to 2023-11-03T00:00:00+00:00, run_after=2023-11-04T00:00:00+00:00
[2023-11-04 21:07:16,393] {processor.py:161} INFO - Processing /home/airflow/.local/lib/python3.7/site-packages/airflow/example_dags/example_branch_operator.py took 0.195 seconds
[2023-11-04 21:07:46,753] {processor.py:153} INFO - Started process (PID=242) to work on /home/airflow/.local/lib/python3.7/site-packages/airflow/example_dags/example_branch_operator.py
[2023-11-04 21:07:46,754] {processor.py:641} INFO - Processing file /home/airflow/.local/lib/python3.7/site-packages/airflow/example_dags/example_branch_operator.py for tasks to queue
[2023-11-04 21:07:46,755] {logging_mixin.py:115} INFO - [2023-11-04 21:07:46,755] {dagbag.py:508} INFO - Filling up the DagBag from /home/airflow/.local/lib/python3.7/site-packages/airflow/example_dags/example_branch_operator.py
[2023-11-04 21:07:46,768] {processor.py:651} INFO - DAG(s) dict_keys(['example_branch_operator']) retrieved from /home/airflow/.local/lib/python3.7/site-packages/airflow/example_dags/example_branch_operator.py
[2023-11-04 21:07:46,806] {logging_mixin.py:115} INFO - [2023-11-04 21:07:46,806] {dag.py:2420} INFO - Sync 1 DAGs
[2023-11-04 21:07:46,943] {logging_mixin.py:115} INFO - [2023-11-04 21:07:46,943] {dag.py:2972} INFO - Setting next_dagrun for example_branch_operator to 2023-11-03T00:00:00+00:00, run_after=2023-11-04T00:00:00+00:00
[2023-11-04 21:07:46,956] {processor.py:161} INFO - Processing /home/airflow/.local/lib/python3.7/site-packages/airflow/example_dags/example_branch_operator.py took 0.206 seconds
[2023-11-04 21:08:17,177] {processor.py:153} INFO - Started process (PID=295) to work on /home/airflow/.local/lib/python3.7/site-packages/airflow/example_dags/example_branch_operator.py
[2023-11-04 21:08:17,191] {processor.py:641} INFO - Processing file /home/airflow/.local/lib/python3.7/site-packages/airflow/example_dags/example_branch_operator.py for tasks to queue
[2023-11-04 21:08:17,192] {logging_mixin.py:115} INFO - [2023-11-04 21:08:17,192] {dagbag.py:508} INFO - Filling up the DagBag from /home/airflow/.local/lib/python3.7/site-packages/airflow/example_dags/example_branch_operator.py
[2023-11-04 21:08:17,204] {processor.py:651} INFO - DAG(s) dict_keys(['example_branch_operator']) retrieved from /home/airflow/.local/lib/python3.7/site-packages/airflow/example_dags/example_branch_operator.py
[2023-11-04 21:08:17,233] {logging_mixin.py:115} INFO - [2023-11-04 21:08:17,232] {dag.py:2420} INFO - Sync 1 DAGs
[2023-11-04 21:08:17,356] {logging_mixin.py:115} INFO - [2023-11-04 21:08:17,355] {dag.py:2972} INFO - Setting next_dagrun for example_branch_operator to 2023-11-03T00:00:00+00:00, run_after=2023-11-04T00:00:00+00:00
[2023-11-04 21:08:17,368] {processor.py:161} INFO - Processing /home/airflow/.local/lib/python3.7/site-packages/airflow/example_dags/example_branch_operator.py took 0.195 seconds
[2023-11-04 21:08:47,579] {processor.py:153} INFO - Started process (PID=358) to work on /home/airflow/.local/lib/python3.7/site-packages/airflow/example_dags/example_branch_operator.py
[2023-11-04 21:08:47,580] {processor.py:641} INFO - Processing file /home/airflow/.local/lib/python3.7/site-packages/airflow/example_dags/example_branch_operator.py for tasks to queue
[2023-11-04 21:08:47,582] {logging_mixin.py:115} INFO - [2023-11-04 21:08:47,581] {dagbag.py:508} INFO - Filling up the DagBag from /home/airflow/.local/lib/python3.7/site-packages/airflow/example_dags/example_branch_operator.py
[2023-11-04 21:08:47,597] {processor.py:651} INFO - DAG(s) dict_keys(['example_branch_operator']) retrieved from /home/airflow/.local/lib/python3.7/site-packages/airflow/example_dags/example_branch_operator.py
[2023-11-04 21:08:47,638] {logging_mixin.py:115} INFO - [2023-11-04 21:08:47,638] {dag.py:2420} INFO - Sync 1 DAGs
[2023-11-04 21:08:47,794] {logging_mixin.py:115} INFO - [2023-11-04 21:08:47,794] {dag.py:2972} INFO - Setting next_dagrun for example_branch_operator to 2023-11-03T00:00:00+00:00, run_after=2023-11-04T00:00:00+00:00
[2023-11-04 21:08:47,807] {processor.py:161} INFO - Processing /home/airflow/.local/lib/python3.7/site-packages/airflow/example_dags/example_branch_operator.py took 0.233 seconds
[2023-11-04 21:09:17,983] {processor.py:153} INFO - Started process (PID=420) to work on /home/airflow/.local/lib/python3.7/site-packages/airflow/example_dags/example_branch_operator.py
[2023-11-04 21:09:17,983] {processor.py:641} INFO - Processing file /home/airflow/.local/lib/python3.7/site-packages/airflow/example_dags/example_branch_operator.py for tasks to queue
[2023-11-04 21:09:17,984] {logging_mixin.py:115} INFO - [2023-11-04 21:09:17,984] {dagbag.py:508} INFO - Filling up the DagBag from /home/airflow/.local/lib/python3.7/site-packages/airflow/example_dags/example_branch_operator.py
[2023-11-04 21:09:17,996] {processor.py:651} INFO - DAG(s) dict_keys(['example_branch_operator']) retrieved from /home/airflow/.local/lib/python3.7/site-packages/airflow/example_dags/example_branch_operator.py
[2023-11-04 21:09:18,025] {logging_mixin.py:115} INFO - [2023-11-04 21:09:18,025] {dag.py:2420} INFO - Sync 1 DAGs
[2023-11-04 21:09:18,163] {logging_mixin.py:115} INFO - [2023-11-04 21:09:18,163] {dag.py:2972} INFO - Setting next_dagrun for example_branch_operator to 2023-11-03T00:00:00+00:00, run_after=2023-11-04T00:00:00+00:00
[2023-11-04 21:09:18,175] {processor.py:161} INFO - Processing /home/airflow/.local/lib/python3.7/site-packages/airflow/example_dags/example_branch_operator.py took 0.196 seconds
[2023-11-04 21:09:48,670] {processor.py:153} INFO - Started process (PID=473) to work on /home/airflow/.local/lib/python3.7/site-packages/airflow/example_dags/example_branch_operator.py
[2023-11-04 21:09:48,671] {processor.py:641} INFO - Processing file /home/airflow/.local/lib/python3.7/site-packages/airflow/example_dags/example_branch_operator.py for tasks to queue
[2023-11-04 21:09:48,672] {logging_mixin.py:115} INFO - [2023-11-04 21:09:48,672] {dagbag.py:508} INFO - Filling up the DagBag from /home/airflow/.local/lib/python3.7/site-packages/airflow/example_dags/example_branch_operator.py
[2023-11-04 21:09:48,684] {processor.py:651} INFO - DAG(s) dict_keys(['example_branch_operator']) retrieved from /home/airflow/.local/lib/python3.7/site-packages/airflow/example_dags/example_branch_operator.py
[2023-11-04 21:09:48,714] {logging_mixin.py:115} INFO - [2023-11-04 21:09:48,714] {dag.py:2420} INFO - Sync 1 DAGs
[2023-11-04 21:09:48,866] {logging_mixin.py:115} INFO - [2023-11-04 21:09:48,866] {dag.py:2972} INFO - Setting next_dagrun for example_branch_operator to 2023-11-03T00:00:00+00:00, run_after=2023-11-04T00:00:00+00:00
[2023-11-04 21:09:48,880] {processor.py:161} INFO - Processing /home/airflow/.local/lib/python3.7/site-packages/airflow/example_dags/example_branch_operator.py took 0.213 seconds
[2023-11-04 21:10:19,510] {processor.py:153} INFO - Started process (PID=535) to work on /home/airflow/.local/lib/python3.7/site-packages/airflow/example_dags/example_branch_operator.py
[2023-11-04 21:10:19,511] {processor.py:641} INFO - Processing file /home/airflow/.local/lib/python3.7/site-packages/airflow/example_dags/example_branch_operator.py for tasks to queue
[2023-11-04 21:10:19,512] {logging_mixin.py:115} INFO - [2023-11-04 21:10:19,512] {dagbag.py:508} INFO - Filling up the DagBag from /home/airflow/.local/lib/python3.7/site-packages/airflow/example_dags/example_branch_operator.py
[2023-11-04 21:10:19,524] {processor.py:651} INFO - DAG(s) dict_keys(['example_branch_operator']) retrieved from /home/airflow/.local/lib/python3.7/site-packages/airflow/example_dags/example_branch_operator.py
[2023-11-04 21:10:19,556] {logging_mixin.py:115} INFO - [2023-11-04 21:10:19,556] {dag.py:2420} INFO - Sync 1 DAGs
[2023-11-04 21:10:19,713] {logging_mixin.py:115} INFO - [2023-11-04 21:10:19,713] {dag.py:2972} INFO - Setting next_dagrun for example_branch_operator to 2023-11-03T00:00:00+00:00, run_after=2023-11-04T00:00:00+00:00
[2023-11-04 21:10:19,731] {processor.py:161} INFO - Processing /home/airflow/.local/lib/python3.7/site-packages/airflow/example_dags/example_branch_operator.py took 0.225 seconds
[2023-11-04 21:10:49,942] {processor.py:153} INFO - Started process (PID=597) to work on /home/airflow/.local/lib/python3.7/site-packages/airflow/example_dags/example_branch_operator.py
[2023-11-04 21:10:49,943] {processor.py:641} INFO - Processing file /home/airflow/.local/lib/python3.7/site-packages/airflow/example_dags/example_branch_operator.py for tasks to queue
[2023-11-04 21:10:49,944] {logging_mixin.py:115} INFO - [2023-11-04 21:10:49,944] {dagbag.py:508} INFO - Filling up the DagBag from /home/airflow/.local/lib/python3.7/site-packages/airflow/example_dags/example_branch_operator.py
[2023-11-04 21:10:49,960] {processor.py:651} INFO - DAG(s) dict_keys(['example_branch_operator']) retrieved from /home/airflow/.local/lib/python3.7/site-packages/airflow/example_dags/example_branch_operator.py
[2023-11-04 21:10:50,004] {logging_mixin.py:115} INFO - [2023-11-04 21:10:50,004] {dag.py:2420} INFO - Sync 1 DAGs
[2023-11-04 21:10:50,163] {logging_mixin.py:115} INFO - [2023-11-04 21:10:50,163] {dag.py:2972} INFO - Setting next_dagrun for example_branch_operator to 2023-11-03T00:00:00+00:00, run_after=2023-11-04T00:00:00+00:00
[2023-11-04 21:10:50,177] {processor.py:161} INFO - Processing /home/airflow/.local/lib/python3.7/site-packages/airflow/example_dags/example_branch_operator.py took 0.240 seconds
[2023-11-04 21:11:20,663] {processor.py:153} INFO - Started process (PID=650) to work on /home/airflow/.local/lib/python3.7/site-packages/airflow/example_dags/example_branch_operator.py
[2023-11-04 21:11:20,664] {processor.py:641} INFO - Processing file /home/airflow/.local/lib/python3.7/site-packages/airflow/example_dags/example_branch_operator.py for tasks to queue
[2023-11-04 21:11:20,665] {logging_mixin.py:115} INFO - [2023-11-04 21:11:20,665] {dagbag.py:508} INFO - Filling up the DagBag from /home/airflow/.local/lib/python3.7/site-packages/airflow/example_dags/example_branch_operator.py
[2023-11-04 21:11:20,678] {processor.py:651} INFO - DAG(s) dict_keys(['example_branch_operator']) retrieved from /home/airflow/.local/lib/python3.7/site-packages/airflow/example_dags/example_branch_operator.py
[2023-11-04 21:11:20,709] {logging_mixin.py:115} INFO - [2023-11-04 21:11:20,709] {dag.py:2420} INFO - Sync 1 DAGs
[2023-11-04 21:11:20,852] {logging_mixin.py:115} INFO - [2023-11-04 21:11:20,851] {dag.py:2972} INFO - Setting next_dagrun for example_branch_operator to 2023-11-03T00:00:00+00:00, run_after=2023-11-04T00:00:00+00:00
[2023-11-04 21:11:20,867] {processor.py:161} INFO - Processing /home/airflow/.local/lib/python3.7/site-packages/airflow/example_dags/example_branch_operator.py took 0.208 seconds
[2023-11-04 21:11:51,140] {processor.py:153} INFO - Started process (PID=712) to work on /home/airflow/.local/lib/python3.7/site-packages/airflow/example_dags/example_branch_operator.py
[2023-11-04 21:11:51,141] {processor.py:641} INFO - Processing file /home/airflow/.local/lib/python3.7/site-packages/airflow/example_dags/example_branch_operator.py for tasks to queue
[2023-11-04 21:11:51,141] {logging_mixin.py:115} INFO - [2023-11-04 21:11:51,141] {dagbag.py:508} INFO - Filling up the DagBag from /home/airflow/.local/lib/python3.7/site-packages/airflow/example_dags/example_branch_operator.py
[2023-11-04 21:11:51,155] {processor.py:651} INFO - DAG(s) dict_keys(['example_branch_operator']) retrieved from /home/airflow/.local/lib/python3.7/site-packages/airflow/example_dags/example_branch_operator.py
[2023-11-04 21:11:51,186] {logging_mixin.py:115} INFO - [2023-11-04 21:11:51,185] {dag.py:2420} INFO - Sync 1 DAGs
[2023-11-04 21:11:51,316] {logging_mixin.py:115} INFO - [2023-11-04 21:11:51,316] {dag.py:2972} INFO - Setting next_dagrun for example_branch_operator to 2023-11-03T00:00:00+00:00, run_after=2023-11-04T00:00:00+00:00
[2023-11-04 21:11:51,327] {processor.py:161} INFO - Processing /home/airflow/.local/lib/python3.7/site-packages/airflow/example_dags/example_branch_operator.py took 0.192 seconds
[2023-11-04 21:12:22,164] {processor.py:153} INFO - Started process (PID=774) to work on /home/airflow/.local/lib/python3.7/site-packages/airflow/example_dags/example_branch_operator.py
[2023-11-04 21:12:22,165] {processor.py:641} INFO - Processing file /home/airflow/.local/lib/python3.7/site-packages/airflow/example_dags/example_branch_operator.py for tasks to queue
[2023-11-04 21:12:22,167] {logging_mixin.py:115} INFO - [2023-11-04 21:12:22,167] {dagbag.py:508} INFO - Filling up the DagBag from /home/airflow/.local/lib/python3.7/site-packages/airflow/example_dags/example_branch_operator.py
[2023-11-04 21:12:22,194] {processor.py:651} INFO - DAG(s) dict_keys(['example_branch_operator']) retrieved from /home/airflow/.local/lib/python3.7/site-packages/airflow/example_dags/example_branch_operator.py
[2023-11-04 21:12:22,260] {logging_mixin.py:115} INFO - [2023-11-04 21:12:22,259] {dag.py:2420} INFO - Sync 1 DAGs
[2023-11-04 21:12:22,496] {logging_mixin.py:115} INFO - [2023-11-04 21:12:22,496] {dag.py:2972} INFO - Setting next_dagrun for example_branch_operator to 2023-11-03T00:00:00+00:00, run_after=2023-11-04T00:00:00+00:00
[2023-11-04 21:12:22,530] {processor.py:161} INFO - Processing /home/airflow/.local/lib/python3.7/site-packages/airflow/example_dags/example_branch_operator.py took 0.373 seconds
[2023-11-04 21:12:53,009] {processor.py:153} INFO - Started process (PID=827) to work on /home/airflow/.local/lib/python3.7/site-packages/airflow/example_dags/example_branch_operator.py
[2023-11-04 21:12:53,010] {processor.py:641} INFO - Processing file /home/airflow/.local/lib/python3.7/site-packages/airflow/example_dags/example_branch_operator.py for tasks to queue
[2023-11-04 21:12:53,012] {logging_mixin.py:115} INFO - [2023-11-04 21:12:53,012] {dagbag.py:508} INFO - Filling up the DagBag from /home/airflow/.local/lib/python3.7/site-packages/airflow/example_dags/example_branch_operator.py
[2023-11-04 21:12:53,054] {processor.py:651} INFO - DAG(s) dict_keys(['example_branch_operator']) retrieved from /home/airflow/.local/lib/python3.7/site-packages/airflow/example_dags/example_branch_operator.py
[2023-11-04 21:12:53,142] {logging_mixin.py:115} INFO - [2023-11-04 21:12:53,142] {dag.py:2420} INFO - Sync 1 DAGs
[2023-11-04 21:12:53,420] {logging_mixin.py:115} INFO - [2023-11-04 21:12:53,420] {dag.py:2972} INFO - Setting next_dagrun for example_branch_operator to 2023-11-03T00:00:00+00:00, run_after=2023-11-04T00:00:00+00:00
[2023-11-04 21:12:53,448] {processor.py:161} INFO - Processing /home/airflow/.local/lib/python3.7/site-packages/airflow/example_dags/example_branch_operator.py took 0.448 seconds
[2023-11-04 21:13:24,274] {processor.py:153} INFO - Started process (PID=880) to work on /home/airflow/.local/lib/python3.7/site-packages/airflow/example_dags/example_branch_operator.py
[2023-11-04 21:13:24,275] {processor.py:641} INFO - Processing file /home/airflow/.local/lib/python3.7/site-packages/airflow/example_dags/example_branch_operator.py for tasks to queue
[2023-11-04 21:13:24,277] {logging_mixin.py:115} INFO - [2023-11-04 21:13:24,277] {dagbag.py:508} INFO - Filling up the DagBag from /home/airflow/.local/lib/python3.7/site-packages/airflow/example_dags/example_branch_operator.py
[2023-11-04 21:13:24,300] {processor.py:651} INFO - DAG(s) dict_keys(['example_branch_operator']) retrieved from /home/airflow/.local/lib/python3.7/site-packages/airflow/example_dags/example_branch_operator.py
[2023-11-04 21:13:24,361] {logging_mixin.py:115} INFO - [2023-11-04 21:13:24,360] {dag.py:2420} INFO - Sync 1 DAGs
[2023-11-04 21:13:24,576] {logging_mixin.py:115} INFO - [2023-11-04 21:13:24,575] {dag.py:2972} INFO - Setting next_dagrun for example_branch_operator to 2023-11-03T00:00:00+00:00, run_after=2023-11-04T00:00:00+00:00
[2023-11-04 21:13:24,631] {processor.py:161} INFO - Processing /home/airflow/.local/lib/python3.7/site-packages/airflow/example_dags/example_branch_operator.py took 0.363 seconds
[2023-11-04 21:15:24,067] {processor.py:153} INFO - Started process (PID=65) to work on /home/airflow/.local/lib/python3.7/site-packages/airflow/example_dags/example_branch_operator.py
[2023-11-04 21:15:24,070] {processor.py:641} INFO - Processing file /home/airflow/.local/lib/python3.7/site-packages/airflow/example_dags/example_branch_operator.py for tasks to queue
[2023-11-04 21:15:24,074] {logging_mixin.py:115} INFO - [2023-11-04 21:15:24,073] {dagbag.py:508} INFO - Filling up the DagBag from /home/airflow/.local/lib/python3.7/site-packages/airflow/example_dags/example_branch_operator.py
[2023-11-04 21:15:24,113] {processor.py:651} INFO - DAG(s) dict_keys(['example_branch_operator']) retrieved from /home/airflow/.local/lib/python3.7/site-packages/airflow/example_dags/example_branch_operator.py
[2023-11-04 21:15:24,208] {logging_mixin.py:115} INFO - [2023-11-04 21:15:24,208] {dag.py:2420} INFO - Sync 1 DAGs
[2023-11-04 21:15:24,537] {logging_mixin.py:115} INFO - [2023-11-04 21:15:24,537] {dag.py:2972} INFO - Setting next_dagrun for example_branch_operator to 2023-11-03T00:00:00+00:00, run_after=2023-11-04T00:00:00+00:00
[2023-11-04 21:15:24,570] {processor.py:161} INFO - Processing /home/airflow/.local/lib/python3.7/site-packages/airflow/example_dags/example_branch_operator.py took 0.521 seconds
[2023-11-04 21:15:55,043] {processor.py:153} INFO - Started process (PID=118) to work on /home/airflow/.local/lib/python3.7/site-packages/airflow/example_dags/example_branch_operator.py
[2023-11-04 21:15:55,044] {processor.py:641} INFO - Processing file /home/airflow/.local/lib/python3.7/site-packages/airflow/example_dags/example_branch_operator.py for tasks to queue
[2023-11-04 21:15:55,046] {logging_mixin.py:115} INFO - [2023-11-04 21:15:55,046] {dagbag.py:508} INFO - Filling up the DagBag from /home/airflow/.local/lib/python3.7/site-packages/airflow/example_dags/example_branch_operator.py
[2023-11-04 21:15:55,080] {processor.py:651} INFO - DAG(s) dict_keys(['example_branch_operator']) retrieved from /home/airflow/.local/lib/python3.7/site-packages/airflow/example_dags/example_branch_operator.py
[2023-11-04 21:15:55,159] {logging_mixin.py:115} INFO - [2023-11-04 21:15:55,159] {dag.py:2420} INFO - Sync 1 DAGs
[2023-11-04 21:15:55,441] {logging_mixin.py:115} INFO - [2023-11-04 21:15:55,440] {dag.py:2972} INFO - Setting next_dagrun for example_branch_operator to 2023-11-03T00:00:00+00:00, run_after=2023-11-04T00:00:00+00:00
[2023-11-04 21:15:55,468] {processor.py:161} INFO - Processing /home/airflow/.local/lib/python3.7/site-packages/airflow/example_dags/example_branch_operator.py took 0.432 seconds
[2023-11-04 21:16:25,860] {processor.py:153} INFO - Started process (PID=180) to work on /home/airflow/.local/lib/python3.7/site-packages/airflow/example_dags/example_branch_operator.py
[2023-11-04 21:16:25,863] {processor.py:641} INFO - Processing file /home/airflow/.local/lib/python3.7/site-packages/airflow/example_dags/example_branch_operator.py for tasks to queue
[2023-11-04 21:16:25,865] {logging_mixin.py:115} INFO - [2023-11-04 21:16:25,865] {dagbag.py:508} INFO - Filling up the DagBag from /home/airflow/.local/lib/python3.7/site-packages/airflow/example_dags/example_branch_operator.py
[2023-11-04 21:16:25,901] {processor.py:651} INFO - DAG(s) dict_keys(['example_branch_operator']) retrieved from /home/airflow/.local/lib/python3.7/site-packages/airflow/example_dags/example_branch_operator.py
[2023-11-04 21:16:25,991] {logging_mixin.py:115} INFO - [2023-11-04 21:16:25,991] {dag.py:2420} INFO - Sync 1 DAGs
[2023-11-04 21:16:26,324] {logging_mixin.py:115} INFO - [2023-11-04 21:16:26,324] {dag.py:2972} INFO - Setting next_dagrun for example_branch_operator to 2023-11-03T00:00:00+00:00, run_after=2023-11-04T00:00:00+00:00
[2023-11-04 21:16:26,356] {processor.py:161} INFO - Processing /home/airflow/.local/lib/python3.7/site-packages/airflow/example_dags/example_branch_operator.py took 0.508 seconds
[2023-11-04 21:16:56,822] {processor.py:153} INFO - Started process (PID=233) to work on /home/airflow/.local/lib/python3.7/site-packages/airflow/example_dags/example_branch_operator.py
[2023-11-04 21:16:56,823] {processor.py:641} INFO - Processing file /home/airflow/.local/lib/python3.7/site-packages/airflow/example_dags/example_branch_operator.py for tasks to queue
[2023-11-04 21:16:56,826] {logging_mixin.py:115} INFO - [2023-11-04 21:16:56,825] {dagbag.py:508} INFO - Filling up the DagBag from /home/airflow/.local/lib/python3.7/site-packages/airflow/example_dags/example_branch_operator.py
[2023-11-04 21:16:56,869] {processor.py:651} INFO - DAG(s) dict_keys(['example_branch_operator']) retrieved from /home/airflow/.local/lib/python3.7/site-packages/airflow/example_dags/example_branch_operator.py
[2023-11-04 21:16:57,045] {logging_mixin.py:115} INFO - [2023-11-04 21:16:57,045] {dag.py:2420} INFO - Sync 1 DAGs
[2023-11-04 21:16:57,515] {logging_mixin.py:115} INFO - [2023-11-04 21:16:57,515] {dag.py:2972} INFO - Setting next_dagrun for example_branch_operator to 2023-11-03T00:00:00+00:00, run_after=2023-11-04T00:00:00+00:00
[2023-11-04 21:16:57,554] {processor.py:161} INFO - Processing /home/airflow/.local/lib/python3.7/site-packages/airflow/example_dags/example_branch_operator.py took 0.741 seconds
[2023-11-04 21:17:28,092] {processor.py:153} INFO - Started process (PID=286) to work on /home/airflow/.local/lib/python3.7/site-packages/airflow/example_dags/example_branch_operator.py
[2023-11-04 21:17:28,093] {processor.py:641} INFO - Processing file /home/airflow/.local/lib/python3.7/site-packages/airflow/example_dags/example_branch_operator.py for tasks to queue
[2023-11-04 21:17:28,095] {logging_mixin.py:115} INFO - [2023-11-04 21:17:28,094] {dagbag.py:508} INFO - Filling up the DagBag from /home/airflow/.local/lib/python3.7/site-packages/airflow/example_dags/example_branch_operator.py
[2023-11-04 21:17:28,121] {processor.py:651} INFO - DAG(s) dict_keys(['example_branch_operator']) retrieved from /home/airflow/.local/lib/python3.7/site-packages/airflow/example_dags/example_branch_operator.py
[2023-11-04 21:17:28,200] {logging_mixin.py:115} INFO - [2023-11-04 21:17:28,200] {dag.py:2420} INFO - Sync 1 DAGs
[2023-11-04 21:17:28,596] {logging_mixin.py:115} INFO - [2023-11-04 21:17:28,596] {dag.py:2972} INFO - Setting next_dagrun for example_branch_operator to 2023-11-03T00:00:00+00:00, run_after=2023-11-04T00:00:00+00:00
[2023-11-04 21:17:28,634] {processor.py:161} INFO - Processing /home/airflow/.local/lib/python3.7/site-packages/airflow/example_dags/example_branch_operator.py took 0.550 seconds
[2023-11-04 21:17:59,060] {processor.py:153} INFO - Started process (PID=339) to work on /home/airflow/.local/lib/python3.7/site-packages/airflow/example_dags/example_branch_operator.py
[2023-11-04 21:17:59,061] {processor.py:641} INFO - Processing file /home/airflow/.local/lib/python3.7/site-packages/airflow/example_dags/example_branch_operator.py for tasks to queue
[2023-11-04 21:17:59,063] {logging_mixin.py:115} INFO - [2023-11-04 21:17:59,063] {dagbag.py:508} INFO - Filling up the DagBag from /home/airflow/.local/lib/python3.7/site-packages/airflow/example_dags/example_branch_operator.py
[2023-11-04 21:17:59,091] {processor.py:651} INFO - DAG(s) dict_keys(['example_branch_operator']) retrieved from /home/airflow/.local/lib/python3.7/site-packages/airflow/example_dags/example_branch_operator.py
[2023-11-04 21:17:59,150] {logging_mixin.py:115} INFO - [2023-11-04 21:17:59,150] {dag.py:2420} INFO - Sync 1 DAGs
[2023-11-04 21:17:59,424] {logging_mixin.py:115} INFO - [2023-11-04 21:17:59,424] {dag.py:2972} INFO - Setting next_dagrun for example_branch_operator to 2023-11-03T00:00:00+00:00, run_after=2023-11-04T00:00:00+00:00
[2023-11-04 21:17:59,449] {processor.py:161} INFO - Processing /home/airflow/.local/lib/python3.7/site-packages/airflow/example_dags/example_branch_operator.py took 0.396 seconds
[2023-11-04 21:18:29,506] {processor.py:153} INFO - Started process (PID=401) to work on /home/airflow/.local/lib/python3.7/site-packages/airflow/example_dags/example_branch_operator.py
[2023-11-04 21:18:29,510] {processor.py:641} INFO - Processing file /home/airflow/.local/lib/python3.7/site-packages/airflow/example_dags/example_branch_operator.py for tasks to queue
[2023-11-04 21:18:29,513] {logging_mixin.py:115} INFO - [2023-11-04 21:18:29,513] {dagbag.py:508} INFO - Filling up the DagBag from /home/airflow/.local/lib/python3.7/site-packages/airflow/example_dags/example_branch_operator.py
[2023-11-04 21:18:29,555] {processor.py:651} INFO - DAG(s) dict_keys(['example_branch_operator']) retrieved from /home/airflow/.local/lib/python3.7/site-packages/airflow/example_dags/example_branch_operator.py
[2023-11-04 21:18:29,645] {logging_mixin.py:115} INFO - [2023-11-04 21:18:29,644] {dag.py:2420} INFO - Sync 1 DAGs
[2023-11-04 21:18:29,962] {logging_mixin.py:115} INFO - [2023-11-04 21:18:29,962] {dag.py:2972} INFO - Setting next_dagrun for example_branch_operator to 2023-11-03T00:00:00+00:00, run_after=2023-11-04T00:00:00+00:00
[2023-11-04 21:18:29,992] {processor.py:161} INFO - Processing /home/airflow/.local/lib/python3.7/site-packages/airflow/example_dags/example_branch_operator.py took 0.497 seconds
[2023-11-04 21:19:00,125] {processor.py:153} INFO - Started process (PID=470) to work on /home/airflow/.local/lib/python3.7/site-packages/airflow/example_dags/example_branch_operator.py
[2023-11-04 21:19:00,128] {processor.py:641} INFO - Processing file /home/airflow/.local/lib/python3.7/site-packages/airflow/example_dags/example_branch_operator.py for tasks to queue
[2023-11-04 21:19:00,129] {logging_mixin.py:115} INFO - [2023-11-04 21:19:00,129] {dagbag.py:508} INFO - Filling up the DagBag from /home/airflow/.local/lib/python3.7/site-packages/airflow/example_dags/example_branch_operator.py
[2023-11-04 21:19:00,167] {processor.py:651} INFO - DAG(s) dict_keys(['example_branch_operator']) retrieved from /home/airflow/.local/lib/python3.7/site-packages/airflow/example_dags/example_branch_operator.py
[2023-11-04 21:19:00,286] {logging_mixin.py:115} INFO - [2023-11-04 21:19:00,286] {dag.py:2420} INFO - Sync 1 DAGs
[2023-11-04 21:19:00,676] {logging_mixin.py:115} INFO - [2023-11-04 21:19:00,676] {dag.py:2972} INFO - Setting next_dagrun for example_branch_operator to 2023-11-03T00:00:00+00:00, run_after=2023-11-04T00:00:00+00:00
[2023-11-04 21:19:00,704] {processor.py:161} INFO - Processing /home/airflow/.local/lib/python3.7/site-packages/airflow/example_dags/example_branch_operator.py took 0.590 seconds
[2023-11-04 21:19:30,870] {processor.py:153} INFO - Started process (PID=524) to work on /home/airflow/.local/lib/python3.7/site-packages/airflow/example_dags/example_branch_operator.py
[2023-11-04 21:19:30,871] {processor.py:641} INFO - Processing file /home/airflow/.local/lib/python3.7/site-packages/airflow/example_dags/example_branch_operator.py for tasks to queue
[2023-11-04 21:19:30,872] {logging_mixin.py:115} INFO - [2023-11-04 21:19:30,872] {dagbag.py:508} INFO - Filling up the DagBag from /home/airflow/.local/lib/python3.7/site-packages/airflow/example_dags/example_branch_operator.py
[2023-11-04 21:19:30,885] {processor.py:651} INFO - DAG(s) dict_keys(['example_branch_operator']) retrieved from /home/airflow/.local/lib/python3.7/site-packages/airflow/example_dags/example_branch_operator.py
[2023-11-04 21:19:30,920] {logging_mixin.py:115} INFO - [2023-11-04 21:19:30,920] {dag.py:2420} INFO - Sync 1 DAGs
[2023-11-04 21:19:31,079] {logging_mixin.py:115} INFO - [2023-11-04 21:19:31,079] {dag.py:2972} INFO - Setting next_dagrun for example_branch_operator to 2023-11-03T00:00:00+00:00, run_after=2023-11-04T00:00:00+00:00
[2023-11-04 21:19:31,097] {processor.py:161} INFO - Processing /home/airflow/.local/lib/python3.7/site-packages/airflow/example_dags/example_branch_operator.py took 0.231 seconds
[2023-11-04 21:20:01,580] {processor.py:153} INFO - Started process (PID=586) to work on /home/airflow/.local/lib/python3.7/site-packages/airflow/example_dags/example_branch_operator.py
[2023-11-04 21:20:01,581] {processor.py:641} INFO - Processing file /home/airflow/.local/lib/python3.7/site-packages/airflow/example_dags/example_branch_operator.py for tasks to queue
[2023-11-04 21:20:01,582] {logging_mixin.py:115} INFO - [2023-11-04 21:20:01,582] {dagbag.py:508} INFO - Filling up the DagBag from /home/airflow/.local/lib/python3.7/site-packages/airflow/example_dags/example_branch_operator.py
[2023-11-04 21:20:01,596] {processor.py:651} INFO - DAG(s) dict_keys(['example_branch_operator']) retrieved from /home/airflow/.local/lib/python3.7/site-packages/airflow/example_dags/example_branch_operator.py
[2023-11-04 21:20:01,639] {logging_mixin.py:115} INFO - [2023-11-04 21:20:01,638] {dag.py:2420} INFO - Sync 1 DAGs
[2023-11-04 21:20:01,833] {logging_mixin.py:115} INFO - [2023-11-04 21:20:01,833] {dag.py:2972} INFO - Setting next_dagrun for example_branch_operator to 2023-11-03T00:00:00+00:00, run_after=2023-11-04T00:00:00+00:00
[2023-11-04 21:20:01,848] {processor.py:161} INFO - Processing /home/airflow/.local/lib/python3.7/site-packages/airflow/example_dags/example_branch_operator.py took 0.271 seconds
[2023-11-04 21:20:31,893] {processor.py:153} INFO - Started process (PID=647) to work on /home/airflow/.local/lib/python3.7/site-packages/airflow/example_dags/example_branch_operator.py
[2023-11-04 21:20:31,894] {processor.py:641} INFO - Processing file /home/airflow/.local/lib/python3.7/site-packages/airflow/example_dags/example_branch_operator.py for tasks to queue
[2023-11-04 21:20:31,895] {logging_mixin.py:115} INFO - [2023-11-04 21:20:31,894] {dagbag.py:508} INFO - Filling up the DagBag from /home/airflow/.local/lib/python3.7/site-packages/airflow/example_dags/example_branch_operator.py
[2023-11-04 21:20:31,907] {processor.py:651} INFO - DAG(s) dict_keys(['example_branch_operator']) retrieved from /home/airflow/.local/lib/python3.7/site-packages/airflow/example_dags/example_branch_operator.py
[2023-11-04 21:20:31,939] {logging_mixin.py:115} INFO - [2023-11-04 21:20:31,938] {dag.py:2420} INFO - Sync 1 DAGs
[2023-11-04 21:20:32,082] {logging_mixin.py:115} INFO - [2023-11-04 21:20:32,081] {dag.py:2972} INFO - Setting next_dagrun for example_branch_operator to 2023-11-03T00:00:00+00:00, run_after=2023-11-04T00:00:00+00:00
[2023-11-04 21:20:32,095] {processor.py:161} INFO - Processing /home/airflow/.local/lib/python3.7/site-packages/airflow/example_dags/example_branch_operator.py took 0.206 seconds
[2023-11-04 21:21:02,806] {processor.py:153} INFO - Started process (PID=701) to work on /home/airflow/.local/lib/python3.7/site-packages/airflow/example_dags/example_branch_operator.py
[2023-11-04 21:21:02,807] {processor.py:641} INFO - Processing file /home/airflow/.local/lib/python3.7/site-packages/airflow/example_dags/example_branch_operator.py for tasks to queue
[2023-11-04 21:21:02,808] {logging_mixin.py:115} INFO - [2023-11-04 21:21:02,808] {dagbag.py:508} INFO - Filling up the DagBag from /home/airflow/.local/lib/python3.7/site-packages/airflow/example_dags/example_branch_operator.py
[2023-11-04 21:21:02,833] {processor.py:651} INFO - DAG(s) dict_keys(['example_branch_operator']) retrieved from /home/airflow/.local/lib/python3.7/site-packages/airflow/example_dags/example_branch_operator.py
[2023-11-04 21:21:02,872] {logging_mixin.py:115} INFO - [2023-11-04 21:21:02,871] {dag.py:2420} INFO - Sync 1 DAGs
[2023-11-04 21:21:03,077] {logging_mixin.py:115} INFO - [2023-11-04 21:21:03,077] {dag.py:2972} INFO - Setting next_dagrun for example_branch_operator to 2023-11-03T00:00:00+00:00, run_after=2023-11-04T00:00:00+00:00
[2023-11-04 21:21:03,093] {processor.py:161} INFO - Processing /home/airflow/.local/lib/python3.7/site-packages/airflow/example_dags/example_branch_operator.py took 0.292 seconds
[2023-11-04 21:21:33,504] {processor.py:153} INFO - Started process (PID=764) to work on /home/airflow/.local/lib/python3.7/site-packages/airflow/example_dags/example_branch_operator.py
[2023-11-04 21:21:33,505] {processor.py:641} INFO - Processing file /home/airflow/.local/lib/python3.7/site-packages/airflow/example_dags/example_branch_operator.py for tasks to queue
[2023-11-04 21:21:33,507] {logging_mixin.py:115} INFO - [2023-11-04 21:21:33,506] {dagbag.py:508} INFO - Filling up the DagBag from /home/airflow/.local/lib/python3.7/site-packages/airflow/example_dags/example_branch_operator.py
[2023-11-04 21:21:33,530] {processor.py:651} INFO - DAG(s) dict_keys(['example_branch_operator']) retrieved from /home/airflow/.local/lib/python3.7/site-packages/airflow/example_dags/example_branch_operator.py
[2023-11-04 21:21:33,584] {logging_mixin.py:115} INFO - [2023-11-04 21:21:33,584] {dag.py:2420} INFO - Sync 1 DAGs
[2023-11-04 21:21:33,808] {logging_mixin.py:115} INFO - [2023-11-04 21:21:33,807] {dag.py:2972} INFO - Setting next_dagrun for example_branch_operator to 2023-11-03T00:00:00+00:00, run_after=2023-11-04T00:00:00+00:00
[2023-11-04 21:21:33,834] {processor.py:161} INFO - Processing /home/airflow/.local/lib/python3.7/site-packages/airflow/example_dags/example_branch_operator.py took 0.334 seconds
[2023-11-04 21:22:04,090] {processor.py:153} INFO - Started process (PID=817) to work on /home/airflow/.local/lib/python3.7/site-packages/airflow/example_dags/example_branch_operator.py
[2023-11-04 21:22:04,091] {processor.py:641} INFO - Processing file /home/airflow/.local/lib/python3.7/site-packages/airflow/example_dags/example_branch_operator.py for tasks to queue
[2023-11-04 21:22:04,092] {logging_mixin.py:115} INFO - [2023-11-04 21:22:04,092] {dagbag.py:508} INFO - Filling up the DagBag from /home/airflow/.local/lib/python3.7/site-packages/airflow/example_dags/example_branch_operator.py
[2023-11-04 21:22:04,107] {processor.py:651} INFO - DAG(s) dict_keys(['example_branch_operator']) retrieved from /home/airflow/.local/lib/python3.7/site-packages/airflow/example_dags/example_branch_operator.py
[2023-11-04 21:22:04,152] {logging_mixin.py:115} INFO - [2023-11-04 21:22:04,152] {dag.py:2420} INFO - Sync 1 DAGs
[2023-11-04 21:22:04,336] {logging_mixin.py:115} INFO - [2023-11-04 21:22:04,336] {dag.py:2972} INFO - Setting next_dagrun for example_branch_operator to 2023-11-03T00:00:00+00:00, run_after=2023-11-04T00:00:00+00:00
[2023-11-04 21:22:04,357] {processor.py:161} INFO - Processing /home/airflow/.local/lib/python3.7/site-packages/airflow/example_dags/example_branch_operator.py took 0.271 seconds
[2023-11-04 21:22:34,971] {processor.py:153} INFO - Started process (PID=879) to work on /home/airflow/.local/lib/python3.7/site-packages/airflow/example_dags/example_branch_operator.py
[2023-11-04 21:22:34,971] {processor.py:641} INFO - Processing file /home/airflow/.local/lib/python3.7/site-packages/airflow/example_dags/example_branch_operator.py for tasks to queue
[2023-11-04 21:22:34,972] {logging_mixin.py:115} INFO - [2023-11-04 21:22:34,972] {dagbag.py:508} INFO - Filling up the DagBag from /home/airflow/.local/lib/python3.7/site-packages/airflow/example_dags/example_branch_operator.py
[2023-11-04 21:22:34,984] {processor.py:651} INFO - DAG(s) dict_keys(['example_branch_operator']) retrieved from /home/airflow/.local/lib/python3.7/site-packages/airflow/example_dags/example_branch_operator.py
[2023-11-04 21:22:35,015] {logging_mixin.py:115} INFO - [2023-11-04 21:22:35,014] {dag.py:2420} INFO - Sync 1 DAGs
[2023-11-04 21:22:35,173] {logging_mixin.py:115} INFO - [2023-11-04 21:22:35,173] {dag.py:2972} INFO - Setting next_dagrun for example_branch_operator to 2023-11-03T00:00:00+00:00, run_after=2023-11-04T00:00:00+00:00
[2023-11-04 21:22:35,189] {processor.py:161} INFO - Processing /home/airflow/.local/lib/python3.7/site-packages/airflow/example_dags/example_branch_operator.py took 0.221 seconds
[2023-11-04 21:23:05,574] {processor.py:153} INFO - Started process (PID=941) to work on /home/airflow/.local/lib/python3.7/site-packages/airflow/example_dags/example_branch_operator.py
[2023-11-04 21:23:05,575] {processor.py:641} INFO - Processing file /home/airflow/.local/lib/python3.7/site-packages/airflow/example_dags/example_branch_operator.py for tasks to queue
[2023-11-04 21:23:05,576] {logging_mixin.py:115} INFO - [2023-11-04 21:23:05,576] {dagbag.py:508} INFO - Filling up the DagBag from /home/airflow/.local/lib/python3.7/site-packages/airflow/example_dags/example_branch_operator.py
[2023-11-04 21:23:05,592] {processor.py:651} INFO - DAG(s) dict_keys(['example_branch_operator']) retrieved from /home/airflow/.local/lib/python3.7/site-packages/airflow/example_dags/example_branch_operator.py
[2023-11-04 21:23:05,630] {logging_mixin.py:115} INFO - [2023-11-04 21:23:05,630] {dag.py:2420} INFO - Sync 1 DAGs
[2023-11-04 21:23:05,790] {logging_mixin.py:115} INFO - [2023-11-04 21:23:05,790] {dag.py:2972} INFO - Setting next_dagrun for example_branch_operator to 2023-11-03T00:00:00+00:00, run_after=2023-11-04T00:00:00+00:00
[2023-11-04 21:23:05,803] {processor.py:161} INFO - Processing /home/airflow/.local/lib/python3.7/site-packages/airflow/example_dags/example_branch_operator.py took 0.233 seconds
[2023-11-04 21:23:36,125] {processor.py:153} INFO - Started process (PID=994) to work on /home/airflow/.local/lib/python3.7/site-packages/airflow/example_dags/example_branch_operator.py
[2023-11-04 21:23:36,126] {processor.py:641} INFO - Processing file /home/airflow/.local/lib/python3.7/site-packages/airflow/example_dags/example_branch_operator.py for tasks to queue
[2023-11-04 21:23:36,126] {logging_mixin.py:115} INFO - [2023-11-04 21:23:36,126] {dagbag.py:508} INFO - Filling up the DagBag from /home/airflow/.local/lib/python3.7/site-packages/airflow/example_dags/example_branch_operator.py
[2023-11-04 21:23:36,141] {processor.py:651} INFO - DAG(s) dict_keys(['example_branch_operator']) retrieved from /home/airflow/.local/lib/python3.7/site-packages/airflow/example_dags/example_branch_operator.py
[2023-11-04 21:23:36,172] {logging_mixin.py:115} INFO - [2023-11-04 21:23:36,172] {dag.py:2420} INFO - Sync 1 DAGs
[2023-11-04 21:23:36,316] {logging_mixin.py:115} INFO - [2023-11-04 21:23:36,316] {dag.py:2972} INFO - Setting next_dagrun for example_branch_operator to 2023-11-03T00:00:00+00:00, run_after=2023-11-04T00:00:00+00:00
[2023-11-04 21:23:36,333] {processor.py:161} INFO - Processing /home/airflow/.local/lib/python3.7/site-packages/airflow/example_dags/example_branch_operator.py took 0.212 seconds
[2023-11-04 21:24:06,640] {processor.py:153} INFO - Started process (PID=1056) to work on /home/airflow/.local/lib/python3.7/site-packages/airflow/example_dags/example_branch_operator.py
[2023-11-04 21:24:06,640] {processor.py:641} INFO - Processing file /home/airflow/.local/lib/python3.7/site-packages/airflow/example_dags/example_branch_operator.py for tasks to queue
[2023-11-04 21:24:06,641] {logging_mixin.py:115} INFO - [2023-11-04 21:24:06,641] {dagbag.py:508} INFO - Filling up the DagBag from /home/airflow/.local/lib/python3.7/site-packages/airflow/example_dags/example_branch_operator.py
[2023-11-04 21:24:06,652] {processor.py:651} INFO - DAG(s) dict_keys(['example_branch_operator']) retrieved from /home/airflow/.local/lib/python3.7/site-packages/airflow/example_dags/example_branch_operator.py
[2023-11-04 21:24:06,683] {logging_mixin.py:115} INFO - [2023-11-04 21:24:06,683] {dag.py:2420} INFO - Sync 1 DAGs
[2023-11-04 21:24:06,850] {logging_mixin.py:115} INFO - [2023-11-04 21:24:06,850] {dag.py:2972} INFO - Setting next_dagrun for example_branch_operator to 2023-11-03T00:00:00+00:00, run_after=2023-11-04T00:00:00+00:00
[2023-11-04 21:24:06,864] {processor.py:161} INFO - Processing /home/airflow/.local/lib/python3.7/site-packages/airflow/example_dags/example_branch_operator.py took 0.228 seconds
[2023-11-04 21:24:37,066] {processor.py:153} INFO - Started process (PID=1118) to work on /home/airflow/.local/lib/python3.7/site-packages/airflow/example_dags/example_branch_operator.py
[2023-11-04 21:24:37,067] {processor.py:641} INFO - Processing file /home/airflow/.local/lib/python3.7/site-packages/airflow/example_dags/example_branch_operator.py for tasks to queue
[2023-11-04 21:24:37,068] {logging_mixin.py:115} INFO - [2023-11-04 21:24:37,067] {dagbag.py:508} INFO - Filling up the DagBag from /home/airflow/.local/lib/python3.7/site-packages/airflow/example_dags/example_branch_operator.py
[2023-11-04 21:24:37,079] {processor.py:651} INFO - DAG(s) dict_keys(['example_branch_operator']) retrieved from /home/airflow/.local/lib/python3.7/site-packages/airflow/example_dags/example_branch_operator.py
[2023-11-04 21:24:37,108] {logging_mixin.py:115} INFO - [2023-11-04 21:24:37,107] {dag.py:2420} INFO - Sync 1 DAGs
[2023-11-04 21:24:37,242] {logging_mixin.py:115} INFO - [2023-11-04 21:24:37,242] {dag.py:2972} INFO - Setting next_dagrun for example_branch_operator to 2023-11-03T00:00:00+00:00, run_after=2023-11-04T00:00:00+00:00
[2023-11-04 21:24:37,255] {processor.py:161} INFO - Processing /home/airflow/.local/lib/python3.7/site-packages/airflow/example_dags/example_branch_operator.py took 0.192 seconds
[2023-11-04 21:25:07,588] {processor.py:153} INFO - Started process (PID=1171) to work on /home/airflow/.local/lib/python3.7/site-packages/airflow/example_dags/example_branch_operator.py
[2023-11-04 21:25:07,589] {processor.py:641} INFO - Processing file /home/airflow/.local/lib/python3.7/site-packages/airflow/example_dags/example_branch_operator.py for tasks to queue
[2023-11-04 21:25:07,590] {logging_mixin.py:115} INFO - [2023-11-04 21:25:07,590] {dagbag.py:508} INFO - Filling up the DagBag from /home/airflow/.local/lib/python3.7/site-packages/airflow/example_dags/example_branch_operator.py
[2023-11-04 21:25:07,603] {processor.py:651} INFO - DAG(s) dict_keys(['example_branch_operator']) retrieved from /home/airflow/.local/lib/python3.7/site-packages/airflow/example_dags/example_branch_operator.py
[2023-11-04 21:25:07,639] {logging_mixin.py:115} INFO - [2023-11-04 21:25:07,639] {dag.py:2420} INFO - Sync 1 DAGs
[2023-11-04 21:25:07,794] {logging_mixin.py:115} INFO - [2023-11-04 21:25:07,794] {dag.py:2972} INFO - Setting next_dagrun for example_branch_operator to 2023-11-03T00:00:00+00:00, run_after=2023-11-04T00:00:00+00:00
[2023-11-04 21:25:07,811] {processor.py:161} INFO - Processing /home/airflow/.local/lib/python3.7/site-packages/airflow/example_dags/example_branch_operator.py took 0.226 seconds
[2023-11-04 21:25:38,123] {processor.py:153} INFO - Started process (PID=1233) to work on /home/airflow/.local/lib/python3.7/site-packages/airflow/example_dags/example_branch_operator.py
[2023-11-04 21:25:38,123] {processor.py:641} INFO - Processing file /home/airflow/.local/lib/python3.7/site-packages/airflow/example_dags/example_branch_operator.py for tasks to queue
[2023-11-04 21:25:38,124] {logging_mixin.py:115} INFO - [2023-11-04 21:25:38,124] {dagbag.py:508} INFO - Filling up the DagBag from /home/airflow/.local/lib/python3.7/site-packages/airflow/example_dags/example_branch_operator.py
[2023-11-04 21:25:38,136] {processor.py:651} INFO - DAG(s) dict_keys(['example_branch_operator']) retrieved from /home/airflow/.local/lib/python3.7/site-packages/airflow/example_dags/example_branch_operator.py
[2023-11-04 21:25:38,168] {logging_mixin.py:115} INFO - [2023-11-04 21:25:38,168] {dag.py:2420} INFO - Sync 1 DAGs
[2023-11-04 21:25:38,304] {logging_mixin.py:115} INFO - [2023-11-04 21:25:38,304] {dag.py:2972} INFO - Setting next_dagrun for example_branch_operator to 2023-11-03T00:00:00+00:00, run_after=2023-11-04T00:00:00+00:00
[2023-11-04 21:25:38,328] {processor.py:161} INFO - Processing /home/airflow/.local/lib/python3.7/site-packages/airflow/example_dags/example_branch_operator.py took 0.208 seconds
[2023-11-04 21:26:08,927] {processor.py:153} INFO - Started process (PID=1295) to work on /home/airflow/.local/lib/python3.7/site-packages/airflow/example_dags/example_branch_operator.py
[2023-11-04 21:26:08,928] {processor.py:641} INFO - Processing file /home/airflow/.local/lib/python3.7/site-packages/airflow/example_dags/example_branch_operator.py for tasks to queue
[2023-11-04 21:26:08,929] {logging_mixin.py:115} INFO - [2023-11-04 21:26:08,928] {dagbag.py:508} INFO - Filling up the DagBag from /home/airflow/.local/lib/python3.7/site-packages/airflow/example_dags/example_branch_operator.py
[2023-11-04 21:26:08,940] {processor.py:651} INFO - DAG(s) dict_keys(['example_branch_operator']) retrieved from /home/airflow/.local/lib/python3.7/site-packages/airflow/example_dags/example_branch_operator.py
[2023-11-04 21:26:08,970] {logging_mixin.py:115} INFO - [2023-11-04 21:26:08,970] {dag.py:2420} INFO - Sync 1 DAGs
[2023-11-04 21:26:09,112] {logging_mixin.py:115} INFO - [2023-11-04 21:26:09,112] {dag.py:2972} INFO - Setting next_dagrun for example_branch_operator to 2023-11-03T00:00:00+00:00, run_after=2023-11-04T00:00:00+00:00
[2023-11-04 21:26:09,126] {processor.py:161} INFO - Processing /home/airflow/.local/lib/python3.7/site-packages/airflow/example_dags/example_branch_operator.py took 0.202 seconds
[2023-11-04 21:26:39,458] {processor.py:153} INFO - Started process (PID=1348) to work on /home/airflow/.local/lib/python3.7/site-packages/airflow/example_dags/example_branch_operator.py
[2023-11-04 21:26:39,461] {processor.py:641} INFO - Processing file /home/airflow/.local/lib/python3.7/site-packages/airflow/example_dags/example_branch_operator.py for tasks to queue
[2023-11-04 21:26:39,462] {logging_mixin.py:115} INFO - [2023-11-04 21:26:39,462] {dagbag.py:508} INFO - Filling up the DagBag from /home/airflow/.local/lib/python3.7/site-packages/airflow/example_dags/example_branch_operator.py
[2023-11-04 21:26:39,475] {processor.py:651} INFO - DAG(s) dict_keys(['example_branch_operator']) retrieved from /home/airflow/.local/lib/python3.7/site-packages/airflow/example_dags/example_branch_operator.py
[2023-11-04 21:26:39,510] {logging_mixin.py:115} INFO - [2023-11-04 21:26:39,510] {dag.py:2420} INFO - Sync 1 DAGs
[2023-11-04 21:26:39,650] {logging_mixin.py:115} INFO - [2023-11-04 21:26:39,650] {dag.py:2972} INFO - Setting next_dagrun for example_branch_operator to 2023-11-03T00:00:00+00:00, run_after=2023-11-04T00:00:00+00:00
[2023-11-04 21:26:39,665] {processor.py:161} INFO - Processing /home/airflow/.local/lib/python3.7/site-packages/airflow/example_dags/example_branch_operator.py took 0.211 seconds
[2023-11-04 21:27:10,224] {processor.py:153} INFO - Started process (PID=1410) to work on /home/airflow/.local/lib/python3.7/site-packages/airflow/example_dags/example_branch_operator.py
[2023-11-04 21:27:10,225] {processor.py:641} INFO - Processing file /home/airflow/.local/lib/python3.7/site-packages/airflow/example_dags/example_branch_operator.py for tasks to queue
[2023-11-04 21:27:10,226] {logging_mixin.py:115} INFO - [2023-11-04 21:27:10,226] {dagbag.py:508} INFO - Filling up the DagBag from /home/airflow/.local/lib/python3.7/site-packages/airflow/example_dags/example_branch_operator.py
[2023-11-04 21:27:10,238] {processor.py:651} INFO - DAG(s) dict_keys(['example_branch_operator']) retrieved from /home/airflow/.local/lib/python3.7/site-packages/airflow/example_dags/example_branch_operator.py
[2023-11-04 21:27:10,267] {logging_mixin.py:115} INFO - [2023-11-04 21:27:10,267] {dag.py:2420} INFO - Sync 1 DAGs
[2023-11-04 21:27:10,403] {logging_mixin.py:115} INFO - [2023-11-04 21:27:10,403] {dag.py:2972} INFO - Setting next_dagrun for example_branch_operator to 2023-11-03T00:00:00+00:00, run_after=2023-11-04T00:00:00+00:00
[2023-11-04 21:27:10,415] {processor.py:161} INFO - Processing /home/airflow/.local/lib/python3.7/site-packages/airflow/example_dags/example_branch_operator.py took 0.194 seconds
[2023-11-04 21:27:40,786] {processor.py:153} INFO - Started process (PID=1472) to work on /home/airflow/.local/lib/python3.7/site-packages/airflow/example_dags/example_branch_operator.py
[2023-11-04 21:27:40,801] {processor.py:641} INFO - Processing file /home/airflow/.local/lib/python3.7/site-packages/airflow/example_dags/example_branch_operator.py for tasks to queue
[2023-11-04 21:27:40,801] {logging_mixin.py:115} INFO - [2023-11-04 21:27:40,801] {dagbag.py:508} INFO - Filling up the DagBag from /home/airflow/.local/lib/python3.7/site-packages/airflow/example_dags/example_branch_operator.py
[2023-11-04 21:27:40,814] {processor.py:651} INFO - DAG(s) dict_keys(['example_branch_operator']) retrieved from /home/airflow/.local/lib/python3.7/site-packages/airflow/example_dags/example_branch_operator.py
[2023-11-04 21:27:40,844] {logging_mixin.py:115} INFO - [2023-11-04 21:27:40,844] {dag.py:2420} INFO - Sync 1 DAGs
[2023-11-04 21:27:40,997] {logging_mixin.py:115} INFO - [2023-11-04 21:27:40,997] {dag.py:2972} INFO - Setting next_dagrun for example_branch_operator to 2023-11-03T00:00:00+00:00, run_after=2023-11-04T00:00:00+00:00
[2023-11-04 21:27:41,009] {processor.py:161} INFO - Processing /home/airflow/.local/lib/python3.7/site-packages/airflow/example_dags/example_branch_operator.py took 0.227 seconds
[2023-11-04 21:28:11,278] {processor.py:153} INFO - Started process (PID=1525) to work on /home/airflow/.local/lib/python3.7/site-packages/airflow/example_dags/example_branch_operator.py
[2023-11-04 21:28:11,279] {processor.py:641} INFO - Processing file /home/airflow/.local/lib/python3.7/site-packages/airflow/example_dags/example_branch_operator.py for tasks to queue
[2023-11-04 21:28:11,279] {logging_mixin.py:115} INFO - [2023-11-04 21:28:11,279] {dagbag.py:508} INFO - Filling up the DagBag from /home/airflow/.local/lib/python3.7/site-packages/airflow/example_dags/example_branch_operator.py
[2023-11-04 21:28:11,291] {processor.py:651} INFO - DAG(s) dict_keys(['example_branch_operator']) retrieved from /home/airflow/.local/lib/python3.7/site-packages/airflow/example_dags/example_branch_operator.py
[2023-11-04 21:28:11,321] {logging_mixin.py:115} INFO - [2023-11-04 21:28:11,320] {dag.py:2420} INFO - Sync 1 DAGs
[2023-11-04 21:28:11,455] {logging_mixin.py:115} INFO - [2023-11-04 21:28:11,455] {dag.py:2972} INFO - Setting next_dagrun for example_branch_operator to 2023-11-03T00:00:00+00:00, run_after=2023-11-04T00:00:00+00:00
[2023-11-04 21:28:11,467] {processor.py:161} INFO - Processing /home/airflow/.local/lib/python3.7/site-packages/airflow/example_dags/example_branch_operator.py took 0.193 seconds
[2023-11-04 21:28:41,853] {processor.py:153} INFO - Started process (PID=1587) to work on /home/airflow/.local/lib/python3.7/site-packages/airflow/example_dags/example_branch_operator.py
[2023-11-04 21:28:41,854] {processor.py:641} INFO - Processing file /home/airflow/.local/lib/python3.7/site-packages/airflow/example_dags/example_branch_operator.py for tasks to queue
[2023-11-04 21:28:41,855] {logging_mixin.py:115} INFO - [2023-11-04 21:28:41,855] {dagbag.py:508} INFO - Filling up the DagBag from /home/airflow/.local/lib/python3.7/site-packages/airflow/example_dags/example_branch_operator.py
[2023-11-04 21:28:41,870] {processor.py:651} INFO - DAG(s) dict_keys(['example_branch_operator']) retrieved from /home/airflow/.local/lib/python3.7/site-packages/airflow/example_dags/example_branch_operator.py
[2023-11-04 21:28:41,907] {logging_mixin.py:115} INFO - [2023-11-04 21:28:41,907] {dag.py:2420} INFO - Sync 1 DAGs
[2023-11-04 21:28:42,060] {logging_mixin.py:115} INFO - [2023-11-04 21:28:42,060] {dag.py:2972} INFO - Setting next_dagrun for example_branch_operator to 2023-11-03T00:00:00+00:00, run_after=2023-11-04T00:00:00+00:00
[2023-11-04 21:28:42,072] {processor.py:161} INFO - Processing /home/airflow/.local/lib/python3.7/site-packages/airflow/example_dags/example_branch_operator.py took 0.224 seconds
[2023-11-04 21:29:12,469] {processor.py:153} INFO - Started process (PID=1649) to work on /home/airflow/.local/lib/python3.7/site-packages/airflow/example_dags/example_branch_operator.py
[2023-11-04 21:29:12,469] {processor.py:641} INFO - Processing file /home/airflow/.local/lib/python3.7/site-packages/airflow/example_dags/example_branch_operator.py for tasks to queue
[2023-11-04 21:29:12,470] {logging_mixin.py:115} INFO - [2023-11-04 21:29:12,470] {dagbag.py:508} INFO - Filling up the DagBag from /home/airflow/.local/lib/python3.7/site-packages/airflow/example_dags/example_branch_operator.py
[2023-11-04 21:29:12,483] {processor.py:651} INFO - DAG(s) dict_keys(['example_branch_operator']) retrieved from /home/airflow/.local/lib/python3.7/site-packages/airflow/example_dags/example_branch_operator.py
[2023-11-04 21:29:12,512] {logging_mixin.py:115} INFO - [2023-11-04 21:29:12,512] {dag.py:2420} INFO - Sync 1 DAGs
[2023-11-04 21:29:12,661] {logging_mixin.py:115} INFO - [2023-11-04 21:29:12,661] {dag.py:2972} INFO - Setting next_dagrun for example_branch_operator to 2023-11-03T00:00:00+00:00, run_after=2023-11-04T00:00:00+00:00
[2023-11-04 21:29:12,676] {processor.py:161} INFO - Processing /home/airflow/.local/lib/python3.7/site-packages/airflow/example_dags/example_branch_operator.py took 0.212 seconds
[2023-11-04 21:29:43,105] {processor.py:153} INFO - Started process (PID=1702) to work on /home/airflow/.local/lib/python3.7/site-packages/airflow/example_dags/example_branch_operator.py
[2023-11-04 21:29:43,105] {processor.py:641} INFO - Processing file /home/airflow/.local/lib/python3.7/site-packages/airflow/example_dags/example_branch_operator.py for tasks to queue
[2023-11-04 21:29:43,106] {logging_mixin.py:115} INFO - [2023-11-04 21:29:43,106] {dagbag.py:508} INFO - Filling up the DagBag from /home/airflow/.local/lib/python3.7/site-packages/airflow/example_dags/example_branch_operator.py
[2023-11-04 21:29:43,119] {processor.py:651} INFO - DAG(s) dict_keys(['example_branch_operator']) retrieved from /home/airflow/.local/lib/python3.7/site-packages/airflow/example_dags/example_branch_operator.py
[2023-11-04 21:29:43,150] {logging_mixin.py:115} INFO - [2023-11-04 21:29:43,150] {dag.py:2420} INFO - Sync 1 DAGs
[2023-11-04 21:29:43,290] {logging_mixin.py:115} INFO - [2023-11-04 21:29:43,290] {dag.py:2972} INFO - Setting next_dagrun for example_branch_operator to 2023-11-03T00:00:00+00:00, run_after=2023-11-04T00:00:00+00:00
[2023-11-04 21:29:43,302] {processor.py:161} INFO - Processing /home/airflow/.local/lib/python3.7/site-packages/airflow/example_dags/example_branch_operator.py took 0.201 seconds
[2023-11-04 21:30:13,910] {processor.py:153} INFO - Started process (PID=1764) to work on /home/airflow/.local/lib/python3.7/site-packages/airflow/example_dags/example_branch_operator.py
[2023-11-04 21:30:13,911] {processor.py:641} INFO - Processing file /home/airflow/.local/lib/python3.7/site-packages/airflow/example_dags/example_branch_operator.py for tasks to queue
[2023-11-04 21:30:13,912] {logging_mixin.py:115} INFO - [2023-11-04 21:30:13,912] {dagbag.py:508} INFO - Filling up the DagBag from /home/airflow/.local/lib/python3.7/site-packages/airflow/example_dags/example_branch_operator.py
[2023-11-04 21:30:13,930] {processor.py:651} INFO - DAG(s) dict_keys(['example_branch_operator']) retrieved from /home/airflow/.local/lib/python3.7/site-packages/airflow/example_dags/example_branch_operator.py
[2023-11-04 21:30:13,969] {logging_mixin.py:115} INFO - [2023-11-04 21:30:13,969] {dag.py:2420} INFO - Sync 1 DAGs
[2023-11-04 21:30:14,169] {logging_mixin.py:115} INFO - [2023-11-04 21:30:14,168] {dag.py:2972} INFO - Setting next_dagrun for example_branch_operator to 2023-11-03T00:00:00+00:00, run_after=2023-11-04T00:00:00+00:00
[2023-11-04 21:30:14,190] {processor.py:161} INFO - Processing /home/airflow/.local/lib/python3.7/site-packages/airflow/example_dags/example_branch_operator.py took 0.284 seconds
[2023-11-04 21:30:44,422] {processor.py:153} INFO - Started process (PID=1826) to work on /home/airflow/.local/lib/python3.7/site-packages/airflow/example_dags/example_branch_operator.py
[2023-11-04 21:30:44,423] {processor.py:641} INFO - Processing file /home/airflow/.local/lib/python3.7/site-packages/airflow/example_dags/example_branch_operator.py for tasks to queue
[2023-11-04 21:30:44,423] {logging_mixin.py:115} INFO - [2023-11-04 21:30:44,423] {dagbag.py:508} INFO - Filling up the DagBag from /home/airflow/.local/lib/python3.7/site-packages/airflow/example_dags/example_branch_operator.py
[2023-11-04 21:30:44,440] {processor.py:651} INFO - DAG(s) dict_keys(['example_branch_operator']) retrieved from /home/airflow/.local/lib/python3.7/site-packages/airflow/example_dags/example_branch_operator.py
[2023-11-04 21:30:44,580] {logging_mixin.py:115} INFO - [2023-11-04 21:30:44,580] {dag.py:2420} INFO - Sync 1 DAGs
[2023-11-04 21:30:44,604] {logging_mixin.py:115} INFO - [2023-11-04 21:30:44,604] {dag.py:2972} INFO - Setting next_dagrun for example_branch_operator to 2023-11-03T00:00:00+00:00, run_after=2023-11-04T00:00:00+00:00
[2023-11-04 21:30:44,616] {processor.py:161} INFO - Processing /home/airflow/.local/lib/python3.7/site-packages/airflow/example_dags/example_branch_operator.py took 0.197 seconds
[2023-11-04 21:31:15,119] {processor.py:153} INFO - Started process (PID=1879) to work on /home/airflow/.local/lib/python3.7/site-packages/airflow/example_dags/example_branch_operator.py
[2023-11-04 21:31:15,119] {processor.py:641} INFO - Processing file /home/airflow/.local/lib/python3.7/site-packages/airflow/example_dags/example_branch_operator.py for tasks to queue
[2023-11-04 21:31:15,120] {logging_mixin.py:115} INFO - [2023-11-04 21:31:15,120] {dagbag.py:508} INFO - Filling up the DagBag from /home/airflow/.local/lib/python3.7/site-packages/airflow/example_dags/example_branch_operator.py
[2023-11-04 21:31:15,137] {processor.py:651} INFO - DAG(s) dict_keys(['example_branch_operator']) retrieved from /home/airflow/.local/lib/python3.7/site-packages/airflow/example_dags/example_branch_operator.py
[2023-11-04 21:31:15,290] {logging_mixin.py:115} INFO - [2023-11-04 21:31:15,290] {dag.py:2420} INFO - Sync 1 DAGs
[2023-11-04 21:31:15,315] {logging_mixin.py:115} INFO - [2023-11-04 21:31:15,315] {dag.py:2972} INFO - Setting next_dagrun for example_branch_operator to 2023-11-03T00:00:00+00:00, run_after=2023-11-04T00:00:00+00:00
[2023-11-04 21:31:15,328] {processor.py:161} INFO - Processing /home/airflow/.local/lib/python3.7/site-packages/airflow/example_dags/example_branch_operator.py took 0.214 seconds
[2023-11-04 21:31:45,960] {processor.py:153} INFO - Started process (PID=1941) to work on /home/airflow/.local/lib/python3.7/site-packages/airflow/example_dags/example_branch_operator.py
[2023-11-04 21:31:45,961] {processor.py:641} INFO - Processing file /home/airflow/.local/lib/python3.7/site-packages/airflow/example_dags/example_branch_operator.py for tasks to queue
[2023-11-04 21:31:45,962] {logging_mixin.py:115} INFO - [2023-11-04 21:31:45,962] {dagbag.py:508} INFO - Filling up the DagBag from /home/airflow/.local/lib/python3.7/site-packages/airflow/example_dags/example_branch_operator.py
[2023-11-04 21:31:45,984] {processor.py:651} INFO - DAG(s) dict_keys(['example_branch_operator']) retrieved from /home/airflow/.local/lib/python3.7/site-packages/airflow/example_dags/example_branch_operator.py
[2023-11-04 21:31:46,177] {logging_mixin.py:115} INFO - [2023-11-04 21:31:46,177] {dag.py:2420} INFO - Sync 1 DAGs
[2023-11-04 21:31:46,204] {logging_mixin.py:115} INFO - [2023-11-04 21:31:46,204] {dag.py:2972} INFO - Setting next_dagrun for example_branch_operator to 2023-11-03T00:00:00+00:00, run_after=2023-11-04T00:00:00+00:00
[2023-11-04 21:31:46,216] {processor.py:161} INFO - Processing /home/airflow/.local/lib/python3.7/site-packages/airflow/example_dags/example_branch_operator.py took 0.262 seconds
