[2023-11-04 20:57:51,734] {processor.py:153} INFO - Started process (PID=57) to work on /home/airflow/.local/lib/python3.7/site-packages/airflow/example_dags/example_branch_python_dop_operator_3.py
[2023-11-04 20:57:51,735] {processor.py:641} INFO - Processing file /home/airflow/.local/lib/python3.7/site-packages/airflow/example_dags/example_branch_python_dop_operator_3.py for tasks to queue
[2023-11-04 20:57:51,736] {logging_mixin.py:115} INFO - [2023-11-04 20:57:51,736] {dagbag.py:508} INFO - Filling up the DagBag from /home/airflow/.local/lib/python3.7/site-packages/airflow/example_dags/example_branch_python_dop_operator_3.py
[2023-11-04 20:57:51,751] {processor.py:651} INFO - DAG(s) dict_keys(['example_branch_dop_operator_v3']) retrieved from /home/airflow/.local/lib/python3.7/site-packages/airflow/example_dags/example_branch_python_dop_operator_3.py
[2023-11-04 20:57:51,870] {logging_mixin.py:115} INFO - [2023-11-04 20:57:51,870] {manager.py:508} INFO - Created Permission View: can delete on DAG:example_branch_dop_operator_v3
[2023-11-04 20:57:51,886] {logging_mixin.py:115} INFO - [2023-11-04 20:57:51,886] {manager.py:508} INFO - Created Permission View: can edit on DAG:example_branch_dop_operator_v3
[2023-11-04 20:57:51,895] {logging_mixin.py:115} INFO - [2023-11-04 20:57:51,895] {manager.py:508} INFO - Created Permission View: can read on DAG:example_branch_dop_operator_v3
[2023-11-04 20:57:51,896] {logging_mixin.py:115} INFO - [2023-11-04 20:57:51,896] {dag.py:2420} INFO - Sync 1 DAGs
[2023-11-04 20:57:51,906] {logging_mixin.py:115} INFO - [2023-11-04 20:57:51,906] {dag.py:2439} INFO - Creating ORM DAG for example_branch_dop_operator_v3
[2023-11-04 20:57:51,924] {logging_mixin.py:115} INFO - [2023-11-04 20:57:51,924] {dag.py:2972} INFO - Setting next_dagrun for example_branch_dop_operator_v3 to 2023-11-04T20:56:00+00:00, run_after=2023-11-04T20:57:00+00:00
[2023-11-04 20:57:51,939] {processor.py:161} INFO - Processing /home/airflow/.local/lib/python3.7/site-packages/airflow/example_dags/example_branch_python_dop_operator_3.py took 0.210 seconds
[2023-11-04 20:58:22,518] {processor.py:153} INFO - Started process (PID=109) to work on /home/airflow/.local/lib/python3.7/site-packages/airflow/example_dags/example_branch_python_dop_operator_3.py
[2023-11-04 20:58:22,519] {processor.py:641} INFO - Processing file /home/airflow/.local/lib/python3.7/site-packages/airflow/example_dags/example_branch_python_dop_operator_3.py for tasks to queue
[2023-11-04 20:58:22,520] {logging_mixin.py:115} INFO - [2023-11-04 20:58:22,520] {dagbag.py:508} INFO - Filling up the DagBag from /home/airflow/.local/lib/python3.7/site-packages/airflow/example_dags/example_branch_python_dop_operator_3.py
[2023-11-04 20:58:22,531] {processor.py:651} INFO - DAG(s) dict_keys(['example_branch_dop_operator_v3']) retrieved from /home/airflow/.local/lib/python3.7/site-packages/airflow/example_dags/example_branch_python_dop_operator_3.py
[2023-11-04 20:58:22,559] {logging_mixin.py:115} INFO - [2023-11-04 20:58:22,558] {dag.py:2420} INFO - Sync 1 DAGs
[2023-11-04 20:58:22,589] {logging_mixin.py:115} INFO - [2023-11-04 20:58:22,589] {dag.py:2972} INFO - Setting next_dagrun for example_branch_dop_operator_v3 to 2023-11-04T20:57:00+00:00, run_after=2023-11-04T20:58:00+00:00
[2023-11-04 20:58:22,601] {processor.py:161} INFO - Processing /home/airflow/.local/lib/python3.7/site-packages/airflow/example_dags/example_branch_python_dop_operator_3.py took 0.088 seconds
[2023-11-04 20:58:52,646] {processor.py:153} INFO - Started process (PID=186) to work on /home/airflow/.local/lib/python3.7/site-packages/airflow/example_dags/example_branch_python_dop_operator_3.py
[2023-11-04 20:58:52,647] {processor.py:641} INFO - Processing file /home/airflow/.local/lib/python3.7/site-packages/airflow/example_dags/example_branch_python_dop_operator_3.py for tasks to queue
[2023-11-04 20:58:52,648] {logging_mixin.py:115} INFO - [2023-11-04 20:58:52,648] {dagbag.py:508} INFO - Filling up the DagBag from /home/airflow/.local/lib/python3.7/site-packages/airflow/example_dags/example_branch_python_dop_operator_3.py
[2023-11-04 20:58:52,658] {processor.py:651} INFO - DAG(s) dict_keys(['example_branch_dop_operator_v3']) retrieved from /home/airflow/.local/lib/python3.7/site-packages/airflow/example_dags/example_branch_python_dop_operator_3.py
[2023-11-04 20:58:52,685] {logging_mixin.py:115} INFO - [2023-11-04 20:58:52,685] {dag.py:2420} INFO - Sync 1 DAGs
[2023-11-04 20:58:52,713] {logging_mixin.py:115} INFO - [2023-11-04 20:58:52,713] {dag.py:2972} INFO - Setting next_dagrun for example_branch_dop_operator_v3 to 2023-11-04T20:57:00+00:00, run_after=2023-11-04T20:58:00+00:00
[2023-11-04 20:58:52,725] {processor.py:161} INFO - Processing /home/airflow/.local/lib/python3.7/site-packages/airflow/example_dags/example_branch_python_dop_operator_3.py took 0.083 seconds
[2023-11-04 20:59:23,069] {processor.py:153} INFO - Started process (PID=245) to work on /home/airflow/.local/lib/python3.7/site-packages/airflow/example_dags/example_branch_python_dop_operator_3.py
[2023-11-04 20:59:23,070] {processor.py:641} INFO - Processing file /home/airflow/.local/lib/python3.7/site-packages/airflow/example_dags/example_branch_python_dop_operator_3.py for tasks to queue
[2023-11-04 20:59:23,091] {logging_mixin.py:115} INFO - [2023-11-04 20:59:23,091] {dagbag.py:508} INFO - Filling up the DagBag from /home/airflow/.local/lib/python3.7/site-packages/airflow/example_dags/example_branch_python_dop_operator_3.py
[2023-11-04 20:59:23,102] {processor.py:651} INFO - DAG(s) dict_keys(['example_branch_dop_operator_v3']) retrieved from /home/airflow/.local/lib/python3.7/site-packages/airflow/example_dags/example_branch_python_dop_operator_3.py
[2023-11-04 20:59:23,131] {logging_mixin.py:115} INFO - [2023-11-04 20:59:23,131] {dag.py:2420} INFO - Sync 1 DAGs
[2023-11-04 20:59:23,179] {logging_mixin.py:115} INFO - [2023-11-04 20:59:23,179] {dag.py:2972} INFO - Setting next_dagrun for example_branch_dop_operator_v3 to 2023-11-04T20:58:00+00:00, run_after=2023-11-04T20:59:00+00:00
[2023-11-04 20:59:23,195] {processor.py:161} INFO - Processing /home/airflow/.local/lib/python3.7/site-packages/airflow/example_dags/example_branch_python_dop_operator_3.py took 0.131 seconds
[2023-11-04 20:59:53,798] {processor.py:153} INFO - Started process (PID=299) to work on /home/airflow/.local/lib/python3.7/site-packages/airflow/example_dags/example_branch_python_dop_operator_3.py
[2023-11-04 20:59:53,799] {processor.py:641} INFO - Processing file /home/airflow/.local/lib/python3.7/site-packages/airflow/example_dags/example_branch_python_dop_operator_3.py for tasks to queue
[2023-11-04 20:59:53,800] {logging_mixin.py:115} INFO - [2023-11-04 20:59:53,800] {dagbag.py:508} INFO - Filling up the DagBag from /home/airflow/.local/lib/python3.7/site-packages/airflow/example_dags/example_branch_python_dop_operator_3.py
[2023-11-04 20:59:53,811] {processor.py:651} INFO - DAG(s) dict_keys(['example_branch_dop_operator_v3']) retrieved from /home/airflow/.local/lib/python3.7/site-packages/airflow/example_dags/example_branch_python_dop_operator_3.py
[2023-11-04 20:59:53,837] {logging_mixin.py:115} INFO - [2023-11-04 20:59:53,837] {dag.py:2420} INFO - Sync 1 DAGs
[2023-11-04 20:59:53,869] {logging_mixin.py:115} INFO - [2023-11-04 20:59:53,869] {dag.py:2972} INFO - Setting next_dagrun for example_branch_dop_operator_v3 to 2023-11-04T20:58:00+00:00, run_after=2023-11-04T20:59:00+00:00
[2023-11-04 20:59:53,884] {processor.py:161} INFO - Processing /home/airflow/.local/lib/python3.7/site-packages/airflow/example_dags/example_branch_python_dop_operator_3.py took 0.089 seconds
[2023-11-04 21:00:24,000] {processor.py:153} INFO - Started process (PID=360) to work on /home/airflow/.local/lib/python3.7/site-packages/airflow/example_dags/example_branch_python_dop_operator_3.py
[2023-11-04 21:00:24,001] {processor.py:641} INFO - Processing file /home/airflow/.local/lib/python3.7/site-packages/airflow/example_dags/example_branch_python_dop_operator_3.py for tasks to queue
[2023-11-04 21:00:24,002] {logging_mixin.py:115} INFO - [2023-11-04 21:00:24,002] {dagbag.py:508} INFO - Filling up the DagBag from /home/airflow/.local/lib/python3.7/site-packages/airflow/example_dags/example_branch_python_dop_operator_3.py
[2023-11-04 21:00:24,019] {processor.py:651} INFO - DAG(s) dict_keys(['example_branch_dop_operator_v3']) retrieved from /home/airflow/.local/lib/python3.7/site-packages/airflow/example_dags/example_branch_python_dop_operator_3.py
[2023-11-04 21:00:24,051] {logging_mixin.py:115} INFO - [2023-11-04 21:00:24,051] {dag.py:2420} INFO - Sync 1 DAGs
[2023-11-04 21:00:24,091] {logging_mixin.py:115} INFO - [2023-11-04 21:00:24,091] {dag.py:2972} INFO - Setting next_dagrun for example_branch_dop_operator_v3 to 2023-11-04T20:59:00+00:00, run_after=2023-11-04T21:00:00+00:00
[2023-11-04 21:00:24,107] {processor.py:161} INFO - Processing /home/airflow/.local/lib/python3.7/site-packages/airflow/example_dags/example_branch_python_dop_operator_3.py took 0.111 seconds
[2023-11-04 21:00:54,223] {processor.py:153} INFO - Started process (PID=412) to work on /home/airflow/.local/lib/python3.7/site-packages/airflow/example_dags/example_branch_python_dop_operator_3.py
[2023-11-04 21:00:54,224] {processor.py:641} INFO - Processing file /home/airflow/.local/lib/python3.7/site-packages/airflow/example_dags/example_branch_python_dop_operator_3.py for tasks to queue
[2023-11-04 21:00:54,225] {logging_mixin.py:115} INFO - [2023-11-04 21:00:54,225] {dagbag.py:508} INFO - Filling up the DagBag from /home/airflow/.local/lib/python3.7/site-packages/airflow/example_dags/example_branch_python_dop_operator_3.py
[2023-11-04 21:00:54,238] {processor.py:651} INFO - DAG(s) dict_keys(['example_branch_dop_operator_v3']) retrieved from /home/airflow/.local/lib/python3.7/site-packages/airflow/example_dags/example_branch_python_dop_operator_3.py
[2023-11-04 21:00:54,266] {logging_mixin.py:115} INFO - [2023-11-04 21:00:54,266] {dag.py:2420} INFO - Sync 1 DAGs
[2023-11-04 21:00:54,296] {logging_mixin.py:115} INFO - [2023-11-04 21:00:54,296] {dag.py:2972} INFO - Setting next_dagrun for example_branch_dop_operator_v3 to 2023-11-04T20:59:00+00:00, run_after=2023-11-04T21:00:00+00:00
[2023-11-04 21:00:54,308] {processor.py:161} INFO - Processing /home/airflow/.local/lib/python3.7/site-packages/airflow/example_dags/example_branch_python_dop_operator_3.py took 0.090 seconds
[2023-11-04 21:01:24,726] {processor.py:153} INFO - Started process (PID=473) to work on /home/airflow/.local/lib/python3.7/site-packages/airflow/example_dags/example_branch_python_dop_operator_3.py
[2023-11-04 21:01:24,728] {processor.py:641} INFO - Processing file /home/airflow/.local/lib/python3.7/site-packages/airflow/example_dags/example_branch_python_dop_operator_3.py for tasks to queue
[2023-11-04 21:01:24,729] {logging_mixin.py:115} INFO - [2023-11-04 21:01:24,729] {dagbag.py:508} INFO - Filling up the DagBag from /home/airflow/.local/lib/python3.7/site-packages/airflow/example_dags/example_branch_python_dop_operator_3.py
[2023-11-04 21:01:24,747] {processor.py:651} INFO - DAG(s) dict_keys(['example_branch_dop_operator_v3']) retrieved from /home/airflow/.local/lib/python3.7/site-packages/airflow/example_dags/example_branch_python_dop_operator_3.py
[2023-11-04 21:01:24,792] {logging_mixin.py:115} INFO - [2023-11-04 21:01:24,792] {dag.py:2420} INFO - Sync 1 DAGs
[2023-11-04 21:01:24,908] {logging_mixin.py:115} INFO - [2023-11-04 21:01:24,907] {dag.py:2972} INFO - Setting next_dagrun for example_branch_dop_operator_v3 to 2023-11-04T21:00:00+00:00, run_after=2023-11-04T21:01:00+00:00
[2023-11-04 21:01:24,949] {processor.py:161} INFO - Processing /home/airflow/.local/lib/python3.7/site-packages/airflow/example_dags/example_branch_python_dop_operator_3.py took 0.229 seconds
[2023-11-04 21:01:55,955] {processor.py:153} INFO - Started process (PID=534) to work on /home/airflow/.local/lib/python3.7/site-packages/airflow/example_dags/example_branch_python_dop_operator_3.py
[2023-11-04 21:01:55,956] {processor.py:641} INFO - Processing file /home/airflow/.local/lib/python3.7/site-packages/airflow/example_dags/example_branch_python_dop_operator_3.py for tasks to queue
[2023-11-04 21:01:55,957] {logging_mixin.py:115} INFO - [2023-11-04 21:01:55,956] {dagbag.py:508} INFO - Filling up the DagBag from /home/airflow/.local/lib/python3.7/site-packages/airflow/example_dags/example_branch_python_dop_operator_3.py
[2023-11-04 21:01:55,967] {processor.py:651} INFO - DAG(s) dict_keys(['example_branch_dop_operator_v3']) retrieved from /home/airflow/.local/lib/python3.7/site-packages/airflow/example_dags/example_branch_python_dop_operator_3.py
[2023-11-04 21:01:55,993] {logging_mixin.py:115} INFO - [2023-11-04 21:01:55,993] {dag.py:2420} INFO - Sync 1 DAGs
[2023-11-04 21:01:56,020] {logging_mixin.py:115} INFO - [2023-11-04 21:01:56,020] {dag.py:2972} INFO - Setting next_dagrun for example_branch_dop_operator_v3 to 2023-11-04T21:00:00+00:00, run_after=2023-11-04T21:01:00+00:00
[2023-11-04 21:01:56,032] {processor.py:161} INFO - Processing /home/airflow/.local/lib/python3.7/site-packages/airflow/example_dags/example_branch_python_dop_operator_3.py took 0.080 seconds
[2023-11-04 21:02:26,795] {processor.py:153} INFO - Started process (PID=586) to work on /home/airflow/.local/lib/python3.7/site-packages/airflow/example_dags/example_branch_python_dop_operator_3.py
[2023-11-04 21:02:26,796] {processor.py:641} INFO - Processing file /home/airflow/.local/lib/python3.7/site-packages/airflow/example_dags/example_branch_python_dop_operator_3.py for tasks to queue
[2023-11-04 21:02:26,797] {logging_mixin.py:115} INFO - [2023-11-04 21:02:26,797] {dagbag.py:508} INFO - Filling up the DagBag from /home/airflow/.local/lib/python3.7/site-packages/airflow/example_dags/example_branch_python_dop_operator_3.py
[2023-11-04 21:02:26,807] {processor.py:651} INFO - DAG(s) dict_keys(['example_branch_dop_operator_v3']) retrieved from /home/airflow/.local/lib/python3.7/site-packages/airflow/example_dags/example_branch_python_dop_operator_3.py
[2023-11-04 21:02:26,835] {logging_mixin.py:115} INFO - [2023-11-04 21:02:26,835] {dag.py:2420} INFO - Sync 1 DAGs
[2023-11-04 21:02:26,863] {logging_mixin.py:115} INFO - [2023-11-04 21:02:26,863] {dag.py:2972} INFO - Setting next_dagrun for example_branch_dop_operator_v3 to 2023-11-04T21:01:00+00:00, run_after=2023-11-04T21:02:00+00:00
[2023-11-04 21:02:26,875] {processor.py:161} INFO - Processing /home/airflow/.local/lib/python3.7/site-packages/airflow/example_dags/example_branch_python_dop_operator_3.py took 0.083 seconds
[2023-11-04 21:02:57,363] {processor.py:153} INFO - Started process (PID=647) to work on /home/airflow/.local/lib/python3.7/site-packages/airflow/example_dags/example_branch_python_dop_operator_3.py
[2023-11-04 21:02:57,382] {processor.py:641} INFO - Processing file /home/airflow/.local/lib/python3.7/site-packages/airflow/example_dags/example_branch_python_dop_operator_3.py for tasks to queue
[2023-11-04 21:02:57,384] {logging_mixin.py:115} INFO - [2023-11-04 21:02:57,384] {dagbag.py:508} INFO - Filling up the DagBag from /home/airflow/.local/lib/python3.7/site-packages/airflow/example_dags/example_branch_python_dop_operator_3.py
[2023-11-04 21:02:57,401] {processor.py:651} INFO - DAG(s) dict_keys(['example_branch_dop_operator_v3']) retrieved from /home/airflow/.local/lib/python3.7/site-packages/airflow/example_dags/example_branch_python_dop_operator_3.py
[2023-11-04 21:02:57,454] {logging_mixin.py:115} INFO - [2023-11-04 21:02:57,454] {dag.py:2420} INFO - Sync 1 DAGs
[2023-11-04 21:02:57,545] {logging_mixin.py:115} INFO - [2023-11-04 21:02:57,545] {dag.py:2972} INFO - Setting next_dagrun for example_branch_dop_operator_v3 to 2023-11-04T21:01:00+00:00, run_after=2023-11-04T21:02:00+00:00
[2023-11-04 21:02:57,574] {processor.py:161} INFO - Processing /home/airflow/.local/lib/python3.7/site-packages/airflow/example_dags/example_branch_python_dop_operator_3.py took 0.219 seconds
[2023-11-04 21:03:27,621] {processor.py:153} INFO - Started process (PID=708) to work on /home/airflow/.local/lib/python3.7/site-packages/airflow/example_dags/example_branch_python_dop_operator_3.py
[2023-11-04 21:03:27,622] {processor.py:641} INFO - Processing file /home/airflow/.local/lib/python3.7/site-packages/airflow/example_dags/example_branch_python_dop_operator_3.py for tasks to queue
[2023-11-04 21:03:27,623] {logging_mixin.py:115} INFO - [2023-11-04 21:03:27,623] {dagbag.py:508} INFO - Filling up the DagBag from /home/airflow/.local/lib/python3.7/site-packages/airflow/example_dags/example_branch_python_dop_operator_3.py
[2023-11-04 21:03:27,636] {processor.py:651} INFO - DAG(s) dict_keys(['example_branch_dop_operator_v3']) retrieved from /home/airflow/.local/lib/python3.7/site-packages/airflow/example_dags/example_branch_python_dop_operator_3.py
[2023-11-04 21:03:27,666] {logging_mixin.py:115} INFO - [2023-11-04 21:03:27,666] {dag.py:2420} INFO - Sync 1 DAGs
[2023-11-04 21:03:27,699] {logging_mixin.py:115} INFO - [2023-11-04 21:03:27,699] {dag.py:2972} INFO - Setting next_dagrun for example_branch_dop_operator_v3 to 2023-11-04T21:02:00+00:00, run_after=2023-11-04T21:03:00+00:00
[2023-11-04 21:03:27,714] {processor.py:161} INFO - Processing /home/airflow/.local/lib/python3.7/site-packages/airflow/example_dags/example_branch_python_dop_operator_3.py took 0.097 seconds
[2023-11-04 21:03:57,899] {processor.py:153} INFO - Started process (PID=760) to work on /home/airflow/.local/lib/python3.7/site-packages/airflow/example_dags/example_branch_python_dop_operator_3.py
[2023-11-04 21:03:57,899] {processor.py:641} INFO - Processing file /home/airflow/.local/lib/python3.7/site-packages/airflow/example_dags/example_branch_python_dop_operator_3.py for tasks to queue
[2023-11-04 21:03:57,900] {logging_mixin.py:115} INFO - [2023-11-04 21:03:57,900] {dagbag.py:508} INFO - Filling up the DagBag from /home/airflow/.local/lib/python3.7/site-packages/airflow/example_dags/example_branch_python_dop_operator_3.py
[2023-11-04 21:03:57,912] {processor.py:651} INFO - DAG(s) dict_keys(['example_branch_dop_operator_v3']) retrieved from /home/airflow/.local/lib/python3.7/site-packages/airflow/example_dags/example_branch_python_dop_operator_3.py
[2023-11-04 21:03:57,939] {logging_mixin.py:115} INFO - [2023-11-04 21:03:57,939] {dag.py:2420} INFO - Sync 1 DAGs
[2023-11-04 21:03:57,969] {logging_mixin.py:115} INFO - [2023-11-04 21:03:57,969] {dag.py:2972} INFO - Setting next_dagrun for example_branch_dop_operator_v3 to 2023-11-04T21:02:00+00:00, run_after=2023-11-04T21:03:00+00:00
[2023-11-04 21:03:57,983] {processor.py:161} INFO - Processing /home/airflow/.local/lib/python3.7/site-packages/airflow/example_dags/example_branch_python_dop_operator_3.py took 0.088 seconds
[2023-11-04 21:04:28,147] {processor.py:153} INFO - Started process (PID=821) to work on /home/airflow/.local/lib/python3.7/site-packages/airflow/example_dags/example_branch_python_dop_operator_3.py
[2023-11-04 21:04:28,151] {processor.py:641} INFO - Processing file /home/airflow/.local/lib/python3.7/site-packages/airflow/example_dags/example_branch_python_dop_operator_3.py for tasks to queue
[2023-11-04 21:04:28,152] {logging_mixin.py:115} INFO - [2023-11-04 21:04:28,152] {dagbag.py:508} INFO - Filling up the DagBag from /home/airflow/.local/lib/python3.7/site-packages/airflow/example_dags/example_branch_python_dop_operator_3.py
[2023-11-04 21:04:28,162] {processor.py:651} INFO - DAG(s) dict_keys(['example_branch_dop_operator_v3']) retrieved from /home/airflow/.local/lib/python3.7/site-packages/airflow/example_dags/example_branch_python_dop_operator_3.py
[2023-11-04 21:04:28,188] {logging_mixin.py:115} INFO - [2023-11-04 21:04:28,188] {dag.py:2420} INFO - Sync 1 DAGs
[2023-11-04 21:04:28,215] {logging_mixin.py:115} INFO - [2023-11-04 21:04:28,215] {dag.py:2972} INFO - Setting next_dagrun for example_branch_dop_operator_v3 to 2023-11-04T21:03:00+00:00, run_after=2023-11-04T21:04:00+00:00
[2023-11-04 21:04:28,227] {processor.py:161} INFO - Processing /home/airflow/.local/lib/python3.7/site-packages/airflow/example_dags/example_branch_python_dop_operator_3.py took 0.084 seconds
[2023-11-04 21:04:58,267] {processor.py:153} INFO - Started process (PID=873) to work on /home/airflow/.local/lib/python3.7/site-packages/airflow/example_dags/example_branch_python_dop_operator_3.py
[2023-11-04 21:04:58,268] {processor.py:641} INFO - Processing file /home/airflow/.local/lib/python3.7/site-packages/airflow/example_dags/example_branch_python_dop_operator_3.py for tasks to queue
[2023-11-04 21:04:58,269] {logging_mixin.py:115} INFO - [2023-11-04 21:04:58,268] {dagbag.py:508} INFO - Filling up the DagBag from /home/airflow/.local/lib/python3.7/site-packages/airflow/example_dags/example_branch_python_dop_operator_3.py
[2023-11-04 21:04:58,279] {processor.py:651} INFO - DAG(s) dict_keys(['example_branch_dop_operator_v3']) retrieved from /home/airflow/.local/lib/python3.7/site-packages/airflow/example_dags/example_branch_python_dop_operator_3.py
[2023-11-04 21:04:58,306] {logging_mixin.py:115} INFO - [2023-11-04 21:04:58,305] {dag.py:2420} INFO - Sync 1 DAGs
[2023-11-04 21:04:58,344] {logging_mixin.py:115} INFO - [2023-11-04 21:04:58,344] {dag.py:2972} INFO - Setting next_dagrun for example_branch_dop_operator_v3 to 2023-11-04T21:03:00+00:00, run_after=2023-11-04T21:04:00+00:00
[2023-11-04 21:04:58,365] {processor.py:161} INFO - Processing /home/airflow/.local/lib/python3.7/site-packages/airflow/example_dags/example_branch_python_dop_operator_3.py took 0.101 seconds
[2023-11-04 21:05:29,092] {processor.py:153} INFO - Started process (PID=934) to work on /home/airflow/.local/lib/python3.7/site-packages/airflow/example_dags/example_branch_python_dop_operator_3.py
[2023-11-04 21:05:29,093] {processor.py:641} INFO - Processing file /home/airflow/.local/lib/python3.7/site-packages/airflow/example_dags/example_branch_python_dop_operator_3.py for tasks to queue
[2023-11-04 21:05:29,094] {logging_mixin.py:115} INFO - [2023-11-04 21:05:29,094] {dagbag.py:508} INFO - Filling up the DagBag from /home/airflow/.local/lib/python3.7/site-packages/airflow/example_dags/example_branch_python_dop_operator_3.py
[2023-11-04 21:05:29,106] {processor.py:651} INFO - DAG(s) dict_keys(['example_branch_dop_operator_v3']) retrieved from /home/airflow/.local/lib/python3.7/site-packages/airflow/example_dags/example_branch_python_dop_operator_3.py
[2023-11-04 21:05:29,133] {logging_mixin.py:115} INFO - [2023-11-04 21:05:29,133] {dag.py:2420} INFO - Sync 1 DAGs
[2023-11-04 21:05:29,165] {logging_mixin.py:115} INFO - [2023-11-04 21:05:29,164] {dag.py:2972} INFO - Setting next_dagrun for example_branch_dop_operator_v3 to 2023-11-04T21:04:00+00:00, run_after=2023-11-04T21:05:00+00:00
[2023-11-04 21:05:29,178] {processor.py:161} INFO - Processing /home/airflow/.local/lib/python3.7/site-packages/airflow/example_dags/example_branch_python_dop_operator_3.py took 0.090 seconds
[2023-11-04 21:06:13,208] {processor.py:153} INFO - Started process (PID=57) to work on /home/airflow/.local/lib/python3.7/site-packages/airflow/example_dags/example_branch_python_dop_operator_3.py
[2023-11-04 21:06:13,210] {processor.py:641} INFO - Processing file /home/airflow/.local/lib/python3.7/site-packages/airflow/example_dags/example_branch_python_dop_operator_3.py for tasks to queue
[2023-11-04 21:06:13,211] {logging_mixin.py:115} INFO - [2023-11-04 21:06:13,211] {dagbag.py:508} INFO - Filling up the DagBag from /home/airflow/.local/lib/python3.7/site-packages/airflow/example_dags/example_branch_python_dop_operator_3.py
[2023-11-04 21:06:13,237] {processor.py:651} INFO - DAG(s) dict_keys(['example_branch_dop_operator_v3']) retrieved from /home/airflow/.local/lib/python3.7/site-packages/airflow/example_dags/example_branch_python_dop_operator_3.py
[2023-11-04 21:06:13,291] {logging_mixin.py:115} INFO - [2023-11-04 21:06:13,291] {dag.py:2420} INFO - Sync 1 DAGs
[2023-11-04 21:06:13,494] {logging_mixin.py:115} INFO - [2023-11-04 21:06:13,494] {dag.py:2972} INFO - Setting next_dagrun for example_branch_dop_operator_v3 to 2023-11-04T21:05:00+00:00, run_after=2023-11-04T21:06:00+00:00
[2023-11-04 21:06:13,543] {processor.py:161} INFO - Processing /home/airflow/.local/lib/python3.7/site-packages/airflow/example_dags/example_branch_python_dop_operator_3.py took 0.341 seconds
[2023-11-04 21:06:43,931] {processor.py:153} INFO - Started process (PID=110) to work on /home/airflow/.local/lib/python3.7/site-packages/airflow/example_dags/example_branch_python_dop_operator_3.py
[2023-11-04 21:06:43,932] {processor.py:641} INFO - Processing file /home/airflow/.local/lib/python3.7/site-packages/airflow/example_dags/example_branch_python_dop_operator_3.py for tasks to queue
[2023-11-04 21:06:43,933] {logging_mixin.py:115} INFO - [2023-11-04 21:06:43,933] {dagbag.py:508} INFO - Filling up the DagBag from /home/airflow/.local/lib/python3.7/site-packages/airflow/example_dags/example_branch_python_dop_operator_3.py
[2023-11-04 21:06:43,945] {processor.py:651} INFO - DAG(s) dict_keys(['example_branch_dop_operator_v3']) retrieved from /home/airflow/.local/lib/python3.7/site-packages/airflow/example_dags/example_branch_python_dop_operator_3.py
[2023-11-04 21:06:43,978] {logging_mixin.py:115} INFO - [2023-11-04 21:06:43,978] {dag.py:2420} INFO - Sync 1 DAGs
[2023-11-04 21:06:44,112] {logging_mixin.py:115} INFO - [2023-11-04 21:06:44,112] {dag.py:2972} INFO - Setting next_dagrun for example_branch_dop_operator_v3 to 2023-11-04T21:05:00+00:00, run_after=2023-11-04T21:06:00+00:00
[2023-11-04 21:06:44,124] {processor.py:161} INFO - Processing /home/airflow/.local/lib/python3.7/site-packages/airflow/example_dags/example_branch_python_dop_operator_3.py took 0.197 seconds
[2023-11-04 21:07:14,193] {processor.py:153} INFO - Started process (PID=172) to work on /home/airflow/.local/lib/python3.7/site-packages/airflow/example_dags/example_branch_python_dop_operator_3.py
[2023-11-04 21:07:14,194] {processor.py:641} INFO - Processing file /home/airflow/.local/lib/python3.7/site-packages/airflow/example_dags/example_branch_python_dop_operator_3.py for tasks to queue
[2023-11-04 21:07:14,195] {logging_mixin.py:115} INFO - [2023-11-04 21:07:14,195] {dagbag.py:508} INFO - Filling up the DagBag from /home/airflow/.local/lib/python3.7/site-packages/airflow/example_dags/example_branch_python_dop_operator_3.py
[2023-11-04 21:07:14,205] {processor.py:651} INFO - DAG(s) dict_keys(['example_branch_dop_operator_v3']) retrieved from /home/airflow/.local/lib/python3.7/site-packages/airflow/example_dags/example_branch_python_dop_operator_3.py
[2023-11-04 21:07:14,234] {logging_mixin.py:115} INFO - [2023-11-04 21:07:14,233] {dag.py:2420} INFO - Sync 1 DAGs
[2023-11-04 21:07:14,369] {logging_mixin.py:115} INFO - [2023-11-04 21:07:14,369] {dag.py:2972} INFO - Setting next_dagrun for example_branch_dop_operator_v3 to 2023-11-04T21:06:00+00:00, run_after=2023-11-04T21:07:00+00:00
[2023-11-04 21:07:14,382] {processor.py:161} INFO - Processing /home/airflow/.local/lib/python3.7/site-packages/airflow/example_dags/example_branch_python_dop_operator_3.py took 0.192 seconds
[2023-11-04 21:07:44,506] {processor.py:153} INFO - Started process (PID=225) to work on /home/airflow/.local/lib/python3.7/site-packages/airflow/example_dags/example_branch_python_dop_operator_3.py
[2023-11-04 21:07:44,507] {processor.py:641} INFO - Processing file /home/airflow/.local/lib/python3.7/site-packages/airflow/example_dags/example_branch_python_dop_operator_3.py for tasks to queue
[2023-11-04 21:07:44,508] {logging_mixin.py:115} INFO - [2023-11-04 21:07:44,508] {dagbag.py:508} INFO - Filling up the DagBag from /home/airflow/.local/lib/python3.7/site-packages/airflow/example_dags/example_branch_python_dop_operator_3.py
[2023-11-04 21:07:44,520] {processor.py:651} INFO - DAG(s) dict_keys(['example_branch_dop_operator_v3']) retrieved from /home/airflow/.local/lib/python3.7/site-packages/airflow/example_dags/example_branch_python_dop_operator_3.py
[2023-11-04 21:07:44,550] {logging_mixin.py:115} INFO - [2023-11-04 21:07:44,550] {dag.py:2420} INFO - Sync 1 DAGs
[2023-11-04 21:07:44,714] {logging_mixin.py:115} INFO - [2023-11-04 21:07:44,714] {dag.py:2972} INFO - Setting next_dagrun for example_branch_dop_operator_v3 to 2023-11-04T21:06:00+00:00, run_after=2023-11-04T21:07:00+00:00
[2023-11-04 21:07:44,728] {processor.py:161} INFO - Processing /home/airflow/.local/lib/python3.7/site-packages/airflow/example_dags/example_branch_python_dop_operator_3.py took 0.226 seconds
[2023-11-04 21:08:14,921] {processor.py:153} INFO - Started process (PID=287) to work on /home/airflow/.local/lib/python3.7/site-packages/airflow/example_dags/example_branch_python_dop_operator_3.py
[2023-11-04 21:08:14,922] {processor.py:641} INFO - Processing file /home/airflow/.local/lib/python3.7/site-packages/airflow/example_dags/example_branch_python_dop_operator_3.py for tasks to queue
[2023-11-04 21:08:14,922] {logging_mixin.py:115} INFO - [2023-11-04 21:08:14,922] {dagbag.py:508} INFO - Filling up the DagBag from /home/airflow/.local/lib/python3.7/site-packages/airflow/example_dags/example_branch_python_dop_operator_3.py
[2023-11-04 21:08:14,932] {processor.py:651} INFO - DAG(s) dict_keys(['example_branch_dop_operator_v3']) retrieved from /home/airflow/.local/lib/python3.7/site-packages/airflow/example_dags/example_branch_python_dop_operator_3.py
[2023-11-04 21:08:14,960] {logging_mixin.py:115} INFO - [2023-11-04 21:08:14,960] {dag.py:2420} INFO - Sync 1 DAGs
[2023-11-04 21:08:15,096] {logging_mixin.py:115} INFO - [2023-11-04 21:08:15,096] {dag.py:2972} INFO - Setting next_dagrun for example_branch_dop_operator_v3 to 2023-11-04T21:07:00+00:00, run_after=2023-11-04T21:08:00+00:00
[2023-11-04 21:08:15,138] {processor.py:161} INFO - Processing /home/airflow/.local/lib/python3.7/site-packages/airflow/example_dags/example_branch_python_dop_operator_3.py took 0.221 seconds
[2023-11-04 21:08:45,283] {processor.py:153} INFO - Started process (PID=350) to work on /home/airflow/.local/lib/python3.7/site-packages/airflow/example_dags/example_branch_python_dop_operator_3.py
[2023-11-04 21:08:45,284] {processor.py:641} INFO - Processing file /home/airflow/.local/lib/python3.7/site-packages/airflow/example_dags/example_branch_python_dop_operator_3.py for tasks to queue
[2023-11-04 21:08:45,285] {logging_mixin.py:115} INFO - [2023-11-04 21:08:45,285] {dagbag.py:508} INFO - Filling up the DagBag from /home/airflow/.local/lib/python3.7/site-packages/airflow/example_dags/example_branch_python_dop_operator_3.py
[2023-11-04 21:08:45,296] {processor.py:651} INFO - DAG(s) dict_keys(['example_branch_dop_operator_v3']) retrieved from /home/airflow/.local/lib/python3.7/site-packages/airflow/example_dags/example_branch_python_dop_operator_3.py
[2023-11-04 21:08:45,327] {logging_mixin.py:115} INFO - [2023-11-04 21:08:45,327] {dag.py:2420} INFO - Sync 1 DAGs
[2023-11-04 21:08:45,465] {logging_mixin.py:115} INFO - [2023-11-04 21:08:45,464] {dag.py:2972} INFO - Setting next_dagrun for example_branch_dop_operator_v3 to 2023-11-04T21:07:00+00:00, run_after=2023-11-04T21:08:00+00:00
[2023-11-04 21:08:45,477] {processor.py:161} INFO - Processing /home/airflow/.local/lib/python3.7/site-packages/airflow/example_dags/example_branch_python_dop_operator_3.py took 0.198 seconds
[2023-11-04 21:09:15,975] {processor.py:153} INFO - Started process (PID=403) to work on /home/airflow/.local/lib/python3.7/site-packages/airflow/example_dags/example_branch_python_dop_operator_3.py
[2023-11-04 21:09:15,976] {processor.py:641} INFO - Processing file /home/airflow/.local/lib/python3.7/site-packages/airflow/example_dags/example_branch_python_dop_operator_3.py for tasks to queue
[2023-11-04 21:09:15,976] {logging_mixin.py:115} INFO - [2023-11-04 21:09:15,976] {dagbag.py:508} INFO - Filling up the DagBag from /home/airflow/.local/lib/python3.7/site-packages/airflow/example_dags/example_branch_python_dop_operator_3.py
[2023-11-04 21:09:15,987] {processor.py:651} INFO - DAG(s) dict_keys(['example_branch_dop_operator_v3']) retrieved from /home/airflow/.local/lib/python3.7/site-packages/airflow/example_dags/example_branch_python_dop_operator_3.py
[2023-11-04 21:09:16,016] {logging_mixin.py:115} INFO - [2023-11-04 21:09:16,016] {dag.py:2420} INFO - Sync 1 DAGs
[2023-11-04 21:09:16,163] {logging_mixin.py:115} INFO - [2023-11-04 21:09:16,163] {dag.py:2972} INFO - Setting next_dagrun for example_branch_dop_operator_v3 to 2023-11-04T21:08:00+00:00, run_after=2023-11-04T21:09:00+00:00
[2023-11-04 21:09:16,175] {processor.py:161} INFO - Processing /home/airflow/.local/lib/python3.7/site-packages/airflow/example_dags/example_branch_python_dop_operator_3.py took 0.204 seconds
[2023-11-04 21:09:46,998] {processor.py:153} INFO - Started process (PID=465) to work on /home/airflow/.local/lib/python3.7/site-packages/airflow/example_dags/example_branch_python_dop_operator_3.py
[2023-11-04 21:09:46,999] {processor.py:641} INFO - Processing file /home/airflow/.local/lib/python3.7/site-packages/airflow/example_dags/example_branch_python_dop_operator_3.py for tasks to queue
[2023-11-04 21:09:47,000] {logging_mixin.py:115} INFO - [2023-11-04 21:09:46,999] {dagbag.py:508} INFO - Filling up the DagBag from /home/airflow/.local/lib/python3.7/site-packages/airflow/example_dags/example_branch_python_dop_operator_3.py
[2023-11-04 21:09:47,009] {processor.py:651} INFO - DAG(s) dict_keys(['example_branch_dop_operator_v3']) retrieved from /home/airflow/.local/lib/python3.7/site-packages/airflow/example_dags/example_branch_python_dop_operator_3.py
[2023-11-04 21:09:47,038] {logging_mixin.py:115} INFO - [2023-11-04 21:09:47,038] {dag.py:2420} INFO - Sync 1 DAGs
[2023-11-04 21:09:47,188] {logging_mixin.py:115} INFO - [2023-11-04 21:09:47,188] {dag.py:2972} INFO - Setting next_dagrun for example_branch_dop_operator_v3 to 2023-11-04T21:08:00+00:00, run_after=2023-11-04T21:09:00+00:00
[2023-11-04 21:09:47,205] {processor.py:161} INFO - Processing /home/airflow/.local/lib/python3.7/site-packages/airflow/example_dags/example_branch_python_dop_operator_3.py took 0.210 seconds
[2023-11-04 21:10:17,443] {processor.py:153} INFO - Started process (PID=527) to work on /home/airflow/.local/lib/python3.7/site-packages/airflow/example_dags/example_branch_python_dop_operator_3.py
[2023-11-04 21:10:17,444] {processor.py:641} INFO - Processing file /home/airflow/.local/lib/python3.7/site-packages/airflow/example_dags/example_branch_python_dop_operator_3.py for tasks to queue
[2023-11-04 21:10:17,445] {logging_mixin.py:115} INFO - [2023-11-04 21:10:17,445] {dagbag.py:508} INFO - Filling up the DagBag from /home/airflow/.local/lib/python3.7/site-packages/airflow/example_dags/example_branch_python_dop_operator_3.py
[2023-11-04 21:10:17,458] {processor.py:651} INFO - DAG(s) dict_keys(['example_branch_dop_operator_v3']) retrieved from /home/airflow/.local/lib/python3.7/site-packages/airflow/example_dags/example_branch_python_dop_operator_3.py
[2023-11-04 21:10:17,493] {logging_mixin.py:115} INFO - [2023-11-04 21:10:17,493] {dag.py:2420} INFO - Sync 1 DAGs
[2023-11-04 21:10:17,648] {logging_mixin.py:115} INFO - [2023-11-04 21:10:17,648] {dag.py:2972} INFO - Setting next_dagrun for example_branch_dop_operator_v3 to 2023-11-04T21:09:00+00:00, run_after=2023-11-04T21:10:00+00:00
[2023-11-04 21:10:17,701] {processor.py:161} INFO - Processing /home/airflow/.local/lib/python3.7/site-packages/airflow/example_dags/example_branch_python_dop_operator_3.py took 0.262 seconds
[2023-11-04 21:10:47,891] {processor.py:153} INFO - Started process (PID=580) to work on /home/airflow/.local/lib/python3.7/site-packages/airflow/example_dags/example_branch_python_dop_operator_3.py
[2023-11-04 21:10:47,893] {processor.py:641} INFO - Processing file /home/airflow/.local/lib/python3.7/site-packages/airflow/example_dags/example_branch_python_dop_operator_3.py for tasks to queue
[2023-11-04 21:10:47,893] {logging_mixin.py:115} INFO - [2023-11-04 21:10:47,893] {dagbag.py:508} INFO - Filling up the DagBag from /home/airflow/.local/lib/python3.7/site-packages/airflow/example_dags/example_branch_python_dop_operator_3.py
[2023-11-04 21:10:47,907] {processor.py:651} INFO - DAG(s) dict_keys(['example_branch_dop_operator_v3']) retrieved from /home/airflow/.local/lib/python3.7/site-packages/airflow/example_dags/example_branch_python_dop_operator_3.py
[2023-11-04 21:10:47,945] {logging_mixin.py:115} INFO - [2023-11-04 21:10:47,945] {dag.py:2420} INFO - Sync 1 DAGs
[2023-11-04 21:10:48,122] {logging_mixin.py:115} INFO - [2023-11-04 21:10:48,122] {dag.py:2972} INFO - Setting next_dagrun for example_branch_dop_operator_v3 to 2023-11-04T21:09:00+00:00, run_after=2023-11-04T21:10:00+00:00
[2023-11-04 21:10:48,139] {processor.py:161} INFO - Processing /home/airflow/.local/lib/python3.7/site-packages/airflow/example_dags/example_branch_python_dop_operator_3.py took 0.252 seconds
[2023-11-04 21:11:18,618] {processor.py:153} INFO - Started process (PID=642) to work on /home/airflow/.local/lib/python3.7/site-packages/airflow/example_dags/example_branch_python_dop_operator_3.py
[2023-11-04 21:11:18,619] {processor.py:641} INFO - Processing file /home/airflow/.local/lib/python3.7/site-packages/airflow/example_dags/example_branch_python_dop_operator_3.py for tasks to queue
[2023-11-04 21:11:18,621] {logging_mixin.py:115} INFO - [2023-11-04 21:11:18,621] {dagbag.py:508} INFO - Filling up the DagBag from /home/airflow/.local/lib/python3.7/site-packages/airflow/example_dags/example_branch_python_dop_operator_3.py
[2023-11-04 21:11:18,639] {processor.py:651} INFO - DAG(s) dict_keys(['example_branch_dop_operator_v3']) retrieved from /home/airflow/.local/lib/python3.7/site-packages/airflow/example_dags/example_branch_python_dop_operator_3.py
[2023-11-04 21:11:18,676] {logging_mixin.py:115} INFO - [2023-11-04 21:11:18,676] {dag.py:2420} INFO - Sync 1 DAGs
[2023-11-04 21:11:18,811] {logging_mixin.py:115} INFO - [2023-11-04 21:11:18,811] {dag.py:2972} INFO - Setting next_dagrun for example_branch_dop_operator_v3 to 2023-11-04T21:10:00+00:00, run_after=2023-11-04T21:11:00+00:00
[2023-11-04 21:11:18,824] {processor.py:161} INFO - Processing /home/airflow/.local/lib/python3.7/site-packages/airflow/example_dags/example_branch_python_dop_operator_3.py took 0.213 seconds
[2023-11-04 21:11:48,910] {processor.py:153} INFO - Started process (PID=704) to work on /home/airflow/.local/lib/python3.7/site-packages/airflow/example_dags/example_branch_python_dop_operator_3.py
[2023-11-04 21:11:48,911] {processor.py:641} INFO - Processing file /home/airflow/.local/lib/python3.7/site-packages/airflow/example_dags/example_branch_python_dop_operator_3.py for tasks to queue
[2023-11-04 21:11:48,913] {logging_mixin.py:115} INFO - [2023-11-04 21:11:48,913] {dagbag.py:508} INFO - Filling up the DagBag from /home/airflow/.local/lib/python3.7/site-packages/airflow/example_dags/example_branch_python_dop_operator_3.py
[2023-11-04 21:11:48,933] {processor.py:651} INFO - DAG(s) dict_keys(['example_branch_dop_operator_v3']) retrieved from /home/airflow/.local/lib/python3.7/site-packages/airflow/example_dags/example_branch_python_dop_operator_3.py
[2023-11-04 21:11:48,983] {logging_mixin.py:115} INFO - [2023-11-04 21:11:48,982] {dag.py:2420} INFO - Sync 1 DAGs
[2023-11-04 21:11:49,212] {logging_mixin.py:115} INFO - [2023-11-04 21:11:49,212] {dag.py:2972} INFO - Setting next_dagrun for example_branch_dop_operator_v3 to 2023-11-04T21:10:00+00:00, run_after=2023-11-04T21:11:00+00:00
[2023-11-04 21:11:49,235] {processor.py:161} INFO - Processing /home/airflow/.local/lib/python3.7/site-packages/airflow/example_dags/example_branch_python_dop_operator_3.py took 0.333 seconds
[2023-11-04 21:12:19,652] {processor.py:153} INFO - Started process (PID=757) to work on /home/airflow/.local/lib/python3.7/site-packages/airflow/example_dags/example_branch_python_dop_operator_3.py
[2023-11-04 21:12:19,653] {processor.py:641} INFO - Processing file /home/airflow/.local/lib/python3.7/site-packages/airflow/example_dags/example_branch_python_dop_operator_3.py for tasks to queue
[2023-11-04 21:12:19,655] {logging_mixin.py:115} INFO - [2023-11-04 21:12:19,655] {dagbag.py:508} INFO - Filling up the DagBag from /home/airflow/.local/lib/python3.7/site-packages/airflow/example_dags/example_branch_python_dop_operator_3.py
[2023-11-04 21:12:19,682] {processor.py:651} INFO - DAG(s) dict_keys(['example_branch_dop_operator_v3']) retrieved from /home/airflow/.local/lib/python3.7/site-packages/airflow/example_dags/example_branch_python_dop_operator_3.py
[2023-11-04 21:12:19,746] {logging_mixin.py:115} INFO - [2023-11-04 21:12:19,746] {dag.py:2420} INFO - Sync 1 DAGs
[2023-11-04 21:12:19,992] {logging_mixin.py:115} INFO - [2023-11-04 21:12:19,992] {dag.py:2972} INFO - Setting next_dagrun for example_branch_dop_operator_v3 to 2023-11-04T21:11:00+00:00, run_after=2023-11-04T21:12:00+00:00
[2023-11-04 21:12:20,016] {processor.py:161} INFO - Processing /home/airflow/.local/lib/python3.7/site-packages/airflow/example_dags/example_branch_python_dop_operator_3.py took 0.371 seconds
[2023-11-04 21:12:50,707] {processor.py:153} INFO - Started process (PID=819) to work on /home/airflow/.local/lib/python3.7/site-packages/airflow/example_dags/example_branch_python_dop_operator_3.py
[2023-11-04 21:12:50,709] {processor.py:641} INFO - Processing file /home/airflow/.local/lib/python3.7/site-packages/airflow/example_dags/example_branch_python_dop_operator_3.py for tasks to queue
[2023-11-04 21:12:50,710] {logging_mixin.py:115} INFO - [2023-11-04 21:12:50,710] {dagbag.py:508} INFO - Filling up the DagBag from /home/airflow/.local/lib/python3.7/site-packages/airflow/example_dags/example_branch_python_dop_operator_3.py
[2023-11-04 21:12:50,737] {processor.py:651} INFO - DAG(s) dict_keys(['example_branch_dop_operator_v3']) retrieved from /home/airflow/.local/lib/python3.7/site-packages/airflow/example_dags/example_branch_python_dop_operator_3.py
[2023-11-04 21:12:50,808] {logging_mixin.py:115} INFO - [2023-11-04 21:12:50,808] {dag.py:2420} INFO - Sync 1 DAGs
[2023-11-04 21:12:51,104] {logging_mixin.py:115} INFO - [2023-11-04 21:12:51,104] {dag.py:2972} INFO - Setting next_dagrun for example_branch_dop_operator_v3 to 2023-11-04T21:11:00+00:00, run_after=2023-11-04T21:12:00+00:00
[2023-11-04 21:12:51,136] {processor.py:161} INFO - Processing /home/airflow/.local/lib/python3.7/site-packages/airflow/example_dags/example_branch_python_dop_operator_3.py took 0.437 seconds
[2023-11-04 21:13:21,578] {processor.py:153} INFO - Started process (PID=872) to work on /home/airflow/.local/lib/python3.7/site-packages/airflow/example_dags/example_branch_python_dop_operator_3.py
[2023-11-04 21:13:21,580] {processor.py:641} INFO - Processing file /home/airflow/.local/lib/python3.7/site-packages/airflow/example_dags/example_branch_python_dop_operator_3.py for tasks to queue
[2023-11-04 21:13:21,581] {logging_mixin.py:115} INFO - [2023-11-04 21:13:21,581] {dagbag.py:508} INFO - Filling up the DagBag from /home/airflow/.local/lib/python3.7/site-packages/airflow/example_dags/example_branch_python_dop_operator_3.py
[2023-11-04 21:13:21,602] {processor.py:651} INFO - DAG(s) dict_keys(['example_branch_dop_operator_v3']) retrieved from /home/airflow/.local/lib/python3.7/site-packages/airflow/example_dags/example_branch_python_dop_operator_3.py
[2023-11-04 21:13:21,662] {logging_mixin.py:115} INFO - [2023-11-04 21:13:21,662] {dag.py:2420} INFO - Sync 1 DAGs
[2023-11-04 21:13:21,959] {logging_mixin.py:115} INFO - [2023-11-04 21:13:21,959] {dag.py:2972} INFO - Setting next_dagrun for example_branch_dop_operator_v3 to 2023-11-04T21:12:00+00:00, run_after=2023-11-04T21:13:00+00:00
[2023-11-04 21:13:21,988] {processor.py:161} INFO - Processing /home/airflow/.local/lib/python3.7/site-packages/airflow/example_dags/example_branch_python_dop_operator_3.py took 0.417 seconds
[2023-11-04 21:15:20,012] {processor.py:153} INFO - Started process (PID=57) to work on /home/airflow/.local/lib/python3.7/site-packages/airflow/example_dags/example_branch_python_dop_operator_3.py
[2023-11-04 21:15:20,014] {processor.py:641} INFO - Processing file /home/airflow/.local/lib/python3.7/site-packages/airflow/example_dags/example_branch_python_dop_operator_3.py for tasks to queue
[2023-11-04 21:15:20,016] {logging_mixin.py:115} INFO - [2023-11-04 21:15:20,016] {dagbag.py:508} INFO - Filling up the DagBag from /home/airflow/.local/lib/python3.7/site-packages/airflow/example_dags/example_branch_python_dop_operator_3.py
[2023-11-04 21:15:20,057] {processor.py:651} INFO - DAG(s) dict_keys(['example_branch_dop_operator_v3']) retrieved from /home/airflow/.local/lib/python3.7/site-packages/airflow/example_dags/example_branch_python_dop_operator_3.py
[2023-11-04 21:15:20,160] {logging_mixin.py:115} INFO - [2023-11-04 21:15:20,159] {dag.py:2420} INFO - Sync 1 DAGs
[2023-11-04 21:15:20,497] {logging_mixin.py:115} INFO - [2023-11-04 21:15:20,497] {dag.py:2972} INFO - Setting next_dagrun for example_branch_dop_operator_v3 to 2023-11-04T21:14:00+00:00, run_after=2023-11-04T21:15:00+00:00
[2023-11-04 21:15:20,550] {processor.py:161} INFO - Processing /home/airflow/.local/lib/python3.7/site-packages/airflow/example_dags/example_branch_python_dop_operator_3.py took 0.548 seconds
[2023-11-04 21:15:51,633] {processor.py:153} INFO - Started process (PID=110) to work on /home/airflow/.local/lib/python3.7/site-packages/airflow/example_dags/example_branch_python_dop_operator_3.py
[2023-11-04 21:15:51,635] {processor.py:641} INFO - Processing file /home/airflow/.local/lib/python3.7/site-packages/airflow/example_dags/example_branch_python_dop_operator_3.py for tasks to queue
[2023-11-04 21:15:51,636] {logging_mixin.py:115} INFO - [2023-11-04 21:15:51,636] {dagbag.py:508} INFO - Filling up the DagBag from /home/airflow/.local/lib/python3.7/site-packages/airflow/example_dags/example_branch_python_dop_operator_3.py
[2023-11-04 21:15:51,660] {processor.py:651} INFO - DAG(s) dict_keys(['example_branch_dop_operator_v3']) retrieved from /home/airflow/.local/lib/python3.7/site-packages/airflow/example_dags/example_branch_python_dop_operator_3.py
[2023-11-04 21:15:51,724] {logging_mixin.py:115} INFO - [2023-11-04 21:15:51,724] {dag.py:2420} INFO - Sync 1 DAGs
[2023-11-04 21:15:51,996] {logging_mixin.py:115} INFO - [2023-11-04 21:15:51,996] {dag.py:2972} INFO - Setting next_dagrun for example_branch_dop_operator_v3 to 2023-11-04T21:14:00+00:00, run_after=2023-11-04T21:15:00+00:00
[2023-11-04 21:15:52,024] {processor.py:161} INFO - Processing /home/airflow/.local/lib/python3.7/site-packages/airflow/example_dags/example_branch_python_dop_operator_3.py took 0.398 seconds
[2023-11-04 21:16:22,660] {processor.py:153} INFO - Started process (PID=163) to work on /home/airflow/.local/lib/python3.7/site-packages/airflow/example_dags/example_branch_python_dop_operator_3.py
[2023-11-04 21:16:22,662] {processor.py:641} INFO - Processing file /home/airflow/.local/lib/python3.7/site-packages/airflow/example_dags/example_branch_python_dop_operator_3.py for tasks to queue
[2023-11-04 21:16:22,663] {logging_mixin.py:115} INFO - [2023-11-04 21:16:22,663] {dagbag.py:508} INFO - Filling up the DagBag from /home/airflow/.local/lib/python3.7/site-packages/airflow/example_dags/example_branch_python_dop_operator_3.py
[2023-11-04 21:16:22,688] {processor.py:651} INFO - DAG(s) dict_keys(['example_branch_dop_operator_v3']) retrieved from /home/airflow/.local/lib/python3.7/site-packages/airflow/example_dags/example_branch_python_dop_operator_3.py
[2023-11-04 21:16:22,752] {logging_mixin.py:115} INFO - [2023-11-04 21:16:22,752] {dag.py:2420} INFO - Sync 1 DAGs
[2023-11-04 21:16:23,032] {logging_mixin.py:115} INFO - [2023-11-04 21:16:23,031] {dag.py:2972} INFO - Setting next_dagrun for example_branch_dop_operator_v3 to 2023-11-04T21:15:00+00:00, run_after=2023-11-04T21:16:00+00:00
[2023-11-04 21:16:23,071] {processor.py:161} INFO - Processing /home/airflow/.local/lib/python3.7/site-packages/airflow/example_dags/example_branch_python_dop_operator_3.py took 0.418 seconds
[2023-11-04 21:16:53,518] {processor.py:153} INFO - Started process (PID=225) to work on /home/airflow/.local/lib/python3.7/site-packages/airflow/example_dags/example_branch_python_dop_operator_3.py
[2023-11-04 21:16:53,520] {processor.py:641} INFO - Processing file /home/airflow/.local/lib/python3.7/site-packages/airflow/example_dags/example_branch_python_dop_operator_3.py for tasks to queue
[2023-11-04 21:16:53,522] {logging_mixin.py:115} INFO - [2023-11-04 21:16:53,522] {dagbag.py:508} INFO - Filling up the DagBag from /home/airflow/.local/lib/python3.7/site-packages/airflow/example_dags/example_branch_python_dop_operator_3.py
[2023-11-04 21:16:53,557] {processor.py:651} INFO - DAG(s) dict_keys(['example_branch_dop_operator_v3']) retrieved from /home/airflow/.local/lib/python3.7/site-packages/airflow/example_dags/example_branch_python_dop_operator_3.py
[2023-11-04 21:16:53,646] {logging_mixin.py:115} INFO - [2023-11-04 21:16:53,646] {dag.py:2420} INFO - Sync 1 DAGs
[2023-11-04 21:16:54,083] {logging_mixin.py:115} INFO - [2023-11-04 21:16:54,083] {dag.py:2972} INFO - Setting next_dagrun for example_branch_dop_operator_v3 to 2023-11-04T21:15:00+00:00, run_after=2023-11-04T21:16:00+00:00
[2023-11-04 21:16:54,127] {processor.py:161} INFO - Processing /home/airflow/.local/lib/python3.7/site-packages/airflow/example_dags/example_branch_python_dop_operator_3.py took 0.619 seconds
[2023-11-04 21:17:25,239] {processor.py:153} INFO - Started process (PID=278) to work on /home/airflow/.local/lib/python3.7/site-packages/airflow/example_dags/example_branch_python_dop_operator_3.py
[2023-11-04 21:17:25,240] {processor.py:641} INFO - Processing file /home/airflow/.local/lib/python3.7/site-packages/airflow/example_dags/example_branch_python_dop_operator_3.py for tasks to queue
[2023-11-04 21:17:25,242] {logging_mixin.py:115} INFO - [2023-11-04 21:17:25,242] {dagbag.py:508} INFO - Filling up the DagBag from /home/airflow/.local/lib/python3.7/site-packages/airflow/example_dags/example_branch_python_dop_operator_3.py
[2023-11-04 21:17:25,266] {processor.py:651} INFO - DAG(s) dict_keys(['example_branch_dop_operator_v3']) retrieved from /home/airflow/.local/lib/python3.7/site-packages/airflow/example_dags/example_branch_python_dop_operator_3.py
[2023-11-04 21:17:25,343] {logging_mixin.py:115} INFO - [2023-11-04 21:17:25,343] {dag.py:2420} INFO - Sync 1 DAGs
[2023-11-04 21:17:25,624] {logging_mixin.py:115} INFO - [2023-11-04 21:17:25,624] {dag.py:2972} INFO - Setting next_dagrun for example_branch_dop_operator_v3 to 2023-11-04T21:16:00+00:00, run_after=2023-11-04T21:17:00+00:00
[2023-11-04 21:17:25,653] {processor.py:161} INFO - Processing /home/airflow/.local/lib/python3.7/site-packages/airflow/example_dags/example_branch_python_dop_operator_3.py took 0.423 seconds
[2023-11-04 21:17:55,842] {processor.py:153} INFO - Started process (PID=331) to work on /home/airflow/.local/lib/python3.7/site-packages/airflow/example_dags/example_branch_python_dop_operator_3.py
[2023-11-04 21:17:55,844] {processor.py:641} INFO - Processing file /home/airflow/.local/lib/python3.7/site-packages/airflow/example_dags/example_branch_python_dop_operator_3.py for tasks to queue
[2023-11-04 21:17:55,845] {logging_mixin.py:115} INFO - [2023-11-04 21:17:55,845] {dagbag.py:508} INFO - Filling up the DagBag from /home/airflow/.local/lib/python3.7/site-packages/airflow/example_dags/example_branch_python_dop_operator_3.py
[2023-11-04 21:17:55,867] {processor.py:651} INFO - DAG(s) dict_keys(['example_branch_dop_operator_v3']) retrieved from /home/airflow/.local/lib/python3.7/site-packages/airflow/example_dags/example_branch_python_dop_operator_3.py
[2023-11-04 21:17:55,925] {logging_mixin.py:115} INFO - [2023-11-04 21:17:55,925] {dag.py:2420} INFO - Sync 1 DAGs
[2023-11-04 21:17:56,140] {logging_mixin.py:115} INFO - [2023-11-04 21:17:56,140] {dag.py:2972} INFO - Setting next_dagrun for example_branch_dop_operator_v3 to 2023-11-04T21:16:00+00:00, run_after=2023-11-04T21:17:00+00:00
[2023-11-04 21:17:56,167] {processor.py:161} INFO - Processing /home/airflow/.local/lib/python3.7/site-packages/airflow/example_dags/example_branch_python_dop_operator_3.py took 0.331 seconds
[2023-11-04 21:18:26,509] {processor.py:153} INFO - Started process (PID=391) to work on /home/airflow/.local/lib/python3.7/site-packages/airflow/example_dags/example_branch_python_dop_operator_3.py
[2023-11-04 21:18:26,511] {processor.py:641} INFO - Processing file /home/airflow/.local/lib/python3.7/site-packages/airflow/example_dags/example_branch_python_dop_operator_3.py for tasks to queue
[2023-11-04 21:18:26,513] {logging_mixin.py:115} INFO - [2023-11-04 21:18:26,513] {dagbag.py:508} INFO - Filling up the DagBag from /home/airflow/.local/lib/python3.7/site-packages/airflow/example_dags/example_branch_python_dop_operator_3.py
[2023-11-04 21:18:26,542] {processor.py:651} INFO - DAG(s) dict_keys(['example_branch_dop_operator_v3']) retrieved from /home/airflow/.local/lib/python3.7/site-packages/airflow/example_dags/example_branch_python_dop_operator_3.py
[2023-11-04 21:18:26,613] {logging_mixin.py:115} INFO - [2023-11-04 21:18:26,613] {dag.py:2420} INFO - Sync 1 DAGs
[2023-11-04 21:18:26,904] {logging_mixin.py:115} INFO - [2023-11-04 21:18:26,903] {dag.py:2972} INFO - Setting next_dagrun for example_branch_dop_operator_v3 to 2023-11-04T21:17:00+00:00, run_after=2023-11-04T21:18:00+00:00
[2023-11-04 21:18:26,948] {processor.py:161} INFO - Processing /home/airflow/.local/lib/python3.7/site-packages/airflow/example_dags/example_branch_python_dop_operator_3.py took 0.450 seconds
[2023-11-04 21:18:57,518] {processor.py:153} INFO - Started process (PID=462) to work on /home/airflow/.local/lib/python3.7/site-packages/airflow/example_dags/example_branch_python_dop_operator_3.py
[2023-11-04 21:18:57,520] {processor.py:641} INFO - Processing file /home/airflow/.local/lib/python3.7/site-packages/airflow/example_dags/example_branch_python_dop_operator_3.py for tasks to queue
[2023-11-04 21:18:57,522] {logging_mixin.py:115} INFO - [2023-11-04 21:18:57,522] {dagbag.py:508} INFO - Filling up the DagBag from /home/airflow/.local/lib/python3.7/site-packages/airflow/example_dags/example_branch_python_dop_operator_3.py
[2023-11-04 21:18:57,558] {processor.py:651} INFO - DAG(s) dict_keys(['example_branch_dop_operator_v3']) retrieved from /home/airflow/.local/lib/python3.7/site-packages/airflow/example_dags/example_branch_python_dop_operator_3.py
[2023-11-04 21:18:57,676] {logging_mixin.py:115} INFO - [2023-11-04 21:18:57,676] {dag.py:2420} INFO - Sync 1 DAGs
[2023-11-04 21:18:57,988] {logging_mixin.py:115} INFO - [2023-11-04 21:18:57,988] {dag.py:2972} INFO - Setting next_dagrun for example_branch_dop_operator_v3 to 2023-11-04T21:17:00+00:00, run_after=2023-11-04T21:18:00+00:00
[2023-11-04 21:18:58,033] {processor.py:161} INFO - Processing /home/airflow/.local/lib/python3.7/site-packages/airflow/example_dags/example_branch_python_dop_operator_3.py took 0.523 seconds
[2023-11-04 21:19:28,600] {processor.py:153} INFO - Started process (PID=516) to work on /home/airflow/.local/lib/python3.7/site-packages/airflow/example_dags/example_branch_python_dop_operator_3.py
[2023-11-04 21:19:28,600] {processor.py:641} INFO - Processing file /home/airflow/.local/lib/python3.7/site-packages/airflow/example_dags/example_branch_python_dop_operator_3.py for tasks to queue
[2023-11-04 21:19:28,601] {logging_mixin.py:115} INFO - [2023-11-04 21:19:28,601] {dagbag.py:508} INFO - Filling up the DagBag from /home/airflow/.local/lib/python3.7/site-packages/airflow/example_dags/example_branch_python_dop_operator_3.py
[2023-11-04 21:19:28,614] {processor.py:651} INFO - DAG(s) dict_keys(['example_branch_dop_operator_v3']) retrieved from /home/airflow/.local/lib/python3.7/site-packages/airflow/example_dags/example_branch_python_dop_operator_3.py
[2023-11-04 21:19:28,651] {logging_mixin.py:115} INFO - [2023-11-04 21:19:28,651] {dag.py:2420} INFO - Sync 1 DAGs
[2023-11-04 21:19:28,813] {logging_mixin.py:115} INFO - [2023-11-04 21:19:28,813] {dag.py:2972} INFO - Setting next_dagrun for example_branch_dop_operator_v3 to 2023-11-04T21:18:00+00:00, run_after=2023-11-04T21:19:00+00:00
[2023-11-04 21:19:28,828] {processor.py:161} INFO - Processing /home/airflow/.local/lib/python3.7/site-packages/airflow/example_dags/example_branch_python_dop_operator_3.py took 0.232 seconds
[2023-11-04 21:19:58,922] {processor.py:153} INFO - Started process (PID=578) to work on /home/airflow/.local/lib/python3.7/site-packages/airflow/example_dags/example_branch_python_dop_operator_3.py
[2023-11-04 21:19:58,923] {processor.py:641} INFO - Processing file /home/airflow/.local/lib/python3.7/site-packages/airflow/example_dags/example_branch_python_dop_operator_3.py for tasks to queue
[2023-11-04 21:19:58,924] {logging_mixin.py:115} INFO - [2023-11-04 21:19:58,924] {dagbag.py:508} INFO - Filling up the DagBag from /home/airflow/.local/lib/python3.7/site-packages/airflow/example_dags/example_branch_python_dop_operator_3.py
[2023-11-04 21:19:58,936] {processor.py:651} INFO - DAG(s) dict_keys(['example_branch_dop_operator_v3']) retrieved from /home/airflow/.local/lib/python3.7/site-packages/airflow/example_dags/example_branch_python_dop_operator_3.py
[2023-11-04 21:19:58,969] {logging_mixin.py:115} INFO - [2023-11-04 21:19:58,969] {dag.py:2420} INFO - Sync 1 DAGs
[2023-11-04 21:19:59,135] {logging_mixin.py:115} INFO - [2023-11-04 21:19:59,135] {dag.py:2972} INFO - Setting next_dagrun for example_branch_dop_operator_v3 to 2023-11-04T21:18:00+00:00, run_after=2023-11-04T21:19:00+00:00
[2023-11-04 21:19:59,150] {processor.py:161} INFO - Processing /home/airflow/.local/lib/python3.7/site-packages/airflow/example_dags/example_branch_python_dop_operator_3.py took 0.232 seconds
[2023-11-04 21:20:29,867] {processor.py:153} INFO - Started process (PID=631) to work on /home/airflow/.local/lib/python3.7/site-packages/airflow/example_dags/example_branch_python_dop_operator_3.py
[2023-11-04 21:20:29,868] {processor.py:641} INFO - Processing file /home/airflow/.local/lib/python3.7/site-packages/airflow/example_dags/example_branch_python_dop_operator_3.py for tasks to queue
[2023-11-04 21:20:29,869] {logging_mixin.py:115} INFO - [2023-11-04 21:20:29,869] {dagbag.py:508} INFO - Filling up the DagBag from /home/airflow/.local/lib/python3.7/site-packages/airflow/example_dags/example_branch_python_dop_operator_3.py
[2023-11-04 21:20:29,885] {processor.py:651} INFO - DAG(s) dict_keys(['example_branch_dop_operator_v3']) retrieved from /home/airflow/.local/lib/python3.7/site-packages/airflow/example_dags/example_branch_python_dop_operator_3.py
[2023-11-04 21:20:29,931] {logging_mixin.py:115} INFO - [2023-11-04 21:20:29,931] {dag.py:2420} INFO - Sync 1 DAGs
[2023-11-04 21:20:30,218] {logging_mixin.py:115} INFO - [2023-11-04 21:20:30,218] {dag.py:2972} INFO - Setting next_dagrun for example_branch_dop_operator_v3 to 2023-11-04T21:19:00+00:00, run_after=2023-11-04T21:20:00+00:00
[2023-11-04 21:20:30,234] {processor.py:161} INFO - Processing /home/airflow/.local/lib/python3.7/site-packages/airflow/example_dags/example_branch_python_dop_operator_3.py took 0.373 seconds
[2023-11-04 21:21:00,941] {processor.py:153} INFO - Started process (PID=693) to work on /home/airflow/.local/lib/python3.7/site-packages/airflow/example_dags/example_branch_python_dop_operator_3.py
[2023-11-04 21:21:00,942] {processor.py:641} INFO - Processing file /home/airflow/.local/lib/python3.7/site-packages/airflow/example_dags/example_branch_python_dop_operator_3.py for tasks to queue
[2023-11-04 21:21:00,943] {logging_mixin.py:115} INFO - [2023-11-04 21:21:00,942] {dagbag.py:508} INFO - Filling up the DagBag from /home/airflow/.local/lib/python3.7/site-packages/airflow/example_dags/example_branch_python_dop_operator_3.py
[2023-11-04 21:21:00,955] {processor.py:651} INFO - DAG(s) dict_keys(['example_branch_dop_operator_v3']) retrieved from /home/airflow/.local/lib/python3.7/site-packages/airflow/example_dags/example_branch_python_dop_operator_3.py
[2023-11-04 21:21:00,987] {logging_mixin.py:115} INFO - [2023-11-04 21:21:00,986] {dag.py:2420} INFO - Sync 1 DAGs
[2023-11-04 21:21:01,144] {logging_mixin.py:115} INFO - [2023-11-04 21:21:01,144] {dag.py:2972} INFO - Setting next_dagrun for example_branch_dop_operator_v3 to 2023-11-04T21:20:00+00:00, run_after=2023-11-04T21:21:00+00:00
[2023-11-04 21:21:01,161] {processor.py:161} INFO - Processing /home/airflow/.local/lib/python3.7/site-packages/airflow/example_dags/example_branch_python_dop_operator_3.py took 0.224 seconds
[2023-11-04 21:21:31,609] {processor.py:153} INFO - Started process (PID=756) to work on /home/airflow/.local/lib/python3.7/site-packages/airflow/example_dags/example_branch_python_dop_operator_3.py
[2023-11-04 21:21:31,610] {processor.py:641} INFO - Processing file /home/airflow/.local/lib/python3.7/site-packages/airflow/example_dags/example_branch_python_dop_operator_3.py for tasks to queue
[2023-11-04 21:21:31,611] {logging_mixin.py:115} INFO - [2023-11-04 21:21:31,611] {dagbag.py:508} INFO - Filling up the DagBag from /home/airflow/.local/lib/python3.7/site-packages/airflow/example_dags/example_branch_python_dop_operator_3.py
[2023-11-04 21:21:31,624] {processor.py:651} INFO - DAG(s) dict_keys(['example_branch_dop_operator_v3']) retrieved from /home/airflow/.local/lib/python3.7/site-packages/airflow/example_dags/example_branch_python_dop_operator_3.py
[2023-11-04 21:21:31,660] {logging_mixin.py:115} INFO - [2023-11-04 21:21:31,660] {dag.py:2420} INFO - Sync 1 DAGs
[2023-11-04 21:21:31,856] {logging_mixin.py:115} INFO - [2023-11-04 21:21:31,856] {dag.py:2972} INFO - Setting next_dagrun for example_branch_dop_operator_v3 to 2023-11-04T21:20:00+00:00, run_after=2023-11-04T21:21:00+00:00
[2023-11-04 21:21:31,872] {processor.py:161} INFO - Processing /home/airflow/.local/lib/python3.7/site-packages/airflow/example_dags/example_branch_python_dop_operator_3.py took 0.267 seconds
[2023-11-04 21:22:02,240] {processor.py:153} INFO - Started process (PID=809) to work on /home/airflow/.local/lib/python3.7/site-packages/airflow/example_dags/example_branch_python_dop_operator_3.py
[2023-11-04 21:22:02,241] {processor.py:641} INFO - Processing file /home/airflow/.local/lib/python3.7/site-packages/airflow/example_dags/example_branch_python_dop_operator_3.py for tasks to queue
[2023-11-04 21:22:02,242] {logging_mixin.py:115} INFO - [2023-11-04 21:22:02,242] {dagbag.py:508} INFO - Filling up the DagBag from /home/airflow/.local/lib/python3.7/site-packages/airflow/example_dags/example_branch_python_dop_operator_3.py
[2023-11-04 21:22:02,258] {processor.py:651} INFO - DAG(s) dict_keys(['example_branch_dop_operator_v3']) retrieved from /home/airflow/.local/lib/python3.7/site-packages/airflow/example_dags/example_branch_python_dop_operator_3.py
[2023-11-04 21:22:02,293] {logging_mixin.py:115} INFO - [2023-11-04 21:22:02,292] {dag.py:2420} INFO - Sync 1 DAGs
[2023-11-04 21:22:02,456] {logging_mixin.py:115} INFO - [2023-11-04 21:22:02,456] {dag.py:2972} INFO - Setting next_dagrun for example_branch_dop_operator_v3 to 2023-11-04T21:21:00+00:00, run_after=2023-11-04T21:22:00+00:00
[2023-11-04 21:22:02,474] {processor.py:161} INFO - Processing /home/airflow/.local/lib/python3.7/site-packages/airflow/example_dags/example_branch_python_dop_operator_3.py took 0.239 seconds
[2023-11-04 21:22:32,935] {processor.py:153} INFO - Started process (PID=871) to work on /home/airflow/.local/lib/python3.7/site-packages/airflow/example_dags/example_branch_python_dop_operator_3.py
[2023-11-04 21:22:32,936] {processor.py:641} INFO - Processing file /home/airflow/.local/lib/python3.7/site-packages/airflow/example_dags/example_branch_python_dop_operator_3.py for tasks to queue
[2023-11-04 21:22:32,937] {logging_mixin.py:115} INFO - [2023-11-04 21:22:32,937] {dagbag.py:508} INFO - Filling up the DagBag from /home/airflow/.local/lib/python3.7/site-packages/airflow/example_dags/example_branch_python_dop_operator_3.py
[2023-11-04 21:22:32,951] {processor.py:651} INFO - DAG(s) dict_keys(['example_branch_dop_operator_v3']) retrieved from /home/airflow/.local/lib/python3.7/site-packages/airflow/example_dags/example_branch_python_dop_operator_3.py
[2023-11-04 21:22:32,988] {logging_mixin.py:115} INFO - [2023-11-04 21:22:32,988] {dag.py:2420} INFO - Sync 1 DAGs
[2023-11-04 21:22:33,144] {logging_mixin.py:115} INFO - [2023-11-04 21:22:33,144] {dag.py:2972} INFO - Setting next_dagrun for example_branch_dop_operator_v3 to 2023-11-04T21:21:00+00:00, run_after=2023-11-04T21:22:00+00:00
[2023-11-04 21:22:33,166] {processor.py:161} INFO - Processing /home/airflow/.local/lib/python3.7/site-packages/airflow/example_dags/example_branch_python_dop_operator_3.py took 0.236 seconds
[2023-11-04 21:23:03,386] {processor.py:153} INFO - Started process (PID=924) to work on /home/airflow/.local/lib/python3.7/site-packages/airflow/example_dags/example_branch_python_dop_operator_3.py
[2023-11-04 21:23:03,389] {processor.py:641} INFO - Processing file /home/airflow/.local/lib/python3.7/site-packages/airflow/example_dags/example_branch_python_dop_operator_3.py for tasks to queue
[2023-11-04 21:23:03,391] {logging_mixin.py:115} INFO - [2023-11-04 21:23:03,390] {dagbag.py:508} INFO - Filling up the DagBag from /home/airflow/.local/lib/python3.7/site-packages/airflow/example_dags/example_branch_python_dop_operator_3.py
[2023-11-04 21:23:03,411] {processor.py:651} INFO - DAG(s) dict_keys(['example_branch_dop_operator_v3']) retrieved from /home/airflow/.local/lib/python3.7/site-packages/airflow/example_dags/example_branch_python_dop_operator_3.py
[2023-11-04 21:23:03,452] {logging_mixin.py:115} INFO - [2023-11-04 21:23:03,452] {dag.py:2420} INFO - Sync 1 DAGs
[2023-11-04 21:23:03,654] {logging_mixin.py:115} INFO - [2023-11-04 21:23:03,654] {dag.py:2972} INFO - Setting next_dagrun for example_branch_dop_operator_v3 to 2023-11-04T21:22:00+00:00, run_after=2023-11-04T21:23:00+00:00
[2023-11-04 21:23:03,674] {processor.py:161} INFO - Processing /home/airflow/.local/lib/python3.7/site-packages/airflow/example_dags/example_branch_python_dop_operator_3.py took 0.293 seconds
[2023-11-04 21:23:34,360] {processor.py:153} INFO - Started process (PID=986) to work on /home/airflow/.local/lib/python3.7/site-packages/airflow/example_dags/example_branch_python_dop_operator_3.py
[2023-11-04 21:23:34,361] {processor.py:641} INFO - Processing file /home/airflow/.local/lib/python3.7/site-packages/airflow/example_dags/example_branch_python_dop_operator_3.py for tasks to queue
[2023-11-04 21:23:34,362] {logging_mixin.py:115} INFO - [2023-11-04 21:23:34,362] {dagbag.py:508} INFO - Filling up the DagBag from /home/airflow/.local/lib/python3.7/site-packages/airflow/example_dags/example_branch_python_dop_operator_3.py
[2023-11-04 21:23:34,374] {processor.py:651} INFO - DAG(s) dict_keys(['example_branch_dop_operator_v3']) retrieved from /home/airflow/.local/lib/python3.7/site-packages/airflow/example_dags/example_branch_python_dop_operator_3.py
[2023-11-04 21:23:34,406] {logging_mixin.py:115} INFO - [2023-11-04 21:23:34,406] {dag.py:2420} INFO - Sync 1 DAGs
[2023-11-04 21:23:34,559] {logging_mixin.py:115} INFO - [2023-11-04 21:23:34,559] {dag.py:2972} INFO - Setting next_dagrun for example_branch_dop_operator_v3 to 2023-11-04T21:22:00+00:00, run_after=2023-11-04T21:23:00+00:00
[2023-11-04 21:23:34,573] {processor.py:161} INFO - Processing /home/airflow/.local/lib/python3.7/site-packages/airflow/example_dags/example_branch_python_dop_operator_3.py took 0.216 seconds
[2023-11-04 21:24:04,888] {processor.py:153} INFO - Started process (PID=1048) to work on /home/airflow/.local/lib/python3.7/site-packages/airflow/example_dags/example_branch_python_dop_operator_3.py
[2023-11-04 21:24:04,889] {processor.py:641} INFO - Processing file /home/airflow/.local/lib/python3.7/site-packages/airflow/example_dags/example_branch_python_dop_operator_3.py for tasks to queue
[2023-11-04 21:24:04,890] {logging_mixin.py:115} INFO - [2023-11-04 21:24:04,890] {dagbag.py:508} INFO - Filling up the DagBag from /home/airflow/.local/lib/python3.7/site-packages/airflow/example_dags/example_branch_python_dop_operator_3.py
[2023-11-04 21:24:04,901] {processor.py:651} INFO - DAG(s) dict_keys(['example_branch_dop_operator_v3']) retrieved from /home/airflow/.local/lib/python3.7/site-packages/airflow/example_dags/example_branch_python_dop_operator_3.py
[2023-11-04 21:24:04,929] {logging_mixin.py:115} INFO - [2023-11-04 21:24:04,929] {dag.py:2420} INFO - Sync 1 DAGs
[2023-11-04 21:24:05,068] {logging_mixin.py:115} INFO - [2023-11-04 21:24:05,068] {dag.py:2972} INFO - Setting next_dagrun for example_branch_dop_operator_v3 to 2023-11-04T21:23:00+00:00, run_after=2023-11-04T21:24:00+00:00
[2023-11-04 21:24:05,081] {processor.py:161} INFO - Processing /home/airflow/.local/lib/python3.7/site-packages/airflow/example_dags/example_branch_python_dop_operator_3.py took 0.197 seconds
[2023-11-04 21:24:35,328] {processor.py:153} INFO - Started process (PID=1110) to work on /home/airflow/.local/lib/python3.7/site-packages/airflow/example_dags/example_branch_python_dop_operator_3.py
[2023-11-04 21:24:35,329] {processor.py:641} INFO - Processing file /home/airflow/.local/lib/python3.7/site-packages/airflow/example_dags/example_branch_python_dop_operator_3.py for tasks to queue
[2023-11-04 21:24:35,330] {logging_mixin.py:115} INFO - [2023-11-04 21:24:35,330] {dagbag.py:508} INFO - Filling up the DagBag from /home/airflow/.local/lib/python3.7/site-packages/airflow/example_dags/example_branch_python_dop_operator_3.py
[2023-11-04 21:24:35,343] {processor.py:651} INFO - DAG(s) dict_keys(['example_branch_dop_operator_v3']) retrieved from /home/airflow/.local/lib/python3.7/site-packages/airflow/example_dags/example_branch_python_dop_operator_3.py
[2023-11-04 21:24:35,382] {logging_mixin.py:115} INFO - [2023-11-04 21:24:35,382] {dag.py:2420} INFO - Sync 1 DAGs
[2023-11-04 21:24:35,524] {logging_mixin.py:115} INFO - [2023-11-04 21:24:35,524] {dag.py:2972} INFO - Setting next_dagrun for example_branch_dop_operator_v3 to 2023-11-04T21:23:00+00:00, run_after=2023-11-04T21:24:00+00:00
[2023-11-04 21:24:35,537] {processor.py:161} INFO - Processing /home/airflow/.local/lib/python3.7/site-packages/airflow/example_dags/example_branch_python_dop_operator_3.py took 0.212 seconds
[2023-11-04 21:25:05,863] {processor.py:153} INFO - Started process (PID=1163) to work on /home/airflow/.local/lib/python3.7/site-packages/airflow/example_dags/example_branch_python_dop_operator_3.py
[2023-11-04 21:25:05,864] {processor.py:641} INFO - Processing file /home/airflow/.local/lib/python3.7/site-packages/airflow/example_dags/example_branch_python_dop_operator_3.py for tasks to queue
[2023-11-04 21:25:05,865] {logging_mixin.py:115} INFO - [2023-11-04 21:25:05,865] {dagbag.py:508} INFO - Filling up the DagBag from /home/airflow/.local/lib/python3.7/site-packages/airflow/example_dags/example_branch_python_dop_operator_3.py
[2023-11-04 21:25:05,877] {processor.py:651} INFO - DAG(s) dict_keys(['example_branch_dop_operator_v3']) retrieved from /home/airflow/.local/lib/python3.7/site-packages/airflow/example_dags/example_branch_python_dop_operator_3.py
[2023-11-04 21:25:05,904] {logging_mixin.py:115} INFO - [2023-11-04 21:25:05,904] {dag.py:2420} INFO - Sync 1 DAGs
[2023-11-04 21:25:06,044] {logging_mixin.py:115} INFO - [2023-11-04 21:25:06,044] {dag.py:2972} INFO - Setting next_dagrun for example_branch_dop_operator_v3 to 2023-11-04T21:24:00+00:00, run_after=2023-11-04T21:25:00+00:00
[2023-11-04 21:25:06,058] {processor.py:161} INFO - Processing /home/airflow/.local/lib/python3.7/site-packages/airflow/example_dags/example_branch_python_dop_operator_3.py took 0.198 seconds
[2023-11-04 21:25:36,326] {processor.py:153} INFO - Started process (PID=1225) to work on /home/airflow/.local/lib/python3.7/site-packages/airflow/example_dags/example_branch_python_dop_operator_3.py
[2023-11-04 21:25:36,327] {processor.py:641} INFO - Processing file /home/airflow/.local/lib/python3.7/site-packages/airflow/example_dags/example_branch_python_dop_operator_3.py for tasks to queue
[2023-11-04 21:25:36,328] {logging_mixin.py:115} INFO - [2023-11-04 21:25:36,328] {dagbag.py:508} INFO - Filling up the DagBag from /home/airflow/.local/lib/python3.7/site-packages/airflow/example_dags/example_branch_python_dop_operator_3.py
[2023-11-04 21:25:36,339] {processor.py:651} INFO - DAG(s) dict_keys(['example_branch_dop_operator_v3']) retrieved from /home/airflow/.local/lib/python3.7/site-packages/airflow/example_dags/example_branch_python_dop_operator_3.py
[2023-11-04 21:25:36,367] {logging_mixin.py:115} INFO - [2023-11-04 21:25:36,367] {dag.py:2420} INFO - Sync 1 DAGs
[2023-11-04 21:25:36,516] {logging_mixin.py:115} INFO - [2023-11-04 21:25:36,516] {dag.py:2972} INFO - Setting next_dagrun for example_branch_dop_operator_v3 to 2023-11-04T21:24:00+00:00, run_after=2023-11-04T21:25:00+00:00
[2023-11-04 21:25:36,529] {processor.py:161} INFO - Processing /home/airflow/.local/lib/python3.7/site-packages/airflow/example_dags/example_branch_python_dop_operator_3.py took 0.206 seconds
[2023-11-04 21:26:06,944] {processor.py:153} INFO - Started process (PID=1287) to work on /home/airflow/.local/lib/python3.7/site-packages/airflow/example_dags/example_branch_python_dop_operator_3.py
[2023-11-04 21:26:06,945] {processor.py:641} INFO - Processing file /home/airflow/.local/lib/python3.7/site-packages/airflow/example_dags/example_branch_python_dop_operator_3.py for tasks to queue
[2023-11-04 21:26:06,946] {logging_mixin.py:115} INFO - [2023-11-04 21:26:06,946] {dagbag.py:508} INFO - Filling up the DagBag from /home/airflow/.local/lib/python3.7/site-packages/airflow/example_dags/example_branch_python_dop_operator_3.py
[2023-11-04 21:26:06,958] {processor.py:651} INFO - DAG(s) dict_keys(['example_branch_dop_operator_v3']) retrieved from /home/airflow/.local/lib/python3.7/site-packages/airflow/example_dags/example_branch_python_dop_operator_3.py
[2023-11-04 21:26:06,989] {logging_mixin.py:115} INFO - [2023-11-04 21:26:06,989] {dag.py:2420} INFO - Sync 1 DAGs
[2023-11-04 21:26:07,138] {logging_mixin.py:115} INFO - [2023-11-04 21:26:07,138] {dag.py:2972} INFO - Setting next_dagrun for example_branch_dop_operator_v3 to 2023-11-04T21:25:00+00:00, run_after=2023-11-04T21:26:00+00:00
[2023-11-04 21:26:07,182] {processor.py:161} INFO - Processing /home/airflow/.local/lib/python3.7/site-packages/airflow/example_dags/example_branch_python_dop_operator_3.py took 0.242 seconds
[2023-11-04 21:26:37,668] {processor.py:153} INFO - Started process (PID=1340) to work on /home/airflow/.local/lib/python3.7/site-packages/airflow/example_dags/example_branch_python_dop_operator_3.py
[2023-11-04 21:26:37,669] {processor.py:641} INFO - Processing file /home/airflow/.local/lib/python3.7/site-packages/airflow/example_dags/example_branch_python_dop_operator_3.py for tasks to queue
[2023-11-04 21:26:37,670] {logging_mixin.py:115} INFO - [2023-11-04 21:26:37,670] {dagbag.py:508} INFO - Filling up the DagBag from /home/airflow/.local/lib/python3.7/site-packages/airflow/example_dags/example_branch_python_dop_operator_3.py
[2023-11-04 21:26:37,684] {processor.py:651} INFO - DAG(s) dict_keys(['example_branch_dop_operator_v3']) retrieved from /home/airflow/.local/lib/python3.7/site-packages/airflow/example_dags/example_branch_python_dop_operator_3.py
[2023-11-04 21:26:37,721] {logging_mixin.py:115} INFO - [2023-11-04 21:26:37,721] {dag.py:2420} INFO - Sync 1 DAGs
[2023-11-04 21:26:37,905] {logging_mixin.py:115} INFO - [2023-11-04 21:26:37,905] {dag.py:2972} INFO - Setting next_dagrun for example_branch_dop_operator_v3 to 2023-11-04T21:25:00+00:00, run_after=2023-11-04T21:26:00+00:00
[2023-11-04 21:26:37,920] {processor.py:161} INFO - Processing /home/airflow/.local/lib/python3.7/site-packages/airflow/example_dags/example_branch_python_dop_operator_3.py took 0.255 seconds
[2023-11-04 21:27:08,492] {processor.py:153} INFO - Started process (PID=1402) to work on /home/airflow/.local/lib/python3.7/site-packages/airflow/example_dags/example_branch_python_dop_operator_3.py
[2023-11-04 21:27:08,493] {processor.py:641} INFO - Processing file /home/airflow/.local/lib/python3.7/site-packages/airflow/example_dags/example_branch_python_dop_operator_3.py for tasks to queue
[2023-11-04 21:27:08,495] {logging_mixin.py:115} INFO - [2023-11-04 21:27:08,495] {dagbag.py:508} INFO - Filling up the DagBag from /home/airflow/.local/lib/python3.7/site-packages/airflow/example_dags/example_branch_python_dop_operator_3.py
[2023-11-04 21:27:08,510] {processor.py:651} INFO - DAG(s) dict_keys(['example_branch_dop_operator_v3']) retrieved from /home/airflow/.local/lib/python3.7/site-packages/airflow/example_dags/example_branch_python_dop_operator_3.py
[2023-11-04 21:27:08,547] {logging_mixin.py:115} INFO - [2023-11-04 21:27:08,547] {dag.py:2420} INFO - Sync 1 DAGs
[2023-11-04 21:27:08,693] {logging_mixin.py:115} INFO - [2023-11-04 21:27:08,693] {dag.py:2972} INFO - Setting next_dagrun for example_branch_dop_operator_v3 to 2023-11-04T21:26:00+00:00, run_after=2023-11-04T21:27:00+00:00
[2023-11-04 21:27:08,713] {processor.py:161} INFO - Processing /home/airflow/.local/lib/python3.7/site-packages/airflow/example_dags/example_branch_python_dop_operator_3.py took 0.225 seconds
[2023-11-04 21:27:38,981] {processor.py:153} INFO - Started process (PID=1462) to work on /home/airflow/.local/lib/python3.7/site-packages/airflow/example_dags/example_branch_python_dop_operator_3.py
[2023-11-04 21:27:38,982] {processor.py:641} INFO - Processing file /home/airflow/.local/lib/python3.7/site-packages/airflow/example_dags/example_branch_python_dop_operator_3.py for tasks to queue
[2023-11-04 21:27:38,983] {logging_mixin.py:115} INFO - [2023-11-04 21:27:38,983] {dagbag.py:508} INFO - Filling up the DagBag from /home/airflow/.local/lib/python3.7/site-packages/airflow/example_dags/example_branch_python_dop_operator_3.py
[2023-11-04 21:27:38,994] {processor.py:651} INFO - DAG(s) dict_keys(['example_branch_dop_operator_v3']) retrieved from /home/airflow/.local/lib/python3.7/site-packages/airflow/example_dags/example_branch_python_dop_operator_3.py
[2023-11-04 21:27:39,025] {logging_mixin.py:115} INFO - [2023-11-04 21:27:39,025] {dag.py:2420} INFO - Sync 1 DAGs
[2023-11-04 21:27:39,167] {logging_mixin.py:115} INFO - [2023-11-04 21:27:39,167] {dag.py:2972} INFO - Setting next_dagrun for example_branch_dop_operator_v3 to 2023-11-04T21:26:00+00:00, run_after=2023-11-04T21:27:00+00:00
[2023-11-04 21:27:39,181] {processor.py:161} INFO - Processing /home/airflow/.local/lib/python3.7/site-packages/airflow/example_dags/example_branch_python_dop_operator_3.py took 0.203 seconds
[2023-11-04 21:28:09,472] {processor.py:153} INFO - Started process (PID=1517) to work on /home/airflow/.local/lib/python3.7/site-packages/airflow/example_dags/example_branch_python_dop_operator_3.py
[2023-11-04 21:28:09,472] {processor.py:641} INFO - Processing file /home/airflow/.local/lib/python3.7/site-packages/airflow/example_dags/example_branch_python_dop_operator_3.py for tasks to queue
[2023-11-04 21:28:09,473] {logging_mixin.py:115} INFO - [2023-11-04 21:28:09,473] {dagbag.py:508} INFO - Filling up the DagBag from /home/airflow/.local/lib/python3.7/site-packages/airflow/example_dags/example_branch_python_dop_operator_3.py
[2023-11-04 21:28:09,484] {processor.py:651} INFO - DAG(s) dict_keys(['example_branch_dop_operator_v3']) retrieved from /home/airflow/.local/lib/python3.7/site-packages/airflow/example_dags/example_branch_python_dop_operator_3.py
[2023-11-04 21:28:09,512] {logging_mixin.py:115} INFO - [2023-11-04 21:28:09,511] {dag.py:2420} INFO - Sync 1 DAGs
[2023-11-04 21:28:09,655] {logging_mixin.py:115} INFO - [2023-11-04 21:28:09,655] {dag.py:2972} INFO - Setting next_dagrun for example_branch_dop_operator_v3 to 2023-11-04T21:27:00+00:00, run_after=2023-11-04T21:28:00+00:00
[2023-11-04 21:28:09,670] {processor.py:161} INFO - Processing /home/airflow/.local/lib/python3.7/site-packages/airflow/example_dags/example_branch_python_dop_operator_3.py took 0.202 seconds
[2023-11-04 21:28:39,942] {processor.py:153} INFO - Started process (PID=1579) to work on /home/airflow/.local/lib/python3.7/site-packages/airflow/example_dags/example_branch_python_dop_operator_3.py
[2023-11-04 21:28:39,943] {processor.py:641} INFO - Processing file /home/airflow/.local/lib/python3.7/site-packages/airflow/example_dags/example_branch_python_dop_operator_3.py for tasks to queue
[2023-11-04 21:28:39,944] {logging_mixin.py:115} INFO - [2023-11-04 21:28:39,943] {dagbag.py:508} INFO - Filling up the DagBag from /home/airflow/.local/lib/python3.7/site-packages/airflow/example_dags/example_branch_python_dop_operator_3.py
[2023-11-04 21:28:39,957] {processor.py:651} INFO - DAG(s) dict_keys(['example_branch_dop_operator_v3']) retrieved from /home/airflow/.local/lib/python3.7/site-packages/airflow/example_dags/example_branch_python_dop_operator_3.py
[2023-11-04 21:28:39,990] {logging_mixin.py:115} INFO - [2023-11-04 21:28:39,990] {dag.py:2420} INFO - Sync 1 DAGs
[2023-11-04 21:28:40,119] {logging_mixin.py:115} INFO - [2023-11-04 21:28:40,119] {dag.py:2972} INFO - Setting next_dagrun for example_branch_dop_operator_v3 to 2023-11-04T21:27:00+00:00, run_after=2023-11-04T21:28:00+00:00
[2023-11-04 21:28:40,130] {processor.py:161} INFO - Processing /home/airflow/.local/lib/python3.7/site-packages/airflow/example_dags/example_branch_python_dop_operator_3.py took 0.192 seconds
[2023-11-04 21:29:10,644] {processor.py:153} INFO - Started process (PID=1641) to work on /home/airflow/.local/lib/python3.7/site-packages/airflow/example_dags/example_branch_python_dop_operator_3.py
[2023-11-04 21:29:10,645] {processor.py:641} INFO - Processing file /home/airflow/.local/lib/python3.7/site-packages/airflow/example_dags/example_branch_python_dop_operator_3.py for tasks to queue
[2023-11-04 21:29:10,646] {logging_mixin.py:115} INFO - [2023-11-04 21:29:10,646] {dagbag.py:508} INFO - Filling up the DagBag from /home/airflow/.local/lib/python3.7/site-packages/airflow/example_dags/example_branch_python_dop_operator_3.py
[2023-11-04 21:29:10,658] {processor.py:651} INFO - DAG(s) dict_keys(['example_branch_dop_operator_v3']) retrieved from /home/airflow/.local/lib/python3.7/site-packages/airflow/example_dags/example_branch_python_dop_operator_3.py
[2023-11-04 21:29:10,689] {logging_mixin.py:115} INFO - [2023-11-04 21:29:10,689] {dag.py:2420} INFO - Sync 1 DAGs
[2023-11-04 21:29:10,842] {logging_mixin.py:115} INFO - [2023-11-04 21:29:10,842] {dag.py:2972} INFO - Setting next_dagrun for example_branch_dop_operator_v3 to 2023-11-04T21:28:00+00:00, run_after=2023-11-04T21:29:00+00:00
[2023-11-04 21:29:10,859] {processor.py:161} INFO - Processing /home/airflow/.local/lib/python3.7/site-packages/airflow/example_dags/example_branch_python_dop_operator_3.py took 0.220 seconds
[2023-11-04 21:29:41,201] {processor.py:153} INFO - Started process (PID=1694) to work on /home/airflow/.local/lib/python3.7/site-packages/airflow/example_dags/example_branch_python_dop_operator_3.py
[2023-11-04 21:29:41,202] {processor.py:641} INFO - Processing file /home/airflow/.local/lib/python3.7/site-packages/airflow/example_dags/example_branch_python_dop_operator_3.py for tasks to queue
[2023-11-04 21:29:41,203] {logging_mixin.py:115} INFO - [2023-11-04 21:29:41,203] {dagbag.py:508} INFO - Filling up the DagBag from /home/airflow/.local/lib/python3.7/site-packages/airflow/example_dags/example_branch_python_dop_operator_3.py
[2023-11-04 21:29:41,214] {processor.py:651} INFO - DAG(s) dict_keys(['example_branch_dop_operator_v3']) retrieved from /home/airflow/.local/lib/python3.7/site-packages/airflow/example_dags/example_branch_python_dop_operator_3.py
[2023-11-04 21:29:41,244] {logging_mixin.py:115} INFO - [2023-11-04 21:29:41,244] {dag.py:2420} INFO - Sync 1 DAGs
[2023-11-04 21:29:41,424] {logging_mixin.py:115} INFO - [2023-11-04 21:29:41,424] {dag.py:2972} INFO - Setting next_dagrun for example_branch_dop_operator_v3 to 2023-11-04T21:28:00+00:00, run_after=2023-11-04T21:29:00+00:00
[2023-11-04 21:29:41,449] {processor.py:161} INFO - Processing /home/airflow/.local/lib/python3.7/site-packages/airflow/example_dags/example_branch_python_dop_operator_3.py took 0.251 seconds
[2023-11-04 21:30:11,940] {processor.py:153} INFO - Started process (PID=1756) to work on /home/airflow/.local/lib/python3.7/site-packages/airflow/example_dags/example_branch_python_dop_operator_3.py
[2023-11-04 21:30:11,940] {processor.py:641} INFO - Processing file /home/airflow/.local/lib/python3.7/site-packages/airflow/example_dags/example_branch_python_dop_operator_3.py for tasks to queue
[2023-11-04 21:30:11,941] {logging_mixin.py:115} INFO - [2023-11-04 21:30:11,941] {dagbag.py:508} INFO - Filling up the DagBag from /home/airflow/.local/lib/python3.7/site-packages/airflow/example_dags/example_branch_python_dop_operator_3.py
[2023-11-04 21:30:11,953] {processor.py:651} INFO - DAG(s) dict_keys(['example_branch_dop_operator_v3']) retrieved from /home/airflow/.local/lib/python3.7/site-packages/airflow/example_dags/example_branch_python_dop_operator_3.py
[2023-11-04 21:30:11,986] {logging_mixin.py:115} INFO - [2023-11-04 21:30:11,986] {dag.py:2420} INFO - Sync 1 DAGs
[2023-11-04 21:30:12,146] {logging_mixin.py:115} INFO - [2023-11-04 21:30:12,146] {dag.py:2972} INFO - Setting next_dagrun for example_branch_dop_operator_v3 to 2023-11-04T21:29:00+00:00, run_after=2023-11-04T21:30:00+00:00
[2023-11-04 21:30:12,159] {processor.py:161} INFO - Processing /home/airflow/.local/lib/python3.7/site-packages/airflow/example_dags/example_branch_python_dop_operator_3.py took 0.224 seconds
[2023-11-04 21:30:42,589] {processor.py:153} INFO - Started process (PID=1809) to work on /home/airflow/.local/lib/python3.7/site-packages/airflow/example_dags/example_branch_python_dop_operator_3.py
[2023-11-04 21:30:42,590] {processor.py:641} INFO - Processing file /home/airflow/.local/lib/python3.7/site-packages/airflow/example_dags/example_branch_python_dop_operator_3.py for tasks to queue
[2023-11-04 21:30:42,591] {logging_mixin.py:115} INFO - [2023-11-04 21:30:42,591] {dagbag.py:508} INFO - Filling up the DagBag from /home/airflow/.local/lib/python3.7/site-packages/airflow/example_dags/example_branch_python_dop_operator_3.py
[2023-11-04 21:30:42,600] {processor.py:651} INFO - DAG(s) dict_keys(['example_branch_dop_operator_v3']) retrieved from /home/airflow/.local/lib/python3.7/site-packages/airflow/example_dags/example_branch_python_dop_operator_3.py
[2023-11-04 21:30:42,744] {logging_mixin.py:115} INFO - [2023-11-04 21:30:42,744] {dag.py:2420} INFO - Sync 1 DAGs
[2023-11-04 21:30:42,775] {logging_mixin.py:115} INFO - [2023-11-04 21:30:42,775] {dag.py:2972} INFO - Setting next_dagrun for example_branch_dop_operator_v3 to 2023-11-04T21:29:00+00:00, run_after=2023-11-04T21:30:00+00:00
[2023-11-04 21:30:42,789] {processor.py:161} INFO - Processing /home/airflow/.local/lib/python3.7/site-packages/airflow/example_dags/example_branch_python_dop_operator_3.py took 0.204 seconds
[2023-11-04 21:31:13,307] {processor.py:153} INFO - Started process (PID=1871) to work on /home/airflow/.local/lib/python3.7/site-packages/airflow/example_dags/example_branch_python_dop_operator_3.py
[2023-11-04 21:31:13,308] {processor.py:641} INFO - Processing file /home/airflow/.local/lib/python3.7/site-packages/airflow/example_dags/example_branch_python_dop_operator_3.py for tasks to queue
[2023-11-04 21:31:13,309] {logging_mixin.py:115} INFO - [2023-11-04 21:31:13,309] {dagbag.py:508} INFO - Filling up the DagBag from /home/airflow/.local/lib/python3.7/site-packages/airflow/example_dags/example_branch_python_dop_operator_3.py
[2023-11-04 21:31:13,319] {processor.py:651} INFO - DAG(s) dict_keys(['example_branch_dop_operator_v3']) retrieved from /home/airflow/.local/lib/python3.7/site-packages/airflow/example_dags/example_branch_python_dop_operator_3.py
[2023-11-04 21:31:13,459] {logging_mixin.py:115} INFO - [2023-11-04 21:31:13,459] {dag.py:2420} INFO - Sync 1 DAGs
[2023-11-04 21:31:13,489] {logging_mixin.py:115} INFO - [2023-11-04 21:31:13,489] {dag.py:2972} INFO - Setting next_dagrun for example_branch_dop_operator_v3 to 2023-11-04T21:30:00+00:00, run_after=2023-11-04T21:31:00+00:00
[2023-11-04 21:31:13,501] {processor.py:161} INFO - Processing /home/airflow/.local/lib/python3.7/site-packages/airflow/example_dags/example_branch_python_dop_operator_3.py took 0.199 seconds
[2023-11-04 21:31:44,144] {processor.py:153} INFO - Started process (PID=1933) to work on /home/airflow/.local/lib/python3.7/site-packages/airflow/example_dags/example_branch_python_dop_operator_3.py
[2023-11-04 21:31:44,146] {processor.py:641} INFO - Processing file /home/airflow/.local/lib/python3.7/site-packages/airflow/example_dags/example_branch_python_dop_operator_3.py for tasks to queue
[2023-11-04 21:31:44,146] {logging_mixin.py:115} INFO - [2023-11-04 21:31:44,146] {dagbag.py:508} INFO - Filling up the DagBag from /home/airflow/.local/lib/python3.7/site-packages/airflow/example_dags/example_branch_python_dop_operator_3.py
[2023-11-04 21:31:44,158] {processor.py:651} INFO - DAG(s) dict_keys(['example_branch_dop_operator_v3']) retrieved from /home/airflow/.local/lib/python3.7/site-packages/airflow/example_dags/example_branch_python_dop_operator_3.py
[2023-11-04 21:31:44,299] {logging_mixin.py:115} INFO - [2023-11-04 21:31:44,299] {dag.py:2420} INFO - Sync 1 DAGs
[2023-11-04 21:31:44,330] {logging_mixin.py:115} INFO - [2023-11-04 21:31:44,330] {dag.py:2972} INFO - Setting next_dagrun for example_branch_dop_operator_v3 to 2023-11-04T21:30:00+00:00, run_after=2023-11-04T21:31:00+00:00
[2023-11-04 21:31:44,344] {processor.py:161} INFO - Processing /home/airflow/.local/lib/python3.7/site-packages/airflow/example_dags/example_branch_python_dop_operator_3.py took 0.204 seconds
