[2023-11-04 20:57:52,790] {processor.py:153} INFO - Started process (PID=64) to work on /home/airflow/.local/lib/python3.7/site-packages/airflow/example_dags/example_xcomargs.py
[2023-11-04 20:57:52,791] {processor.py:641} INFO - Processing file /home/airflow/.local/lib/python3.7/site-packages/airflow/example_dags/example_xcomargs.py for tasks to queue
[2023-11-04 20:57:52,792] {logging_mixin.py:115} INFO - [2023-11-04 20:57:52,791] {dagbag.py:508} INFO - Filling up the DagBag from /home/airflow/.local/lib/python3.7/site-packages/airflow/example_dags/example_xcomargs.py
[2023-11-04 20:57:52,815] {processor.py:651} INFO - DAG(s) dict_keys(['example_xcom_args', 'example_xcom_args_with_operators']) retrieved from /home/airflow/.local/lib/python3.7/site-packages/airflow/example_dags/example_xcomargs.py
[2023-11-04 20:57:52,932] {logging_mixin.py:115} INFO - [2023-11-04 20:57:52,932] {manager.py:508} INFO - Created Permission View: can delete on DAG:example_xcom_args
[2023-11-04 20:57:52,944] {logging_mixin.py:115} INFO - [2023-11-04 20:57:52,944] {manager.py:508} INFO - Created Permission View: can edit on DAG:example_xcom_args
[2023-11-04 20:57:52,951] {logging_mixin.py:115} INFO - [2023-11-04 20:57:52,951] {manager.py:508} INFO - Created Permission View: can read on DAG:example_xcom_args
[2023-11-04 20:57:52,966] {logging_mixin.py:115} INFO - [2023-11-04 20:57:52,966] {manager.py:508} INFO - Created Permission View: can delete on DAG:example_xcom_args_with_operators
[2023-11-04 20:57:52,973] {logging_mixin.py:115} INFO - [2023-11-04 20:57:52,973] {manager.py:508} INFO - Created Permission View: can edit on DAG:example_xcom_args_with_operators
[2023-11-04 20:57:52,981] {logging_mixin.py:115} INFO - [2023-11-04 20:57:52,981] {manager.py:508} INFO - Created Permission View: can read on DAG:example_xcom_args_with_operators
[2023-11-04 20:57:52,981] {logging_mixin.py:115} INFO - [2023-11-04 20:57:52,981] {dag.py:2420} INFO - Sync 2 DAGs
[2023-11-04 20:57:52,998] {logging_mixin.py:115} INFO - [2023-11-04 20:57:52,998] {dag.py:2439} INFO - Creating ORM DAG for example_xcom_args_with_operators
[2023-11-04 20:57:53,000] {logging_mixin.py:115} INFO - [2023-11-04 20:57:52,999] {dag.py:2439} INFO - Creating ORM DAG for example_xcom_args
[2023-11-04 20:57:53,014] {logging_mixin.py:115} INFO - [2023-11-04 20:57:53,014] {dag.py:2972} INFO - Setting next_dagrun for example_xcom_args to None, run_after=None
[2023-11-04 20:57:53,015] {logging_mixin.py:115} INFO - [2023-11-04 20:57:53,015] {dag.py:2972} INFO - Setting next_dagrun for example_xcom_args_with_operators to None, run_after=None
[2023-11-04 20:57:53,032] {processor.py:161} INFO - Processing /home/airflow/.local/lib/python3.7/site-packages/airflow/example_dags/example_xcomargs.py took 0.247 seconds
[2023-11-04 20:58:23,894] {processor.py:153} INFO - Started process (PID=125) to work on /home/airflow/.local/lib/python3.7/site-packages/airflow/example_dags/example_xcomargs.py
[2023-11-04 20:58:23,896] {processor.py:641} INFO - Processing file /home/airflow/.local/lib/python3.7/site-packages/airflow/example_dags/example_xcomargs.py for tasks to queue
[2023-11-04 20:58:23,897] {logging_mixin.py:115} INFO - [2023-11-04 20:58:23,897] {dagbag.py:508} INFO - Filling up the DagBag from /home/airflow/.local/lib/python3.7/site-packages/airflow/example_dags/example_xcomargs.py
[2023-11-04 20:58:23,929] {processor.py:651} INFO - DAG(s) dict_keys(['example_xcom_args', 'example_xcom_args_with_operators']) retrieved from /home/airflow/.local/lib/python3.7/site-packages/airflow/example_dags/example_xcomargs.py
[2023-11-04 20:58:24,045] {logging_mixin.py:115} INFO - [2023-11-04 20:58:24,045] {dag.py:2420} INFO - Sync 2 DAGs
[2023-11-04 20:58:24,080] {logging_mixin.py:115} INFO - [2023-11-04 20:58:24,080] {dag.py:2972} INFO - Setting next_dagrun for example_xcom_args to None, run_after=None
[2023-11-04 20:58:24,088] {logging_mixin.py:115} INFO - [2023-11-04 20:58:24,088] {dag.py:2972} INFO - Setting next_dagrun for example_xcom_args_with_operators to None, run_after=None
[2023-11-04 20:58:24,107] {processor.py:161} INFO - Processing /home/airflow/.local/lib/python3.7/site-packages/airflow/example_dags/example_xcomargs.py took 0.216 seconds
[2023-11-04 20:58:54,270] {processor.py:153} INFO - Started process (PID=193) to work on /home/airflow/.local/lib/python3.7/site-packages/airflow/example_dags/example_xcomargs.py
[2023-11-04 20:58:54,272] {processor.py:641} INFO - Processing file /home/airflow/.local/lib/python3.7/site-packages/airflow/example_dags/example_xcomargs.py for tasks to queue
[2023-11-04 20:58:54,273] {logging_mixin.py:115} INFO - [2023-11-04 20:58:54,273] {dagbag.py:508} INFO - Filling up the DagBag from /home/airflow/.local/lib/python3.7/site-packages/airflow/example_dags/example_xcomargs.py
[2023-11-04 20:58:54,299] {processor.py:651} INFO - DAG(s) dict_keys(['example_xcom_args', 'example_xcom_args_with_operators']) retrieved from /home/airflow/.local/lib/python3.7/site-packages/airflow/example_dags/example_xcomargs.py
[2023-11-04 20:58:54,394] {logging_mixin.py:115} INFO - [2023-11-04 20:58:54,394] {dag.py:2420} INFO - Sync 2 DAGs
[2023-11-04 20:58:54,417] {logging_mixin.py:115} INFO - [2023-11-04 20:58:54,417] {dag.py:2972} INFO - Setting next_dagrun for example_xcom_args to None, run_after=None
[2023-11-04 20:58:54,418] {logging_mixin.py:115} INFO - [2023-11-04 20:58:54,418] {dag.py:2972} INFO - Setting next_dagrun for example_xcom_args_with_operators to None, run_after=None
[2023-11-04 20:58:54,432] {processor.py:161} INFO - Processing /home/airflow/.local/lib/python3.7/site-packages/airflow/example_dags/example_xcomargs.py took 0.167 seconds
[2023-11-04 20:59:24,904] {processor.py:153} INFO - Started process (PID=254) to work on /home/airflow/.local/lib/python3.7/site-packages/airflow/example_dags/example_xcomargs.py
[2023-11-04 20:59:24,906] {processor.py:641} INFO - Processing file /home/airflow/.local/lib/python3.7/site-packages/airflow/example_dags/example_xcomargs.py for tasks to queue
[2023-11-04 20:59:24,907] {logging_mixin.py:115} INFO - [2023-11-04 20:59:24,907] {dagbag.py:508} INFO - Filling up the DagBag from /home/airflow/.local/lib/python3.7/site-packages/airflow/example_dags/example_xcomargs.py
[2023-11-04 20:59:24,933] {processor.py:651} INFO - DAG(s) dict_keys(['example_xcom_args', 'example_xcom_args_with_operators']) retrieved from /home/airflow/.local/lib/python3.7/site-packages/airflow/example_dags/example_xcomargs.py
[2023-11-04 20:59:25,010] {logging_mixin.py:115} INFO - [2023-11-04 20:59:25,010] {dag.py:2420} INFO - Sync 2 DAGs
[2023-11-04 20:59:25,037] {logging_mixin.py:115} INFO - [2023-11-04 20:59:25,037] {dag.py:2972} INFO - Setting next_dagrun for example_xcom_args to None, run_after=None
[2023-11-04 20:59:25,038] {logging_mixin.py:115} INFO - [2023-11-04 20:59:25,038] {dag.py:2972} INFO - Setting next_dagrun for example_xcom_args_with_operators to None, run_after=None
[2023-11-04 20:59:25,056] {processor.py:161} INFO - Processing /home/airflow/.local/lib/python3.7/site-packages/airflow/example_dags/example_xcomargs.py took 0.156 seconds
[2023-11-04 20:59:55,610] {processor.py:153} INFO - Started process (PID=306) to work on /home/airflow/.local/lib/python3.7/site-packages/airflow/example_dags/example_xcomargs.py
[2023-11-04 20:59:55,611] {processor.py:641} INFO - Processing file /home/airflow/.local/lib/python3.7/site-packages/airflow/example_dags/example_xcomargs.py for tasks to queue
[2023-11-04 20:59:55,612] {logging_mixin.py:115} INFO - [2023-11-04 20:59:55,612] {dagbag.py:508} INFO - Filling up the DagBag from /home/airflow/.local/lib/python3.7/site-packages/airflow/example_dags/example_xcomargs.py
[2023-11-04 20:59:55,641] {processor.py:651} INFO - DAG(s) dict_keys(['example_xcom_args', 'example_xcom_args_with_operators']) retrieved from /home/airflow/.local/lib/python3.7/site-packages/airflow/example_dags/example_xcomargs.py
[2023-11-04 20:59:55,759] {logging_mixin.py:115} INFO - [2023-11-04 20:59:55,759] {dag.py:2420} INFO - Sync 2 DAGs
[2023-11-04 20:59:55,802] {logging_mixin.py:115} INFO - [2023-11-04 20:59:55,802] {dag.py:2972} INFO - Setting next_dagrun for example_xcom_args to None, run_after=None
[2023-11-04 20:59:55,803] {logging_mixin.py:115} INFO - [2023-11-04 20:59:55,803] {dag.py:2972} INFO - Setting next_dagrun for example_xcom_args_with_operators to None, run_after=None
[2023-11-04 20:59:55,833] {processor.py:161} INFO - Processing /home/airflow/.local/lib/python3.7/site-packages/airflow/example_dags/example_xcomargs.py took 0.229 seconds
[2023-11-04 21:00:26,555] {processor.py:153} INFO - Started process (PID=367) to work on /home/airflow/.local/lib/python3.7/site-packages/airflow/example_dags/example_xcomargs.py
[2023-11-04 21:00:26,555] {processor.py:641} INFO - Processing file /home/airflow/.local/lib/python3.7/site-packages/airflow/example_dags/example_xcomargs.py for tasks to queue
[2023-11-04 21:00:26,556] {logging_mixin.py:115} INFO - [2023-11-04 21:00:26,556] {dagbag.py:508} INFO - Filling up the DagBag from /home/airflow/.local/lib/python3.7/site-packages/airflow/example_dags/example_xcomargs.py
[2023-11-04 21:00:26,576] {processor.py:651} INFO - DAG(s) dict_keys(['example_xcom_args', 'example_xcom_args_with_operators']) retrieved from /home/airflow/.local/lib/python3.7/site-packages/airflow/example_dags/example_xcomargs.py
[2023-11-04 21:00:26,606] {logging_mixin.py:115} INFO - [2023-11-04 21:00:26,606] {dag.py:2420} INFO - Sync 2 DAGs
[2023-11-04 21:00:26,631] {logging_mixin.py:115} INFO - [2023-11-04 21:00:26,631] {dag.py:2972} INFO - Setting next_dagrun for example_xcom_args to None, run_after=None
[2023-11-04 21:00:26,632] {logging_mixin.py:115} INFO - [2023-11-04 21:00:26,632] {dag.py:2972} INFO - Setting next_dagrun for example_xcom_args_with_operators to None, run_after=None
[2023-11-04 21:00:26,645] {processor.py:161} INFO - Processing /home/airflow/.local/lib/python3.7/site-packages/airflow/example_dags/example_xcomargs.py took 0.093 seconds
[2023-11-04 21:00:56,762] {processor.py:153} INFO - Started process (PID=428) to work on /home/airflow/.local/lib/python3.7/site-packages/airflow/example_dags/example_xcomargs.py
[2023-11-04 21:00:56,763] {processor.py:641} INFO - Processing file /home/airflow/.local/lib/python3.7/site-packages/airflow/example_dags/example_xcomargs.py for tasks to queue
[2023-11-04 21:00:56,764] {logging_mixin.py:115} INFO - [2023-11-04 21:00:56,764] {dagbag.py:508} INFO - Filling up the DagBag from /home/airflow/.local/lib/python3.7/site-packages/airflow/example_dags/example_xcomargs.py
[2023-11-04 21:00:56,784] {processor.py:651} INFO - DAG(s) dict_keys(['example_xcom_args', 'example_xcom_args_with_operators']) retrieved from /home/airflow/.local/lib/python3.7/site-packages/airflow/example_dags/example_xcomargs.py
[2023-11-04 21:00:56,862] {logging_mixin.py:115} INFO - [2023-11-04 21:00:56,862] {dag.py:2420} INFO - Sync 2 DAGs
[2023-11-04 21:00:56,916] {logging_mixin.py:115} INFO - [2023-11-04 21:00:56,916] {dag.py:2972} INFO - Setting next_dagrun for example_xcom_args to None, run_after=None
[2023-11-04 21:00:56,917] {logging_mixin.py:115} INFO - [2023-11-04 21:00:56,917] {dag.py:2972} INFO - Setting next_dagrun for example_xcom_args_with_operators to None, run_after=None
[2023-11-04 21:00:56,934] {processor.py:161} INFO - Processing /home/airflow/.local/lib/python3.7/site-packages/airflow/example_dags/example_xcomargs.py took 0.176 seconds
[2023-11-04 21:01:27,578] {processor.py:153} INFO - Started process (PID=480) to work on /home/airflow/.local/lib/python3.7/site-packages/airflow/example_dags/example_xcomargs.py
[2023-11-04 21:01:27,579] {processor.py:641} INFO - Processing file /home/airflow/.local/lib/python3.7/site-packages/airflow/example_dags/example_xcomargs.py for tasks to queue
[2023-11-04 21:01:27,579] {logging_mixin.py:115} INFO - [2023-11-04 21:01:27,579] {dagbag.py:508} INFO - Filling up the DagBag from /home/airflow/.local/lib/python3.7/site-packages/airflow/example_dags/example_xcomargs.py
[2023-11-04 21:01:27,601] {processor.py:651} INFO - DAG(s) dict_keys(['example_xcom_args', 'example_xcom_args_with_operators']) retrieved from /home/airflow/.local/lib/python3.7/site-packages/airflow/example_dags/example_xcomargs.py
[2023-11-04 21:01:27,772] {logging_mixin.py:115} INFO - [2023-11-04 21:01:27,771] {dag.py:2420} INFO - Sync 2 DAGs
[2023-11-04 21:01:27,841] {logging_mixin.py:115} INFO - [2023-11-04 21:01:27,841] {dag.py:2972} INFO - Setting next_dagrun for example_xcom_args to None, run_after=None
[2023-11-04 21:01:27,842] {logging_mixin.py:115} INFO - [2023-11-04 21:01:27,842] {dag.py:2972} INFO - Setting next_dagrun for example_xcom_args_with_operators to None, run_after=None
[2023-11-04 21:01:27,864] {processor.py:161} INFO - Processing /home/airflow/.local/lib/python3.7/site-packages/airflow/example_dags/example_xcomargs.py took 0.289 seconds
[2023-11-04 21:01:58,288] {processor.py:153} INFO - Started process (PID=541) to work on /home/airflow/.local/lib/python3.7/site-packages/airflow/example_dags/example_xcomargs.py
[2023-11-04 21:01:58,289] {processor.py:641} INFO - Processing file /home/airflow/.local/lib/python3.7/site-packages/airflow/example_dags/example_xcomargs.py for tasks to queue
[2023-11-04 21:01:58,290] {logging_mixin.py:115} INFO - [2023-11-04 21:01:58,290] {dagbag.py:508} INFO - Filling up the DagBag from /home/airflow/.local/lib/python3.7/site-packages/airflow/example_dags/example_xcomargs.py
[2023-11-04 21:01:58,313] {processor.py:651} INFO - DAG(s) dict_keys(['example_xcom_args', 'example_xcom_args_with_operators']) retrieved from /home/airflow/.local/lib/python3.7/site-packages/airflow/example_dags/example_xcomargs.py
[2023-11-04 21:01:58,412] {logging_mixin.py:115} INFO - [2023-11-04 21:01:58,412] {dag.py:2420} INFO - Sync 2 DAGs
[2023-11-04 21:01:58,452] {logging_mixin.py:115} INFO - [2023-11-04 21:01:58,452] {dag.py:2972} INFO - Setting next_dagrun for example_xcom_args to None, run_after=None
[2023-11-04 21:01:58,453] {logging_mixin.py:115} INFO - [2023-11-04 21:01:58,453] {dag.py:2972} INFO - Setting next_dagrun for example_xcom_args_with_operators to None, run_after=None
[2023-11-04 21:01:58,472] {processor.py:161} INFO - Processing /home/airflow/.local/lib/python3.7/site-packages/airflow/example_dags/example_xcomargs.py took 0.187 seconds
[2023-11-04 21:02:29,310] {processor.py:153} INFO - Started process (PID=602) to work on /home/airflow/.local/lib/python3.7/site-packages/airflow/example_dags/example_xcomargs.py
[2023-11-04 21:02:29,311] {processor.py:641} INFO - Processing file /home/airflow/.local/lib/python3.7/site-packages/airflow/example_dags/example_xcomargs.py for tasks to queue
[2023-11-04 21:02:29,312] {logging_mixin.py:115} INFO - [2023-11-04 21:02:29,312] {dagbag.py:508} INFO - Filling up the DagBag from /home/airflow/.local/lib/python3.7/site-packages/airflow/example_dags/example_xcomargs.py
[2023-11-04 21:02:29,331] {processor.py:651} INFO - DAG(s) dict_keys(['example_xcom_args', 'example_xcom_args_with_operators']) retrieved from /home/airflow/.local/lib/python3.7/site-packages/airflow/example_dags/example_xcomargs.py
[2023-11-04 21:02:29,432] {logging_mixin.py:115} INFO - [2023-11-04 21:02:29,432] {dag.py:2420} INFO - Sync 2 DAGs
[2023-11-04 21:02:29,468] {logging_mixin.py:115} INFO - [2023-11-04 21:02:29,468] {dag.py:2972} INFO - Setting next_dagrun for example_xcom_args to None, run_after=None
[2023-11-04 21:02:29,469] {logging_mixin.py:115} INFO - [2023-11-04 21:02:29,469] {dag.py:2972} INFO - Setting next_dagrun for example_xcom_args_with_operators to None, run_after=None
[2023-11-04 21:02:29,502] {processor.py:161} INFO - Processing /home/airflow/.local/lib/python3.7/site-packages/airflow/example_dags/example_xcomargs.py took 0.195 seconds
[2023-11-04 21:02:59,857] {processor.py:153} INFO - Started process (PID=654) to work on /home/airflow/.local/lib/python3.7/site-packages/airflow/example_dags/example_xcomargs.py
[2023-11-04 21:02:59,858] {processor.py:641} INFO - Processing file /home/airflow/.local/lib/python3.7/site-packages/airflow/example_dags/example_xcomargs.py for tasks to queue
[2023-11-04 21:02:59,859] {logging_mixin.py:115} INFO - [2023-11-04 21:02:59,859] {dagbag.py:508} INFO - Filling up the DagBag from /home/airflow/.local/lib/python3.7/site-packages/airflow/example_dags/example_xcomargs.py
[2023-11-04 21:02:59,879] {processor.py:651} INFO - DAG(s) dict_keys(['example_xcom_args', 'example_xcom_args_with_operators']) retrieved from /home/airflow/.local/lib/python3.7/site-packages/airflow/example_dags/example_xcomargs.py
[2023-11-04 21:02:59,950] {logging_mixin.py:115} INFO - [2023-11-04 21:02:59,950] {dag.py:2420} INFO - Sync 2 DAGs
[2023-11-04 21:02:59,972] {logging_mixin.py:115} INFO - [2023-11-04 21:02:59,971] {dag.py:2972} INFO - Setting next_dagrun for example_xcom_args to None, run_after=None
[2023-11-04 21:02:59,972] {logging_mixin.py:115} INFO - [2023-11-04 21:02:59,972] {dag.py:2972} INFO - Setting next_dagrun for example_xcom_args_with_operators to None, run_after=None
[2023-11-04 21:02:59,985] {processor.py:161} INFO - Processing /home/airflow/.local/lib/python3.7/site-packages/airflow/example_dags/example_xcomargs.py took 0.132 seconds
[2023-11-04 21:03:30,068] {processor.py:153} INFO - Started process (PID=715) to work on /home/airflow/.local/lib/python3.7/site-packages/airflow/example_dags/example_xcomargs.py
[2023-11-04 21:03:30,068] {processor.py:641} INFO - Processing file /home/airflow/.local/lib/python3.7/site-packages/airflow/example_dags/example_xcomargs.py for tasks to queue
[2023-11-04 21:03:30,069] {logging_mixin.py:115} INFO - [2023-11-04 21:03:30,069] {dagbag.py:508} INFO - Filling up the DagBag from /home/airflow/.local/lib/python3.7/site-packages/airflow/example_dags/example_xcomargs.py
[2023-11-04 21:03:30,087] {processor.py:651} INFO - DAG(s) dict_keys(['example_xcom_args', 'example_xcom_args_with_operators']) retrieved from /home/airflow/.local/lib/python3.7/site-packages/airflow/example_dags/example_xcomargs.py
[2023-11-04 21:03:30,155] {logging_mixin.py:115} INFO - [2023-11-04 21:03:30,155] {dag.py:2420} INFO - Sync 2 DAGs
[2023-11-04 21:03:30,181] {logging_mixin.py:115} INFO - [2023-11-04 21:03:30,181] {dag.py:2972} INFO - Setting next_dagrun for example_xcom_args to None, run_after=None
[2023-11-04 21:03:30,181] {logging_mixin.py:115} INFO - [2023-11-04 21:03:30,181] {dag.py:2972} INFO - Setting next_dagrun for example_xcom_args_with_operators to None, run_after=None
[2023-11-04 21:03:30,195] {processor.py:161} INFO - Processing /home/airflow/.local/lib/python3.7/site-packages/airflow/example_dags/example_xcomargs.py took 0.131 seconds
[2023-11-04 21:04:00,272] {processor.py:153} INFO - Started process (PID=767) to work on /home/airflow/.local/lib/python3.7/site-packages/airflow/example_dags/example_xcomargs.py
[2023-11-04 21:04:00,279] {processor.py:641} INFO - Processing file /home/airflow/.local/lib/python3.7/site-packages/airflow/example_dags/example_xcomargs.py for tasks to queue
[2023-11-04 21:04:00,280] {logging_mixin.py:115} INFO - [2023-11-04 21:04:00,280] {dagbag.py:508} INFO - Filling up the DagBag from /home/airflow/.local/lib/python3.7/site-packages/airflow/example_dags/example_xcomargs.py
[2023-11-04 21:04:00,301] {processor.py:651} INFO - DAG(s) dict_keys(['example_xcom_args', 'example_xcom_args_with_operators']) retrieved from /home/airflow/.local/lib/python3.7/site-packages/airflow/example_dags/example_xcomargs.py
[2023-11-04 21:04:00,400] {logging_mixin.py:115} INFO - [2023-11-04 21:04:00,400] {dag.py:2420} INFO - Sync 2 DAGs
[2023-11-04 21:04:00,429] {logging_mixin.py:115} INFO - [2023-11-04 21:04:00,429] {dag.py:2972} INFO - Setting next_dagrun for example_xcom_args to None, run_after=None
[2023-11-04 21:04:00,430] {logging_mixin.py:115} INFO - [2023-11-04 21:04:00,430] {dag.py:2972} INFO - Setting next_dagrun for example_xcom_args_with_operators to None, run_after=None
[2023-11-04 21:04:00,471] {processor.py:161} INFO - Processing /home/airflow/.local/lib/python3.7/site-packages/airflow/example_dags/example_xcomargs.py took 0.202 seconds
[2023-11-04 21:04:30,528] {processor.py:153} INFO - Started process (PID=828) to work on /home/airflow/.local/lib/python3.7/site-packages/airflow/example_dags/example_xcomargs.py
[2023-11-04 21:04:30,534] {processor.py:641} INFO - Processing file /home/airflow/.local/lib/python3.7/site-packages/airflow/example_dags/example_xcomargs.py for tasks to queue
[2023-11-04 21:04:30,535] {logging_mixin.py:115} INFO - [2023-11-04 21:04:30,535] {dagbag.py:508} INFO - Filling up the DagBag from /home/airflow/.local/lib/python3.7/site-packages/airflow/example_dags/example_xcomargs.py
[2023-11-04 21:04:30,561] {processor.py:651} INFO - DAG(s) dict_keys(['example_xcom_args', 'example_xcom_args_with_operators']) retrieved from /home/airflow/.local/lib/python3.7/site-packages/airflow/example_dags/example_xcomargs.py
[2023-11-04 21:04:30,671] {logging_mixin.py:115} INFO - [2023-11-04 21:04:30,671] {dag.py:2420} INFO - Sync 2 DAGs
[2023-11-04 21:04:30,698] {logging_mixin.py:115} INFO - [2023-11-04 21:04:30,698] {dag.py:2972} INFO - Setting next_dagrun for example_xcom_args to None, run_after=None
[2023-11-04 21:04:30,699] {logging_mixin.py:115} INFO - [2023-11-04 21:04:30,699] {dag.py:2972} INFO - Setting next_dagrun for example_xcom_args_with_operators to None, run_after=None
[2023-11-04 21:04:30,718] {processor.py:161} INFO - Processing /home/airflow/.local/lib/python3.7/site-packages/airflow/example_dags/example_xcomargs.py took 0.194 seconds
[2023-11-04 21:05:01,533] {processor.py:153} INFO - Started process (PID=889) to work on /home/airflow/.local/lib/python3.7/site-packages/airflow/example_dags/example_xcomargs.py
[2023-11-04 21:05:01,534] {processor.py:641} INFO - Processing file /home/airflow/.local/lib/python3.7/site-packages/airflow/example_dags/example_xcomargs.py for tasks to queue
[2023-11-04 21:05:01,536] {logging_mixin.py:115} INFO - [2023-11-04 21:05:01,536] {dagbag.py:508} INFO - Filling up the DagBag from /home/airflow/.local/lib/python3.7/site-packages/airflow/example_dags/example_xcomargs.py
[2023-11-04 21:05:01,560] {processor.py:651} INFO - DAG(s) dict_keys(['example_xcom_args', 'example_xcom_args_with_operators']) retrieved from /home/airflow/.local/lib/python3.7/site-packages/airflow/example_dags/example_xcomargs.py
[2023-11-04 21:05:01,642] {logging_mixin.py:115} INFO - [2023-11-04 21:05:01,642] {dag.py:2420} INFO - Sync 2 DAGs
[2023-11-04 21:05:01,685] {logging_mixin.py:115} INFO - [2023-11-04 21:05:01,684] {dag.py:2972} INFO - Setting next_dagrun for example_xcom_args to None, run_after=None
[2023-11-04 21:05:01,685] {logging_mixin.py:115} INFO - [2023-11-04 21:05:01,685] {dag.py:2972} INFO - Setting next_dagrun for example_xcom_args_with_operators to None, run_after=None
[2023-11-04 21:05:01,702] {processor.py:161} INFO - Processing /home/airflow/.local/lib/python3.7/site-packages/airflow/example_dags/example_xcomargs.py took 0.173 seconds
[2023-11-04 21:05:32,485] {processor.py:153} INFO - Started process (PID=941) to work on /home/airflow/.local/lib/python3.7/site-packages/airflow/example_dags/example_xcomargs.py
[2023-11-04 21:05:32,486] {processor.py:641} INFO - Processing file /home/airflow/.local/lib/python3.7/site-packages/airflow/example_dags/example_xcomargs.py for tasks to queue
[2023-11-04 21:05:32,489] {logging_mixin.py:115} INFO - [2023-11-04 21:05:32,488] {dagbag.py:508} INFO - Filling up the DagBag from /home/airflow/.local/lib/python3.7/site-packages/airflow/example_dags/example_xcomargs.py
[2023-11-04 21:05:32,520] {processor.py:651} INFO - DAG(s) dict_keys(['example_xcom_args', 'example_xcom_args_with_operators']) retrieved from /home/airflow/.local/lib/python3.7/site-packages/airflow/example_dags/example_xcomargs.py
[2023-11-04 21:05:32,711] {logging_mixin.py:115} INFO - [2023-11-04 21:05:32,710] {dag.py:2420} INFO - Sync 2 DAGs
[2023-11-04 21:05:32,745] {logging_mixin.py:115} INFO - [2023-11-04 21:05:32,745] {dag.py:2972} INFO - Setting next_dagrun for example_xcom_args to None, run_after=None
[2023-11-04 21:05:32,746] {logging_mixin.py:115} INFO - [2023-11-04 21:05:32,746] {dag.py:2972} INFO - Setting next_dagrun for example_xcom_args_with_operators to None, run_after=None
[2023-11-04 21:05:32,762] {processor.py:161} INFO - Processing /home/airflow/.local/lib/python3.7/site-packages/airflow/example_dags/example_xcomargs.py took 0.283 seconds
[2023-11-04 21:06:14,993] {processor.py:153} INFO - Started process (PID=64) to work on /home/airflow/.local/lib/python3.7/site-packages/airflow/example_dags/example_xcomargs.py
[2023-11-04 21:06:14,994] {processor.py:641} INFO - Processing file /home/airflow/.local/lib/python3.7/site-packages/airflow/example_dags/example_xcomargs.py for tasks to queue
[2023-11-04 21:06:14,996] {logging_mixin.py:115} INFO - [2023-11-04 21:06:14,996] {dagbag.py:508} INFO - Filling up the DagBag from /home/airflow/.local/lib/python3.7/site-packages/airflow/example_dags/example_xcomargs.py
[2023-11-04 21:06:15,052] {processor.py:651} INFO - DAG(s) dict_keys(['example_xcom_args', 'example_xcom_args_with_operators']) retrieved from /home/airflow/.local/lib/python3.7/site-packages/airflow/example_dags/example_xcomargs.py
[2023-11-04 21:06:15,389] {logging_mixin.py:115} INFO - [2023-11-04 21:06:15,389] {dag.py:2420} INFO - Sync 2 DAGs
[2023-11-04 21:06:15,463] {logging_mixin.py:115} INFO - [2023-11-04 21:06:15,462] {dag.py:2972} INFO - Setting next_dagrun for example_xcom_args to None, run_after=None
[2023-11-04 21:06:15,466] {logging_mixin.py:115} INFO - [2023-11-04 21:06:15,466] {dag.py:2972} INFO - Setting next_dagrun for example_xcom_args_with_operators to None, run_after=None
[2023-11-04 21:06:15,522] {processor.py:161} INFO - Processing /home/airflow/.local/lib/python3.7/site-packages/airflow/example_dags/example_xcomargs.py took 0.536 seconds
[2023-11-04 21:06:45,639] {processor.py:153} INFO - Started process (PID=117) to work on /home/airflow/.local/lib/python3.7/site-packages/airflow/example_dags/example_xcomargs.py
[2023-11-04 21:06:45,640] {processor.py:641} INFO - Processing file /home/airflow/.local/lib/python3.7/site-packages/airflow/example_dags/example_xcomargs.py for tasks to queue
[2023-11-04 21:06:45,641] {logging_mixin.py:115} INFO - [2023-11-04 21:06:45,641] {dagbag.py:508} INFO - Filling up the DagBag from /home/airflow/.local/lib/python3.7/site-packages/airflow/example_dags/example_xcomargs.py
[2023-11-04 21:06:45,670] {processor.py:651} INFO - DAG(s) dict_keys(['example_xcom_args', 'example_xcom_args_with_operators']) retrieved from /home/airflow/.local/lib/python3.7/site-packages/airflow/example_dags/example_xcomargs.py
[2023-11-04 21:06:45,882] {logging_mixin.py:115} INFO - [2023-11-04 21:06:45,882] {dag.py:2420} INFO - Sync 2 DAGs
[2023-11-04 21:06:45,903] {logging_mixin.py:115} INFO - [2023-11-04 21:06:45,903] {dag.py:2972} INFO - Setting next_dagrun for example_xcom_args to None, run_after=None
[2023-11-04 21:06:45,904] {logging_mixin.py:115} INFO - [2023-11-04 21:06:45,904] {dag.py:2972} INFO - Setting next_dagrun for example_xcom_args_with_operators to None, run_after=None
[2023-11-04 21:06:45,919] {processor.py:161} INFO - Processing /home/airflow/.local/lib/python3.7/site-packages/airflow/example_dags/example_xcomargs.py took 0.284 seconds
[2023-11-04 21:07:16,157] {processor.py:153} INFO - Started process (PID=179) to work on /home/airflow/.local/lib/python3.7/site-packages/airflow/example_dags/example_xcomargs.py
[2023-11-04 21:07:16,158] {processor.py:641} INFO - Processing file /home/airflow/.local/lib/python3.7/site-packages/airflow/example_dags/example_xcomargs.py for tasks to queue
[2023-11-04 21:07:16,159] {logging_mixin.py:115} INFO - [2023-11-04 21:07:16,159] {dagbag.py:508} INFO - Filling up the DagBag from /home/airflow/.local/lib/python3.7/site-packages/airflow/example_dags/example_xcomargs.py
[2023-11-04 21:07:16,184] {processor.py:651} INFO - DAG(s) dict_keys(['example_xcom_args', 'example_xcom_args_with_operators']) retrieved from /home/airflow/.local/lib/python3.7/site-packages/airflow/example_dags/example_xcomargs.py
[2023-11-04 21:07:16,365] {logging_mixin.py:115} INFO - [2023-11-04 21:07:16,365] {dag.py:2420} INFO - Sync 2 DAGs
[2023-11-04 21:07:16,388] {logging_mixin.py:115} INFO - [2023-11-04 21:07:16,388] {dag.py:2972} INFO - Setting next_dagrun for example_xcom_args to None, run_after=None
[2023-11-04 21:07:16,388] {logging_mixin.py:115} INFO - [2023-11-04 21:07:16,388] {dag.py:2972} INFO - Setting next_dagrun for example_xcom_args_with_operators to None, run_after=None
[2023-11-04 21:07:16,403] {processor.py:161} INFO - Processing /home/airflow/.local/lib/python3.7/site-packages/airflow/example_dags/example_xcomargs.py took 0.250 seconds
[2023-11-04 21:07:46,472] {processor.py:153} INFO - Started process (PID=241) to work on /home/airflow/.local/lib/python3.7/site-packages/airflow/example_dags/example_xcomargs.py
[2023-11-04 21:07:46,473] {processor.py:641} INFO - Processing file /home/airflow/.local/lib/python3.7/site-packages/airflow/example_dags/example_xcomargs.py for tasks to queue
[2023-11-04 21:07:46,474] {logging_mixin.py:115} INFO - [2023-11-04 21:07:46,474] {dagbag.py:508} INFO - Filling up the DagBag from /home/airflow/.local/lib/python3.7/site-packages/airflow/example_dags/example_xcomargs.py
[2023-11-04 21:07:46,506] {processor.py:651} INFO - DAG(s) dict_keys(['example_xcom_args', 'example_xcom_args_with_operators']) retrieved from /home/airflow/.local/lib/python3.7/site-packages/airflow/example_dags/example_xcomargs.py
[2023-11-04 21:07:46,701] {logging_mixin.py:115} INFO - [2023-11-04 21:07:46,701] {dag.py:2420} INFO - Sync 2 DAGs
[2023-11-04 21:07:46,722] {logging_mixin.py:115} INFO - [2023-11-04 21:07:46,721] {dag.py:2972} INFO - Setting next_dagrun for example_xcom_args to None, run_after=None
[2023-11-04 21:07:46,722] {logging_mixin.py:115} INFO - [2023-11-04 21:07:46,722] {dag.py:2972} INFO - Setting next_dagrun for example_xcom_args_with_operators to None, run_after=None
[2023-11-04 21:07:46,735] {processor.py:161} INFO - Processing /home/airflow/.local/lib/python3.7/site-packages/airflow/example_dags/example_xcomargs.py took 0.268 seconds
[2023-11-04 21:08:16,914] {processor.py:153} INFO - Started process (PID=294) to work on /home/airflow/.local/lib/python3.7/site-packages/airflow/example_dags/example_xcomargs.py
[2023-11-04 21:08:16,914] {processor.py:641} INFO - Processing file /home/airflow/.local/lib/python3.7/site-packages/airflow/example_dags/example_xcomargs.py for tasks to queue
[2023-11-04 21:08:16,915] {logging_mixin.py:115} INFO - [2023-11-04 21:08:16,915] {dagbag.py:508} INFO - Filling up the DagBag from /home/airflow/.local/lib/python3.7/site-packages/airflow/example_dags/example_xcomargs.py
[2023-11-04 21:08:16,938] {processor.py:651} INFO - DAG(s) dict_keys(['example_xcom_args', 'example_xcom_args_with_operators']) retrieved from /home/airflow/.local/lib/python3.7/site-packages/airflow/example_dags/example_xcomargs.py
[2023-11-04 21:08:17,109] {logging_mixin.py:115} INFO - [2023-11-04 21:08:17,109] {dag.py:2420} INFO - Sync 2 DAGs
[2023-11-04 21:08:17,135] {logging_mixin.py:115} INFO - [2023-11-04 21:08:17,135] {dag.py:2972} INFO - Setting next_dagrun for example_xcom_args to None, run_after=None
[2023-11-04 21:08:17,136] {logging_mixin.py:115} INFO - [2023-11-04 21:08:17,136] {dag.py:2972} INFO - Setting next_dagrun for example_xcom_args_with_operators to None, run_after=None
[2023-11-04 21:08:17,154] {processor.py:161} INFO - Processing /home/airflow/.local/lib/python3.7/site-packages/airflow/example_dags/example_xcomargs.py took 0.244 seconds
[2023-11-04 21:08:47,293] {processor.py:153} INFO - Started process (PID=357) to work on /home/airflow/.local/lib/python3.7/site-packages/airflow/example_dags/example_xcomargs.py
[2023-11-04 21:08:47,294] {processor.py:641} INFO - Processing file /home/airflow/.local/lib/python3.7/site-packages/airflow/example_dags/example_xcomargs.py for tasks to queue
[2023-11-04 21:08:47,294] {logging_mixin.py:115} INFO - [2023-11-04 21:08:47,294] {dagbag.py:508} INFO - Filling up the DagBag from /home/airflow/.local/lib/python3.7/site-packages/airflow/example_dags/example_xcomargs.py
[2023-11-04 21:08:47,316] {processor.py:651} INFO - DAG(s) dict_keys(['example_xcom_args', 'example_xcom_args_with_operators']) retrieved from /home/airflow/.local/lib/python3.7/site-packages/airflow/example_dags/example_xcomargs.py
[2023-11-04 21:08:47,507] {logging_mixin.py:115} INFO - [2023-11-04 21:08:47,507] {dag.py:2420} INFO - Sync 2 DAGs
[2023-11-04 21:08:47,534] {logging_mixin.py:115} INFO - [2023-11-04 21:08:47,534] {dag.py:2972} INFO - Setting next_dagrun for example_xcom_args to None, run_after=None
[2023-11-04 21:08:47,535] {logging_mixin.py:115} INFO - [2023-11-04 21:08:47,535] {dag.py:2972} INFO - Setting next_dagrun for example_xcom_args_with_operators to None, run_after=None
[2023-11-04 21:08:47,553] {processor.py:161} INFO - Processing /home/airflow/.local/lib/python3.7/site-packages/airflow/example_dags/example_xcomargs.py took 0.265 seconds
[2023-11-04 21:09:17,970] {processor.py:153} INFO - Started process (PID=419) to work on /home/airflow/.local/lib/python3.7/site-packages/airflow/example_dags/example_xcomargs.py
[2023-11-04 21:09:17,971] {processor.py:641} INFO - Processing file /home/airflow/.local/lib/python3.7/site-packages/airflow/example_dags/example_xcomargs.py for tasks to queue
[2023-11-04 21:09:17,972] {logging_mixin.py:115} INFO - [2023-11-04 21:09:17,972] {dagbag.py:508} INFO - Filling up the DagBag from /home/airflow/.local/lib/python3.7/site-packages/airflow/example_dags/example_xcomargs.py
[2023-11-04 21:09:17,995] {processor.py:651} INFO - DAG(s) dict_keys(['example_xcom_args', 'example_xcom_args_with_operators']) retrieved from /home/airflow/.local/lib/python3.7/site-packages/airflow/example_dags/example_xcomargs.py
[2023-11-04 21:09:18,136] {logging_mixin.py:115} INFO - [2023-11-04 21:09:18,136] {dag.py:2420} INFO - Sync 2 DAGs
[2023-11-04 21:09:18,160] {logging_mixin.py:115} INFO - [2023-11-04 21:09:18,160] {dag.py:2972} INFO - Setting next_dagrun for example_xcom_args to None, run_after=None
[2023-11-04 21:09:18,161] {logging_mixin.py:115} INFO - [2023-11-04 21:09:18,161] {dag.py:2972} INFO - Setting next_dagrun for example_xcom_args_with_operators to None, run_after=None
[2023-11-04 21:09:18,174] {processor.py:161} INFO - Processing /home/airflow/.local/lib/python3.7/site-packages/airflow/example_dags/example_xcomargs.py took 0.208 seconds
[2023-11-04 21:09:48,664] {processor.py:153} INFO - Started process (PID=472) to work on /home/airflow/.local/lib/python3.7/site-packages/airflow/example_dags/example_xcomargs.py
[2023-11-04 21:09:48,664] {processor.py:641} INFO - Processing file /home/airflow/.local/lib/python3.7/site-packages/airflow/example_dags/example_xcomargs.py for tasks to queue
[2023-11-04 21:09:48,665] {logging_mixin.py:115} INFO - [2023-11-04 21:09:48,665] {dagbag.py:508} INFO - Filling up the DagBag from /home/airflow/.local/lib/python3.7/site-packages/airflow/example_dags/example_xcomargs.py
[2023-11-04 21:09:48,688] {processor.py:651} INFO - DAG(s) dict_keys(['example_xcom_args', 'example_xcom_args_with_operators']) retrieved from /home/airflow/.local/lib/python3.7/site-packages/airflow/example_dags/example_xcomargs.py
[2023-11-04 21:09:48,840] {logging_mixin.py:115} INFO - [2023-11-04 21:09:48,840] {dag.py:2420} INFO - Sync 2 DAGs
[2023-11-04 21:09:48,866] {logging_mixin.py:115} INFO - [2023-11-04 21:09:48,866] {dag.py:2972} INFO - Setting next_dagrun for example_xcom_args to None, run_after=None
[2023-11-04 21:09:48,867] {logging_mixin.py:115} INFO - [2023-11-04 21:09:48,867] {dag.py:2972} INFO - Setting next_dagrun for example_xcom_args_with_operators to None, run_after=None
[2023-11-04 21:09:48,881] {processor.py:161} INFO - Processing /home/airflow/.local/lib/python3.7/site-packages/airflow/example_dags/example_xcomargs.py took 0.221 seconds
[2023-11-04 21:10:19,484] {processor.py:153} INFO - Started process (PID=534) to work on /home/airflow/.local/lib/python3.7/site-packages/airflow/example_dags/example_xcomargs.py
[2023-11-04 21:10:19,486] {processor.py:641} INFO - Processing file /home/airflow/.local/lib/python3.7/site-packages/airflow/example_dags/example_xcomargs.py for tasks to queue
[2023-11-04 21:10:19,505] {logging_mixin.py:115} INFO - [2023-11-04 21:10:19,505] {dagbag.py:508} INFO - Filling up the DagBag from /home/airflow/.local/lib/python3.7/site-packages/airflow/example_dags/example_xcomargs.py
[2023-11-04 21:10:19,528] {processor.py:651} INFO - DAG(s) dict_keys(['example_xcom_args', 'example_xcom_args_with_operators']) retrieved from /home/airflow/.local/lib/python3.7/site-packages/airflow/example_dags/example_xcomargs.py
[2023-11-04 21:10:19,738] {logging_mixin.py:115} INFO - [2023-11-04 21:10:19,738] {dag.py:2420} INFO - Sync 2 DAGs
[2023-11-04 21:10:19,761] {logging_mixin.py:115} INFO - [2023-11-04 21:10:19,761] {dag.py:2972} INFO - Setting next_dagrun for example_xcom_args to None, run_after=None
[2023-11-04 21:10:19,763] {logging_mixin.py:115} INFO - [2023-11-04 21:10:19,763] {dag.py:2972} INFO - Setting next_dagrun for example_xcom_args_with_operators to None, run_after=None
[2023-11-04 21:10:19,783] {processor.py:161} INFO - Processing /home/airflow/.local/lib/python3.7/site-packages/airflow/example_dags/example_xcomargs.py took 0.304 seconds
[2023-11-04 21:10:49,937] {processor.py:153} INFO - Started process (PID=596) to work on /home/airflow/.local/lib/python3.7/site-packages/airflow/example_dags/example_xcomargs.py
[2023-11-04 21:10:49,938] {processor.py:641} INFO - Processing file /home/airflow/.local/lib/python3.7/site-packages/airflow/example_dags/example_xcomargs.py for tasks to queue
[2023-11-04 21:10:49,940] {logging_mixin.py:115} INFO - [2023-11-04 21:10:49,940] {dagbag.py:508} INFO - Filling up the DagBag from /home/airflow/.local/lib/python3.7/site-packages/airflow/example_dags/example_xcomargs.py
[2023-11-04 21:10:49,971] {processor.py:651} INFO - DAG(s) dict_keys(['example_xcom_args', 'example_xcom_args_with_operators']) retrieved from /home/airflow/.local/lib/python3.7/site-packages/airflow/example_dags/example_xcomargs.py
[2023-11-04 21:10:50,194] {logging_mixin.py:115} INFO - [2023-11-04 21:10:50,194] {dag.py:2420} INFO - Sync 2 DAGs
[2023-11-04 21:10:50,216] {logging_mixin.py:115} INFO - [2023-11-04 21:10:50,216] {dag.py:2972} INFO - Setting next_dagrun for example_xcom_args to None, run_after=None
[2023-11-04 21:10:50,217] {logging_mixin.py:115} INFO - [2023-11-04 21:10:50,217] {dag.py:2972} INFO - Setting next_dagrun for example_xcom_args_with_operators to None, run_after=None
[2023-11-04 21:10:50,231] {processor.py:161} INFO - Processing /home/airflow/.local/lib/python3.7/site-packages/airflow/example_dags/example_xcomargs.py took 0.299 seconds
[2023-11-04 21:11:20,647] {processor.py:153} INFO - Started process (PID=649) to work on /home/airflow/.local/lib/python3.7/site-packages/airflow/example_dags/example_xcomargs.py
[2023-11-04 21:11:20,648] {processor.py:641} INFO - Processing file /home/airflow/.local/lib/python3.7/site-packages/airflow/example_dags/example_xcomargs.py for tasks to queue
[2023-11-04 21:11:20,649] {logging_mixin.py:115} INFO - [2023-11-04 21:11:20,648] {dagbag.py:508} INFO - Filling up the DagBag from /home/airflow/.local/lib/python3.7/site-packages/airflow/example_dags/example_xcomargs.py
[2023-11-04 21:11:20,675] {processor.py:651} INFO - DAG(s) dict_keys(['example_xcom_args', 'example_xcom_args_with_operators']) retrieved from /home/airflow/.local/lib/python3.7/site-packages/airflow/example_dags/example_xcomargs.py
[2023-11-04 21:11:20,871] {logging_mixin.py:115} INFO - [2023-11-04 21:11:20,871] {dag.py:2420} INFO - Sync 2 DAGs
[2023-11-04 21:11:20,898] {logging_mixin.py:115} INFO - [2023-11-04 21:11:20,898] {dag.py:2972} INFO - Setting next_dagrun for example_xcom_args to None, run_after=None
[2023-11-04 21:11:20,899] {logging_mixin.py:115} INFO - [2023-11-04 21:11:20,899] {dag.py:2972} INFO - Setting next_dagrun for example_xcom_args_with_operators to None, run_after=None
[2023-11-04 21:11:20,917] {processor.py:161} INFO - Processing /home/airflow/.local/lib/python3.7/site-packages/airflow/example_dags/example_xcomargs.py took 0.274 seconds
[2023-11-04 21:11:51,106] {processor.py:153} INFO - Started process (PID=711) to work on /home/airflow/.local/lib/python3.7/site-packages/airflow/example_dags/example_xcomargs.py
[2023-11-04 21:11:51,107] {processor.py:641} INFO - Processing file /home/airflow/.local/lib/python3.7/site-packages/airflow/example_dags/example_xcomargs.py for tasks to queue
[2023-11-04 21:11:51,108] {logging_mixin.py:115} INFO - [2023-11-04 21:11:51,108] {dagbag.py:508} INFO - Filling up the DagBag from /home/airflow/.local/lib/python3.7/site-packages/airflow/example_dags/example_xcomargs.py
[2023-11-04 21:11:51,132] {processor.py:651} INFO - DAG(s) dict_keys(['example_xcom_args', 'example_xcom_args_with_operators']) retrieved from /home/airflow/.local/lib/python3.7/site-packages/airflow/example_dags/example_xcomargs.py
[2023-11-04 21:11:51,269] {logging_mixin.py:115} INFO - [2023-11-04 21:11:51,269] {dag.py:2420} INFO - Sync 2 DAGs
[2023-11-04 21:11:51,293] {logging_mixin.py:115} INFO - [2023-11-04 21:11:51,293] {dag.py:2972} INFO - Setting next_dagrun for example_xcom_args to None, run_after=None
[2023-11-04 21:11:51,294] {logging_mixin.py:115} INFO - [2023-11-04 21:11:51,293] {dag.py:2972} INFO - Setting next_dagrun for example_xcom_args_with_operators to None, run_after=None
[2023-11-04 21:11:51,307] {processor.py:161} INFO - Processing /home/airflow/.local/lib/python3.7/site-packages/airflow/example_dags/example_xcomargs.py took 0.205 seconds
[2023-11-04 21:12:22,025] {processor.py:153} INFO - Started process (PID=773) to work on /home/airflow/.local/lib/python3.7/site-packages/airflow/example_dags/example_xcomargs.py
[2023-11-04 21:12:22,026] {processor.py:641} INFO - Processing file /home/airflow/.local/lib/python3.7/site-packages/airflow/example_dags/example_xcomargs.py for tasks to queue
[2023-11-04 21:12:22,028] {logging_mixin.py:115} INFO - [2023-11-04 21:12:22,028] {dagbag.py:508} INFO - Filling up the DagBag from /home/airflow/.local/lib/python3.7/site-packages/airflow/example_dags/example_xcomargs.py
[2023-11-04 21:12:22,088] {processor.py:651} INFO - DAG(s) dict_keys(['example_xcom_args', 'example_xcom_args_with_operators']) retrieved from /home/airflow/.local/lib/python3.7/site-packages/airflow/example_dags/example_xcomargs.py
[2023-11-04 21:12:22,432] {logging_mixin.py:115} INFO - [2023-11-04 21:12:22,431] {dag.py:2420} INFO - Sync 2 DAGs
[2023-11-04 21:12:22,486] {logging_mixin.py:115} INFO - [2023-11-04 21:12:22,486] {dag.py:2972} INFO - Setting next_dagrun for example_xcom_args to None, run_after=None
[2023-11-04 21:12:22,487] {logging_mixin.py:115} INFO - [2023-11-04 21:12:22,487] {dag.py:2972} INFO - Setting next_dagrun for example_xcom_args_with_operators to None, run_after=None
[2023-11-04 21:12:22,526] {processor.py:161} INFO - Processing /home/airflow/.local/lib/python3.7/site-packages/airflow/example_dags/example_xcomargs.py took 0.510 seconds
[2023-11-04 21:12:52,803] {processor.py:153} INFO - Started process (PID=826) to work on /home/airflow/.local/lib/python3.7/site-packages/airflow/example_dags/example_xcomargs.py
[2023-11-04 21:12:52,805] {processor.py:641} INFO - Processing file /home/airflow/.local/lib/python3.7/site-packages/airflow/example_dags/example_xcomargs.py for tasks to queue
[2023-11-04 21:12:52,807] {logging_mixin.py:115} INFO - [2023-11-04 21:12:52,807] {dagbag.py:508} INFO - Filling up the DagBag from /home/airflow/.local/lib/python3.7/site-packages/airflow/example_dags/example_xcomargs.py
[2023-11-04 21:12:52,872] {processor.py:651} INFO - DAG(s) dict_keys(['example_xcom_args', 'example_xcom_args_with_operators']) retrieved from /home/airflow/.local/lib/python3.7/site-packages/airflow/example_dags/example_xcomargs.py
[2023-11-04 21:12:53,362] {logging_mixin.py:115} INFO - [2023-11-04 21:12:53,362] {dag.py:2420} INFO - Sync 2 DAGs
[2023-11-04 21:12:53,407] {logging_mixin.py:115} INFO - [2023-11-04 21:12:53,407] {dag.py:2972} INFO - Setting next_dagrun for example_xcom_args to None, run_after=None
[2023-11-04 21:12:53,410] {logging_mixin.py:115} INFO - [2023-11-04 21:12:53,410] {dag.py:2972} INFO - Setting next_dagrun for example_xcom_args_with_operators to None, run_after=None
[2023-11-04 21:12:53,439] {processor.py:161} INFO - Processing /home/airflow/.local/lib/python3.7/site-packages/airflow/example_dags/example_xcomargs.py took 0.644 seconds
[2023-11-04 21:13:24,268] {processor.py:153} INFO - Started process (PID=879) to work on /home/airflow/.local/lib/python3.7/site-packages/airflow/example_dags/example_xcomargs.py
[2023-11-04 21:13:24,270] {processor.py:641} INFO - Processing file /home/airflow/.local/lib/python3.7/site-packages/airflow/example_dags/example_xcomargs.py for tasks to queue
[2023-11-04 21:13:24,271] {logging_mixin.py:115} INFO - [2023-11-04 21:13:24,271] {dagbag.py:508} INFO - Filling up the DagBag from /home/airflow/.local/lib/python3.7/site-packages/airflow/example_dags/example_xcomargs.py
[2023-11-04 21:13:24,312] {processor.py:651} INFO - DAG(s) dict_keys(['example_xcom_args', 'example_xcom_args_with_operators']) retrieved from /home/airflow/.local/lib/python3.7/site-packages/airflow/example_dags/example_xcomargs.py
[2023-11-04 21:13:24,621] {logging_mixin.py:115} INFO - [2023-11-04 21:13:24,621] {dag.py:2420} INFO - Sync 2 DAGs
[2023-11-04 21:13:24,656] {logging_mixin.py:115} INFO - [2023-11-04 21:13:24,656] {dag.py:2972} INFO - Setting next_dagrun for example_xcom_args to None, run_after=None
[2023-11-04 21:13:24,657] {logging_mixin.py:115} INFO - [2023-11-04 21:13:24,657] {dag.py:2972} INFO - Setting next_dagrun for example_xcom_args_with_operators to None, run_after=None
[2023-11-04 21:13:24,684] {processor.py:161} INFO - Processing /home/airflow/.local/lib/python3.7/site-packages/airflow/example_dags/example_xcomargs.py took 0.422 seconds
[2023-11-04 21:15:23,455] {processor.py:153} INFO - Started process (PID=64) to work on /home/airflow/.local/lib/python3.7/site-packages/airflow/example_dags/example_xcomargs.py
[2023-11-04 21:15:23,475] {processor.py:641} INFO - Processing file /home/airflow/.local/lib/python3.7/site-packages/airflow/example_dags/example_xcomargs.py for tasks to queue
[2023-11-04 21:15:23,478] {logging_mixin.py:115} INFO - [2023-11-04 21:15:23,478] {dagbag.py:508} INFO - Filling up the DagBag from /home/airflow/.local/lib/python3.7/site-packages/airflow/example_dags/example_xcomargs.py
[2023-11-04 21:15:23,553] {processor.py:651} INFO - DAG(s) dict_keys(['example_xcom_args', 'example_xcom_args_with_operators']) retrieved from /home/airflow/.local/lib/python3.7/site-packages/airflow/example_dags/example_xcomargs.py
[2023-11-04 21:15:24,138] {logging_mixin.py:115} INFO - [2023-11-04 21:15:24,137] {dag.py:2420} INFO - Sync 2 DAGs
[2023-11-04 21:15:24,206] {logging_mixin.py:115} INFO - [2023-11-04 21:15:24,205] {dag.py:2972} INFO - Setting next_dagrun for example_xcom_args to None, run_after=None
[2023-11-04 21:15:24,208] {logging_mixin.py:115} INFO - [2023-11-04 21:15:24,208] {dag.py:2972} INFO - Setting next_dagrun for example_xcom_args_with_operators to None, run_after=None
[2023-11-04 21:15:24,253] {processor.py:161} INFO - Processing /home/airflow/.local/lib/python3.7/site-packages/airflow/example_dags/example_xcomargs.py took 0.806 seconds
[2023-11-04 21:15:54,533] {processor.py:153} INFO - Started process (PID=117) to work on /home/airflow/.local/lib/python3.7/site-packages/airflow/example_dags/example_xcomargs.py
[2023-11-04 21:15:54,542] {processor.py:641} INFO - Processing file /home/airflow/.local/lib/python3.7/site-packages/airflow/example_dags/example_xcomargs.py for tasks to queue
[2023-11-04 21:15:54,544] {logging_mixin.py:115} INFO - [2023-11-04 21:15:54,544] {dagbag.py:508} INFO - Filling up the DagBag from /home/airflow/.local/lib/python3.7/site-packages/airflow/example_dags/example_xcomargs.py
[2023-11-04 21:15:54,599] {processor.py:651} INFO - DAG(s) dict_keys(['example_xcom_args', 'example_xcom_args_with_operators']) retrieved from /home/airflow/.local/lib/python3.7/site-packages/airflow/example_dags/example_xcomargs.py
[2023-11-04 21:15:54,923] {logging_mixin.py:115} INFO - [2023-11-04 21:15:54,923] {dag.py:2420} INFO - Sync 2 DAGs
[2023-11-04 21:15:54,968] {logging_mixin.py:115} INFO - [2023-11-04 21:15:54,968] {dag.py:2972} INFO - Setting next_dagrun for example_xcom_args to None, run_after=None
[2023-11-04 21:15:54,972] {logging_mixin.py:115} INFO - [2023-11-04 21:15:54,971] {dag.py:2972} INFO - Setting next_dagrun for example_xcom_args_with_operators to None, run_after=None
[2023-11-04 21:15:55,003] {processor.py:161} INFO - Processing /home/airflow/.local/lib/python3.7/site-packages/airflow/example_dags/example_xcomargs.py took 0.476 seconds
[2023-11-04 21:16:25,297] {processor.py:153} INFO - Started process (PID=179) to work on /home/airflow/.local/lib/python3.7/site-packages/airflow/example_dags/example_xcomargs.py
[2023-11-04 21:16:25,304] {processor.py:641} INFO - Processing file /home/airflow/.local/lib/python3.7/site-packages/airflow/example_dags/example_xcomargs.py for tasks to queue
[2023-11-04 21:16:25,307] {logging_mixin.py:115} INFO - [2023-11-04 21:16:25,307] {dagbag.py:508} INFO - Filling up the DagBag from /home/airflow/.local/lib/python3.7/site-packages/airflow/example_dags/example_xcomargs.py
[2023-11-04 21:16:25,358] {processor.py:651} INFO - DAG(s) dict_keys(['example_xcom_args', 'example_xcom_args_with_operators']) retrieved from /home/airflow/.local/lib/python3.7/site-packages/airflow/example_dags/example_xcomargs.py
[2023-11-04 21:16:25,723] {logging_mixin.py:115} INFO - [2023-11-04 21:16:25,722] {dag.py:2420} INFO - Sync 2 DAGs
[2023-11-04 21:16:25,774] {logging_mixin.py:115} INFO - [2023-11-04 21:16:25,774] {dag.py:2972} INFO - Setting next_dagrun for example_xcom_args to None, run_after=None
[2023-11-04 21:16:25,776] {logging_mixin.py:115} INFO - [2023-11-04 21:16:25,775] {dag.py:2972} INFO - Setting next_dagrun for example_xcom_args_with_operators to None, run_after=None
[2023-11-04 21:16:25,808] {processor.py:161} INFO - Processing /home/airflow/.local/lib/python3.7/site-packages/airflow/example_dags/example_xcomargs.py took 0.521 seconds
[2023-11-04 21:16:56,103] {processor.py:153} INFO - Started process (PID=232) to work on /home/airflow/.local/lib/python3.7/site-packages/airflow/example_dags/example_xcomargs.py
[2023-11-04 21:16:56,106] {processor.py:641} INFO - Processing file /home/airflow/.local/lib/python3.7/site-packages/airflow/example_dags/example_xcomargs.py for tasks to queue
[2023-11-04 21:16:56,108] {logging_mixin.py:115} INFO - [2023-11-04 21:16:56,108] {dagbag.py:508} INFO - Filling up the DagBag from /home/airflow/.local/lib/python3.7/site-packages/airflow/example_dags/example_xcomargs.py
[2023-11-04 21:16:56,215] {processor.py:651} INFO - DAG(s) dict_keys(['example_xcom_args', 'example_xcom_args_with_operators']) retrieved from /home/airflow/.local/lib/python3.7/site-packages/airflow/example_dags/example_xcomargs.py
[2023-11-04 21:16:56,646] {logging_mixin.py:115} INFO - [2023-11-04 21:16:56,646] {dag.py:2420} INFO - Sync 2 DAGs
[2023-11-04 21:16:56,694] {logging_mixin.py:115} INFO - [2023-11-04 21:16:56,694] {dag.py:2972} INFO - Setting next_dagrun for example_xcom_args to None, run_after=None
[2023-11-04 21:16:56,697] {logging_mixin.py:115} INFO - [2023-11-04 21:16:56,697] {dag.py:2972} INFO - Setting next_dagrun for example_xcom_args_with_operators to None, run_after=None
[2023-11-04 21:16:56,745] {processor.py:161} INFO - Processing /home/airflow/.local/lib/python3.7/site-packages/airflow/example_dags/example_xcomargs.py took 0.653 seconds
[2023-11-04 21:17:26,846] {processor.py:153} INFO - Started process (PID=285) to work on /home/airflow/.local/lib/python3.7/site-packages/airflow/example_dags/example_xcomargs.py
[2023-11-04 21:17:26,848] {processor.py:641} INFO - Processing file /home/airflow/.local/lib/python3.7/site-packages/airflow/example_dags/example_xcomargs.py for tasks to queue
[2023-11-04 21:17:26,850] {logging_mixin.py:115} INFO - [2023-11-04 21:17:26,850] {dagbag.py:508} INFO - Filling up the DagBag from /home/airflow/.local/lib/python3.7/site-packages/airflow/example_dags/example_xcomargs.py
[2023-11-04 21:17:26,913] {processor.py:651} INFO - DAG(s) dict_keys(['example_xcom_args', 'example_xcom_args_with_operators']) retrieved from /home/airflow/.local/lib/python3.7/site-packages/airflow/example_dags/example_xcomargs.py
[2023-11-04 21:17:27,389] {logging_mixin.py:115} INFO - [2023-11-04 21:17:27,389] {dag.py:2420} INFO - Sync 2 DAGs
[2023-11-04 21:17:27,429] {logging_mixin.py:115} INFO - [2023-11-04 21:17:27,429] {dag.py:2972} INFO - Setting next_dagrun for example_xcom_args to None, run_after=None
[2023-11-04 21:17:27,430] {logging_mixin.py:115} INFO - [2023-11-04 21:17:27,430] {dag.py:2972} INFO - Setting next_dagrun for example_xcom_args_with_operators to None, run_after=None
[2023-11-04 21:17:27,457] {processor.py:161} INFO - Processing /home/airflow/.local/lib/python3.7/site-packages/airflow/example_dags/example_xcomargs.py took 0.621 seconds
[2023-11-04 21:17:57,535] {processor.py:153} INFO - Started process (PID=338) to work on /home/airflow/.local/lib/python3.7/site-packages/airflow/example_dags/example_xcomargs.py
[2023-11-04 21:17:57,536] {processor.py:641} INFO - Processing file /home/airflow/.local/lib/python3.7/site-packages/airflow/example_dags/example_xcomargs.py for tasks to queue
[2023-11-04 21:17:57,538] {logging_mixin.py:115} INFO - [2023-11-04 21:17:57,538] {dagbag.py:508} INFO - Filling up the DagBag from /home/airflow/.local/lib/python3.7/site-packages/airflow/example_dags/example_xcomargs.py
[2023-11-04 21:17:57,579] {processor.py:651} INFO - DAG(s) dict_keys(['example_xcom_args', 'example_xcom_args_with_operators']) retrieved from /home/airflow/.local/lib/python3.7/site-packages/airflow/example_dags/example_xcomargs.py
[2023-11-04 21:17:57,928] {logging_mixin.py:115} INFO - [2023-11-04 21:17:57,928] {dag.py:2420} INFO - Sync 2 DAGs
[2023-11-04 21:17:57,978] {logging_mixin.py:115} INFO - [2023-11-04 21:17:57,978] {dag.py:2972} INFO - Setting next_dagrun for example_xcom_args to None, run_after=None
[2023-11-04 21:17:57,979] {logging_mixin.py:115} INFO - [2023-11-04 21:17:57,979] {dag.py:2972} INFO - Setting next_dagrun for example_xcom_args_with_operators to None, run_after=None
[2023-11-04 21:17:58,015] {processor.py:161} INFO - Processing /home/airflow/.local/lib/python3.7/site-packages/airflow/example_dags/example_xcomargs.py took 0.488 seconds
[2023-11-04 21:18:28,529] {processor.py:153} INFO - Started process (PID=400) to work on /home/airflow/.local/lib/python3.7/site-packages/airflow/example_dags/example_xcomargs.py
[2023-11-04 21:18:28,531] {processor.py:641} INFO - Processing file /home/airflow/.local/lib/python3.7/site-packages/airflow/example_dags/example_xcomargs.py for tasks to queue
[2023-11-04 21:18:28,533] {logging_mixin.py:115} INFO - [2023-11-04 21:18:28,533] {dagbag.py:508} INFO - Filling up the DagBag from /home/airflow/.local/lib/python3.7/site-packages/airflow/example_dags/example_xcomargs.py
[2023-11-04 21:18:28,595] {processor.py:651} INFO - DAG(s) dict_keys(['example_xcom_args', 'example_xcom_args_with_operators']) retrieved from /home/airflow/.local/lib/python3.7/site-packages/airflow/example_dags/example_xcomargs.py
[2023-11-04 21:18:29,314] {logging_mixin.py:115} INFO - [2023-11-04 21:18:29,314] {dag.py:2420} INFO - Sync 2 DAGs
[2023-11-04 21:18:29,390] {logging_mixin.py:115} INFO - [2023-11-04 21:18:29,390] {dag.py:2972} INFO - Setting next_dagrun for example_xcom_args to None, run_after=None
[2023-11-04 21:18:29,393] {logging_mixin.py:115} INFO - [2023-11-04 21:18:29,393] {dag.py:2972} INFO - Setting next_dagrun for example_xcom_args_with_operators to None, run_after=None
[2023-11-04 21:18:29,442] {processor.py:161} INFO - Processing /home/airflow/.local/lib/python3.7/site-packages/airflow/example_dags/example_xcomargs.py took 0.922 seconds
[2023-11-04 21:19:00,114] {processor.py:153} INFO - Started process (PID=469) to work on /home/airflow/.local/lib/python3.7/site-packages/airflow/example_dags/example_xcomargs.py
[2023-11-04 21:19:00,116] {processor.py:641} INFO - Processing file /home/airflow/.local/lib/python3.7/site-packages/airflow/example_dags/example_xcomargs.py for tasks to queue
[2023-11-04 21:19:00,118] {logging_mixin.py:115} INFO - [2023-11-04 21:19:00,118] {dagbag.py:508} INFO - Filling up the DagBag from /home/airflow/.local/lib/python3.7/site-packages/airflow/example_dags/example_xcomargs.py
[2023-11-04 21:19:00,198] {processor.py:651} INFO - DAG(s) dict_keys(['example_xcom_args', 'example_xcom_args_with_operators']) retrieved from /home/airflow/.local/lib/python3.7/site-packages/airflow/example_dags/example_xcomargs.py
[2023-11-04 21:19:00,721] {logging_mixin.py:115} INFO - [2023-11-04 21:19:00,721] {dag.py:2420} INFO - Sync 2 DAGs
[2023-11-04 21:19:00,768] {logging_mixin.py:115} INFO - [2023-11-04 21:19:00,767] {dag.py:2972} INFO - Setting next_dagrun for example_xcom_args to None, run_after=None
[2023-11-04 21:19:00,770] {logging_mixin.py:115} INFO - [2023-11-04 21:19:00,769] {dag.py:2972} INFO - Setting next_dagrun for example_xcom_args_with_operators to None, run_after=None
[2023-11-04 21:19:00,807] {processor.py:161} INFO - Processing /home/airflow/.local/lib/python3.7/site-packages/airflow/example_dags/example_xcomargs.py took 0.702 seconds
[2023-11-04 21:19:30,867] {processor.py:153} INFO - Started process (PID=523) to work on /home/airflow/.local/lib/python3.7/site-packages/airflow/example_dags/example_xcomargs.py
[2023-11-04 21:19:30,867] {processor.py:641} INFO - Processing file /home/airflow/.local/lib/python3.7/site-packages/airflow/example_dags/example_xcomargs.py for tasks to queue
[2023-11-04 21:19:30,868] {logging_mixin.py:115} INFO - [2023-11-04 21:19:30,868] {dagbag.py:508} INFO - Filling up the DagBag from /home/airflow/.local/lib/python3.7/site-packages/airflow/example_dags/example_xcomargs.py
[2023-11-04 21:19:30,894] {processor.py:651} INFO - DAG(s) dict_keys(['example_xcom_args', 'example_xcom_args_with_operators']) retrieved from /home/airflow/.local/lib/python3.7/site-packages/airflow/example_dags/example_xcomargs.py
[2023-11-04 21:19:31,051] {logging_mixin.py:115} INFO - [2023-11-04 21:19:31,051] {dag.py:2420} INFO - Sync 2 DAGs
[2023-11-04 21:19:31,086] {logging_mixin.py:115} INFO - [2023-11-04 21:19:31,086] {dag.py:2972} INFO - Setting next_dagrun for example_xcom_args to None, run_after=None
[2023-11-04 21:19:31,087] {logging_mixin.py:115} INFO - [2023-11-04 21:19:31,087] {dag.py:2972} INFO - Setting next_dagrun for example_xcom_args_with_operators to None, run_after=None
[2023-11-04 21:19:31,107] {processor.py:161} INFO - Processing /home/airflow/.local/lib/python3.7/site-packages/airflow/example_dags/example_xcomargs.py took 0.244 seconds
[2023-11-04 21:20:01,577] {processor.py:153} INFO - Started process (PID=585) to work on /home/airflow/.local/lib/python3.7/site-packages/airflow/example_dags/example_xcomargs.py
[2023-11-04 21:20:01,578] {processor.py:641} INFO - Processing file /home/airflow/.local/lib/python3.7/site-packages/airflow/example_dags/example_xcomargs.py for tasks to queue
[2023-11-04 21:20:01,579] {logging_mixin.py:115} INFO - [2023-11-04 21:20:01,579] {dagbag.py:508} INFO - Filling up the DagBag from /home/airflow/.local/lib/python3.7/site-packages/airflow/example_dags/example_xcomargs.py
[2023-11-04 21:20:01,605] {processor.py:651} INFO - DAG(s) dict_keys(['example_xcom_args', 'example_xcom_args_with_operators']) retrieved from /home/airflow/.local/lib/python3.7/site-packages/airflow/example_dags/example_xcomargs.py
[2023-11-04 21:20:01,860] {logging_mixin.py:115} INFO - [2023-11-04 21:20:01,860] {dag.py:2420} INFO - Sync 2 DAGs
[2023-11-04 21:20:01,887] {logging_mixin.py:115} INFO - [2023-11-04 21:20:01,886] {dag.py:2972} INFO - Setting next_dagrun for example_xcom_args to None, run_after=None
[2023-11-04 21:20:01,887] {logging_mixin.py:115} INFO - [2023-11-04 21:20:01,887] {dag.py:2972} INFO - Setting next_dagrun for example_xcom_args_with_operators to None, run_after=None
[2023-11-04 21:20:01,903] {processor.py:161} INFO - Processing /home/airflow/.local/lib/python3.7/site-packages/airflow/example_dags/example_xcomargs.py took 0.330 seconds
[2023-11-04 21:20:32,115] {processor.py:153} INFO - Started process (PID=648) to work on /home/airflow/.local/lib/python3.7/site-packages/airflow/example_dags/example_xcomargs.py
[2023-11-04 21:20:32,116] {processor.py:641} INFO - Processing file /home/airflow/.local/lib/python3.7/site-packages/airflow/example_dags/example_xcomargs.py for tasks to queue
[2023-11-04 21:20:32,117] {logging_mixin.py:115} INFO - [2023-11-04 21:20:32,117] {dagbag.py:508} INFO - Filling up the DagBag from /home/airflow/.local/lib/python3.7/site-packages/airflow/example_dags/example_xcomargs.py
[2023-11-04 21:20:32,146] {processor.py:651} INFO - DAG(s) dict_keys(['example_xcom_args', 'example_xcom_args_with_operators']) retrieved from /home/airflow/.local/lib/python3.7/site-packages/airflow/example_dags/example_xcomargs.py
[2023-11-04 21:20:32,357] {logging_mixin.py:115} INFO - [2023-11-04 21:20:32,357] {dag.py:2420} INFO - Sync 2 DAGs
[2023-11-04 21:20:32,384] {logging_mixin.py:115} INFO - [2023-11-04 21:20:32,384] {dag.py:2972} INFO - Setting next_dagrun for example_xcom_args to None, run_after=None
[2023-11-04 21:20:32,385] {logging_mixin.py:115} INFO - [2023-11-04 21:20:32,385] {dag.py:2972} INFO - Setting next_dagrun for example_xcom_args_with_operators to None, run_after=None
[2023-11-04 21:20:32,402] {processor.py:161} INFO - Processing /home/airflow/.local/lib/python3.7/site-packages/airflow/example_dags/example_xcomargs.py took 0.291 seconds
[2023-11-04 21:21:02,802] {processor.py:153} INFO - Started process (PID=700) to work on /home/airflow/.local/lib/python3.7/site-packages/airflow/example_dags/example_xcomargs.py
[2023-11-04 21:21:02,803] {processor.py:641} INFO - Processing file /home/airflow/.local/lib/python3.7/site-packages/airflow/example_dags/example_xcomargs.py for tasks to queue
[2023-11-04 21:21:02,804] {logging_mixin.py:115} INFO - [2023-11-04 21:21:02,803] {dagbag.py:508} INFO - Filling up the DagBag from /home/airflow/.local/lib/python3.7/site-packages/airflow/example_dags/example_xcomargs.py
[2023-11-04 21:21:02,842] {processor.py:651} INFO - DAG(s) dict_keys(['example_xcom_args', 'example_xcom_args_with_operators']) retrieved from /home/airflow/.local/lib/python3.7/site-packages/airflow/example_dags/example_xcomargs.py
[2023-11-04 21:21:03,110] {logging_mixin.py:115} INFO - [2023-11-04 21:21:03,109] {dag.py:2420} INFO - Sync 2 DAGs
[2023-11-04 21:21:03,133] {logging_mixin.py:115} INFO - [2023-11-04 21:21:03,133] {dag.py:2972} INFO - Setting next_dagrun for example_xcom_args to None, run_after=None
[2023-11-04 21:21:03,134] {logging_mixin.py:115} INFO - [2023-11-04 21:21:03,134] {dag.py:2972} INFO - Setting next_dagrun for example_xcom_args_with_operators to None, run_after=None
[2023-11-04 21:21:03,153] {processor.py:161} INFO - Processing /home/airflow/.local/lib/python3.7/site-packages/airflow/example_dags/example_xcomargs.py took 0.355 seconds
[2023-11-04 21:21:33,500] {processor.py:153} INFO - Started process (PID=763) to work on /home/airflow/.local/lib/python3.7/site-packages/airflow/example_dags/example_xcomargs.py
[2023-11-04 21:21:33,501] {processor.py:641} INFO - Processing file /home/airflow/.local/lib/python3.7/site-packages/airflow/example_dags/example_xcomargs.py for tasks to queue
[2023-11-04 21:21:33,503] {logging_mixin.py:115} INFO - [2023-11-04 21:21:33,502] {dagbag.py:508} INFO - Filling up the DagBag from /home/airflow/.local/lib/python3.7/site-packages/airflow/example_dags/example_xcomargs.py
[2023-11-04 21:21:33,552] {processor.py:651} INFO - DAG(s) dict_keys(['example_xcom_args', 'example_xcom_args_with_operators']) retrieved from /home/airflow/.local/lib/python3.7/site-packages/airflow/example_dags/example_xcomargs.py
[2023-11-04 21:21:33,856] {logging_mixin.py:115} INFO - [2023-11-04 21:21:33,856] {dag.py:2420} INFO - Sync 2 DAGs
[2023-11-04 21:21:33,888] {logging_mixin.py:115} INFO - [2023-11-04 21:21:33,888] {dag.py:2972} INFO - Setting next_dagrun for example_xcom_args to None, run_after=None
[2023-11-04 21:21:33,889] {logging_mixin.py:115} INFO - [2023-11-04 21:21:33,889] {dag.py:2972} INFO - Setting next_dagrun for example_xcom_args_with_operators to None, run_after=None
[2023-11-04 21:21:33,906] {processor.py:161} INFO - Processing /home/airflow/.local/lib/python3.7/site-packages/airflow/example_dags/example_xcomargs.py took 0.410 seconds
[2023-11-04 21:22:04,086] {processor.py:153} INFO - Started process (PID=816) to work on /home/airflow/.local/lib/python3.7/site-packages/airflow/example_dags/example_xcomargs.py
[2023-11-04 21:22:04,087] {processor.py:641} INFO - Processing file /home/airflow/.local/lib/python3.7/site-packages/airflow/example_dags/example_xcomargs.py for tasks to queue
[2023-11-04 21:22:04,088] {logging_mixin.py:115} INFO - [2023-11-04 21:22:04,088] {dagbag.py:508} INFO - Filling up the DagBag from /home/airflow/.local/lib/python3.7/site-packages/airflow/example_dags/example_xcomargs.py
[2023-11-04 21:22:04,118] {processor.py:651} INFO - DAG(s) dict_keys(['example_xcom_args', 'example_xcom_args_with_operators']) retrieved from /home/airflow/.local/lib/python3.7/site-packages/airflow/example_dags/example_xcomargs.py
[2023-11-04 21:22:04,378] {logging_mixin.py:115} INFO - [2023-11-04 21:22:04,378] {dag.py:2420} INFO - Sync 2 DAGs
[2023-11-04 21:22:04,410] {logging_mixin.py:115} INFO - [2023-11-04 21:22:04,410] {dag.py:2972} INFO - Setting next_dagrun for example_xcom_args to None, run_after=None
[2023-11-04 21:22:04,411] {logging_mixin.py:115} INFO - [2023-11-04 21:22:04,411] {dag.py:2972} INFO - Setting next_dagrun for example_xcom_args_with_operators to None, run_after=None
[2023-11-04 21:22:04,431] {processor.py:161} INFO - Processing /home/airflow/.local/lib/python3.7/site-packages/airflow/example_dags/example_xcomargs.py took 0.350 seconds
[2023-11-04 21:22:34,968] {processor.py:153} INFO - Started process (PID=878) to work on /home/airflow/.local/lib/python3.7/site-packages/airflow/example_dags/example_xcomargs.py
[2023-11-04 21:22:34,968] {processor.py:641} INFO - Processing file /home/airflow/.local/lib/python3.7/site-packages/airflow/example_dags/example_xcomargs.py for tasks to queue
[2023-11-04 21:22:34,969] {logging_mixin.py:115} INFO - [2023-11-04 21:22:34,969] {dagbag.py:508} INFO - Filling up the DagBag from /home/airflow/.local/lib/python3.7/site-packages/airflow/example_dags/example_xcomargs.py
[2023-11-04 21:22:34,991] {processor.py:651} INFO - DAG(s) dict_keys(['example_xcom_args', 'example_xcom_args_with_operators']) retrieved from /home/airflow/.local/lib/python3.7/site-packages/airflow/example_dags/example_xcomargs.py
[2023-11-04 21:22:35,205] {logging_mixin.py:115} INFO - [2023-11-04 21:22:35,205] {dag.py:2420} INFO - Sync 2 DAGs
[2023-11-04 21:22:35,233] {logging_mixin.py:115} INFO - [2023-11-04 21:22:35,233] {dag.py:2972} INFO - Setting next_dagrun for example_xcom_args to None, run_after=None
[2023-11-04 21:22:35,234] {logging_mixin.py:115} INFO - [2023-11-04 21:22:35,234] {dag.py:2972} INFO - Setting next_dagrun for example_xcom_args_with_operators to None, run_after=None
[2023-11-04 21:22:35,255] {processor.py:161} INFO - Processing /home/airflow/.local/lib/python3.7/site-packages/airflow/example_dags/example_xcomargs.py took 0.291 seconds
[2023-11-04 21:23:05,570] {processor.py:153} INFO - Started process (PID=940) to work on /home/airflow/.local/lib/python3.7/site-packages/airflow/example_dags/example_xcomargs.py
[2023-11-04 21:23:05,571] {processor.py:641} INFO - Processing file /home/airflow/.local/lib/python3.7/site-packages/airflow/example_dags/example_xcomargs.py for tasks to queue
[2023-11-04 21:23:05,572] {logging_mixin.py:115} INFO - [2023-11-04 21:23:05,572] {dagbag.py:508} INFO - Filling up the DagBag from /home/airflow/.local/lib/python3.7/site-packages/airflow/example_dags/example_xcomargs.py
[2023-11-04 21:23:05,601] {processor.py:651} INFO - DAG(s) dict_keys(['example_xcom_args', 'example_xcom_args_with_operators']) retrieved from /home/airflow/.local/lib/python3.7/site-packages/airflow/example_dags/example_xcomargs.py
[2023-11-04 21:23:05,773] {logging_mixin.py:115} INFO - [2023-11-04 21:23:05,773] {dag.py:2420} INFO - Sync 2 DAGs
[2023-11-04 21:23:05,796] {logging_mixin.py:115} INFO - [2023-11-04 21:23:05,796] {dag.py:2972} INFO - Setting next_dagrun for example_xcom_args to None, run_after=None
[2023-11-04 21:23:05,797] {logging_mixin.py:115} INFO - [2023-11-04 21:23:05,797] {dag.py:2972} INFO - Setting next_dagrun for example_xcom_args_with_operators to None, run_after=None
[2023-11-04 21:23:05,809] {processor.py:161} INFO - Processing /home/airflow/.local/lib/python3.7/site-packages/airflow/example_dags/example_xcomargs.py took 0.243 seconds
[2023-11-04 21:23:36,120] {processor.py:153} INFO - Started process (PID=993) to work on /home/airflow/.local/lib/python3.7/site-packages/airflow/example_dags/example_xcomargs.py
[2023-11-04 21:23:36,122] {processor.py:641} INFO - Processing file /home/airflow/.local/lib/python3.7/site-packages/airflow/example_dags/example_xcomargs.py for tasks to queue
[2023-11-04 21:23:36,122] {logging_mixin.py:115} INFO - [2023-11-04 21:23:36,122] {dagbag.py:508} INFO - Filling up the DagBag from /home/airflow/.local/lib/python3.7/site-packages/airflow/example_dags/example_xcomargs.py
[2023-11-04 21:23:36,149] {processor.py:651} INFO - DAG(s) dict_keys(['example_xcom_args', 'example_xcom_args_with_operators']) retrieved from /home/airflow/.local/lib/python3.7/site-packages/airflow/example_dags/example_xcomargs.py
[2023-11-04 21:23:36,344] {logging_mixin.py:115} INFO - [2023-11-04 21:23:36,344] {dag.py:2420} INFO - Sync 2 DAGs
[2023-11-04 21:23:36,367] {logging_mixin.py:115} INFO - [2023-11-04 21:23:36,367] {dag.py:2972} INFO - Setting next_dagrun for example_xcom_args to None, run_after=None
[2023-11-04 21:23:36,368] {logging_mixin.py:115} INFO - [2023-11-04 21:23:36,368] {dag.py:2972} INFO - Setting next_dagrun for example_xcom_args_with_operators to None, run_after=None
[2023-11-04 21:23:36,381] {processor.py:161} INFO - Processing /home/airflow/.local/lib/python3.7/site-packages/airflow/example_dags/example_xcomargs.py took 0.265 seconds
[2023-11-04 21:24:06,636] {processor.py:153} INFO - Started process (PID=1055) to work on /home/airflow/.local/lib/python3.7/site-packages/airflow/example_dags/example_xcomargs.py
[2023-11-04 21:24:06,637] {processor.py:641} INFO - Processing file /home/airflow/.local/lib/python3.7/site-packages/airflow/example_dags/example_xcomargs.py for tasks to queue
[2023-11-04 21:24:06,638] {logging_mixin.py:115} INFO - [2023-11-04 21:24:06,638] {dagbag.py:508} INFO - Filling up the DagBag from /home/airflow/.local/lib/python3.7/site-packages/airflow/example_dags/example_xcomargs.py
[2023-11-04 21:24:06,659] {processor.py:651} INFO - DAG(s) dict_keys(['example_xcom_args', 'example_xcom_args_with_operators']) retrieved from /home/airflow/.local/lib/python3.7/site-packages/airflow/example_dags/example_xcomargs.py
[2023-11-04 21:24:06,878] {logging_mixin.py:115} INFO - [2023-11-04 21:24:06,878] {dag.py:2420} INFO - Sync 2 DAGs
[2023-11-04 21:24:06,898] {logging_mixin.py:115} INFO - [2023-11-04 21:24:06,898] {dag.py:2972} INFO - Setting next_dagrun for example_xcom_args to None, run_after=None
[2023-11-04 21:24:06,899] {logging_mixin.py:115} INFO - [2023-11-04 21:24:06,899] {dag.py:2972} INFO - Setting next_dagrun for example_xcom_args_with_operators to None, run_after=None
[2023-11-04 21:24:06,911] {processor.py:161} INFO - Processing /home/airflow/.local/lib/python3.7/site-packages/airflow/example_dags/example_xcomargs.py took 0.279 seconds
[2023-11-04 21:24:37,063] {processor.py:153} INFO - Started process (PID=1117) to work on /home/airflow/.local/lib/python3.7/site-packages/airflow/example_dags/example_xcomargs.py
[2023-11-04 21:24:37,064] {processor.py:641} INFO - Processing file /home/airflow/.local/lib/python3.7/site-packages/airflow/example_dags/example_xcomargs.py for tasks to queue
[2023-11-04 21:24:37,065] {logging_mixin.py:115} INFO - [2023-11-04 21:24:37,065] {dagbag.py:508} INFO - Filling up the DagBag from /home/airflow/.local/lib/python3.7/site-packages/airflow/example_dags/example_xcomargs.py
[2023-11-04 21:24:37,085] {processor.py:651} INFO - DAG(s) dict_keys(['example_xcom_args', 'example_xcom_args_with_operators']) retrieved from /home/airflow/.local/lib/python3.7/site-packages/airflow/example_dags/example_xcomargs.py
[2023-11-04 21:24:37,269] {logging_mixin.py:115} INFO - [2023-11-04 21:24:37,269] {dag.py:2420} INFO - Sync 2 DAGs
[2023-11-04 21:24:37,287] {logging_mixin.py:115} INFO - [2023-11-04 21:24:37,287] {dag.py:2972} INFO - Setting next_dagrun for example_xcom_args to None, run_after=None
[2023-11-04 21:24:37,305] {logging_mixin.py:115} INFO - [2023-11-04 21:24:37,305] {dag.py:2972} INFO - Setting next_dagrun for example_xcom_args_with_operators to None, run_after=None
[2023-11-04 21:24:37,317] {processor.py:161} INFO - Processing /home/airflow/.local/lib/python3.7/site-packages/airflow/example_dags/example_xcomargs.py took 0.257 seconds
[2023-11-04 21:25:07,585] {processor.py:153} INFO - Started process (PID=1170) to work on /home/airflow/.local/lib/python3.7/site-packages/airflow/example_dags/example_xcomargs.py
[2023-11-04 21:25:07,585] {processor.py:641} INFO - Processing file /home/airflow/.local/lib/python3.7/site-packages/airflow/example_dags/example_xcomargs.py for tasks to queue
[2023-11-04 21:25:07,586] {logging_mixin.py:115} INFO - [2023-11-04 21:25:07,586] {dagbag.py:508} INFO - Filling up the DagBag from /home/airflow/.local/lib/python3.7/site-packages/airflow/example_dags/example_xcomargs.py
[2023-11-04 21:25:07,610] {processor.py:651} INFO - DAG(s) dict_keys(['example_xcom_args', 'example_xcom_args_with_operators']) retrieved from /home/airflow/.local/lib/python3.7/site-packages/airflow/example_dags/example_xcomargs.py
[2023-11-04 21:25:07,773] {logging_mixin.py:115} INFO - [2023-11-04 21:25:07,772] {dag.py:2420} INFO - Sync 2 DAGs
[2023-11-04 21:25:07,800] {logging_mixin.py:115} INFO - [2023-11-04 21:25:07,800] {dag.py:2972} INFO - Setting next_dagrun for example_xcom_args to None, run_after=None
[2023-11-04 21:25:07,801] {logging_mixin.py:115} INFO - [2023-11-04 21:25:07,801] {dag.py:2972} INFO - Setting next_dagrun for example_xcom_args_with_operators to None, run_after=None
[2023-11-04 21:25:07,818] {processor.py:161} INFO - Processing /home/airflow/.local/lib/python3.7/site-packages/airflow/example_dags/example_xcomargs.py took 0.236 seconds
[2023-11-04 21:25:38,119] {processor.py:153} INFO - Started process (PID=1232) to work on /home/airflow/.local/lib/python3.7/site-packages/airflow/example_dags/example_xcomargs.py
[2023-11-04 21:25:38,120] {processor.py:641} INFO - Processing file /home/airflow/.local/lib/python3.7/site-packages/airflow/example_dags/example_xcomargs.py for tasks to queue
[2023-11-04 21:25:38,120] {logging_mixin.py:115} INFO - [2023-11-04 21:25:38,120] {dagbag.py:508} INFO - Filling up the DagBag from /home/airflow/.local/lib/python3.7/site-packages/airflow/example_dags/example_xcomargs.py
[2023-11-04 21:25:38,142] {processor.py:651} INFO - DAG(s) dict_keys(['example_xcom_args', 'example_xcom_args_with_operators']) retrieved from /home/airflow/.local/lib/python3.7/site-packages/airflow/example_dags/example_xcomargs.py
[2023-11-04 21:25:38,327] {logging_mixin.py:115} INFO - [2023-11-04 21:25:38,326] {dag.py:2420} INFO - Sync 2 DAGs
[2023-11-04 21:25:38,346] {logging_mixin.py:115} INFO - [2023-11-04 21:25:38,346] {dag.py:2972} INFO - Setting next_dagrun for example_xcom_args to None, run_after=None
[2023-11-04 21:25:38,347] {logging_mixin.py:115} INFO - [2023-11-04 21:25:38,347] {dag.py:2972} INFO - Setting next_dagrun for example_xcom_args_with_operators to None, run_after=None
[2023-11-04 21:25:38,390] {processor.py:161} INFO - Processing /home/airflow/.local/lib/python3.7/site-packages/airflow/example_dags/example_xcomargs.py took 0.275 seconds
[2023-11-04 21:26:08,924] {processor.py:153} INFO - Started process (PID=1294) to work on /home/airflow/.local/lib/python3.7/site-packages/airflow/example_dags/example_xcomargs.py
[2023-11-04 21:26:08,925] {processor.py:641} INFO - Processing file /home/airflow/.local/lib/python3.7/site-packages/airflow/example_dags/example_xcomargs.py for tasks to queue
[2023-11-04 21:26:08,925] {logging_mixin.py:115} INFO - [2023-11-04 21:26:08,925] {dagbag.py:508} INFO - Filling up the DagBag from /home/airflow/.local/lib/python3.7/site-packages/airflow/example_dags/example_xcomargs.py
[2023-11-04 21:26:08,948] {processor.py:651} INFO - DAG(s) dict_keys(['example_xcom_args', 'example_xcom_args_with_operators']) retrieved from /home/airflow/.local/lib/python3.7/site-packages/airflow/example_dags/example_xcomargs.py
[2023-11-04 21:26:09,095] {logging_mixin.py:115} INFO - [2023-11-04 21:26:09,094] {dag.py:2420} INFO - Sync 2 DAGs
[2023-11-04 21:26:09,120] {logging_mixin.py:115} INFO - [2023-11-04 21:26:09,120] {dag.py:2972} INFO - Setting next_dagrun for example_xcom_args to None, run_after=None
[2023-11-04 21:26:09,121] {logging_mixin.py:115} INFO - [2023-11-04 21:26:09,121] {dag.py:2972} INFO - Setting next_dagrun for example_xcom_args_with_operators to None, run_after=None
[2023-11-04 21:26:09,136] {processor.py:161} INFO - Processing /home/airflow/.local/lib/python3.7/site-packages/airflow/example_dags/example_xcomargs.py took 0.215 seconds
[2023-11-04 21:26:39,455] {processor.py:153} INFO - Started process (PID=1347) to work on /home/airflow/.local/lib/python3.7/site-packages/airflow/example_dags/example_xcomargs.py
[2023-11-04 21:26:39,460] {processor.py:641} INFO - Processing file /home/airflow/.local/lib/python3.7/site-packages/airflow/example_dags/example_xcomargs.py for tasks to queue
[2023-11-04 21:26:39,462] {logging_mixin.py:115} INFO - [2023-11-04 21:26:39,462] {dagbag.py:508} INFO - Filling up the DagBag from /home/airflow/.local/lib/python3.7/site-packages/airflow/example_dags/example_xcomargs.py
[2023-11-04 21:26:39,489] {processor.py:651} INFO - DAG(s) dict_keys(['example_xcom_args', 'example_xcom_args_with_operators']) retrieved from /home/airflow/.local/lib/python3.7/site-packages/airflow/example_dags/example_xcomargs.py
[2023-11-04 21:26:39,637] {logging_mixin.py:115} INFO - [2023-11-04 21:26:39,637] {dag.py:2420} INFO - Sync 2 DAGs
[2023-11-04 21:26:39,660] {logging_mixin.py:115} INFO - [2023-11-04 21:26:39,660] {dag.py:2972} INFO - Setting next_dagrun for example_xcom_args to None, run_after=None
[2023-11-04 21:26:39,661] {logging_mixin.py:115} INFO - [2023-11-04 21:26:39,661] {dag.py:2972} INFO - Setting next_dagrun for example_xcom_args_with_operators to None, run_after=None
[2023-11-04 21:26:39,676] {processor.py:161} INFO - Processing /home/airflow/.local/lib/python3.7/site-packages/airflow/example_dags/example_xcomargs.py took 0.225 seconds
[2023-11-04 21:27:10,221] {processor.py:153} INFO - Started process (PID=1409) to work on /home/airflow/.local/lib/python3.7/site-packages/airflow/example_dags/example_xcomargs.py
[2023-11-04 21:27:10,222] {processor.py:641} INFO - Processing file /home/airflow/.local/lib/python3.7/site-packages/airflow/example_dags/example_xcomargs.py for tasks to queue
[2023-11-04 21:27:10,222] {logging_mixin.py:115} INFO - [2023-11-04 21:27:10,222] {dagbag.py:508} INFO - Filling up the DagBag from /home/airflow/.local/lib/python3.7/site-packages/airflow/example_dags/example_xcomargs.py
[2023-11-04 21:27:10,244] {processor.py:651} INFO - DAG(s) dict_keys(['example_xcom_args', 'example_xcom_args_with_operators']) retrieved from /home/airflow/.local/lib/python3.7/site-packages/airflow/example_dags/example_xcomargs.py
[2023-11-04 21:27:10,427] {logging_mixin.py:115} INFO - [2023-11-04 21:27:10,426] {dag.py:2420} INFO - Sync 2 DAGs
[2023-11-04 21:27:10,450] {logging_mixin.py:115} INFO - [2023-11-04 21:27:10,450] {dag.py:2972} INFO - Setting next_dagrun for example_xcom_args to None, run_after=None
[2023-11-04 21:27:10,450] {logging_mixin.py:115} INFO - [2023-11-04 21:27:10,450] {dag.py:2972} INFO - Setting next_dagrun for example_xcom_args_with_operators to None, run_after=None
[2023-11-04 21:27:10,464] {processor.py:161} INFO - Processing /home/airflow/.local/lib/python3.7/site-packages/airflow/example_dags/example_xcomargs.py took 0.247 seconds
[2023-11-04 21:27:40,782] {processor.py:153} INFO - Started process (PID=1471) to work on /home/airflow/.local/lib/python3.7/site-packages/airflow/example_dags/example_xcomargs.py
[2023-11-04 21:27:40,800] {processor.py:641} INFO - Processing file /home/airflow/.local/lib/python3.7/site-packages/airflow/example_dags/example_xcomargs.py for tasks to queue
[2023-11-04 21:27:40,801] {logging_mixin.py:115} INFO - [2023-11-04 21:27:40,801] {dagbag.py:508} INFO - Filling up the DagBag from /home/airflow/.local/lib/python3.7/site-packages/airflow/example_dags/example_xcomargs.py
[2023-11-04 21:27:40,825] {processor.py:651} INFO - DAG(s) dict_keys(['example_xcom_args', 'example_xcom_args_with_operators']) retrieved from /home/airflow/.local/lib/python3.7/site-packages/airflow/example_dags/example_xcomargs.py
[2023-11-04 21:27:40,982] {logging_mixin.py:115} INFO - [2023-11-04 21:27:40,982] {dag.py:2420} INFO - Sync 2 DAGs
[2023-11-04 21:27:41,005] {logging_mixin.py:115} INFO - [2023-11-04 21:27:41,005] {dag.py:2972} INFO - Setting next_dagrun for example_xcom_args to None, run_after=None
[2023-11-04 21:27:41,006] {logging_mixin.py:115} INFO - [2023-11-04 21:27:41,006] {dag.py:2972} INFO - Setting next_dagrun for example_xcom_args_with_operators to None, run_after=None
[2023-11-04 21:27:41,019] {processor.py:161} INFO - Processing /home/airflow/.local/lib/python3.7/site-packages/airflow/example_dags/example_xcomargs.py took 0.241 seconds
[2023-11-04 21:28:11,275] {processor.py:153} INFO - Started process (PID=1524) to work on /home/airflow/.local/lib/python3.7/site-packages/airflow/example_dags/example_xcomargs.py
[2023-11-04 21:28:11,276] {processor.py:641} INFO - Processing file /home/airflow/.local/lib/python3.7/site-packages/airflow/example_dags/example_xcomargs.py for tasks to queue
[2023-11-04 21:28:11,276] {logging_mixin.py:115} INFO - [2023-11-04 21:28:11,276] {dagbag.py:508} INFO - Filling up the DagBag from /home/airflow/.local/lib/python3.7/site-packages/airflow/example_dags/example_xcomargs.py
[2023-11-04 21:28:11,298] {processor.py:651} INFO - DAG(s) dict_keys(['example_xcom_args', 'example_xcom_args_with_operators']) retrieved from /home/airflow/.local/lib/python3.7/site-packages/airflow/example_dags/example_xcomargs.py
[2023-11-04 21:28:11,480] {logging_mixin.py:115} INFO - [2023-11-04 21:28:11,480] {dag.py:2420} INFO - Sync 2 DAGs
[2023-11-04 21:28:11,498] {logging_mixin.py:115} INFO - [2023-11-04 21:28:11,498] {dag.py:2972} INFO - Setting next_dagrun for example_xcom_args to None, run_after=None
[2023-11-04 21:28:11,498] {logging_mixin.py:115} INFO - [2023-11-04 21:28:11,498] {dag.py:2972} INFO - Setting next_dagrun for example_xcom_args_with_operators to None, run_after=None
[2023-11-04 21:28:11,510] {processor.py:161} INFO - Processing /home/airflow/.local/lib/python3.7/site-packages/airflow/example_dags/example_xcomargs.py took 0.238 seconds
[2023-11-04 21:28:41,849] {processor.py:153} INFO - Started process (PID=1586) to work on /home/airflow/.local/lib/python3.7/site-packages/airflow/example_dags/example_xcomargs.py
[2023-11-04 21:28:41,850] {processor.py:641} INFO - Processing file /home/airflow/.local/lib/python3.7/site-packages/airflow/example_dags/example_xcomargs.py for tasks to queue
[2023-11-04 21:28:41,851] {logging_mixin.py:115} INFO - [2023-11-04 21:28:41,851] {dagbag.py:508} INFO - Filling up the DagBag from /home/airflow/.local/lib/python3.7/site-packages/airflow/example_dags/example_xcomargs.py
[2023-11-04 21:28:41,880] {processor.py:651} INFO - DAG(s) dict_keys(['example_xcom_args', 'example_xcom_args_with_operators']) retrieved from /home/airflow/.local/lib/python3.7/site-packages/airflow/example_dags/example_xcomargs.py
[2023-11-04 21:28:42,085] {logging_mixin.py:115} INFO - [2023-11-04 21:28:42,085] {dag.py:2420} INFO - Sync 2 DAGs
[2023-11-04 21:28:42,104] {logging_mixin.py:115} INFO - [2023-11-04 21:28:42,104] {dag.py:2972} INFO - Setting next_dagrun for example_xcom_args to None, run_after=None
[2023-11-04 21:28:42,105] {logging_mixin.py:115} INFO - [2023-11-04 21:28:42,105] {dag.py:2972} INFO - Setting next_dagrun for example_xcom_args_with_operators to None, run_after=None
[2023-11-04 21:28:42,117] {processor.py:161} INFO - Processing /home/airflow/.local/lib/python3.7/site-packages/airflow/example_dags/example_xcomargs.py took 0.272 seconds
[2023-11-04 21:29:12,465] {processor.py:153} INFO - Started process (PID=1648) to work on /home/airflow/.local/lib/python3.7/site-packages/airflow/example_dags/example_xcomargs.py
[2023-11-04 21:29:12,466] {processor.py:641} INFO - Processing file /home/airflow/.local/lib/python3.7/site-packages/airflow/example_dags/example_xcomargs.py for tasks to queue
[2023-11-04 21:29:12,467] {logging_mixin.py:115} INFO - [2023-11-04 21:29:12,467] {dagbag.py:508} INFO - Filling up the DagBag from /home/airflow/.local/lib/python3.7/site-packages/airflow/example_dags/example_xcomargs.py
[2023-11-04 21:29:12,489] {processor.py:651} INFO - DAG(s) dict_keys(['example_xcom_args', 'example_xcom_args_with_operators']) retrieved from /home/airflow/.local/lib/python3.7/site-packages/airflow/example_dags/example_xcomargs.py
[2023-11-04 21:29:12,690] {logging_mixin.py:115} INFO - [2023-11-04 21:29:12,689] {dag.py:2420} INFO - Sync 2 DAGs
[2023-11-04 21:29:12,729] {logging_mixin.py:115} INFO - [2023-11-04 21:29:12,729] {dag.py:2972} INFO - Setting next_dagrun for example_xcom_args to None, run_after=None
[2023-11-04 21:29:12,732] {logging_mixin.py:115} INFO - [2023-11-04 21:29:12,732] {dag.py:2972} INFO - Setting next_dagrun for example_xcom_args_with_operators to None, run_after=None
[2023-11-04 21:29:12,763] {processor.py:161} INFO - Processing /home/airflow/.local/lib/python3.7/site-packages/airflow/example_dags/example_xcomargs.py took 0.301 seconds
[2023-11-04 21:29:43,102] {processor.py:153} INFO - Started process (PID=1701) to work on /home/airflow/.local/lib/python3.7/site-packages/airflow/example_dags/example_xcomargs.py
[2023-11-04 21:29:43,102] {processor.py:641} INFO - Processing file /home/airflow/.local/lib/python3.7/site-packages/airflow/example_dags/example_xcomargs.py for tasks to queue
[2023-11-04 21:29:43,103] {logging_mixin.py:115} INFO - [2023-11-04 21:29:43,103] {dagbag.py:508} INFO - Filling up the DagBag from /home/airflow/.local/lib/python3.7/site-packages/airflow/example_dags/example_xcomargs.py
[2023-11-04 21:29:43,126] {processor.py:651} INFO - DAG(s) dict_keys(['example_xcom_args', 'example_xcom_args_with_operators']) retrieved from /home/airflow/.local/lib/python3.7/site-packages/airflow/example_dags/example_xcomargs.py
[2023-11-04 21:29:43,271] {logging_mixin.py:115} INFO - [2023-11-04 21:29:43,271] {dag.py:2420} INFO - Sync 2 DAGs
[2023-11-04 21:29:43,296] {logging_mixin.py:115} INFO - [2023-11-04 21:29:43,296] {dag.py:2972} INFO - Setting next_dagrun for example_xcom_args to None, run_after=None
[2023-11-04 21:29:43,297] {logging_mixin.py:115} INFO - [2023-11-04 21:29:43,297] {dag.py:2972} INFO - Setting next_dagrun for example_xcom_args_with_operators to None, run_after=None
[2023-11-04 21:29:43,345] {processor.py:161} INFO - Processing /home/airflow/.local/lib/python3.7/site-packages/airflow/example_dags/example_xcomargs.py took 0.247 seconds
[2023-11-04 21:30:13,906] {processor.py:153} INFO - Started process (PID=1763) to work on /home/airflow/.local/lib/python3.7/site-packages/airflow/example_dags/example_xcomargs.py
[2023-11-04 21:30:13,906] {processor.py:641} INFO - Processing file /home/airflow/.local/lib/python3.7/site-packages/airflow/example_dags/example_xcomargs.py for tasks to queue
[2023-11-04 21:30:13,907] {logging_mixin.py:115} INFO - [2023-11-04 21:30:13,907] {dagbag.py:508} INFO - Filling up the DagBag from /home/airflow/.local/lib/python3.7/site-packages/airflow/example_dags/example_xcomargs.py
[2023-11-04 21:30:13,938] {processor.py:651} INFO - DAG(s) dict_keys(['example_xcom_args', 'example_xcom_args_with_operators']) retrieved from /home/airflow/.local/lib/python3.7/site-packages/airflow/example_dags/example_xcomargs.py
[2023-11-04 21:30:14,146] {logging_mixin.py:115} INFO - [2023-11-04 21:30:14,146] {dag.py:2420} INFO - Sync 2 DAGs
[2023-11-04 21:30:14,178] {logging_mixin.py:115} INFO - [2023-11-04 21:30:14,177] {dag.py:2972} INFO - Setting next_dagrun for example_xcom_args to None, run_after=None
[2023-11-04 21:30:14,179] {logging_mixin.py:115} INFO - [2023-11-04 21:30:14,179] {dag.py:2972} INFO - Setting next_dagrun for example_xcom_args_with_operators to None, run_after=None
[2023-11-04 21:30:14,196] {processor.py:161} INFO - Processing /home/airflow/.local/lib/python3.7/site-packages/airflow/example_dags/example_xcomargs.py took 0.295 seconds
[2023-11-04 21:30:44,418] {processor.py:153} INFO - Started process (PID=1825) to work on /home/airflow/.local/lib/python3.7/site-packages/airflow/example_dags/example_xcomargs.py
[2023-11-04 21:30:44,419] {processor.py:641} INFO - Processing file /home/airflow/.local/lib/python3.7/site-packages/airflow/example_dags/example_xcomargs.py for tasks to queue
[2023-11-04 21:30:44,420] {logging_mixin.py:115} INFO - [2023-11-04 21:30:44,420] {dagbag.py:508} INFO - Filling up the DagBag from /home/airflow/.local/lib/python3.7/site-packages/airflow/example_dags/example_xcomargs.py
[2023-11-04 21:30:44,557] {processor.py:651} INFO - DAG(s) dict_keys(['example_xcom_args', 'example_xcom_args_with_operators']) retrieved from /home/airflow/.local/lib/python3.7/site-packages/airflow/example_dags/example_xcomargs.py
[2023-11-04 21:30:44,638] {logging_mixin.py:115} INFO - [2023-11-04 21:30:44,638] {dag.py:2420} INFO - Sync 2 DAGs
[2023-11-04 21:30:44,660] {logging_mixin.py:115} INFO - [2023-11-04 21:30:44,660] {dag.py:2972} INFO - Setting next_dagrun for example_xcom_args to None, run_after=None
[2023-11-04 21:30:44,661] {logging_mixin.py:115} INFO - [2023-11-04 21:30:44,661] {dag.py:2972} INFO - Setting next_dagrun for example_xcom_args_with_operators to None, run_after=None
[2023-11-04 21:30:44,681] {processor.py:161} INFO - Processing /home/airflow/.local/lib/python3.7/site-packages/airflow/example_dags/example_xcomargs.py took 0.266 seconds
[2023-11-04 21:31:15,114] {processor.py:153} INFO - Started process (PID=1878) to work on /home/airflow/.local/lib/python3.7/site-packages/airflow/example_dags/example_xcomargs.py
[2023-11-04 21:31:15,115] {processor.py:641} INFO - Processing file /home/airflow/.local/lib/python3.7/site-packages/airflow/example_dags/example_xcomargs.py for tasks to queue
[2023-11-04 21:31:15,116] {logging_mixin.py:115} INFO - [2023-11-04 21:31:15,116] {dagbag.py:508} INFO - Filling up the DagBag from /home/airflow/.local/lib/python3.7/site-packages/airflow/example_dags/example_xcomargs.py
[2023-11-04 21:31:15,269] {processor.py:651} INFO - DAG(s) dict_keys(['example_xcom_args', 'example_xcom_args_with_operators']) retrieved from /home/airflow/.local/lib/python3.7/site-packages/airflow/example_dags/example_xcomargs.py
[2023-11-04 21:31:15,298] {logging_mixin.py:115} INFO - [2023-11-04 21:31:15,298] {dag.py:2420} INFO - Sync 2 DAGs
[2023-11-04 21:31:15,321] {logging_mixin.py:115} INFO - [2023-11-04 21:31:15,321] {dag.py:2972} INFO - Setting next_dagrun for example_xcom_args to None, run_after=None
[2023-11-04 21:31:15,322] {logging_mixin.py:115} INFO - [2023-11-04 21:31:15,322] {dag.py:2972} INFO - Setting next_dagrun for example_xcom_args_with_operators to None, run_after=None
[2023-11-04 21:31:15,333] {processor.py:161} INFO - Processing /home/airflow/.local/lib/python3.7/site-packages/airflow/example_dags/example_xcomargs.py took 0.223 seconds
[2023-11-04 21:31:45,956] {processor.py:153} INFO - Started process (PID=1940) to work on /home/airflow/.local/lib/python3.7/site-packages/airflow/example_dags/example_xcomargs.py
[2023-11-04 21:31:45,957] {processor.py:641} INFO - Processing file /home/airflow/.local/lib/python3.7/site-packages/airflow/example_dags/example_xcomargs.py for tasks to queue
[2023-11-04 21:31:45,958] {logging_mixin.py:115} INFO - [2023-11-04 21:31:45,958] {dagbag.py:508} INFO - Filling up the DagBag from /home/airflow/.local/lib/python3.7/site-packages/airflow/example_dags/example_xcomargs.py
[2023-11-04 21:31:46,151] {processor.py:651} INFO - DAG(s) dict_keys(['example_xcom_args', 'example_xcom_args_with_operators']) retrieved from /home/airflow/.local/lib/python3.7/site-packages/airflow/example_dags/example_xcomargs.py
[2023-11-04 21:31:46,228] {logging_mixin.py:115} INFO - [2023-11-04 21:31:46,228] {dag.py:2420} INFO - Sync 2 DAGs
[2023-11-04 21:31:46,249] {logging_mixin.py:115} INFO - [2023-11-04 21:31:46,248] {dag.py:2972} INFO - Setting next_dagrun for example_xcom_args to None, run_after=None
[2023-11-04 21:31:46,249] {logging_mixin.py:115} INFO - [2023-11-04 21:31:46,249] {dag.py:2972} INFO - Setting next_dagrun for example_xcom_args_with_operators to None, run_after=None
[2023-11-04 21:31:46,264] {processor.py:161} INFO - Processing /home/airflow/.local/lib/python3.7/site-packages/airflow/example_dags/example_xcomargs.py took 0.314 seconds
