[2023-11-04 20:57:52,322] {processor.py:153} INFO - Started process (PID=61) to work on /home/airflow/.local/lib/python3.7/site-packages/airflow/example_dags/example_latest_only_with_trigger.py
[2023-11-04 20:57:52,324] {processor.py:641} INFO - Processing file /home/airflow/.local/lib/python3.7/site-packages/airflow/example_dags/example_latest_only_with_trigger.py for tasks to queue
[2023-11-04 20:57:52,327] {logging_mixin.py:115} INFO - [2023-11-04 20:57:52,326] {dagbag.py:508} INFO - Filling up the DagBag from /home/airflow/.local/lib/python3.7/site-packages/airflow/example_dags/example_latest_only_with_trigger.py
[2023-11-04 20:57:52,345] {processor.py:651} INFO - DAG(s) dict_keys(['latest_only_with_trigger']) retrieved from /home/airflow/.local/lib/python3.7/site-packages/airflow/example_dags/example_latest_only_with_trigger.py
[2023-11-04 20:57:52,482] {logging_mixin.py:115} INFO - [2023-11-04 20:57:52,482] {manager.py:508} INFO - Created Permission View: can delete on DAG:latest_only_with_trigger
[2023-11-04 20:57:52,495] {logging_mixin.py:115} INFO - [2023-11-04 20:57:52,495] {manager.py:508} INFO - Created Permission View: can edit on DAG:latest_only_with_trigger
[2023-11-04 20:57:52,507] {logging_mixin.py:115} INFO - [2023-11-04 20:57:52,507] {manager.py:508} INFO - Created Permission View: can read on DAG:latest_only_with_trigger
[2023-11-04 20:57:52,508] {logging_mixin.py:115} INFO - [2023-11-04 20:57:52,507] {dag.py:2420} INFO - Sync 1 DAGs
[2023-11-04 20:57:52,522] {logging_mixin.py:115} INFO - [2023-11-04 20:57:52,522] {dag.py:2439} INFO - Creating ORM DAG for latest_only_with_trigger
[2023-11-04 20:57:52,539] {logging_mixin.py:115} INFO - [2023-11-04 20:57:52,538] {dag.py:2972} INFO - Setting next_dagrun for latest_only_with_trigger to 2023-11-04T16:57:52.538309+00:00, run_after=2023-11-04T20:57:52.538309+00:00
[2023-11-04 20:57:52,555] {processor.py:161} INFO - Processing /home/airflow/.local/lib/python3.7/site-packages/airflow/example_dags/example_latest_only_with_trigger.py took 0.241 seconds
[2023-11-04 20:58:22,721] {processor.py:153} INFO - Started process (PID=113) to work on /home/airflow/.local/lib/python3.7/site-packages/airflow/example_dags/example_latest_only_with_trigger.py
[2023-11-04 20:58:22,722] {processor.py:641} INFO - Processing file /home/airflow/.local/lib/python3.7/site-packages/airflow/example_dags/example_latest_only_with_trigger.py for tasks to queue
[2023-11-04 20:58:22,722] {logging_mixin.py:115} INFO - [2023-11-04 20:58:22,722] {dagbag.py:508} INFO - Filling up the DagBag from /home/airflow/.local/lib/python3.7/site-packages/airflow/example_dags/example_latest_only_with_trigger.py
[2023-11-04 20:58:22,728] {processor.py:651} INFO - DAG(s) dict_keys(['latest_only_with_trigger']) retrieved from /home/airflow/.local/lib/python3.7/site-packages/airflow/example_dags/example_latest_only_with_trigger.py
[2023-11-04 20:58:22,754] {logging_mixin.py:115} INFO - [2023-11-04 20:58:22,754] {dag.py:2420} INFO - Sync 1 DAGs
[2023-11-04 20:58:22,776] {logging_mixin.py:115} INFO - [2023-11-04 20:58:22,776] {dag.py:2972} INFO - Setting next_dagrun for latest_only_with_trigger to 2023-11-04T16:58:22.775796+00:00, run_after=2023-11-04T20:58:22.775796+00:00
[2023-11-04 20:58:22,788] {processor.py:161} INFO - Processing /home/airflow/.local/lib/python3.7/site-packages/airflow/example_dags/example_latest_only_with_trigger.py took 0.071 seconds
[2023-11-04 20:58:53,036] {processor.py:153} INFO - Started process (PID=190) to work on /home/airflow/.local/lib/python3.7/site-packages/airflow/example_dags/example_latest_only_with_trigger.py
[2023-11-04 20:58:53,036] {processor.py:641} INFO - Processing file /home/airflow/.local/lib/python3.7/site-packages/airflow/example_dags/example_latest_only_with_trigger.py for tasks to queue
[2023-11-04 20:58:53,037] {logging_mixin.py:115} INFO - [2023-11-04 20:58:53,037] {dagbag.py:508} INFO - Filling up the DagBag from /home/airflow/.local/lib/python3.7/site-packages/airflow/example_dags/example_latest_only_with_trigger.py
[2023-11-04 20:58:53,044] {processor.py:651} INFO - DAG(s) dict_keys(['latest_only_with_trigger']) retrieved from /home/airflow/.local/lib/python3.7/site-packages/airflow/example_dags/example_latest_only_with_trigger.py
[2023-11-04 20:58:53,072] {logging_mixin.py:115} INFO - [2023-11-04 20:58:53,072] {dag.py:2420} INFO - Sync 1 DAGs
[2023-11-04 20:58:53,099] {logging_mixin.py:115} INFO - [2023-11-04 20:58:53,099] {dag.py:2972} INFO - Setting next_dagrun for latest_only_with_trigger to 2023-11-04T16:58:53.098854+00:00, run_after=2023-11-04T20:58:53.098854+00:00
[2023-11-04 20:58:53,113] {processor.py:161} INFO - Processing /home/airflow/.local/lib/python3.7/site-packages/airflow/example_dags/example_latest_only_with_trigger.py took 0.080 seconds
[2023-11-04 20:59:23,389] {processor.py:153} INFO - Started process (PID=251) to work on /home/airflow/.local/lib/python3.7/site-packages/airflow/example_dags/example_latest_only_with_trigger.py
[2023-11-04 20:59:23,390] {processor.py:641} INFO - Processing file /home/airflow/.local/lib/python3.7/site-packages/airflow/example_dags/example_latest_only_with_trigger.py for tasks to queue
[2023-11-04 20:59:23,391] {logging_mixin.py:115} INFO - [2023-11-04 20:59:23,391] {dagbag.py:508} INFO - Filling up the DagBag from /home/airflow/.local/lib/python3.7/site-packages/airflow/example_dags/example_latest_only_with_trigger.py
[2023-11-04 20:59:23,402] {processor.py:651} INFO - DAG(s) dict_keys(['latest_only_with_trigger']) retrieved from /home/airflow/.local/lib/python3.7/site-packages/airflow/example_dags/example_latest_only_with_trigger.py
[2023-11-04 20:59:23,435] {logging_mixin.py:115} INFO - [2023-11-04 20:59:23,435] {dag.py:2420} INFO - Sync 1 DAGs
[2023-11-04 20:59:23,462] {logging_mixin.py:115} INFO - [2023-11-04 20:59:23,462] {dag.py:2972} INFO - Setting next_dagrun for latest_only_with_trigger to 2023-11-04T16:59:23.461897+00:00, run_after=2023-11-04T20:59:23.461897+00:00
[2023-11-04 20:59:23,478] {processor.py:161} INFO - Processing /home/airflow/.local/lib/python3.7/site-packages/airflow/example_dags/example_latest_only_with_trigger.py took 0.096 seconds
[2023-11-04 20:59:54,078] {processor.py:153} INFO - Started process (PID=303) to work on /home/airflow/.local/lib/python3.7/site-packages/airflow/example_dags/example_latest_only_with_trigger.py
[2023-11-04 20:59:54,079] {processor.py:641} INFO - Processing file /home/airflow/.local/lib/python3.7/site-packages/airflow/example_dags/example_latest_only_with_trigger.py for tasks to queue
[2023-11-04 20:59:54,081] {logging_mixin.py:115} INFO - [2023-11-04 20:59:54,080] {dagbag.py:508} INFO - Filling up the DagBag from /home/airflow/.local/lib/python3.7/site-packages/airflow/example_dags/example_latest_only_with_trigger.py
[2023-11-04 20:59:54,090] {processor.py:651} INFO - DAG(s) dict_keys(['latest_only_with_trigger']) retrieved from /home/airflow/.local/lib/python3.7/site-packages/airflow/example_dags/example_latest_only_with_trigger.py
[2023-11-04 20:59:54,143] {logging_mixin.py:115} INFO - [2023-11-04 20:59:54,143] {dag.py:2420} INFO - Sync 1 DAGs
[2023-11-04 20:59:54,286] {logging_mixin.py:115} INFO - [2023-11-04 20:59:54,286] {dag.py:2972} INFO - Setting next_dagrun for latest_only_with_trigger to 2023-11-04T16:59:54.285310+00:00, run_after=2023-11-04T20:59:54.285310+00:00
[2023-11-04 20:59:54,363] {processor.py:161} INFO - Processing /home/airflow/.local/lib/python3.7/site-packages/airflow/example_dags/example_latest_only_with_trigger.py took 0.289 seconds
[2023-11-04 21:00:25,319] {processor.py:153} INFO - Started process (PID=364) to work on /home/airflow/.local/lib/python3.7/site-packages/airflow/example_dags/example_latest_only_with_trigger.py
[2023-11-04 21:00:25,319] {processor.py:641} INFO - Processing file /home/airflow/.local/lib/python3.7/site-packages/airflow/example_dags/example_latest_only_with_trigger.py for tasks to queue
[2023-11-04 21:00:25,320] {logging_mixin.py:115} INFO - [2023-11-04 21:00:25,320] {dagbag.py:508} INFO - Filling up the DagBag from /home/airflow/.local/lib/python3.7/site-packages/airflow/example_dags/example_latest_only_with_trigger.py
[2023-11-04 21:00:25,327] {processor.py:651} INFO - DAG(s) dict_keys(['latest_only_with_trigger']) retrieved from /home/airflow/.local/lib/python3.7/site-packages/airflow/example_dags/example_latest_only_with_trigger.py
[2023-11-04 21:00:25,362] {logging_mixin.py:115} INFO - [2023-11-04 21:00:25,362] {dag.py:2420} INFO - Sync 1 DAGs
[2023-11-04 21:00:25,392] {logging_mixin.py:115} INFO - [2023-11-04 21:00:25,392] {dag.py:2972} INFO - Setting next_dagrun for latest_only_with_trigger to 2023-11-04T17:00:25.391957+00:00, run_after=2023-11-04T21:00:25.391957+00:00
[2023-11-04 21:00:25,410] {processor.py:161} INFO - Processing /home/airflow/.local/lib/python3.7/site-packages/airflow/example_dags/example_latest_only_with_trigger.py took 0.095 seconds
[2023-11-04 21:00:55,505] {processor.py:153} INFO - Started process (PID=415) to work on /home/airflow/.local/lib/python3.7/site-packages/airflow/example_dags/example_latest_only_with_trigger.py
[2023-11-04 21:00:55,506] {processor.py:641} INFO - Processing file /home/airflow/.local/lib/python3.7/site-packages/airflow/example_dags/example_latest_only_with_trigger.py for tasks to queue
[2023-11-04 21:00:55,507] {logging_mixin.py:115} INFO - [2023-11-04 21:00:55,507] {dagbag.py:508} INFO - Filling up the DagBag from /home/airflow/.local/lib/python3.7/site-packages/airflow/example_dags/example_latest_only_with_trigger.py
[2023-11-04 21:00:55,514] {processor.py:651} INFO - DAG(s) dict_keys(['latest_only_with_trigger']) retrieved from /home/airflow/.local/lib/python3.7/site-packages/airflow/example_dags/example_latest_only_with_trigger.py
[2023-11-04 21:00:55,542] {logging_mixin.py:115} INFO - [2023-11-04 21:00:55,542] {dag.py:2420} INFO - Sync 1 DAGs
[2023-11-04 21:00:55,565] {logging_mixin.py:115} INFO - [2023-11-04 21:00:55,565] {dag.py:2972} INFO - Setting next_dagrun for latest_only_with_trigger to 2023-11-04T17:00:55.564756+00:00, run_after=2023-11-04T21:00:55.564756+00:00
[2023-11-04 21:00:55,577] {processor.py:161} INFO - Processing /home/airflow/.local/lib/python3.7/site-packages/airflow/example_dags/example_latest_only_with_trigger.py took 0.075 seconds
[2023-11-04 21:01:26,162] {processor.py:153} INFO - Started process (PID=477) to work on /home/airflow/.local/lib/python3.7/site-packages/airflow/example_dags/example_latest_only_with_trigger.py
[2023-11-04 21:01:26,163] {processor.py:641} INFO - Processing file /home/airflow/.local/lib/python3.7/site-packages/airflow/example_dags/example_latest_only_with_trigger.py for tasks to queue
[2023-11-04 21:01:26,164] {logging_mixin.py:115} INFO - [2023-11-04 21:01:26,164] {dagbag.py:508} INFO - Filling up the DagBag from /home/airflow/.local/lib/python3.7/site-packages/airflow/example_dags/example_latest_only_with_trigger.py
[2023-11-04 21:01:26,176] {processor.py:651} INFO - DAG(s) dict_keys(['latest_only_with_trigger']) retrieved from /home/airflow/.local/lib/python3.7/site-packages/airflow/example_dags/example_latest_only_with_trigger.py
[2023-11-04 21:01:26,231] {logging_mixin.py:115} INFO - [2023-11-04 21:01:26,230] {dag.py:2420} INFO - Sync 1 DAGs
[2023-11-04 21:01:26,285] {logging_mixin.py:115} INFO - [2023-11-04 21:01:26,285] {dag.py:2972} INFO - Setting next_dagrun for latest_only_with_trigger to 2023-11-04T17:01:26.285253+00:00, run_after=2023-11-04T21:01:26.285253+00:00
[2023-11-04 21:01:26,319] {processor.py:161} INFO - Processing /home/airflow/.local/lib/python3.7/site-packages/airflow/example_dags/example_latest_only_with_trigger.py took 0.162 seconds
[2023-11-04 21:01:57,104] {processor.py:153} INFO - Started process (PID=538) to work on /home/airflow/.local/lib/python3.7/site-packages/airflow/example_dags/example_latest_only_with_trigger.py
[2023-11-04 21:01:57,105] {processor.py:641} INFO - Processing file /home/airflow/.local/lib/python3.7/site-packages/airflow/example_dags/example_latest_only_with_trigger.py for tasks to queue
[2023-11-04 21:01:57,105] {logging_mixin.py:115} INFO - [2023-11-04 21:01:57,105] {dagbag.py:508} INFO - Filling up the DagBag from /home/airflow/.local/lib/python3.7/site-packages/airflow/example_dags/example_latest_only_with_trigger.py
[2023-11-04 21:01:57,111] {processor.py:651} INFO - DAG(s) dict_keys(['latest_only_with_trigger']) retrieved from /home/airflow/.local/lib/python3.7/site-packages/airflow/example_dags/example_latest_only_with_trigger.py
[2023-11-04 21:01:57,138] {logging_mixin.py:115} INFO - [2023-11-04 21:01:57,138] {dag.py:2420} INFO - Sync 1 DAGs
[2023-11-04 21:01:57,161] {logging_mixin.py:115} INFO - [2023-11-04 21:01:57,161] {dag.py:2972} INFO - Setting next_dagrun for latest_only_with_trigger to 2023-11-04T17:01:57.160967+00:00, run_after=2023-11-04T21:01:57.160967+00:00
[2023-11-04 21:01:57,173] {processor.py:161} INFO - Processing /home/airflow/.local/lib/python3.7/site-packages/airflow/example_dags/example_latest_only_with_trigger.py took 0.072 seconds
[2023-11-04 21:02:27,943] {processor.py:153} INFO - Started process (PID=597) to work on /home/airflow/.local/lib/python3.7/site-packages/airflow/example_dags/example_latest_only_with_trigger.py
[2023-11-04 21:02:27,943] {processor.py:641} INFO - Processing file /home/airflow/.local/lib/python3.7/site-packages/airflow/example_dags/example_latest_only_with_trigger.py for tasks to queue
[2023-11-04 21:02:27,944] {logging_mixin.py:115} INFO - [2023-11-04 21:02:27,944] {dagbag.py:508} INFO - Filling up the DagBag from /home/airflow/.local/lib/python3.7/site-packages/airflow/example_dags/example_latest_only_with_trigger.py
[2023-11-04 21:02:27,951] {processor.py:651} INFO - DAG(s) dict_keys(['latest_only_with_trigger']) retrieved from /home/airflow/.local/lib/python3.7/site-packages/airflow/example_dags/example_latest_only_with_trigger.py
[2023-11-04 21:02:27,991] {logging_mixin.py:115} INFO - [2023-11-04 21:02:27,991] {dag.py:2420} INFO - Sync 1 DAGs
[2023-11-04 21:02:28,038] {logging_mixin.py:115} INFO - [2023-11-04 21:02:28,037] {dag.py:2972} INFO - Setting next_dagrun for latest_only_with_trigger to 2023-11-04T17:02:28.037616+00:00, run_after=2023-11-04T21:02:28.037616+00:00
[2023-11-04 21:02:28,061] {processor.py:161} INFO - Processing /home/airflow/.local/lib/python3.7/site-packages/airflow/example_dags/example_latest_only_with_trigger.py took 0.122 seconds
[2023-11-04 21:02:58,666] {processor.py:153} INFO - Started process (PID=651) to work on /home/airflow/.local/lib/python3.7/site-packages/airflow/example_dags/example_latest_only_with_trigger.py
[2023-11-04 21:02:58,666] {processor.py:641} INFO - Processing file /home/airflow/.local/lib/python3.7/site-packages/airflow/example_dags/example_latest_only_with_trigger.py for tasks to queue
[2023-11-04 21:02:58,667] {logging_mixin.py:115} INFO - [2023-11-04 21:02:58,667] {dagbag.py:508} INFO - Filling up the DagBag from /home/airflow/.local/lib/python3.7/site-packages/airflow/example_dags/example_latest_only_with_trigger.py
[2023-11-04 21:02:58,674] {processor.py:651} INFO - DAG(s) dict_keys(['latest_only_with_trigger']) retrieved from /home/airflow/.local/lib/python3.7/site-packages/airflow/example_dags/example_latest_only_with_trigger.py
[2023-11-04 21:02:58,701] {logging_mixin.py:115} INFO - [2023-11-04 21:02:58,701] {dag.py:2420} INFO - Sync 1 DAGs
[2023-11-04 21:02:58,727] {logging_mixin.py:115} INFO - [2023-11-04 21:02:58,727] {dag.py:2972} INFO - Setting next_dagrun for latest_only_with_trigger to 2023-11-04T17:02:58.726771+00:00, run_after=2023-11-04T21:02:58.726771+00:00
[2023-11-04 21:02:58,739] {processor.py:161} INFO - Processing /home/airflow/.local/lib/python3.7/site-packages/airflow/example_dags/example_latest_only_with_trigger.py took 0.077 seconds
[2023-11-04 21:03:28,885] {processor.py:153} INFO - Started process (PID=712) to work on /home/airflow/.local/lib/python3.7/site-packages/airflow/example_dags/example_latest_only_with_trigger.py
[2023-11-04 21:03:28,885] {processor.py:641} INFO - Processing file /home/airflow/.local/lib/python3.7/site-packages/airflow/example_dags/example_latest_only_with_trigger.py for tasks to queue
[2023-11-04 21:03:28,886] {logging_mixin.py:115} INFO - [2023-11-04 21:03:28,886] {dagbag.py:508} INFO - Filling up the DagBag from /home/airflow/.local/lib/python3.7/site-packages/airflow/example_dags/example_latest_only_with_trigger.py
[2023-11-04 21:03:28,892] {processor.py:651} INFO - DAG(s) dict_keys(['latest_only_with_trigger']) retrieved from /home/airflow/.local/lib/python3.7/site-packages/airflow/example_dags/example_latest_only_with_trigger.py
[2023-11-04 21:03:28,919] {logging_mixin.py:115} INFO - [2023-11-04 21:03:28,919] {dag.py:2420} INFO - Sync 1 DAGs
[2023-11-04 21:03:28,941] {logging_mixin.py:115} INFO - [2023-11-04 21:03:28,941] {dag.py:2972} INFO - Setting next_dagrun for latest_only_with_trigger to 2023-11-04T17:03:28.941569+00:00, run_after=2023-11-04T21:03:28.941569+00:00
[2023-11-04 21:03:28,954] {processor.py:161} INFO - Processing /home/airflow/.local/lib/python3.7/site-packages/airflow/example_dags/example_latest_only_with_trigger.py took 0.072 seconds
[2023-11-04 21:03:59,015] {processor.py:153} INFO - Started process (PID=763) to work on /home/airflow/.local/lib/python3.7/site-packages/airflow/example_dags/example_latest_only_with_trigger.py
[2023-11-04 21:03:59,016] {processor.py:641} INFO - Processing file /home/airflow/.local/lib/python3.7/site-packages/airflow/example_dags/example_latest_only_with_trigger.py for tasks to queue
[2023-11-04 21:03:59,017] {logging_mixin.py:115} INFO - [2023-11-04 21:03:59,017] {dagbag.py:508} INFO - Filling up the DagBag from /home/airflow/.local/lib/python3.7/site-packages/airflow/example_dags/example_latest_only_with_trigger.py
[2023-11-04 21:03:59,023] {processor.py:651} INFO - DAG(s) dict_keys(['latest_only_with_trigger']) retrieved from /home/airflow/.local/lib/python3.7/site-packages/airflow/example_dags/example_latest_only_with_trigger.py
[2023-11-04 21:03:59,057] {logging_mixin.py:115} INFO - [2023-11-04 21:03:59,057] {dag.py:2420} INFO - Sync 1 DAGs
[2023-11-04 21:03:59,079] {logging_mixin.py:115} INFO - [2023-11-04 21:03:59,079] {dag.py:2972} INFO - Setting next_dagrun for latest_only_with_trigger to 2023-11-04T17:03:59.079438+00:00, run_after=2023-11-04T21:03:59.079438+00:00
[2023-11-04 21:03:59,092] {processor.py:161} INFO - Processing /home/airflow/.local/lib/python3.7/site-packages/airflow/example_dags/example_latest_only_with_trigger.py took 0.080 seconds
[2023-11-04 21:04:29,258] {processor.py:153} INFO - Started process (PID=824) to work on /home/airflow/.local/lib/python3.7/site-packages/airflow/example_dags/example_latest_only_with_trigger.py
[2023-11-04 21:04:29,259] {processor.py:641} INFO - Processing file /home/airflow/.local/lib/python3.7/site-packages/airflow/example_dags/example_latest_only_with_trigger.py for tasks to queue
[2023-11-04 21:04:29,260] {logging_mixin.py:115} INFO - [2023-11-04 21:04:29,260] {dagbag.py:508} INFO - Filling up the DagBag from /home/airflow/.local/lib/python3.7/site-packages/airflow/example_dags/example_latest_only_with_trigger.py
[2023-11-04 21:04:29,269] {processor.py:651} INFO - DAG(s) dict_keys(['latest_only_with_trigger']) retrieved from /home/airflow/.local/lib/python3.7/site-packages/airflow/example_dags/example_latest_only_with_trigger.py
[2023-11-04 21:04:29,298] {logging_mixin.py:115} INFO - [2023-11-04 21:04:29,297] {dag.py:2420} INFO - Sync 1 DAGs
[2023-11-04 21:04:29,320] {logging_mixin.py:115} INFO - [2023-11-04 21:04:29,320] {dag.py:2972} INFO - Setting next_dagrun for latest_only_with_trigger to 2023-11-04T17:04:29.320453+00:00, run_after=2023-11-04T21:04:29.320453+00:00
[2023-11-04 21:04:29,335] {processor.py:161} INFO - Processing /home/airflow/.local/lib/python3.7/site-packages/airflow/example_dags/example_latest_only_with_trigger.py took 0.080 seconds
[2023-11-04 21:04:59,414] {processor.py:153} INFO - Started process (PID=883) to work on /home/airflow/.local/lib/python3.7/site-packages/airflow/example_dags/example_latest_only_with_trigger.py
[2023-11-04 21:04:59,415] {processor.py:641} INFO - Processing file /home/airflow/.local/lib/python3.7/site-packages/airflow/example_dags/example_latest_only_with_trigger.py for tasks to queue
[2023-11-04 21:04:59,415] {logging_mixin.py:115} INFO - [2023-11-04 21:04:59,415] {dagbag.py:508} INFO - Filling up the DagBag from /home/airflow/.local/lib/python3.7/site-packages/airflow/example_dags/example_latest_only_with_trigger.py
[2023-11-04 21:04:59,422] {processor.py:651} INFO - DAG(s) dict_keys(['latest_only_with_trigger']) retrieved from /home/airflow/.local/lib/python3.7/site-packages/airflow/example_dags/example_latest_only_with_trigger.py
[2023-11-04 21:04:59,450] {logging_mixin.py:115} INFO - [2023-11-04 21:04:59,450] {dag.py:2420} INFO - Sync 1 DAGs
[2023-11-04 21:04:59,472] {logging_mixin.py:115} INFO - [2023-11-04 21:04:59,472] {dag.py:2972} INFO - Setting next_dagrun for latest_only_with_trigger to 2023-11-04T17:04:59.472369+00:00, run_after=2023-11-04T21:04:59.472369+00:00
[2023-11-04 21:04:59,484] {processor.py:161} INFO - Processing /home/airflow/.local/lib/python3.7/site-packages/airflow/example_dags/example_latest_only_with_trigger.py took 0.074 seconds
[2023-11-04 21:05:30,251] {processor.py:153} INFO - Started process (PID=937) to work on /home/airflow/.local/lib/python3.7/site-packages/airflow/example_dags/example_latest_only_with_trigger.py
[2023-11-04 21:05:30,252] {processor.py:641} INFO - Processing file /home/airflow/.local/lib/python3.7/site-packages/airflow/example_dags/example_latest_only_with_trigger.py for tasks to queue
[2023-11-04 21:05:30,252] {logging_mixin.py:115} INFO - [2023-11-04 21:05:30,252] {dagbag.py:508} INFO - Filling up the DagBag from /home/airflow/.local/lib/python3.7/site-packages/airflow/example_dags/example_latest_only_with_trigger.py
[2023-11-04 21:05:30,261] {processor.py:651} INFO - DAG(s) dict_keys(['latest_only_with_trigger']) retrieved from /home/airflow/.local/lib/python3.7/site-packages/airflow/example_dags/example_latest_only_with_trigger.py
[2023-11-04 21:05:30,295] {logging_mixin.py:115} INFO - [2023-11-04 21:05:30,295] {dag.py:2420} INFO - Sync 1 DAGs
[2023-11-04 21:05:30,329] {logging_mixin.py:115} INFO - [2023-11-04 21:05:30,329] {dag.py:2972} INFO - Setting next_dagrun for latest_only_with_trigger to 2023-11-04T17:05:30.329126+00:00, run_after=2023-11-04T21:05:30.329126+00:00
[2023-11-04 21:05:30,346] {processor.py:161} INFO - Processing /home/airflow/.local/lib/python3.7/site-packages/airflow/example_dags/example_latest_only_with_trigger.py took 0.101 seconds
[2023-11-04 21:06:14,140] {processor.py:153} INFO - Started process (PID=61) to work on /home/airflow/.local/lib/python3.7/site-packages/airflow/example_dags/example_latest_only_with_trigger.py
[2023-11-04 21:06:14,141] {processor.py:641} INFO - Processing file /home/airflow/.local/lib/python3.7/site-packages/airflow/example_dags/example_latest_only_with_trigger.py for tasks to queue
[2023-11-04 21:06:14,143] {logging_mixin.py:115} INFO - [2023-11-04 21:06:14,142] {dagbag.py:508} INFO - Filling up the DagBag from /home/airflow/.local/lib/python3.7/site-packages/airflow/example_dags/example_latest_only_with_trigger.py
[2023-11-04 21:06:14,156] {processor.py:651} INFO - DAG(s) dict_keys(['latest_only_with_trigger']) retrieved from /home/airflow/.local/lib/python3.7/site-packages/airflow/example_dags/example_latest_only_with_trigger.py
[2023-11-04 21:06:14,211] {logging_mixin.py:115} INFO - [2023-11-04 21:06:14,211] {dag.py:2420} INFO - Sync 1 DAGs
[2023-11-04 21:06:14,468] {logging_mixin.py:115} INFO - [2023-11-04 21:06:14,468] {dag.py:2972} INFO - Setting next_dagrun for latest_only_with_trigger to 2023-11-04T17:06:14.467797+00:00, run_after=2023-11-04T21:06:14.467797+00:00
[2023-11-04 21:06:14,493] {processor.py:161} INFO - Processing /home/airflow/.local/lib/python3.7/site-packages/airflow/example_dags/example_latest_only_with_trigger.py took 0.360 seconds
[2023-11-04 21:06:45,190] {processor.py:153} INFO - Started process (PID=114) to work on /home/airflow/.local/lib/python3.7/site-packages/airflow/example_dags/example_latest_only_with_trigger.py
[2023-11-04 21:06:45,191] {processor.py:641} INFO - Processing file /home/airflow/.local/lib/python3.7/site-packages/airflow/example_dags/example_latest_only_with_trigger.py for tasks to queue
[2023-11-04 21:06:45,192] {logging_mixin.py:115} INFO - [2023-11-04 21:06:45,192] {dagbag.py:508} INFO - Filling up the DagBag from /home/airflow/.local/lib/python3.7/site-packages/airflow/example_dags/example_latest_only_with_trigger.py
[2023-11-04 21:06:45,198] {processor.py:651} INFO - DAG(s) dict_keys(['latest_only_with_trigger']) retrieved from /home/airflow/.local/lib/python3.7/site-packages/airflow/example_dags/example_latest_only_with_trigger.py
[2023-11-04 21:06:45,229] {logging_mixin.py:115} INFO - [2023-11-04 21:06:45,229] {dag.py:2420} INFO - Sync 1 DAGs
[2023-11-04 21:06:45,361] {logging_mixin.py:115} INFO - [2023-11-04 21:06:45,360] {dag.py:2972} INFO - Setting next_dagrun for latest_only_with_trigger to 2023-11-04T17:06:45.360697+00:00, run_after=2023-11-04T21:06:45.360697+00:00
[2023-11-04 21:06:45,374] {processor.py:161} INFO - Processing /home/airflow/.local/lib/python3.7/site-packages/airflow/example_dags/example_latest_only_with_trigger.py took 0.187 seconds
[2023-11-04 21:07:15,700] {processor.py:153} INFO - Started process (PID=176) to work on /home/airflow/.local/lib/python3.7/site-packages/airflow/example_dags/example_latest_only_with_trigger.py
[2023-11-04 21:07:15,701] {processor.py:641} INFO - Processing file /home/airflow/.local/lib/python3.7/site-packages/airflow/example_dags/example_latest_only_with_trigger.py for tasks to queue
[2023-11-04 21:07:15,702] {logging_mixin.py:115} INFO - [2023-11-04 21:07:15,702] {dagbag.py:508} INFO - Filling up the DagBag from /home/airflow/.local/lib/python3.7/site-packages/airflow/example_dags/example_latest_only_with_trigger.py
[2023-11-04 21:07:15,708] {processor.py:651} INFO - DAG(s) dict_keys(['latest_only_with_trigger']) retrieved from /home/airflow/.local/lib/python3.7/site-packages/airflow/example_dags/example_latest_only_with_trigger.py
[2023-11-04 21:07:15,737] {logging_mixin.py:115} INFO - [2023-11-04 21:07:15,737] {dag.py:2420} INFO - Sync 1 DAGs
[2023-11-04 21:07:15,896] {logging_mixin.py:115} INFO - [2023-11-04 21:07:15,896] {dag.py:2972} INFO - Setting next_dagrun for latest_only_with_trigger to 2023-11-04T17:07:15.895832+00:00, run_after=2023-11-04T21:07:15.895832+00:00
[2023-11-04 21:07:15,913] {processor.py:161} INFO - Processing /home/airflow/.local/lib/python3.7/site-packages/airflow/example_dags/example_latest_only_with_trigger.py took 0.215 seconds
[2023-11-04 21:07:46,016] {processor.py:153} INFO - Started process (PID=238) to work on /home/airflow/.local/lib/python3.7/site-packages/airflow/example_dags/example_latest_only_with_trigger.py
[2023-11-04 21:07:46,017] {processor.py:641} INFO - Processing file /home/airflow/.local/lib/python3.7/site-packages/airflow/example_dags/example_latest_only_with_trigger.py for tasks to queue
[2023-11-04 21:07:46,019] {logging_mixin.py:115} INFO - [2023-11-04 21:07:46,018] {dagbag.py:508} INFO - Filling up the DagBag from /home/airflow/.local/lib/python3.7/site-packages/airflow/example_dags/example_latest_only_with_trigger.py
[2023-11-04 21:07:46,027] {processor.py:651} INFO - DAG(s) dict_keys(['latest_only_with_trigger']) retrieved from /home/airflow/.local/lib/python3.7/site-packages/airflow/example_dags/example_latest_only_with_trigger.py
[2023-11-04 21:07:46,067] {logging_mixin.py:115} INFO - [2023-11-04 21:07:46,067] {dag.py:2420} INFO - Sync 1 DAGs
[2023-11-04 21:07:46,202] {logging_mixin.py:115} INFO - [2023-11-04 21:07:46,202] {dag.py:2972} INFO - Setting next_dagrun for latest_only_with_trigger to 2023-11-04T17:07:46.202545+00:00, run_after=2023-11-04T21:07:46.202545+00:00
[2023-11-04 21:07:46,217] {processor.py:161} INFO - Processing /home/airflow/.local/lib/python3.7/site-packages/airflow/example_dags/example_latest_only_with_trigger.py took 0.205 seconds
[2023-11-04 21:08:16,429] {processor.py:153} INFO - Started process (PID=291) to work on /home/airflow/.local/lib/python3.7/site-packages/airflow/example_dags/example_latest_only_with_trigger.py
[2023-11-04 21:08:16,430] {processor.py:641} INFO - Processing file /home/airflow/.local/lib/python3.7/site-packages/airflow/example_dags/example_latest_only_with_trigger.py for tasks to queue
[2023-11-04 21:08:16,431] {logging_mixin.py:115} INFO - [2023-11-04 21:08:16,431] {dagbag.py:508} INFO - Filling up the DagBag from /home/airflow/.local/lib/python3.7/site-packages/airflow/example_dags/example_latest_only_with_trigger.py
[2023-11-04 21:08:16,437] {processor.py:651} INFO - DAG(s) dict_keys(['latest_only_with_trigger']) retrieved from /home/airflow/.local/lib/python3.7/site-packages/airflow/example_dags/example_latest_only_with_trigger.py
[2023-11-04 21:08:16,468] {logging_mixin.py:115} INFO - [2023-11-04 21:08:16,468] {dag.py:2420} INFO - Sync 1 DAGs
[2023-11-04 21:08:16,624] {logging_mixin.py:115} INFO - [2023-11-04 21:08:16,624] {dag.py:2972} INFO - Setting next_dagrun for latest_only_with_trigger to 2023-11-04T17:08:16.624155+00:00, run_after=2023-11-04T21:08:16.624155+00:00
[2023-11-04 21:08:16,637] {processor.py:161} INFO - Processing /home/airflow/.local/lib/python3.7/site-packages/airflow/example_dags/example_latest_only_with_trigger.py took 0.211 seconds
[2023-11-04 21:08:46,799] {processor.py:153} INFO - Started process (PID=354) to work on /home/airflow/.local/lib/python3.7/site-packages/airflow/example_dags/example_latest_only_with_trigger.py
[2023-11-04 21:08:46,817] {processor.py:641} INFO - Processing file /home/airflow/.local/lib/python3.7/site-packages/airflow/example_dags/example_latest_only_with_trigger.py for tasks to queue
[2023-11-04 21:08:46,818] {logging_mixin.py:115} INFO - [2023-11-04 21:08:46,818] {dagbag.py:508} INFO - Filling up the DagBag from /home/airflow/.local/lib/python3.7/site-packages/airflow/example_dags/example_latest_only_with_trigger.py
[2023-11-04 21:08:46,824] {processor.py:651} INFO - DAG(s) dict_keys(['latest_only_with_trigger']) retrieved from /home/airflow/.local/lib/python3.7/site-packages/airflow/example_dags/example_latest_only_with_trigger.py
[2023-11-04 21:08:46,858] {logging_mixin.py:115} INFO - [2023-11-04 21:08:46,858] {dag.py:2420} INFO - Sync 1 DAGs
[2023-11-04 21:08:47,001] {logging_mixin.py:115} INFO - [2023-11-04 21:08:47,001] {dag.py:2972} INFO - Setting next_dagrun for latest_only_with_trigger to 2023-11-04T17:08:47.001600+00:00, run_after=2023-11-04T21:08:47.001600+00:00
[2023-11-04 21:08:47,016] {processor.py:161} INFO - Processing /home/airflow/.local/lib/python3.7/site-packages/airflow/example_dags/example_latest_only_with_trigger.py took 0.220 seconds
[2023-11-04 21:09:17,456] {processor.py:153} INFO - Started process (PID=416) to work on /home/airflow/.local/lib/python3.7/site-packages/airflow/example_dags/example_latest_only_with_trigger.py
[2023-11-04 21:09:17,457] {processor.py:641} INFO - Processing file /home/airflow/.local/lib/python3.7/site-packages/airflow/example_dags/example_latest_only_with_trigger.py for tasks to queue
[2023-11-04 21:09:17,458] {logging_mixin.py:115} INFO - [2023-11-04 21:09:17,458] {dagbag.py:508} INFO - Filling up the DagBag from /home/airflow/.local/lib/python3.7/site-packages/airflow/example_dags/example_latest_only_with_trigger.py
[2023-11-04 21:09:17,466] {processor.py:651} INFO - DAG(s) dict_keys(['latest_only_with_trigger']) retrieved from /home/airflow/.local/lib/python3.7/site-packages/airflow/example_dags/example_latest_only_with_trigger.py
[2023-11-04 21:09:17,504] {logging_mixin.py:115} INFO - [2023-11-04 21:09:17,504] {dag.py:2420} INFO - Sync 1 DAGs
[2023-11-04 21:09:17,650] {logging_mixin.py:115} INFO - [2023-11-04 21:09:17,650] {dag.py:2972} INFO - Setting next_dagrun for latest_only_with_trigger to 2023-11-04T17:09:17.649985+00:00, run_after=2023-11-04T21:09:17.649985+00:00
[2023-11-04 21:09:17,664] {processor.py:161} INFO - Processing /home/airflow/.local/lib/python3.7/site-packages/airflow/example_dags/example_latest_only_with_trigger.py took 0.211 seconds
[2023-11-04 21:09:48,240] {processor.py:153} INFO - Started process (PID=469) to work on /home/airflow/.local/lib/python3.7/site-packages/airflow/example_dags/example_latest_only_with_trigger.py
[2023-11-04 21:09:48,241] {processor.py:641} INFO - Processing file /home/airflow/.local/lib/python3.7/site-packages/airflow/example_dags/example_latest_only_with_trigger.py for tasks to queue
[2023-11-04 21:09:48,242] {logging_mixin.py:115} INFO - [2023-11-04 21:09:48,242] {dagbag.py:508} INFO - Filling up the DagBag from /home/airflow/.local/lib/python3.7/site-packages/airflow/example_dags/example_latest_only_with_trigger.py
[2023-11-04 21:09:48,248] {processor.py:651} INFO - DAG(s) dict_keys(['latest_only_with_trigger']) retrieved from /home/airflow/.local/lib/python3.7/site-packages/airflow/example_dags/example_latest_only_with_trigger.py
[2023-11-04 21:09:48,278] {logging_mixin.py:115} INFO - [2023-11-04 21:09:48,278] {dag.py:2420} INFO - Sync 1 DAGs
[2023-11-04 21:09:48,410] {logging_mixin.py:115} INFO - [2023-11-04 21:09:48,410] {dag.py:2972} INFO - Setting next_dagrun for latest_only_with_trigger to 2023-11-04T17:09:48.410434+00:00, run_after=2023-11-04T21:09:48.410434+00:00
[2023-11-04 21:09:48,423] {processor.py:161} INFO - Processing /home/airflow/.local/lib/python3.7/site-packages/airflow/example_dags/example_latest_only_with_trigger.py took 0.186 seconds
[2023-11-04 21:10:18,963] {processor.py:153} INFO - Started process (PID=531) to work on /home/airflow/.local/lib/python3.7/site-packages/airflow/example_dags/example_latest_only_with_trigger.py
[2023-11-04 21:10:18,964] {processor.py:641} INFO - Processing file /home/airflow/.local/lib/python3.7/site-packages/airflow/example_dags/example_latest_only_with_trigger.py for tasks to queue
[2023-11-04 21:10:18,964] {logging_mixin.py:115} INFO - [2023-11-04 21:10:18,964] {dagbag.py:508} INFO - Filling up the DagBag from /home/airflow/.local/lib/python3.7/site-packages/airflow/example_dags/example_latest_only_with_trigger.py
[2023-11-04 21:10:18,971] {processor.py:651} INFO - DAG(s) dict_keys(['latest_only_with_trigger']) retrieved from /home/airflow/.local/lib/python3.7/site-packages/airflow/example_dags/example_latest_only_with_trigger.py
[2023-11-04 21:10:19,004] {logging_mixin.py:115} INFO - [2023-11-04 21:10:19,004] {dag.py:2420} INFO - Sync 1 DAGs
[2023-11-04 21:10:19,161] {logging_mixin.py:115} INFO - [2023-11-04 21:10:19,161] {dag.py:2972} INFO - Setting next_dagrun for latest_only_with_trigger to 2023-11-04T17:10:19.161175+00:00, run_after=2023-11-04T21:10:19.161175+00:00
[2023-11-04 21:10:19,177] {processor.py:161} INFO - Processing /home/airflow/.local/lib/python3.7/site-packages/airflow/example_dags/example_latest_only_with_trigger.py took 0.218 seconds
[2023-11-04 21:10:49,390] {processor.py:153} INFO - Started process (PID=593) to work on /home/airflow/.local/lib/python3.7/site-packages/airflow/example_dags/example_latest_only_with_trigger.py
[2023-11-04 21:10:49,391] {processor.py:641} INFO - Processing file /home/airflow/.local/lib/python3.7/site-packages/airflow/example_dags/example_latest_only_with_trigger.py for tasks to queue
[2023-11-04 21:10:49,392] {logging_mixin.py:115} INFO - [2023-11-04 21:10:49,392] {dagbag.py:508} INFO - Filling up the DagBag from /home/airflow/.local/lib/python3.7/site-packages/airflow/example_dags/example_latest_only_with_trigger.py
[2023-11-04 21:10:49,398] {processor.py:651} INFO - DAG(s) dict_keys(['latest_only_with_trigger']) retrieved from /home/airflow/.local/lib/python3.7/site-packages/airflow/example_dags/example_latest_only_with_trigger.py
[2023-11-04 21:10:49,428] {logging_mixin.py:115} INFO - [2023-11-04 21:10:49,428] {dag.py:2420} INFO - Sync 1 DAGs
[2023-11-04 21:10:49,579] {logging_mixin.py:115} INFO - [2023-11-04 21:10:49,579] {dag.py:2972} INFO - Setting next_dagrun for latest_only_with_trigger to 2023-11-04T17:10:49.578817+00:00, run_after=2023-11-04T21:10:49.578817+00:00
[2023-11-04 21:10:49,619] {processor.py:161} INFO - Processing /home/airflow/.local/lib/python3.7/site-packages/airflow/example_dags/example_latest_only_with_trigger.py took 0.232 seconds
[2023-11-04 21:11:20,200] {processor.py:153} INFO - Started process (PID=646) to work on /home/airflow/.local/lib/python3.7/site-packages/airflow/example_dags/example_latest_only_with_trigger.py
[2023-11-04 21:11:20,201] {processor.py:641} INFO - Processing file /home/airflow/.local/lib/python3.7/site-packages/airflow/example_dags/example_latest_only_with_trigger.py for tasks to queue
[2023-11-04 21:11:20,202] {logging_mixin.py:115} INFO - [2023-11-04 21:11:20,202] {dagbag.py:508} INFO - Filling up the DagBag from /home/airflow/.local/lib/python3.7/site-packages/airflow/example_dags/example_latest_only_with_trigger.py
[2023-11-04 21:11:20,208] {processor.py:651} INFO - DAG(s) dict_keys(['latest_only_with_trigger']) retrieved from /home/airflow/.local/lib/python3.7/site-packages/airflow/example_dags/example_latest_only_with_trigger.py
[2023-11-04 21:11:20,237] {logging_mixin.py:115} INFO - [2023-11-04 21:11:20,237] {dag.py:2420} INFO - Sync 1 DAGs
[2023-11-04 21:11:20,370] {logging_mixin.py:115} INFO - [2023-11-04 21:11:20,370] {dag.py:2972} INFO - Setting next_dagrun for latest_only_with_trigger to 2023-11-04T17:11:20.369977+00:00, run_after=2023-11-04T21:11:20.369977+00:00
[2023-11-04 21:11:20,383] {processor.py:161} INFO - Processing /home/airflow/.local/lib/python3.7/site-packages/airflow/example_dags/example_latest_only_with_trigger.py took 0.185 seconds
[2023-11-04 21:11:50,599] {processor.py:153} INFO - Started process (PID=708) to work on /home/airflow/.local/lib/python3.7/site-packages/airflow/example_dags/example_latest_only_with_trigger.py
[2023-11-04 21:11:50,600] {processor.py:641} INFO - Processing file /home/airflow/.local/lib/python3.7/site-packages/airflow/example_dags/example_latest_only_with_trigger.py for tasks to queue
[2023-11-04 21:11:50,601] {logging_mixin.py:115} INFO - [2023-11-04 21:11:50,601] {dagbag.py:508} INFO - Filling up the DagBag from /home/airflow/.local/lib/python3.7/site-packages/airflow/example_dags/example_latest_only_with_trigger.py
[2023-11-04 21:11:50,607] {processor.py:651} INFO - DAG(s) dict_keys(['latest_only_with_trigger']) retrieved from /home/airflow/.local/lib/python3.7/site-packages/airflow/example_dags/example_latest_only_with_trigger.py
[2023-11-04 21:11:50,643] {logging_mixin.py:115} INFO - [2023-11-04 21:11:50,643] {dag.py:2420} INFO - Sync 1 DAGs
[2023-11-04 21:11:50,798] {logging_mixin.py:115} INFO - [2023-11-04 21:11:50,798] {dag.py:2972} INFO - Setting next_dagrun for latest_only_with_trigger to 2023-11-04T17:11:50.797826+00:00, run_after=2023-11-04T21:11:50.797826+00:00
[2023-11-04 21:11:50,813] {processor.py:161} INFO - Processing /home/airflow/.local/lib/python3.7/site-packages/airflow/example_dags/example_latest_only_with_trigger.py took 0.217 seconds
[2023-11-04 21:12:21,154] {processor.py:153} INFO - Started process (PID=761) to work on /home/airflow/.local/lib/python3.7/site-packages/airflow/example_dags/example_latest_only_with_trigger.py
[2023-11-04 21:12:21,156] {processor.py:641} INFO - Processing file /home/airflow/.local/lib/python3.7/site-packages/airflow/example_dags/example_latest_only_with_trigger.py for tasks to queue
[2023-11-04 21:12:21,159] {logging_mixin.py:115} INFO - [2023-11-04 21:12:21,158] {dagbag.py:508} INFO - Filling up the DagBag from /home/airflow/.local/lib/python3.7/site-packages/airflow/example_dags/example_latest_only_with_trigger.py
[2023-11-04 21:12:21,182] {processor.py:651} INFO - DAG(s) dict_keys(['latest_only_with_trigger']) retrieved from /home/airflow/.local/lib/python3.7/site-packages/airflow/example_dags/example_latest_only_with_trigger.py
[2023-11-04 21:12:21,273] {logging_mixin.py:115} INFO - [2023-11-04 21:12:21,273] {dag.py:2420} INFO - Sync 1 DAGs
[2023-11-04 21:12:21,535] {logging_mixin.py:115} INFO - [2023-11-04 21:12:21,534] {dag.py:2972} INFO - Setting next_dagrun for latest_only_with_trigger to 2023-11-04T17:12:21.533728+00:00, run_after=2023-11-04T21:12:21.533728+00:00
[2023-11-04 21:12:21,562] {processor.py:161} INFO - Processing /home/airflow/.local/lib/python3.7/site-packages/airflow/example_dags/example_latest_only_with_trigger.py took 0.418 seconds
[2023-11-04 21:12:51,701] {processor.py:153} INFO - Started process (PID=822) to work on /home/airflow/.local/lib/python3.7/site-packages/airflow/example_dags/example_latest_only_with_trigger.py
[2023-11-04 21:12:51,704] {processor.py:641} INFO - Processing file /home/airflow/.local/lib/python3.7/site-packages/airflow/example_dags/example_latest_only_with_trigger.py for tasks to queue
[2023-11-04 21:12:51,707] {logging_mixin.py:115} INFO - [2023-11-04 21:12:51,707] {dagbag.py:508} INFO - Filling up the DagBag from /home/airflow/.local/lib/python3.7/site-packages/airflow/example_dags/example_latest_only_with_trigger.py
[2023-11-04 21:12:51,721] {processor.py:651} INFO - DAG(s) dict_keys(['latest_only_with_trigger']) retrieved from /home/airflow/.local/lib/python3.7/site-packages/airflow/example_dags/example_latest_only_with_trigger.py
[2023-11-04 21:12:51,820] {logging_mixin.py:115} INFO - [2023-11-04 21:12:51,820] {dag.py:2420} INFO - Sync 1 DAGs
[2023-11-04 21:12:52,195] {logging_mixin.py:115} INFO - [2023-11-04 21:12:52,194] {dag.py:2972} INFO - Setting next_dagrun for latest_only_with_trigger to 2023-11-04T17:12:52.194494+00:00, run_after=2023-11-04T21:12:52.194494+00:00
[2023-11-04 21:12:52,229] {processor.py:161} INFO - Processing /home/airflow/.local/lib/python3.7/site-packages/airflow/example_dags/example_latest_only_with_trigger.py took 0.541 seconds
[2023-11-04 21:13:22,435] {processor.py:153} INFO - Started process (PID=875) to work on /home/airflow/.local/lib/python3.7/site-packages/airflow/example_dags/example_latest_only_with_trigger.py
[2023-11-04 21:13:22,437] {processor.py:641} INFO - Processing file /home/airflow/.local/lib/python3.7/site-packages/airflow/example_dags/example_latest_only_with_trigger.py for tasks to queue
[2023-11-04 21:13:22,439] {logging_mixin.py:115} INFO - [2023-11-04 21:13:22,439] {dagbag.py:508} INFO - Filling up the DagBag from /home/airflow/.local/lib/python3.7/site-packages/airflow/example_dags/example_latest_only_with_trigger.py
[2023-11-04 21:13:22,451] {processor.py:651} INFO - DAG(s) dict_keys(['latest_only_with_trigger']) retrieved from /home/airflow/.local/lib/python3.7/site-packages/airflow/example_dags/example_latest_only_with_trigger.py
[2023-11-04 21:13:22,518] {logging_mixin.py:115} INFO - [2023-11-04 21:13:22,518] {dag.py:2420} INFO - Sync 1 DAGs
[2023-11-04 21:13:22,798] {logging_mixin.py:115} INFO - [2023-11-04 21:13:22,797] {dag.py:2972} INFO - Setting next_dagrun for latest_only_with_trigger to 2023-11-04T17:13:22.797582+00:00, run_after=2023-11-04T21:13:22.797582+00:00
[2023-11-04 21:13:22,820] {processor.py:161} INFO - Processing /home/airflow/.local/lib/python3.7/site-packages/airflow/example_dags/example_latest_only_with_trigger.py took 0.391 seconds
[2023-11-04 21:15:21,922] {processor.py:153} INFO - Started process (PID=61) to work on /home/airflow/.local/lib/python3.7/site-packages/airflow/example_dags/example_latest_only_with_trigger.py
[2023-11-04 21:15:21,924] {processor.py:641} INFO - Processing file /home/airflow/.local/lib/python3.7/site-packages/airflow/example_dags/example_latest_only_with_trigger.py for tasks to queue
[2023-11-04 21:15:21,929] {logging_mixin.py:115} INFO - [2023-11-04 21:15:21,929] {dagbag.py:508} INFO - Filling up the DagBag from /home/airflow/.local/lib/python3.7/site-packages/airflow/example_dags/example_latest_only_with_trigger.py
[2023-11-04 21:15:21,947] {processor.py:651} INFO - DAG(s) dict_keys(['latest_only_with_trigger']) retrieved from /home/airflow/.local/lib/python3.7/site-packages/airflow/example_dags/example_latest_only_with_trigger.py
[2023-11-04 21:15:22,134] {logging_mixin.py:115} INFO - [2023-11-04 21:15:22,133] {dag.py:2420} INFO - Sync 1 DAGs
[2023-11-04 21:15:22,601] {logging_mixin.py:115} INFO - [2023-11-04 21:15:22,601] {dag.py:2972} INFO - Setting next_dagrun for latest_only_with_trigger to 2023-11-04T17:15:22.601018+00:00, run_after=2023-11-04T21:15:22.601018+00:00
[2023-11-04 21:15:22,686] {processor.py:161} INFO - Processing /home/airflow/.local/lib/python3.7/site-packages/airflow/example_dags/example_latest_only_with_trigger.py took 0.772 seconds
[2023-11-04 21:15:53,309] {processor.py:153} INFO - Started process (PID=114) to work on /home/airflow/.local/lib/python3.7/site-packages/airflow/example_dags/example_latest_only_with_trigger.py
[2023-11-04 21:15:53,318] {processor.py:641} INFO - Processing file /home/airflow/.local/lib/python3.7/site-packages/airflow/example_dags/example_latest_only_with_trigger.py for tasks to queue
[2023-11-04 21:15:53,320] {logging_mixin.py:115} INFO - [2023-11-04 21:15:53,320] {dagbag.py:508} INFO - Filling up the DagBag from /home/airflow/.local/lib/python3.7/site-packages/airflow/example_dags/example_latest_only_with_trigger.py
[2023-11-04 21:15:53,333] {processor.py:651} INFO - DAG(s) dict_keys(['latest_only_with_trigger']) retrieved from /home/airflow/.local/lib/python3.7/site-packages/airflow/example_dags/example_latest_only_with_trigger.py
[2023-11-04 21:15:53,395] {logging_mixin.py:115} INFO - [2023-11-04 21:15:53,395] {dag.py:2420} INFO - Sync 1 DAGs
[2023-11-04 21:15:53,639] {logging_mixin.py:115} INFO - [2023-11-04 21:15:53,639] {dag.py:2972} INFO - Setting next_dagrun for latest_only_with_trigger to 2023-11-04T17:15:53.638801+00:00, run_after=2023-11-04T21:15:53.638801+00:00
[2023-11-04 21:15:53,662] {processor.py:161} INFO - Processing /home/airflow/.local/lib/python3.7/site-packages/airflow/example_dags/example_latest_only_with_trigger.py took 0.359 seconds
[2023-11-04 21:16:24,304] {processor.py:153} INFO - Started process (PID=176) to work on /home/airflow/.local/lib/python3.7/site-packages/airflow/example_dags/example_latest_only_with_trigger.py
[2023-11-04 21:16:24,306] {processor.py:641} INFO - Processing file /home/airflow/.local/lib/python3.7/site-packages/airflow/example_dags/example_latest_only_with_trigger.py for tasks to queue
[2023-11-04 21:16:24,318] {logging_mixin.py:115} INFO - [2023-11-04 21:16:24,318] {dagbag.py:508} INFO - Filling up the DagBag from /home/airflow/.local/lib/python3.7/site-packages/airflow/example_dags/example_latest_only_with_trigger.py
[2023-11-04 21:16:24,343] {processor.py:651} INFO - DAG(s) dict_keys(['latest_only_with_trigger']) retrieved from /home/airflow/.local/lib/python3.7/site-packages/airflow/example_dags/example_latest_only_with_trigger.py
[2023-11-04 21:16:24,420] {logging_mixin.py:115} INFO - [2023-11-04 21:16:24,420] {dag.py:2420} INFO - Sync 1 DAGs
[2023-11-04 21:16:24,681] {logging_mixin.py:115} INFO - [2023-11-04 21:16:24,681] {dag.py:2972} INFO - Setting next_dagrun for latest_only_with_trigger to 2023-11-04T17:16:24.680973+00:00, run_after=2023-11-04T21:16:24.680973+00:00
[2023-11-04 21:16:24,712] {processor.py:161} INFO - Processing /home/airflow/.local/lib/python3.7/site-packages/airflow/example_dags/example_latest_only_with_trigger.py took 0.416 seconds
[2023-11-04 21:16:55,041] {processor.py:153} INFO - Started process (PID=229) to work on /home/airflow/.local/lib/python3.7/site-packages/airflow/example_dags/example_latest_only_with_trigger.py
[2023-11-04 21:16:55,042] {processor.py:641} INFO - Processing file /home/airflow/.local/lib/python3.7/site-packages/airflow/example_dags/example_latest_only_with_trigger.py for tasks to queue
[2023-11-04 21:16:55,044] {logging_mixin.py:115} INFO - [2023-11-04 21:16:55,044] {dagbag.py:508} INFO - Filling up the DagBag from /home/airflow/.local/lib/python3.7/site-packages/airflow/example_dags/example_latest_only_with_trigger.py
[2023-11-04 21:16:55,057] {processor.py:651} INFO - DAG(s) dict_keys(['latest_only_with_trigger']) retrieved from /home/airflow/.local/lib/python3.7/site-packages/airflow/example_dags/example_latest_only_with_trigger.py
[2023-11-04 21:16:55,142] {logging_mixin.py:115} INFO - [2023-11-04 21:16:55,142] {dag.py:2420} INFO - Sync 1 DAGs
[2023-11-04 21:16:55,467] {logging_mixin.py:115} INFO - [2023-11-04 21:16:55,467] {dag.py:2972} INFO - Setting next_dagrun for latest_only_with_trigger to 2023-11-04T17:16:55.466937+00:00, run_after=2023-11-04T21:16:55.466937+00:00
[2023-11-04 21:16:55,508] {processor.py:161} INFO - Processing /home/airflow/.local/lib/python3.7/site-packages/airflow/example_dags/example_latest_only_with_trigger.py took 0.476 seconds
[2023-11-04 21:17:26,164] {processor.py:153} INFO - Started process (PID=282) to work on /home/airflow/.local/lib/python3.7/site-packages/airflow/example_dags/example_latest_only_with_trigger.py
[2023-11-04 21:17:26,166] {processor.py:641} INFO - Processing file /home/airflow/.local/lib/python3.7/site-packages/airflow/example_dags/example_latest_only_with_trigger.py for tasks to queue
[2023-11-04 21:17:26,168] {logging_mixin.py:115} INFO - [2023-11-04 21:17:26,168] {dagbag.py:508} INFO - Filling up the DagBag from /home/airflow/.local/lib/python3.7/site-packages/airflow/example_dags/example_latest_only_with_trigger.py
[2023-11-04 21:17:26,184] {processor.py:651} INFO - DAG(s) dict_keys(['latest_only_with_trigger']) retrieved from /home/airflow/.local/lib/python3.7/site-packages/airflow/example_dags/example_latest_only_with_trigger.py
[2023-11-04 21:17:26,251] {logging_mixin.py:115} INFO - [2023-11-04 21:17:26,251] {dag.py:2420} INFO - Sync 1 DAGs
[2023-11-04 21:17:26,491] {logging_mixin.py:115} INFO - [2023-11-04 21:17:26,491] {dag.py:2972} INFO - Setting next_dagrun for latest_only_with_trigger to 2023-11-04T17:17:26.490900+00:00, run_after=2023-11-04T21:17:26.490900+00:00
[2023-11-04 21:17:26,523] {processor.py:161} INFO - Processing /home/airflow/.local/lib/python3.7/site-packages/airflow/example_dags/example_latest_only_with_trigger.py took 0.366 seconds
[2023-11-04 21:17:56,710] {processor.py:153} INFO - Started process (PID=335) to work on /home/airflow/.local/lib/python3.7/site-packages/airflow/example_dags/example_latest_only_with_trigger.py
[2023-11-04 21:17:56,712] {processor.py:641} INFO - Processing file /home/airflow/.local/lib/python3.7/site-packages/airflow/example_dags/example_latest_only_with_trigger.py for tasks to queue
[2023-11-04 21:17:56,714] {logging_mixin.py:115} INFO - [2023-11-04 21:17:56,714] {dagbag.py:508} INFO - Filling up the DagBag from /home/airflow/.local/lib/python3.7/site-packages/airflow/example_dags/example_latest_only_with_trigger.py
[2023-11-04 21:17:56,727] {processor.py:651} INFO - DAG(s) dict_keys(['latest_only_with_trigger']) retrieved from /home/airflow/.local/lib/python3.7/site-packages/airflow/example_dags/example_latest_only_with_trigger.py
[2023-11-04 21:17:56,804] {logging_mixin.py:115} INFO - [2023-11-04 21:17:56,804] {dag.py:2420} INFO - Sync 1 DAGs
[2023-11-04 21:17:57,047] {logging_mixin.py:115} INFO - [2023-11-04 21:17:57,047] {dag.py:2972} INFO - Setting next_dagrun for latest_only_with_trigger to 2023-11-04T17:17:57.047568+00:00, run_after=2023-11-04T21:17:57.047568+00:00
[2023-11-04 21:17:57,099] {processor.py:161} INFO - Processing /home/airflow/.local/lib/python3.7/site-packages/airflow/example_dags/example_latest_only_with_trigger.py took 0.396 seconds
[2023-11-04 21:18:27,711] {processor.py:153} INFO - Started process (PID=397) to work on /home/airflow/.local/lib/python3.7/site-packages/airflow/example_dags/example_latest_only_with_trigger.py
[2023-11-04 21:18:27,726] {processor.py:641} INFO - Processing file /home/airflow/.local/lib/python3.7/site-packages/airflow/example_dags/example_latest_only_with_trigger.py for tasks to queue
[2023-11-04 21:18:27,728] {logging_mixin.py:115} INFO - [2023-11-04 21:18:27,728] {dagbag.py:508} INFO - Filling up the DagBag from /home/airflow/.local/lib/python3.7/site-packages/airflow/example_dags/example_latest_only_with_trigger.py
[2023-11-04 21:18:27,743] {processor.py:651} INFO - DAG(s) dict_keys(['latest_only_with_trigger']) retrieved from /home/airflow/.local/lib/python3.7/site-packages/airflow/example_dags/example_latest_only_with_trigger.py
[2023-11-04 21:18:27,806] {logging_mixin.py:115} INFO - [2023-11-04 21:18:27,806] {dag.py:2420} INFO - Sync 1 DAGs
[2023-11-04 21:18:28,073] {logging_mixin.py:115} INFO - [2023-11-04 21:18:28,073] {dag.py:2972} INFO - Setting next_dagrun for latest_only_with_trigger to 2023-11-04T17:18:28.072473+00:00, run_after=2023-11-04T21:18:28.072473+00:00
[2023-11-04 21:18:28,102] {processor.py:161} INFO - Processing /home/airflow/.local/lib/python3.7/site-packages/airflow/example_dags/example_latest_only_with_trigger.py took 0.396 seconds
[2023-11-04 21:18:58,472] {processor.py:153} INFO - Started process (PID=466) to work on /home/airflow/.local/lib/python3.7/site-packages/airflow/example_dags/example_latest_only_with_trigger.py
[2023-11-04 21:18:58,473] {processor.py:641} INFO - Processing file /home/airflow/.local/lib/python3.7/site-packages/airflow/example_dags/example_latest_only_with_trigger.py for tasks to queue
[2023-11-04 21:18:58,474] {logging_mixin.py:115} INFO - [2023-11-04 21:18:58,474] {dagbag.py:508} INFO - Filling up the DagBag from /home/airflow/.local/lib/python3.7/site-packages/airflow/example_dags/example_latest_only_with_trigger.py
[2023-11-04 21:18:58,483] {processor.py:651} INFO - DAG(s) dict_keys(['latest_only_with_trigger']) retrieved from /home/airflow/.local/lib/python3.7/site-packages/airflow/example_dags/example_latest_only_with_trigger.py
[2023-11-04 21:18:58,524] {logging_mixin.py:115} INFO - [2023-11-04 21:18:58,524] {dag.py:2420} INFO - Sync 1 DAGs
[2023-11-04 21:18:58,720] {logging_mixin.py:115} INFO - [2023-11-04 21:18:58,719] {dag.py:2972} INFO - Setting next_dagrun for latest_only_with_trigger to 2023-11-04T17:18:58.717204+00:00, run_after=2023-11-04T21:18:58.717204+00:00
[2023-11-04 21:18:58,744] {processor.py:161} INFO - Processing /home/airflow/.local/lib/python3.7/site-packages/airflow/example_dags/example_latest_only_with_trigger.py took 0.277 seconds
[2023-11-04 21:19:29,394] {processor.py:153} INFO - Started process (PID=520) to work on /home/airflow/.local/lib/python3.7/site-packages/airflow/example_dags/example_latest_only_with_trigger.py
[2023-11-04 21:19:29,395] {processor.py:641} INFO - Processing file /home/airflow/.local/lib/python3.7/site-packages/airflow/example_dags/example_latest_only_with_trigger.py for tasks to queue
[2023-11-04 21:19:29,395] {logging_mixin.py:115} INFO - [2023-11-04 21:19:29,395] {dagbag.py:508} INFO - Filling up the DagBag from /home/airflow/.local/lib/python3.7/site-packages/airflow/example_dags/example_latest_only_with_trigger.py
[2023-11-04 21:19:29,402] {processor.py:651} INFO - DAG(s) dict_keys(['latest_only_with_trigger']) retrieved from /home/airflow/.local/lib/python3.7/site-packages/airflow/example_dags/example_latest_only_with_trigger.py
[2023-11-04 21:19:29,445] {logging_mixin.py:115} INFO - [2023-11-04 21:19:29,445] {dag.py:2420} INFO - Sync 1 DAGs
[2023-11-04 21:19:29,597] {logging_mixin.py:115} INFO - [2023-11-04 21:19:29,597] {dag.py:2972} INFO - Setting next_dagrun for latest_only_with_trigger to 2023-11-04T17:19:29.597199+00:00, run_after=2023-11-04T21:19:29.597199+00:00
[2023-11-04 21:19:29,611] {processor.py:161} INFO - Processing /home/airflow/.local/lib/python3.7/site-packages/airflow/example_dags/example_latest_only_with_trigger.py took 0.222 seconds
[2023-11-04 21:20:00,248] {processor.py:153} INFO - Started process (PID=582) to work on /home/airflow/.local/lib/python3.7/site-packages/airflow/example_dags/example_latest_only_with_trigger.py
[2023-11-04 21:20:00,249] {processor.py:641} INFO - Processing file /home/airflow/.local/lib/python3.7/site-packages/airflow/example_dags/example_latest_only_with_trigger.py for tasks to queue
[2023-11-04 21:20:00,250] {logging_mixin.py:115} INFO - [2023-11-04 21:20:00,250] {dagbag.py:508} INFO - Filling up the DagBag from /home/airflow/.local/lib/python3.7/site-packages/airflow/example_dags/example_latest_only_with_trigger.py
[2023-11-04 21:20:00,259] {processor.py:651} INFO - DAG(s) dict_keys(['latest_only_with_trigger']) retrieved from /home/airflow/.local/lib/python3.7/site-packages/airflow/example_dags/example_latest_only_with_trigger.py
[2023-11-04 21:20:00,320] {logging_mixin.py:115} INFO - [2023-11-04 21:20:00,320] {dag.py:2420} INFO - Sync 1 DAGs
[2023-11-04 21:20:00,510] {logging_mixin.py:115} INFO - [2023-11-04 21:20:00,510] {dag.py:2972} INFO - Setting next_dagrun for latest_only_with_trigger to 2023-11-04T17:20:00.509628+00:00, run_after=2023-11-04T21:20:00.509628+00:00
[2023-11-04 21:20:00,528] {processor.py:161} INFO - Processing /home/airflow/.local/lib/python3.7/site-packages/airflow/example_dags/example_latest_only_with_trigger.py took 0.285 seconds
[2023-11-04 21:20:30,663] {processor.py:153} INFO - Started process (PID=635) to work on /home/airflow/.local/lib/python3.7/site-packages/airflow/example_dags/example_latest_only_with_trigger.py
[2023-11-04 21:20:30,664] {processor.py:641} INFO - Processing file /home/airflow/.local/lib/python3.7/site-packages/airflow/example_dags/example_latest_only_with_trigger.py for tasks to queue
[2023-11-04 21:20:30,665] {logging_mixin.py:115} INFO - [2023-11-04 21:20:30,665] {dagbag.py:508} INFO - Filling up the DagBag from /home/airflow/.local/lib/python3.7/site-packages/airflow/example_dags/example_latest_only_with_trigger.py
[2023-11-04 21:20:30,673] {processor.py:651} INFO - DAG(s) dict_keys(['latest_only_with_trigger']) retrieved from /home/airflow/.local/lib/python3.7/site-packages/airflow/example_dags/example_latest_only_with_trigger.py
[2023-11-04 21:20:30,708] {logging_mixin.py:115} INFO - [2023-11-04 21:20:30,708] {dag.py:2420} INFO - Sync 1 DAGs
[2023-11-04 21:20:30,851] {logging_mixin.py:115} INFO - [2023-11-04 21:20:30,851] {dag.py:2972} INFO - Setting next_dagrun for latest_only_with_trigger to 2023-11-04T17:20:30.850880+00:00, run_after=2023-11-04T21:20:30.850880+00:00
[2023-11-04 21:20:30,865] {processor.py:161} INFO - Processing /home/airflow/.local/lib/python3.7/site-packages/airflow/example_dags/example_latest_only_with_trigger.py took 0.207 seconds
[2023-11-04 21:21:01,455] {processor.py:153} INFO - Started process (PID=697) to work on /home/airflow/.local/lib/python3.7/site-packages/airflow/example_dags/example_latest_only_with_trigger.py
[2023-11-04 21:21:01,456] {processor.py:641} INFO - Processing file /home/airflow/.local/lib/python3.7/site-packages/airflow/example_dags/example_latest_only_with_trigger.py for tasks to queue
[2023-11-04 21:21:01,457] {logging_mixin.py:115} INFO - [2023-11-04 21:21:01,457] {dagbag.py:508} INFO - Filling up the DagBag from /home/airflow/.local/lib/python3.7/site-packages/airflow/example_dags/example_latest_only_with_trigger.py
[2023-11-04 21:21:01,464] {processor.py:651} INFO - DAG(s) dict_keys(['latest_only_with_trigger']) retrieved from /home/airflow/.local/lib/python3.7/site-packages/airflow/example_dags/example_latest_only_with_trigger.py
[2023-11-04 21:21:01,499] {logging_mixin.py:115} INFO - [2023-11-04 21:21:01,499] {dag.py:2420} INFO - Sync 1 DAGs
[2023-11-04 21:21:01,659] {logging_mixin.py:115} INFO - [2023-11-04 21:21:01,659] {dag.py:2972} INFO - Setting next_dagrun for latest_only_with_trigger to 2023-11-04T17:21:01.659461+00:00, run_after=2023-11-04T21:21:01.659461+00:00
[2023-11-04 21:21:01,681] {processor.py:161} INFO - Processing /home/airflow/.local/lib/python3.7/site-packages/airflow/example_dags/example_latest_only_with_trigger.py took 0.231 seconds
[2023-11-04 21:21:32,149] {processor.py:153} INFO - Started process (PID=760) to work on /home/airflow/.local/lib/python3.7/site-packages/airflow/example_dags/example_latest_only_with_trigger.py
[2023-11-04 21:21:32,150] {processor.py:641} INFO - Processing file /home/airflow/.local/lib/python3.7/site-packages/airflow/example_dags/example_latest_only_with_trigger.py for tasks to queue
[2023-11-04 21:21:32,151] {logging_mixin.py:115} INFO - [2023-11-04 21:21:32,151] {dagbag.py:508} INFO - Filling up the DagBag from /home/airflow/.local/lib/python3.7/site-packages/airflow/example_dags/example_latest_only_with_trigger.py
[2023-11-04 21:21:32,159] {processor.py:651} INFO - DAG(s) dict_keys(['latest_only_with_trigger']) retrieved from /home/airflow/.local/lib/python3.7/site-packages/airflow/example_dags/example_latest_only_with_trigger.py
[2023-11-04 21:21:32,211] {logging_mixin.py:115} INFO - [2023-11-04 21:21:32,211] {dag.py:2420} INFO - Sync 1 DAGs
[2023-11-04 21:21:32,365] {logging_mixin.py:115} INFO - [2023-11-04 21:21:32,365] {dag.py:2972} INFO - Setting next_dagrun for latest_only_with_trigger to 2023-11-04T17:21:32.365437+00:00, run_after=2023-11-04T21:21:32.365437+00:00
[2023-11-04 21:21:32,384] {processor.py:161} INFO - Processing /home/airflow/.local/lib/python3.7/site-packages/airflow/example_dags/example_latest_only_with_trigger.py took 0.239 seconds
[2023-11-04 21:22:02,753] {processor.py:153} INFO - Started process (PID=813) to work on /home/airflow/.local/lib/python3.7/site-packages/airflow/example_dags/example_latest_only_with_trigger.py
[2023-11-04 21:22:02,754] {processor.py:641} INFO - Processing file /home/airflow/.local/lib/python3.7/site-packages/airflow/example_dags/example_latest_only_with_trigger.py for tasks to queue
[2023-11-04 21:22:02,755] {logging_mixin.py:115} INFO - [2023-11-04 21:22:02,755] {dagbag.py:508} INFO - Filling up the DagBag from /home/airflow/.local/lib/python3.7/site-packages/airflow/example_dags/example_latest_only_with_trigger.py
[2023-11-04 21:22:02,762] {processor.py:651} INFO - DAG(s) dict_keys(['latest_only_with_trigger']) retrieved from /home/airflow/.local/lib/python3.7/site-packages/airflow/example_dags/example_latest_only_with_trigger.py
[2023-11-04 21:22:02,797] {logging_mixin.py:115} INFO - [2023-11-04 21:22:02,797] {dag.py:2420} INFO - Sync 1 DAGs
[2023-11-04 21:22:02,953] {logging_mixin.py:115} INFO - [2023-11-04 21:22:02,953] {dag.py:2972} INFO - Setting next_dagrun for latest_only_with_trigger to 2023-11-04T17:22:02.953024+00:00, run_after=2023-11-04T21:22:02.953024+00:00
[2023-11-04 21:22:02,969] {processor.py:161} INFO - Processing /home/airflow/.local/lib/python3.7/site-packages/airflow/example_dags/example_latest_only_with_trigger.py took 0.221 seconds
[2023-11-04 21:22:33,458] {processor.py:153} INFO - Started process (PID=875) to work on /home/airflow/.local/lib/python3.7/site-packages/airflow/example_dags/example_latest_only_with_trigger.py
[2023-11-04 21:22:33,459] {processor.py:641} INFO - Processing file /home/airflow/.local/lib/python3.7/site-packages/airflow/example_dags/example_latest_only_with_trigger.py for tasks to queue
[2023-11-04 21:22:33,461] {logging_mixin.py:115} INFO - [2023-11-04 21:22:33,461] {dagbag.py:508} INFO - Filling up the DagBag from /home/airflow/.local/lib/python3.7/site-packages/airflow/example_dags/example_latest_only_with_trigger.py
[2023-11-04 21:22:33,469] {processor.py:651} INFO - DAG(s) dict_keys(['latest_only_with_trigger']) retrieved from /home/airflow/.local/lib/python3.7/site-packages/airflow/example_dags/example_latest_only_with_trigger.py
[2023-11-04 21:22:33,507] {logging_mixin.py:115} INFO - [2023-11-04 21:22:33,507] {dag.py:2420} INFO - Sync 1 DAGs
[2023-11-04 21:22:33,668] {logging_mixin.py:115} INFO - [2023-11-04 21:22:33,668] {dag.py:2972} INFO - Setting next_dagrun for latest_only_with_trigger to 2023-11-04T17:22:33.667984+00:00, run_after=2023-11-04T21:22:33.667984+00:00
[2023-11-04 21:22:33,685] {processor.py:161} INFO - Processing /home/airflow/.local/lib/python3.7/site-packages/airflow/example_dags/example_latest_only_with_trigger.py took 0.232 seconds
[2023-11-04 21:23:04,279] {processor.py:153} INFO - Started process (PID=937) to work on /home/airflow/.local/lib/python3.7/site-packages/airflow/example_dags/example_latest_only_with_trigger.py
[2023-11-04 21:23:04,280] {processor.py:641} INFO - Processing file /home/airflow/.local/lib/python3.7/site-packages/airflow/example_dags/example_latest_only_with_trigger.py for tasks to queue
[2023-11-04 21:23:04,281] {logging_mixin.py:115} INFO - [2023-11-04 21:23:04,281] {dagbag.py:508} INFO - Filling up the DagBag from /home/airflow/.local/lib/python3.7/site-packages/airflow/example_dags/example_latest_only_with_trigger.py
[2023-11-04 21:23:04,289] {processor.py:651} INFO - DAG(s) dict_keys(['latest_only_with_trigger']) retrieved from /home/airflow/.local/lib/python3.7/site-packages/airflow/example_dags/example_latest_only_with_trigger.py
[2023-11-04 21:23:04,326] {logging_mixin.py:115} INFO - [2023-11-04 21:23:04,326] {dag.py:2420} INFO - Sync 1 DAGs
[2023-11-04 21:23:04,469] {logging_mixin.py:115} INFO - [2023-11-04 21:23:04,469] {dag.py:2972} INFO - Setting next_dagrun for latest_only_with_trigger to 2023-11-04T17:23:04.469399+00:00, run_after=2023-11-04T21:23:04.469399+00:00
[2023-11-04 21:23:04,492] {processor.py:161} INFO - Processing /home/airflow/.local/lib/python3.7/site-packages/airflow/example_dags/example_latest_only_with_trigger.py took 0.220 seconds
[2023-11-04 21:23:34,863] {processor.py:153} INFO - Started process (PID=990) to work on /home/airflow/.local/lib/python3.7/site-packages/airflow/example_dags/example_latest_only_with_trigger.py
[2023-11-04 21:23:34,864] {processor.py:641} INFO - Processing file /home/airflow/.local/lib/python3.7/site-packages/airflow/example_dags/example_latest_only_with_trigger.py for tasks to queue
[2023-11-04 21:23:34,865] {logging_mixin.py:115} INFO - [2023-11-04 21:23:34,864] {dagbag.py:508} INFO - Filling up the DagBag from /home/airflow/.local/lib/python3.7/site-packages/airflow/example_dags/example_latest_only_with_trigger.py
[2023-11-04 21:23:34,871] {processor.py:651} INFO - DAG(s) dict_keys(['latest_only_with_trigger']) retrieved from /home/airflow/.local/lib/python3.7/site-packages/airflow/example_dags/example_latest_only_with_trigger.py
[2023-11-04 21:23:34,901] {logging_mixin.py:115} INFO - [2023-11-04 21:23:34,900] {dag.py:2420} INFO - Sync 1 DAGs
[2023-11-04 21:23:35,031] {logging_mixin.py:115} INFO - [2023-11-04 21:23:35,031] {dag.py:2972} INFO - Setting next_dagrun for latest_only_with_trigger to 2023-11-04T17:23:35.030740+00:00, run_after=2023-11-04T21:23:35.030740+00:00
[2023-11-04 21:23:35,045] {processor.py:161} INFO - Processing /home/airflow/.local/lib/python3.7/site-packages/airflow/example_dags/example_latest_only_with_trigger.py took 0.186 seconds
[2023-11-04 21:24:05,327] {processor.py:153} INFO - Started process (PID=1052) to work on /home/airflow/.local/lib/python3.7/site-packages/airflow/example_dags/example_latest_only_with_trigger.py
[2023-11-04 21:24:05,328] {processor.py:641} INFO - Processing file /home/airflow/.local/lib/python3.7/site-packages/airflow/example_dags/example_latest_only_with_trigger.py for tasks to queue
[2023-11-04 21:24:05,330] {logging_mixin.py:115} INFO - [2023-11-04 21:24:05,329] {dagbag.py:508} INFO - Filling up the DagBag from /home/airflow/.local/lib/python3.7/site-packages/airflow/example_dags/example_latest_only_with_trigger.py
[2023-11-04 21:24:05,337] {processor.py:651} INFO - DAG(s) dict_keys(['latest_only_with_trigger']) retrieved from /home/airflow/.local/lib/python3.7/site-packages/airflow/example_dags/example_latest_only_with_trigger.py
[2023-11-04 21:24:05,370] {logging_mixin.py:115} INFO - [2023-11-04 21:24:05,370] {dag.py:2420} INFO - Sync 1 DAGs
[2023-11-04 21:24:05,498] {logging_mixin.py:115} INFO - [2023-11-04 21:24:05,498] {dag.py:2972} INFO - Setting next_dagrun for latest_only_with_trigger to 2023-11-04T17:24:05.498491+00:00, run_after=2023-11-04T21:24:05.498491+00:00
[2023-11-04 21:24:05,511] {processor.py:161} INFO - Processing /home/airflow/.local/lib/python3.7/site-packages/airflow/example_dags/example_latest_only_with_trigger.py took 0.190 seconds
[2023-11-04 21:24:35,838] {processor.py:153} INFO - Started process (PID=1114) to work on /home/airflow/.local/lib/python3.7/site-packages/airflow/example_dags/example_latest_only_with_trigger.py
[2023-11-04 21:24:35,839] {processor.py:641} INFO - Processing file /home/airflow/.local/lib/python3.7/site-packages/airflow/example_dags/example_latest_only_with_trigger.py for tasks to queue
[2023-11-04 21:24:35,840] {logging_mixin.py:115} INFO - [2023-11-04 21:24:35,840] {dagbag.py:508} INFO - Filling up the DagBag from /home/airflow/.local/lib/python3.7/site-packages/airflow/example_dags/example_latest_only_with_trigger.py
[2023-11-04 21:24:35,846] {processor.py:651} INFO - DAG(s) dict_keys(['latest_only_with_trigger']) retrieved from /home/airflow/.local/lib/python3.7/site-packages/airflow/example_dags/example_latest_only_with_trigger.py
[2023-11-04 21:24:35,876] {logging_mixin.py:115} INFO - [2023-11-04 21:24:35,876] {dag.py:2420} INFO - Sync 1 DAGs
[2023-11-04 21:24:36,011] {logging_mixin.py:115} INFO - [2023-11-04 21:24:36,011] {dag.py:2972} INFO - Setting next_dagrun for latest_only_with_trigger to 2023-11-04T17:24:36.010851+00:00, run_after=2023-11-04T21:24:36.010851+00:00
[2023-11-04 21:24:36,026] {processor.py:161} INFO - Processing /home/airflow/.local/lib/python3.7/site-packages/airflow/example_dags/example_latest_only_with_trigger.py took 0.192 seconds
[2023-11-04 21:25:06,297] {processor.py:153} INFO - Started process (PID=1167) to work on /home/airflow/.local/lib/python3.7/site-packages/airflow/example_dags/example_latest_only_with_trigger.py
[2023-11-04 21:25:06,298] {processor.py:641} INFO - Processing file /home/airflow/.local/lib/python3.7/site-packages/airflow/example_dags/example_latest_only_with_trigger.py for tasks to queue
[2023-11-04 21:25:06,299] {logging_mixin.py:115} INFO - [2023-11-04 21:25:06,299] {dagbag.py:508} INFO - Filling up the DagBag from /home/airflow/.local/lib/python3.7/site-packages/airflow/example_dags/example_latest_only_with_trigger.py
[2023-11-04 21:25:06,304] {processor.py:651} INFO - DAG(s) dict_keys(['latest_only_with_trigger']) retrieved from /home/airflow/.local/lib/python3.7/site-packages/airflow/example_dags/example_latest_only_with_trigger.py
[2023-11-04 21:25:06,333] {logging_mixin.py:115} INFO - [2023-11-04 21:25:06,333] {dag.py:2420} INFO - Sync 1 DAGs
[2023-11-04 21:25:06,480] {logging_mixin.py:115} INFO - [2023-11-04 21:25:06,480] {dag.py:2972} INFO - Setting next_dagrun for latest_only_with_trigger to 2023-11-04T17:25:06.479742+00:00, run_after=2023-11-04T21:25:06.479742+00:00
[2023-11-04 21:25:06,493] {processor.py:161} INFO - Processing /home/airflow/.local/lib/python3.7/site-packages/airflow/example_dags/example_latest_only_with_trigger.py took 0.199 seconds
[2023-11-04 21:25:36,799] {processor.py:153} INFO - Started process (PID=1229) to work on /home/airflow/.local/lib/python3.7/site-packages/airflow/example_dags/example_latest_only_with_trigger.py
[2023-11-04 21:25:36,800] {processor.py:641} INFO - Processing file /home/airflow/.local/lib/python3.7/site-packages/airflow/example_dags/example_latest_only_with_trigger.py for tasks to queue
[2023-11-04 21:25:36,801] {logging_mixin.py:115} INFO - [2023-11-04 21:25:36,801] {dagbag.py:508} INFO - Filling up the DagBag from /home/airflow/.local/lib/python3.7/site-packages/airflow/example_dags/example_latest_only_with_trigger.py
[2023-11-04 21:25:36,808] {processor.py:651} INFO - DAG(s) dict_keys(['latest_only_with_trigger']) retrieved from /home/airflow/.local/lib/python3.7/site-packages/airflow/example_dags/example_latest_only_with_trigger.py
[2023-11-04 21:25:36,843] {logging_mixin.py:115} INFO - [2023-11-04 21:25:36,843] {dag.py:2420} INFO - Sync 1 DAGs
[2023-11-04 21:25:36,974] {logging_mixin.py:115} INFO - [2023-11-04 21:25:36,974] {dag.py:2972} INFO - Setting next_dagrun for latest_only_with_trigger to 2023-11-04T17:25:36.974586+00:00, run_after=2023-11-04T21:25:36.974586+00:00
[2023-11-04 21:25:36,987] {processor.py:161} INFO - Processing /home/airflow/.local/lib/python3.7/site-packages/airflow/example_dags/example_latest_only_with_trigger.py took 0.194 seconds
[2023-11-04 21:26:07,503] {processor.py:153} INFO - Started process (PID=1291) to work on /home/airflow/.local/lib/python3.7/site-packages/airflow/example_dags/example_latest_only_with_trigger.py
[2023-11-04 21:26:07,504] {processor.py:641} INFO - Processing file /home/airflow/.local/lib/python3.7/site-packages/airflow/example_dags/example_latest_only_with_trigger.py for tasks to queue
[2023-11-04 21:26:07,506] {logging_mixin.py:115} INFO - [2023-11-04 21:26:07,506] {dagbag.py:508} INFO - Filling up the DagBag from /home/airflow/.local/lib/python3.7/site-packages/airflow/example_dags/example_latest_only_with_trigger.py
[2023-11-04 21:26:07,520] {processor.py:651} INFO - DAG(s) dict_keys(['latest_only_with_trigger']) retrieved from /home/airflow/.local/lib/python3.7/site-packages/airflow/example_dags/example_latest_only_with_trigger.py
[2023-11-04 21:26:07,575] {logging_mixin.py:115} INFO - [2023-11-04 21:26:07,574] {dag.py:2420} INFO - Sync 1 DAGs
[2023-11-04 21:26:07,766] {logging_mixin.py:115} INFO - [2023-11-04 21:26:07,766] {dag.py:2972} INFO - Setting next_dagrun for latest_only_with_trigger to 2023-11-04T17:26:07.765711+00:00, run_after=2023-11-04T21:26:07.765711+00:00
[2023-11-04 21:26:07,797] {processor.py:161} INFO - Processing /home/airflow/.local/lib/python3.7/site-packages/airflow/example_dags/example_latest_only_with_trigger.py took 0.303 seconds
[2023-11-04 21:26:38,182] {processor.py:153} INFO - Started process (PID=1344) to work on /home/airflow/.local/lib/python3.7/site-packages/airflow/example_dags/example_latest_only_with_trigger.py
[2023-11-04 21:26:38,183] {processor.py:641} INFO - Processing file /home/airflow/.local/lib/python3.7/site-packages/airflow/example_dags/example_latest_only_with_trigger.py for tasks to queue
[2023-11-04 21:26:38,184] {logging_mixin.py:115} INFO - [2023-11-04 21:26:38,183] {dagbag.py:508} INFO - Filling up the DagBag from /home/airflow/.local/lib/python3.7/site-packages/airflow/example_dags/example_latest_only_with_trigger.py
[2023-11-04 21:26:38,191] {processor.py:651} INFO - DAG(s) dict_keys(['latest_only_with_trigger']) retrieved from /home/airflow/.local/lib/python3.7/site-packages/airflow/example_dags/example_latest_only_with_trigger.py
[2023-11-04 21:26:38,223] {logging_mixin.py:115} INFO - [2023-11-04 21:26:38,223] {dag.py:2420} INFO - Sync 1 DAGs
[2023-11-04 21:26:38,361] {logging_mixin.py:115} INFO - [2023-11-04 21:26:38,361] {dag.py:2972} INFO - Setting next_dagrun for latest_only_with_trigger to 2023-11-04T17:26:38.361159+00:00, run_after=2023-11-04T21:26:38.361159+00:00
[2023-11-04 21:26:38,375] {processor.py:161} INFO - Processing /home/airflow/.local/lib/python3.7/site-packages/airflow/example_dags/example_latest_only_with_trigger.py took 0.198 seconds
[2023-11-04 21:27:08,988] {processor.py:153} INFO - Started process (PID=1406) to work on /home/airflow/.local/lib/python3.7/site-packages/airflow/example_dags/example_latest_only_with_trigger.py
[2023-11-04 21:27:08,988] {processor.py:641} INFO - Processing file /home/airflow/.local/lib/python3.7/site-packages/airflow/example_dags/example_latest_only_with_trigger.py for tasks to queue
[2023-11-04 21:27:08,989] {logging_mixin.py:115} INFO - [2023-11-04 21:27:08,989] {dagbag.py:508} INFO - Filling up the DagBag from /home/airflow/.local/lib/python3.7/site-packages/airflow/example_dags/example_latest_only_with_trigger.py
[2023-11-04 21:27:08,995] {processor.py:651} INFO - DAG(s) dict_keys(['latest_only_with_trigger']) retrieved from /home/airflow/.local/lib/python3.7/site-packages/airflow/example_dags/example_latest_only_with_trigger.py
[2023-11-04 21:27:09,025] {logging_mixin.py:115} INFO - [2023-11-04 21:27:09,024] {dag.py:2420} INFO - Sync 1 DAGs
[2023-11-04 21:27:09,159] {logging_mixin.py:115} INFO - [2023-11-04 21:27:09,159] {dag.py:2972} INFO - Setting next_dagrun for latest_only_with_trigger to 2023-11-04T17:27:09.159092+00:00, run_after=2023-11-04T21:27:09.159092+00:00
[2023-11-04 21:27:09,173] {processor.py:161} INFO - Processing /home/airflow/.local/lib/python3.7/site-packages/airflow/example_dags/example_latest_only_with_trigger.py took 0.189 seconds
[2023-11-04 21:27:39,427] {processor.py:153} INFO - Started process (PID=1468) to work on /home/airflow/.local/lib/python3.7/site-packages/airflow/example_dags/example_latest_only_with_trigger.py
[2023-11-04 21:27:39,428] {processor.py:641} INFO - Processing file /home/airflow/.local/lib/python3.7/site-packages/airflow/example_dags/example_latest_only_with_trigger.py for tasks to queue
[2023-11-04 21:27:39,429] {logging_mixin.py:115} INFO - [2023-11-04 21:27:39,429] {dagbag.py:508} INFO - Filling up the DagBag from /home/airflow/.local/lib/python3.7/site-packages/airflow/example_dags/example_latest_only_with_trigger.py
[2023-11-04 21:27:39,436] {processor.py:651} INFO - DAG(s) dict_keys(['latest_only_with_trigger']) retrieved from /home/airflow/.local/lib/python3.7/site-packages/airflow/example_dags/example_latest_only_with_trigger.py
[2023-11-04 21:27:39,467] {logging_mixin.py:115} INFO - [2023-11-04 21:27:39,467] {dag.py:2420} INFO - Sync 1 DAGs
[2023-11-04 21:27:39,645] {logging_mixin.py:115} INFO - [2023-11-04 21:27:39,645] {dag.py:2972} INFO - Setting next_dagrun for latest_only_with_trigger to 2023-11-04T17:27:39.645372+00:00, run_after=2023-11-04T21:27:39.645372+00:00
[2023-11-04 21:27:39,661] {processor.py:161} INFO - Processing /home/airflow/.local/lib/python3.7/site-packages/airflow/example_dags/example_latest_only_with_trigger.py took 0.237 seconds
[2023-11-04 21:28:09,947] {processor.py:153} INFO - Started process (PID=1521) to work on /home/airflow/.local/lib/python3.7/site-packages/airflow/example_dags/example_latest_only_with_trigger.py
[2023-11-04 21:28:09,948] {processor.py:641} INFO - Processing file /home/airflow/.local/lib/python3.7/site-packages/airflow/example_dags/example_latest_only_with_trigger.py for tasks to queue
[2023-11-04 21:28:09,949] {logging_mixin.py:115} INFO - [2023-11-04 21:28:09,949] {dagbag.py:508} INFO - Filling up the DagBag from /home/airflow/.local/lib/python3.7/site-packages/airflow/example_dags/example_latest_only_with_trigger.py
[2023-11-04 21:28:09,958] {processor.py:651} INFO - DAG(s) dict_keys(['latest_only_with_trigger']) retrieved from /home/airflow/.local/lib/python3.7/site-packages/airflow/example_dags/example_latest_only_with_trigger.py
[2023-11-04 21:28:09,991] {logging_mixin.py:115} INFO - [2023-11-04 21:28:09,991] {dag.py:2420} INFO - Sync 1 DAGs
[2023-11-04 21:28:10,121] {logging_mixin.py:115} INFO - [2023-11-04 21:28:10,121] {dag.py:2972} INFO - Setting next_dagrun for latest_only_with_trigger to 2023-11-04T17:28:10.120946+00:00, run_after=2023-11-04T21:28:10.120946+00:00
[2023-11-04 21:28:10,133] {processor.py:161} INFO - Processing /home/airflow/.local/lib/python3.7/site-packages/airflow/example_dags/example_latest_only_with_trigger.py took 0.192 seconds
[2023-11-04 21:28:40,430] {processor.py:153} INFO - Started process (PID=1583) to work on /home/airflow/.local/lib/python3.7/site-packages/airflow/example_dags/example_latest_only_with_trigger.py
[2023-11-04 21:28:40,438] {processor.py:641} INFO - Processing file /home/airflow/.local/lib/python3.7/site-packages/airflow/example_dags/example_latest_only_with_trigger.py for tasks to queue
[2023-11-04 21:28:40,439] {logging_mixin.py:115} INFO - [2023-11-04 21:28:40,439] {dagbag.py:508} INFO - Filling up the DagBag from /home/airflow/.local/lib/python3.7/site-packages/airflow/example_dags/example_latest_only_with_trigger.py
[2023-11-04 21:28:40,445] {processor.py:651} INFO - DAG(s) dict_keys(['latest_only_with_trigger']) retrieved from /home/airflow/.local/lib/python3.7/site-packages/airflow/example_dags/example_latest_only_with_trigger.py
[2023-11-04 21:28:40,475] {logging_mixin.py:115} INFO - [2023-11-04 21:28:40,475] {dag.py:2420} INFO - Sync 1 DAGs
[2023-11-04 21:28:40,618] {logging_mixin.py:115} INFO - [2023-11-04 21:28:40,617] {dag.py:2972} INFO - Setting next_dagrun for latest_only_with_trigger to 2023-11-04T17:28:40.617662+00:00, run_after=2023-11-04T21:28:40.617662+00:00
[2023-11-04 21:28:40,631] {processor.py:161} INFO - Processing /home/airflow/.local/lib/python3.7/site-packages/airflow/example_dags/example_latest_only_with_trigger.py took 0.204 seconds
[2023-11-04 21:29:11,137] {processor.py:153} INFO - Started process (PID=1645) to work on /home/airflow/.local/lib/python3.7/site-packages/airflow/example_dags/example_latest_only_with_trigger.py
[2023-11-04 21:29:11,138] {processor.py:641} INFO - Processing file /home/airflow/.local/lib/python3.7/site-packages/airflow/example_dags/example_latest_only_with_trigger.py for tasks to queue
[2023-11-04 21:29:11,139] {logging_mixin.py:115} INFO - [2023-11-04 21:29:11,139] {dagbag.py:508} INFO - Filling up the DagBag from /home/airflow/.local/lib/python3.7/site-packages/airflow/example_dags/example_latest_only_with_trigger.py
[2023-11-04 21:29:11,148] {processor.py:651} INFO - DAG(s) dict_keys(['latest_only_with_trigger']) retrieved from /home/airflow/.local/lib/python3.7/site-packages/airflow/example_dags/example_latest_only_with_trigger.py
[2023-11-04 21:29:11,183] {logging_mixin.py:115} INFO - [2023-11-04 21:29:11,183] {dag.py:2420} INFO - Sync 1 DAGs
[2023-11-04 21:29:11,327] {logging_mixin.py:115} INFO - [2023-11-04 21:29:11,327] {dag.py:2972} INFO - Setting next_dagrun for latest_only_with_trigger to 2023-11-04T17:29:11.327632+00:00, run_after=2023-11-04T21:29:11.327632+00:00
[2023-11-04 21:29:11,341] {processor.py:161} INFO - Processing /home/airflow/.local/lib/python3.7/site-packages/airflow/example_dags/example_latest_only_with_trigger.py took 0.209 seconds
[2023-11-04 21:29:41,760] {processor.py:153} INFO - Started process (PID=1698) to work on /home/airflow/.local/lib/python3.7/site-packages/airflow/example_dags/example_latest_only_with_trigger.py
[2023-11-04 21:29:41,761] {processor.py:641} INFO - Processing file /home/airflow/.local/lib/python3.7/site-packages/airflow/example_dags/example_latest_only_with_trigger.py for tasks to queue
[2023-11-04 21:29:41,762] {logging_mixin.py:115} INFO - [2023-11-04 21:29:41,762] {dagbag.py:508} INFO - Filling up the DagBag from /home/airflow/.local/lib/python3.7/site-packages/airflow/example_dags/example_latest_only_with_trigger.py
[2023-11-04 21:29:41,773] {processor.py:651} INFO - DAG(s) dict_keys(['latest_only_with_trigger']) retrieved from /home/airflow/.local/lib/python3.7/site-packages/airflow/example_dags/example_latest_only_with_trigger.py
[2023-11-04 21:29:41,815] {logging_mixin.py:115} INFO - [2023-11-04 21:29:41,815] {dag.py:2420} INFO - Sync 1 DAGs
[2023-11-04 21:29:41,988] {logging_mixin.py:115} INFO - [2023-11-04 21:29:41,988] {dag.py:2972} INFO - Setting next_dagrun for latest_only_with_trigger to 2023-11-04T17:29:41.988378+00:00, run_after=2023-11-04T21:29:41.988378+00:00
[2023-11-04 21:29:42,005] {processor.py:161} INFO - Processing /home/airflow/.local/lib/python3.7/site-packages/airflow/example_dags/example_latest_only_with_trigger.py took 0.249 seconds
[2023-11-04 21:30:12,436] {processor.py:153} INFO - Started process (PID=1760) to work on /home/airflow/.local/lib/python3.7/site-packages/airflow/example_dags/example_latest_only_with_trigger.py
[2023-11-04 21:30:12,437] {processor.py:641} INFO - Processing file /home/airflow/.local/lib/python3.7/site-packages/airflow/example_dags/example_latest_only_with_trigger.py for tasks to queue
[2023-11-04 21:30:12,437] {logging_mixin.py:115} INFO - [2023-11-04 21:30:12,437] {dagbag.py:508} INFO - Filling up the DagBag from /home/airflow/.local/lib/python3.7/site-packages/airflow/example_dags/example_latest_only_with_trigger.py
[2023-11-04 21:30:12,445] {processor.py:651} INFO - DAG(s) dict_keys(['latest_only_with_trigger']) retrieved from /home/airflow/.local/lib/python3.7/site-packages/airflow/example_dags/example_latest_only_with_trigger.py
[2023-11-04 21:30:12,478] {logging_mixin.py:115} INFO - [2023-11-04 21:30:12,478] {dag.py:2420} INFO - Sync 1 DAGs
[2023-11-04 21:30:12,625] {logging_mixin.py:115} INFO - [2023-11-04 21:30:12,625] {dag.py:2972} INFO - Setting next_dagrun for latest_only_with_trigger to 2023-11-04T17:30:12.625573+00:00, run_after=2023-11-04T21:30:12.625573+00:00
[2023-11-04 21:30:12,638] {processor.py:161} INFO - Processing /home/airflow/.local/lib/python3.7/site-packages/airflow/example_dags/example_latest_only_with_trigger.py took 0.206 seconds
[2023-11-04 21:30:43,062] {processor.py:153} INFO - Started process (PID=1813) to work on /home/airflow/.local/lib/python3.7/site-packages/airflow/example_dags/example_latest_only_with_trigger.py
[2023-11-04 21:30:43,063] {processor.py:641} INFO - Processing file /home/airflow/.local/lib/python3.7/site-packages/airflow/example_dags/example_latest_only_with_trigger.py for tasks to queue
[2023-11-04 21:30:43,065] {logging_mixin.py:115} INFO - [2023-11-04 21:30:43,065] {dagbag.py:508} INFO - Filling up the DagBag from /home/airflow/.local/lib/python3.7/site-packages/airflow/example_dags/example_latest_only_with_trigger.py
[2023-11-04 21:30:43,073] {processor.py:651} INFO - DAG(s) dict_keys(['latest_only_with_trigger']) retrieved from /home/airflow/.local/lib/python3.7/site-packages/airflow/example_dags/example_latest_only_with_trigger.py
[2023-11-04 21:30:43,215] {logging_mixin.py:115} INFO - [2023-11-04 21:30:43,215] {dag.py:2420} INFO - Sync 1 DAGs
[2023-11-04 21:30:43,238] {logging_mixin.py:115} INFO - [2023-11-04 21:30:43,238] {dag.py:2972} INFO - Setting next_dagrun for latest_only_with_trigger to 2023-11-04T17:30:43.238140+00:00, run_after=2023-11-04T21:30:43.238140+00:00
[2023-11-04 21:30:43,251] {processor.py:161} INFO - Processing /home/airflow/.local/lib/python3.7/site-packages/airflow/example_dags/example_latest_only_with_trigger.py took 0.193 seconds
[2023-11-04 21:31:13,797] {processor.py:153} INFO - Started process (PID=1875) to work on /home/airflow/.local/lib/python3.7/site-packages/airflow/example_dags/example_latest_only_with_trigger.py
[2023-11-04 21:31:13,798] {processor.py:641} INFO - Processing file /home/airflow/.local/lib/python3.7/site-packages/airflow/example_dags/example_latest_only_with_trigger.py for tasks to queue
[2023-11-04 21:31:13,799] {logging_mixin.py:115} INFO - [2023-11-04 21:31:13,798] {dagbag.py:508} INFO - Filling up the DagBag from /home/airflow/.local/lib/python3.7/site-packages/airflow/example_dags/example_latest_only_with_trigger.py
[2023-11-04 21:31:13,806] {processor.py:651} INFO - DAG(s) dict_keys(['latest_only_with_trigger']) retrieved from /home/airflow/.local/lib/python3.7/site-packages/airflow/example_dags/example_latest_only_with_trigger.py
[2023-11-04 21:31:13,981] {logging_mixin.py:115} INFO - [2023-11-04 21:31:13,981] {dag.py:2420} INFO - Sync 1 DAGs
[2023-11-04 21:31:14,007] {logging_mixin.py:115} INFO - [2023-11-04 21:31:14,007] {dag.py:2972} INFO - Setting next_dagrun for latest_only_with_trigger to 2023-11-04T17:31:14.007020+00:00, run_after=2023-11-04T21:31:14.007020+00:00
[2023-11-04 21:31:14,030] {processor.py:161} INFO - Processing /home/airflow/.local/lib/python3.7/site-packages/airflow/example_dags/example_latest_only_with_trigger.py took 0.239 seconds
[2023-11-04 21:31:44,595] {processor.py:153} INFO - Started process (PID=1937) to work on /home/airflow/.local/lib/python3.7/site-packages/airflow/example_dags/example_latest_only_with_trigger.py
[2023-11-04 21:31:44,596] {processor.py:641} INFO - Processing file /home/airflow/.local/lib/python3.7/site-packages/airflow/example_dags/example_latest_only_with_trigger.py for tasks to queue
[2023-11-04 21:31:44,597] {logging_mixin.py:115} INFO - [2023-11-04 21:31:44,597] {dagbag.py:508} INFO - Filling up the DagBag from /home/airflow/.local/lib/python3.7/site-packages/airflow/example_dags/example_latest_only_with_trigger.py
[2023-11-04 21:31:44,604] {processor.py:651} INFO - DAG(s) dict_keys(['latest_only_with_trigger']) retrieved from /home/airflow/.local/lib/python3.7/site-packages/airflow/example_dags/example_latest_only_with_trigger.py
[2023-11-04 21:31:44,752] {logging_mixin.py:115} INFO - [2023-11-04 21:31:44,752] {dag.py:2420} INFO - Sync 1 DAGs
[2023-11-04 21:31:44,777] {logging_mixin.py:115} INFO - [2023-11-04 21:31:44,777] {dag.py:2972} INFO - Setting next_dagrun for latest_only_with_trigger to 2023-11-04T17:31:44.777297+00:00, run_after=2023-11-04T21:31:44.777297+00:00
[2023-11-04 21:31:44,790] {processor.py:161} INFO - Processing /home/airflow/.local/lib/python3.7/site-packages/airflow/example_dags/example_latest_only_with_trigger.py took 0.200 seconds
