[2023-11-04 20:57:55,593] {processor.py:153} INFO - Started process (PID=83) to work on /home/airflow/.local/lib/python3.7/site-packages/airflow/example_dags/example_branch_labels.py
[2023-11-04 20:57:55,593] {processor.py:641} INFO - Processing file /home/airflow/.local/lib/python3.7/site-packages/airflow/example_dags/example_branch_labels.py for tasks to queue
[2023-11-04 20:57:55,594] {logging_mixin.py:115} INFO - [2023-11-04 20:57:55,594] {dagbag.py:508} INFO - Filling up the DagBag from /home/airflow/.local/lib/python3.7/site-packages/airflow/example_dags/example_branch_labels.py
[2023-11-04 20:57:55,604] {processor.py:651} INFO - DAG(s) dict_keys(['example_branch_labels']) retrieved from /home/airflow/.local/lib/python3.7/site-packages/airflow/example_dags/example_branch_labels.py
[2023-11-04 20:57:55,711] {logging_mixin.py:115} INFO - [2023-11-04 20:57:55,711] {manager.py:508} INFO - Created Permission View: can delete on DAG:example_branch_labels
[2023-11-04 20:57:55,721] {logging_mixin.py:115} INFO - [2023-11-04 20:57:55,721] {manager.py:508} INFO - Created Permission View: can edit on DAG:example_branch_labels
[2023-11-04 20:57:55,731] {logging_mixin.py:115} INFO - [2023-11-04 20:57:55,731] {manager.py:508} INFO - Created Permission View: can read on DAG:example_branch_labels
[2023-11-04 20:57:55,732] {logging_mixin.py:115} INFO - [2023-11-04 20:57:55,732] {dag.py:2420} INFO - Sync 1 DAGs
[2023-11-04 20:57:55,747] {logging_mixin.py:115} INFO - [2023-11-04 20:57:55,747] {dag.py:2439} INFO - Creating ORM DAG for example_branch_labels
[2023-11-04 20:57:55,765] {logging_mixin.py:115} INFO - [2023-11-04 20:57:55,765] {dag.py:2972} INFO - Setting next_dagrun for example_branch_labels to 2023-11-03T00:00:00+00:00, run_after=2023-11-04T00:00:00+00:00
[2023-11-04 20:57:55,782] {processor.py:161} INFO - Processing /home/airflow/.local/lib/python3.7/site-packages/airflow/example_dags/example_branch_labels.py took 0.194 seconds
[2023-11-04 20:58:26,183] {processor.py:153} INFO - Started process (PID=144) to work on /home/airflow/.local/lib/python3.7/site-packages/airflow/example_dags/example_branch_labels.py
[2023-11-04 20:58:26,184] {processor.py:641} INFO - Processing file /home/airflow/.local/lib/python3.7/site-packages/airflow/example_dags/example_branch_labels.py for tasks to queue
[2023-11-04 20:58:26,186] {logging_mixin.py:115} INFO - [2023-11-04 20:58:26,186] {dagbag.py:508} INFO - Filling up the DagBag from /home/airflow/.local/lib/python3.7/site-packages/airflow/example_dags/example_branch_labels.py
[2023-11-04 20:58:26,196] {processor.py:651} INFO - DAG(s) dict_keys(['example_branch_labels']) retrieved from /home/airflow/.local/lib/python3.7/site-packages/airflow/example_dags/example_branch_labels.py
[2023-11-04 20:58:26,233] {logging_mixin.py:115} INFO - [2023-11-04 20:58:26,232] {dag.py:2420} INFO - Sync 1 DAGs
[2023-11-04 20:58:26,267] {logging_mixin.py:115} INFO - [2023-11-04 20:58:26,267] {dag.py:2972} INFO - Setting next_dagrun for example_branch_labels to 2023-11-03T00:00:00+00:00, run_after=2023-11-04T00:00:00+00:00
[2023-11-04 20:58:26,284] {processor.py:161} INFO - Processing /home/airflow/.local/lib/python3.7/site-packages/airflow/example_dags/example_branch_labels.py took 0.106 seconds
[2023-11-04 20:58:56,576] {processor.py:153} INFO - Started process (PID=212) to work on /home/airflow/.local/lib/python3.7/site-packages/airflow/example_dags/example_branch_labels.py
[2023-11-04 20:58:56,577] {processor.py:641} INFO - Processing file /home/airflow/.local/lib/python3.7/site-packages/airflow/example_dags/example_branch_labels.py for tasks to queue
[2023-11-04 20:58:56,577] {logging_mixin.py:115} INFO - [2023-11-04 20:58:56,577] {dagbag.py:508} INFO - Filling up the DagBag from /home/airflow/.local/lib/python3.7/site-packages/airflow/example_dags/example_branch_labels.py
[2023-11-04 20:58:56,585] {processor.py:651} INFO - DAG(s) dict_keys(['example_branch_labels']) retrieved from /home/airflow/.local/lib/python3.7/site-packages/airflow/example_dags/example_branch_labels.py
[2023-11-04 20:58:56,611] {logging_mixin.py:115} INFO - [2023-11-04 20:58:56,611] {dag.py:2420} INFO - Sync 1 DAGs
[2023-11-04 20:58:56,635] {logging_mixin.py:115} INFO - [2023-11-04 20:58:56,635] {dag.py:2972} INFO - Setting next_dagrun for example_branch_labels to 2023-11-03T00:00:00+00:00, run_after=2023-11-04T00:00:00+00:00
[2023-11-04 20:58:56,646] {processor.py:161} INFO - Processing /home/airflow/.local/lib/python3.7/site-packages/airflow/example_dags/example_branch_labels.py took 0.074 seconds
[2023-11-04 20:59:27,365] {processor.py:153} INFO - Started process (PID=273) to work on /home/airflow/.local/lib/python3.7/site-packages/airflow/example_dags/example_branch_labels.py
[2023-11-04 20:59:27,367] {processor.py:641} INFO - Processing file /home/airflow/.local/lib/python3.7/site-packages/airflow/example_dags/example_branch_labels.py for tasks to queue
[2023-11-04 20:59:27,369] {logging_mixin.py:115} INFO - [2023-11-04 20:59:27,369] {dagbag.py:508} INFO - Filling up the DagBag from /home/airflow/.local/lib/python3.7/site-packages/airflow/example_dags/example_branch_labels.py
[2023-11-04 20:59:27,381] {processor.py:651} INFO - DAG(s) dict_keys(['example_branch_labels']) retrieved from /home/airflow/.local/lib/python3.7/site-packages/airflow/example_dags/example_branch_labels.py
[2023-11-04 20:59:27,416] {logging_mixin.py:115} INFO - [2023-11-04 20:59:27,416] {dag.py:2420} INFO - Sync 1 DAGs
[2023-11-04 20:59:27,446] {logging_mixin.py:115} INFO - [2023-11-04 20:59:27,446] {dag.py:2972} INFO - Setting next_dagrun for example_branch_labels to 2023-11-03T00:00:00+00:00, run_after=2023-11-04T00:00:00+00:00
[2023-11-04 20:59:27,460] {processor.py:161} INFO - Processing /home/airflow/.local/lib/python3.7/site-packages/airflow/example_dags/example_branch_labels.py took 0.100 seconds
[2023-11-04 20:59:58,240] {processor.py:153} INFO - Started process (PID=332) to work on /home/airflow/.local/lib/python3.7/site-packages/airflow/example_dags/example_branch_labels.py
[2023-11-04 20:59:58,241] {processor.py:641} INFO - Processing file /home/airflow/.local/lib/python3.7/site-packages/airflow/example_dags/example_branch_labels.py for tasks to queue
[2023-11-04 20:59:58,242] {logging_mixin.py:115} INFO - [2023-11-04 20:59:58,242] {dagbag.py:508} INFO - Filling up the DagBag from /home/airflow/.local/lib/python3.7/site-packages/airflow/example_dags/example_branch_labels.py
[2023-11-04 20:59:58,254] {processor.py:651} INFO - DAG(s) dict_keys(['example_branch_labels']) retrieved from /home/airflow/.local/lib/python3.7/site-packages/airflow/example_dags/example_branch_labels.py
[2023-11-04 20:59:58,293] {logging_mixin.py:115} INFO - [2023-11-04 20:59:58,293] {dag.py:2420} INFO - Sync 1 DAGs
[2023-11-04 20:59:58,330] {logging_mixin.py:115} INFO - [2023-11-04 20:59:58,329] {dag.py:2972} INFO - Setting next_dagrun for example_branch_labels to 2023-11-03T00:00:00+00:00, run_after=2023-11-04T00:00:00+00:00
[2023-11-04 20:59:58,348] {processor.py:161} INFO - Processing /home/airflow/.local/lib/python3.7/site-packages/airflow/example_dags/example_branch_labels.py took 0.112 seconds
[2023-11-04 21:00:29,272] {processor.py:153} INFO - Started process (PID=386) to work on /home/airflow/.local/lib/python3.7/site-packages/airflow/example_dags/example_branch_labels.py
[2023-11-04 21:00:29,274] {processor.py:641} INFO - Processing file /home/airflow/.local/lib/python3.7/site-packages/airflow/example_dags/example_branch_labels.py for tasks to queue
[2023-11-04 21:00:29,278] {logging_mixin.py:115} INFO - [2023-11-04 21:00:29,278] {dagbag.py:508} INFO - Filling up the DagBag from /home/airflow/.local/lib/python3.7/site-packages/airflow/example_dags/example_branch_labels.py
[2023-11-04 21:00:29,295] {processor.py:651} INFO - DAG(s) dict_keys(['example_branch_labels']) retrieved from /home/airflow/.local/lib/python3.7/site-packages/airflow/example_dags/example_branch_labels.py
[2023-11-04 21:00:29,458] {logging_mixin.py:115} INFO - [2023-11-04 21:00:29,458] {dag.py:2420} INFO - Sync 1 DAGs
[2023-11-04 21:00:29,662] {logging_mixin.py:115} INFO - [2023-11-04 21:00:29,662] {dag.py:2972} INFO - Setting next_dagrun for example_branch_labels to 2023-11-03T00:00:00+00:00, run_after=2023-11-04T00:00:00+00:00
[2023-11-04 21:00:29,705] {processor.py:161} INFO - Processing /home/airflow/.local/lib/python3.7/site-packages/airflow/example_dags/example_branch_labels.py took 0.446 seconds
[2023-11-04 21:01:00,012] {processor.py:153} INFO - Started process (PID=447) to work on /home/airflow/.local/lib/python3.7/site-packages/airflow/example_dags/example_branch_labels.py
[2023-11-04 21:01:00,013] {processor.py:641} INFO - Processing file /home/airflow/.local/lib/python3.7/site-packages/airflow/example_dags/example_branch_labels.py for tasks to queue
[2023-11-04 21:01:00,014] {logging_mixin.py:115} INFO - [2023-11-04 21:01:00,014] {dagbag.py:508} INFO - Filling up the DagBag from /home/airflow/.local/lib/python3.7/site-packages/airflow/example_dags/example_branch_labels.py
[2023-11-04 21:01:00,025] {processor.py:651} INFO - DAG(s) dict_keys(['example_branch_labels']) retrieved from /home/airflow/.local/lib/python3.7/site-packages/airflow/example_dags/example_branch_labels.py
[2023-11-04 21:01:00,061] {logging_mixin.py:115} INFO - [2023-11-04 21:01:00,061] {dag.py:2420} INFO - Sync 1 DAGs
[2023-11-04 21:01:00,094] {logging_mixin.py:115} INFO - [2023-11-04 21:01:00,094] {dag.py:2972} INFO - Setting next_dagrun for example_branch_labels to 2023-11-03T00:00:00+00:00, run_after=2023-11-04T00:00:00+00:00
[2023-11-04 21:01:00,108] {processor.py:161} INFO - Processing /home/airflow/.local/lib/python3.7/site-packages/airflow/example_dags/example_branch_labels.py took 0.099 seconds
[2023-11-04 21:01:30,177] {processor.py:153} INFO - Started process (PID=505) to work on /home/airflow/.local/lib/python3.7/site-packages/airflow/example_dags/example_branch_labels.py
[2023-11-04 21:01:30,177] {processor.py:641} INFO - Processing file /home/airflow/.local/lib/python3.7/site-packages/airflow/example_dags/example_branch_labels.py for tasks to queue
[2023-11-04 21:01:30,178] {logging_mixin.py:115} INFO - [2023-11-04 21:01:30,178] {dagbag.py:508} INFO - Filling up the DagBag from /home/airflow/.local/lib/python3.7/site-packages/airflow/example_dags/example_branch_labels.py
[2023-11-04 21:01:30,187] {processor.py:651} INFO - DAG(s) dict_keys(['example_branch_labels']) retrieved from /home/airflow/.local/lib/python3.7/site-packages/airflow/example_dags/example_branch_labels.py
[2023-11-04 21:01:30,236] {logging_mixin.py:115} INFO - [2023-11-04 21:01:30,236] {dag.py:2420} INFO - Sync 1 DAGs
[2023-11-04 21:01:30,277] {logging_mixin.py:115} INFO - [2023-11-04 21:01:30,277] {dag.py:2972} INFO - Setting next_dagrun for example_branch_labels to 2023-11-03T00:00:00+00:00, run_after=2023-11-04T00:00:00+00:00
[2023-11-04 21:01:30,291] {processor.py:161} INFO - Processing /home/airflow/.local/lib/python3.7/site-packages/airflow/example_dags/example_branch_labels.py took 0.118 seconds
[2023-11-04 21:02:00,312] {processor.py:153} INFO - Started process (PID=559) to work on /home/airflow/.local/lib/python3.7/site-packages/airflow/example_dags/example_branch_labels.py
[2023-11-04 21:02:00,313] {processor.py:641} INFO - Processing file /home/airflow/.local/lib/python3.7/site-packages/airflow/example_dags/example_branch_labels.py for tasks to queue
[2023-11-04 21:02:00,314] {logging_mixin.py:115} INFO - [2023-11-04 21:02:00,314] {dagbag.py:508} INFO - Filling up the DagBag from /home/airflow/.local/lib/python3.7/site-packages/airflow/example_dags/example_branch_labels.py
[2023-11-04 21:02:00,322] {processor.py:651} INFO - DAG(s) dict_keys(['example_branch_labels']) retrieved from /home/airflow/.local/lib/python3.7/site-packages/airflow/example_dags/example_branch_labels.py
[2023-11-04 21:02:00,351] {logging_mixin.py:115} INFO - [2023-11-04 21:02:00,350] {dag.py:2420} INFO - Sync 1 DAGs
[2023-11-04 21:02:00,385] {logging_mixin.py:115} INFO - [2023-11-04 21:02:00,385] {dag.py:2972} INFO - Setting next_dagrun for example_branch_labels to 2023-11-03T00:00:00+00:00, run_after=2023-11-04T00:00:00+00:00
[2023-11-04 21:02:00,400] {processor.py:161} INFO - Processing /home/airflow/.local/lib/python3.7/site-packages/airflow/example_dags/example_branch_labels.py took 0.092 seconds
[2023-11-04 21:02:31,747] {processor.py:153} INFO - Started process (PID=620) to work on /home/airflow/.local/lib/python3.7/site-packages/airflow/example_dags/example_branch_labels.py
[2023-11-04 21:02:31,748] {processor.py:641} INFO - Processing file /home/airflow/.local/lib/python3.7/site-packages/airflow/example_dags/example_branch_labels.py for tasks to queue
[2023-11-04 21:02:31,749] {logging_mixin.py:115} INFO - [2023-11-04 21:02:31,749] {dagbag.py:508} INFO - Filling up the DagBag from /home/airflow/.local/lib/python3.7/site-packages/airflow/example_dags/example_branch_labels.py
[2023-11-04 21:02:31,757] {processor.py:651} INFO - DAG(s) dict_keys(['example_branch_labels']) retrieved from /home/airflow/.local/lib/python3.7/site-packages/airflow/example_dags/example_branch_labels.py
[2023-11-04 21:02:31,790] {logging_mixin.py:115} INFO - [2023-11-04 21:02:31,790] {dag.py:2420} INFO - Sync 1 DAGs
[2023-11-04 21:02:31,817] {logging_mixin.py:115} INFO - [2023-11-04 21:02:31,817] {dag.py:2972} INFO - Setting next_dagrun for example_branch_labels to 2023-11-03T00:00:00+00:00, run_after=2023-11-04T00:00:00+00:00
[2023-11-04 21:02:31,836] {processor.py:161} INFO - Processing /home/airflow/.local/lib/python3.7/site-packages/airflow/example_dags/example_branch_labels.py took 0.093 seconds
[2023-11-04 21:03:02,057] {processor.py:153} INFO - Started process (PID=672) to work on /home/airflow/.local/lib/python3.7/site-packages/airflow/example_dags/example_branch_labels.py
[2023-11-04 21:03:02,060] {processor.py:641} INFO - Processing file /home/airflow/.local/lib/python3.7/site-packages/airflow/example_dags/example_branch_labels.py for tasks to queue
[2023-11-04 21:03:02,062] {logging_mixin.py:115} INFO - [2023-11-04 21:03:02,062] {dagbag.py:508} INFO - Filling up the DagBag from /home/airflow/.local/lib/python3.7/site-packages/airflow/example_dags/example_branch_labels.py
[2023-11-04 21:03:02,078] {processor.py:651} INFO - DAG(s) dict_keys(['example_branch_labels']) retrieved from /home/airflow/.local/lib/python3.7/site-packages/airflow/example_dags/example_branch_labels.py
[2023-11-04 21:03:02,197] {logging_mixin.py:115} INFO - [2023-11-04 21:03:02,197] {dag.py:2420} INFO - Sync 1 DAGs
[2023-11-04 21:03:02,300] {logging_mixin.py:115} INFO - [2023-11-04 21:03:02,299] {dag.py:2972} INFO - Setting next_dagrun for example_branch_labels to 2023-11-03T00:00:00+00:00, run_after=2023-11-04T00:00:00+00:00
[2023-11-04 21:03:02,346] {processor.py:161} INFO - Processing /home/airflow/.local/lib/python3.7/site-packages/airflow/example_dags/example_branch_labels.py took 0.297 seconds
[2023-11-04 21:03:33,333] {processor.py:153} INFO - Started process (PID=734) to work on /home/airflow/.local/lib/python3.7/site-packages/airflow/example_dags/example_branch_labels.py
[2023-11-04 21:03:33,334] {processor.py:641} INFO - Processing file /home/airflow/.local/lib/python3.7/site-packages/airflow/example_dags/example_branch_labels.py for tasks to queue
[2023-11-04 21:03:33,335] {logging_mixin.py:115} INFO - [2023-11-04 21:03:33,335] {dagbag.py:508} INFO - Filling up the DagBag from /home/airflow/.local/lib/python3.7/site-packages/airflow/example_dags/example_branch_labels.py
[2023-11-04 21:03:33,348] {processor.py:651} INFO - DAG(s) dict_keys(['example_branch_labels']) retrieved from /home/airflow/.local/lib/python3.7/site-packages/airflow/example_dags/example_branch_labels.py
[2023-11-04 21:03:33,398] {logging_mixin.py:115} INFO - [2023-11-04 21:03:33,398] {dag.py:2420} INFO - Sync 1 DAGs
[2023-11-04 21:03:33,444] {logging_mixin.py:115} INFO - [2023-11-04 21:03:33,444] {dag.py:2972} INFO - Setting next_dagrun for example_branch_labels to 2023-11-03T00:00:00+00:00, run_after=2023-11-04T00:00:00+00:00
[2023-11-04 21:03:33,464] {processor.py:161} INFO - Processing /home/airflow/.local/lib/python3.7/site-packages/airflow/example_dags/example_branch_labels.py took 0.137 seconds
[2023-11-04 21:04:03,540] {processor.py:153} INFO - Started process (PID=795) to work on /home/airflow/.local/lib/python3.7/site-packages/airflow/example_dags/example_branch_labels.py
[2023-11-04 21:04:03,541] {processor.py:641} INFO - Processing file /home/airflow/.local/lib/python3.7/site-packages/airflow/example_dags/example_branch_labels.py for tasks to queue
[2023-11-04 21:04:03,542] {logging_mixin.py:115} INFO - [2023-11-04 21:04:03,542] {dagbag.py:508} INFO - Filling up the DagBag from /home/airflow/.local/lib/python3.7/site-packages/airflow/example_dags/example_branch_labels.py
[2023-11-04 21:04:03,549] {processor.py:651} INFO - DAG(s) dict_keys(['example_branch_labels']) retrieved from /home/airflow/.local/lib/python3.7/site-packages/airflow/example_dags/example_branch_labels.py
[2023-11-04 21:04:03,579] {logging_mixin.py:115} INFO - [2023-11-04 21:04:03,579] {dag.py:2420} INFO - Sync 1 DAGs
[2023-11-04 21:04:03,609] {logging_mixin.py:115} INFO - [2023-11-04 21:04:03,609] {dag.py:2972} INFO - Setting next_dagrun for example_branch_labels to 2023-11-03T00:00:00+00:00, run_after=2023-11-04T00:00:00+00:00
[2023-11-04 21:04:03,622] {processor.py:161} INFO - Processing /home/airflow/.local/lib/python3.7/site-packages/airflow/example_dags/example_branch_labels.py took 0.085 seconds
[2023-11-04 21:04:33,756] {processor.py:153} INFO - Started process (PID=847) to work on /home/airflow/.local/lib/python3.7/site-packages/airflow/example_dags/example_branch_labels.py
[2023-11-04 21:04:33,757] {processor.py:641} INFO - Processing file /home/airflow/.local/lib/python3.7/site-packages/airflow/example_dags/example_branch_labels.py for tasks to queue
[2023-11-04 21:04:33,758] {logging_mixin.py:115} INFO - [2023-11-04 21:04:33,757] {dagbag.py:508} INFO - Filling up the DagBag from /home/airflow/.local/lib/python3.7/site-packages/airflow/example_dags/example_branch_labels.py
[2023-11-04 21:04:33,766] {processor.py:651} INFO - DAG(s) dict_keys(['example_branch_labels']) retrieved from /home/airflow/.local/lib/python3.7/site-packages/airflow/example_dags/example_branch_labels.py
[2023-11-04 21:04:33,796] {logging_mixin.py:115} INFO - [2023-11-04 21:04:33,796] {dag.py:2420} INFO - Sync 1 DAGs
[2023-11-04 21:04:33,821] {logging_mixin.py:115} INFO - [2023-11-04 21:04:33,820] {dag.py:2972} INFO - Setting next_dagrun for example_branch_labels to 2023-11-03T00:00:00+00:00, run_after=2023-11-04T00:00:00+00:00
[2023-11-04 21:04:33,833] {processor.py:161} INFO - Processing /home/airflow/.local/lib/python3.7/site-packages/airflow/example_dags/example_branch_labels.py took 0.082 seconds
[2023-11-04 21:05:04,653] {processor.py:153} INFO - Started process (PID=908) to work on /home/airflow/.local/lib/python3.7/site-packages/airflow/example_dags/example_branch_labels.py
[2023-11-04 21:05:04,654] {processor.py:641} INFO - Processing file /home/airflow/.local/lib/python3.7/site-packages/airflow/example_dags/example_branch_labels.py for tasks to queue
[2023-11-04 21:05:04,655] {logging_mixin.py:115} INFO - [2023-11-04 21:05:04,655] {dagbag.py:508} INFO - Filling up the DagBag from /home/airflow/.local/lib/python3.7/site-packages/airflow/example_dags/example_branch_labels.py
[2023-11-04 21:05:04,665] {processor.py:651} INFO - DAG(s) dict_keys(['example_branch_labels']) retrieved from /home/airflow/.local/lib/python3.7/site-packages/airflow/example_dags/example_branch_labels.py
[2023-11-04 21:05:04,701] {logging_mixin.py:115} INFO - [2023-11-04 21:05:04,701] {dag.py:2420} INFO - Sync 1 DAGs
[2023-11-04 21:05:04,728] {logging_mixin.py:115} INFO - [2023-11-04 21:05:04,728] {dag.py:2972} INFO - Setting next_dagrun for example_branch_labels to 2023-11-03T00:00:00+00:00, run_after=2023-11-04T00:00:00+00:00
[2023-11-04 21:05:04,771] {processor.py:161} INFO - Processing /home/airflow/.local/lib/python3.7/site-packages/airflow/example_dags/example_branch_labels.py took 0.122 seconds
[2023-11-04 21:05:34,922] {processor.py:153} INFO - Started process (PID=969) to work on /home/airflow/.local/lib/python3.7/site-packages/airflow/example_dags/example_branch_labels.py
[2023-11-04 21:05:34,923] {processor.py:641} INFO - Processing file /home/airflow/.local/lib/python3.7/site-packages/airflow/example_dags/example_branch_labels.py for tasks to queue
[2023-11-04 21:05:34,924] {logging_mixin.py:115} INFO - [2023-11-04 21:05:34,924] {dagbag.py:508} INFO - Filling up the DagBag from /home/airflow/.local/lib/python3.7/site-packages/airflow/example_dags/example_branch_labels.py
[2023-11-04 21:05:34,933] {processor.py:651} INFO - DAG(s) dict_keys(['example_branch_labels']) retrieved from /home/airflow/.local/lib/python3.7/site-packages/airflow/example_dags/example_branch_labels.py
[2023-11-04 21:05:34,962] {logging_mixin.py:115} INFO - [2023-11-04 21:05:34,962] {dag.py:2420} INFO - Sync 1 DAGs
[2023-11-04 21:05:34,991] {logging_mixin.py:115} INFO - [2023-11-04 21:05:34,991] {dag.py:2972} INFO - Setting next_dagrun for example_branch_labels to 2023-11-03T00:00:00+00:00, run_after=2023-11-04T00:00:00+00:00
[2023-11-04 21:05:35,004] {processor.py:161} INFO - Processing /home/airflow/.local/lib/python3.7/site-packages/airflow/example_dags/example_branch_labels.py took 0.086 seconds
[2023-11-04 21:06:19,857] {processor.py:153} INFO - Started process (PID=83) to work on /home/airflow/.local/lib/python3.7/site-packages/airflow/example_dags/example_branch_labels.py
[2023-11-04 21:06:19,859] {processor.py:641} INFO - Processing file /home/airflow/.local/lib/python3.7/site-packages/airflow/example_dags/example_branch_labels.py for tasks to queue
[2023-11-04 21:06:19,861] {logging_mixin.py:115} INFO - [2023-11-04 21:06:19,860] {dagbag.py:508} INFO - Filling up the DagBag from /home/airflow/.local/lib/python3.7/site-packages/airflow/example_dags/example_branch_labels.py
[2023-11-04 21:06:19,875] {processor.py:651} INFO - DAG(s) dict_keys(['example_branch_labels']) retrieved from /home/airflow/.local/lib/python3.7/site-packages/airflow/example_dags/example_branch_labels.py
[2023-11-04 21:06:19,918] {logging_mixin.py:115} INFO - [2023-11-04 21:06:19,918] {dag.py:2420} INFO - Sync 1 DAGs
[2023-11-04 21:06:20,106] {logging_mixin.py:115} INFO - [2023-11-04 21:06:20,106] {dag.py:2972} INFO - Setting next_dagrun for example_branch_labels to 2023-11-03T00:00:00+00:00, run_after=2023-11-04T00:00:00+00:00
[2023-11-04 21:06:20,123] {processor.py:161} INFO - Processing /home/airflow/.local/lib/python3.7/site-packages/airflow/example_dags/example_branch_labels.py took 0.271 seconds
[2023-11-04 21:06:50,147] {processor.py:153} INFO - Started process (PID=144) to work on /home/airflow/.local/lib/python3.7/site-packages/airflow/example_dags/example_branch_labels.py
[2023-11-04 21:06:50,148] {processor.py:641} INFO - Processing file /home/airflow/.local/lib/python3.7/site-packages/airflow/example_dags/example_branch_labels.py for tasks to queue
[2023-11-04 21:06:50,149] {logging_mixin.py:115} INFO - [2023-11-04 21:06:50,149] {dagbag.py:508} INFO - Filling up the DagBag from /home/airflow/.local/lib/python3.7/site-packages/airflow/example_dags/example_branch_labels.py
[2023-11-04 21:06:50,158] {processor.py:651} INFO - DAG(s) dict_keys(['example_branch_labels']) retrieved from /home/airflow/.local/lib/python3.7/site-packages/airflow/example_dags/example_branch_labels.py
[2023-11-04 21:06:50,190] {logging_mixin.py:115} INFO - [2023-11-04 21:06:50,190] {dag.py:2420} INFO - Sync 1 DAGs
[2023-11-04 21:06:50,336] {logging_mixin.py:115} INFO - [2023-11-04 21:06:50,336] {dag.py:2972} INFO - Setting next_dagrun for example_branch_labels to 2023-11-03T00:00:00+00:00, run_after=2023-11-04T00:00:00+00:00
[2023-11-04 21:06:50,347] {processor.py:161} INFO - Processing /home/airflow/.local/lib/python3.7/site-packages/airflow/example_dags/example_branch_labels.py took 0.204 seconds
[2023-11-04 21:07:20,426] {processor.py:153} INFO - Started process (PID=197) to work on /home/airflow/.local/lib/python3.7/site-packages/airflow/example_dags/example_branch_labels.py
[2023-11-04 21:07:20,427] {processor.py:641} INFO - Processing file /home/airflow/.local/lib/python3.7/site-packages/airflow/example_dags/example_branch_labels.py for tasks to queue
[2023-11-04 21:07:20,428] {logging_mixin.py:115} INFO - [2023-11-04 21:07:20,428] {dagbag.py:508} INFO - Filling up the DagBag from /home/airflow/.local/lib/python3.7/site-packages/airflow/example_dags/example_branch_labels.py
[2023-11-04 21:07:20,435] {processor.py:651} INFO - DAG(s) dict_keys(['example_branch_labels']) retrieved from /home/airflow/.local/lib/python3.7/site-packages/airflow/example_dags/example_branch_labels.py
[2023-11-04 21:07:20,468] {logging_mixin.py:115} INFO - [2023-11-04 21:07:20,467] {dag.py:2420} INFO - Sync 1 DAGs
[2023-11-04 21:07:20,615] {logging_mixin.py:115} INFO - [2023-11-04 21:07:20,615] {dag.py:2972} INFO - Setting next_dagrun for example_branch_labels to 2023-11-03T00:00:00+00:00, run_after=2023-11-04T00:00:00+00:00
[2023-11-04 21:07:20,629] {processor.py:161} INFO - Processing /home/airflow/.local/lib/python3.7/site-packages/airflow/example_dags/example_branch_labels.py took 0.207 seconds
[2023-11-04 21:07:50,868] {processor.py:153} INFO - Started process (PID=259) to work on /home/airflow/.local/lib/python3.7/site-packages/airflow/example_dags/example_branch_labels.py
[2023-11-04 21:07:50,869] {processor.py:641} INFO - Processing file /home/airflow/.local/lib/python3.7/site-packages/airflow/example_dags/example_branch_labels.py for tasks to queue
[2023-11-04 21:07:50,870] {logging_mixin.py:115} INFO - [2023-11-04 21:07:50,870] {dagbag.py:508} INFO - Filling up the DagBag from /home/airflow/.local/lib/python3.7/site-packages/airflow/example_dags/example_branch_labels.py
[2023-11-04 21:07:50,879] {processor.py:651} INFO - DAG(s) dict_keys(['example_branch_labels']) retrieved from /home/airflow/.local/lib/python3.7/site-packages/airflow/example_dags/example_branch_labels.py
[2023-11-04 21:07:50,905] {logging_mixin.py:115} INFO - [2023-11-04 21:07:50,905] {dag.py:2420} INFO - Sync 1 DAGs
[2023-11-04 21:07:51,039] {logging_mixin.py:115} INFO - [2023-11-04 21:07:51,039] {dag.py:2972} INFO - Setting next_dagrun for example_branch_labels to 2023-11-03T00:00:00+00:00, run_after=2023-11-04T00:00:00+00:00
[2023-11-04 21:07:51,051] {processor.py:161} INFO - Processing /home/airflow/.local/lib/python3.7/site-packages/airflow/example_dags/example_branch_labels.py took 0.188 seconds
[2023-11-04 21:08:21,296] {processor.py:153} INFO - Started process (PID=321) to work on /home/airflow/.local/lib/python3.7/site-packages/airflow/example_dags/example_branch_labels.py
[2023-11-04 21:08:21,327] {processor.py:641} INFO - Processing file /home/airflow/.local/lib/python3.7/site-packages/airflow/example_dags/example_branch_labels.py for tasks to queue
[2023-11-04 21:08:21,328] {logging_mixin.py:115} INFO - [2023-11-04 21:08:21,328] {dagbag.py:508} INFO - Filling up the DagBag from /home/airflow/.local/lib/python3.7/site-packages/airflow/example_dags/example_branch_labels.py
[2023-11-04 21:08:21,336] {processor.py:651} INFO - DAG(s) dict_keys(['example_branch_labels']) retrieved from /home/airflow/.local/lib/python3.7/site-packages/airflow/example_dags/example_branch_labels.py
[2023-11-04 21:08:21,363] {logging_mixin.py:115} INFO - [2023-11-04 21:08:21,363] {dag.py:2420} INFO - Sync 1 DAGs
[2023-11-04 21:08:21,511] {logging_mixin.py:115} INFO - [2023-11-04 21:08:21,511] {dag.py:2972} INFO - Setting next_dagrun for example_branch_labels to 2023-11-03T00:00:00+00:00, run_after=2023-11-04T00:00:00+00:00
[2023-11-04 21:08:21,525] {processor.py:161} INFO - Processing /home/airflow/.local/lib/python3.7/site-packages/airflow/example_dags/example_branch_labels.py took 0.233 seconds
[2023-11-04 21:08:51,973] {processor.py:153} INFO - Started process (PID=375) to work on /home/airflow/.local/lib/python3.7/site-packages/airflow/example_dags/example_branch_labels.py
[2023-11-04 21:08:51,989] {processor.py:641} INFO - Processing file /home/airflow/.local/lib/python3.7/site-packages/airflow/example_dags/example_branch_labels.py for tasks to queue
[2023-11-04 21:08:51,990] {logging_mixin.py:115} INFO - [2023-11-04 21:08:51,990] {dagbag.py:508} INFO - Filling up the DagBag from /home/airflow/.local/lib/python3.7/site-packages/airflow/example_dags/example_branch_labels.py
[2023-11-04 21:08:51,997] {processor.py:651} INFO - DAG(s) dict_keys(['example_branch_labels']) retrieved from /home/airflow/.local/lib/python3.7/site-packages/airflow/example_dags/example_branch_labels.py
[2023-11-04 21:08:52,024] {logging_mixin.py:115} INFO - [2023-11-04 21:08:52,024] {dag.py:2420} INFO - Sync 1 DAGs
[2023-11-04 21:08:52,159] {logging_mixin.py:115} INFO - [2023-11-04 21:08:52,159] {dag.py:2972} INFO - Setting next_dagrun for example_branch_labels to 2023-11-03T00:00:00+00:00, run_after=2023-11-04T00:00:00+00:00
[2023-11-04 21:08:52,172] {processor.py:161} INFO - Processing /home/airflow/.local/lib/python3.7/site-packages/airflow/example_dags/example_branch_labels.py took 0.203 seconds
[2023-11-04 21:09:22,660] {processor.py:153} INFO - Started process (PID=437) to work on /home/airflow/.local/lib/python3.7/site-packages/airflow/example_dags/example_branch_labels.py
[2023-11-04 21:09:22,661] {processor.py:641} INFO - Processing file /home/airflow/.local/lib/python3.7/site-packages/airflow/example_dags/example_branch_labels.py for tasks to queue
[2023-11-04 21:09:22,662] {logging_mixin.py:115} INFO - [2023-11-04 21:09:22,662] {dagbag.py:508} INFO - Filling up the DagBag from /home/airflow/.local/lib/python3.7/site-packages/airflow/example_dags/example_branch_labels.py
[2023-11-04 21:09:22,669] {processor.py:651} INFO - DAG(s) dict_keys(['example_branch_labels']) retrieved from /home/airflow/.local/lib/python3.7/site-packages/airflow/example_dags/example_branch_labels.py
[2023-11-04 21:09:22,711] {logging_mixin.py:115} INFO - [2023-11-04 21:09:22,711] {dag.py:2420} INFO - Sync 1 DAGs
[2023-11-04 21:09:22,872] {logging_mixin.py:115} INFO - [2023-11-04 21:09:22,872] {dag.py:2972} INFO - Setting next_dagrun for example_branch_labels to 2023-11-03T00:00:00+00:00, run_after=2023-11-04T00:00:00+00:00
[2023-11-04 21:09:22,888] {processor.py:161} INFO - Processing /home/airflow/.local/lib/python3.7/site-packages/airflow/example_dags/example_branch_labels.py took 0.231 seconds
[2023-11-04 21:09:53,633] {processor.py:153} INFO - Started process (PID=500) to work on /home/airflow/.local/lib/python3.7/site-packages/airflow/example_dags/example_branch_labels.py
[2023-11-04 21:09:53,634] {processor.py:641} INFO - Processing file /home/airflow/.local/lib/python3.7/site-packages/airflow/example_dags/example_branch_labels.py for tasks to queue
[2023-11-04 21:09:53,635] {logging_mixin.py:115} INFO - [2023-11-04 21:09:53,635] {dagbag.py:508} INFO - Filling up the DagBag from /home/airflow/.local/lib/python3.7/site-packages/airflow/example_dags/example_branch_labels.py
[2023-11-04 21:09:53,644] {processor.py:651} INFO - DAG(s) dict_keys(['example_branch_labels']) retrieved from /home/airflow/.local/lib/python3.7/site-packages/airflow/example_dags/example_branch_labels.py
[2023-11-04 21:09:53,676] {logging_mixin.py:115} INFO - [2023-11-04 21:09:53,676] {dag.py:2420} INFO - Sync 1 DAGs
[2023-11-04 21:09:53,825] {logging_mixin.py:115} INFO - [2023-11-04 21:09:53,825] {dag.py:2972} INFO - Setting next_dagrun for example_branch_labels to 2023-11-03T00:00:00+00:00, run_after=2023-11-04T00:00:00+00:00
[2023-11-04 21:09:53,842] {processor.py:161} INFO - Processing /home/airflow/.local/lib/python3.7/site-packages/airflow/example_dags/example_branch_labels.py took 0.214 seconds
[2023-11-04 21:10:23,951] {processor.py:153} INFO - Started process (PID=553) to work on /home/airflow/.local/lib/python3.7/site-packages/airflow/example_dags/example_branch_labels.py
[2023-11-04 21:10:23,952] {processor.py:641} INFO - Processing file /home/airflow/.local/lib/python3.7/site-packages/airflow/example_dags/example_branch_labels.py for tasks to queue
[2023-11-04 21:10:23,953] {logging_mixin.py:115} INFO - [2023-11-04 21:10:23,953] {dagbag.py:508} INFO - Filling up the DagBag from /home/airflow/.local/lib/python3.7/site-packages/airflow/example_dags/example_branch_labels.py
[2023-11-04 21:10:23,962] {processor.py:651} INFO - DAG(s) dict_keys(['example_branch_labels']) retrieved from /home/airflow/.local/lib/python3.7/site-packages/airflow/example_dags/example_branch_labels.py
[2023-11-04 21:10:23,996] {logging_mixin.py:115} INFO - [2023-11-04 21:10:23,996] {dag.py:2420} INFO - Sync 1 DAGs
[2023-11-04 21:10:24,134] {logging_mixin.py:115} INFO - [2023-11-04 21:10:24,134] {dag.py:2972} INFO - Setting next_dagrun for example_branch_labels to 2023-11-03T00:00:00+00:00, run_after=2023-11-04T00:00:00+00:00
[2023-11-04 21:10:24,148] {processor.py:161} INFO - Processing /home/airflow/.local/lib/python3.7/site-packages/airflow/example_dags/example_branch_labels.py took 0.202 seconds
[2023-11-04 21:10:54,361] {processor.py:153} INFO - Started process (PID=615) to work on /home/airflow/.local/lib/python3.7/site-packages/airflow/example_dags/example_branch_labels.py
[2023-11-04 21:10:54,362] {processor.py:641} INFO - Processing file /home/airflow/.local/lib/python3.7/site-packages/airflow/example_dags/example_branch_labels.py for tasks to queue
[2023-11-04 21:10:54,363] {logging_mixin.py:115} INFO - [2023-11-04 21:10:54,363] {dagbag.py:508} INFO - Filling up the DagBag from /home/airflow/.local/lib/python3.7/site-packages/airflow/example_dags/example_branch_labels.py
[2023-11-04 21:10:54,371] {processor.py:651} INFO - DAG(s) dict_keys(['example_branch_labels']) retrieved from /home/airflow/.local/lib/python3.7/site-packages/airflow/example_dags/example_branch_labels.py
[2023-11-04 21:10:54,399] {logging_mixin.py:115} INFO - [2023-11-04 21:10:54,399] {dag.py:2420} INFO - Sync 1 DAGs
[2023-11-04 21:10:54,538] {logging_mixin.py:115} INFO - [2023-11-04 21:10:54,537] {dag.py:2972} INFO - Setting next_dagrun for example_branch_labels to 2023-11-03T00:00:00+00:00, run_after=2023-11-04T00:00:00+00:00
[2023-11-04 21:10:54,551] {processor.py:161} INFO - Processing /home/airflow/.local/lib/python3.7/site-packages/airflow/example_dags/example_branch_labels.py took 0.194 seconds
[2023-11-04 21:11:25,087] {processor.py:153} INFO - Started process (PID=677) to work on /home/airflow/.local/lib/python3.7/site-packages/airflow/example_dags/example_branch_labels.py
[2023-11-04 21:11:25,088] {processor.py:641} INFO - Processing file /home/airflow/.local/lib/python3.7/site-packages/airflow/example_dags/example_branch_labels.py for tasks to queue
[2023-11-04 21:11:25,088] {logging_mixin.py:115} INFO - [2023-11-04 21:11:25,088] {dagbag.py:508} INFO - Filling up the DagBag from /home/airflow/.local/lib/python3.7/site-packages/airflow/example_dags/example_branch_labels.py
[2023-11-04 21:11:25,096] {processor.py:651} INFO - DAG(s) dict_keys(['example_branch_labels']) retrieved from /home/airflow/.local/lib/python3.7/site-packages/airflow/example_dags/example_branch_labels.py
[2023-11-04 21:11:25,125] {logging_mixin.py:115} INFO - [2023-11-04 21:11:25,125] {dag.py:2420} INFO - Sync 1 DAGs
[2023-11-04 21:11:25,256] {logging_mixin.py:115} INFO - [2023-11-04 21:11:25,256] {dag.py:2972} INFO - Setting next_dagrun for example_branch_labels to 2023-11-03T00:00:00+00:00, run_after=2023-11-04T00:00:00+00:00
[2023-11-04 21:11:25,270] {processor.py:161} INFO - Processing /home/airflow/.local/lib/python3.7/site-packages/airflow/example_dags/example_branch_labels.py took 0.187 seconds
[2023-11-04 21:11:55,910] {processor.py:153} INFO - Started process (PID=730) to work on /home/airflow/.local/lib/python3.7/site-packages/airflow/example_dags/example_branch_labels.py
[2023-11-04 21:11:55,911] {processor.py:641} INFO - Processing file /home/airflow/.local/lib/python3.7/site-packages/airflow/example_dags/example_branch_labels.py for tasks to queue
[2023-11-04 21:11:55,912] {logging_mixin.py:115} INFO - [2023-11-04 21:11:55,912] {dagbag.py:508} INFO - Filling up the DagBag from /home/airflow/.local/lib/python3.7/site-packages/airflow/example_dags/example_branch_labels.py
[2023-11-04 21:11:55,924] {processor.py:651} INFO - DAG(s) dict_keys(['example_branch_labels']) retrieved from /home/airflow/.local/lib/python3.7/site-packages/airflow/example_dags/example_branch_labels.py
[2023-11-04 21:11:55,969] {logging_mixin.py:115} INFO - [2023-11-04 21:11:55,969] {dag.py:2420} INFO - Sync 1 DAGs
[2023-11-04 21:11:56,166] {logging_mixin.py:115} INFO - [2023-11-04 21:11:56,166] {dag.py:2972} INFO - Setting next_dagrun for example_branch_labels to 2023-11-03T00:00:00+00:00, run_after=2023-11-04T00:00:00+00:00
[2023-11-04 21:11:56,184] {processor.py:161} INFO - Processing /home/airflow/.local/lib/python3.7/site-packages/airflow/example_dags/example_branch_labels.py took 0.279 seconds
[2023-11-04 21:12:27,195] {processor.py:153} INFO - Started process (PID=792) to work on /home/airflow/.local/lib/python3.7/site-packages/airflow/example_dags/example_branch_labels.py
[2023-11-04 21:12:27,197] {processor.py:641} INFO - Processing file /home/airflow/.local/lib/python3.7/site-packages/airflow/example_dags/example_branch_labels.py for tasks to queue
[2023-11-04 21:12:27,198] {logging_mixin.py:115} INFO - [2023-11-04 21:12:27,198] {dagbag.py:508} INFO - Filling up the DagBag from /home/airflow/.local/lib/python3.7/site-packages/airflow/example_dags/example_branch_labels.py
[2023-11-04 21:12:27,220] {processor.py:651} INFO - DAG(s) dict_keys(['example_branch_labels']) retrieved from /home/airflow/.local/lib/python3.7/site-packages/airflow/example_dags/example_branch_labels.py
[2023-11-04 21:12:27,307] {logging_mixin.py:115} INFO - [2023-11-04 21:12:27,306] {dag.py:2420} INFO - Sync 1 DAGs
[2023-11-04 21:12:27,727] {logging_mixin.py:115} INFO - [2023-11-04 21:12:27,726] {dag.py:2972} INFO - Setting next_dagrun for example_branch_labels to 2023-11-03T00:00:00+00:00, run_after=2023-11-04T00:00:00+00:00
[2023-11-04 21:12:27,753] {processor.py:161} INFO - Processing /home/airflow/.local/lib/python3.7/site-packages/airflow/example_dags/example_branch_labels.py took 0.565 seconds
[2023-11-04 21:13:00,999] {processor.py:153} INFO - Started process (PID=845) to work on /home/airflow/.local/lib/python3.7/site-packages/airflow/example_dags/example_branch_labels.py
[2023-11-04 21:13:01,001] {processor.py:641} INFO - Processing file /home/airflow/.local/lib/python3.7/site-packages/airflow/example_dags/example_branch_labels.py for tasks to queue
[2023-11-04 21:13:01,007] {logging_mixin.py:115} INFO - [2023-11-04 21:13:01,006] {dagbag.py:508} INFO - Filling up the DagBag from /home/airflow/.local/lib/python3.7/site-packages/airflow/example_dags/example_branch_labels.py
[2023-11-04 21:13:01,054] {processor.py:651} INFO - DAG(s) dict_keys(['example_branch_labels']) retrieved from /home/airflow/.local/lib/python3.7/site-packages/airflow/example_dags/example_branch_labels.py
[2023-11-04 21:13:01,268] {logging_mixin.py:115} INFO - [2023-11-04 21:13:01,268] {dag.py:2420} INFO - Sync 1 DAGs
[2023-11-04 21:13:02,060] {logging_mixin.py:115} INFO - [2023-11-04 21:13:02,060] {dag.py:2972} INFO - Setting next_dagrun for example_branch_labels to 2023-11-03T00:00:00+00:00, run_after=2023-11-04T00:00:00+00:00
[2023-11-04 21:13:02,146] {processor.py:161} INFO - Processing /home/airflow/.local/lib/python3.7/site-packages/airflow/example_dags/example_branch_labels.py took 1.179 seconds
[2023-11-04 21:15:30,930] {processor.py:153} INFO - Started process (PID=92) to work on /home/airflow/.local/lib/python3.7/site-packages/airflow/example_dags/example_branch_labels.py
[2023-11-04 21:15:30,935] {processor.py:641} INFO - Processing file /home/airflow/.local/lib/python3.7/site-packages/airflow/example_dags/example_branch_labels.py for tasks to queue
[2023-11-04 21:15:30,937] {logging_mixin.py:115} INFO - [2023-11-04 21:15:30,937] {dagbag.py:508} INFO - Filling up the DagBag from /home/airflow/.local/lib/python3.7/site-packages/airflow/example_dags/example_branch_labels.py
[2023-11-04 21:15:30,962] {processor.py:651} INFO - DAG(s) dict_keys(['example_branch_labels']) retrieved from /home/airflow/.local/lib/python3.7/site-packages/airflow/example_dags/example_branch_labels.py
[2023-11-04 21:15:31,070] {logging_mixin.py:115} INFO - [2023-11-04 21:15:31,070] {dag.py:2420} INFO - Sync 1 DAGs
[2023-11-04 21:15:31,542] {logging_mixin.py:115} INFO - [2023-11-04 21:15:31,542] {dag.py:2972} INFO - Setting next_dagrun for example_branch_labels to 2023-11-03T00:00:00+00:00, run_after=2023-11-04T00:00:00+00:00
[2023-11-04 21:15:31,590] {processor.py:161} INFO - Processing /home/airflow/.local/lib/python3.7/site-packages/airflow/example_dags/example_branch_labels.py took 0.670 seconds
[2023-11-04 21:16:02,395] {processor.py:153} INFO - Started process (PID=145) to work on /home/airflow/.local/lib/python3.7/site-packages/airflow/example_dags/example_branch_labels.py
[2023-11-04 21:16:02,397] {processor.py:641} INFO - Processing file /home/airflow/.local/lib/python3.7/site-packages/airflow/example_dags/example_branch_labels.py for tasks to queue
[2023-11-04 21:16:02,399] {logging_mixin.py:115} INFO - [2023-11-04 21:16:02,399] {dagbag.py:508} INFO - Filling up the DagBag from /home/airflow/.local/lib/python3.7/site-packages/airflow/example_dags/example_branch_labels.py
[2023-11-04 21:16:02,415] {processor.py:651} INFO - DAG(s) dict_keys(['example_branch_labels']) retrieved from /home/airflow/.local/lib/python3.7/site-packages/airflow/example_dags/example_branch_labels.py
[2023-11-04 21:16:02,482] {logging_mixin.py:115} INFO - [2023-11-04 21:16:02,482] {dag.py:2420} INFO - Sync 1 DAGs
[2023-11-04 21:16:02,753] {logging_mixin.py:115} INFO - [2023-11-04 21:16:02,753] {dag.py:2972} INFO - Setting next_dagrun for example_branch_labels to 2023-11-03T00:00:00+00:00, run_after=2023-11-04T00:00:00+00:00
[2023-11-04 21:16:02,773] {processor.py:161} INFO - Processing /home/airflow/.local/lib/python3.7/site-packages/airflow/example_dags/example_branch_labels.py took 0.383 seconds
[2023-11-04 21:16:33,239] {processor.py:153} INFO - Started process (PID=198) to work on /home/airflow/.local/lib/python3.7/site-packages/airflow/example_dags/example_branch_labels.py
[2023-11-04 21:16:33,241] {processor.py:641} INFO - Processing file /home/airflow/.local/lib/python3.7/site-packages/airflow/example_dags/example_branch_labels.py for tasks to queue
[2023-11-04 21:16:33,244] {logging_mixin.py:115} INFO - [2023-11-04 21:16:33,244] {dagbag.py:508} INFO - Filling up the DagBag from /home/airflow/.local/lib/python3.7/site-packages/airflow/example_dags/example_branch_labels.py
[2023-11-04 21:16:33,268] {processor.py:651} INFO - DAG(s) dict_keys(['example_branch_labels']) retrieved from /home/airflow/.local/lib/python3.7/site-packages/airflow/example_dags/example_branch_labels.py
[2023-11-04 21:16:33,361] {logging_mixin.py:115} INFO - [2023-11-04 21:16:33,361] {dag.py:2420} INFO - Sync 1 DAGs
[2023-11-04 21:16:33,621] {logging_mixin.py:115} INFO - [2023-11-04 21:16:33,621] {dag.py:2972} INFO - Setting next_dagrun for example_branch_labels to 2023-11-03T00:00:00+00:00, run_after=2023-11-04T00:00:00+00:00
[2023-11-04 21:16:33,657] {processor.py:161} INFO - Processing /home/airflow/.local/lib/python3.7/site-packages/airflow/example_dags/example_branch_labels.py took 0.427 seconds
[2023-11-04 21:17:03,725] {processor.py:153} INFO - Started process (PID=250) to work on /home/airflow/.local/lib/python3.7/site-packages/airflow/example_dags/example_branch_labels.py
[2023-11-04 21:17:03,727] {processor.py:641} INFO - Processing file /home/airflow/.local/lib/python3.7/site-packages/airflow/example_dags/example_branch_labels.py for tasks to queue
[2023-11-04 21:17:03,729] {logging_mixin.py:115} INFO - [2023-11-04 21:17:03,728] {dagbag.py:508} INFO - Filling up the DagBag from /home/airflow/.local/lib/python3.7/site-packages/airflow/example_dags/example_branch_labels.py
[2023-11-04 21:17:03,745] {processor.py:651} INFO - DAG(s) dict_keys(['example_branch_labels']) retrieved from /home/airflow/.local/lib/python3.7/site-packages/airflow/example_dags/example_branch_labels.py
[2023-11-04 21:17:03,801] {logging_mixin.py:115} INFO - [2023-11-04 21:17:03,801] {dag.py:2420} INFO - Sync 1 DAGs
[2023-11-04 21:17:04,064] {logging_mixin.py:115} INFO - [2023-11-04 21:17:04,063] {dag.py:2972} INFO - Setting next_dagrun for example_branch_labels to 2023-11-03T00:00:00+00:00, run_after=2023-11-04T00:00:00+00:00
[2023-11-04 21:17:04,087] {processor.py:161} INFO - Processing /home/airflow/.local/lib/python3.7/site-packages/airflow/example_dags/example_branch_labels.py took 0.370 seconds
[2023-11-04 21:17:34,241] {processor.py:153} INFO - Started process (PID=312) to work on /home/airflow/.local/lib/python3.7/site-packages/airflow/example_dags/example_branch_labels.py
[2023-11-04 21:17:34,243] {processor.py:641} INFO - Processing file /home/airflow/.local/lib/python3.7/site-packages/airflow/example_dags/example_branch_labels.py for tasks to queue
[2023-11-04 21:17:34,245] {logging_mixin.py:115} INFO - [2023-11-04 21:17:34,244] {dagbag.py:508} INFO - Filling up the DagBag from /home/airflow/.local/lib/python3.7/site-packages/airflow/example_dags/example_branch_labels.py
[2023-11-04 21:17:34,260] {processor.py:651} INFO - DAG(s) dict_keys(['example_branch_labels']) retrieved from /home/airflow/.local/lib/python3.7/site-packages/airflow/example_dags/example_branch_labels.py
[2023-11-04 21:17:34,332] {logging_mixin.py:115} INFO - [2023-11-04 21:17:34,332] {dag.py:2420} INFO - Sync 1 DAGs
[2023-11-04 21:17:34,614] {logging_mixin.py:115} INFO - [2023-11-04 21:17:34,614] {dag.py:2972} INFO - Setting next_dagrun for example_branch_labels to 2023-11-03T00:00:00+00:00, run_after=2023-11-04T00:00:00+00:00
[2023-11-04 21:17:34,641] {processor.py:161} INFO - Processing /home/airflow/.local/lib/python3.7/site-packages/airflow/example_dags/example_branch_labels.py took 0.408 seconds
[2023-11-04 21:18:05,272] {processor.py:153} INFO - Started process (PID=366) to work on /home/airflow/.local/lib/python3.7/site-packages/airflow/example_dags/example_branch_labels.py
[2023-11-04 21:18:05,274] {processor.py:641} INFO - Processing file /home/airflow/.local/lib/python3.7/site-packages/airflow/example_dags/example_branch_labels.py for tasks to queue
[2023-11-04 21:18:05,275] {logging_mixin.py:115} INFO - [2023-11-04 21:18:05,275] {dagbag.py:508} INFO - Filling up the DagBag from /home/airflow/.local/lib/python3.7/site-packages/airflow/example_dags/example_branch_labels.py
[2023-11-04 21:18:05,289] {processor.py:651} INFO - DAG(s) dict_keys(['example_branch_labels']) retrieved from /home/airflow/.local/lib/python3.7/site-packages/airflow/example_dags/example_branch_labels.py
[2023-11-04 21:18:05,350] {logging_mixin.py:115} INFO - [2023-11-04 21:18:05,350] {dag.py:2420} INFO - Sync 1 DAGs
[2023-11-04 21:18:05,572] {logging_mixin.py:115} INFO - [2023-11-04 21:18:05,572] {dag.py:2972} INFO - Setting next_dagrun for example_branch_labels to 2023-11-03T00:00:00+00:00, run_after=2023-11-04T00:00:00+00:00
[2023-11-04 21:18:05,593] {processor.py:161} INFO - Processing /home/airflow/.local/lib/python3.7/site-packages/airflow/example_dags/example_branch_labels.py took 0.328 seconds
[2023-11-04 21:18:36,049] {processor.py:153} INFO - Started process (PID=419) to work on /home/airflow/.local/lib/python3.7/site-packages/airflow/example_dags/example_branch_labels.py
[2023-11-04 21:18:36,051] {processor.py:641} INFO - Processing file /home/airflow/.local/lib/python3.7/site-packages/airflow/example_dags/example_branch_labels.py for tasks to queue
[2023-11-04 21:18:36,053] {logging_mixin.py:115} INFO - [2023-11-04 21:18:36,053] {dagbag.py:508} INFO - Filling up the DagBag from /home/airflow/.local/lib/python3.7/site-packages/airflow/example_dags/example_branch_labels.py
[2023-11-04 21:18:36,072] {processor.py:651} INFO - DAG(s) dict_keys(['example_branch_labels']) retrieved from /home/airflow/.local/lib/python3.7/site-packages/airflow/example_dags/example_branch_labels.py
[2023-11-04 21:18:36,150] {logging_mixin.py:115} INFO - [2023-11-04 21:18:36,150] {dag.py:2420} INFO - Sync 1 DAGs
[2023-11-04 21:18:36,503] {logging_mixin.py:115} INFO - [2023-11-04 21:18:36,502] {dag.py:2972} INFO - Setting next_dagrun for example_branch_labels to 2023-11-03T00:00:00+00:00, run_after=2023-11-04T00:00:00+00:00
[2023-11-04 21:18:36,562] {processor.py:161} INFO - Processing /home/airflow/.local/lib/python3.7/site-packages/airflow/example_dags/example_branch_labels.py took 0.522 seconds
[2023-11-04 21:19:06,637] {processor.py:153} INFO - Started process (PID=487) to work on /home/airflow/.local/lib/python3.7/site-packages/airflow/example_dags/example_branch_labels.py
[2023-11-04 21:19:06,639] {processor.py:641} INFO - Processing file /home/airflow/.local/lib/python3.7/site-packages/airflow/example_dags/example_branch_labels.py for tasks to queue
[2023-11-04 21:19:06,640] {logging_mixin.py:115} INFO - [2023-11-04 21:19:06,640] {dagbag.py:508} INFO - Filling up the DagBag from /home/airflow/.local/lib/python3.7/site-packages/airflow/example_dags/example_branch_labels.py
[2023-11-04 21:19:06,650] {processor.py:651} INFO - DAG(s) dict_keys(['example_branch_labels']) retrieved from /home/airflow/.local/lib/python3.7/site-packages/airflow/example_dags/example_branch_labels.py
[2023-11-04 21:19:06,687] {logging_mixin.py:115} INFO - [2023-11-04 21:19:06,687] {dag.py:2420} INFO - Sync 1 DAGs
[2023-11-04 21:19:06,888] {logging_mixin.py:115} INFO - [2023-11-04 21:19:06,888] {dag.py:2972} INFO - Setting next_dagrun for example_branch_labels to 2023-11-03T00:00:00+00:00, run_after=2023-11-04T00:00:00+00:00
[2023-11-04 21:19:06,913] {processor.py:161} INFO - Processing /home/airflow/.local/lib/python3.7/site-packages/airflow/example_dags/example_branch_labels.py took 0.280 seconds
[2023-11-04 21:19:36,985] {processor.py:153} INFO - Started process (PID=550) to work on /home/airflow/.local/lib/python3.7/site-packages/airflow/example_dags/example_branch_labels.py
[2023-11-04 21:19:36,986] {processor.py:641} INFO - Processing file /home/airflow/.local/lib/python3.7/site-packages/airflow/example_dags/example_branch_labels.py for tasks to queue
[2023-11-04 21:19:36,987] {logging_mixin.py:115} INFO - [2023-11-04 21:19:36,987] {dagbag.py:508} INFO - Filling up the DagBag from /home/airflow/.local/lib/python3.7/site-packages/airflow/example_dags/example_branch_labels.py
[2023-11-04 21:19:36,995] {processor.py:651} INFO - DAG(s) dict_keys(['example_branch_labels']) retrieved from /home/airflow/.local/lib/python3.7/site-packages/airflow/example_dags/example_branch_labels.py
[2023-11-04 21:19:37,024] {logging_mixin.py:115} INFO - [2023-11-04 21:19:37,023] {dag.py:2420} INFO - Sync 1 DAGs
[2023-11-04 21:19:37,167] {logging_mixin.py:115} INFO - [2023-11-04 21:19:37,167] {dag.py:2972} INFO - Setting next_dagrun for example_branch_labels to 2023-11-03T00:00:00+00:00, run_after=2023-11-04T00:00:00+00:00
[2023-11-04 21:19:37,180] {processor.py:161} INFO - Processing /home/airflow/.local/lib/python3.7/site-packages/airflow/example_dags/example_branch_labels.py took 0.199 seconds
[2023-11-04 21:20:07,581] {processor.py:153} INFO - Started process (PID=610) to work on /home/airflow/.local/lib/python3.7/site-packages/airflow/example_dags/example_branch_labels.py
[2023-11-04 21:20:07,583] {processor.py:641} INFO - Processing file /home/airflow/.local/lib/python3.7/site-packages/airflow/example_dags/example_branch_labels.py for tasks to queue
[2023-11-04 21:20:07,584] {logging_mixin.py:115} INFO - [2023-11-04 21:20:07,584] {dagbag.py:508} INFO - Filling up the DagBag from /home/airflow/.local/lib/python3.7/site-packages/airflow/example_dags/example_branch_labels.py
[2023-11-04 21:20:07,593] {processor.py:651} INFO - DAG(s) dict_keys(['example_branch_labels']) retrieved from /home/airflow/.local/lib/python3.7/site-packages/airflow/example_dags/example_branch_labels.py
[2023-11-04 21:20:07,631] {logging_mixin.py:115} INFO - [2023-11-04 21:20:07,631] {dag.py:2420} INFO - Sync 1 DAGs
[2023-11-04 21:20:07,814] {logging_mixin.py:115} INFO - [2023-11-04 21:20:07,814] {dag.py:2972} INFO - Setting next_dagrun for example_branch_labels to 2023-11-03T00:00:00+00:00, run_after=2023-11-04T00:00:00+00:00
[2023-11-04 21:20:07,830] {processor.py:161} INFO - Processing /home/airflow/.local/lib/python3.7/site-packages/airflow/example_dags/example_branch_labels.py took 0.253 seconds
[2023-11-04 21:20:38,368] {processor.py:153} INFO - Started process (PID=664) to work on /home/airflow/.local/lib/python3.7/site-packages/airflow/example_dags/example_branch_labels.py
[2023-11-04 21:20:38,370] {processor.py:641} INFO - Processing file /home/airflow/.local/lib/python3.7/site-packages/airflow/example_dags/example_branch_labels.py for tasks to queue
[2023-11-04 21:20:38,374] {logging_mixin.py:115} INFO - [2023-11-04 21:20:38,374] {dagbag.py:508} INFO - Filling up the DagBag from /home/airflow/.local/lib/python3.7/site-packages/airflow/example_dags/example_branch_labels.py
[2023-11-04 21:20:38,385] {processor.py:651} INFO - DAG(s) dict_keys(['example_branch_labels']) retrieved from /home/airflow/.local/lib/python3.7/site-packages/airflow/example_dags/example_branch_labels.py
[2023-11-04 21:20:38,435] {logging_mixin.py:115} INFO - [2023-11-04 21:20:38,435] {dag.py:2420} INFO - Sync 1 DAGs
[2023-11-04 21:20:38,639] {logging_mixin.py:115} INFO - [2023-11-04 21:20:38,639] {dag.py:2972} INFO - Setting next_dagrun for example_branch_labels to 2023-11-03T00:00:00+00:00, run_after=2023-11-04T00:00:00+00:00
[2023-11-04 21:20:38,654] {processor.py:161} INFO - Processing /home/airflow/.local/lib/python3.7/site-packages/airflow/example_dags/example_branch_labels.py took 0.291 seconds
[2023-11-04 21:21:09,251] {processor.py:153} INFO - Started process (PID=727) to work on /home/airflow/.local/lib/python3.7/site-packages/airflow/example_dags/example_branch_labels.py
[2023-11-04 21:21:09,251] {processor.py:641} INFO - Processing file /home/airflow/.local/lib/python3.7/site-packages/airflow/example_dags/example_branch_labels.py for tasks to queue
[2023-11-04 21:21:09,252] {logging_mixin.py:115} INFO - [2023-11-04 21:21:09,252] {dagbag.py:508} INFO - Filling up the DagBag from /home/airflow/.local/lib/python3.7/site-packages/airflow/example_dags/example_branch_labels.py
[2023-11-04 21:21:09,265] {processor.py:651} INFO - DAG(s) dict_keys(['example_branch_labels']) retrieved from /home/airflow/.local/lib/python3.7/site-packages/airflow/example_dags/example_branch_labels.py
[2023-11-04 21:21:09,308] {logging_mixin.py:115} INFO - [2023-11-04 21:21:09,308] {dag.py:2420} INFO - Sync 1 DAGs
[2023-11-04 21:21:09,485] {logging_mixin.py:115} INFO - [2023-11-04 21:21:09,485] {dag.py:2972} INFO - Setting next_dagrun for example_branch_labels to 2023-11-03T00:00:00+00:00, run_after=2023-11-04T00:00:00+00:00
[2023-11-04 21:21:09,516] {processor.py:161} INFO - Processing /home/airflow/.local/lib/python3.7/site-packages/airflow/example_dags/example_branch_labels.py took 0.271 seconds
[2023-11-04 21:21:40,276] {processor.py:153} INFO - Started process (PID=781) to work on /home/airflow/.local/lib/python3.7/site-packages/airflow/example_dags/example_branch_labels.py
[2023-11-04 21:21:40,277] {processor.py:641} INFO - Processing file /home/airflow/.local/lib/python3.7/site-packages/airflow/example_dags/example_branch_labels.py for tasks to queue
[2023-11-04 21:21:40,278] {logging_mixin.py:115} INFO - [2023-11-04 21:21:40,278] {dagbag.py:508} INFO - Filling up the DagBag from /home/airflow/.local/lib/python3.7/site-packages/airflow/example_dags/example_branch_labels.py
[2023-11-04 21:21:40,288] {processor.py:651} INFO - DAG(s) dict_keys(['example_branch_labels']) retrieved from /home/airflow/.local/lib/python3.7/site-packages/airflow/example_dags/example_branch_labels.py
[2023-11-04 21:21:40,330] {logging_mixin.py:115} INFO - [2023-11-04 21:21:40,330] {dag.py:2420} INFO - Sync 1 DAGs
[2023-11-04 21:21:40,489] {logging_mixin.py:115} INFO - [2023-11-04 21:21:40,489] {dag.py:2972} INFO - Setting next_dagrun for example_branch_labels to 2023-11-03T00:00:00+00:00, run_after=2023-11-04T00:00:00+00:00
[2023-11-04 21:21:40,503] {processor.py:161} INFO - Processing /home/airflow/.local/lib/python3.7/site-packages/airflow/example_dags/example_branch_labels.py took 0.232 seconds
[2023-11-04 21:22:11,049] {processor.py:153} INFO - Started process (PID=843) to work on /home/airflow/.local/lib/python3.7/site-packages/airflow/example_dags/example_branch_labels.py
[2023-11-04 21:22:11,051] {processor.py:641} INFO - Processing file /home/airflow/.local/lib/python3.7/site-packages/airflow/example_dags/example_branch_labels.py for tasks to queue
[2023-11-04 21:22:11,053] {logging_mixin.py:115} INFO - [2023-11-04 21:22:11,053] {dagbag.py:508} INFO - Filling up the DagBag from /home/airflow/.local/lib/python3.7/site-packages/airflow/example_dags/example_branch_labels.py
[2023-11-04 21:22:11,070] {processor.py:651} INFO - DAG(s) dict_keys(['example_branch_labels']) retrieved from /home/airflow/.local/lib/python3.7/site-packages/airflow/example_dags/example_branch_labels.py
[2023-11-04 21:22:11,122] {logging_mixin.py:115} INFO - [2023-11-04 21:22:11,122] {dag.py:2420} INFO - Sync 1 DAGs
[2023-11-04 21:22:11,294] {logging_mixin.py:115} INFO - [2023-11-04 21:22:11,294] {dag.py:2972} INFO - Setting next_dagrun for example_branch_labels to 2023-11-03T00:00:00+00:00, run_after=2023-11-04T00:00:00+00:00
[2023-11-04 21:22:11,305] {processor.py:161} INFO - Processing /home/airflow/.local/lib/python3.7/site-packages/airflow/example_dags/example_branch_labels.py took 0.262 seconds
[2023-11-04 21:22:41,526] {processor.py:153} INFO - Started process (PID=905) to work on /home/airflow/.local/lib/python3.7/site-packages/airflow/example_dags/example_branch_labels.py
[2023-11-04 21:22:41,527] {processor.py:641} INFO - Processing file /home/airflow/.local/lib/python3.7/site-packages/airflow/example_dags/example_branch_labels.py for tasks to queue
[2023-11-04 21:22:41,529] {logging_mixin.py:115} INFO - [2023-11-04 21:22:41,529] {dagbag.py:508} INFO - Filling up the DagBag from /home/airflow/.local/lib/python3.7/site-packages/airflow/example_dags/example_branch_labels.py
[2023-11-04 21:22:41,541] {processor.py:651} INFO - DAG(s) dict_keys(['example_branch_labels']) retrieved from /home/airflow/.local/lib/python3.7/site-packages/airflow/example_dags/example_branch_labels.py
[2023-11-04 21:22:41,582] {logging_mixin.py:115} INFO - [2023-11-04 21:22:41,582] {dag.py:2420} INFO - Sync 1 DAGs
[2023-11-04 21:22:41,750] {logging_mixin.py:115} INFO - [2023-11-04 21:22:41,750] {dag.py:2972} INFO - Setting next_dagrun for example_branch_labels to 2023-11-03T00:00:00+00:00, run_after=2023-11-04T00:00:00+00:00
[2023-11-04 21:22:41,762] {processor.py:161} INFO - Processing /home/airflow/.local/lib/python3.7/site-packages/airflow/example_dags/example_branch_labels.py took 0.242 seconds
[2023-11-04 21:23:12,521] {processor.py:153} INFO - Started process (PID=958) to work on /home/airflow/.local/lib/python3.7/site-packages/airflow/example_dags/example_branch_labels.py
[2023-11-04 21:23:12,522] {processor.py:641} INFO - Processing file /home/airflow/.local/lib/python3.7/site-packages/airflow/example_dags/example_branch_labels.py for tasks to queue
[2023-11-04 21:23:12,523] {logging_mixin.py:115} INFO - [2023-11-04 21:23:12,523] {dagbag.py:508} INFO - Filling up the DagBag from /home/airflow/.local/lib/python3.7/site-packages/airflow/example_dags/example_branch_labels.py
[2023-11-04 21:23:12,533] {processor.py:651} INFO - DAG(s) dict_keys(['example_branch_labels']) retrieved from /home/airflow/.local/lib/python3.7/site-packages/airflow/example_dags/example_branch_labels.py
[2023-11-04 21:23:12,571] {logging_mixin.py:115} INFO - [2023-11-04 21:23:12,571] {dag.py:2420} INFO - Sync 1 DAGs
[2023-11-04 21:23:12,716] {logging_mixin.py:115} INFO - [2023-11-04 21:23:12,716] {dag.py:2972} INFO - Setting next_dagrun for example_branch_labels to 2023-11-03T00:00:00+00:00, run_after=2023-11-04T00:00:00+00:00
[2023-11-04 21:23:12,728] {processor.py:161} INFO - Processing /home/airflow/.local/lib/python3.7/site-packages/airflow/example_dags/example_branch_labels.py took 0.213 seconds
[2023-11-04 21:23:43,002] {processor.py:153} INFO - Started process (PID=1020) to work on /home/airflow/.local/lib/python3.7/site-packages/airflow/example_dags/example_branch_labels.py
[2023-11-04 21:23:43,004] {processor.py:641} INFO - Processing file /home/airflow/.local/lib/python3.7/site-packages/airflow/example_dags/example_branch_labels.py for tasks to queue
[2023-11-04 21:23:43,005] {logging_mixin.py:115} INFO - [2023-11-04 21:23:43,005] {dagbag.py:508} INFO - Filling up the DagBag from /home/airflow/.local/lib/python3.7/site-packages/airflow/example_dags/example_branch_labels.py
[2023-11-04 21:23:43,012] {processor.py:651} INFO - DAG(s) dict_keys(['example_branch_labels']) retrieved from /home/airflow/.local/lib/python3.7/site-packages/airflow/example_dags/example_branch_labels.py
[2023-11-04 21:23:43,041] {logging_mixin.py:115} INFO - [2023-11-04 21:23:43,041] {dag.py:2420} INFO - Sync 1 DAGs
[2023-11-04 21:23:43,167] {logging_mixin.py:115} INFO - [2023-11-04 21:23:43,167] {dag.py:2972} INFO - Setting next_dagrun for example_branch_labels to 2023-11-03T00:00:00+00:00, run_after=2023-11-04T00:00:00+00:00
[2023-11-04 21:23:43,179] {processor.py:161} INFO - Processing /home/airflow/.local/lib/python3.7/site-packages/airflow/example_dags/example_branch_labels.py took 0.180 seconds
[2023-11-04 21:24:13,529] {processor.py:153} INFO - Started process (PID=1082) to work on /home/airflow/.local/lib/python3.7/site-packages/airflow/example_dags/example_branch_labels.py
[2023-11-04 21:24:13,530] {processor.py:641} INFO - Processing file /home/airflow/.local/lib/python3.7/site-packages/airflow/example_dags/example_branch_labels.py for tasks to queue
[2023-11-04 21:24:13,532] {logging_mixin.py:115} INFO - [2023-11-04 21:24:13,532] {dagbag.py:508} INFO - Filling up the DagBag from /home/airflow/.local/lib/python3.7/site-packages/airflow/example_dags/example_branch_labels.py
[2023-11-04 21:24:13,543] {processor.py:651} INFO - DAG(s) dict_keys(['example_branch_labels']) retrieved from /home/airflow/.local/lib/python3.7/site-packages/airflow/example_dags/example_branch_labels.py
[2023-11-04 21:24:13,593] {logging_mixin.py:115} INFO - [2023-11-04 21:24:13,593] {dag.py:2420} INFO - Sync 1 DAGs
[2023-11-04 21:24:13,742] {logging_mixin.py:115} INFO - [2023-11-04 21:24:13,742] {dag.py:2972} INFO - Setting next_dagrun for example_branch_labels to 2023-11-03T00:00:00+00:00, run_after=2023-11-04T00:00:00+00:00
[2023-11-04 21:24:13,755] {processor.py:161} INFO - Processing /home/airflow/.local/lib/python3.7/site-packages/airflow/example_dags/example_branch_labels.py took 0.233 seconds
[2023-11-04 21:24:44,000] {processor.py:153} INFO - Started process (PID=1135) to work on /home/airflow/.local/lib/python3.7/site-packages/airflow/example_dags/example_branch_labels.py
[2023-11-04 21:24:44,001] {processor.py:641} INFO - Processing file /home/airflow/.local/lib/python3.7/site-packages/airflow/example_dags/example_branch_labels.py for tasks to queue
[2023-11-04 21:24:44,002] {logging_mixin.py:115} INFO - [2023-11-04 21:24:44,002] {dagbag.py:508} INFO - Filling up the DagBag from /home/airflow/.local/lib/python3.7/site-packages/airflow/example_dags/example_branch_labels.py
[2023-11-04 21:24:44,009] {processor.py:651} INFO - DAG(s) dict_keys(['example_branch_labels']) retrieved from /home/airflow/.local/lib/python3.7/site-packages/airflow/example_dags/example_branch_labels.py
[2023-11-04 21:24:44,038] {logging_mixin.py:115} INFO - [2023-11-04 21:24:44,038] {dag.py:2420} INFO - Sync 1 DAGs
[2023-11-04 21:24:44,163] {logging_mixin.py:115} INFO - [2023-11-04 21:24:44,163] {dag.py:2972} INFO - Setting next_dagrun for example_branch_labels to 2023-11-03T00:00:00+00:00, run_after=2023-11-04T00:00:00+00:00
[2023-11-04 21:24:44,175] {processor.py:161} INFO - Processing /home/airflow/.local/lib/python3.7/site-packages/airflow/example_dags/example_branch_labels.py took 0.179 seconds
[2023-11-04 21:25:14,464] {processor.py:153} INFO - Started process (PID=1197) to work on /home/airflow/.local/lib/python3.7/site-packages/airflow/example_dags/example_branch_labels.py
[2023-11-04 21:25:14,464] {processor.py:641} INFO - Processing file /home/airflow/.local/lib/python3.7/site-packages/airflow/example_dags/example_branch_labels.py for tasks to queue
[2023-11-04 21:25:14,465] {logging_mixin.py:115} INFO - [2023-11-04 21:25:14,465] {dagbag.py:508} INFO - Filling up the DagBag from /home/airflow/.local/lib/python3.7/site-packages/airflow/example_dags/example_branch_labels.py
[2023-11-04 21:25:14,473] {processor.py:651} INFO - DAG(s) dict_keys(['example_branch_labels']) retrieved from /home/airflow/.local/lib/python3.7/site-packages/airflow/example_dags/example_branch_labels.py
[2023-11-04 21:25:14,503] {logging_mixin.py:115} INFO - [2023-11-04 21:25:14,503] {dag.py:2420} INFO - Sync 1 DAGs
[2023-11-04 21:25:14,639] {logging_mixin.py:115} INFO - [2023-11-04 21:25:14,639] {dag.py:2972} INFO - Setting next_dagrun for example_branch_labels to 2023-11-03T00:00:00+00:00, run_after=2023-11-04T00:00:00+00:00
[2023-11-04 21:25:14,654] {processor.py:161} INFO - Processing /home/airflow/.local/lib/python3.7/site-packages/airflow/example_dags/example_branch_labels.py took 0.195 seconds
[2023-11-04 21:25:45,023] {processor.py:153} INFO - Started process (PID=1259) to work on /home/airflow/.local/lib/python3.7/site-packages/airflow/example_dags/example_branch_labels.py
[2023-11-04 21:25:45,024] {processor.py:641} INFO - Processing file /home/airflow/.local/lib/python3.7/site-packages/airflow/example_dags/example_branch_labels.py for tasks to queue
[2023-11-04 21:25:45,026] {logging_mixin.py:115} INFO - [2023-11-04 21:25:45,025] {dagbag.py:508} INFO - Filling up the DagBag from /home/airflow/.local/lib/python3.7/site-packages/airflow/example_dags/example_branch_labels.py
[2023-11-04 21:25:45,037] {processor.py:651} INFO - DAG(s) dict_keys(['example_branch_labels']) retrieved from /home/airflow/.local/lib/python3.7/site-packages/airflow/example_dags/example_branch_labels.py
[2023-11-04 21:25:45,076] {logging_mixin.py:115} INFO - [2023-11-04 21:25:45,076] {dag.py:2420} INFO - Sync 1 DAGs
[2023-11-04 21:25:45,203] {logging_mixin.py:115} INFO - [2023-11-04 21:25:45,203] {dag.py:2972} INFO - Setting next_dagrun for example_branch_labels to 2023-11-03T00:00:00+00:00, run_after=2023-11-04T00:00:00+00:00
[2023-11-04 21:25:45,214] {processor.py:161} INFO - Processing /home/airflow/.local/lib/python3.7/site-packages/airflow/example_dags/example_branch_labels.py took 0.197 seconds
[2023-11-04 21:26:15,816] {processor.py:153} INFO - Started process (PID=1312) to work on /home/airflow/.local/lib/python3.7/site-packages/airflow/example_dags/example_branch_labels.py
[2023-11-04 21:26:15,817] {processor.py:641} INFO - Processing file /home/airflow/.local/lib/python3.7/site-packages/airflow/example_dags/example_branch_labels.py for tasks to queue
[2023-11-04 21:26:15,818] {logging_mixin.py:115} INFO - [2023-11-04 21:26:15,818] {dagbag.py:508} INFO - Filling up the DagBag from /home/airflow/.local/lib/python3.7/site-packages/airflow/example_dags/example_branch_labels.py
[2023-11-04 21:26:15,828] {processor.py:651} INFO - DAG(s) dict_keys(['example_branch_labels']) retrieved from /home/airflow/.local/lib/python3.7/site-packages/airflow/example_dags/example_branch_labels.py
[2023-11-04 21:26:15,864] {logging_mixin.py:115} INFO - [2023-11-04 21:26:15,864] {dag.py:2420} INFO - Sync 1 DAGs
[2023-11-04 21:26:15,999] {logging_mixin.py:115} INFO - [2023-11-04 21:26:15,999] {dag.py:2972} INFO - Setting next_dagrun for example_branch_labels to 2023-11-03T00:00:00+00:00, run_after=2023-11-04T00:00:00+00:00
[2023-11-04 21:26:16,009] {processor.py:161} INFO - Processing /home/airflow/.local/lib/python3.7/site-packages/airflow/example_dags/example_branch_labels.py took 0.198 seconds
[2023-11-04 21:26:46,608] {processor.py:153} INFO - Started process (PID=1374) to work on /home/airflow/.local/lib/python3.7/site-packages/airflow/example_dags/example_branch_labels.py
[2023-11-04 21:26:46,609] {processor.py:641} INFO - Processing file /home/airflow/.local/lib/python3.7/site-packages/airflow/example_dags/example_branch_labels.py for tasks to queue
[2023-11-04 21:26:46,610] {logging_mixin.py:115} INFO - [2023-11-04 21:26:46,610] {dagbag.py:508} INFO - Filling up the DagBag from /home/airflow/.local/lib/python3.7/site-packages/airflow/example_dags/example_branch_labels.py
[2023-11-04 21:26:46,619] {processor.py:651} INFO - DAG(s) dict_keys(['example_branch_labels']) retrieved from /home/airflow/.local/lib/python3.7/site-packages/airflow/example_dags/example_branch_labels.py
[2023-11-04 21:26:46,650] {logging_mixin.py:115} INFO - [2023-11-04 21:26:46,650] {dag.py:2420} INFO - Sync 1 DAGs
[2023-11-04 21:26:46,795] {logging_mixin.py:115} INFO - [2023-11-04 21:26:46,794] {dag.py:2972} INFO - Setting next_dagrun for example_branch_labels to 2023-11-03T00:00:00+00:00, run_after=2023-11-04T00:00:00+00:00
[2023-11-04 21:26:46,808] {processor.py:161} INFO - Processing /home/airflow/.local/lib/python3.7/site-packages/airflow/example_dags/example_branch_labels.py took 0.204 seconds
[2023-11-04 21:27:17,089] {processor.py:153} INFO - Started process (PID=1436) to work on /home/airflow/.local/lib/python3.7/site-packages/airflow/example_dags/example_branch_labels.py
[2023-11-04 21:27:17,090] {processor.py:641} INFO - Processing file /home/airflow/.local/lib/python3.7/site-packages/airflow/example_dags/example_branch_labels.py for tasks to queue
[2023-11-04 21:27:17,091] {logging_mixin.py:115} INFO - [2023-11-04 21:27:17,091] {dagbag.py:508} INFO - Filling up the DagBag from /home/airflow/.local/lib/python3.7/site-packages/airflow/example_dags/example_branch_labels.py
[2023-11-04 21:27:17,100] {processor.py:651} INFO - DAG(s) dict_keys(['example_branch_labels']) retrieved from /home/airflow/.local/lib/python3.7/site-packages/airflow/example_dags/example_branch_labels.py
[2023-11-04 21:27:17,129] {logging_mixin.py:115} INFO - [2023-11-04 21:27:17,129] {dag.py:2420} INFO - Sync 1 DAGs
[2023-11-04 21:27:17,283] {logging_mixin.py:115} INFO - [2023-11-04 21:27:17,283] {dag.py:2972} INFO - Setting next_dagrun for example_branch_labels to 2023-11-03T00:00:00+00:00, run_after=2023-11-04T00:00:00+00:00
[2023-11-04 21:27:17,300] {processor.py:161} INFO - Processing /home/airflow/.local/lib/python3.7/site-packages/airflow/example_dags/example_branch_labels.py took 0.216 seconds
[2023-11-04 21:27:47,665] {processor.py:153} INFO - Started process (PID=1489) to work on /home/airflow/.local/lib/python3.7/site-packages/airflow/example_dags/example_branch_labels.py
[2023-11-04 21:27:47,666] {processor.py:641} INFO - Processing file /home/airflow/.local/lib/python3.7/site-packages/airflow/example_dags/example_branch_labels.py for tasks to queue
[2023-11-04 21:27:47,667] {logging_mixin.py:115} INFO - [2023-11-04 21:27:47,667] {dagbag.py:508} INFO - Filling up the DagBag from /home/airflow/.local/lib/python3.7/site-packages/airflow/example_dags/example_branch_labels.py
[2023-11-04 21:27:47,675] {processor.py:651} INFO - DAG(s) dict_keys(['example_branch_labels']) retrieved from /home/airflow/.local/lib/python3.7/site-packages/airflow/example_dags/example_branch_labels.py
[2023-11-04 21:27:47,703] {logging_mixin.py:115} INFO - [2023-11-04 21:27:47,703] {dag.py:2420} INFO - Sync 1 DAGs
[2023-11-04 21:27:47,852] {logging_mixin.py:115} INFO - [2023-11-04 21:27:47,851] {dag.py:2972} INFO - Setting next_dagrun for example_branch_labels to 2023-11-03T00:00:00+00:00, run_after=2023-11-04T00:00:00+00:00
[2023-11-04 21:27:47,867] {processor.py:161} INFO - Processing /home/airflow/.local/lib/python3.7/site-packages/airflow/example_dags/example_branch_labels.py took 0.206 seconds
[2023-11-04 21:28:18,105] {processor.py:153} INFO - Started process (PID=1551) to work on /home/airflow/.local/lib/python3.7/site-packages/airflow/example_dags/example_branch_labels.py
[2023-11-04 21:28:18,107] {processor.py:641} INFO - Processing file /home/airflow/.local/lib/python3.7/site-packages/airflow/example_dags/example_branch_labels.py for tasks to queue
[2023-11-04 21:28:18,108] {logging_mixin.py:115} INFO - [2023-11-04 21:28:18,108] {dagbag.py:508} INFO - Filling up the DagBag from /home/airflow/.local/lib/python3.7/site-packages/airflow/example_dags/example_branch_labels.py
[2023-11-04 21:28:18,118] {processor.py:651} INFO - DAG(s) dict_keys(['example_branch_labels']) retrieved from /home/airflow/.local/lib/python3.7/site-packages/airflow/example_dags/example_branch_labels.py
[2023-11-04 21:28:18,149] {logging_mixin.py:115} INFO - [2023-11-04 21:28:18,149] {dag.py:2420} INFO - Sync 1 DAGs
[2023-11-04 21:28:18,275] {logging_mixin.py:115} INFO - [2023-11-04 21:28:18,274] {dag.py:2972} INFO - Setting next_dagrun for example_branch_labels to 2023-11-03T00:00:00+00:00, run_after=2023-11-04T00:00:00+00:00
[2023-11-04 21:28:18,285] {processor.py:161} INFO - Processing /home/airflow/.local/lib/python3.7/site-packages/airflow/example_dags/example_branch_labels.py took 0.185 seconds
[2023-11-04 21:28:48,751] {processor.py:153} INFO - Started process (PID=1613) to work on /home/airflow/.local/lib/python3.7/site-packages/airflow/example_dags/example_branch_labels.py
[2023-11-04 21:28:48,752] {processor.py:641} INFO - Processing file /home/airflow/.local/lib/python3.7/site-packages/airflow/example_dags/example_branch_labels.py for tasks to queue
[2023-11-04 21:28:48,753] {logging_mixin.py:115} INFO - [2023-11-04 21:28:48,753] {dagbag.py:508} INFO - Filling up the DagBag from /home/airflow/.local/lib/python3.7/site-packages/airflow/example_dags/example_branch_labels.py
[2023-11-04 21:28:48,766] {processor.py:651} INFO - DAG(s) dict_keys(['example_branch_labels']) retrieved from /home/airflow/.local/lib/python3.7/site-packages/airflow/example_dags/example_branch_labels.py
[2023-11-04 21:28:48,817] {logging_mixin.py:115} INFO - [2023-11-04 21:28:48,817] {dag.py:2420} INFO - Sync 1 DAGs
[2023-11-04 21:28:48,963] {logging_mixin.py:115} INFO - [2023-11-04 21:28:48,963] {dag.py:2972} INFO - Setting next_dagrun for example_branch_labels to 2023-11-03T00:00:00+00:00, run_after=2023-11-04T00:00:00+00:00
[2023-11-04 21:28:48,976] {processor.py:161} INFO - Processing /home/airflow/.local/lib/python3.7/site-packages/airflow/example_dags/example_branch_labels.py took 0.231 seconds
[2023-11-04 21:29:19,270] {processor.py:153} INFO - Started process (PID=1666) to work on /home/airflow/.local/lib/python3.7/site-packages/airflow/example_dags/example_branch_labels.py
[2023-11-04 21:29:19,273] {processor.py:641} INFO - Processing file /home/airflow/.local/lib/python3.7/site-packages/airflow/example_dags/example_branch_labels.py for tasks to queue
[2023-11-04 21:29:19,274] {logging_mixin.py:115} INFO - [2023-11-04 21:29:19,274] {dagbag.py:508} INFO - Filling up the DagBag from /home/airflow/.local/lib/python3.7/site-packages/airflow/example_dags/example_branch_labels.py
[2023-11-04 21:29:19,291] {processor.py:651} INFO - DAG(s) dict_keys(['example_branch_labels']) retrieved from /home/airflow/.local/lib/python3.7/site-packages/airflow/example_dags/example_branch_labels.py
[2023-11-04 21:29:19,331] {logging_mixin.py:115} INFO - [2023-11-04 21:29:19,331] {dag.py:2420} INFO - Sync 1 DAGs
[2023-11-04 21:29:19,503] {logging_mixin.py:115} INFO - [2023-11-04 21:29:19,503] {dag.py:2972} INFO - Setting next_dagrun for example_branch_labels to 2023-11-03T00:00:00+00:00, run_after=2023-11-04T00:00:00+00:00
[2023-11-04 21:29:19,515] {processor.py:161} INFO - Processing /home/airflow/.local/lib/python3.7/site-packages/airflow/example_dags/example_branch_labels.py took 0.252 seconds
[2023-11-04 21:29:50,024] {processor.py:153} INFO - Started process (PID=1728) to work on /home/airflow/.local/lib/python3.7/site-packages/airflow/example_dags/example_branch_labels.py
[2023-11-04 21:29:50,025] {processor.py:641} INFO - Processing file /home/airflow/.local/lib/python3.7/site-packages/airflow/example_dags/example_branch_labels.py for tasks to queue
[2023-11-04 21:29:50,026] {logging_mixin.py:115} INFO - [2023-11-04 21:29:50,026] {dagbag.py:508} INFO - Filling up the DagBag from /home/airflow/.local/lib/python3.7/site-packages/airflow/example_dags/example_branch_labels.py
[2023-11-04 21:29:50,041] {processor.py:651} INFO - DAG(s) dict_keys(['example_branch_labels']) retrieved from /home/airflow/.local/lib/python3.7/site-packages/airflow/example_dags/example_branch_labels.py
[2023-11-04 21:29:50,076] {logging_mixin.py:115} INFO - [2023-11-04 21:29:50,076] {dag.py:2420} INFO - Sync 1 DAGs
[2023-11-04 21:29:50,203] {logging_mixin.py:115} INFO - [2023-11-04 21:29:50,203] {dag.py:2972} INFO - Setting next_dagrun for example_branch_labels to 2023-11-03T00:00:00+00:00, run_after=2023-11-04T00:00:00+00:00
[2023-11-04 21:29:50,213] {processor.py:161} INFO - Processing /home/airflow/.local/lib/python3.7/site-packages/airflow/example_dags/example_branch_labels.py took 0.193 seconds
[2023-11-04 21:30:20,661] {processor.py:153} INFO - Started process (PID=1788) to work on /home/airflow/.local/lib/python3.7/site-packages/airflow/example_dags/example_branch_labels.py
[2023-11-04 21:30:20,662] {processor.py:641} INFO - Processing file /home/airflow/.local/lib/python3.7/site-packages/airflow/example_dags/example_branch_labels.py for tasks to queue
[2023-11-04 21:30:20,664] {logging_mixin.py:115} INFO - [2023-11-04 21:30:20,664] {dagbag.py:508} INFO - Filling up the DagBag from /home/airflow/.local/lib/python3.7/site-packages/airflow/example_dags/example_branch_labels.py
[2023-11-04 21:30:20,679] {processor.py:651} INFO - DAG(s) dict_keys(['example_branch_labels']) retrieved from /home/airflow/.local/lib/python3.7/site-packages/airflow/example_dags/example_branch_labels.py
[2023-11-04 21:30:20,841] {logging_mixin.py:115} INFO - [2023-11-04 21:30:20,841] {dag.py:2420} INFO - Sync 1 DAGs
[2023-11-04 21:30:20,873] {logging_mixin.py:115} INFO - [2023-11-04 21:30:20,873] {dag.py:2972} INFO - Setting next_dagrun for example_branch_labels to 2023-11-03T00:00:00+00:00, run_after=2023-11-04T00:00:00+00:00
[2023-11-04 21:30:20,892] {processor.py:161} INFO - Processing /home/airflow/.local/lib/python3.7/site-packages/airflow/example_dags/example_branch_labels.py took 0.236 seconds
[2023-11-04 21:30:51,409] {processor.py:153} INFO - Started process (PID=1843) to work on /home/airflow/.local/lib/python3.7/site-packages/airflow/example_dags/example_branch_labels.py
[2023-11-04 21:30:51,410] {processor.py:641} INFO - Processing file /home/airflow/.local/lib/python3.7/site-packages/airflow/example_dags/example_branch_labels.py for tasks to queue
[2023-11-04 21:30:51,411] {logging_mixin.py:115} INFO - [2023-11-04 21:30:51,411] {dagbag.py:508} INFO - Filling up the DagBag from /home/airflow/.local/lib/python3.7/site-packages/airflow/example_dags/example_branch_labels.py
[2023-11-04 21:30:51,421] {processor.py:651} INFO - DAG(s) dict_keys(['example_branch_labels']) retrieved from /home/airflow/.local/lib/python3.7/site-packages/airflow/example_dags/example_branch_labels.py
[2023-11-04 21:30:51,570] {logging_mixin.py:115} INFO - [2023-11-04 21:30:51,570] {dag.py:2420} INFO - Sync 1 DAGs
[2023-11-04 21:30:51,603] {logging_mixin.py:115} INFO - [2023-11-04 21:30:51,602] {dag.py:2972} INFO - Setting next_dagrun for example_branch_labels to 2023-11-03T00:00:00+00:00, run_after=2023-11-04T00:00:00+00:00
[2023-11-04 21:30:51,615] {processor.py:161} INFO - Processing /home/airflow/.local/lib/python3.7/site-packages/airflow/example_dags/example_branch_labels.py took 0.210 seconds
[2023-11-04 21:31:22,174] {processor.py:153} INFO - Started process (PID=1905) to work on /home/airflow/.local/lib/python3.7/site-packages/airflow/example_dags/example_branch_labels.py
[2023-11-04 21:31:22,175] {processor.py:641} INFO - Processing file /home/airflow/.local/lib/python3.7/site-packages/airflow/example_dags/example_branch_labels.py for tasks to queue
[2023-11-04 21:31:22,176] {logging_mixin.py:115} INFO - [2023-11-04 21:31:22,176] {dagbag.py:508} INFO - Filling up the DagBag from /home/airflow/.local/lib/python3.7/site-packages/airflow/example_dags/example_branch_labels.py
[2023-11-04 21:31:22,193] {processor.py:651} INFO - DAG(s) dict_keys(['example_branch_labels']) retrieved from /home/airflow/.local/lib/python3.7/site-packages/airflow/example_dags/example_branch_labels.py
[2023-11-04 21:31:22,348] {logging_mixin.py:115} INFO - [2023-11-04 21:31:22,347] {dag.py:2420} INFO - Sync 1 DAGs
[2023-11-04 21:31:22,394] {logging_mixin.py:115} INFO - [2023-11-04 21:31:22,393] {dag.py:2972} INFO - Setting next_dagrun for example_branch_labels to 2023-11-03T00:00:00+00:00, run_after=2023-11-04T00:00:00+00:00
[2023-11-04 21:31:22,411] {processor.py:161} INFO - Processing /home/airflow/.local/lib/python3.7/site-packages/airflow/example_dags/example_branch_labels.py took 0.242 seconds
[2023-11-04 21:31:52,905] {processor.py:153} INFO - Started process (PID=1965) to work on /home/airflow/.local/lib/python3.7/site-packages/airflow/example_dags/example_branch_labels.py
[2023-11-04 21:31:52,907] {processor.py:641} INFO - Processing file /home/airflow/.local/lib/python3.7/site-packages/airflow/example_dags/example_branch_labels.py for tasks to queue
[2023-11-04 21:31:52,908] {logging_mixin.py:115} INFO - [2023-11-04 21:31:52,908] {dagbag.py:508} INFO - Filling up the DagBag from /home/airflow/.local/lib/python3.7/site-packages/airflow/example_dags/example_branch_labels.py
[2023-11-04 21:31:52,921] {processor.py:651} INFO - DAG(s) dict_keys(['example_branch_labels']) retrieved from /home/airflow/.local/lib/python3.7/site-packages/airflow/example_dags/example_branch_labels.py
[2023-11-04 21:31:53,182] {logging_mixin.py:115} INFO - [2023-11-04 21:31:53,181] {dag.py:2420} INFO - Sync 1 DAGs
[2023-11-04 21:31:53,239] {logging_mixin.py:115} INFO - [2023-11-04 21:31:53,239] {dag.py:2972} INFO - Setting next_dagrun for example_branch_labels to 2023-11-03T00:00:00+00:00, run_after=2023-11-04T00:00:00+00:00
[2023-11-04 21:31:53,273] {processor.py:161} INFO - Processing /home/airflow/.local/lib/python3.7/site-packages/airflow/example_dags/example_branch_labels.py took 0.375 seconds
