[2023-11-04 20:57:55,377] {processor.py:153} INFO - Started process (PID=81) to work on /home/airflow/.local/lib/python3.7/site-packages/airflow/example_dags/example_branch_operator_decorator.py
[2023-11-04 20:57:55,377] {processor.py:641} INFO - Processing file /home/airflow/.local/lib/python3.7/site-packages/airflow/example_dags/example_branch_operator_decorator.py for tasks to queue
[2023-11-04 20:57:55,378] {logging_mixin.py:115} INFO - [2023-11-04 20:57:55,378] {dagbag.py:508} INFO - Filling up the DagBag from /home/airflow/.local/lib/python3.7/site-packages/airflow/example_dags/example_branch_operator_decorator.py
[2023-11-04 20:57:55,400] {processor.py:651} INFO - DAG(s) dict_keys(['example_branch_python_operator_decorator']) retrieved from /home/airflow/.local/lib/python3.7/site-packages/airflow/example_dags/example_branch_operator_decorator.py
[2023-11-04 20:57:55,499] {logging_mixin.py:115} INFO - [2023-11-04 20:57:55,499] {manager.py:508} INFO - Created Permission View: can delete on DAG:example_branch_python_operator_decorator
[2023-11-04 20:57:55,510] {logging_mixin.py:115} INFO - [2023-11-04 20:57:55,510] {manager.py:508} INFO - Created Permission View: can edit on DAG:example_branch_python_operator_decorator
[2023-11-04 20:57:55,518] {logging_mixin.py:115} INFO - [2023-11-04 20:57:55,518] {manager.py:508} INFO - Created Permission View: can read on DAG:example_branch_python_operator_decorator
[2023-11-04 20:57:55,519] {logging_mixin.py:115} INFO - [2023-11-04 20:57:55,519] {dag.py:2420} INFO - Sync 1 DAGs
[2023-11-04 20:57:55,532] {logging_mixin.py:115} INFO - [2023-11-04 20:57:55,532] {dag.py:2439} INFO - Creating ORM DAG for example_branch_python_operator_decorator
[2023-11-04 20:57:55,549] {logging_mixin.py:115} INFO - [2023-11-04 20:57:55,548] {dag.py:2972} INFO - Setting next_dagrun for example_branch_python_operator_decorator to 2023-11-03T00:00:00+00:00, run_after=2023-11-04T00:00:00+00:00
[2023-11-04 20:57:55,567] {processor.py:161} INFO - Processing /home/airflow/.local/lib/python3.7/site-packages/airflow/example_dags/example_branch_operator_decorator.py took 0.194 seconds
[2023-11-04 20:58:26,031] {processor.py:153} INFO - Started process (PID=142) to work on /home/airflow/.local/lib/python3.7/site-packages/airflow/example_dags/example_branch_operator_decorator.py
[2023-11-04 20:58:26,032] {processor.py:641} INFO - Processing file /home/airflow/.local/lib/python3.7/site-packages/airflow/example_dags/example_branch_operator_decorator.py for tasks to queue
[2023-11-04 20:58:26,033] {logging_mixin.py:115} INFO - [2023-11-04 20:58:26,033] {dagbag.py:508} INFO - Filling up the DagBag from /home/airflow/.local/lib/python3.7/site-packages/airflow/example_dags/example_branch_operator_decorator.py
[2023-11-04 20:58:26,055] {processor.py:651} INFO - DAG(s) dict_keys(['example_branch_python_operator_decorator']) retrieved from /home/airflow/.local/lib/python3.7/site-packages/airflow/example_dags/example_branch_operator_decorator.py
[2023-11-04 20:58:26,089] {logging_mixin.py:115} INFO - [2023-11-04 20:58:26,089] {dag.py:2420} INFO - Sync 1 DAGs
[2023-11-04 20:58:26,120] {logging_mixin.py:115} INFO - [2023-11-04 20:58:26,120] {dag.py:2972} INFO - Setting next_dagrun for example_branch_python_operator_decorator to 2023-11-03T00:00:00+00:00, run_after=2023-11-04T00:00:00+00:00
[2023-11-04 20:58:26,147] {processor.py:161} INFO - Processing /home/airflow/.local/lib/python3.7/site-packages/airflow/example_dags/example_branch_operator_decorator.py took 0.119 seconds
[2023-11-04 20:58:56,476] {processor.py:153} INFO - Started process (PID=210) to work on /home/airflow/.local/lib/python3.7/site-packages/airflow/example_dags/example_branch_operator_decorator.py
[2023-11-04 20:58:56,476] {processor.py:641} INFO - Processing file /home/airflow/.local/lib/python3.7/site-packages/airflow/example_dags/example_branch_operator_decorator.py for tasks to queue
[2023-11-04 20:58:56,477] {logging_mixin.py:115} INFO - [2023-11-04 20:58:56,477] {dagbag.py:508} INFO - Filling up the DagBag from /home/airflow/.local/lib/python3.7/site-packages/airflow/example_dags/example_branch_operator_decorator.py
[2023-11-04 20:58:56,497] {processor.py:651} INFO - DAG(s) dict_keys(['example_branch_python_operator_decorator']) retrieved from /home/airflow/.local/lib/python3.7/site-packages/airflow/example_dags/example_branch_operator_decorator.py
[2023-11-04 20:58:56,522] {logging_mixin.py:115} INFO - [2023-11-04 20:58:56,522] {dag.py:2420} INFO - Sync 1 DAGs
[2023-11-04 20:58:56,545] {logging_mixin.py:115} INFO - [2023-11-04 20:58:56,545] {dag.py:2972} INFO - Setting next_dagrun for example_branch_python_operator_decorator to 2023-11-03T00:00:00+00:00, run_after=2023-11-04T00:00:00+00:00
[2023-11-04 20:58:56,556] {processor.py:161} INFO - Processing /home/airflow/.local/lib/python3.7/site-packages/airflow/example_dags/example_branch_operator_decorator.py took 0.084 seconds
[2023-11-04 20:59:27,214] {processor.py:153} INFO - Started process (PID=271) to work on /home/airflow/.local/lib/python3.7/site-packages/airflow/example_dags/example_branch_operator_decorator.py
[2023-11-04 20:59:27,215] {processor.py:641} INFO - Processing file /home/airflow/.local/lib/python3.7/site-packages/airflow/example_dags/example_branch_operator_decorator.py for tasks to queue
[2023-11-04 20:59:27,217] {logging_mixin.py:115} INFO - [2023-11-04 20:59:27,217] {dagbag.py:508} INFO - Filling up the DagBag from /home/airflow/.local/lib/python3.7/site-packages/airflow/example_dags/example_branch_operator_decorator.py
[2023-11-04 20:59:27,242] {processor.py:651} INFO - DAG(s) dict_keys(['example_branch_python_operator_decorator']) retrieved from /home/airflow/.local/lib/python3.7/site-packages/airflow/example_dags/example_branch_operator_decorator.py
[2023-11-04 20:59:27,283] {logging_mixin.py:115} INFO - [2023-11-04 20:59:27,283] {dag.py:2420} INFO - Sync 1 DAGs
[2023-11-04 20:59:27,315] {logging_mixin.py:115} INFO - [2023-11-04 20:59:27,315] {dag.py:2972} INFO - Setting next_dagrun for example_branch_python_operator_decorator to 2023-11-03T00:00:00+00:00, run_after=2023-11-04T00:00:00+00:00
[2023-11-04 20:59:27,332] {processor.py:161} INFO - Processing /home/airflow/.local/lib/python3.7/site-packages/airflow/example_dags/example_branch_operator_decorator.py took 0.123 seconds
[2023-11-04 20:59:58,087] {processor.py:153} INFO - Started process (PID=330) to work on /home/airflow/.local/lib/python3.7/site-packages/airflow/example_dags/example_branch_operator_decorator.py
[2023-11-04 20:59:58,088] {processor.py:641} INFO - Processing file /home/airflow/.local/lib/python3.7/site-packages/airflow/example_dags/example_branch_operator_decorator.py for tasks to queue
[2023-11-04 20:59:58,089] {logging_mixin.py:115} INFO - [2023-11-04 20:59:58,089] {dagbag.py:508} INFO - Filling up the DagBag from /home/airflow/.local/lib/python3.7/site-packages/airflow/example_dags/example_branch_operator_decorator.py
[2023-11-04 20:59:58,122] {processor.py:651} INFO - DAG(s) dict_keys(['example_branch_python_operator_decorator']) retrieved from /home/airflow/.local/lib/python3.7/site-packages/airflow/example_dags/example_branch_operator_decorator.py
[2023-11-04 20:59:58,158] {logging_mixin.py:115} INFO - [2023-11-04 20:59:58,158] {dag.py:2420} INFO - Sync 1 DAGs
[2023-11-04 20:59:58,201] {logging_mixin.py:115} INFO - [2023-11-04 20:59:58,201] {dag.py:2972} INFO - Setting next_dagrun for example_branch_python_operator_decorator to 2023-11-03T00:00:00+00:00, run_after=2023-11-04T00:00:00+00:00
[2023-11-04 20:59:58,222] {processor.py:161} INFO - Processing /home/airflow/.local/lib/python3.7/site-packages/airflow/example_dags/example_branch_operator_decorator.py took 0.139 seconds
[2023-11-04 21:00:28,956] {processor.py:153} INFO - Started process (PID=384) to work on /home/airflow/.local/lib/python3.7/site-packages/airflow/example_dags/example_branch_operator_decorator.py
[2023-11-04 21:00:28,957] {processor.py:641} INFO - Processing file /home/airflow/.local/lib/python3.7/site-packages/airflow/example_dags/example_branch_operator_decorator.py for tasks to queue
[2023-11-04 21:00:28,958] {logging_mixin.py:115} INFO - [2023-11-04 21:00:28,958] {dagbag.py:508} INFO - Filling up the DagBag from /home/airflow/.local/lib/python3.7/site-packages/airflow/example_dags/example_branch_operator_decorator.py
[2023-11-04 21:00:28,987] {processor.py:651} INFO - DAG(s) dict_keys(['example_branch_python_operator_decorator']) retrieved from /home/airflow/.local/lib/python3.7/site-packages/airflow/example_dags/example_branch_operator_decorator.py
[2023-11-04 21:00:29,037] {logging_mixin.py:115} INFO - [2023-11-04 21:00:29,037] {dag.py:2420} INFO - Sync 1 DAGs
[2023-11-04 21:00:29,087] {logging_mixin.py:115} INFO - [2023-11-04 21:00:29,087] {dag.py:2972} INFO - Setting next_dagrun for example_branch_python_operator_decorator to 2023-11-03T00:00:00+00:00, run_after=2023-11-04T00:00:00+00:00
[2023-11-04 21:00:29,164] {processor.py:161} INFO - Processing /home/airflow/.local/lib/python3.7/site-packages/airflow/example_dags/example_branch_operator_decorator.py took 0.214 seconds
[2023-11-04 21:00:59,871] {processor.py:153} INFO - Started process (PID=445) to work on /home/airflow/.local/lib/python3.7/site-packages/airflow/example_dags/example_branch_operator_decorator.py
[2023-11-04 21:00:59,873] {processor.py:641} INFO - Processing file /home/airflow/.local/lib/python3.7/site-packages/airflow/example_dags/example_branch_operator_decorator.py for tasks to queue
[2023-11-04 21:00:59,874] {logging_mixin.py:115} INFO - [2023-11-04 21:00:59,873] {dagbag.py:508} INFO - Filling up the DagBag from /home/airflow/.local/lib/python3.7/site-packages/airflow/example_dags/example_branch_operator_decorator.py
[2023-11-04 21:00:59,898] {processor.py:651} INFO - DAG(s) dict_keys(['example_branch_python_operator_decorator']) retrieved from /home/airflow/.local/lib/python3.7/site-packages/airflow/example_dags/example_branch_operator_decorator.py
[2023-11-04 21:00:59,932] {logging_mixin.py:115} INFO - [2023-11-04 21:00:59,932] {dag.py:2420} INFO - Sync 1 DAGs
[2023-11-04 21:00:59,957] {logging_mixin.py:115} INFO - [2023-11-04 21:00:59,957] {dag.py:2972} INFO - Setting next_dagrun for example_branch_python_operator_decorator to 2023-11-03T00:00:00+00:00, run_after=2023-11-04T00:00:00+00:00
[2023-11-04 21:00:59,988] {processor.py:161} INFO - Processing /home/airflow/.local/lib/python3.7/site-packages/airflow/example_dags/example_branch_operator_decorator.py took 0.125 seconds
[2023-11-04 21:01:30,064] {processor.py:153} INFO - Started process (PID=497) to work on /home/airflow/.local/lib/python3.7/site-packages/airflow/example_dags/example_branch_operator_decorator.py
[2023-11-04 21:01:30,065] {processor.py:641} INFO - Processing file /home/airflow/.local/lib/python3.7/site-packages/airflow/example_dags/example_branch_operator_decorator.py for tasks to queue
[2023-11-04 21:01:30,066] {logging_mixin.py:115} INFO - [2023-11-04 21:01:30,065] {dagbag.py:508} INFO - Filling up the DagBag from /home/airflow/.local/lib/python3.7/site-packages/airflow/example_dags/example_branch_operator_decorator.py
[2023-11-04 21:01:30,088] {processor.py:651} INFO - DAG(s) dict_keys(['example_branch_python_operator_decorator']) retrieved from /home/airflow/.local/lib/python3.7/site-packages/airflow/example_dags/example_branch_operator_decorator.py
[2023-11-04 21:01:30,119] {logging_mixin.py:115} INFO - [2023-11-04 21:01:30,119] {dag.py:2420} INFO - Sync 1 DAGs
[2023-11-04 21:01:30,144] {logging_mixin.py:115} INFO - [2023-11-04 21:01:30,143] {dag.py:2972} INFO - Setting next_dagrun for example_branch_python_operator_decorator to 2023-11-03T00:00:00+00:00, run_after=2023-11-04T00:00:00+00:00
[2023-11-04 21:01:30,157] {processor.py:161} INFO - Processing /home/airflow/.local/lib/python3.7/site-packages/airflow/example_dags/example_branch_operator_decorator.py took 0.098 seconds
[2023-11-04 21:02:00,204] {processor.py:153} INFO - Started process (PID=558) to work on /home/airflow/.local/lib/python3.7/site-packages/airflow/example_dags/example_branch_operator_decorator.py
[2023-11-04 21:02:00,204] {processor.py:641} INFO - Processing file /home/airflow/.local/lib/python3.7/site-packages/airflow/example_dags/example_branch_operator_decorator.py for tasks to queue
[2023-11-04 21:02:00,206] {logging_mixin.py:115} INFO - [2023-11-04 21:02:00,206] {dagbag.py:508} INFO - Filling up the DagBag from /home/airflow/.local/lib/python3.7/site-packages/airflow/example_dags/example_branch_operator_decorator.py
[2023-11-04 21:02:00,230] {processor.py:651} INFO - DAG(s) dict_keys(['example_branch_python_operator_decorator']) retrieved from /home/airflow/.local/lib/python3.7/site-packages/airflow/example_dags/example_branch_operator_decorator.py
[2023-11-04 21:02:00,260] {logging_mixin.py:115} INFO - [2023-11-04 21:02:00,260] {dag.py:2420} INFO - Sync 1 DAGs
[2023-11-04 21:02:00,284] {logging_mixin.py:115} INFO - [2023-11-04 21:02:00,284] {dag.py:2972} INFO - Setting next_dagrun for example_branch_python_operator_decorator to 2023-11-03T00:00:00+00:00, run_after=2023-11-04T00:00:00+00:00
[2023-11-04 21:02:00,296] {processor.py:161} INFO - Processing /home/airflow/.local/lib/python3.7/site-packages/airflow/example_dags/example_branch_operator_decorator.py took 0.096 seconds
[2023-11-04 21:02:31,721] {processor.py:153} INFO - Started process (PID=619) to work on /home/airflow/.local/lib/python3.7/site-packages/airflow/example_dags/example_branch_operator_decorator.py
[2023-11-04 21:02:31,722] {processor.py:641} INFO - Processing file /home/airflow/.local/lib/python3.7/site-packages/airflow/example_dags/example_branch_operator_decorator.py for tasks to queue
[2023-11-04 21:02:31,723] {logging_mixin.py:115} INFO - [2023-11-04 21:02:31,723] {dagbag.py:508} INFO - Filling up the DagBag from /home/airflow/.local/lib/python3.7/site-packages/airflow/example_dags/example_branch_operator_decorator.py
[2023-11-04 21:02:31,743] {processor.py:651} INFO - DAG(s) dict_keys(['example_branch_python_operator_decorator']) retrieved from /home/airflow/.local/lib/python3.7/site-packages/airflow/example_dags/example_branch_operator_decorator.py
[2023-11-04 21:02:31,771] {logging_mixin.py:115} INFO - [2023-11-04 21:02:31,771] {dag.py:2420} INFO - Sync 1 DAGs
[2023-11-04 21:02:31,801] {logging_mixin.py:115} INFO - [2023-11-04 21:02:31,801] {dag.py:2972} INFO - Setting next_dagrun for example_branch_python_operator_decorator to 2023-11-03T00:00:00+00:00, run_after=2023-11-04T00:00:00+00:00
[2023-11-04 21:02:31,817] {processor.py:161} INFO - Processing /home/airflow/.local/lib/python3.7/site-packages/airflow/example_dags/example_branch_operator_decorator.py took 0.099 seconds
[2023-11-04 21:03:02,010] {processor.py:153} INFO - Started process (PID=671) to work on /home/airflow/.local/lib/python3.7/site-packages/airflow/example_dags/example_branch_operator_decorator.py
[2023-11-04 21:03:02,012] {processor.py:641} INFO - Processing file /home/airflow/.local/lib/python3.7/site-packages/airflow/example_dags/example_branch_operator_decorator.py for tasks to queue
[2023-11-04 21:03:02,013] {logging_mixin.py:115} INFO - [2023-11-04 21:03:02,013] {dagbag.py:508} INFO - Filling up the DagBag from /home/airflow/.local/lib/python3.7/site-packages/airflow/example_dags/example_branch_operator_decorator.py
[2023-11-04 21:03:02,052] {processor.py:651} INFO - DAG(s) dict_keys(['example_branch_python_operator_decorator']) retrieved from /home/airflow/.local/lib/python3.7/site-packages/airflow/example_dags/example_branch_operator_decorator.py
[2023-11-04 21:03:02,146] {logging_mixin.py:115} INFO - [2023-11-04 21:03:02,146] {dag.py:2420} INFO - Sync 1 DAGs
[2023-11-04 21:03:02,257] {logging_mixin.py:115} INFO - [2023-11-04 21:03:02,256] {dag.py:2972} INFO - Setting next_dagrun for example_branch_python_operator_decorator to 2023-11-03T00:00:00+00:00, run_after=2023-11-04T00:00:00+00:00
[2023-11-04 21:03:02,299] {processor.py:161} INFO - Processing /home/airflow/.local/lib/python3.7/site-packages/airflow/example_dags/example_branch_operator_decorator.py took 0.297 seconds
[2023-11-04 21:03:33,194] {processor.py:153} INFO - Started process (PID=732) to work on /home/airflow/.local/lib/python3.7/site-packages/airflow/example_dags/example_branch_operator_decorator.py
[2023-11-04 21:03:33,195] {processor.py:641} INFO - Processing file /home/airflow/.local/lib/python3.7/site-packages/airflow/example_dags/example_branch_operator_decorator.py for tasks to queue
[2023-11-04 21:03:33,196] {logging_mixin.py:115} INFO - [2023-11-04 21:03:33,196] {dagbag.py:508} INFO - Filling up the DagBag from /home/airflow/.local/lib/python3.7/site-packages/airflow/example_dags/example_branch_operator_decorator.py
[2023-11-04 21:03:33,215] {processor.py:651} INFO - DAG(s) dict_keys(['example_branch_python_operator_decorator']) retrieved from /home/airflow/.local/lib/python3.7/site-packages/airflow/example_dags/example_branch_operator_decorator.py
[2023-11-04 21:03:33,253] {logging_mixin.py:115} INFO - [2023-11-04 21:03:33,253] {dag.py:2420} INFO - Sync 1 DAGs
[2023-11-04 21:03:33,287] {logging_mixin.py:115} INFO - [2023-11-04 21:03:33,287] {dag.py:2972} INFO - Setting next_dagrun for example_branch_python_operator_decorator to 2023-11-03T00:00:00+00:00, run_after=2023-11-04T00:00:00+00:00
[2023-11-04 21:03:33,303] {processor.py:161} INFO - Processing /home/airflow/.local/lib/python3.7/site-packages/airflow/example_dags/example_branch_operator_decorator.py took 0.112 seconds
[2023-11-04 21:04:03,361] {processor.py:153} INFO - Started process (PID=793) to work on /home/airflow/.local/lib/python3.7/site-packages/airflow/example_dags/example_branch_operator_decorator.py
[2023-11-04 21:04:03,374] {processor.py:641} INFO - Processing file /home/airflow/.local/lib/python3.7/site-packages/airflow/example_dags/example_branch_operator_decorator.py for tasks to queue
[2023-11-04 21:04:03,375] {logging_mixin.py:115} INFO - [2023-11-04 21:04:03,375] {dagbag.py:508} INFO - Filling up the DagBag from /home/airflow/.local/lib/python3.7/site-packages/airflow/example_dags/example_branch_operator_decorator.py
[2023-11-04 21:04:03,393] {processor.py:651} INFO - DAG(s) dict_keys(['example_branch_python_operator_decorator']) retrieved from /home/airflow/.local/lib/python3.7/site-packages/airflow/example_dags/example_branch_operator_decorator.py
[2023-11-04 21:04:03,420] {logging_mixin.py:115} INFO - [2023-11-04 21:04:03,419] {dag.py:2420} INFO - Sync 1 DAGs
[2023-11-04 21:04:03,445] {logging_mixin.py:115} INFO - [2023-11-04 21:04:03,445] {dag.py:2972} INFO - Setting next_dagrun for example_branch_python_operator_decorator to 2023-11-03T00:00:00+00:00, run_after=2023-11-04T00:00:00+00:00
[2023-11-04 21:04:03,457] {processor.py:161} INFO - Processing /home/airflow/.local/lib/python3.7/site-packages/airflow/example_dags/example_branch_operator_decorator.py took 0.099 seconds
[2023-11-04 21:04:33,647] {processor.py:153} INFO - Started process (PID=845) to work on /home/airflow/.local/lib/python3.7/site-packages/airflow/example_dags/example_branch_operator_decorator.py
[2023-11-04 21:04:33,648] {processor.py:641} INFO - Processing file /home/airflow/.local/lib/python3.7/site-packages/airflow/example_dags/example_branch_operator_decorator.py for tasks to queue
[2023-11-04 21:04:33,650] {logging_mixin.py:115} INFO - [2023-11-04 21:04:33,649] {dagbag.py:508} INFO - Filling up the DagBag from /home/airflow/.local/lib/python3.7/site-packages/airflow/example_dags/example_branch_operator_decorator.py
[2023-11-04 21:04:33,673] {processor.py:651} INFO - DAG(s) dict_keys(['example_branch_python_operator_decorator']) retrieved from /home/airflow/.local/lib/python3.7/site-packages/airflow/example_dags/example_branch_operator_decorator.py
[2023-11-04 21:04:33,701] {logging_mixin.py:115} INFO - [2023-11-04 21:04:33,700] {dag.py:2420} INFO - Sync 1 DAGs
[2023-11-04 21:04:33,726] {logging_mixin.py:115} INFO - [2023-11-04 21:04:33,726] {dag.py:2972} INFO - Setting next_dagrun for example_branch_python_operator_decorator to 2023-11-03T00:00:00+00:00, run_after=2023-11-04T00:00:00+00:00
[2023-11-04 21:04:33,738] {processor.py:161} INFO - Processing /home/airflow/.local/lib/python3.7/site-packages/airflow/example_dags/example_branch_operator_decorator.py took 0.094 seconds
[2023-11-04 21:05:04,546] {processor.py:153} INFO - Started process (PID=906) to work on /home/airflow/.local/lib/python3.7/site-packages/airflow/example_dags/example_branch_operator_decorator.py
[2023-11-04 21:05:04,547] {processor.py:641} INFO - Processing file /home/airflow/.local/lib/python3.7/site-packages/airflow/example_dags/example_branch_operator_decorator.py for tasks to queue
[2023-11-04 21:05:04,547] {logging_mixin.py:115} INFO - [2023-11-04 21:05:04,547] {dagbag.py:508} INFO - Filling up the DagBag from /home/airflow/.local/lib/python3.7/site-packages/airflow/example_dags/example_branch_operator_decorator.py
[2023-11-04 21:05:04,568] {processor.py:651} INFO - DAG(s) dict_keys(['example_branch_python_operator_decorator']) retrieved from /home/airflow/.local/lib/python3.7/site-packages/airflow/example_dags/example_branch_operator_decorator.py
[2023-11-04 21:05:04,595] {logging_mixin.py:115} INFO - [2023-11-04 21:05:04,595] {dag.py:2420} INFO - Sync 1 DAGs
[2023-11-04 21:05:04,619] {logging_mixin.py:115} INFO - [2023-11-04 21:05:04,619] {dag.py:2972} INFO - Setting next_dagrun for example_branch_python_operator_decorator to 2023-11-03T00:00:00+00:00, run_after=2023-11-04T00:00:00+00:00
[2023-11-04 21:05:04,633] {processor.py:161} INFO - Processing /home/airflow/.local/lib/python3.7/site-packages/airflow/example_dags/example_branch_operator_decorator.py took 0.091 seconds
[2023-11-04 21:05:34,813] {processor.py:153} INFO - Started process (PID=967) to work on /home/airflow/.local/lib/python3.7/site-packages/airflow/example_dags/example_branch_operator_decorator.py
[2023-11-04 21:05:34,814] {processor.py:641} INFO - Processing file /home/airflow/.local/lib/python3.7/site-packages/airflow/example_dags/example_branch_operator_decorator.py for tasks to queue
[2023-11-04 21:05:34,815] {logging_mixin.py:115} INFO - [2023-11-04 21:05:34,815] {dagbag.py:508} INFO - Filling up the DagBag from /home/airflow/.local/lib/python3.7/site-packages/airflow/example_dags/example_branch_operator_decorator.py
[2023-11-04 21:05:34,836] {processor.py:651} INFO - DAG(s) dict_keys(['example_branch_python_operator_decorator']) retrieved from /home/airflow/.local/lib/python3.7/site-packages/airflow/example_dags/example_branch_operator_decorator.py
[2023-11-04 21:05:34,866] {logging_mixin.py:115} INFO - [2023-11-04 21:05:34,865] {dag.py:2420} INFO - Sync 1 DAGs
[2023-11-04 21:05:34,892] {logging_mixin.py:115} INFO - [2023-11-04 21:05:34,892] {dag.py:2972} INFO - Setting next_dagrun for example_branch_python_operator_decorator to 2023-11-03T00:00:00+00:00, run_after=2023-11-04T00:00:00+00:00
[2023-11-04 21:05:34,905] {processor.py:161} INFO - Processing /home/airflow/.local/lib/python3.7/site-packages/airflow/example_dags/example_branch_operator_decorator.py took 0.095 seconds
[2023-11-04 21:06:19,463] {processor.py:153} INFO - Started process (PID=81) to work on /home/airflow/.local/lib/python3.7/site-packages/airflow/example_dags/example_branch_operator_decorator.py
[2023-11-04 21:06:19,465] {processor.py:641} INFO - Processing file /home/airflow/.local/lib/python3.7/site-packages/airflow/example_dags/example_branch_operator_decorator.py for tasks to queue
[2023-11-04 21:06:19,467] {logging_mixin.py:115} INFO - [2023-11-04 21:06:19,467] {dagbag.py:508} INFO - Filling up the DagBag from /home/airflow/.local/lib/python3.7/site-packages/airflow/example_dags/example_branch_operator_decorator.py
[2023-11-04 21:06:19,516] {processor.py:651} INFO - DAG(s) dict_keys(['example_branch_python_operator_decorator']) retrieved from /home/airflow/.local/lib/python3.7/site-packages/airflow/example_dags/example_branch_operator_decorator.py
[2023-11-04 21:06:19,769] {logging_mixin.py:115} INFO - [2023-11-04 21:06:19,769] {dag.py:2420} INFO - Sync 1 DAGs
[2023-11-04 21:06:19,808] {logging_mixin.py:115} INFO - [2023-11-04 21:06:19,808] {dag.py:2972} INFO - Setting next_dagrun for example_branch_python_operator_decorator to 2023-11-03T00:00:00+00:00, run_after=2023-11-04T00:00:00+00:00
[2023-11-04 21:06:19,827] {processor.py:161} INFO - Processing /home/airflow/.local/lib/python3.7/site-packages/airflow/example_dags/example_branch_operator_decorator.py took 0.371 seconds
[2023-11-04 21:06:49,895] {processor.py:153} INFO - Started process (PID=143) to work on /home/airflow/.local/lib/python3.7/site-packages/airflow/example_dags/example_branch_operator_decorator.py
[2023-11-04 21:06:49,896] {processor.py:641} INFO - Processing file /home/airflow/.local/lib/python3.7/site-packages/airflow/example_dags/example_branch_operator_decorator.py for tasks to queue
[2023-11-04 21:06:49,897] {logging_mixin.py:115} INFO - [2023-11-04 21:06:49,897] {dagbag.py:508} INFO - Filling up the DagBag from /home/airflow/.local/lib/python3.7/site-packages/airflow/example_dags/example_branch_operator_decorator.py
[2023-11-04 21:06:49,930] {processor.py:651} INFO - DAG(s) dict_keys(['example_branch_python_operator_decorator']) retrieved from /home/airflow/.local/lib/python3.7/site-packages/airflow/example_dags/example_branch_operator_decorator.py
[2023-11-04 21:06:50,086] {logging_mixin.py:115} INFO - [2023-11-04 21:06:50,085] {dag.py:2420} INFO - Sync 1 DAGs
[2023-11-04 21:06:50,110] {logging_mixin.py:115} INFO - [2023-11-04 21:06:50,110] {dag.py:2972} INFO - Setting next_dagrun for example_branch_python_operator_decorator to 2023-11-03T00:00:00+00:00, run_after=2023-11-04T00:00:00+00:00
[2023-11-04 21:06:50,126] {processor.py:161} INFO - Processing /home/airflow/.local/lib/python3.7/site-packages/airflow/example_dags/example_branch_operator_decorator.py took 0.235 seconds
[2023-11-04 21:07:20,401] {processor.py:153} INFO - Started process (PID=196) to work on /home/airflow/.local/lib/python3.7/site-packages/airflow/example_dags/example_branch_operator_decorator.py
[2023-11-04 21:07:20,402] {processor.py:641} INFO - Processing file /home/airflow/.local/lib/python3.7/site-packages/airflow/example_dags/example_branch_operator_decorator.py for tasks to queue
[2023-11-04 21:07:20,402] {logging_mixin.py:115} INFO - [2023-11-04 21:07:20,402] {dagbag.py:508} INFO - Filling up the DagBag from /home/airflow/.local/lib/python3.7/site-packages/airflow/example_dags/example_branch_operator_decorator.py
[2023-11-04 21:07:20,427] {processor.py:651} INFO - DAG(s) dict_keys(['example_branch_python_operator_decorator']) retrieved from /home/airflow/.local/lib/python3.7/site-packages/airflow/example_dags/example_branch_operator_decorator.py
[2023-11-04 21:07:20,573] {logging_mixin.py:115} INFO - [2023-11-04 21:07:20,573] {dag.py:2420} INFO - Sync 1 DAGs
[2023-11-04 21:07:20,599] {logging_mixin.py:115} INFO - [2023-11-04 21:07:20,599] {dag.py:2972} INFO - Setting next_dagrun for example_branch_python_operator_decorator to 2023-11-03T00:00:00+00:00, run_after=2023-11-04T00:00:00+00:00
[2023-11-04 21:07:20,612] {processor.py:161} INFO - Processing /home/airflow/.local/lib/python3.7/site-packages/airflow/example_dags/example_branch_operator_decorator.py took 0.216 seconds
[2023-11-04 21:07:50,849] {processor.py:153} INFO - Started process (PID=258) to work on /home/airflow/.local/lib/python3.7/site-packages/airflow/example_dags/example_branch_operator_decorator.py
[2023-11-04 21:07:50,850] {processor.py:641} INFO - Processing file /home/airflow/.local/lib/python3.7/site-packages/airflow/example_dags/example_branch_operator_decorator.py for tasks to queue
[2023-11-04 21:07:50,851] {logging_mixin.py:115} INFO - [2023-11-04 21:07:50,851] {dagbag.py:508} INFO - Filling up the DagBag from /home/airflow/.local/lib/python3.7/site-packages/airflow/example_dags/example_branch_operator_decorator.py
[2023-11-04 21:07:50,878] {processor.py:651} INFO - DAG(s) dict_keys(['example_branch_python_operator_decorator']) retrieved from /home/airflow/.local/lib/python3.7/site-packages/airflow/example_dags/example_branch_operator_decorator.py
[2023-11-04 21:07:51,011] {logging_mixin.py:115} INFO - [2023-11-04 21:07:51,011] {dag.py:2420} INFO - Sync 1 DAGs
[2023-11-04 21:07:51,037] {logging_mixin.py:115} INFO - [2023-11-04 21:07:51,037] {dag.py:2972} INFO - Setting next_dagrun for example_branch_python_operator_decorator to 2023-11-03T00:00:00+00:00, run_after=2023-11-04T00:00:00+00:00
[2023-11-04 21:07:51,050] {processor.py:161} INFO - Processing /home/airflow/.local/lib/python3.7/site-packages/airflow/example_dags/example_branch_operator_decorator.py took 0.207 seconds
[2023-11-04 21:08:21,293] {processor.py:153} INFO - Started process (PID=320) to work on /home/airflow/.local/lib/python3.7/site-packages/airflow/example_dags/example_branch_operator_decorator.py
[2023-11-04 21:08:21,327] {processor.py:641} INFO - Processing file /home/airflow/.local/lib/python3.7/site-packages/airflow/example_dags/example_branch_operator_decorator.py for tasks to queue
[2023-11-04 21:08:21,328] {logging_mixin.py:115} INFO - [2023-11-04 21:08:21,328] {dagbag.py:508} INFO - Filling up the DagBag from /home/airflow/.local/lib/python3.7/site-packages/airflow/example_dags/example_branch_operator_decorator.py
[2023-11-04 21:08:21,351] {processor.py:651} INFO - DAG(s) dict_keys(['example_branch_python_operator_decorator']) retrieved from /home/airflow/.local/lib/python3.7/site-packages/airflow/example_dags/example_branch_operator_decorator.py
[2023-11-04 21:08:21,502] {logging_mixin.py:115} INFO - [2023-11-04 21:08:21,502] {dag.py:2420} INFO - Sync 1 DAGs
[2023-11-04 21:08:21,530] {logging_mixin.py:115} INFO - [2023-11-04 21:08:21,530] {dag.py:2972} INFO - Setting next_dagrun for example_branch_python_operator_decorator to 2023-11-03T00:00:00+00:00, run_after=2023-11-04T00:00:00+00:00
[2023-11-04 21:08:21,544] {processor.py:161} INFO - Processing /home/airflow/.local/lib/python3.7/site-packages/airflow/example_dags/example_branch_operator_decorator.py took 0.257 seconds
[2023-11-04 21:08:51,954] {processor.py:153} INFO - Started process (PID=374) to work on /home/airflow/.local/lib/python3.7/site-packages/airflow/example_dags/example_branch_operator_decorator.py
[2023-11-04 21:08:51,955] {processor.py:641} INFO - Processing file /home/airflow/.local/lib/python3.7/site-packages/airflow/example_dags/example_branch_operator_decorator.py for tasks to queue
[2023-11-04 21:08:51,956] {logging_mixin.py:115} INFO - [2023-11-04 21:08:51,956] {dagbag.py:508} INFO - Filling up the DagBag from /home/airflow/.local/lib/python3.7/site-packages/airflow/example_dags/example_branch_operator_decorator.py
[2023-11-04 21:08:51,982] {processor.py:651} INFO - DAG(s) dict_keys(['example_branch_python_operator_decorator']) retrieved from /home/airflow/.local/lib/python3.7/site-packages/airflow/example_dags/example_branch_operator_decorator.py
[2023-11-04 21:08:52,118] {logging_mixin.py:115} INFO - [2023-11-04 21:08:52,118] {dag.py:2420} INFO - Sync 1 DAGs
[2023-11-04 21:08:52,144] {logging_mixin.py:115} INFO - [2023-11-04 21:08:52,144] {dag.py:2972} INFO - Setting next_dagrun for example_branch_python_operator_decorator to 2023-11-03T00:00:00+00:00, run_after=2023-11-04T00:00:00+00:00
[2023-11-04 21:08:52,158] {processor.py:161} INFO - Processing /home/airflow/.local/lib/python3.7/site-packages/airflow/example_dags/example_branch_operator_decorator.py took 0.208 seconds
[2023-11-04 21:09:22,637] {processor.py:153} INFO - Started process (PID=436) to work on /home/airflow/.local/lib/python3.7/site-packages/airflow/example_dags/example_branch_operator_decorator.py
[2023-11-04 21:09:22,638] {processor.py:641} INFO - Processing file /home/airflow/.local/lib/python3.7/site-packages/airflow/example_dags/example_branch_operator_decorator.py for tasks to queue
[2023-11-04 21:09:22,639] {logging_mixin.py:115} INFO - [2023-11-04 21:09:22,639] {dagbag.py:508} INFO - Filling up the DagBag from /home/airflow/.local/lib/python3.7/site-packages/airflow/example_dags/example_branch_operator_decorator.py
[2023-11-04 21:09:22,665] {processor.py:651} INFO - DAG(s) dict_keys(['example_branch_python_operator_decorator']) retrieved from /home/airflow/.local/lib/python3.7/site-packages/airflow/example_dags/example_branch_operator_decorator.py
[2023-11-04 21:09:22,835] {logging_mixin.py:115} INFO - [2023-11-04 21:09:22,835] {dag.py:2420} INFO - Sync 1 DAGs
[2023-11-04 21:09:22,864] {logging_mixin.py:115} INFO - [2023-11-04 21:09:22,863] {dag.py:2972} INFO - Setting next_dagrun for example_branch_python_operator_decorator to 2023-11-03T00:00:00+00:00, run_after=2023-11-04T00:00:00+00:00
[2023-11-04 21:09:22,880] {processor.py:161} INFO - Processing /home/airflow/.local/lib/python3.7/site-packages/airflow/example_dags/example_branch_operator_decorator.py took 0.247 seconds
[2023-11-04 21:09:53,389] {processor.py:153} INFO - Started process (PID=498) to work on /home/airflow/.local/lib/python3.7/site-packages/airflow/example_dags/example_branch_operator_decorator.py
[2023-11-04 21:09:53,390] {processor.py:641} INFO - Processing file /home/airflow/.local/lib/python3.7/site-packages/airflow/example_dags/example_branch_operator_decorator.py for tasks to queue
[2023-11-04 21:09:53,391] {logging_mixin.py:115} INFO - [2023-11-04 21:09:53,391] {dagbag.py:508} INFO - Filling up the DagBag from /home/airflow/.local/lib/python3.7/site-packages/airflow/example_dags/example_branch_operator_decorator.py
[2023-11-04 21:09:53,414] {processor.py:651} INFO - DAG(s) dict_keys(['example_branch_python_operator_decorator']) retrieved from /home/airflow/.local/lib/python3.7/site-packages/airflow/example_dags/example_branch_operator_decorator.py
[2023-11-04 21:09:53,555] {logging_mixin.py:115} INFO - [2023-11-04 21:09:53,554] {dag.py:2420} INFO - Sync 1 DAGs
[2023-11-04 21:09:53,589] {logging_mixin.py:115} INFO - [2023-11-04 21:09:53,589] {dag.py:2972} INFO - Setting next_dagrun for example_branch_python_operator_decorator to 2023-11-03T00:00:00+00:00, run_after=2023-11-04T00:00:00+00:00
[2023-11-04 21:09:53,608] {processor.py:161} INFO - Processing /home/airflow/.local/lib/python3.7/site-packages/airflow/example_dags/example_branch_operator_decorator.py took 0.223 seconds
[2023-11-04 21:10:23,675] {processor.py:153} INFO - Started process (PID=551) to work on /home/airflow/.local/lib/python3.7/site-packages/airflow/example_dags/example_branch_operator_decorator.py
[2023-11-04 21:10:23,676] {processor.py:641} INFO - Processing file /home/airflow/.local/lib/python3.7/site-packages/airflow/example_dags/example_branch_operator_decorator.py for tasks to queue
[2023-11-04 21:10:23,677] {logging_mixin.py:115} INFO - [2023-11-04 21:10:23,677] {dagbag.py:508} INFO - Filling up the DagBag from /home/airflow/.local/lib/python3.7/site-packages/airflow/example_dags/example_branch_operator_decorator.py
[2023-11-04 21:10:23,707] {processor.py:651} INFO - DAG(s) dict_keys(['example_branch_python_operator_decorator']) retrieved from /home/airflow/.local/lib/python3.7/site-packages/airflow/example_dags/example_branch_operator_decorator.py
[2023-11-04 21:10:23,880] {logging_mixin.py:115} INFO - [2023-11-04 21:10:23,879] {dag.py:2420} INFO - Sync 1 DAGs
[2023-11-04 21:10:23,909] {logging_mixin.py:115} INFO - [2023-11-04 21:10:23,909] {dag.py:2972} INFO - Setting next_dagrun for example_branch_python_operator_decorator to 2023-11-03T00:00:00+00:00, run_after=2023-11-04T00:00:00+00:00
[2023-11-04 21:10:23,924] {processor.py:161} INFO - Processing /home/airflow/.local/lib/python3.7/site-packages/airflow/example_dags/example_branch_operator_decorator.py took 0.254 seconds
[2023-11-04 21:10:54,104] {processor.py:153} INFO - Started process (PID=613) to work on /home/airflow/.local/lib/python3.7/site-packages/airflow/example_dags/example_branch_operator_decorator.py
[2023-11-04 21:10:54,105] {processor.py:641} INFO - Processing file /home/airflow/.local/lib/python3.7/site-packages/airflow/example_dags/example_branch_operator_decorator.py for tasks to queue
[2023-11-04 21:10:54,106] {logging_mixin.py:115} INFO - [2023-11-04 21:10:54,106] {dagbag.py:508} INFO - Filling up the DagBag from /home/airflow/.local/lib/python3.7/site-packages/airflow/example_dags/example_branch_operator_decorator.py
[2023-11-04 21:10:54,136] {processor.py:651} INFO - DAG(s) dict_keys(['example_branch_python_operator_decorator']) retrieved from /home/airflow/.local/lib/python3.7/site-packages/airflow/example_dags/example_branch_operator_decorator.py
[2023-11-04 21:10:54,298] {logging_mixin.py:115} INFO - [2023-11-04 21:10:54,298] {dag.py:2420} INFO - Sync 1 DAGs
[2023-11-04 21:10:54,325] {logging_mixin.py:115} INFO - [2023-11-04 21:10:54,325] {dag.py:2972} INFO - Setting next_dagrun for example_branch_python_operator_decorator to 2023-11-03T00:00:00+00:00, run_after=2023-11-04T00:00:00+00:00
[2023-11-04 21:10:54,338] {processor.py:161} INFO - Processing /home/airflow/.local/lib/python3.7/site-packages/airflow/example_dags/example_branch_operator_decorator.py took 0.240 seconds
[2023-11-04 21:11:24,833] {processor.py:153} INFO - Started process (PID=675) to work on /home/airflow/.local/lib/python3.7/site-packages/airflow/example_dags/example_branch_operator_decorator.py
[2023-11-04 21:11:24,834] {processor.py:641} INFO - Processing file /home/airflow/.local/lib/python3.7/site-packages/airflow/example_dags/example_branch_operator_decorator.py for tasks to queue
[2023-11-04 21:11:24,835] {logging_mixin.py:115} INFO - [2023-11-04 21:11:24,835] {dagbag.py:508} INFO - Filling up the DagBag from /home/airflow/.local/lib/python3.7/site-packages/airflow/example_dags/example_branch_operator_decorator.py
[2023-11-04 21:11:24,863] {processor.py:651} INFO - DAG(s) dict_keys(['example_branch_python_operator_decorator']) retrieved from /home/airflow/.local/lib/python3.7/site-packages/airflow/example_dags/example_branch_operator_decorator.py
[2023-11-04 21:11:25,026] {logging_mixin.py:115} INFO - [2023-11-04 21:11:25,026] {dag.py:2420} INFO - Sync 1 DAGs
[2023-11-04 21:11:25,054] {logging_mixin.py:115} INFO - [2023-11-04 21:11:25,054] {dag.py:2972} INFO - Setting next_dagrun for example_branch_python_operator_decorator to 2023-11-03T00:00:00+00:00, run_after=2023-11-04T00:00:00+00:00
[2023-11-04 21:11:25,067] {processor.py:161} INFO - Processing /home/airflow/.local/lib/python3.7/site-packages/airflow/example_dags/example_branch_operator_decorator.py took 0.238 seconds
[2023-11-04 21:11:55,596] {processor.py:153} INFO - Started process (PID=728) to work on /home/airflow/.local/lib/python3.7/site-packages/airflow/example_dags/example_branch_operator_decorator.py
[2023-11-04 21:11:55,597] {processor.py:641} INFO - Processing file /home/airflow/.local/lib/python3.7/site-packages/airflow/example_dags/example_branch_operator_decorator.py for tasks to queue
[2023-11-04 21:11:55,598] {logging_mixin.py:115} INFO - [2023-11-04 21:11:55,598] {dagbag.py:508} INFO - Filling up the DagBag from /home/airflow/.local/lib/python3.7/site-packages/airflow/example_dags/example_branch_operator_decorator.py
[2023-11-04 21:11:55,642] {processor.py:651} INFO - DAG(s) dict_keys(['example_branch_python_operator_decorator']) retrieved from /home/airflow/.local/lib/python3.7/site-packages/airflow/example_dags/example_branch_operator_decorator.py
[2023-11-04 21:11:55,817] {logging_mixin.py:115} INFO - [2023-11-04 21:11:55,817] {dag.py:2420} INFO - Sync 1 DAGs
[2023-11-04 21:11:55,861] {logging_mixin.py:115} INFO - [2023-11-04 21:11:55,861] {dag.py:2972} INFO - Setting next_dagrun for example_branch_python_operator_decorator to 2023-11-03T00:00:00+00:00, run_after=2023-11-04T00:00:00+00:00
[2023-11-04 21:11:55,878] {processor.py:161} INFO - Processing /home/airflow/.local/lib/python3.7/site-packages/airflow/example_dags/example_branch_operator_decorator.py took 0.288 seconds
[2023-11-04 21:12:26,587] {processor.py:153} INFO - Started process (PID=790) to work on /home/airflow/.local/lib/python3.7/site-packages/airflow/example_dags/example_branch_operator_decorator.py
[2023-11-04 21:12:26,589] {processor.py:641} INFO - Processing file /home/airflow/.local/lib/python3.7/site-packages/airflow/example_dags/example_branch_operator_decorator.py for tasks to queue
[2023-11-04 21:12:26,591] {logging_mixin.py:115} INFO - [2023-11-04 21:12:26,590] {dagbag.py:508} INFO - Filling up the DagBag from /home/airflow/.local/lib/python3.7/site-packages/airflow/example_dags/example_branch_operator_decorator.py
[2023-11-04 21:12:26,662] {processor.py:651} INFO - DAG(s) dict_keys(['example_branch_python_operator_decorator']) retrieved from /home/airflow/.local/lib/python3.7/site-packages/airflow/example_dags/example_branch_operator_decorator.py
[2023-11-04 21:12:27,011] {logging_mixin.py:115} INFO - [2023-11-04 21:12:27,011] {dag.py:2420} INFO - Sync 1 DAGs
[2023-11-04 21:12:27,101] {logging_mixin.py:115} INFO - [2023-11-04 21:12:27,101] {dag.py:2972} INFO - Setting next_dagrun for example_branch_python_operator_decorator to 2023-11-03T00:00:00+00:00, run_after=2023-11-04T00:00:00+00:00
[2023-11-04 21:12:27,134] {processor.py:161} INFO - Processing /home/airflow/.local/lib/python3.7/site-packages/airflow/example_dags/example_branch_operator_decorator.py took 0.565 seconds
[2023-11-04 21:12:59,859] {processor.py:153} INFO - Started process (PID=843) to work on /home/airflow/.local/lib/python3.7/site-packages/airflow/example_dags/example_branch_operator_decorator.py
[2023-11-04 21:12:59,861] {processor.py:641} INFO - Processing file /home/airflow/.local/lib/python3.7/site-packages/airflow/example_dags/example_branch_operator_decorator.py for tasks to queue
[2023-11-04 21:12:59,862] {logging_mixin.py:115} INFO - [2023-11-04 21:12:59,862] {dagbag.py:508} INFO - Filling up the DagBag from /home/airflow/.local/lib/python3.7/site-packages/airflow/example_dags/example_branch_operator_decorator.py
[2023-11-04 21:12:59,939] {processor.py:651} INFO - DAG(s) dict_keys(['example_branch_python_operator_decorator']) retrieved from /home/airflow/.local/lib/python3.7/site-packages/airflow/example_dags/example_branch_operator_decorator.py
[2023-11-04 21:13:00,453] {logging_mixin.py:115} INFO - [2023-11-04 21:13:00,453] {dag.py:2420} INFO - Sync 1 DAGs
[2023-11-04 21:13:00,649] {logging_mixin.py:115} INFO - [2023-11-04 21:13:00,649] {dag.py:2972} INFO - Setting next_dagrun for example_branch_python_operator_decorator to 2023-11-03T00:00:00+00:00, run_after=2023-11-04T00:00:00+00:00
[2023-11-04 21:13:00,715] {processor.py:161} INFO - Processing /home/airflow/.local/lib/python3.7/site-packages/airflow/example_dags/example_branch_operator_decorator.py took 0.864 seconds
[2023-11-04 21:15:30,247] {processor.py:153} INFO - Started process (PID=90) to work on /home/airflow/.local/lib/python3.7/site-packages/airflow/example_dags/example_branch_operator_decorator.py
[2023-11-04 21:15:30,249] {processor.py:641} INFO - Processing file /home/airflow/.local/lib/python3.7/site-packages/airflow/example_dags/example_branch_operator_decorator.py for tasks to queue
[2023-11-04 21:15:30,252] {logging_mixin.py:115} INFO - [2023-11-04 21:15:30,252] {dagbag.py:508} INFO - Filling up the DagBag from /home/airflow/.local/lib/python3.7/site-packages/airflow/example_dags/example_branch_operator_decorator.py
[2023-11-04 21:15:30,328] {processor.py:651} INFO - DAG(s) dict_keys(['example_branch_python_operator_decorator']) retrieved from /home/airflow/.local/lib/python3.7/site-packages/airflow/example_dags/example_branch_operator_decorator.py
[2023-11-04 21:15:30,719] {logging_mixin.py:115} INFO - [2023-11-04 21:15:30,719] {dag.py:2420} INFO - Sync 1 DAGs
[2023-11-04 21:15:30,808] {logging_mixin.py:115} INFO - [2023-11-04 21:15:30,807] {dag.py:2972} INFO - Setting next_dagrun for example_branch_python_operator_decorator to 2023-11-03T00:00:00+00:00, run_after=2023-11-04T00:00:00+00:00
[2023-11-04 21:15:30,854] {processor.py:161} INFO - Processing /home/airflow/.local/lib/python3.7/site-packages/airflow/example_dags/example_branch_operator_decorator.py took 0.617 seconds
[2023-11-04 21:16:00,950] {processor.py:153} INFO - Started process (PID=143) to work on /home/airflow/.local/lib/python3.7/site-packages/airflow/example_dags/example_branch_operator_decorator.py
[2023-11-04 21:16:00,952] {processor.py:641} INFO - Processing file /home/airflow/.local/lib/python3.7/site-packages/airflow/example_dags/example_branch_operator_decorator.py for tasks to queue
[2023-11-04 21:16:00,954] {logging_mixin.py:115} INFO - [2023-11-04 21:16:00,954] {dagbag.py:508} INFO - Filling up the DagBag from /home/airflow/.local/lib/python3.7/site-packages/airflow/example_dags/example_branch_operator_decorator.py
[2023-11-04 21:16:01,016] {processor.py:651} INFO - DAG(s) dict_keys(['example_branch_python_operator_decorator']) retrieved from /home/airflow/.local/lib/python3.7/site-packages/airflow/example_dags/example_branch_operator_decorator.py
[2023-11-04 21:16:01,318] {logging_mixin.py:115} INFO - [2023-11-04 21:16:01,318] {dag.py:2420} INFO - Sync 1 DAGs
[2023-11-04 21:16:01,381] {logging_mixin.py:115} INFO - [2023-11-04 21:16:01,381] {dag.py:2972} INFO - Setting next_dagrun for example_branch_python_operator_decorator to 2023-11-03T00:00:00+00:00, run_after=2023-11-04T00:00:00+00:00
[2023-11-04 21:16:01,410] {processor.py:161} INFO - Processing /home/airflow/.local/lib/python3.7/site-packages/airflow/example_dags/example_branch_operator_decorator.py took 0.467 seconds
[2023-11-04 21:16:31,738] {processor.py:153} INFO - Started process (PID=196) to work on /home/airflow/.local/lib/python3.7/site-packages/airflow/example_dags/example_branch_operator_decorator.py
[2023-11-04 21:16:31,740] {processor.py:641} INFO - Processing file /home/airflow/.local/lib/python3.7/site-packages/airflow/example_dags/example_branch_operator_decorator.py for tasks to queue
[2023-11-04 21:16:31,742] {logging_mixin.py:115} INFO - [2023-11-04 21:16:31,742] {dagbag.py:508} INFO - Filling up the DagBag from /home/airflow/.local/lib/python3.7/site-packages/airflow/example_dags/example_branch_operator_decorator.py
[2023-11-04 21:16:31,803] {processor.py:651} INFO - DAG(s) dict_keys(['example_branch_python_operator_decorator']) retrieved from /home/airflow/.local/lib/python3.7/site-packages/airflow/example_dags/example_branch_operator_decorator.py
[2023-11-04 21:16:32,132] {logging_mixin.py:115} INFO - [2023-11-04 21:16:32,132] {dag.py:2420} INFO - Sync 1 DAGs
[2023-11-04 21:16:32,198] {logging_mixin.py:115} INFO - [2023-11-04 21:16:32,198] {dag.py:2972} INFO - Setting next_dagrun for example_branch_python_operator_decorator to 2023-11-03T00:00:00+00:00, run_after=2023-11-04T00:00:00+00:00
[2023-11-04 21:16:32,230] {processor.py:161} INFO - Processing /home/airflow/.local/lib/python3.7/site-packages/airflow/example_dags/example_branch_operator_decorator.py took 0.500 seconds
[2023-11-04 21:17:02,364] {processor.py:153} INFO - Started process (PID=249) to work on /home/airflow/.local/lib/python3.7/site-packages/airflow/example_dags/example_branch_operator_decorator.py
[2023-11-04 21:17:02,366] {processor.py:641} INFO - Processing file /home/airflow/.local/lib/python3.7/site-packages/airflow/example_dags/example_branch_operator_decorator.py for tasks to queue
[2023-11-04 21:17:02,367] {logging_mixin.py:115} INFO - [2023-11-04 21:17:02,367] {dagbag.py:508} INFO - Filling up the DagBag from /home/airflow/.local/lib/python3.7/site-packages/airflow/example_dags/example_branch_operator_decorator.py
[2023-11-04 21:17:02,427] {processor.py:651} INFO - DAG(s) dict_keys(['example_branch_python_operator_decorator']) retrieved from /home/airflow/.local/lib/python3.7/site-packages/airflow/example_dags/example_branch_operator_decorator.py
[2023-11-04 21:17:02,675] {logging_mixin.py:115} INFO - [2023-11-04 21:17:02,675] {dag.py:2420} INFO - Sync 1 DAGs
[2023-11-04 21:17:02,723] {logging_mixin.py:115} INFO - [2023-11-04 21:17:02,723] {dag.py:2972} INFO - Setting next_dagrun for example_branch_python_operator_decorator to 2023-11-03T00:00:00+00:00, run_after=2023-11-04T00:00:00+00:00
[2023-11-04 21:17:02,757] {processor.py:161} INFO - Processing /home/airflow/.local/lib/python3.7/site-packages/airflow/example_dags/example_branch_operator_decorator.py took 0.402 seconds
[2023-11-04 21:17:32,858] {processor.py:153} INFO - Started process (PID=311) to work on /home/airflow/.local/lib/python3.7/site-packages/airflow/example_dags/example_branch_operator_decorator.py
[2023-11-04 21:17:32,860] {processor.py:641} INFO - Processing file /home/airflow/.local/lib/python3.7/site-packages/airflow/example_dags/example_branch_operator_decorator.py for tasks to queue
[2023-11-04 21:17:32,862] {logging_mixin.py:115} INFO - [2023-11-04 21:17:32,861] {dagbag.py:508} INFO - Filling up the DagBag from /home/airflow/.local/lib/python3.7/site-packages/airflow/example_dags/example_branch_operator_decorator.py
[2023-11-04 21:17:32,919] {processor.py:651} INFO - DAG(s) dict_keys(['example_branch_python_operator_decorator']) retrieved from /home/airflow/.local/lib/python3.7/site-packages/airflow/example_dags/example_branch_operator_decorator.py
[2023-11-04 21:17:33,193] {logging_mixin.py:115} INFO - [2023-11-04 21:17:33,192] {dag.py:2420} INFO - Sync 1 DAGs
[2023-11-04 21:17:33,263] {logging_mixin.py:115} INFO - [2023-11-04 21:17:33,263] {dag.py:2972} INFO - Setting next_dagrun for example_branch_python_operator_decorator to 2023-11-03T00:00:00+00:00, run_after=2023-11-04T00:00:00+00:00
[2023-11-04 21:17:33,297] {processor.py:161} INFO - Processing /home/airflow/.local/lib/python3.7/site-packages/airflow/example_dags/example_branch_operator_decorator.py took 0.447 seconds
[2023-11-04 21:18:03,886] {processor.py:153} INFO - Started process (PID=364) to work on /home/airflow/.local/lib/python3.7/site-packages/airflow/example_dags/example_branch_operator_decorator.py
[2023-11-04 21:18:03,887] {processor.py:641} INFO - Processing file /home/airflow/.local/lib/python3.7/site-packages/airflow/example_dags/example_branch_operator_decorator.py for tasks to queue
[2023-11-04 21:18:03,889] {logging_mixin.py:115} INFO - [2023-11-04 21:18:03,889] {dagbag.py:508} INFO - Filling up the DagBag from /home/airflow/.local/lib/python3.7/site-packages/airflow/example_dags/example_branch_operator_decorator.py
[2023-11-04 21:18:03,930] {processor.py:651} INFO - DAG(s) dict_keys(['example_branch_python_operator_decorator']) retrieved from /home/airflow/.local/lib/python3.7/site-packages/airflow/example_dags/example_branch_operator_decorator.py
[2023-11-04 21:18:04,168] {logging_mixin.py:115} INFO - [2023-11-04 21:18:04,168] {dag.py:2420} INFO - Sync 1 DAGs
[2023-11-04 21:18:04,225] {logging_mixin.py:115} INFO - [2023-11-04 21:18:04,225] {dag.py:2972} INFO - Setting next_dagrun for example_branch_python_operator_decorator to 2023-11-03T00:00:00+00:00, run_after=2023-11-04T00:00:00+00:00
[2023-11-04 21:18:04,250] {processor.py:161} INFO - Processing /home/airflow/.local/lib/python3.7/site-packages/airflow/example_dags/example_branch_operator_decorator.py took 0.372 seconds
[2023-11-04 21:18:34,647] {processor.py:153} INFO - Started process (PID=417) to work on /home/airflow/.local/lib/python3.7/site-packages/airflow/example_dags/example_branch_operator_decorator.py
[2023-11-04 21:18:34,648] {processor.py:641} INFO - Processing file /home/airflow/.local/lib/python3.7/site-packages/airflow/example_dags/example_branch_operator_decorator.py for tasks to queue
[2023-11-04 21:18:34,649] {logging_mixin.py:115} INFO - [2023-11-04 21:18:34,649] {dagbag.py:508} INFO - Filling up the DagBag from /home/airflow/.local/lib/python3.7/site-packages/airflow/example_dags/example_branch_operator_decorator.py
[2023-11-04 21:18:34,693] {processor.py:651} INFO - DAG(s) dict_keys(['example_branch_python_operator_decorator']) retrieved from /home/airflow/.local/lib/python3.7/site-packages/airflow/example_dags/example_branch_operator_decorator.py
[2023-11-04 21:18:34,947] {logging_mixin.py:115} INFO - [2023-11-04 21:18:34,947] {dag.py:2420} INFO - Sync 1 DAGs
[2023-11-04 21:18:35,000] {logging_mixin.py:115} INFO - [2023-11-04 21:18:35,000] {dag.py:2972} INFO - Setting next_dagrun for example_branch_python_operator_decorator to 2023-11-03T00:00:00+00:00, run_after=2023-11-04T00:00:00+00:00
[2023-11-04 21:18:35,058] {processor.py:161} INFO - Processing /home/airflow/.local/lib/python3.7/site-packages/airflow/example_dags/example_branch_operator_decorator.py took 0.417 seconds
[2023-11-04 21:19:05,311] {processor.py:153} INFO - Started process (PID=486) to work on /home/airflow/.local/lib/python3.7/site-packages/airflow/example_dags/example_branch_operator_decorator.py
[2023-11-04 21:19:05,312] {processor.py:641} INFO - Processing file /home/airflow/.local/lib/python3.7/site-packages/airflow/example_dags/example_branch_operator_decorator.py for tasks to queue
[2023-11-04 21:19:05,313] {logging_mixin.py:115} INFO - [2023-11-04 21:19:05,313] {dagbag.py:508} INFO - Filling up the DagBag from /home/airflow/.local/lib/python3.7/site-packages/airflow/example_dags/example_branch_operator_decorator.py
[2023-11-04 21:19:05,344] {processor.py:651} INFO - DAG(s) dict_keys(['example_branch_python_operator_decorator']) retrieved from /home/airflow/.local/lib/python3.7/site-packages/airflow/example_dags/example_branch_operator_decorator.py
[2023-11-04 21:19:05,520] {logging_mixin.py:115} INFO - [2023-11-04 21:19:05,520] {dag.py:2420} INFO - Sync 1 DAGs
[2023-11-04 21:19:05,550] {logging_mixin.py:115} INFO - [2023-11-04 21:19:05,550] {dag.py:2972} INFO - Setting next_dagrun for example_branch_python_operator_decorator to 2023-11-03T00:00:00+00:00, run_after=2023-11-04T00:00:00+00:00
[2023-11-04 21:19:05,607] {processor.py:161} INFO - Processing /home/airflow/.local/lib/python3.7/site-packages/airflow/example_dags/example_branch_operator_decorator.py took 0.302 seconds
[2023-11-04 21:19:35,979] {processor.py:153} INFO - Started process (PID=549) to work on /home/airflow/.local/lib/python3.7/site-packages/airflow/example_dags/example_branch_operator_decorator.py
[2023-11-04 21:19:35,980] {processor.py:641} INFO - Processing file /home/airflow/.local/lib/python3.7/site-packages/airflow/example_dags/example_branch_operator_decorator.py for tasks to queue
[2023-11-04 21:19:35,981] {logging_mixin.py:115} INFO - [2023-11-04 21:19:35,981] {dagbag.py:508} INFO - Filling up the DagBag from /home/airflow/.local/lib/python3.7/site-packages/airflow/example_dags/example_branch_operator_decorator.py
[2023-11-04 21:19:36,005] {processor.py:651} INFO - DAG(s) dict_keys(['example_branch_python_operator_decorator']) retrieved from /home/airflow/.local/lib/python3.7/site-packages/airflow/example_dags/example_branch_operator_decorator.py
[2023-11-04 21:19:36,299] {logging_mixin.py:115} INFO - [2023-11-04 21:19:36,298] {dag.py:2420} INFO - Sync 1 DAGs
[2023-11-04 21:19:36,394] {logging_mixin.py:115} INFO - [2023-11-04 21:19:36,393] {dag.py:2972} INFO - Setting next_dagrun for example_branch_python_operator_decorator to 2023-11-03T00:00:00+00:00, run_after=2023-11-04T00:00:00+00:00
[2023-11-04 21:19:36,442] {processor.py:161} INFO - Processing /home/airflow/.local/lib/python3.7/site-packages/airflow/example_dags/example_branch_operator_decorator.py took 0.467 seconds
[2023-11-04 21:20:07,573] {processor.py:153} INFO - Started process (PID=609) to work on /home/airflow/.local/lib/python3.7/site-packages/airflow/example_dags/example_branch_operator_decorator.py
[2023-11-04 21:20:07,574] {processor.py:641} INFO - Processing file /home/airflow/.local/lib/python3.7/site-packages/airflow/example_dags/example_branch_operator_decorator.py for tasks to queue
[2023-11-04 21:20:07,575] {logging_mixin.py:115} INFO - [2023-11-04 21:20:07,575] {dagbag.py:508} INFO - Filling up the DagBag from /home/airflow/.local/lib/python3.7/site-packages/airflow/example_dags/example_branch_operator_decorator.py
[2023-11-04 21:20:07,605] {processor.py:651} INFO - DAG(s) dict_keys(['example_branch_python_operator_decorator']) retrieved from /home/airflow/.local/lib/python3.7/site-packages/airflow/example_dags/example_branch_operator_decorator.py
[2023-11-04 21:20:07,796] {logging_mixin.py:115} INFO - [2023-11-04 21:20:07,796] {dag.py:2420} INFO - Sync 1 DAGs
[2023-11-04 21:20:07,825] {logging_mixin.py:115} INFO - [2023-11-04 21:20:07,825] {dag.py:2972} INFO - Setting next_dagrun for example_branch_python_operator_decorator to 2023-11-03T00:00:00+00:00, run_after=2023-11-04T00:00:00+00:00
[2023-11-04 21:20:07,841] {processor.py:161} INFO - Processing /home/airflow/.local/lib/python3.7/site-packages/airflow/example_dags/example_branch_operator_decorator.py took 0.274 seconds
[2023-11-04 21:20:38,683] {processor.py:153} INFO - Started process (PID=665) to work on /home/airflow/.local/lib/python3.7/site-packages/airflow/example_dags/example_branch_operator_decorator.py
[2023-11-04 21:20:38,683] {processor.py:641} INFO - Processing file /home/airflow/.local/lib/python3.7/site-packages/airflow/example_dags/example_branch_operator_decorator.py for tasks to queue
[2023-11-04 21:20:38,684] {logging_mixin.py:115} INFO - [2023-11-04 21:20:38,684] {dagbag.py:508} INFO - Filling up the DagBag from /home/airflow/.local/lib/python3.7/site-packages/airflow/example_dags/example_branch_operator_decorator.py
[2023-11-04 21:20:38,710] {processor.py:651} INFO - DAG(s) dict_keys(['example_branch_python_operator_decorator']) retrieved from /home/airflow/.local/lib/python3.7/site-packages/airflow/example_dags/example_branch_operator_decorator.py
[2023-11-04 21:20:38,855] {logging_mixin.py:115} INFO - [2023-11-04 21:20:38,854] {dag.py:2420} INFO - Sync 1 DAGs
[2023-11-04 21:20:38,881] {logging_mixin.py:115} INFO - [2023-11-04 21:20:38,881] {dag.py:2972} INFO - Setting next_dagrun for example_branch_python_operator_decorator to 2023-11-03T00:00:00+00:00, run_after=2023-11-04T00:00:00+00:00
[2023-11-04 21:20:38,894] {processor.py:161} INFO - Processing /home/airflow/.local/lib/python3.7/site-packages/airflow/example_dags/example_branch_operator_decorator.py took 0.216 seconds
[2023-11-04 21:21:08,992] {processor.py:153} INFO - Started process (PID=726) to work on /home/airflow/.local/lib/python3.7/site-packages/airflow/example_dags/example_branch_operator_decorator.py
[2023-11-04 21:21:08,993] {processor.py:641} INFO - Processing file /home/airflow/.local/lib/python3.7/site-packages/airflow/example_dags/example_branch_operator_decorator.py for tasks to queue
[2023-11-04 21:21:08,994] {logging_mixin.py:115} INFO - [2023-11-04 21:21:08,994] {dagbag.py:508} INFO - Filling up the DagBag from /home/airflow/.local/lib/python3.7/site-packages/airflow/example_dags/example_branch_operator_decorator.py
[2023-11-04 21:21:09,027] {processor.py:651} INFO - DAG(s) dict_keys(['example_branch_python_operator_decorator']) retrieved from /home/airflow/.local/lib/python3.7/site-packages/airflow/example_dags/example_branch_operator_decorator.py
[2023-11-04 21:21:09,195] {logging_mixin.py:115} INFO - [2023-11-04 21:21:09,195] {dag.py:2420} INFO - Sync 1 DAGs
[2023-11-04 21:21:09,225] {logging_mixin.py:115} INFO - [2023-11-04 21:21:09,225] {dag.py:2972} INFO - Setting next_dagrun for example_branch_python_operator_decorator to 2023-11-03T00:00:00+00:00, run_after=2023-11-04T00:00:00+00:00
[2023-11-04 21:21:09,241] {processor.py:161} INFO - Processing /home/airflow/.local/lib/python3.7/site-packages/airflow/example_dags/example_branch_operator_decorator.py took 0.255 seconds
[2023-11-04 21:21:40,009] {processor.py:153} INFO - Started process (PID=780) to work on /home/airflow/.local/lib/python3.7/site-packages/airflow/example_dags/example_branch_operator_decorator.py
[2023-11-04 21:21:40,010] {processor.py:641} INFO - Processing file /home/airflow/.local/lib/python3.7/site-packages/airflow/example_dags/example_branch_operator_decorator.py for tasks to queue
[2023-11-04 21:21:40,011] {logging_mixin.py:115} INFO - [2023-11-04 21:21:40,011] {dagbag.py:508} INFO - Filling up the DagBag from /home/airflow/.local/lib/python3.7/site-packages/airflow/example_dags/example_branch_operator_decorator.py
[2023-11-04 21:21:40,039] {processor.py:651} INFO - DAG(s) dict_keys(['example_branch_python_operator_decorator']) retrieved from /home/airflow/.local/lib/python3.7/site-packages/airflow/example_dags/example_branch_operator_decorator.py
[2023-11-04 21:21:40,212] {logging_mixin.py:115} INFO - [2023-11-04 21:21:40,212] {dag.py:2420} INFO - Sync 1 DAGs
[2023-11-04 21:21:40,251] {logging_mixin.py:115} INFO - [2023-11-04 21:21:40,250] {dag.py:2972} INFO - Setting next_dagrun for example_branch_python_operator_decorator to 2023-11-03T00:00:00+00:00, run_after=2023-11-04T00:00:00+00:00
[2023-11-04 21:21:40,267] {processor.py:161} INFO - Processing /home/airflow/.local/lib/python3.7/site-packages/airflow/example_dags/example_branch_operator_decorator.py took 0.262 seconds
[2023-11-04 21:22:10,737] {processor.py:153} INFO - Started process (PID=842) to work on /home/airflow/.local/lib/python3.7/site-packages/airflow/example_dags/example_branch_operator_decorator.py
[2023-11-04 21:22:10,742] {processor.py:641} INFO - Processing file /home/airflow/.local/lib/python3.7/site-packages/airflow/example_dags/example_branch_operator_decorator.py for tasks to queue
[2023-11-04 21:22:10,744] {logging_mixin.py:115} INFO - [2023-11-04 21:22:10,744] {dagbag.py:508} INFO - Filling up the DagBag from /home/airflow/.local/lib/python3.7/site-packages/airflow/example_dags/example_branch_operator_decorator.py
[2023-11-04 21:22:10,784] {processor.py:651} INFO - DAG(s) dict_keys(['example_branch_python_operator_decorator']) retrieved from /home/airflow/.local/lib/python3.7/site-packages/airflow/example_dags/example_branch_operator_decorator.py
[2023-11-04 21:22:10,985] {logging_mixin.py:115} INFO - [2023-11-04 21:22:10,985] {dag.py:2420} INFO - Sync 1 DAGs
[2023-11-04 21:22:11,015] {logging_mixin.py:115} INFO - [2023-11-04 21:22:11,015] {dag.py:2972} INFO - Setting next_dagrun for example_branch_python_operator_decorator to 2023-11-03T00:00:00+00:00, run_after=2023-11-04T00:00:00+00:00
[2023-11-04 21:22:11,038] {processor.py:161} INFO - Processing /home/airflow/.local/lib/python3.7/site-packages/airflow/example_dags/example_branch_operator_decorator.py took 0.304 seconds
[2023-11-04 21:22:41,271] {processor.py:153} INFO - Started process (PID=904) to work on /home/airflow/.local/lib/python3.7/site-packages/airflow/example_dags/example_branch_operator_decorator.py
[2023-11-04 21:22:41,271] {processor.py:641} INFO - Processing file /home/airflow/.local/lib/python3.7/site-packages/airflow/example_dags/example_branch_operator_decorator.py for tasks to queue
[2023-11-04 21:22:41,272] {logging_mixin.py:115} INFO - [2023-11-04 21:22:41,272] {dagbag.py:508} INFO - Filling up the DagBag from /home/airflow/.local/lib/python3.7/site-packages/airflow/example_dags/example_branch_operator_decorator.py
[2023-11-04 21:22:41,301] {processor.py:651} INFO - DAG(s) dict_keys(['example_branch_python_operator_decorator']) retrieved from /home/airflow/.local/lib/python3.7/site-packages/airflow/example_dags/example_branch_operator_decorator.py
[2023-11-04 21:22:41,464] {logging_mixin.py:115} INFO - [2023-11-04 21:22:41,463] {dag.py:2420} INFO - Sync 1 DAGs
[2023-11-04 21:22:41,495] {logging_mixin.py:115} INFO - [2023-11-04 21:22:41,494] {dag.py:2972} INFO - Setting next_dagrun for example_branch_python_operator_decorator to 2023-11-03T00:00:00+00:00, run_after=2023-11-04T00:00:00+00:00
[2023-11-04 21:22:41,514] {processor.py:161} INFO - Processing /home/airflow/.local/lib/python3.7/site-packages/airflow/example_dags/example_branch_operator_decorator.py took 0.249 seconds
[2023-11-04 21:23:12,295] {processor.py:153} INFO - Started process (PID=957) to work on /home/airflow/.local/lib/python3.7/site-packages/airflow/example_dags/example_branch_operator_decorator.py
[2023-11-04 21:23:12,296] {processor.py:641} INFO - Processing file /home/airflow/.local/lib/python3.7/site-packages/airflow/example_dags/example_branch_operator_decorator.py for tasks to queue
[2023-11-04 21:23:12,297] {logging_mixin.py:115} INFO - [2023-11-04 21:23:12,297] {dagbag.py:508} INFO - Filling up the DagBag from /home/airflow/.local/lib/python3.7/site-packages/airflow/example_dags/example_branch_operator_decorator.py
[2023-11-04 21:23:12,318] {processor.py:651} INFO - DAG(s) dict_keys(['example_branch_python_operator_decorator']) retrieved from /home/airflow/.local/lib/python3.7/site-packages/airflow/example_dags/example_branch_operator_decorator.py
[2023-11-04 21:23:12,476] {logging_mixin.py:115} INFO - [2023-11-04 21:23:12,476] {dag.py:2420} INFO - Sync 1 DAGs
[2023-11-04 21:23:12,506] {logging_mixin.py:115} INFO - [2023-11-04 21:23:12,506] {dag.py:2972} INFO - Setting next_dagrun for example_branch_python_operator_decorator to 2023-11-03T00:00:00+00:00, run_after=2023-11-04T00:00:00+00:00
[2023-11-04 21:23:12,525] {processor.py:161} INFO - Processing /home/airflow/.local/lib/python3.7/site-packages/airflow/example_dags/example_branch_operator_decorator.py took 0.234 seconds
[2023-11-04 21:23:42,796] {processor.py:153} INFO - Started process (PID=1019) to work on /home/airflow/.local/lib/python3.7/site-packages/airflow/example_dags/example_branch_operator_decorator.py
[2023-11-04 21:23:42,797] {processor.py:641} INFO - Processing file /home/airflow/.local/lib/python3.7/site-packages/airflow/example_dags/example_branch_operator_decorator.py for tasks to queue
[2023-11-04 21:23:42,797] {logging_mixin.py:115} INFO - [2023-11-04 21:23:42,797] {dagbag.py:508} INFO - Filling up the DagBag from /home/airflow/.local/lib/python3.7/site-packages/airflow/example_dags/example_branch_operator_decorator.py
[2023-11-04 21:23:42,818] {processor.py:651} INFO - DAG(s) dict_keys(['example_branch_python_operator_decorator']) retrieved from /home/airflow/.local/lib/python3.7/site-packages/airflow/example_dags/example_branch_operator_decorator.py
[2023-11-04 21:23:42,958] {logging_mixin.py:115} INFO - [2023-11-04 21:23:42,957] {dag.py:2420} INFO - Sync 1 DAGs
[2023-11-04 21:23:42,982] {logging_mixin.py:115} INFO - [2023-11-04 21:23:42,982] {dag.py:2972} INFO - Setting next_dagrun for example_branch_python_operator_decorator to 2023-11-03T00:00:00+00:00, run_after=2023-11-04T00:00:00+00:00
[2023-11-04 21:23:42,995] {processor.py:161} INFO - Processing /home/airflow/.local/lib/python3.7/site-packages/airflow/example_dags/example_branch_operator_decorator.py took 0.202 seconds
[2023-11-04 21:24:13,265] {processor.py:153} INFO - Started process (PID=1081) to work on /home/airflow/.local/lib/python3.7/site-packages/airflow/example_dags/example_branch_operator_decorator.py
[2023-11-04 21:24:13,265] {processor.py:641} INFO - Processing file /home/airflow/.local/lib/python3.7/site-packages/airflow/example_dags/example_branch_operator_decorator.py for tasks to queue
[2023-11-04 21:24:13,266] {logging_mixin.py:115} INFO - [2023-11-04 21:24:13,266] {dagbag.py:508} INFO - Filling up the DagBag from /home/airflow/.local/lib/python3.7/site-packages/airflow/example_dags/example_branch_operator_decorator.py
[2023-11-04 21:24:13,291] {processor.py:651} INFO - DAG(s) dict_keys(['example_branch_python_operator_decorator']) retrieved from /home/airflow/.local/lib/python3.7/site-packages/airflow/example_dags/example_branch_operator_decorator.py
[2023-11-04 21:24:13,464] {logging_mixin.py:115} INFO - [2023-11-04 21:24:13,464] {dag.py:2420} INFO - Sync 1 DAGs
[2023-11-04 21:24:13,498] {logging_mixin.py:115} INFO - [2023-11-04 21:24:13,498] {dag.py:2972} INFO - Setting next_dagrun for example_branch_python_operator_decorator to 2023-11-03T00:00:00+00:00, run_after=2023-11-04T00:00:00+00:00
[2023-11-04 21:24:13,517] {processor.py:161} INFO - Processing /home/airflow/.local/lib/python3.7/site-packages/airflow/example_dags/example_branch_operator_decorator.py took 0.257 seconds
[2023-11-04 21:24:43,766] {processor.py:153} INFO - Started process (PID=1134) to work on /home/airflow/.local/lib/python3.7/site-packages/airflow/example_dags/example_branch_operator_decorator.py
[2023-11-04 21:24:43,767] {processor.py:641} INFO - Processing file /home/airflow/.local/lib/python3.7/site-packages/airflow/example_dags/example_branch_operator_decorator.py for tasks to queue
[2023-11-04 21:24:43,768] {logging_mixin.py:115} INFO - [2023-11-04 21:24:43,768] {dagbag.py:508} INFO - Filling up the DagBag from /home/airflow/.local/lib/python3.7/site-packages/airflow/example_dags/example_branch_operator_decorator.py
[2023-11-04 21:24:43,796] {processor.py:651} INFO - DAG(s) dict_keys(['example_branch_python_operator_decorator']) retrieved from /home/airflow/.local/lib/python3.7/site-packages/airflow/example_dags/example_branch_operator_decorator.py
[2023-11-04 21:24:43,938] {logging_mixin.py:115} INFO - [2023-11-04 21:24:43,937] {dag.py:2420} INFO - Sync 1 DAGs
[2023-11-04 21:24:43,963] {logging_mixin.py:115} INFO - [2023-11-04 21:24:43,963] {dag.py:2972} INFO - Setting next_dagrun for example_branch_python_operator_decorator to 2023-11-03T00:00:00+00:00, run_after=2023-11-04T00:00:00+00:00
[2023-11-04 21:24:43,977] {processor.py:161} INFO - Processing /home/airflow/.local/lib/python3.7/site-packages/airflow/example_dags/example_branch_operator_decorator.py took 0.217 seconds
[2023-11-04 21:25:14,253] {processor.py:153} INFO - Started process (PID=1196) to work on /home/airflow/.local/lib/python3.7/site-packages/airflow/example_dags/example_branch_operator_decorator.py
[2023-11-04 21:25:14,254] {processor.py:641} INFO - Processing file /home/airflow/.local/lib/python3.7/site-packages/airflow/example_dags/example_branch_operator_decorator.py for tasks to queue
[2023-11-04 21:25:14,255] {logging_mixin.py:115} INFO - [2023-11-04 21:25:14,255] {dagbag.py:508} INFO - Filling up the DagBag from /home/airflow/.local/lib/python3.7/site-packages/airflow/example_dags/example_branch_operator_decorator.py
[2023-11-04 21:25:14,277] {processor.py:651} INFO - DAG(s) dict_keys(['example_branch_python_operator_decorator']) retrieved from /home/airflow/.local/lib/python3.7/site-packages/airflow/example_dags/example_branch_operator_decorator.py
[2023-11-04 21:25:14,417] {logging_mixin.py:115} INFO - [2023-11-04 21:25:14,417] {dag.py:2420} INFO - Sync 1 DAGs
[2023-11-04 21:25:14,442] {logging_mixin.py:115} INFO - [2023-11-04 21:25:14,442] {dag.py:2972} INFO - Setting next_dagrun for example_branch_python_operator_decorator to 2023-11-03T00:00:00+00:00, run_after=2023-11-04T00:00:00+00:00
[2023-11-04 21:25:14,456] {processor.py:161} INFO - Processing /home/airflow/.local/lib/python3.7/site-packages/airflow/example_dags/example_branch_operator_decorator.py took 0.206 seconds
[2023-11-04 21:25:44,769] {processor.py:153} INFO - Started process (PID=1258) to work on /home/airflow/.local/lib/python3.7/site-packages/airflow/example_dags/example_branch_operator_decorator.py
[2023-11-04 21:25:44,770] {processor.py:641} INFO - Processing file /home/airflow/.local/lib/python3.7/site-packages/airflow/example_dags/example_branch_operator_decorator.py for tasks to queue
[2023-11-04 21:25:44,771] {logging_mixin.py:115} INFO - [2023-11-04 21:25:44,771] {dagbag.py:508} INFO - Filling up the DagBag from /home/airflow/.local/lib/python3.7/site-packages/airflow/example_dags/example_branch_operator_decorator.py
[2023-11-04 21:25:44,800] {processor.py:651} INFO - DAG(s) dict_keys(['example_branch_python_operator_decorator']) retrieved from /home/airflow/.local/lib/python3.7/site-packages/airflow/example_dags/example_branch_operator_decorator.py
[2023-11-04 21:25:44,965] {logging_mixin.py:115} INFO - [2023-11-04 21:25:44,965] {dag.py:2420} INFO - Sync 1 DAGs
[2023-11-04 21:25:44,998] {logging_mixin.py:115} INFO - [2023-11-04 21:25:44,998] {dag.py:2972} INFO - Setting next_dagrun for example_branch_python_operator_decorator to 2023-11-03T00:00:00+00:00, run_after=2023-11-04T00:00:00+00:00
[2023-11-04 21:25:45,015] {processor.py:161} INFO - Processing /home/airflow/.local/lib/python3.7/site-packages/airflow/example_dags/example_branch_operator_decorator.py took 0.251 seconds
[2023-11-04 21:26:15,584] {processor.py:153} INFO - Started process (PID=1311) to work on /home/airflow/.local/lib/python3.7/site-packages/airflow/example_dags/example_branch_operator_decorator.py
[2023-11-04 21:26:15,585] {processor.py:641} INFO - Processing file /home/airflow/.local/lib/python3.7/site-packages/airflow/example_dags/example_branch_operator_decorator.py for tasks to queue
[2023-11-04 21:26:15,586] {logging_mixin.py:115} INFO - [2023-11-04 21:26:15,586] {dagbag.py:508} INFO - Filling up the DagBag from /home/airflow/.local/lib/python3.7/site-packages/airflow/example_dags/example_branch_operator_decorator.py
[2023-11-04 21:26:15,608] {processor.py:651} INFO - DAG(s) dict_keys(['example_branch_python_operator_decorator']) retrieved from /home/airflow/.local/lib/python3.7/site-packages/airflow/example_dags/example_branch_operator_decorator.py
[2023-11-04 21:26:15,759] {logging_mixin.py:115} INFO - [2023-11-04 21:26:15,759] {dag.py:2420} INFO - Sync 1 DAGs
[2023-11-04 21:26:15,790] {logging_mixin.py:115} INFO - [2023-11-04 21:26:15,790] {dag.py:2972} INFO - Setting next_dagrun for example_branch_python_operator_decorator to 2023-11-03T00:00:00+00:00, run_after=2023-11-04T00:00:00+00:00
[2023-11-04 21:26:15,807] {processor.py:161} INFO - Processing /home/airflow/.local/lib/python3.7/site-packages/airflow/example_dags/example_branch_operator_decorator.py took 0.227 seconds
[2023-11-04 21:26:46,385] {processor.py:153} INFO - Started process (PID=1373) to work on /home/airflow/.local/lib/python3.7/site-packages/airflow/example_dags/example_branch_operator_decorator.py
[2023-11-04 21:26:46,385] {processor.py:641} INFO - Processing file /home/airflow/.local/lib/python3.7/site-packages/airflow/example_dags/example_branch_operator_decorator.py for tasks to queue
[2023-11-04 21:26:46,386] {logging_mixin.py:115} INFO - [2023-11-04 21:26:46,386] {dagbag.py:508} INFO - Filling up the DagBag from /home/airflow/.local/lib/python3.7/site-packages/airflow/example_dags/example_branch_operator_decorator.py
[2023-11-04 21:26:46,411] {processor.py:651} INFO - DAG(s) dict_keys(['example_branch_python_operator_decorator']) retrieved from /home/airflow/.local/lib/python3.7/site-packages/airflow/example_dags/example_branch_operator_decorator.py
[2023-11-04 21:26:46,564] {logging_mixin.py:115} INFO - [2023-11-04 21:26:46,564] {dag.py:2420} INFO - Sync 1 DAGs
[2023-11-04 21:26:46,589] {logging_mixin.py:115} INFO - [2023-11-04 21:26:46,589] {dag.py:2972} INFO - Setting next_dagrun for example_branch_python_operator_decorator to 2023-11-03T00:00:00+00:00, run_after=2023-11-04T00:00:00+00:00
[2023-11-04 21:26:46,602] {processor.py:161} INFO - Processing /home/airflow/.local/lib/python3.7/site-packages/airflow/example_dags/example_branch_operator_decorator.py took 0.222 seconds
[2023-11-04 21:27:16,839] {processor.py:153} INFO - Started process (PID=1435) to work on /home/airflow/.local/lib/python3.7/site-packages/airflow/example_dags/example_branch_operator_decorator.py
[2023-11-04 21:27:16,840] {processor.py:641} INFO - Processing file /home/airflow/.local/lib/python3.7/site-packages/airflow/example_dags/example_branch_operator_decorator.py for tasks to queue
[2023-11-04 21:27:16,841] {logging_mixin.py:115} INFO - [2023-11-04 21:27:16,841] {dagbag.py:508} INFO - Filling up the DagBag from /home/airflow/.local/lib/python3.7/site-packages/airflow/example_dags/example_branch_operator_decorator.py
[2023-11-04 21:27:16,876] {processor.py:651} INFO - DAG(s) dict_keys(['example_branch_python_operator_decorator']) retrieved from /home/airflow/.local/lib/python3.7/site-packages/airflow/example_dags/example_branch_operator_decorator.py
[2023-11-04 21:27:17,035] {logging_mixin.py:115} INFO - [2023-11-04 21:27:17,035] {dag.py:2420} INFO - Sync 1 DAGs
[2023-11-04 21:27:17,064] {logging_mixin.py:115} INFO - [2023-11-04 21:27:17,063] {dag.py:2972} INFO - Setting next_dagrun for example_branch_python_operator_decorator to 2023-11-03T00:00:00+00:00, run_after=2023-11-04T00:00:00+00:00
[2023-11-04 21:27:17,078] {processor.py:161} INFO - Processing /home/airflow/.local/lib/python3.7/site-packages/airflow/example_dags/example_branch_operator_decorator.py took 0.244 seconds
[2023-11-04 21:27:47,427] {processor.py:153} INFO - Started process (PID=1488) to work on /home/airflow/.local/lib/python3.7/site-packages/airflow/example_dags/example_branch_operator_decorator.py
[2023-11-04 21:27:47,428] {processor.py:641} INFO - Processing file /home/airflow/.local/lib/python3.7/site-packages/airflow/example_dags/example_branch_operator_decorator.py for tasks to queue
[2023-11-04 21:27:47,429] {logging_mixin.py:115} INFO - [2023-11-04 21:27:47,429] {dagbag.py:508} INFO - Filling up the DagBag from /home/airflow/.local/lib/python3.7/site-packages/airflow/example_dags/example_branch_operator_decorator.py
[2023-11-04 21:27:47,451] {processor.py:651} INFO - DAG(s) dict_keys(['example_branch_python_operator_decorator']) retrieved from /home/airflow/.local/lib/python3.7/site-packages/airflow/example_dags/example_branch_operator_decorator.py
[2023-11-04 21:27:47,617] {logging_mixin.py:115} INFO - [2023-11-04 21:27:47,617] {dag.py:2420} INFO - Sync 1 DAGs
[2023-11-04 21:27:47,644] {logging_mixin.py:115} INFO - [2023-11-04 21:27:47,643] {dag.py:2972} INFO - Setting next_dagrun for example_branch_python_operator_decorator to 2023-11-03T00:00:00+00:00, run_after=2023-11-04T00:00:00+00:00
[2023-11-04 21:27:47,658] {processor.py:161} INFO - Processing /home/airflow/.local/lib/python3.7/site-packages/airflow/example_dags/example_branch_operator_decorator.py took 0.234 seconds
[2023-11-04 21:28:17,869] {processor.py:153} INFO - Started process (PID=1550) to work on /home/airflow/.local/lib/python3.7/site-packages/airflow/example_dags/example_branch_operator_decorator.py
[2023-11-04 21:28:17,870] {processor.py:641} INFO - Processing file /home/airflow/.local/lib/python3.7/site-packages/airflow/example_dags/example_branch_operator_decorator.py for tasks to queue
[2023-11-04 21:28:17,870] {logging_mixin.py:115} INFO - [2023-11-04 21:28:17,870] {dagbag.py:508} INFO - Filling up the DagBag from /home/airflow/.local/lib/python3.7/site-packages/airflow/example_dags/example_branch_operator_decorator.py
[2023-11-04 21:28:17,897] {processor.py:651} INFO - DAG(s) dict_keys(['example_branch_python_operator_decorator']) retrieved from /home/airflow/.local/lib/python3.7/site-packages/airflow/example_dags/example_branch_operator_decorator.py
[2023-11-04 21:28:18,054] {logging_mixin.py:115} INFO - [2023-11-04 21:28:18,054] {dag.py:2420} INFO - Sync 1 DAGs
[2023-11-04 21:28:18,083] {logging_mixin.py:115} INFO - [2023-11-04 21:28:18,082] {dag.py:2972} INFO - Setting next_dagrun for example_branch_python_operator_decorator to 2023-11-03T00:00:00+00:00, run_after=2023-11-04T00:00:00+00:00
[2023-11-04 21:28:18,097] {processor.py:161} INFO - Processing /home/airflow/.local/lib/python3.7/site-packages/airflow/example_dags/example_branch_operator_decorator.py took 0.231 seconds
[2023-11-04 21:28:48,489] {processor.py:153} INFO - Started process (PID=1612) to work on /home/airflow/.local/lib/python3.7/site-packages/airflow/example_dags/example_branch_operator_decorator.py
[2023-11-04 21:28:48,489] {processor.py:641} INFO - Processing file /home/airflow/.local/lib/python3.7/site-packages/airflow/example_dags/example_branch_operator_decorator.py for tasks to queue
[2023-11-04 21:28:48,490] {logging_mixin.py:115} INFO - [2023-11-04 21:28:48,490] {dagbag.py:508} INFO - Filling up the DagBag from /home/airflow/.local/lib/python3.7/site-packages/airflow/example_dags/example_branch_operator_decorator.py
[2023-11-04 21:28:48,519] {processor.py:651} INFO - DAG(s) dict_keys(['example_branch_python_operator_decorator']) retrieved from /home/airflow/.local/lib/python3.7/site-packages/airflow/example_dags/example_branch_operator_decorator.py
[2023-11-04 21:28:48,691] {logging_mixin.py:115} INFO - [2023-11-04 21:28:48,691] {dag.py:2420} INFO - Sync 1 DAGs
[2023-11-04 21:28:48,724] {logging_mixin.py:115} INFO - [2023-11-04 21:28:48,724] {dag.py:2972} INFO - Setting next_dagrun for example_branch_python_operator_decorator to 2023-11-03T00:00:00+00:00, run_after=2023-11-04T00:00:00+00:00
[2023-11-04 21:28:48,742] {processor.py:161} INFO - Processing /home/airflow/.local/lib/python3.7/site-packages/airflow/example_dags/example_branch_operator_decorator.py took 0.257 seconds
[2023-11-04 21:29:18,839] {processor.py:153} INFO - Started process (PID=1665) to work on /home/airflow/.local/lib/python3.7/site-packages/airflow/example_dags/example_branch_operator_decorator.py
[2023-11-04 21:29:18,840] {processor.py:641} INFO - Processing file /home/airflow/.local/lib/python3.7/site-packages/airflow/example_dags/example_branch_operator_decorator.py for tasks to queue
[2023-11-04 21:29:18,841] {logging_mixin.py:115} INFO - [2023-11-04 21:29:18,841] {dagbag.py:508} INFO - Filling up the DagBag from /home/airflow/.local/lib/python3.7/site-packages/airflow/example_dags/example_branch_operator_decorator.py
[2023-11-04 21:29:18,874] {processor.py:651} INFO - DAG(s) dict_keys(['example_branch_python_operator_decorator']) retrieved from /home/airflow/.local/lib/python3.7/site-packages/airflow/example_dags/example_branch_operator_decorator.py
[2023-11-04 21:29:19,206] {logging_mixin.py:115} INFO - [2023-11-04 21:29:19,206] {dag.py:2420} INFO - Sync 1 DAGs
[2023-11-04 21:29:19,239] {logging_mixin.py:115} INFO - [2023-11-04 21:29:19,238] {dag.py:2972} INFO - Setting next_dagrun for example_branch_python_operator_decorator to 2023-11-03T00:00:00+00:00, run_after=2023-11-04T00:00:00+00:00
[2023-11-04 21:29:19,256] {processor.py:161} INFO - Processing /home/airflow/.local/lib/python3.7/site-packages/airflow/example_dags/example_branch_operator_decorator.py took 0.423 seconds
[2023-11-04 21:29:49,731] {processor.py:153} INFO - Started process (PID=1727) to work on /home/airflow/.local/lib/python3.7/site-packages/airflow/example_dags/example_branch_operator_decorator.py
[2023-11-04 21:29:49,732] {processor.py:641} INFO - Processing file /home/airflow/.local/lib/python3.7/site-packages/airflow/example_dags/example_branch_operator_decorator.py for tasks to queue
[2023-11-04 21:29:49,732] {logging_mixin.py:115} INFO - [2023-11-04 21:29:49,732] {dagbag.py:508} INFO - Filling up the DagBag from /home/airflow/.local/lib/python3.7/site-packages/airflow/example_dags/example_branch_operator_decorator.py
[2023-11-04 21:29:49,756] {processor.py:651} INFO - DAG(s) dict_keys(['example_branch_python_operator_decorator']) retrieved from /home/airflow/.local/lib/python3.7/site-packages/airflow/example_dags/example_branch_operator_decorator.py
[2023-11-04 21:29:49,946] {logging_mixin.py:115} INFO - [2023-11-04 21:29:49,946] {dag.py:2420} INFO - Sync 1 DAGs
[2023-11-04 21:29:49,978] {logging_mixin.py:115} INFO - [2023-11-04 21:29:49,978] {dag.py:2972} INFO - Setting next_dagrun for example_branch_python_operator_decorator to 2023-11-03T00:00:00+00:00, run_after=2023-11-04T00:00:00+00:00
[2023-11-04 21:29:49,999] {processor.py:161} INFO - Processing /home/airflow/.local/lib/python3.7/site-packages/airflow/example_dags/example_branch_operator_decorator.py took 0.272 seconds
[2023-11-04 21:30:20,402] {processor.py:153} INFO - Started process (PID=1787) to work on /home/airflow/.local/lib/python3.7/site-packages/airflow/example_dags/example_branch_operator_decorator.py
[2023-11-04 21:30:20,403] {processor.py:641} INFO - Processing file /home/airflow/.local/lib/python3.7/site-packages/airflow/example_dags/example_branch_operator_decorator.py for tasks to queue
[2023-11-04 21:30:20,404] {logging_mixin.py:115} INFO - [2023-11-04 21:30:20,404] {dagbag.py:508} INFO - Filling up the DagBag from /home/airflow/.local/lib/python3.7/site-packages/airflow/example_dags/example_branch_operator_decorator.py
[2023-11-04 21:30:20,584] {processor.py:651} INFO - DAG(s) dict_keys(['example_branch_python_operator_decorator']) retrieved from /home/airflow/.local/lib/python3.7/site-packages/airflow/example_dags/example_branch_operator_decorator.py
[2023-11-04 21:30:20,611] {logging_mixin.py:115} INFO - [2023-11-04 21:30:20,611] {dag.py:2420} INFO - Sync 1 DAGs
[2023-11-04 21:30:20,637] {logging_mixin.py:115} INFO - [2023-11-04 21:30:20,637] {dag.py:2972} INFO - Setting next_dagrun for example_branch_python_operator_decorator to 2023-11-03T00:00:00+00:00, run_after=2023-11-04T00:00:00+00:00
[2023-11-04 21:30:20,656] {processor.py:161} INFO - Processing /home/airflow/.local/lib/python3.7/site-packages/airflow/example_dags/example_branch_operator_decorator.py took 0.258 seconds
[2023-11-04 21:30:51,182] {processor.py:153} INFO - Started process (PID=1842) to work on /home/airflow/.local/lib/python3.7/site-packages/airflow/example_dags/example_branch_operator_decorator.py
[2023-11-04 21:30:51,182] {processor.py:641} INFO - Processing file /home/airflow/.local/lib/python3.7/site-packages/airflow/example_dags/example_branch_operator_decorator.py for tasks to queue
[2023-11-04 21:30:51,183] {logging_mixin.py:115} INFO - [2023-11-04 21:30:51,183] {dagbag.py:508} INFO - Filling up the DagBag from /home/airflow/.local/lib/python3.7/site-packages/airflow/example_dags/example_branch_operator_decorator.py
[2023-11-04 21:30:51,321] {processor.py:651} INFO - DAG(s) dict_keys(['example_branch_python_operator_decorator']) retrieved from /home/airflow/.local/lib/python3.7/site-packages/airflow/example_dags/example_branch_operator_decorator.py
[2023-11-04 21:30:51,349] {logging_mixin.py:115} INFO - [2023-11-04 21:30:51,349] {dag.py:2420} INFO - Sync 1 DAGs
[2023-11-04 21:30:51,374] {logging_mixin.py:115} INFO - [2023-11-04 21:30:51,374] {dag.py:2972} INFO - Setting next_dagrun for example_branch_python_operator_decorator to 2023-11-03T00:00:00+00:00, run_after=2023-11-04T00:00:00+00:00
[2023-11-04 21:30:51,402] {processor.py:161} INFO - Processing /home/airflow/.local/lib/python3.7/site-packages/airflow/example_dags/example_branch_operator_decorator.py took 0.224 seconds
[2023-11-04 21:31:21,862] {processor.py:153} INFO - Started process (PID=1904) to work on /home/airflow/.local/lib/python3.7/site-packages/airflow/example_dags/example_branch_operator_decorator.py
[2023-11-04 21:31:21,863] {processor.py:641} INFO - Processing file /home/airflow/.local/lib/python3.7/site-packages/airflow/example_dags/example_branch_operator_decorator.py for tasks to queue
[2023-11-04 21:31:21,864] {logging_mixin.py:115} INFO - [2023-11-04 21:31:21,864] {dagbag.py:508} INFO - Filling up the DagBag from /home/airflow/.local/lib/python3.7/site-packages/airflow/example_dags/example_branch_operator_decorator.py
[2023-11-04 21:31:22,083] {processor.py:651} INFO - DAG(s) dict_keys(['example_branch_python_operator_decorator']) retrieved from /home/airflow/.local/lib/python3.7/site-packages/airflow/example_dags/example_branch_operator_decorator.py
[2023-11-04 21:31:22,119] {logging_mixin.py:115} INFO - [2023-11-04 21:31:22,119] {dag.py:2420} INFO - Sync 1 DAGs
[2023-11-04 21:31:22,148] {logging_mixin.py:115} INFO - [2023-11-04 21:31:22,148] {dag.py:2972} INFO - Setting next_dagrun for example_branch_python_operator_decorator to 2023-11-03T00:00:00+00:00, run_after=2023-11-04T00:00:00+00:00
[2023-11-04 21:31:22,164] {processor.py:161} INFO - Processing /home/airflow/.local/lib/python3.7/site-packages/airflow/example_dags/example_branch_operator_decorator.py took 0.308 seconds
[2023-11-04 21:31:52,335] {processor.py:153} INFO - Started process (PID=1957) to work on /home/airflow/.local/lib/python3.7/site-packages/airflow/example_dags/example_branch_operator_decorator.py
[2023-11-04 21:31:52,337] {processor.py:641} INFO - Processing file /home/airflow/.local/lib/python3.7/site-packages/airflow/example_dags/example_branch_operator_decorator.py for tasks to queue
[2023-11-04 21:31:52,338] {logging_mixin.py:115} INFO - [2023-11-04 21:31:52,338] {dagbag.py:508} INFO - Filling up the DagBag from /home/airflow/.local/lib/python3.7/site-packages/airflow/example_dags/example_branch_operator_decorator.py
[2023-11-04 21:31:52,729] {processor.py:651} INFO - DAG(s) dict_keys(['example_branch_python_operator_decorator']) retrieved from /home/airflow/.local/lib/python3.7/site-packages/airflow/example_dags/example_branch_operator_decorator.py
[2023-11-04 21:31:52,802] {logging_mixin.py:115} INFO - [2023-11-04 21:31:52,802] {dag.py:2420} INFO - Sync 1 DAGs
[2023-11-04 21:31:52,869] {logging_mixin.py:115} INFO - [2023-11-04 21:31:52,868] {dag.py:2972} INFO - Setting next_dagrun for example_branch_python_operator_decorator to 2023-11-03T00:00:00+00:00, run_after=2023-11-04T00:00:00+00:00
[2023-11-04 21:31:52,904] {processor.py:161} INFO - Processing /home/airflow/.local/lib/python3.7/site-packages/airflow/example_dags/example_branch_operator_decorator.py took 0.574 seconds
