[2023-11-04 20:57:53,419] {processor.py:153} INFO - Started process (PID=68) to work on /home/airflow/.local/lib/python3.7/site-packages/airflow/example_dags/example_sla_dag.py
[2023-11-04 20:57:53,420] {processor.py:641} INFO - Processing file /home/airflow/.local/lib/python3.7/site-packages/airflow/example_dags/example_sla_dag.py for tasks to queue
[2023-11-04 20:57:53,421] {logging_mixin.py:115} INFO - [2023-11-04 20:57:53,421] {dagbag.py:508} INFO - Filling up the DagBag from /home/airflow/.local/lib/python3.7/site-packages/airflow/example_dags/example_sla_dag.py
[2023-11-04 20:57:53,447] {processor.py:651} INFO - DAG(s) dict_keys(['example_sla_dag']) retrieved from /home/airflow/.local/lib/python3.7/site-packages/airflow/example_dags/example_sla_dag.py
[2023-11-04 20:57:53,577] {logging_mixin.py:115} INFO - [2023-11-04 20:57:53,577] {manager.py:508} INFO - Created Permission View: can delete on DAG:example_sla_dag
[2023-11-04 20:57:53,589] {logging_mixin.py:115} INFO - [2023-11-04 20:57:53,588] {manager.py:508} INFO - Created Permission View: can edit on DAG:example_sla_dag
[2023-11-04 20:57:53,598] {logging_mixin.py:115} INFO - [2023-11-04 20:57:53,597] {manager.py:508} INFO - Created Permission View: can read on DAG:example_sla_dag
[2023-11-04 20:57:53,598] {logging_mixin.py:115} INFO - [2023-11-04 20:57:53,598] {dag.py:2420} INFO - Sync 1 DAGs
[2023-11-04 20:57:53,618] {logging_mixin.py:115} INFO - [2023-11-04 20:57:53,618] {dag.py:2439} INFO - Creating ORM DAG for example_sla_dag
[2023-11-04 20:57:53,635] {logging_mixin.py:115} INFO - [2023-11-04 20:57:53,635] {dag.py:2972} INFO - Setting next_dagrun for example_sla_dag to 2023-11-04T20:54:00+00:00, run_after=2023-11-04T20:56:00+00:00
[2023-11-04 20:57:53,649] {processor.py:161} INFO - Processing /home/airflow/.local/lib/python3.7/site-packages/airflow/example_dags/example_sla_dag.py took 0.235 seconds
[2023-11-04 20:58:24,255] {processor.py:153} INFO - Started process (PID=129) to work on /home/airflow/.local/lib/python3.7/site-packages/airflow/example_dags/example_sla_dag.py
[2023-11-04 20:58:24,256] {processor.py:641} INFO - Processing file /home/airflow/.local/lib/python3.7/site-packages/airflow/example_dags/example_sla_dag.py for tasks to queue
[2023-11-04 20:58:24,257] {logging_mixin.py:115} INFO - [2023-11-04 20:58:24,257] {dagbag.py:508} INFO - Filling up the DagBag from /home/airflow/.local/lib/python3.7/site-packages/airflow/example_dags/example_sla_dag.py
[2023-11-04 20:58:24,292] {processor.py:651} INFO - DAG(s) dict_keys(['example_sla_dag']) retrieved from /home/airflow/.local/lib/python3.7/site-packages/airflow/example_dags/example_sla_dag.py
[2023-11-04 20:58:24,339] {logging_mixin.py:115} INFO - [2023-11-04 20:58:24,339] {dag.py:2420} INFO - Sync 1 DAGs
[2023-11-04 20:58:24,382] {logging_mixin.py:115} INFO - [2023-11-04 20:58:24,382] {dag.py:2972} INFO - Setting next_dagrun for example_sla_dag to 2023-11-04T20:56:00+00:00, run_after=2023-11-04T20:58:00+00:00
[2023-11-04 20:58:24,405] {processor.py:161} INFO - Processing /home/airflow/.local/lib/python3.7/site-packages/airflow/example_dags/example_sla_dag.py took 0.155 seconds
[2023-11-04 20:58:54,504] {processor.py:153} INFO - Started process (PID=197) to work on /home/airflow/.local/lib/python3.7/site-packages/airflow/example_dags/example_sla_dag.py
[2023-11-04 20:58:54,505] {processor.py:641} INFO - Processing file /home/airflow/.local/lib/python3.7/site-packages/airflow/example_dags/example_sla_dag.py for tasks to queue
[2023-11-04 20:58:54,506] {logging_mixin.py:115} INFO - [2023-11-04 20:58:54,506] {dagbag.py:508} INFO - Filling up the DagBag from /home/airflow/.local/lib/python3.7/site-packages/airflow/example_dags/example_sla_dag.py
[2023-11-04 20:58:54,525] {processor.py:651} INFO - DAG(s) dict_keys(['example_sla_dag']) retrieved from /home/airflow/.local/lib/python3.7/site-packages/airflow/example_dags/example_sla_dag.py
[2023-11-04 20:58:54,550] {logging_mixin.py:115} INFO - [2023-11-04 20:58:54,550] {dag.py:2420} INFO - Sync 1 DAGs
[2023-11-04 20:58:54,595] {logging_mixin.py:115} INFO - [2023-11-04 20:58:54,595] {dag.py:2972} INFO - Setting next_dagrun for example_sla_dag to 2023-11-04T20:56:00+00:00, run_after=2023-11-04T20:58:00+00:00
[2023-11-04 20:58:54,656] {processor.py:161} INFO - Processing /home/airflow/.local/lib/python3.7/site-packages/airflow/example_dags/example_sla_dag.py took 0.155 seconds
[2023-11-04 20:59:25,155] {processor.py:153} INFO - Started process (PID=258) to work on /home/airflow/.local/lib/python3.7/site-packages/airflow/example_dags/example_sla_dag.py
[2023-11-04 20:59:25,172] {processor.py:641} INFO - Processing file /home/airflow/.local/lib/python3.7/site-packages/airflow/example_dags/example_sla_dag.py for tasks to queue
[2023-11-04 20:59:25,173] {logging_mixin.py:115} INFO - [2023-11-04 20:59:25,173] {dagbag.py:508} INFO - Filling up the DagBag from /home/airflow/.local/lib/python3.7/site-packages/airflow/example_dags/example_sla_dag.py
[2023-11-04 20:59:25,198] {processor.py:651} INFO - DAG(s) dict_keys(['example_sla_dag']) retrieved from /home/airflow/.local/lib/python3.7/site-packages/airflow/example_dags/example_sla_dag.py
[2023-11-04 20:59:25,243] {logging_mixin.py:115} INFO - [2023-11-04 20:59:25,242] {dag.py:2420} INFO - Sync 1 DAGs
[2023-11-04 20:59:25,286] {logging_mixin.py:115} INFO - [2023-11-04 20:59:25,286] {dag.py:2972} INFO - Setting next_dagrun for example_sla_dag to 2023-11-04T20:56:00+00:00, run_after=2023-11-04T20:58:00+00:00
[2023-11-04 20:59:25,329] {processor.py:161} INFO - Processing /home/airflow/.local/lib/python3.7/site-packages/airflow/example_dags/example_sla_dag.py took 0.182 seconds
[2023-11-04 20:59:55,978] {processor.py:153} INFO - Started process (PID=310) to work on /home/airflow/.local/lib/python3.7/site-packages/airflow/example_dags/example_sla_dag.py
[2023-11-04 20:59:55,979] {processor.py:641} INFO - Processing file /home/airflow/.local/lib/python3.7/site-packages/airflow/example_dags/example_sla_dag.py for tasks to queue
[2023-11-04 20:59:55,980] {logging_mixin.py:115} INFO - [2023-11-04 20:59:55,980] {dagbag.py:508} INFO - Filling up the DagBag from /home/airflow/.local/lib/python3.7/site-packages/airflow/example_dags/example_sla_dag.py
[2023-11-04 20:59:56,030] {processor.py:651} INFO - DAG(s) dict_keys(['example_sla_dag']) retrieved from /home/airflow/.local/lib/python3.7/site-packages/airflow/example_dags/example_sla_dag.py
[2023-11-04 20:59:56,079] {logging_mixin.py:115} INFO - [2023-11-04 20:59:56,079] {dag.py:2420} INFO - Sync 1 DAGs
[2023-11-04 20:59:56,128] {logging_mixin.py:115} INFO - [2023-11-04 20:59:56,128] {dag.py:2972} INFO - Setting next_dagrun for example_sla_dag to 2023-11-04T20:56:00+00:00, run_after=2023-11-04T20:58:00+00:00
[2023-11-04 20:59:56,148] {processor.py:161} INFO - Processing /home/airflow/.local/lib/python3.7/site-packages/airflow/example_dags/example_sla_dag.py took 0.176 seconds
[2023-11-04 21:00:26,804] {processor.py:153} INFO - Started process (PID=371) to work on /home/airflow/.local/lib/python3.7/site-packages/airflow/example_dags/example_sla_dag.py
[2023-11-04 21:00:26,805] {processor.py:641} INFO - Processing file /home/airflow/.local/lib/python3.7/site-packages/airflow/example_dags/example_sla_dag.py for tasks to queue
[2023-11-04 21:00:26,806] {logging_mixin.py:115} INFO - [2023-11-04 21:00:26,806] {dagbag.py:508} INFO - Filling up the DagBag from /home/airflow/.local/lib/python3.7/site-packages/airflow/example_dags/example_sla_dag.py
[2023-11-04 21:00:26,875] {processor.py:651} INFO - DAG(s) dict_keys(['example_sla_dag']) retrieved from /home/airflow/.local/lib/python3.7/site-packages/airflow/example_dags/example_sla_dag.py
[2023-11-04 21:00:26,973] {logging_mixin.py:115} INFO - [2023-11-04 21:00:26,973] {dag.py:2420} INFO - Sync 1 DAGs
[2023-11-04 21:00:27,081] {logging_mixin.py:115} INFO - [2023-11-04 21:00:27,081] {dag.py:2972} INFO - Setting next_dagrun for example_sla_dag to 2023-11-04T20:58:00+00:00, run_after=2023-11-04T21:00:00+00:00
[2023-11-04 21:00:27,123] {processor.py:161} INFO - Processing /home/airflow/.local/lib/python3.7/site-packages/airflow/example_dags/example_sla_dag.py took 0.323 seconds
[2023-11-04 21:00:57,958] {processor.py:153} INFO - Started process (PID=432) to work on /home/airflow/.local/lib/python3.7/site-packages/airflow/example_dags/example_sla_dag.py
[2023-11-04 21:00:57,959] {processor.py:641} INFO - Processing file /home/airflow/.local/lib/python3.7/site-packages/airflow/example_dags/example_sla_dag.py for tasks to queue
[2023-11-04 21:00:57,959] {logging_mixin.py:115} INFO - [2023-11-04 21:00:57,959] {dagbag.py:508} INFO - Filling up the DagBag from /home/airflow/.local/lib/python3.7/site-packages/airflow/example_dags/example_sla_dag.py
[2023-11-04 21:00:57,977] {processor.py:651} INFO - DAG(s) dict_keys(['example_sla_dag']) retrieved from /home/airflow/.local/lib/python3.7/site-packages/airflow/example_dags/example_sla_dag.py
[2023-11-04 21:00:58,003] {logging_mixin.py:115} INFO - [2023-11-04 21:00:58,002] {dag.py:2420} INFO - Sync 1 DAGs
[2023-11-04 21:00:58,028] {logging_mixin.py:115} INFO - [2023-11-04 21:00:58,028] {dag.py:2972} INFO - Setting next_dagrun for example_sla_dag to 2023-11-04T20:58:00+00:00, run_after=2023-11-04T21:00:00+00:00
[2023-11-04 21:00:58,039] {processor.py:161} INFO - Processing /home/airflow/.local/lib/python3.7/site-packages/airflow/example_dags/example_sla_dag.py took 0.084 seconds
[2023-11-04 21:01:28,894] {processor.py:153} INFO - Started process (PID=484) to work on /home/airflow/.local/lib/python3.7/site-packages/airflow/example_dags/example_sla_dag.py
[2023-11-04 21:01:28,894] {processor.py:641} INFO - Processing file /home/airflow/.local/lib/python3.7/site-packages/airflow/example_dags/example_sla_dag.py for tasks to queue
[2023-11-04 21:01:28,895] {logging_mixin.py:115} INFO - [2023-11-04 21:01:28,895] {dagbag.py:508} INFO - Filling up the DagBag from /home/airflow/.local/lib/python3.7/site-packages/airflow/example_dags/example_sla_dag.py
[2023-11-04 21:01:28,916] {processor.py:651} INFO - DAG(s) dict_keys(['example_sla_dag']) retrieved from /home/airflow/.local/lib/python3.7/site-packages/airflow/example_dags/example_sla_dag.py
[2023-11-04 21:01:28,943] {logging_mixin.py:115} INFO - [2023-11-04 21:01:28,943] {dag.py:2420} INFO - Sync 1 DAGs
[2023-11-04 21:01:28,971] {logging_mixin.py:115} INFO - [2023-11-04 21:01:28,971] {dag.py:2972} INFO - Setting next_dagrun for example_sla_dag to 2023-11-04T20:58:00+00:00, run_after=2023-11-04T21:00:00+00:00
[2023-11-04 21:01:28,984] {processor.py:161} INFO - Processing /home/airflow/.local/lib/python3.7/site-packages/airflow/example_dags/example_sla_dag.py took 0.095 seconds
[2023-11-04 21:01:59,514] {processor.py:153} INFO - Started process (PID=545) to work on /home/airflow/.local/lib/python3.7/site-packages/airflow/example_dags/example_sla_dag.py
[2023-11-04 21:01:59,527] {processor.py:641} INFO - Processing file /home/airflow/.local/lib/python3.7/site-packages/airflow/example_dags/example_sla_dag.py for tasks to queue
[2023-11-04 21:01:59,528] {logging_mixin.py:115} INFO - [2023-11-04 21:01:59,528] {dagbag.py:508} INFO - Filling up the DagBag from /home/airflow/.local/lib/python3.7/site-packages/airflow/example_dags/example_sla_dag.py
[2023-11-04 21:01:59,546] {processor.py:651} INFO - DAG(s) dict_keys(['example_sla_dag']) retrieved from /home/airflow/.local/lib/python3.7/site-packages/airflow/example_dags/example_sla_dag.py
[2023-11-04 21:01:59,570] {logging_mixin.py:115} INFO - [2023-11-04 21:01:59,570] {dag.py:2420} INFO - Sync 1 DAGs
[2023-11-04 21:01:59,595] {logging_mixin.py:115} INFO - [2023-11-04 21:01:59,595] {dag.py:2972} INFO - Setting next_dagrun for example_sla_dag to 2023-11-04T20:58:00+00:00, run_after=2023-11-04T21:00:00+00:00
[2023-11-04 21:01:59,606] {processor.py:161} INFO - Processing /home/airflow/.local/lib/python3.7/site-packages/airflow/example_dags/example_sla_dag.py took 0.096 seconds
[2023-11-04 21:02:30,533] {processor.py:153} INFO - Started process (PID=606) to work on /home/airflow/.local/lib/python3.7/site-packages/airflow/example_dags/example_sla_dag.py
[2023-11-04 21:02:30,534] {processor.py:641} INFO - Processing file /home/airflow/.local/lib/python3.7/site-packages/airflow/example_dags/example_sla_dag.py for tasks to queue
[2023-11-04 21:02:30,535] {logging_mixin.py:115} INFO - [2023-11-04 21:02:30,535] {dagbag.py:508} INFO - Filling up the DagBag from /home/airflow/.local/lib/python3.7/site-packages/airflow/example_dags/example_sla_dag.py
[2023-11-04 21:02:30,557] {processor.py:651} INFO - DAG(s) dict_keys(['example_sla_dag']) retrieved from /home/airflow/.local/lib/python3.7/site-packages/airflow/example_dags/example_sla_dag.py
[2023-11-04 21:02:30,585] {logging_mixin.py:115} INFO - [2023-11-04 21:02:30,585] {dag.py:2420} INFO - Sync 1 DAGs
[2023-11-04 21:02:30,620] {logging_mixin.py:115} INFO - [2023-11-04 21:02:30,619] {dag.py:2972} INFO - Setting next_dagrun for example_sla_dag to 2023-11-04T21:00:00+00:00, run_after=2023-11-04T21:02:00+00:00
[2023-11-04 21:02:30,650] {processor.py:161} INFO - Processing /home/airflow/.local/lib/python3.7/site-packages/airflow/example_dags/example_sla_dag.py took 0.121 seconds
[2023-11-04 21:03:01,010] {processor.py:153} INFO - Started process (PID=658) to work on /home/airflow/.local/lib/python3.7/site-packages/airflow/example_dags/example_sla_dag.py
[2023-11-04 21:03:01,011] {processor.py:641} INFO - Processing file /home/airflow/.local/lib/python3.7/site-packages/airflow/example_dags/example_sla_dag.py for tasks to queue
[2023-11-04 21:03:01,012] {logging_mixin.py:115} INFO - [2023-11-04 21:03:01,012] {dagbag.py:508} INFO - Filling up the DagBag from /home/airflow/.local/lib/python3.7/site-packages/airflow/example_dags/example_sla_dag.py
[2023-11-04 21:03:01,031] {processor.py:651} INFO - DAG(s) dict_keys(['example_sla_dag']) retrieved from /home/airflow/.local/lib/python3.7/site-packages/airflow/example_dags/example_sla_dag.py
[2023-11-04 21:03:01,056] {logging_mixin.py:115} INFO - [2023-11-04 21:03:01,056] {dag.py:2420} INFO - Sync 1 DAGs
[2023-11-04 21:03:01,083] {logging_mixin.py:115} INFO - [2023-11-04 21:03:01,083] {dag.py:2972} INFO - Setting next_dagrun for example_sla_dag to 2023-11-04T21:00:00+00:00, run_after=2023-11-04T21:02:00+00:00
[2023-11-04 21:03:01,094] {processor.py:161} INFO - Processing /home/airflow/.local/lib/python3.7/site-packages/airflow/example_dags/example_sla_dag.py took 0.088 seconds
[2023-11-04 21:03:31,222] {processor.py:153} INFO - Started process (PID=719) to work on /home/airflow/.local/lib/python3.7/site-packages/airflow/example_dags/example_sla_dag.py
[2023-11-04 21:03:31,223] {processor.py:641} INFO - Processing file /home/airflow/.local/lib/python3.7/site-packages/airflow/example_dags/example_sla_dag.py for tasks to queue
[2023-11-04 21:03:31,224] {logging_mixin.py:115} INFO - [2023-11-04 21:03:31,224] {dagbag.py:508} INFO - Filling up the DagBag from /home/airflow/.local/lib/python3.7/site-packages/airflow/example_dags/example_sla_dag.py
[2023-11-04 21:03:31,245] {processor.py:651} INFO - DAG(s) dict_keys(['example_sla_dag']) retrieved from /home/airflow/.local/lib/python3.7/site-packages/airflow/example_dags/example_sla_dag.py
[2023-11-04 21:03:31,275] {logging_mixin.py:115} INFO - [2023-11-04 21:03:31,274] {dag.py:2420} INFO - Sync 1 DAGs
[2023-11-04 21:03:31,306] {logging_mixin.py:115} INFO - [2023-11-04 21:03:31,306] {dag.py:2972} INFO - Setting next_dagrun for example_sla_dag to 2023-11-04T21:00:00+00:00, run_after=2023-11-04T21:02:00+00:00
[2023-11-04 21:03:31,329] {processor.py:161} INFO - Processing /home/airflow/.local/lib/python3.7/site-packages/airflow/example_dags/example_sla_dag.py took 0.111 seconds
[2023-11-04 21:04:01,511] {processor.py:153} INFO - Started process (PID=780) to work on /home/airflow/.local/lib/python3.7/site-packages/airflow/example_dags/example_sla_dag.py
[2023-11-04 21:04:01,512] {processor.py:641} INFO - Processing file /home/airflow/.local/lib/python3.7/site-packages/airflow/example_dags/example_sla_dag.py for tasks to queue
[2023-11-04 21:04:01,513] {logging_mixin.py:115} INFO - [2023-11-04 21:04:01,513] {dagbag.py:508} INFO - Filling up the DagBag from /home/airflow/.local/lib/python3.7/site-packages/airflow/example_dags/example_sla_dag.py
[2023-11-04 21:04:01,532] {processor.py:651} INFO - DAG(s) dict_keys(['example_sla_dag']) retrieved from /home/airflow/.local/lib/python3.7/site-packages/airflow/example_dags/example_sla_dag.py
[2023-11-04 21:04:01,561] {logging_mixin.py:115} INFO - [2023-11-04 21:04:01,561] {dag.py:2420} INFO - Sync 1 DAGs
[2023-11-04 21:04:01,607] {logging_mixin.py:115} INFO - [2023-11-04 21:04:01,607] {dag.py:2972} INFO - Setting next_dagrun for example_sla_dag to 2023-11-04T21:02:00+00:00, run_after=2023-11-04T21:04:00+00:00
[2023-11-04 21:04:01,624] {processor.py:161} INFO - Processing /home/airflow/.local/lib/python3.7/site-packages/airflow/example_dags/example_sla_dag.py took 0.117 seconds
[2023-11-04 21:04:31,744] {processor.py:153} INFO - Started process (PID=832) to work on /home/airflow/.local/lib/python3.7/site-packages/airflow/example_dags/example_sla_dag.py
[2023-11-04 21:04:31,744] {processor.py:641} INFO - Processing file /home/airflow/.local/lib/python3.7/site-packages/airflow/example_dags/example_sla_dag.py for tasks to queue
[2023-11-04 21:04:31,745] {logging_mixin.py:115} INFO - [2023-11-04 21:04:31,745] {dagbag.py:508} INFO - Filling up the DagBag from /home/airflow/.local/lib/python3.7/site-packages/airflow/example_dags/example_sla_dag.py
[2023-11-04 21:04:31,763] {processor.py:651} INFO - DAG(s) dict_keys(['example_sla_dag']) retrieved from /home/airflow/.local/lib/python3.7/site-packages/airflow/example_dags/example_sla_dag.py
[2023-11-04 21:04:31,789] {logging_mixin.py:115} INFO - [2023-11-04 21:04:31,789] {dag.py:2420} INFO - Sync 1 DAGs
[2023-11-04 21:04:31,819] {logging_mixin.py:115} INFO - [2023-11-04 21:04:31,818] {dag.py:2972} INFO - Setting next_dagrun for example_sla_dag to 2023-11-04T21:02:00+00:00, run_after=2023-11-04T21:04:00+00:00
[2023-11-04 21:04:31,833] {processor.py:161} INFO - Processing /home/airflow/.local/lib/python3.7/site-packages/airflow/example_dags/example_sla_dag.py took 0.092 seconds
[2023-11-04 21:05:02,726] {processor.py:153} INFO - Started process (PID=893) to work on /home/airflow/.local/lib/python3.7/site-packages/airflow/example_dags/example_sla_dag.py
[2023-11-04 21:05:02,727] {processor.py:641} INFO - Processing file /home/airflow/.local/lib/python3.7/site-packages/airflow/example_dags/example_sla_dag.py for tasks to queue
[2023-11-04 21:05:02,728] {logging_mixin.py:115} INFO - [2023-11-04 21:05:02,728] {dagbag.py:508} INFO - Filling up the DagBag from /home/airflow/.local/lib/python3.7/site-packages/airflow/example_dags/example_sla_dag.py
[2023-11-04 21:05:02,746] {processor.py:651} INFO - DAG(s) dict_keys(['example_sla_dag']) retrieved from /home/airflow/.local/lib/python3.7/site-packages/airflow/example_dags/example_sla_dag.py
[2023-11-04 21:05:02,771] {logging_mixin.py:115} INFO - [2023-11-04 21:05:02,771] {dag.py:2420} INFO - Sync 1 DAGs
[2023-11-04 21:05:02,796] {logging_mixin.py:115} INFO - [2023-11-04 21:05:02,796] {dag.py:2972} INFO - Setting next_dagrun for example_sla_dag to 2023-11-04T21:02:00+00:00, run_after=2023-11-04T21:04:00+00:00
[2023-11-04 21:05:02,808] {processor.py:161} INFO - Processing /home/airflow/.local/lib/python3.7/site-packages/airflow/example_dags/example_sla_dag.py took 0.085 seconds
[2023-11-04 21:05:32,848] {processor.py:153} INFO - Started process (PID=945) to work on /home/airflow/.local/lib/python3.7/site-packages/airflow/example_dags/example_sla_dag.py
[2023-11-04 21:05:32,849] {processor.py:641} INFO - Processing file /home/airflow/.local/lib/python3.7/site-packages/airflow/example_dags/example_sla_dag.py for tasks to queue
[2023-11-04 21:05:32,850] {logging_mixin.py:115} INFO - [2023-11-04 21:05:32,850] {dagbag.py:508} INFO - Filling up the DagBag from /home/airflow/.local/lib/python3.7/site-packages/airflow/example_dags/example_sla_dag.py
[2023-11-04 21:05:32,898] {processor.py:651} INFO - DAG(s) dict_keys(['example_sla_dag']) retrieved from /home/airflow/.local/lib/python3.7/site-packages/airflow/example_dags/example_sla_dag.py
[2023-11-04 21:05:32,935] {logging_mixin.py:115} INFO - [2023-11-04 21:05:32,934] {dag.py:2420} INFO - Sync 1 DAGs
[2023-11-04 21:05:32,974] {logging_mixin.py:115} INFO - [2023-11-04 21:05:32,974] {dag.py:2972} INFO - Setting next_dagrun for example_sla_dag to 2023-11-04T21:02:00+00:00, run_after=2023-11-04T21:04:00+00:00
[2023-11-04 21:05:32,988] {processor.py:161} INFO - Processing /home/airflow/.local/lib/python3.7/site-packages/airflow/example_dags/example_sla_dag.py took 0.144 seconds
[2023-11-04 21:06:16,042] {processor.py:153} INFO - Started process (PID=68) to work on /home/airflow/.local/lib/python3.7/site-packages/airflow/example_dags/example_sla_dag.py
[2023-11-04 21:06:16,043] {processor.py:641} INFO - Processing file /home/airflow/.local/lib/python3.7/site-packages/airflow/example_dags/example_sla_dag.py for tasks to queue
[2023-11-04 21:06:16,045] {logging_mixin.py:115} INFO - [2023-11-04 21:06:16,045] {dagbag.py:508} INFO - Filling up the DagBag from /home/airflow/.local/lib/python3.7/site-packages/airflow/example_dags/example_sla_dag.py
[2023-11-04 21:06:16,082] {processor.py:651} INFO - DAG(s) dict_keys(['example_sla_dag']) retrieved from /home/airflow/.local/lib/python3.7/site-packages/airflow/example_dags/example_sla_dag.py
[2023-11-04 21:06:16,362] {logging_mixin.py:115} INFO - [2023-11-04 21:06:16,362] {dag.py:2420} INFO - Sync 1 DAGs
[2023-11-04 21:06:16,415] {logging_mixin.py:115} INFO - [2023-11-04 21:06:16,415] {dag.py:2972} INFO - Setting next_dagrun for example_sla_dag to 2023-11-04T21:04:00+00:00, run_after=2023-11-04T21:06:00+00:00
[2023-11-04 21:06:16,472] {processor.py:161} INFO - Processing /home/airflow/.local/lib/python3.7/site-packages/airflow/example_dags/example_sla_dag.py took 0.437 seconds
[2023-11-04 21:06:47,203] {processor.py:153} INFO - Started process (PID=121) to work on /home/airflow/.local/lib/python3.7/site-packages/airflow/example_dags/example_sla_dag.py
[2023-11-04 21:06:47,204] {processor.py:641} INFO - Processing file /home/airflow/.local/lib/python3.7/site-packages/airflow/example_dags/example_sla_dag.py for tasks to queue
[2023-11-04 21:06:47,205] {logging_mixin.py:115} INFO - [2023-11-04 21:06:47,205] {dagbag.py:508} INFO - Filling up the DagBag from /home/airflow/.local/lib/python3.7/site-packages/airflow/example_dags/example_sla_dag.py
[2023-11-04 21:06:47,225] {processor.py:651} INFO - DAG(s) dict_keys(['example_sla_dag']) retrieved from /home/airflow/.local/lib/python3.7/site-packages/airflow/example_dags/example_sla_dag.py
[2023-11-04 21:06:47,377] {logging_mixin.py:115} INFO - [2023-11-04 21:06:47,377] {dag.py:2420} INFO - Sync 1 DAGs
[2023-11-04 21:06:47,409] {logging_mixin.py:115} INFO - [2023-11-04 21:06:47,409] {dag.py:2972} INFO - Setting next_dagrun for example_sla_dag to 2023-11-04T21:04:00+00:00, run_after=2023-11-04T21:06:00+00:00
[2023-11-04 21:06:47,421] {processor.py:161} INFO - Processing /home/airflow/.local/lib/python3.7/site-packages/airflow/example_dags/example_sla_dag.py took 0.222 seconds
[2023-11-04 21:07:17,639] {processor.py:153} INFO - Started process (PID=183) to work on /home/airflow/.local/lib/python3.7/site-packages/airflow/example_dags/example_sla_dag.py
[2023-11-04 21:07:17,640] {processor.py:641} INFO - Processing file /home/airflow/.local/lib/python3.7/site-packages/airflow/example_dags/example_sla_dag.py for tasks to queue
[2023-11-04 21:07:17,641] {logging_mixin.py:115} INFO - [2023-11-04 21:07:17,641] {dagbag.py:508} INFO - Filling up the DagBag from /home/airflow/.local/lib/python3.7/site-packages/airflow/example_dags/example_sla_dag.py
[2023-11-04 21:07:17,667] {processor.py:651} INFO - DAG(s) dict_keys(['example_sla_dag']) retrieved from /home/airflow/.local/lib/python3.7/site-packages/airflow/example_dags/example_sla_dag.py
[2023-11-04 21:07:17,820] {logging_mixin.py:115} INFO - [2023-11-04 21:07:17,820] {dag.py:2420} INFO - Sync 1 DAGs
[2023-11-04 21:07:17,847] {logging_mixin.py:115} INFO - [2023-11-04 21:07:17,847] {dag.py:2972} INFO - Setting next_dagrun for example_sla_dag to 2023-11-04T21:04:00+00:00, run_after=2023-11-04T21:06:00+00:00
[2023-11-04 21:07:17,861] {processor.py:161} INFO - Processing /home/airflow/.local/lib/python3.7/site-packages/airflow/example_dags/example_sla_dag.py took 0.226 seconds
[2023-11-04 21:07:47,993] {processor.py:153} INFO - Started process (PID=245) to work on /home/airflow/.local/lib/python3.7/site-packages/airflow/example_dags/example_sla_dag.py
[2023-11-04 21:07:47,994] {processor.py:641} INFO - Processing file /home/airflow/.local/lib/python3.7/site-packages/airflow/example_dags/example_sla_dag.py for tasks to queue
[2023-11-04 21:07:47,995] {logging_mixin.py:115} INFO - [2023-11-04 21:07:47,995] {dagbag.py:508} INFO - Filling up the DagBag from /home/airflow/.local/lib/python3.7/site-packages/airflow/example_dags/example_sla_dag.py
[2023-11-04 21:07:48,015] {processor.py:651} INFO - DAG(s) dict_keys(['example_sla_dag']) retrieved from /home/airflow/.local/lib/python3.7/site-packages/airflow/example_dags/example_sla_dag.py
[2023-11-04 21:07:48,151] {logging_mixin.py:115} INFO - [2023-11-04 21:07:48,150] {dag.py:2420} INFO - Sync 1 DAGs
[2023-11-04 21:07:48,175] {logging_mixin.py:115} INFO - [2023-11-04 21:07:48,175] {dag.py:2972} INFO - Setting next_dagrun for example_sla_dag to 2023-11-04T21:04:00+00:00, run_after=2023-11-04T21:06:00+00:00
[2023-11-04 21:07:48,186] {processor.py:161} INFO - Processing /home/airflow/.local/lib/python3.7/site-packages/airflow/example_dags/example_sla_dag.py took 0.196 seconds
[2023-11-04 21:08:18,393] {processor.py:153} INFO - Started process (PID=298) to work on /home/airflow/.local/lib/python3.7/site-packages/airflow/example_dags/example_sla_dag.py
[2023-11-04 21:08:18,395] {processor.py:641} INFO - Processing file /home/airflow/.local/lib/python3.7/site-packages/airflow/example_dags/example_sla_dag.py for tasks to queue
[2023-11-04 21:08:18,395] {logging_mixin.py:115} INFO - [2023-11-04 21:08:18,395] {dagbag.py:508} INFO - Filling up the DagBag from /home/airflow/.local/lib/python3.7/site-packages/airflow/example_dags/example_sla_dag.py
[2023-11-04 21:08:18,413] {processor.py:651} INFO - DAG(s) dict_keys(['example_sla_dag']) retrieved from /home/airflow/.local/lib/python3.7/site-packages/airflow/example_dags/example_sla_dag.py
[2023-11-04 21:08:18,569] {logging_mixin.py:115} INFO - [2023-11-04 21:08:18,569] {dag.py:2420} INFO - Sync 1 DAGs
[2023-11-04 21:08:18,598] {logging_mixin.py:115} INFO - [2023-11-04 21:08:18,598] {dag.py:2972} INFO - Setting next_dagrun for example_sla_dag to 2023-11-04T21:06:00+00:00, run_after=2023-11-04T21:08:00+00:00
[2023-11-04 21:08:18,609] {processor.py:161} INFO - Processing /home/airflow/.local/lib/python3.7/site-packages/airflow/example_dags/example_sla_dag.py took 0.219 seconds
[2023-11-04 21:08:48,817] {processor.py:153} INFO - Started process (PID=361) to work on /home/airflow/.local/lib/python3.7/site-packages/airflow/example_dags/example_sla_dag.py
[2023-11-04 21:08:48,818] {processor.py:641} INFO - Processing file /home/airflow/.local/lib/python3.7/site-packages/airflow/example_dags/example_sla_dag.py for tasks to queue
[2023-11-04 21:08:48,819] {logging_mixin.py:115} INFO - [2023-11-04 21:08:48,818] {dagbag.py:508} INFO - Filling up the DagBag from /home/airflow/.local/lib/python3.7/site-packages/airflow/example_dags/example_sla_dag.py
[2023-11-04 21:08:48,842] {processor.py:651} INFO - DAG(s) dict_keys(['example_sla_dag']) retrieved from /home/airflow/.local/lib/python3.7/site-packages/airflow/example_dags/example_sla_dag.py
[2023-11-04 21:08:48,988] {logging_mixin.py:115} INFO - [2023-11-04 21:08:48,988] {dag.py:2420} INFO - Sync 1 DAGs
[2023-11-04 21:08:49,014] {logging_mixin.py:115} INFO - [2023-11-04 21:08:49,014] {dag.py:2972} INFO - Setting next_dagrun for example_sla_dag to 2023-11-04T21:06:00+00:00, run_after=2023-11-04T21:08:00+00:00
[2023-11-04 21:08:49,026] {processor.py:161} INFO - Processing /home/airflow/.local/lib/python3.7/site-packages/airflow/example_dags/example_sla_dag.py took 0.214 seconds
[2023-11-04 21:09:19,205] {processor.py:153} INFO - Started process (PID=423) to work on /home/airflow/.local/lib/python3.7/site-packages/airflow/example_dags/example_sla_dag.py
[2023-11-04 21:09:19,206] {processor.py:641} INFO - Processing file /home/airflow/.local/lib/python3.7/site-packages/airflow/example_dags/example_sla_dag.py for tasks to queue
[2023-11-04 21:09:19,207] {logging_mixin.py:115} INFO - [2023-11-04 21:09:19,207] {dagbag.py:508} INFO - Filling up the DagBag from /home/airflow/.local/lib/python3.7/site-packages/airflow/example_dags/example_sla_dag.py
[2023-11-04 21:09:19,235] {processor.py:651} INFO - DAG(s) dict_keys(['example_sla_dag']) retrieved from /home/airflow/.local/lib/python3.7/site-packages/airflow/example_dags/example_sla_dag.py
[2023-11-04 21:09:19,378] {logging_mixin.py:115} INFO - [2023-11-04 21:09:19,377] {dag.py:2420} INFO - Sync 1 DAGs
[2023-11-04 21:09:19,402] {logging_mixin.py:115} INFO - [2023-11-04 21:09:19,402] {dag.py:2972} INFO - Setting next_dagrun for example_sla_dag to 2023-11-04T21:06:00+00:00, run_after=2023-11-04T21:08:00+00:00
[2023-11-04 21:09:19,412] {processor.py:161} INFO - Processing /home/airflow/.local/lib/python3.7/site-packages/airflow/example_dags/example_sla_dag.py took 0.212 seconds
[2023-11-04 21:09:49,909] {processor.py:153} INFO - Started process (PID=476) to work on /home/airflow/.local/lib/python3.7/site-packages/airflow/example_dags/example_sla_dag.py
[2023-11-04 21:09:49,910] {processor.py:641} INFO - Processing file /home/airflow/.local/lib/python3.7/site-packages/airflow/example_dags/example_sla_dag.py for tasks to queue
[2023-11-04 21:09:49,911] {logging_mixin.py:115} INFO - [2023-11-04 21:09:49,911] {dagbag.py:508} INFO - Filling up the DagBag from /home/airflow/.local/lib/python3.7/site-packages/airflow/example_dags/example_sla_dag.py
[2023-11-04 21:09:49,934] {processor.py:651} INFO - DAG(s) dict_keys(['example_sla_dag']) retrieved from /home/airflow/.local/lib/python3.7/site-packages/airflow/example_dags/example_sla_dag.py
[2023-11-04 21:09:50,069] {logging_mixin.py:115} INFO - [2023-11-04 21:09:50,069] {dag.py:2420} INFO - Sync 1 DAGs
[2023-11-04 21:09:50,095] {logging_mixin.py:115} INFO - [2023-11-04 21:09:50,095] {dag.py:2972} INFO - Setting next_dagrun for example_sla_dag to 2023-11-04T21:06:00+00:00, run_after=2023-11-04T21:08:00+00:00
[2023-11-04 21:09:50,106] {processor.py:161} INFO - Processing /home/airflow/.local/lib/python3.7/site-packages/airflow/example_dags/example_sla_dag.py took 0.201 seconds
[2023-11-04 21:10:21,029] {processor.py:153} INFO - Started process (PID=538) to work on /home/airflow/.local/lib/python3.7/site-packages/airflow/example_dags/example_sla_dag.py
[2023-11-04 21:10:21,030] {processor.py:641} INFO - Processing file /home/airflow/.local/lib/python3.7/site-packages/airflow/example_dags/example_sla_dag.py for tasks to queue
[2023-11-04 21:10:21,031] {logging_mixin.py:115} INFO - [2023-11-04 21:10:21,031] {dagbag.py:508} INFO - Filling up the DagBag from /home/airflow/.local/lib/python3.7/site-packages/airflow/example_dags/example_sla_dag.py
[2023-11-04 21:10:21,051] {processor.py:651} INFO - DAG(s) dict_keys(['example_sla_dag']) retrieved from /home/airflow/.local/lib/python3.7/site-packages/airflow/example_dags/example_sla_dag.py
[2023-11-04 21:10:21,184] {logging_mixin.py:115} INFO - [2023-11-04 21:10:21,184] {dag.py:2420} INFO - Sync 1 DAGs
[2023-11-04 21:10:21,211] {logging_mixin.py:115} INFO - [2023-11-04 21:10:21,211] {dag.py:2972} INFO - Setting next_dagrun for example_sla_dag to 2023-11-04T21:08:00+00:00, run_after=2023-11-04T21:10:00+00:00
[2023-11-04 21:10:21,222] {processor.py:161} INFO - Processing /home/airflow/.local/lib/python3.7/site-packages/airflow/example_dags/example_sla_dag.py took 0.198 seconds
[2023-11-04 21:10:51,418] {processor.py:153} INFO - Started process (PID=600) to work on /home/airflow/.local/lib/python3.7/site-packages/airflow/example_dags/example_sla_dag.py
[2023-11-04 21:10:51,419] {processor.py:641} INFO - Processing file /home/airflow/.local/lib/python3.7/site-packages/airflow/example_dags/example_sla_dag.py for tasks to queue
[2023-11-04 21:10:51,420] {logging_mixin.py:115} INFO - [2023-11-04 21:10:51,420] {dagbag.py:508} INFO - Filling up the DagBag from /home/airflow/.local/lib/python3.7/site-packages/airflow/example_dags/example_sla_dag.py
[2023-11-04 21:10:51,438] {processor.py:651} INFO - DAG(s) dict_keys(['example_sla_dag']) retrieved from /home/airflow/.local/lib/python3.7/site-packages/airflow/example_dags/example_sla_dag.py
[2023-11-04 21:10:51,567] {logging_mixin.py:115} INFO - [2023-11-04 21:10:51,567] {dag.py:2420} INFO - Sync 1 DAGs
[2023-11-04 21:10:51,595] {logging_mixin.py:115} INFO - [2023-11-04 21:10:51,595] {dag.py:2972} INFO - Setting next_dagrun for example_sla_dag to 2023-11-04T21:08:00+00:00, run_after=2023-11-04T21:10:00+00:00
[2023-11-04 21:10:51,609] {processor.py:161} INFO - Processing /home/airflow/.local/lib/python3.7/site-packages/airflow/example_dags/example_sla_dag.py took 0.195 seconds
[2023-11-04 21:11:22,124] {processor.py:153} INFO - Started process (PID=653) to work on /home/airflow/.local/lib/python3.7/site-packages/airflow/example_dags/example_sla_dag.py
[2023-11-04 21:11:22,126] {processor.py:641} INFO - Processing file /home/airflow/.local/lib/python3.7/site-packages/airflow/example_dags/example_sla_dag.py for tasks to queue
[2023-11-04 21:11:22,127] {logging_mixin.py:115} INFO - [2023-11-04 21:11:22,127] {dagbag.py:508} INFO - Filling up the DagBag from /home/airflow/.local/lib/python3.7/site-packages/airflow/example_dags/example_sla_dag.py
[2023-11-04 21:11:22,150] {processor.py:651} INFO - DAG(s) dict_keys(['example_sla_dag']) retrieved from /home/airflow/.local/lib/python3.7/site-packages/airflow/example_dags/example_sla_dag.py
[2023-11-04 21:11:22,273] {logging_mixin.py:115} INFO - [2023-11-04 21:11:22,273] {dag.py:2420} INFO - Sync 1 DAGs
[2023-11-04 21:11:22,296] {logging_mixin.py:115} INFO - [2023-11-04 21:11:22,296] {dag.py:2972} INFO - Setting next_dagrun for example_sla_dag to 2023-11-04T21:08:00+00:00, run_after=2023-11-04T21:10:00+00:00
[2023-11-04 21:11:22,306] {processor.py:161} INFO - Processing /home/airflow/.local/lib/python3.7/site-packages/airflow/example_dags/example_sla_dag.py took 0.186 seconds
[2023-11-04 21:11:52,555] {processor.py:153} INFO - Started process (PID=715) to work on /home/airflow/.local/lib/python3.7/site-packages/airflow/example_dags/example_sla_dag.py
[2023-11-04 21:11:52,556] {processor.py:641} INFO - Processing file /home/airflow/.local/lib/python3.7/site-packages/airflow/example_dags/example_sla_dag.py for tasks to queue
[2023-11-04 21:11:52,557] {logging_mixin.py:115} INFO - [2023-11-04 21:11:52,557] {dagbag.py:508} INFO - Filling up the DagBag from /home/airflow/.local/lib/python3.7/site-packages/airflow/example_dags/example_sla_dag.py
[2023-11-04 21:11:52,577] {processor.py:651} INFO - DAG(s) dict_keys(['example_sla_dag']) retrieved from /home/airflow/.local/lib/python3.7/site-packages/airflow/example_dags/example_sla_dag.py
[2023-11-04 21:11:52,714] {logging_mixin.py:115} INFO - [2023-11-04 21:11:52,714] {dag.py:2420} INFO - Sync 1 DAGs
[2023-11-04 21:11:52,742] {logging_mixin.py:115} INFO - [2023-11-04 21:11:52,741] {dag.py:2972} INFO - Setting next_dagrun for example_sla_dag to 2023-11-04T21:08:00+00:00, run_after=2023-11-04T21:10:00+00:00
[2023-11-04 21:11:52,753] {processor.py:161} INFO - Processing /home/airflow/.local/lib/python3.7/site-packages/airflow/example_dags/example_sla_dag.py took 0.203 seconds
[2023-11-04 21:12:23,094] {processor.py:153} INFO - Started process (PID=777) to work on /home/airflow/.local/lib/python3.7/site-packages/airflow/example_dags/example_sla_dag.py
[2023-11-04 21:12:23,096] {processor.py:641} INFO - Processing file /home/airflow/.local/lib/python3.7/site-packages/airflow/example_dags/example_sla_dag.py for tasks to queue
[2023-11-04 21:12:23,099] {logging_mixin.py:115} INFO - [2023-11-04 21:12:23,099] {dagbag.py:508} INFO - Filling up the DagBag from /home/airflow/.local/lib/python3.7/site-packages/airflow/example_dags/example_sla_dag.py
[2023-11-04 21:12:23,164] {processor.py:651} INFO - DAG(s) dict_keys(['example_sla_dag']) retrieved from /home/airflow/.local/lib/python3.7/site-packages/airflow/example_dags/example_sla_dag.py
[2023-11-04 21:12:23,421] {logging_mixin.py:115} INFO - [2023-11-04 21:12:23,421] {dag.py:2420} INFO - Sync 1 DAGs
[2023-11-04 21:12:23,472] {logging_mixin.py:115} INFO - [2023-11-04 21:12:23,472] {dag.py:2972} INFO - Setting next_dagrun for example_sla_dag to 2023-11-04T21:10:00+00:00, run_after=2023-11-04T21:12:00+00:00
[2023-11-04 21:12:23,499] {processor.py:161} INFO - Processing /home/airflow/.local/lib/python3.7/site-packages/airflow/example_dags/example_sla_dag.py took 0.426 seconds
[2023-11-04 21:12:53,953] {processor.py:153} INFO - Started process (PID=830) to work on /home/airflow/.local/lib/python3.7/site-packages/airflow/example_dags/example_sla_dag.py
[2023-11-04 21:12:53,955] {processor.py:641} INFO - Processing file /home/airflow/.local/lib/python3.7/site-packages/airflow/example_dags/example_sla_dag.py for tasks to queue
[2023-11-04 21:12:53,957] {logging_mixin.py:115} INFO - [2023-11-04 21:12:53,957] {dagbag.py:508} INFO - Filling up the DagBag from /home/airflow/.local/lib/python3.7/site-packages/airflow/example_dags/example_sla_dag.py
[2023-11-04 21:12:54,011] {processor.py:651} INFO - DAG(s) dict_keys(['example_sla_dag']) retrieved from /home/airflow/.local/lib/python3.7/site-packages/airflow/example_dags/example_sla_dag.py
[2023-11-04 21:12:54,280] {logging_mixin.py:115} INFO - [2023-11-04 21:12:54,280] {dag.py:2420} INFO - Sync 1 DAGs
[2023-11-04 21:12:54,337] {logging_mixin.py:115} INFO - [2023-11-04 21:12:54,337] {dag.py:2972} INFO - Setting next_dagrun for example_sla_dag to 2023-11-04T21:10:00+00:00, run_after=2023-11-04T21:12:00+00:00
[2023-11-04 21:12:54,394] {processor.py:161} INFO - Processing /home/airflow/.local/lib/python3.7/site-packages/airflow/example_dags/example_sla_dag.py took 0.449 seconds
[2023-11-04 21:13:25,126] {processor.py:153} INFO - Started process (PID=883) to work on /home/airflow/.local/lib/python3.7/site-packages/airflow/example_dags/example_sla_dag.py
[2023-11-04 21:13:25,127] {processor.py:641} INFO - Processing file /home/airflow/.local/lib/python3.7/site-packages/airflow/example_dags/example_sla_dag.py for tasks to queue
[2023-11-04 21:13:25,128] {logging_mixin.py:115} INFO - [2023-11-04 21:13:25,128] {dagbag.py:508} INFO - Filling up the DagBag from /home/airflow/.local/lib/python3.7/site-packages/airflow/example_dags/example_sla_dag.py
[2023-11-04 21:13:25,179] {processor.py:651} INFO - DAG(s) dict_keys(['example_sla_dag']) retrieved from /home/airflow/.local/lib/python3.7/site-packages/airflow/example_dags/example_sla_dag.py
[2023-11-04 21:13:25,452] {logging_mixin.py:115} INFO - [2023-11-04 21:13:25,452] {dag.py:2420} INFO - Sync 1 DAGs
[2023-11-04 21:13:25,547] {logging_mixin.py:115} INFO - [2023-11-04 21:13:25,546] {dag.py:2972} INFO - Setting next_dagrun for example_sla_dag to 2023-11-04T21:10:00+00:00, run_after=2023-11-04T21:12:00+00:00
[2023-11-04 21:13:25,587] {processor.py:161} INFO - Processing /home/airflow/.local/lib/python3.7/site-packages/airflow/example_dags/example_sla_dag.py took 0.468 seconds
[2023-11-04 21:15:24,894] {processor.py:153} INFO - Started process (PID=68) to work on /home/airflow/.local/lib/python3.7/site-packages/airflow/example_dags/example_sla_dag.py
[2023-11-04 21:15:24,896] {processor.py:641} INFO - Processing file /home/airflow/.local/lib/python3.7/site-packages/airflow/example_dags/example_sla_dag.py for tasks to queue
[2023-11-04 21:15:24,898] {logging_mixin.py:115} INFO - [2023-11-04 21:15:24,897] {dagbag.py:508} INFO - Filling up the DagBag from /home/airflow/.local/lib/python3.7/site-packages/airflow/example_dags/example_sla_dag.py
[2023-11-04 21:15:24,944] {processor.py:651} INFO - DAG(s) dict_keys(['example_sla_dag']) retrieved from /home/airflow/.local/lib/python3.7/site-packages/airflow/example_dags/example_sla_dag.py
[2023-11-04 21:15:25,307] {logging_mixin.py:115} INFO - [2023-11-04 21:15:25,306] {dag.py:2420} INFO - Sync 1 DAGs
[2023-11-04 21:15:25,396] {logging_mixin.py:115} INFO - [2023-11-04 21:15:25,396] {dag.py:2972} INFO - Setting next_dagrun for example_sla_dag to 2023-11-04T21:12:00+00:00, run_after=2023-11-04T21:14:00+00:00
[2023-11-04 21:15:25,432] {processor.py:161} INFO - Processing /home/airflow/.local/lib/python3.7/site-packages/airflow/example_dags/example_sla_dag.py took 0.545 seconds
[2023-11-04 21:15:55,545] {processor.py:153} INFO - Started process (PID=121) to work on /home/airflow/.local/lib/python3.7/site-packages/airflow/example_dags/example_sla_dag.py
[2023-11-04 21:15:55,547] {processor.py:641} INFO - Processing file /home/airflow/.local/lib/python3.7/site-packages/airflow/example_dags/example_sla_dag.py for tasks to queue
[2023-11-04 21:15:55,549] {logging_mixin.py:115} INFO - [2023-11-04 21:15:55,549] {dagbag.py:508} INFO - Filling up the DagBag from /home/airflow/.local/lib/python3.7/site-packages/airflow/example_dags/example_sla_dag.py
[2023-11-04 21:15:55,590] {processor.py:651} INFO - DAG(s) dict_keys(['example_sla_dag']) retrieved from /home/airflow/.local/lib/python3.7/site-packages/airflow/example_dags/example_sla_dag.py
[2023-11-04 21:15:55,842] {logging_mixin.py:115} INFO - [2023-11-04 21:15:55,842] {dag.py:2420} INFO - Sync 1 DAGs
[2023-11-04 21:15:55,912] {logging_mixin.py:115} INFO - [2023-11-04 21:15:55,912] {dag.py:2972} INFO - Setting next_dagrun for example_sla_dag to 2023-11-04T21:12:00+00:00, run_after=2023-11-04T21:14:00+00:00
[2023-11-04 21:15:55,939] {processor.py:161} INFO - Processing /home/airflow/.local/lib/python3.7/site-packages/airflow/example_dags/example_sla_dag.py took 0.403 seconds
[2023-11-04 21:16:26,426] {processor.py:153} INFO - Started process (PID=183) to work on /home/airflow/.local/lib/python3.7/site-packages/airflow/example_dags/example_sla_dag.py
[2023-11-04 21:16:26,437] {processor.py:641} INFO - Processing file /home/airflow/.local/lib/python3.7/site-packages/airflow/example_dags/example_sla_dag.py for tasks to queue
[2023-11-04 21:16:26,438] {logging_mixin.py:115} INFO - [2023-11-04 21:16:26,438] {dagbag.py:508} INFO - Filling up the DagBag from /home/airflow/.local/lib/python3.7/site-packages/airflow/example_dags/example_sla_dag.py
[2023-11-04 21:16:26,470] {processor.py:651} INFO - DAG(s) dict_keys(['example_sla_dag']) retrieved from /home/airflow/.local/lib/python3.7/site-packages/airflow/example_dags/example_sla_dag.py
[2023-11-04 21:16:26,790] {logging_mixin.py:115} INFO - [2023-11-04 21:16:26,790] {dag.py:2420} INFO - Sync 1 DAGs
[2023-11-04 21:16:26,874] {logging_mixin.py:115} INFO - [2023-11-04 21:16:26,873] {dag.py:2972} INFO - Setting next_dagrun for example_sla_dag to 2023-11-04T21:14:00+00:00, run_after=2023-11-04T21:16:00+00:00
[2023-11-04 21:16:26,910] {processor.py:161} INFO - Processing /home/airflow/.local/lib/python3.7/site-packages/airflow/example_dags/example_sla_dag.py took 0.490 seconds
[2023-11-04 21:16:57,697] {processor.py:153} INFO - Started process (PID=236) to work on /home/airflow/.local/lib/python3.7/site-packages/airflow/example_dags/example_sla_dag.py
[2023-11-04 21:16:57,699] {processor.py:641} INFO - Processing file /home/airflow/.local/lib/python3.7/site-packages/airflow/example_dags/example_sla_dag.py for tasks to queue
[2023-11-04 21:16:57,702] {logging_mixin.py:115} INFO - [2023-11-04 21:16:57,702] {dagbag.py:508} INFO - Filling up the DagBag from /home/airflow/.local/lib/python3.7/site-packages/airflow/example_dags/example_sla_dag.py
[2023-11-04 21:16:57,769] {processor.py:651} INFO - DAG(s) dict_keys(['example_sla_dag']) retrieved from /home/airflow/.local/lib/python3.7/site-packages/airflow/example_dags/example_sla_dag.py
[2023-11-04 21:16:58,081] {logging_mixin.py:115} INFO - [2023-11-04 21:16:58,081] {dag.py:2420} INFO - Sync 1 DAGs
[2023-11-04 21:16:58,163] {logging_mixin.py:115} INFO - [2023-11-04 21:16:58,163] {dag.py:2972} INFO - Setting next_dagrun for example_sla_dag to 2023-11-04T21:14:00+00:00, run_after=2023-11-04T21:16:00+00:00
[2023-11-04 21:16:58,191] {processor.py:161} INFO - Processing /home/airflow/.local/lib/python3.7/site-packages/airflow/example_dags/example_sla_dag.py took 0.504 seconds
[2023-11-04 21:17:29,260] {processor.py:153} INFO - Started process (PID=289) to work on /home/airflow/.local/lib/python3.7/site-packages/airflow/example_dags/example_sla_dag.py
[2023-11-04 21:17:29,277] {processor.py:641} INFO - Processing file /home/airflow/.local/lib/python3.7/site-packages/airflow/example_dags/example_sla_dag.py for tasks to queue
[2023-11-04 21:17:29,279] {logging_mixin.py:115} INFO - [2023-11-04 21:17:29,279] {dagbag.py:508} INFO - Filling up the DagBag from /home/airflow/.local/lib/python3.7/site-packages/airflow/example_dags/example_sla_dag.py
[2023-11-04 21:17:29,320] {processor.py:651} INFO - DAG(s) dict_keys(['example_sla_dag']) retrieved from /home/airflow/.local/lib/python3.7/site-packages/airflow/example_dags/example_sla_dag.py
[2023-11-04 21:17:29,571] {logging_mixin.py:115} INFO - [2023-11-04 21:17:29,571] {dag.py:2420} INFO - Sync 1 DAGs
[2023-11-04 21:17:29,644] {logging_mixin.py:115} INFO - [2023-11-04 21:17:29,643] {dag.py:2972} INFO - Setting next_dagrun for example_sla_dag to 2023-11-04T21:14:00+00:00, run_after=2023-11-04T21:16:00+00:00
[2023-11-04 21:17:29,684] {processor.py:161} INFO - Processing /home/airflow/.local/lib/python3.7/site-packages/airflow/example_dags/example_sla_dag.py took 0.430 seconds
[2023-11-04 21:17:59,892] {processor.py:153} INFO - Started process (PID=349) to work on /home/airflow/.local/lib/python3.7/site-packages/airflow/example_dags/example_sla_dag.py
[2023-11-04 21:17:59,893] {processor.py:641} INFO - Processing file /home/airflow/.local/lib/python3.7/site-packages/airflow/example_dags/example_sla_dag.py for tasks to queue
[2023-11-04 21:17:59,896] {logging_mixin.py:115} INFO - [2023-11-04 21:17:59,896] {dagbag.py:508} INFO - Filling up the DagBag from /home/airflow/.local/lib/python3.7/site-packages/airflow/example_dags/example_sla_dag.py
[2023-11-04 21:17:59,933] {processor.py:651} INFO - DAG(s) dict_keys(['example_sla_dag']) retrieved from /home/airflow/.local/lib/python3.7/site-packages/airflow/example_dags/example_sla_dag.py
[2023-11-04 21:18:00,195] {logging_mixin.py:115} INFO - [2023-11-04 21:18:00,195] {dag.py:2420} INFO - Sync 1 DAGs
[2023-11-04 21:18:00,246] {logging_mixin.py:115} INFO - [2023-11-04 21:18:00,246] {dag.py:2972} INFO - Setting next_dagrun for example_sla_dag to 2023-11-04T21:16:00+00:00, run_after=2023-11-04T21:18:00+00:00
[2023-11-04 21:18:00,269] {processor.py:161} INFO - Processing /home/airflow/.local/lib/python3.7/site-packages/airflow/example_dags/example_sla_dag.py took 0.385 seconds
[2023-11-04 21:18:30,449] {processor.py:153} INFO - Started process (PID=404) to work on /home/airflow/.local/lib/python3.7/site-packages/airflow/example_dags/example_sla_dag.py
[2023-11-04 21:18:30,451] {processor.py:641} INFO - Processing file /home/airflow/.local/lib/python3.7/site-packages/airflow/example_dags/example_sla_dag.py for tasks to queue
[2023-11-04 21:18:30,452] {logging_mixin.py:115} INFO - [2023-11-04 21:18:30,452] {dagbag.py:508} INFO - Filling up the DagBag from /home/airflow/.local/lib/python3.7/site-packages/airflow/example_dags/example_sla_dag.py
[2023-11-04 21:18:30,486] {processor.py:651} INFO - DAG(s) dict_keys(['example_sla_dag']) retrieved from /home/airflow/.local/lib/python3.7/site-packages/airflow/example_dags/example_sla_dag.py
[2023-11-04 21:18:30,740] {logging_mixin.py:115} INFO - [2023-11-04 21:18:30,740] {dag.py:2420} INFO - Sync 1 DAGs
[2023-11-04 21:18:30,792] {logging_mixin.py:115} INFO - [2023-11-04 21:18:30,792] {dag.py:2972} INFO - Setting next_dagrun for example_sla_dag to 2023-11-04T21:16:00+00:00, run_after=2023-11-04T21:18:00+00:00
[2023-11-04 21:18:30,819] {processor.py:161} INFO - Processing /home/airflow/.local/lib/python3.7/site-packages/airflow/example_dags/example_sla_dag.py took 0.376 seconds
[2023-11-04 21:19:01,214] {processor.py:153} INFO - Started process (PID=473) to work on /home/airflow/.local/lib/python3.7/site-packages/airflow/example_dags/example_sla_dag.py
[2023-11-04 21:19:01,216] {processor.py:641} INFO - Processing file /home/airflow/.local/lib/python3.7/site-packages/airflow/example_dags/example_sla_dag.py for tasks to queue
[2023-11-04 21:19:01,218] {logging_mixin.py:115} INFO - [2023-11-04 21:19:01,218] {dagbag.py:508} INFO - Filling up the DagBag from /home/airflow/.local/lib/python3.7/site-packages/airflow/example_dags/example_sla_dag.py
[2023-11-04 21:19:01,264] {processor.py:651} INFO - DAG(s) dict_keys(['example_sla_dag']) retrieved from /home/airflow/.local/lib/python3.7/site-packages/airflow/example_dags/example_sla_dag.py
[2023-11-04 21:19:01,760] {logging_mixin.py:115} INFO - [2023-11-04 21:19:01,760] {dag.py:2420} INFO - Sync 1 DAGs
[2023-11-04 21:19:01,833] {logging_mixin.py:115} INFO - [2023-11-04 21:19:01,833] {dag.py:2972} INFO - Setting next_dagrun for example_sla_dag to 2023-11-04T21:16:00+00:00, run_after=2023-11-04T21:18:00+00:00
[2023-11-04 21:19:01,853] {processor.py:161} INFO - Processing /home/airflow/.local/lib/python3.7/site-packages/airflow/example_dags/example_sla_dag.py took 0.646 seconds
[2023-11-04 21:19:32,430] {processor.py:153} INFO - Started process (PID=536) to work on /home/airflow/.local/lib/python3.7/site-packages/airflow/example_dags/example_sla_dag.py
[2023-11-04 21:19:32,431] {processor.py:641} INFO - Processing file /home/airflow/.local/lib/python3.7/site-packages/airflow/example_dags/example_sla_dag.py for tasks to queue
[2023-11-04 21:19:32,432] {logging_mixin.py:115} INFO - [2023-11-04 21:19:32,432] {dagbag.py:508} INFO - Filling up the DagBag from /home/airflow/.local/lib/python3.7/site-packages/airflow/example_dags/example_sla_dag.py
[2023-11-04 21:19:32,456] {processor.py:651} INFO - DAG(s) dict_keys(['example_sla_dag']) retrieved from /home/airflow/.local/lib/python3.7/site-packages/airflow/example_dags/example_sla_dag.py
[2023-11-04 21:19:32,616] {logging_mixin.py:115} INFO - [2023-11-04 21:19:32,616] {dag.py:2420} INFO - Sync 1 DAGs
[2023-11-04 21:19:32,650] {logging_mixin.py:115} INFO - [2023-11-04 21:19:32,650] {dag.py:2972} INFO - Setting next_dagrun for example_sla_dag to 2023-11-04T21:16:00+00:00, run_after=2023-11-04T21:18:00+00:00
[2023-11-04 21:19:32,665] {processor.py:161} INFO - Processing /home/airflow/.local/lib/python3.7/site-packages/airflow/example_dags/example_sla_dag.py took 0.242 seconds
[2023-11-04 21:20:03,143] {processor.py:153} INFO - Started process (PID=589) to work on /home/airflow/.local/lib/python3.7/site-packages/airflow/example_dags/example_sla_dag.py
[2023-11-04 21:20:03,145] {processor.py:641} INFO - Processing file /home/airflow/.local/lib/python3.7/site-packages/airflow/example_dags/example_sla_dag.py for tasks to queue
[2023-11-04 21:20:03,146] {logging_mixin.py:115} INFO - [2023-11-04 21:20:03,146] {dagbag.py:508} INFO - Filling up the DagBag from /home/airflow/.local/lib/python3.7/site-packages/airflow/example_dags/example_sla_dag.py
[2023-11-04 21:20:03,179] {processor.py:651} INFO - DAG(s) dict_keys(['example_sla_dag']) retrieved from /home/airflow/.local/lib/python3.7/site-packages/airflow/example_dags/example_sla_dag.py
[2023-11-04 21:20:03,371] {logging_mixin.py:115} INFO - [2023-11-04 21:20:03,371] {dag.py:2420} INFO - Sync 1 DAGs
[2023-11-04 21:20:03,400] {logging_mixin.py:115} INFO - [2023-11-04 21:20:03,400] {dag.py:2972} INFO - Setting next_dagrun for example_sla_dag to 2023-11-04T21:18:00+00:00, run_after=2023-11-04T21:20:00+00:00
[2023-11-04 21:20:03,415] {processor.py:161} INFO - Processing /home/airflow/.local/lib/python3.7/site-packages/airflow/example_dags/example_sla_dag.py took 0.277 seconds
[2023-11-04 21:20:33,688] {processor.py:153} INFO - Started process (PID=651) to work on /home/airflow/.local/lib/python3.7/site-packages/airflow/example_dags/example_sla_dag.py
[2023-11-04 21:20:33,690] {processor.py:641} INFO - Processing file /home/airflow/.local/lib/python3.7/site-packages/airflow/example_dags/example_sla_dag.py for tasks to queue
[2023-11-04 21:20:33,692] {logging_mixin.py:115} INFO - [2023-11-04 21:20:33,691] {dagbag.py:508} INFO - Filling up the DagBag from /home/airflow/.local/lib/python3.7/site-packages/airflow/example_dags/example_sla_dag.py
[2023-11-04 21:20:33,733] {processor.py:651} INFO - DAG(s) dict_keys(['example_sla_dag']) retrieved from /home/airflow/.local/lib/python3.7/site-packages/airflow/example_dags/example_sla_dag.py
[2023-11-04 21:20:33,934] {logging_mixin.py:115} INFO - [2023-11-04 21:20:33,934] {dag.py:2420} INFO - Sync 1 DAGs
[2023-11-04 21:20:33,980] {logging_mixin.py:115} INFO - [2023-11-04 21:20:33,979] {dag.py:2972} INFO - Setting next_dagrun for example_sla_dag to 2023-11-04T21:18:00+00:00, run_after=2023-11-04T21:20:00+00:00
[2023-11-04 21:20:34,002] {processor.py:161} INFO - Processing /home/airflow/.local/lib/python3.7/site-packages/airflow/example_dags/example_sla_dag.py took 0.321 seconds
[2023-11-04 21:21:04,396] {processor.py:153} INFO - Started process (PID=704) to work on /home/airflow/.local/lib/python3.7/site-packages/airflow/example_dags/example_sla_dag.py
[2023-11-04 21:21:04,397] {processor.py:641} INFO - Processing file /home/airflow/.local/lib/python3.7/site-packages/airflow/example_dags/example_sla_dag.py for tasks to queue
[2023-11-04 21:21:04,398] {logging_mixin.py:115} INFO - [2023-11-04 21:21:04,398] {dagbag.py:508} INFO - Filling up the DagBag from /home/airflow/.local/lib/python3.7/site-packages/airflow/example_dags/example_sla_dag.py
[2023-11-04 21:21:04,424] {processor.py:651} INFO - DAG(s) dict_keys(['example_sla_dag']) retrieved from /home/airflow/.local/lib/python3.7/site-packages/airflow/example_dags/example_sla_dag.py
[2023-11-04 21:21:04,589] {logging_mixin.py:115} INFO - [2023-11-04 21:21:04,589] {dag.py:2420} INFO - Sync 1 DAGs
[2023-11-04 21:21:04,619] {logging_mixin.py:115} INFO - [2023-11-04 21:21:04,619] {dag.py:2972} INFO - Setting next_dagrun for example_sla_dag to 2023-11-04T21:18:00+00:00, run_after=2023-11-04T21:20:00+00:00
[2023-11-04 21:21:04,632] {processor.py:161} INFO - Processing /home/airflow/.local/lib/python3.7/site-packages/airflow/example_dags/example_sla_dag.py took 0.241 seconds
[2023-11-04 21:21:35,173] {processor.py:153} INFO - Started process (PID=767) to work on /home/airflow/.local/lib/python3.7/site-packages/airflow/example_dags/example_sla_dag.py
[2023-11-04 21:21:35,176] {processor.py:641} INFO - Processing file /home/airflow/.local/lib/python3.7/site-packages/airflow/example_dags/example_sla_dag.py for tasks to queue
[2023-11-04 21:21:35,178] {logging_mixin.py:115} INFO - [2023-11-04 21:21:35,178] {dagbag.py:508} INFO - Filling up the DagBag from /home/airflow/.local/lib/python3.7/site-packages/airflow/example_dags/example_sla_dag.py
[2023-11-04 21:21:35,221] {processor.py:651} INFO - DAG(s) dict_keys(['example_sla_dag']) retrieved from /home/airflow/.local/lib/python3.7/site-packages/airflow/example_dags/example_sla_dag.py
[2023-11-04 21:21:35,521] {logging_mixin.py:115} INFO - [2023-11-04 21:21:35,521] {dag.py:2420} INFO - Sync 1 DAGs
[2023-11-04 21:21:35,570] {logging_mixin.py:115} INFO - [2023-11-04 21:21:35,570] {dag.py:2972} INFO - Setting next_dagrun for example_sla_dag to 2023-11-04T21:18:00+00:00, run_after=2023-11-04T21:20:00+00:00
[2023-11-04 21:21:35,595] {processor.py:161} INFO - Processing /home/airflow/.local/lib/python3.7/site-packages/airflow/example_dags/example_sla_dag.py took 0.429 seconds
[2023-11-04 21:22:05,654] {processor.py:153} INFO - Started process (PID=827) to work on /home/airflow/.local/lib/python3.7/site-packages/airflow/example_dags/example_sla_dag.py
[2023-11-04 21:22:05,655] {processor.py:641} INFO - Processing file /home/airflow/.local/lib/python3.7/site-packages/airflow/example_dags/example_sla_dag.py for tasks to queue
[2023-11-04 21:22:05,655] {logging_mixin.py:115} INFO - [2023-11-04 21:22:05,655] {dagbag.py:508} INFO - Filling up the DagBag from /home/airflow/.local/lib/python3.7/site-packages/airflow/example_dags/example_sla_dag.py
[2023-11-04 21:22:05,678] {processor.py:651} INFO - DAG(s) dict_keys(['example_sla_dag']) retrieved from /home/airflow/.local/lib/python3.7/site-packages/airflow/example_dags/example_sla_dag.py
[2023-11-04 21:22:05,843] {logging_mixin.py:115} INFO - [2023-11-04 21:22:05,843] {dag.py:2420} INFO - Sync 1 DAGs
[2023-11-04 21:22:05,875] {logging_mixin.py:115} INFO - [2023-11-04 21:22:05,875] {dag.py:2972} INFO - Setting next_dagrun for example_sla_dag to 2023-11-04T21:20:00+00:00, run_after=2023-11-04T21:22:00+00:00
[2023-11-04 21:22:05,889] {processor.py:161} INFO - Processing /home/airflow/.local/lib/python3.7/site-packages/airflow/example_dags/example_sla_dag.py took 0.241 seconds
[2023-11-04 21:22:36,470] {processor.py:153} INFO - Started process (PID=882) to work on /home/airflow/.local/lib/python3.7/site-packages/airflow/example_dags/example_sla_dag.py
[2023-11-04 21:22:36,470] {processor.py:641} INFO - Processing file /home/airflow/.local/lib/python3.7/site-packages/airflow/example_dags/example_sla_dag.py for tasks to queue
[2023-11-04 21:22:36,471] {logging_mixin.py:115} INFO - [2023-11-04 21:22:36,471] {dagbag.py:508} INFO - Filling up the DagBag from /home/airflow/.local/lib/python3.7/site-packages/airflow/example_dags/example_sla_dag.py
[2023-11-04 21:22:36,503] {processor.py:651} INFO - DAG(s) dict_keys(['example_sla_dag']) retrieved from /home/airflow/.local/lib/python3.7/site-packages/airflow/example_dags/example_sla_dag.py
[2023-11-04 21:22:36,671] {logging_mixin.py:115} INFO - [2023-11-04 21:22:36,671] {dag.py:2420} INFO - Sync 1 DAGs
[2023-11-04 21:22:36,699] {logging_mixin.py:115} INFO - [2023-11-04 21:22:36,699] {dag.py:2972} INFO - Setting next_dagrun for example_sla_dag to 2023-11-04T21:20:00+00:00, run_after=2023-11-04T21:22:00+00:00
[2023-11-04 21:22:36,710] {processor.py:161} INFO - Processing /home/airflow/.local/lib/python3.7/site-packages/airflow/example_dags/example_sla_dag.py took 0.246 seconds
[2023-11-04 21:23:07,098] {processor.py:153} INFO - Started process (PID=944) to work on /home/airflow/.local/lib/python3.7/site-packages/airflow/example_dags/example_sla_dag.py
[2023-11-04 21:23:07,099] {processor.py:641} INFO - Processing file /home/airflow/.local/lib/python3.7/site-packages/airflow/example_dags/example_sla_dag.py for tasks to queue
[2023-11-04 21:23:07,100] {logging_mixin.py:115} INFO - [2023-11-04 21:23:07,100] {dagbag.py:508} INFO - Filling up the DagBag from /home/airflow/.local/lib/python3.7/site-packages/airflow/example_dags/example_sla_dag.py
[2023-11-04 21:23:07,122] {processor.py:651} INFO - DAG(s) dict_keys(['example_sla_dag']) retrieved from /home/airflow/.local/lib/python3.7/site-packages/airflow/example_dags/example_sla_dag.py
[2023-11-04 21:23:07,267] {logging_mixin.py:115} INFO - [2023-11-04 21:23:07,267] {dag.py:2420} INFO - Sync 1 DAGs
[2023-11-04 21:23:07,304] {logging_mixin.py:115} INFO - [2023-11-04 21:23:07,304] {dag.py:2972} INFO - Setting next_dagrun for example_sla_dag to 2023-11-04T21:20:00+00:00, run_after=2023-11-04T21:22:00+00:00
[2023-11-04 21:23:07,320] {processor.py:161} INFO - Processing /home/airflow/.local/lib/python3.7/site-packages/airflow/example_dags/example_sla_dag.py took 0.226 seconds
[2023-11-04 21:23:37,606] {processor.py:153} INFO - Started process (PID=997) to work on /home/airflow/.local/lib/python3.7/site-packages/airflow/example_dags/example_sla_dag.py
[2023-11-04 21:23:37,607] {processor.py:641} INFO - Processing file /home/airflow/.local/lib/python3.7/site-packages/airflow/example_dags/example_sla_dag.py for tasks to queue
[2023-11-04 21:23:37,608] {logging_mixin.py:115} INFO - [2023-11-04 21:23:37,608] {dagbag.py:508} INFO - Filling up the DagBag from /home/airflow/.local/lib/python3.7/site-packages/airflow/example_dags/example_sla_dag.py
[2023-11-04 21:23:37,629] {processor.py:651} INFO - DAG(s) dict_keys(['example_sla_dag']) retrieved from /home/airflow/.local/lib/python3.7/site-packages/airflow/example_dags/example_sla_dag.py
[2023-11-04 21:23:37,768] {logging_mixin.py:115} INFO - [2023-11-04 21:23:37,768] {dag.py:2420} INFO - Sync 1 DAGs
[2023-11-04 21:23:37,794] {logging_mixin.py:115} INFO - [2023-11-04 21:23:37,794] {dag.py:2972} INFO - Setting next_dagrun for example_sla_dag to 2023-11-04T21:20:00+00:00, run_after=2023-11-04T21:22:00+00:00
[2023-11-04 21:23:37,804] {processor.py:161} INFO - Processing /home/airflow/.local/lib/python3.7/site-packages/airflow/example_dags/example_sla_dag.py took 0.202 seconds
[2023-11-04 21:24:08,101] {processor.py:153} INFO - Started process (PID=1059) to work on /home/airflow/.local/lib/python3.7/site-packages/airflow/example_dags/example_sla_dag.py
[2023-11-04 21:24:08,102] {processor.py:641} INFO - Processing file /home/airflow/.local/lib/python3.7/site-packages/airflow/example_dags/example_sla_dag.py for tasks to queue
[2023-11-04 21:24:08,103] {logging_mixin.py:115} INFO - [2023-11-04 21:24:08,103] {dagbag.py:508} INFO - Filling up the DagBag from /home/airflow/.local/lib/python3.7/site-packages/airflow/example_dags/example_sla_dag.py
[2023-11-04 21:24:08,123] {processor.py:651} INFO - DAG(s) dict_keys(['example_sla_dag']) retrieved from /home/airflow/.local/lib/python3.7/site-packages/airflow/example_dags/example_sla_dag.py
[2023-11-04 21:24:08,248] {logging_mixin.py:115} INFO - [2023-11-04 21:24:08,247] {dag.py:2420} INFO - Sync 1 DAGs
[2023-11-04 21:24:08,272] {logging_mixin.py:115} INFO - [2023-11-04 21:24:08,272] {dag.py:2972} INFO - Setting next_dagrun for example_sla_dag to 2023-11-04T21:22:00+00:00, run_after=2023-11-04T21:24:00+00:00
[2023-11-04 21:24:08,283] {processor.py:161} INFO - Processing /home/airflow/.local/lib/python3.7/site-packages/airflow/example_dags/example_sla_dag.py took 0.186 seconds
[2023-11-04 21:24:38,547] {processor.py:153} INFO - Started process (PID=1121) to work on /home/airflow/.local/lib/python3.7/site-packages/airflow/example_dags/example_sla_dag.py
[2023-11-04 21:24:38,548] {processor.py:641} INFO - Processing file /home/airflow/.local/lib/python3.7/site-packages/airflow/example_dags/example_sla_dag.py for tasks to queue
[2023-11-04 21:24:38,549] {logging_mixin.py:115} INFO - [2023-11-04 21:24:38,549] {dagbag.py:508} INFO - Filling up the DagBag from /home/airflow/.local/lib/python3.7/site-packages/airflow/example_dags/example_sla_dag.py
[2023-11-04 21:24:38,571] {processor.py:651} INFO - DAG(s) dict_keys(['example_sla_dag']) retrieved from /home/airflow/.local/lib/python3.7/site-packages/airflow/example_dags/example_sla_dag.py
[2023-11-04 21:24:38,711] {logging_mixin.py:115} INFO - [2023-11-04 21:24:38,711] {dag.py:2420} INFO - Sync 1 DAGs
[2023-11-04 21:24:38,740] {logging_mixin.py:115} INFO - [2023-11-04 21:24:38,740] {dag.py:2972} INFO - Setting next_dagrun for example_sla_dag to 2023-11-04T21:22:00+00:00, run_after=2023-11-04T21:24:00+00:00
[2023-11-04 21:24:38,754] {processor.py:161} INFO - Processing /home/airflow/.local/lib/python3.7/site-packages/airflow/example_dags/example_sla_dag.py took 0.211 seconds
[2023-11-04 21:25:09,051] {processor.py:153} INFO - Started process (PID=1174) to work on /home/airflow/.local/lib/python3.7/site-packages/airflow/example_dags/example_sla_dag.py
[2023-11-04 21:25:09,051] {processor.py:641} INFO - Processing file /home/airflow/.local/lib/python3.7/site-packages/airflow/example_dags/example_sla_dag.py for tasks to queue
[2023-11-04 21:25:09,052] {logging_mixin.py:115} INFO - [2023-11-04 21:25:09,052] {dagbag.py:508} INFO - Filling up the DagBag from /home/airflow/.local/lib/python3.7/site-packages/airflow/example_dags/example_sla_dag.py
[2023-11-04 21:25:09,073] {processor.py:651} INFO - DAG(s) dict_keys(['example_sla_dag']) retrieved from /home/airflow/.local/lib/python3.7/site-packages/airflow/example_dags/example_sla_dag.py
[2023-11-04 21:25:09,197] {logging_mixin.py:115} INFO - [2023-11-04 21:25:09,197] {dag.py:2420} INFO - Sync 1 DAGs
[2023-11-04 21:25:09,220] {logging_mixin.py:115} INFO - [2023-11-04 21:25:09,220] {dag.py:2972} INFO - Setting next_dagrun for example_sla_dag to 2023-11-04T21:22:00+00:00, run_after=2023-11-04T21:24:00+00:00
[2023-11-04 21:25:09,231] {processor.py:161} INFO - Processing /home/airflow/.local/lib/python3.7/site-packages/airflow/example_dags/example_sla_dag.py took 0.185 seconds
[2023-11-04 21:25:39,576] {processor.py:153} INFO - Started process (PID=1236) to work on /home/airflow/.local/lib/python3.7/site-packages/airflow/example_dags/example_sla_dag.py
[2023-11-04 21:25:39,576] {processor.py:641} INFO - Processing file /home/airflow/.local/lib/python3.7/site-packages/airflow/example_dags/example_sla_dag.py for tasks to queue
[2023-11-04 21:25:39,577] {logging_mixin.py:115} INFO - [2023-11-04 21:25:39,577] {dagbag.py:508} INFO - Filling up the DagBag from /home/airflow/.local/lib/python3.7/site-packages/airflow/example_dags/example_sla_dag.py
[2023-11-04 21:25:39,598] {processor.py:651} INFO - DAG(s) dict_keys(['example_sla_dag']) retrieved from /home/airflow/.local/lib/python3.7/site-packages/airflow/example_dags/example_sla_dag.py
[2023-11-04 21:25:39,739] {logging_mixin.py:115} INFO - [2023-11-04 21:25:39,739] {dag.py:2420} INFO - Sync 1 DAGs
[2023-11-04 21:25:39,770] {logging_mixin.py:115} INFO - [2023-11-04 21:25:39,770] {dag.py:2972} INFO - Setting next_dagrun for example_sla_dag to 2023-11-04T21:22:00+00:00, run_after=2023-11-04T21:24:00+00:00
[2023-11-04 21:25:39,784] {processor.py:161} INFO - Processing /home/airflow/.local/lib/python3.7/site-packages/airflow/example_dags/example_sla_dag.py took 0.212 seconds
[2023-11-04 21:26:10,375] {processor.py:153} INFO - Started process (PID=1298) to work on /home/airflow/.local/lib/python3.7/site-packages/airflow/example_dags/example_sla_dag.py
[2023-11-04 21:26:10,376] {processor.py:641} INFO - Processing file /home/airflow/.local/lib/python3.7/site-packages/airflow/example_dags/example_sla_dag.py for tasks to queue
[2023-11-04 21:26:10,377] {logging_mixin.py:115} INFO - [2023-11-04 21:26:10,377] {dagbag.py:508} INFO - Filling up the DagBag from /home/airflow/.local/lib/python3.7/site-packages/airflow/example_dags/example_sla_dag.py
[2023-11-04 21:26:10,399] {processor.py:651} INFO - DAG(s) dict_keys(['example_sla_dag']) retrieved from /home/airflow/.local/lib/python3.7/site-packages/airflow/example_dags/example_sla_dag.py
[2023-11-04 21:26:10,533] {logging_mixin.py:115} INFO - [2023-11-04 21:26:10,533] {dag.py:2420} INFO - Sync 1 DAGs
[2023-11-04 21:26:10,560] {logging_mixin.py:115} INFO - [2023-11-04 21:26:10,559] {dag.py:2972} INFO - Setting next_dagrun for example_sla_dag to 2023-11-04T21:24:00+00:00, run_after=2023-11-04T21:26:00+00:00
[2023-11-04 21:26:10,570] {processor.py:161} INFO - Processing /home/airflow/.local/lib/python3.7/site-packages/airflow/example_dags/example_sla_dag.py took 0.199 seconds
[2023-11-04 21:26:40,940] {processor.py:153} INFO - Started process (PID=1351) to work on /home/airflow/.local/lib/python3.7/site-packages/airflow/example_dags/example_sla_dag.py
[2023-11-04 21:26:40,941] {processor.py:641} INFO - Processing file /home/airflow/.local/lib/python3.7/site-packages/airflow/example_dags/example_sla_dag.py for tasks to queue
[2023-11-04 21:26:40,942] {logging_mixin.py:115} INFO - [2023-11-04 21:26:40,942] {dagbag.py:508} INFO - Filling up the DagBag from /home/airflow/.local/lib/python3.7/site-packages/airflow/example_dags/example_sla_dag.py
[2023-11-04 21:26:40,966] {processor.py:651} INFO - DAG(s) dict_keys(['example_sla_dag']) retrieved from /home/airflow/.local/lib/python3.7/site-packages/airflow/example_dags/example_sla_dag.py
[2023-11-04 21:26:41,105] {logging_mixin.py:115} INFO - [2023-11-04 21:26:41,104] {dag.py:2420} INFO - Sync 1 DAGs
[2023-11-04 21:26:41,144] {logging_mixin.py:115} INFO - [2023-11-04 21:26:41,144] {dag.py:2972} INFO - Setting next_dagrun for example_sla_dag to 2023-11-04T21:24:00+00:00, run_after=2023-11-04T21:26:00+00:00
[2023-11-04 21:26:41,156] {processor.py:161} INFO - Processing /home/airflow/.local/lib/python3.7/site-packages/airflow/example_dags/example_sla_dag.py took 0.220 seconds
[2023-11-04 21:27:11,667] {processor.py:153} INFO - Started process (PID=1413) to work on /home/airflow/.local/lib/python3.7/site-packages/airflow/example_dags/example_sla_dag.py
[2023-11-04 21:27:11,668] {processor.py:641} INFO - Processing file /home/airflow/.local/lib/python3.7/site-packages/airflow/example_dags/example_sla_dag.py for tasks to queue
[2023-11-04 21:27:11,669] {logging_mixin.py:115} INFO - [2023-11-04 21:27:11,669] {dagbag.py:508} INFO - Filling up the DagBag from /home/airflow/.local/lib/python3.7/site-packages/airflow/example_dags/example_sla_dag.py
[2023-11-04 21:27:11,692] {processor.py:651} INFO - DAG(s) dict_keys(['example_sla_dag']) retrieved from /home/airflow/.local/lib/python3.7/site-packages/airflow/example_dags/example_sla_dag.py
[2023-11-04 21:27:11,830] {logging_mixin.py:115} INFO - [2023-11-04 21:27:11,830] {dag.py:2420} INFO - Sync 1 DAGs
[2023-11-04 21:27:11,863] {logging_mixin.py:115} INFO - [2023-11-04 21:27:11,863] {dag.py:2972} INFO - Setting next_dagrun for example_sla_dag to 2023-11-04T21:24:00+00:00, run_after=2023-11-04T21:26:00+00:00
[2023-11-04 21:27:11,875] {processor.py:161} INFO - Processing /home/airflow/.local/lib/python3.7/site-packages/airflow/example_dags/example_sla_dag.py took 0.212 seconds
[2023-11-04 21:27:42,246] {processor.py:153} INFO - Started process (PID=1475) to work on /home/airflow/.local/lib/python3.7/site-packages/airflow/example_dags/example_sla_dag.py
[2023-11-04 21:27:42,247] {processor.py:641} INFO - Processing file /home/airflow/.local/lib/python3.7/site-packages/airflow/example_dags/example_sla_dag.py for tasks to queue
[2023-11-04 21:27:42,248] {logging_mixin.py:115} INFO - [2023-11-04 21:27:42,248] {dagbag.py:508} INFO - Filling up the DagBag from /home/airflow/.local/lib/python3.7/site-packages/airflow/example_dags/example_sla_dag.py
[2023-11-04 21:27:42,268] {processor.py:651} INFO - DAG(s) dict_keys(['example_sla_dag']) retrieved from /home/airflow/.local/lib/python3.7/site-packages/airflow/example_dags/example_sla_dag.py
[2023-11-04 21:27:42,395] {logging_mixin.py:115} INFO - [2023-11-04 21:27:42,395] {dag.py:2420} INFO - Sync 1 DAGs
[2023-11-04 21:27:42,426] {logging_mixin.py:115} INFO - [2023-11-04 21:27:42,426] {dag.py:2972} INFO - Setting next_dagrun for example_sla_dag to 2023-11-04T21:24:00+00:00, run_after=2023-11-04T21:26:00+00:00
[2023-11-04 21:27:42,436] {processor.py:161} INFO - Processing /home/airflow/.local/lib/python3.7/site-packages/airflow/example_dags/example_sla_dag.py took 0.194 seconds
[2023-11-04 21:28:12,710] {processor.py:153} INFO - Started process (PID=1528) to work on /home/airflow/.local/lib/python3.7/site-packages/airflow/example_dags/example_sla_dag.py
[2023-11-04 21:28:12,711] {processor.py:641} INFO - Processing file /home/airflow/.local/lib/python3.7/site-packages/airflow/example_dags/example_sla_dag.py for tasks to queue
[2023-11-04 21:28:12,712] {logging_mixin.py:115} INFO - [2023-11-04 21:28:12,712] {dagbag.py:508} INFO - Filling up the DagBag from /home/airflow/.local/lib/python3.7/site-packages/airflow/example_dags/example_sla_dag.py
[2023-11-04 21:28:12,734] {processor.py:651} INFO - DAG(s) dict_keys(['example_sla_dag']) retrieved from /home/airflow/.local/lib/python3.7/site-packages/airflow/example_dags/example_sla_dag.py
[2023-11-04 21:28:12,879] {logging_mixin.py:115} INFO - [2023-11-04 21:28:12,879] {dag.py:2420} INFO - Sync 1 DAGs
[2023-11-04 21:28:12,916] {logging_mixin.py:115} INFO - [2023-11-04 21:28:12,916] {dag.py:2972} INFO - Setting next_dagrun for example_sla_dag to 2023-11-04T21:26:00+00:00, run_after=2023-11-04T21:28:00+00:00
[2023-11-04 21:28:12,929] {processor.py:161} INFO - Processing /home/airflow/.local/lib/python3.7/site-packages/airflow/example_dags/example_sla_dag.py took 0.222 seconds
[2023-11-04 21:28:43,312] {processor.py:153} INFO - Started process (PID=1590) to work on /home/airflow/.local/lib/python3.7/site-packages/airflow/example_dags/example_sla_dag.py
[2023-11-04 21:28:43,313] {processor.py:641} INFO - Processing file /home/airflow/.local/lib/python3.7/site-packages/airflow/example_dags/example_sla_dag.py for tasks to queue
[2023-11-04 21:28:43,314] {logging_mixin.py:115} INFO - [2023-11-04 21:28:43,314] {dagbag.py:508} INFO - Filling up the DagBag from /home/airflow/.local/lib/python3.7/site-packages/airflow/example_dags/example_sla_dag.py
[2023-11-04 21:28:43,335] {processor.py:651} INFO - DAG(s) dict_keys(['example_sla_dag']) retrieved from /home/airflow/.local/lib/python3.7/site-packages/airflow/example_dags/example_sla_dag.py
[2023-11-04 21:28:43,467] {logging_mixin.py:115} INFO - [2023-11-04 21:28:43,467] {dag.py:2420} INFO - Sync 1 DAGs
[2023-11-04 21:28:43,493] {logging_mixin.py:115} INFO - [2023-11-04 21:28:43,493] {dag.py:2972} INFO - Setting next_dagrun for example_sla_dag to 2023-11-04T21:26:00+00:00, run_after=2023-11-04T21:28:00+00:00
[2023-11-04 21:28:43,548] {processor.py:161} INFO - Processing /home/airflow/.local/lib/python3.7/site-packages/airflow/example_dags/example_sla_dag.py took 0.239 seconds
[2023-11-04 21:29:14,005] {processor.py:153} INFO - Started process (PID=1652) to work on /home/airflow/.local/lib/python3.7/site-packages/airflow/example_dags/example_sla_dag.py
[2023-11-04 21:29:14,006] {processor.py:641} INFO - Processing file /home/airflow/.local/lib/python3.7/site-packages/airflow/example_dags/example_sla_dag.py for tasks to queue
[2023-11-04 21:29:14,007] {logging_mixin.py:115} INFO - [2023-11-04 21:29:14,007] {dagbag.py:508} INFO - Filling up the DagBag from /home/airflow/.local/lib/python3.7/site-packages/airflow/example_dags/example_sla_dag.py
[2023-11-04 21:29:14,033] {processor.py:651} INFO - DAG(s) dict_keys(['example_sla_dag']) retrieved from /home/airflow/.local/lib/python3.7/site-packages/airflow/example_dags/example_sla_dag.py
[2023-11-04 21:29:14,167] {logging_mixin.py:115} INFO - [2023-11-04 21:29:14,167] {dag.py:2420} INFO - Sync 1 DAGs
[2023-11-04 21:29:14,191] {logging_mixin.py:115} INFO - [2023-11-04 21:29:14,191] {dag.py:2972} INFO - Setting next_dagrun for example_sla_dag to 2023-11-04T21:26:00+00:00, run_after=2023-11-04T21:28:00+00:00
[2023-11-04 21:29:14,202] {processor.py:161} INFO - Processing /home/airflow/.local/lib/python3.7/site-packages/airflow/example_dags/example_sla_dag.py took 0.201 seconds
[2023-11-04 21:29:44,600] {processor.py:153} INFO - Started process (PID=1705) to work on /home/airflow/.local/lib/python3.7/site-packages/airflow/example_dags/example_sla_dag.py
[2023-11-04 21:29:44,601] {processor.py:641} INFO - Processing file /home/airflow/.local/lib/python3.7/site-packages/airflow/example_dags/example_sla_dag.py for tasks to queue
[2023-11-04 21:29:44,601] {logging_mixin.py:115} INFO - [2023-11-04 21:29:44,601] {dagbag.py:508} INFO - Filling up the DagBag from /home/airflow/.local/lib/python3.7/site-packages/airflow/example_dags/example_sla_dag.py
[2023-11-04 21:29:44,624] {processor.py:651} INFO - DAG(s) dict_keys(['example_sla_dag']) retrieved from /home/airflow/.local/lib/python3.7/site-packages/airflow/example_dags/example_sla_dag.py
[2023-11-04 21:29:44,762] {logging_mixin.py:115} INFO - [2023-11-04 21:29:44,762] {dag.py:2420} INFO - Sync 1 DAGs
[2023-11-04 21:29:44,789] {logging_mixin.py:115} INFO - [2023-11-04 21:29:44,789] {dag.py:2972} INFO - Setting next_dagrun for example_sla_dag to 2023-11-04T21:26:00+00:00, run_after=2023-11-04T21:28:00+00:00
[2023-11-04 21:29:44,800] {processor.py:161} INFO - Processing /home/airflow/.local/lib/python3.7/site-packages/airflow/example_dags/example_sla_dag.py took 0.204 seconds
[2023-11-04 21:30:15,452] {processor.py:153} INFO - Started process (PID=1767) to work on /home/airflow/.local/lib/python3.7/site-packages/airflow/example_dags/example_sla_dag.py
[2023-11-04 21:30:15,453] {processor.py:641} INFO - Processing file /home/airflow/.local/lib/python3.7/site-packages/airflow/example_dags/example_sla_dag.py for tasks to queue
[2023-11-04 21:30:15,453] {logging_mixin.py:115} INFO - [2023-11-04 21:30:15,453] {dagbag.py:508} INFO - Filling up the DagBag from /home/airflow/.local/lib/python3.7/site-packages/airflow/example_dags/example_sla_dag.py
[2023-11-04 21:30:15,477] {processor.py:651} INFO - DAG(s) dict_keys(['example_sla_dag']) retrieved from /home/airflow/.local/lib/python3.7/site-packages/airflow/example_dags/example_sla_dag.py
[2023-11-04 21:30:15,622] {logging_mixin.py:115} INFO - [2023-11-04 21:30:15,622] {dag.py:2420} INFO - Sync 1 DAGs
[2023-11-04 21:30:15,652] {logging_mixin.py:115} INFO - [2023-11-04 21:30:15,652] {dag.py:2972} INFO - Setting next_dagrun for example_sla_dag to 2023-11-04T21:28:00+00:00, run_after=2023-11-04T21:30:00+00:00
[2023-11-04 21:30:15,669] {processor.py:161} INFO - Processing /home/airflow/.local/lib/python3.7/site-packages/airflow/example_dags/example_sla_dag.py took 0.221 seconds
[2023-11-04 21:30:45,868] {processor.py:153} INFO - Started process (PID=1829) to work on /home/airflow/.local/lib/python3.7/site-packages/airflow/example_dags/example_sla_dag.py
[2023-11-04 21:30:45,870] {processor.py:641} INFO - Processing file /home/airflow/.local/lib/python3.7/site-packages/airflow/example_dags/example_sla_dag.py for tasks to queue
[2023-11-04 21:30:45,871] {logging_mixin.py:115} INFO - [2023-11-04 21:30:45,870] {dagbag.py:508} INFO - Filling up the DagBag from /home/airflow/.local/lib/python3.7/site-packages/airflow/example_dags/example_sla_dag.py
[2023-11-04 21:30:46,013] {processor.py:651} INFO - DAG(s) dict_keys(['example_sla_dag']) retrieved from /home/airflow/.local/lib/python3.7/site-packages/airflow/example_dags/example_sla_dag.py
[2023-11-04 21:30:46,040] {logging_mixin.py:115} INFO - [2023-11-04 21:30:46,040] {dag.py:2420} INFO - Sync 1 DAGs
[2023-11-04 21:30:46,069] {logging_mixin.py:115} INFO - [2023-11-04 21:30:46,068] {dag.py:2972} INFO - Setting next_dagrun for example_sla_dag to 2023-11-04T21:28:00+00:00, run_after=2023-11-04T21:30:00+00:00
[2023-11-04 21:30:46,082] {processor.py:161} INFO - Processing /home/airflow/.local/lib/python3.7/site-packages/airflow/example_dags/example_sla_dag.py took 0.219 seconds
[2023-11-04 21:31:16,570] {processor.py:153} INFO - Started process (PID=1882) to work on /home/airflow/.local/lib/python3.7/site-packages/airflow/example_dags/example_sla_dag.py
[2023-11-04 21:31:16,571] {processor.py:641} INFO - Processing file /home/airflow/.local/lib/python3.7/site-packages/airflow/example_dags/example_sla_dag.py for tasks to queue
[2023-11-04 21:31:16,572] {logging_mixin.py:115} INFO - [2023-11-04 21:31:16,571] {dagbag.py:508} INFO - Filling up the DagBag from /home/airflow/.local/lib/python3.7/site-packages/airflow/example_dags/example_sla_dag.py
[2023-11-04 21:31:16,701] {processor.py:651} INFO - DAG(s) dict_keys(['example_sla_dag']) retrieved from /home/airflow/.local/lib/python3.7/site-packages/airflow/example_dags/example_sla_dag.py
[2023-11-04 21:31:16,726] {logging_mixin.py:115} INFO - [2023-11-04 21:31:16,726] {dag.py:2420} INFO - Sync 1 DAGs
[2023-11-04 21:31:16,761] {logging_mixin.py:115} INFO - [2023-11-04 21:31:16,761] {dag.py:2972} INFO - Setting next_dagrun for example_sla_dag to 2023-11-04T21:28:00+00:00, run_after=2023-11-04T21:30:00+00:00
[2023-11-04 21:31:16,780] {processor.py:161} INFO - Processing /home/airflow/.local/lib/python3.7/site-packages/airflow/example_dags/example_sla_dag.py took 0.214 seconds
[2023-11-04 21:31:47,772] {processor.py:153} INFO - Started process (PID=1944) to work on /home/airflow/.local/lib/python3.7/site-packages/airflow/example_dags/example_sla_dag.py
[2023-11-04 21:31:47,773] {processor.py:641} INFO - Processing file /home/airflow/.local/lib/python3.7/site-packages/airflow/example_dags/example_sla_dag.py for tasks to queue
[2023-11-04 21:31:47,774] {logging_mixin.py:115} INFO - [2023-11-04 21:31:47,774] {dagbag.py:508} INFO - Filling up the DagBag from /home/airflow/.local/lib/python3.7/site-packages/airflow/example_dags/example_sla_dag.py
[2023-11-04 21:31:47,914] {processor.py:651} INFO - DAG(s) dict_keys(['example_sla_dag']) retrieved from /home/airflow/.local/lib/python3.7/site-packages/airflow/example_dags/example_sla_dag.py
[2023-11-04 21:31:47,950] {logging_mixin.py:115} INFO - [2023-11-04 21:31:47,950] {dag.py:2420} INFO - Sync 1 DAGs
[2023-11-04 21:31:47,979] {logging_mixin.py:115} INFO - [2023-11-04 21:31:47,978] {dag.py:2972} INFO - Setting next_dagrun for example_sla_dag to 2023-11-04T21:28:00+00:00, run_after=2023-11-04T21:30:00+00:00
[2023-11-04 21:31:48,003] {processor.py:161} INFO - Processing /home/airflow/.local/lib/python3.7/site-packages/airflow/example_dags/example_sla_dag.py took 0.235 seconds
