[2023-11-04 20:57:54,771] {processor.py:153} INFO - Started process (PID=78) to work on /home/airflow/.local/lib/python3.7/site-packages/airflow/example_dags/example_trigger_target_dag.py
[2023-11-04 20:57:54,772] {processor.py:641} INFO - Processing file /home/airflow/.local/lib/python3.7/site-packages/airflow/example_dags/example_trigger_target_dag.py for tasks to queue
[2023-11-04 20:57:54,773] {logging_mixin.py:115} INFO - [2023-11-04 20:57:54,773] {dagbag.py:508} INFO - Filling up the DagBag from /home/airflow/.local/lib/python3.7/site-packages/airflow/example_dags/example_trigger_target_dag.py
[2023-11-04 20:57:54,797] {processor.py:651} INFO - DAG(s) dict_keys(['example_trigger_target_dag']) retrieved from /home/airflow/.local/lib/python3.7/site-packages/airflow/example_dags/example_trigger_target_dag.py
[2023-11-04 20:57:54,979] {logging_mixin.py:115} INFO - [2023-11-04 20:57:54,979] {manager.py:508} INFO - Created Permission View: can delete on DAG:example_trigger_target_dag
[2023-11-04 20:57:54,992] {logging_mixin.py:115} INFO - [2023-11-04 20:57:54,992] {manager.py:508} INFO - Created Permission View: can edit on DAG:example_trigger_target_dag
[2023-11-04 20:57:55,002] {logging_mixin.py:115} INFO - [2023-11-04 20:57:55,002] {manager.py:508} INFO - Created Permission View: can read on DAG:example_trigger_target_dag
[2023-11-04 20:57:55,002] {logging_mixin.py:115} INFO - [2023-11-04 20:57:55,002] {dag.py:2420} INFO - Sync 1 DAGs
[2023-11-04 20:57:55,021] {logging_mixin.py:115} INFO - [2023-11-04 20:57:55,021] {dag.py:2439} INFO - Creating ORM DAG for example_trigger_target_dag
[2023-11-04 20:57:55,042] {logging_mixin.py:115} INFO - [2023-11-04 20:57:55,042] {dag.py:2972} INFO - Setting next_dagrun for example_trigger_target_dag to None, run_after=None
[2023-11-04 20:57:55,063] {processor.py:161} INFO - Processing /home/airflow/.local/lib/python3.7/site-packages/airflow/example_dags/example_trigger_target_dag.py took 0.297 seconds
[2023-11-04 20:58:25,843] {processor.py:153} INFO - Started process (PID=139) to work on /home/airflow/.local/lib/python3.7/site-packages/airflow/example_dags/example_trigger_target_dag.py
[2023-11-04 20:58:25,844] {processor.py:641} INFO - Processing file /home/airflow/.local/lib/python3.7/site-packages/airflow/example_dags/example_trigger_target_dag.py for tasks to queue
[2023-11-04 20:58:25,845] {logging_mixin.py:115} INFO - [2023-11-04 20:58:25,845] {dagbag.py:508} INFO - Filling up the DagBag from /home/airflow/.local/lib/python3.7/site-packages/airflow/example_dags/example_trigger_target_dag.py
[2023-11-04 20:58:25,860] {processor.py:651} INFO - DAG(s) dict_keys(['example_trigger_target_dag']) retrieved from /home/airflow/.local/lib/python3.7/site-packages/airflow/example_dags/example_trigger_target_dag.py
[2023-11-04 20:58:25,886] {logging_mixin.py:115} INFO - [2023-11-04 20:58:25,886] {dag.py:2420} INFO - Sync 1 DAGs
[2023-11-04 20:58:25,909] {logging_mixin.py:115} INFO - [2023-11-04 20:58:25,909] {dag.py:2972} INFO - Setting next_dagrun for example_trigger_target_dag to None, run_after=None
[2023-11-04 20:58:25,922] {processor.py:161} INFO - Processing /home/airflow/.local/lib/python3.7/site-packages/airflow/example_dags/example_trigger_target_dag.py took 0.082 seconds
[2023-11-04 20:58:56,231] {processor.py:153} INFO - Started process (PID=207) to work on /home/airflow/.local/lib/python3.7/site-packages/airflow/example_dags/example_trigger_target_dag.py
[2023-11-04 20:58:56,232] {processor.py:641} INFO - Processing file /home/airflow/.local/lib/python3.7/site-packages/airflow/example_dags/example_trigger_target_dag.py for tasks to queue
[2023-11-04 20:58:56,234] {logging_mixin.py:115} INFO - [2023-11-04 20:58:56,234] {dagbag.py:508} INFO - Filling up the DagBag from /home/airflow/.local/lib/python3.7/site-packages/airflow/example_dags/example_trigger_target_dag.py
[2023-11-04 20:58:56,256] {processor.py:651} INFO - DAG(s) dict_keys(['example_trigger_target_dag']) retrieved from /home/airflow/.local/lib/python3.7/site-packages/airflow/example_dags/example_trigger_target_dag.py
[2023-11-04 20:58:56,293] {logging_mixin.py:115} INFO - [2023-11-04 20:58:56,293] {dag.py:2420} INFO - Sync 1 DAGs
[2023-11-04 20:58:56,327] {logging_mixin.py:115} INFO - [2023-11-04 20:58:56,326] {dag.py:2972} INFO - Setting next_dagrun for example_trigger_target_dag to None, run_after=None
[2023-11-04 20:58:56,342] {processor.py:161} INFO - Processing /home/airflow/.local/lib/python3.7/site-packages/airflow/example_dags/example_trigger_target_dag.py took 0.116 seconds
[2023-11-04 20:59:26,970] {processor.py:153} INFO - Started process (PID=268) to work on /home/airflow/.local/lib/python3.7/site-packages/airflow/example_dags/example_trigger_target_dag.py
[2023-11-04 20:59:26,971] {processor.py:641} INFO - Processing file /home/airflow/.local/lib/python3.7/site-packages/airflow/example_dags/example_trigger_target_dag.py for tasks to queue
[2023-11-04 20:59:26,972] {logging_mixin.py:115} INFO - [2023-11-04 20:59:26,972] {dagbag.py:508} INFO - Filling up the DagBag from /home/airflow/.local/lib/python3.7/site-packages/airflow/example_dags/example_trigger_target_dag.py
[2023-11-04 20:59:26,993] {processor.py:651} INFO - DAG(s) dict_keys(['example_trigger_target_dag']) retrieved from /home/airflow/.local/lib/python3.7/site-packages/airflow/example_dags/example_trigger_target_dag.py
[2023-11-04 20:59:27,027] {logging_mixin.py:115} INFO - [2023-11-04 20:59:27,027] {dag.py:2420} INFO - Sync 1 DAGs
[2023-11-04 20:59:27,052] {logging_mixin.py:115} INFO - [2023-11-04 20:59:27,052] {dag.py:2972} INFO - Setting next_dagrun for example_trigger_target_dag to None, run_after=None
[2023-11-04 20:59:27,064] {processor.py:161} INFO - Processing /home/airflow/.local/lib/python3.7/site-packages/airflow/example_dags/example_trigger_target_dag.py took 0.100 seconds
[2023-11-04 20:59:57,792] {processor.py:153} INFO - Started process (PID=320) to work on /home/airflow/.local/lib/python3.7/site-packages/airflow/example_dags/example_trigger_target_dag.py
[2023-11-04 20:59:57,793] {processor.py:641} INFO - Processing file /home/airflow/.local/lib/python3.7/site-packages/airflow/example_dags/example_trigger_target_dag.py for tasks to queue
[2023-11-04 20:59:57,794] {logging_mixin.py:115} INFO - [2023-11-04 20:59:57,794] {dagbag.py:508} INFO - Filling up the DagBag from /home/airflow/.local/lib/python3.7/site-packages/airflow/example_dags/example_trigger_target_dag.py
[2023-11-04 20:59:57,815] {processor.py:651} INFO - DAG(s) dict_keys(['example_trigger_target_dag']) retrieved from /home/airflow/.local/lib/python3.7/site-packages/airflow/example_dags/example_trigger_target_dag.py
[2023-11-04 20:59:57,846] {logging_mixin.py:115} INFO - [2023-11-04 20:59:57,846] {dag.py:2420} INFO - Sync 1 DAGs
[2023-11-04 20:59:57,882] {logging_mixin.py:115} INFO - [2023-11-04 20:59:57,881] {dag.py:2972} INFO - Setting next_dagrun for example_trigger_target_dag to None, run_after=None
[2023-11-04 20:59:57,900] {processor.py:161} INFO - Processing /home/airflow/.local/lib/python3.7/site-packages/airflow/example_dags/example_trigger_target_dag.py took 0.113 seconds
[2023-11-04 21:00:28,519] {processor.py:153} INFO - Started process (PID=381) to work on /home/airflow/.local/lib/python3.7/site-packages/airflow/example_dags/example_trigger_target_dag.py
[2023-11-04 21:00:28,525] {processor.py:641} INFO - Processing file /home/airflow/.local/lib/python3.7/site-packages/airflow/example_dags/example_trigger_target_dag.py for tasks to queue
[2023-11-04 21:00:28,528] {logging_mixin.py:115} INFO - [2023-11-04 21:00:28,528] {dagbag.py:508} INFO - Filling up the DagBag from /home/airflow/.local/lib/python3.7/site-packages/airflow/example_dags/example_trigger_target_dag.py
[2023-11-04 21:00:28,579] {processor.py:651} INFO - DAG(s) dict_keys(['example_trigger_target_dag']) retrieved from /home/airflow/.local/lib/python3.7/site-packages/airflow/example_dags/example_trigger_target_dag.py
[2023-11-04 21:00:28,668] {logging_mixin.py:115} INFO - [2023-11-04 21:00:28,667] {dag.py:2420} INFO - Sync 1 DAGs
[2023-11-04 21:00:28,763] {logging_mixin.py:115} INFO - [2023-11-04 21:00:28,763] {dag.py:2972} INFO - Setting next_dagrun for example_trigger_target_dag to None, run_after=None
[2023-11-04 21:00:28,791] {processor.py:161} INFO - Processing /home/airflow/.local/lib/python3.7/site-packages/airflow/example_dags/example_trigger_target_dag.py took 0.290 seconds
[2023-11-04 21:00:59,592] {processor.py:153} INFO - Started process (PID=442) to work on /home/airflow/.local/lib/python3.7/site-packages/airflow/example_dags/example_trigger_target_dag.py
[2023-11-04 21:00:59,594] {processor.py:641} INFO - Processing file /home/airflow/.local/lib/python3.7/site-packages/airflow/example_dags/example_trigger_target_dag.py for tasks to queue
[2023-11-04 21:00:59,595] {logging_mixin.py:115} INFO - [2023-11-04 21:00:59,595] {dagbag.py:508} INFO - Filling up the DagBag from /home/airflow/.local/lib/python3.7/site-packages/airflow/example_dags/example_trigger_target_dag.py
[2023-11-04 21:00:59,619] {processor.py:651} INFO - DAG(s) dict_keys(['example_trigger_target_dag']) retrieved from /home/airflow/.local/lib/python3.7/site-packages/airflow/example_dags/example_trigger_target_dag.py
[2023-11-04 21:00:59,658] {logging_mixin.py:115} INFO - [2023-11-04 21:00:59,658] {dag.py:2420} INFO - Sync 1 DAGs
[2023-11-04 21:00:59,693] {logging_mixin.py:115} INFO - [2023-11-04 21:00:59,693] {dag.py:2972} INFO - Setting next_dagrun for example_trigger_target_dag to None, run_after=None
[2023-11-04 21:00:59,710] {processor.py:161} INFO - Processing /home/airflow/.local/lib/python3.7/site-packages/airflow/example_dags/example_trigger_target_dag.py took 0.124 seconds
[2023-11-04 21:01:29,854] {processor.py:153} INFO - Started process (PID=494) to work on /home/airflow/.local/lib/python3.7/site-packages/airflow/example_dags/example_trigger_target_dag.py
[2023-11-04 21:01:29,870] {processor.py:641} INFO - Processing file /home/airflow/.local/lib/python3.7/site-packages/airflow/example_dags/example_trigger_target_dag.py for tasks to queue
[2023-11-04 21:01:29,871] {logging_mixin.py:115} INFO - [2023-11-04 21:01:29,871] {dagbag.py:508} INFO - Filling up the DagBag from /home/airflow/.local/lib/python3.7/site-packages/airflow/example_dags/example_trigger_target_dag.py
[2023-11-04 21:01:29,889] {processor.py:651} INFO - DAG(s) dict_keys(['example_trigger_target_dag']) retrieved from /home/airflow/.local/lib/python3.7/site-packages/airflow/example_dags/example_trigger_target_dag.py
[2023-11-04 21:01:29,915] {logging_mixin.py:115} INFO - [2023-11-04 21:01:29,915] {dag.py:2420} INFO - Sync 1 DAGs
[2023-11-04 21:01:29,936] {logging_mixin.py:115} INFO - [2023-11-04 21:01:29,936] {dag.py:2972} INFO - Setting next_dagrun for example_trigger_target_dag to None, run_after=None
[2023-11-04 21:01:29,948] {processor.py:161} INFO - Processing /home/airflow/.local/lib/python3.7/site-packages/airflow/example_dags/example_trigger_target_dag.py took 0.100 seconds
[2023-11-04 21:02:00,098] {processor.py:153} INFO - Started process (PID=555) to work on /home/airflow/.local/lib/python3.7/site-packages/airflow/example_dags/example_trigger_target_dag.py
[2023-11-04 21:02:00,099] {processor.py:641} INFO - Processing file /home/airflow/.local/lib/python3.7/site-packages/airflow/example_dags/example_trigger_target_dag.py for tasks to queue
[2023-11-04 21:02:00,099] {logging_mixin.py:115} INFO - [2023-11-04 21:02:00,099] {dagbag.py:508} INFO - Filling up the DagBag from /home/airflow/.local/lib/python3.7/site-packages/airflow/example_dags/example_trigger_target_dag.py
[2023-11-04 21:02:00,116] {processor.py:651} INFO - DAG(s) dict_keys(['example_trigger_target_dag']) retrieved from /home/airflow/.local/lib/python3.7/site-packages/airflow/example_dags/example_trigger_target_dag.py
[2023-11-04 21:02:00,142] {logging_mixin.py:115} INFO - [2023-11-04 21:02:00,141] {dag.py:2420} INFO - Sync 1 DAGs
[2023-11-04 21:02:00,165] {logging_mixin.py:115} INFO - [2023-11-04 21:02:00,164] {dag.py:2972} INFO - Setting next_dagrun for example_trigger_target_dag to None, run_after=None
[2023-11-04 21:02:00,176] {processor.py:161} INFO - Processing /home/airflow/.local/lib/python3.7/site-packages/airflow/example_dags/example_trigger_target_dag.py took 0.082 seconds
[2023-11-04 21:02:31,470] {processor.py:153} INFO - Started process (PID=616) to work on /home/airflow/.local/lib/python3.7/site-packages/airflow/example_dags/example_trigger_target_dag.py
[2023-11-04 21:02:31,472] {processor.py:641} INFO - Processing file /home/airflow/.local/lib/python3.7/site-packages/airflow/example_dags/example_trigger_target_dag.py for tasks to queue
[2023-11-04 21:02:31,474] {logging_mixin.py:115} INFO - [2023-11-04 21:02:31,474] {dagbag.py:508} INFO - Filling up the DagBag from /home/airflow/.local/lib/python3.7/site-packages/airflow/example_dags/example_trigger_target_dag.py
[2023-11-04 21:02:31,501] {processor.py:651} INFO - DAG(s) dict_keys(['example_trigger_target_dag']) retrieved from /home/airflow/.local/lib/python3.7/site-packages/airflow/example_dags/example_trigger_target_dag.py
[2023-11-04 21:02:31,541] {logging_mixin.py:115} INFO - [2023-11-04 21:02:31,541] {dag.py:2420} INFO - Sync 1 DAGs
[2023-11-04 21:02:31,583] {logging_mixin.py:115} INFO - [2023-11-04 21:02:31,583] {dag.py:2972} INFO - Setting next_dagrun for example_trigger_target_dag to None, run_after=None
[2023-11-04 21:02:31,605] {processor.py:161} INFO - Processing /home/airflow/.local/lib/python3.7/site-packages/airflow/example_dags/example_trigger_target_dag.py took 0.141 seconds
[2023-11-04 21:03:01,680] {processor.py:153} INFO - Started process (PID=668) to work on /home/airflow/.local/lib/python3.7/site-packages/airflow/example_dags/example_trigger_target_dag.py
[2023-11-04 21:03:01,681] {processor.py:641} INFO - Processing file /home/airflow/.local/lib/python3.7/site-packages/airflow/example_dags/example_trigger_target_dag.py for tasks to queue
[2023-11-04 21:03:01,683] {logging_mixin.py:115} INFO - [2023-11-04 21:03:01,682] {dagbag.py:508} INFO - Filling up the DagBag from /home/airflow/.local/lib/python3.7/site-packages/airflow/example_dags/example_trigger_target_dag.py
[2023-11-04 21:03:01,703] {processor.py:651} INFO - DAG(s) dict_keys(['example_trigger_target_dag']) retrieved from /home/airflow/.local/lib/python3.7/site-packages/airflow/example_dags/example_trigger_target_dag.py
[2023-11-04 21:03:01,734] {logging_mixin.py:115} INFO - [2023-11-04 21:03:01,734] {dag.py:2420} INFO - Sync 1 DAGs
[2023-11-04 21:03:01,786] {logging_mixin.py:115} INFO - [2023-11-04 21:03:01,786] {dag.py:2972} INFO - Setting next_dagrun for example_trigger_target_dag to None, run_after=None
[2023-11-04 21:03:01,810] {processor.py:161} INFO - Processing /home/airflow/.local/lib/python3.7/site-packages/airflow/example_dags/example_trigger_target_dag.py took 0.134 seconds
[2023-11-04 21:03:32,079] {processor.py:153} INFO - Started process (PID=729) to work on /home/airflow/.local/lib/python3.7/site-packages/airflow/example_dags/example_trigger_target_dag.py
[2023-11-04 21:03:32,080] {processor.py:641} INFO - Processing file /home/airflow/.local/lib/python3.7/site-packages/airflow/example_dags/example_trigger_target_dag.py for tasks to queue
[2023-11-04 21:03:32,081] {logging_mixin.py:115} INFO - [2023-11-04 21:03:32,081] {dagbag.py:508} INFO - Filling up the DagBag from /home/airflow/.local/lib/python3.7/site-packages/airflow/example_dags/example_trigger_target_dag.py
[2023-11-04 21:03:32,098] {processor.py:651} INFO - DAG(s) dict_keys(['example_trigger_target_dag']) retrieved from /home/airflow/.local/lib/python3.7/site-packages/airflow/example_dags/example_trigger_target_dag.py
[2023-11-04 21:03:32,125] {logging_mixin.py:115} INFO - [2023-11-04 21:03:32,125] {dag.py:2420} INFO - Sync 1 DAGs
[2023-11-04 21:03:32,153] {logging_mixin.py:115} INFO - [2023-11-04 21:03:32,152] {dag.py:2972} INFO - Setting next_dagrun for example_trigger_target_dag to None, run_after=None
[2023-11-04 21:03:32,166] {processor.py:161} INFO - Processing /home/airflow/.local/lib/python3.7/site-packages/airflow/example_dags/example_trigger_target_dag.py took 0.091 seconds
[2023-11-04 21:04:02,200] {processor.py:153} INFO - Started process (PID=790) to work on /home/airflow/.local/lib/python3.7/site-packages/airflow/example_dags/example_trigger_target_dag.py
[2023-11-04 21:04:02,201] {processor.py:641} INFO - Processing file /home/airflow/.local/lib/python3.7/site-packages/airflow/example_dags/example_trigger_target_dag.py for tasks to queue
[2023-11-04 21:04:02,202] {logging_mixin.py:115} INFO - [2023-11-04 21:04:02,201] {dagbag.py:508} INFO - Filling up the DagBag from /home/airflow/.local/lib/python3.7/site-packages/airflow/example_dags/example_trigger_target_dag.py
[2023-11-04 21:04:02,217] {processor.py:651} INFO - DAG(s) dict_keys(['example_trigger_target_dag']) retrieved from /home/airflow/.local/lib/python3.7/site-packages/airflow/example_dags/example_trigger_target_dag.py
[2023-11-04 21:04:02,250] {logging_mixin.py:115} INFO - [2023-11-04 21:04:02,249] {dag.py:2420} INFO - Sync 1 DAGs
[2023-11-04 21:04:02,278] {logging_mixin.py:115} INFO - [2023-11-04 21:04:02,278] {dag.py:2972} INFO - Setting next_dagrun for example_trigger_target_dag to None, run_after=None
[2023-11-04 21:04:02,292] {processor.py:161} INFO - Processing /home/airflow/.local/lib/python3.7/site-packages/airflow/example_dags/example_trigger_target_dag.py took 0.096 seconds
[2023-11-04 21:04:32,467] {processor.py:153} INFO - Started process (PID=842) to work on /home/airflow/.local/lib/python3.7/site-packages/airflow/example_dags/example_trigger_target_dag.py
[2023-11-04 21:04:32,468] {processor.py:641} INFO - Processing file /home/airflow/.local/lib/python3.7/site-packages/airflow/example_dags/example_trigger_target_dag.py for tasks to queue
[2023-11-04 21:04:32,469] {logging_mixin.py:115} INFO - [2023-11-04 21:04:32,469] {dagbag.py:508} INFO - Filling up the DagBag from /home/airflow/.local/lib/python3.7/site-packages/airflow/example_dags/example_trigger_target_dag.py
[2023-11-04 21:04:32,490] {processor.py:651} INFO - DAG(s) dict_keys(['example_trigger_target_dag']) retrieved from /home/airflow/.local/lib/python3.7/site-packages/airflow/example_dags/example_trigger_target_dag.py
[2023-11-04 21:04:32,528] {logging_mixin.py:115} INFO - [2023-11-04 21:04:32,528] {dag.py:2420} INFO - Sync 1 DAGs
[2023-11-04 21:04:32,558] {logging_mixin.py:115} INFO - [2023-11-04 21:04:32,558] {dag.py:2972} INFO - Setting next_dagrun for example_trigger_target_dag to None, run_after=None
[2023-11-04 21:04:32,577] {processor.py:161} INFO - Processing /home/airflow/.local/lib/python3.7/site-packages/airflow/example_dags/example_trigger_target_dag.py took 0.114 seconds
[2023-11-04 21:05:03,375] {processor.py:153} INFO - Started process (PID=903) to work on /home/airflow/.local/lib/python3.7/site-packages/airflow/example_dags/example_trigger_target_dag.py
[2023-11-04 21:05:03,377] {processor.py:641} INFO - Processing file /home/airflow/.local/lib/python3.7/site-packages/airflow/example_dags/example_trigger_target_dag.py for tasks to queue
[2023-11-04 21:05:03,378] {logging_mixin.py:115} INFO - [2023-11-04 21:05:03,378] {dagbag.py:508} INFO - Filling up the DagBag from /home/airflow/.local/lib/python3.7/site-packages/airflow/example_dags/example_trigger_target_dag.py
[2023-11-04 21:05:03,397] {processor.py:651} INFO - DAG(s) dict_keys(['example_trigger_target_dag']) retrieved from /home/airflow/.local/lib/python3.7/site-packages/airflow/example_dags/example_trigger_target_dag.py
[2023-11-04 21:05:03,423] {logging_mixin.py:115} INFO - [2023-11-04 21:05:03,423] {dag.py:2420} INFO - Sync 1 DAGs
[2023-11-04 21:05:03,446] {logging_mixin.py:115} INFO - [2023-11-04 21:05:03,446] {dag.py:2972} INFO - Setting next_dagrun for example_trigger_target_dag to None, run_after=None
[2023-11-04 21:05:03,457] {processor.py:161} INFO - Processing /home/airflow/.local/lib/python3.7/site-packages/airflow/example_dags/example_trigger_target_dag.py took 0.087 seconds
[2023-11-04 21:05:33,615] {processor.py:153} INFO - Started process (PID=955) to work on /home/airflow/.local/lib/python3.7/site-packages/airflow/example_dags/example_trigger_target_dag.py
[2023-11-04 21:05:33,616] {processor.py:641} INFO - Processing file /home/airflow/.local/lib/python3.7/site-packages/airflow/example_dags/example_trigger_target_dag.py for tasks to queue
[2023-11-04 21:05:33,617] {logging_mixin.py:115} INFO - [2023-11-04 21:05:33,617] {dagbag.py:508} INFO - Filling up the DagBag from /home/airflow/.local/lib/python3.7/site-packages/airflow/example_dags/example_trigger_target_dag.py
[2023-11-04 21:05:33,636] {processor.py:651} INFO - DAG(s) dict_keys(['example_trigger_target_dag']) retrieved from /home/airflow/.local/lib/python3.7/site-packages/airflow/example_dags/example_trigger_target_dag.py
[2023-11-04 21:05:33,671] {logging_mixin.py:115} INFO - [2023-11-04 21:05:33,671] {dag.py:2420} INFO - Sync 1 DAGs
[2023-11-04 21:05:33,701] {logging_mixin.py:115} INFO - [2023-11-04 21:05:33,701] {dag.py:2972} INFO - Setting next_dagrun for example_trigger_target_dag to None, run_after=None
[2023-11-04 21:05:33,725] {processor.py:161} INFO - Processing /home/airflow/.local/lib/python3.7/site-packages/airflow/example_dags/example_trigger_target_dag.py took 0.115 seconds
[2023-11-04 21:06:18,997] {processor.py:153} INFO - Started process (PID=78) to work on /home/airflow/.local/lib/python3.7/site-packages/airflow/example_dags/example_trigger_target_dag.py
[2023-11-04 21:06:18,999] {processor.py:641} INFO - Processing file /home/airflow/.local/lib/python3.7/site-packages/airflow/example_dags/example_trigger_target_dag.py for tasks to queue
[2023-11-04 21:06:19,001] {logging_mixin.py:115} INFO - [2023-11-04 21:06:19,000] {dagbag.py:508} INFO - Filling up the DagBag from /home/airflow/.local/lib/python3.7/site-packages/airflow/example_dags/example_trigger_target_dag.py
[2023-11-04 21:06:19,025] {processor.py:651} INFO - DAG(s) dict_keys(['example_trigger_target_dag']) retrieved from /home/airflow/.local/lib/python3.7/site-packages/airflow/example_dags/example_trigger_target_dag.py
[2023-11-04 21:06:19,266] {logging_mixin.py:115} INFO - [2023-11-04 21:06:19,265] {dag.py:2420} INFO - Sync 1 DAGs
[2023-11-04 21:06:19,314] {logging_mixin.py:115} INFO - [2023-11-04 21:06:19,314] {dag.py:2972} INFO - Setting next_dagrun for example_trigger_target_dag to None, run_after=None
[2023-11-04 21:06:19,342] {processor.py:161} INFO - Processing /home/airflow/.local/lib/python3.7/site-packages/airflow/example_dags/example_trigger_target_dag.py took 0.351 seconds
[2023-11-04 21:06:49,416] {processor.py:153} INFO - Started process (PID=140) to work on /home/airflow/.local/lib/python3.7/site-packages/airflow/example_dags/example_trigger_target_dag.py
[2023-11-04 21:06:49,417] {processor.py:641} INFO - Processing file /home/airflow/.local/lib/python3.7/site-packages/airflow/example_dags/example_trigger_target_dag.py for tasks to queue
[2023-11-04 21:06:49,417] {logging_mixin.py:115} INFO - [2023-11-04 21:06:49,417] {dagbag.py:508} INFO - Filling up the DagBag from /home/airflow/.local/lib/python3.7/site-packages/airflow/example_dags/example_trigger_target_dag.py
[2023-11-04 21:06:49,447] {processor.py:651} INFO - DAG(s) dict_keys(['example_trigger_target_dag']) retrieved from /home/airflow/.local/lib/python3.7/site-packages/airflow/example_dags/example_trigger_target_dag.py
[2023-11-04 21:06:49,609] {logging_mixin.py:115} INFO - [2023-11-04 21:06:49,609] {dag.py:2420} INFO - Sync 1 DAGs
[2023-11-04 21:06:49,645] {logging_mixin.py:115} INFO - [2023-11-04 21:06:49,645] {dag.py:2972} INFO - Setting next_dagrun for example_trigger_target_dag to None, run_after=None
[2023-11-04 21:06:49,661] {processor.py:161} INFO - Processing /home/airflow/.local/lib/python3.7/site-packages/airflow/example_dags/example_trigger_target_dag.py took 0.249 seconds
[2023-11-04 21:07:19,989] {processor.py:153} INFO - Started process (PID=193) to work on /home/airflow/.local/lib/python3.7/site-packages/airflow/example_dags/example_trigger_target_dag.py
[2023-11-04 21:07:19,990] {processor.py:641} INFO - Processing file /home/airflow/.local/lib/python3.7/site-packages/airflow/example_dags/example_trigger_target_dag.py for tasks to queue
[2023-11-04 21:07:19,991] {logging_mixin.py:115} INFO - [2023-11-04 21:07:19,991] {dagbag.py:508} INFO - Filling up the DagBag from /home/airflow/.local/lib/python3.7/site-packages/airflow/example_dags/example_trigger_target_dag.py
[2023-11-04 21:07:20,009] {processor.py:651} INFO - DAG(s) dict_keys(['example_trigger_target_dag']) retrieved from /home/airflow/.local/lib/python3.7/site-packages/airflow/example_dags/example_trigger_target_dag.py
[2023-11-04 21:07:20,141] {logging_mixin.py:115} INFO - [2023-11-04 21:07:20,141] {dag.py:2420} INFO - Sync 1 DAGs
[2023-11-04 21:07:20,165] {logging_mixin.py:115} INFO - [2023-11-04 21:07:20,165] {dag.py:2972} INFO - Setting next_dagrun for example_trigger_target_dag to None, run_after=None
[2023-11-04 21:07:20,179] {processor.py:161} INFO - Processing /home/airflow/.local/lib/python3.7/site-packages/airflow/example_dags/example_trigger_target_dag.py took 0.193 seconds
[2023-11-04 21:07:50,389] {processor.py:153} INFO - Started process (PID=255) to work on /home/airflow/.local/lib/python3.7/site-packages/airflow/example_dags/example_trigger_target_dag.py
[2023-11-04 21:07:50,389] {processor.py:641} INFO - Processing file /home/airflow/.local/lib/python3.7/site-packages/airflow/example_dags/example_trigger_target_dag.py for tasks to queue
[2023-11-04 21:07:50,390] {logging_mixin.py:115} INFO - [2023-11-04 21:07:50,390] {dagbag.py:508} INFO - Filling up the DagBag from /home/airflow/.local/lib/python3.7/site-packages/airflow/example_dags/example_trigger_target_dag.py
[2023-11-04 21:07:50,408] {processor.py:651} INFO - DAG(s) dict_keys(['example_trigger_target_dag']) retrieved from /home/airflow/.local/lib/python3.7/site-packages/airflow/example_dags/example_trigger_target_dag.py
[2023-11-04 21:07:50,556] {logging_mixin.py:115} INFO - [2023-11-04 21:07:50,555] {dag.py:2420} INFO - Sync 1 DAGs
[2023-11-04 21:07:50,581] {logging_mixin.py:115} INFO - [2023-11-04 21:07:50,581] {dag.py:2972} INFO - Setting next_dagrun for example_trigger_target_dag to None, run_after=None
[2023-11-04 21:07:50,595] {processor.py:161} INFO - Processing /home/airflow/.local/lib/python3.7/site-packages/airflow/example_dags/example_trigger_target_dag.py took 0.210 seconds
[2023-11-04 21:08:20,837] {processor.py:153} INFO - Started process (PID=317) to work on /home/airflow/.local/lib/python3.7/site-packages/airflow/example_dags/example_trigger_target_dag.py
[2023-11-04 21:08:20,838] {processor.py:641} INFO - Processing file /home/airflow/.local/lib/python3.7/site-packages/airflow/example_dags/example_trigger_target_dag.py for tasks to queue
[2023-11-04 21:08:20,839] {logging_mixin.py:115} INFO - [2023-11-04 21:08:20,839] {dagbag.py:508} INFO - Filling up the DagBag from /home/airflow/.local/lib/python3.7/site-packages/airflow/example_dags/example_trigger_target_dag.py
[2023-11-04 21:08:20,865] {processor.py:651} INFO - DAG(s) dict_keys(['example_trigger_target_dag']) retrieved from /home/airflow/.local/lib/python3.7/site-packages/airflow/example_dags/example_trigger_target_dag.py
[2023-11-04 21:08:21,007] {logging_mixin.py:115} INFO - [2023-11-04 21:08:21,007] {dag.py:2420} INFO - Sync 1 DAGs
[2023-11-04 21:08:21,032] {logging_mixin.py:115} INFO - [2023-11-04 21:08:21,032] {dag.py:2972} INFO - Setting next_dagrun for example_trigger_target_dag to None, run_after=None
[2023-11-04 21:08:21,048] {processor.py:161} INFO - Processing /home/airflow/.local/lib/python3.7/site-packages/airflow/example_dags/example_trigger_target_dag.py took 0.217 seconds
[2023-11-04 21:08:51,503] {processor.py:153} INFO - Started process (PID=371) to work on /home/airflow/.local/lib/python3.7/site-packages/airflow/example_dags/example_trigger_target_dag.py
[2023-11-04 21:08:51,504] {processor.py:641} INFO - Processing file /home/airflow/.local/lib/python3.7/site-packages/airflow/example_dags/example_trigger_target_dag.py for tasks to queue
[2023-11-04 21:08:51,504] {logging_mixin.py:115} INFO - [2023-11-04 21:08:51,504] {dagbag.py:508} INFO - Filling up the DagBag from /home/airflow/.local/lib/python3.7/site-packages/airflow/example_dags/example_trigger_target_dag.py
[2023-11-04 21:08:51,525] {processor.py:651} INFO - DAG(s) dict_keys(['example_trigger_target_dag']) retrieved from /home/airflow/.local/lib/python3.7/site-packages/airflow/example_dags/example_trigger_target_dag.py
[2023-11-04 21:08:51,670] {logging_mixin.py:115} INFO - [2023-11-04 21:08:51,670] {dag.py:2420} INFO - Sync 1 DAGs
[2023-11-04 21:08:51,694] {logging_mixin.py:115} INFO - [2023-11-04 21:08:51,694] {dag.py:2972} INFO - Setting next_dagrun for example_trigger_target_dag to None, run_after=None
[2023-11-04 21:08:51,709] {processor.py:161} INFO - Processing /home/airflow/.local/lib/python3.7/site-packages/airflow/example_dags/example_trigger_target_dag.py took 0.210 seconds
[2023-11-04 21:09:22,208] {processor.py:153} INFO - Started process (PID=433) to work on /home/airflow/.local/lib/python3.7/site-packages/airflow/example_dags/example_trigger_target_dag.py
[2023-11-04 21:09:22,209] {processor.py:641} INFO - Processing file /home/airflow/.local/lib/python3.7/site-packages/airflow/example_dags/example_trigger_target_dag.py for tasks to queue
[2023-11-04 21:09:22,210] {logging_mixin.py:115} INFO - [2023-11-04 21:09:22,210] {dagbag.py:508} INFO - Filling up the DagBag from /home/airflow/.local/lib/python3.7/site-packages/airflow/example_dags/example_trigger_target_dag.py
[2023-11-04 21:09:22,233] {processor.py:651} INFO - DAG(s) dict_keys(['example_trigger_target_dag']) retrieved from /home/airflow/.local/lib/python3.7/site-packages/airflow/example_dags/example_trigger_target_dag.py
[2023-11-04 21:09:22,386] {logging_mixin.py:115} INFO - [2023-11-04 21:09:22,386] {dag.py:2420} INFO - Sync 1 DAGs
[2023-11-04 21:09:22,410] {logging_mixin.py:115} INFO - [2023-11-04 21:09:22,410] {dag.py:2972} INFO - Setting next_dagrun for example_trigger_target_dag to None, run_after=None
[2023-11-04 21:09:22,423] {processor.py:161} INFO - Processing /home/airflow/.local/lib/python3.7/site-packages/airflow/example_dags/example_trigger_target_dag.py took 0.219 seconds
[2023-11-04 21:09:52,961] {processor.py:153} INFO - Started process (PID=495) to work on /home/airflow/.local/lib/python3.7/site-packages/airflow/example_dags/example_trigger_target_dag.py
[2023-11-04 21:09:52,962] {processor.py:641} INFO - Processing file /home/airflow/.local/lib/python3.7/site-packages/airflow/example_dags/example_trigger_target_dag.py for tasks to queue
[2023-11-04 21:09:52,963] {logging_mixin.py:115} INFO - [2023-11-04 21:09:52,963] {dagbag.py:508} INFO - Filling up the DagBag from /home/airflow/.local/lib/python3.7/site-packages/airflow/example_dags/example_trigger_target_dag.py
[2023-11-04 21:09:52,984] {processor.py:651} INFO - DAG(s) dict_keys(['example_trigger_target_dag']) retrieved from /home/airflow/.local/lib/python3.7/site-packages/airflow/example_dags/example_trigger_target_dag.py
[2023-11-04 21:09:53,134] {logging_mixin.py:115} INFO - [2023-11-04 21:09:53,133] {dag.py:2420} INFO - Sync 1 DAGs
[2023-11-04 21:09:53,159] {logging_mixin.py:115} INFO - [2023-11-04 21:09:53,159] {dag.py:2972} INFO - Setting next_dagrun for example_trigger_target_dag to None, run_after=None
[2023-11-04 21:09:53,172] {processor.py:161} INFO - Processing /home/airflow/.local/lib/python3.7/site-packages/airflow/example_dags/example_trigger_target_dag.py took 0.214 seconds
[2023-11-04 21:10:23,230] {processor.py:153} INFO - Started process (PID=548) to work on /home/airflow/.local/lib/python3.7/site-packages/airflow/example_dags/example_trigger_target_dag.py
[2023-11-04 21:10:23,231] {processor.py:641} INFO - Processing file /home/airflow/.local/lib/python3.7/site-packages/airflow/example_dags/example_trigger_target_dag.py for tasks to queue
[2023-11-04 21:10:23,232] {logging_mixin.py:115} INFO - [2023-11-04 21:10:23,232] {dagbag.py:508} INFO - Filling up the DagBag from /home/airflow/.local/lib/python3.7/site-packages/airflow/example_dags/example_trigger_target_dag.py
[2023-11-04 21:10:23,254] {processor.py:651} INFO - DAG(s) dict_keys(['example_trigger_target_dag']) retrieved from /home/airflow/.local/lib/python3.7/site-packages/airflow/example_dags/example_trigger_target_dag.py
[2023-11-04 21:10:23,399] {logging_mixin.py:115} INFO - [2023-11-04 21:10:23,398] {dag.py:2420} INFO - Sync 1 DAGs
[2023-11-04 21:10:23,425] {logging_mixin.py:115} INFO - [2023-11-04 21:10:23,425] {dag.py:2972} INFO - Setting next_dagrun for example_trigger_target_dag to None, run_after=None
[2023-11-04 21:10:23,441] {processor.py:161} INFO - Processing /home/airflow/.local/lib/python3.7/site-packages/airflow/example_dags/example_trigger_target_dag.py took 0.215 seconds
[2023-11-04 21:10:53,576] {processor.py:153} INFO - Started process (PID=610) to work on /home/airflow/.local/lib/python3.7/site-packages/airflow/example_dags/example_trigger_target_dag.py
[2023-11-04 21:10:53,578] {processor.py:641} INFO - Processing file /home/airflow/.local/lib/python3.7/site-packages/airflow/example_dags/example_trigger_target_dag.py for tasks to queue
[2023-11-04 21:10:53,581] {logging_mixin.py:115} INFO - [2023-11-04 21:10:53,581] {dagbag.py:508} INFO - Filling up the DagBag from /home/airflow/.local/lib/python3.7/site-packages/airflow/example_dags/example_trigger_target_dag.py
[2023-11-04 21:10:53,610] {processor.py:651} INFO - DAG(s) dict_keys(['example_trigger_target_dag']) retrieved from /home/airflow/.local/lib/python3.7/site-packages/airflow/example_dags/example_trigger_target_dag.py
[2023-11-04 21:10:53,775] {logging_mixin.py:115} INFO - [2023-11-04 21:10:53,775] {dag.py:2420} INFO - Sync 1 DAGs
[2023-11-04 21:10:53,801] {logging_mixin.py:115} INFO - [2023-11-04 21:10:53,800] {dag.py:2972} INFO - Setting next_dagrun for example_trigger_target_dag to None, run_after=None
[2023-11-04 21:10:53,820] {processor.py:161} INFO - Processing /home/airflow/.local/lib/python3.7/site-packages/airflow/example_dags/example_trigger_target_dag.py took 0.250 seconds
[2023-11-04 21:11:24,414] {processor.py:153} INFO - Started process (PID=672) to work on /home/airflow/.local/lib/python3.7/site-packages/airflow/example_dags/example_trigger_target_dag.py
[2023-11-04 21:11:24,415] {processor.py:641} INFO - Processing file /home/airflow/.local/lib/python3.7/site-packages/airflow/example_dags/example_trigger_target_dag.py for tasks to queue
[2023-11-04 21:11:24,416] {logging_mixin.py:115} INFO - [2023-11-04 21:11:24,416] {dagbag.py:508} INFO - Filling up the DagBag from /home/airflow/.local/lib/python3.7/site-packages/airflow/example_dags/example_trigger_target_dag.py
[2023-11-04 21:11:24,435] {processor.py:651} INFO - DAG(s) dict_keys(['example_trigger_target_dag']) retrieved from /home/airflow/.local/lib/python3.7/site-packages/airflow/example_dags/example_trigger_target_dag.py
[2023-11-04 21:11:24,569] {logging_mixin.py:115} INFO - [2023-11-04 21:11:24,568] {dag.py:2420} INFO - Sync 1 DAGs
[2023-11-04 21:11:24,592] {logging_mixin.py:115} INFO - [2023-11-04 21:11:24,592] {dag.py:2972} INFO - Setting next_dagrun for example_trigger_target_dag to None, run_after=None
[2023-11-04 21:11:24,607] {processor.py:161} INFO - Processing /home/airflow/.local/lib/python3.7/site-packages/airflow/example_dags/example_trigger_target_dag.py took 0.196 seconds
[2023-11-04 21:11:55,028] {processor.py:153} INFO - Started process (PID=725) to work on /home/airflow/.local/lib/python3.7/site-packages/airflow/example_dags/example_trigger_target_dag.py
[2023-11-04 21:11:55,030] {processor.py:641} INFO - Processing file /home/airflow/.local/lib/python3.7/site-packages/airflow/example_dags/example_trigger_target_dag.py for tasks to queue
[2023-11-04 21:11:55,032] {logging_mixin.py:115} INFO - [2023-11-04 21:11:55,032] {dagbag.py:508} INFO - Filling up the DagBag from /home/airflow/.local/lib/python3.7/site-packages/airflow/example_dags/example_trigger_target_dag.py
[2023-11-04 21:11:55,076] {processor.py:651} INFO - DAG(s) dict_keys(['example_trigger_target_dag']) retrieved from /home/airflow/.local/lib/python3.7/site-packages/airflow/example_dags/example_trigger_target_dag.py
[2023-11-04 21:11:55,259] {logging_mixin.py:115} INFO - [2023-11-04 21:11:55,259] {dag.py:2420} INFO - Sync 1 DAGs
[2023-11-04 21:11:55,291] {logging_mixin.py:115} INFO - [2023-11-04 21:11:55,291] {dag.py:2972} INFO - Setting next_dagrun for example_trigger_target_dag to None, run_after=None
[2023-11-04 21:11:55,309] {processor.py:161} INFO - Processing /home/airflow/.local/lib/python3.7/site-packages/airflow/example_dags/example_trigger_target_dag.py took 0.286 seconds
[2023-11-04 21:12:26,040] {processor.py:153} INFO - Started process (PID=787) to work on /home/airflow/.local/lib/python3.7/site-packages/airflow/example_dags/example_trigger_target_dag.py
[2023-11-04 21:12:26,042] {processor.py:641} INFO - Processing file /home/airflow/.local/lib/python3.7/site-packages/airflow/example_dags/example_trigger_target_dag.py for tasks to queue
[2023-11-04 21:12:26,044] {logging_mixin.py:115} INFO - [2023-11-04 21:12:26,043] {dagbag.py:508} INFO - Filling up the DagBag from /home/airflow/.local/lib/python3.7/site-packages/airflow/example_dags/example_trigger_target_dag.py
[2023-11-04 21:12:26,088] {processor.py:651} INFO - DAG(s) dict_keys(['example_trigger_target_dag']) retrieved from /home/airflow/.local/lib/python3.7/site-packages/airflow/example_dags/example_trigger_target_dag.py
[2023-11-04 21:12:26,431] {logging_mixin.py:115} INFO - [2023-11-04 21:12:26,430] {dag.py:2420} INFO - Sync 1 DAGs
[2023-11-04 21:12:26,496] {logging_mixin.py:115} INFO - [2023-11-04 21:12:26,495] {dag.py:2972} INFO - Setting next_dagrun for example_trigger_target_dag to None, run_after=None
[2023-11-04 21:12:26,537] {processor.py:161} INFO - Processing /home/airflow/.local/lib/python3.7/site-packages/airflow/example_dags/example_trigger_target_dag.py took 0.507 seconds
[2023-11-04 21:12:57,736] {processor.py:153} INFO - Started process (PID=840) to work on /home/airflow/.local/lib/python3.7/site-packages/airflow/example_dags/example_trigger_target_dag.py
[2023-11-04 21:12:57,741] {processor.py:641} INFO - Processing file /home/airflow/.local/lib/python3.7/site-packages/airflow/example_dags/example_trigger_target_dag.py for tasks to queue
[2023-11-04 21:12:57,748] {logging_mixin.py:115} INFO - [2023-11-04 21:12:57,747] {dagbag.py:508} INFO - Filling up the DagBag from /home/airflow/.local/lib/python3.7/site-packages/airflow/example_dags/example_trigger_target_dag.py
[2023-11-04 21:12:57,856] {processor.py:651} INFO - DAG(s) dict_keys(['example_trigger_target_dag']) retrieved from /home/airflow/.local/lib/python3.7/site-packages/airflow/example_dags/example_trigger_target_dag.py
[2023-11-04 21:12:58,838] {logging_mixin.py:115} INFO - [2023-11-04 21:12:58,837] {dag.py:2420} INFO - Sync 1 DAGs
[2023-11-04 21:12:59,021] {logging_mixin.py:115} INFO - [2023-11-04 21:12:59,015] {dag.py:2972} INFO - Setting next_dagrun for example_trigger_target_dag to None, run_after=None
[2023-11-04 21:12:59,111] {processor.py:161} INFO - Processing /home/airflow/.local/lib/python3.7/site-packages/airflow/example_dags/example_trigger_target_dag.py took 1.396 seconds
[2023-11-04 21:15:29,161] {processor.py:153} INFO - Started process (PID=87) to work on /home/airflow/.local/lib/python3.7/site-packages/airflow/example_dags/example_trigger_target_dag.py
[2023-11-04 21:15:29,165] {processor.py:641} INFO - Processing file /home/airflow/.local/lib/python3.7/site-packages/airflow/example_dags/example_trigger_target_dag.py for tasks to queue
[2023-11-04 21:15:29,169] {logging_mixin.py:115} INFO - [2023-11-04 21:15:29,168] {dagbag.py:508} INFO - Filling up the DagBag from /home/airflow/.local/lib/python3.7/site-packages/airflow/example_dags/example_trigger_target_dag.py
[2023-11-04 21:15:29,253] {processor.py:651} INFO - DAG(s) dict_keys(['example_trigger_target_dag']) retrieved from /home/airflow/.local/lib/python3.7/site-packages/airflow/example_dags/example_trigger_target_dag.py
[2023-11-04 21:15:29,693] {logging_mixin.py:115} INFO - [2023-11-04 21:15:29,693] {dag.py:2420} INFO - Sync 1 DAGs
[2023-11-04 21:15:29,772] {logging_mixin.py:115} INFO - [2023-11-04 21:15:29,772] {dag.py:2972} INFO - Setting next_dagrun for example_trigger_target_dag to None, run_after=None
[2023-11-04 21:15:29,818] {processor.py:161} INFO - Processing /home/airflow/.local/lib/python3.7/site-packages/airflow/example_dags/example_trigger_target_dag.py took 0.667 seconds
[2023-11-04 21:16:00,147] {processor.py:153} INFO - Started process (PID=140) to work on /home/airflow/.local/lib/python3.7/site-packages/airflow/example_dags/example_trigger_target_dag.py
[2023-11-04 21:16:00,149] {processor.py:641} INFO - Processing file /home/airflow/.local/lib/python3.7/site-packages/airflow/example_dags/example_trigger_target_dag.py for tasks to queue
[2023-11-04 21:16:00,151] {logging_mixin.py:115} INFO - [2023-11-04 21:16:00,151] {dagbag.py:508} INFO - Filling up the DagBag from /home/airflow/.local/lib/python3.7/site-packages/airflow/example_dags/example_trigger_target_dag.py
[2023-11-04 21:16:00,190] {processor.py:651} INFO - DAG(s) dict_keys(['example_trigger_target_dag']) retrieved from /home/airflow/.local/lib/python3.7/site-packages/airflow/example_dags/example_trigger_target_dag.py
[2023-11-04 21:16:00,427] {logging_mixin.py:115} INFO - [2023-11-04 21:16:00,427] {dag.py:2420} INFO - Sync 1 DAGs
[2023-11-04 21:16:00,477] {logging_mixin.py:115} INFO - [2023-11-04 21:16:00,477] {dag.py:2972} INFO - Setting next_dagrun for example_trigger_target_dag to None, run_after=None
[2023-11-04 21:16:00,499] {processor.py:161} INFO - Processing /home/airflow/.local/lib/python3.7/site-packages/airflow/example_dags/example_trigger_target_dag.py took 0.359 seconds
[2023-11-04 21:16:30,841] {processor.py:153} INFO - Started process (PID=193) to work on /home/airflow/.local/lib/python3.7/site-packages/airflow/example_dags/example_trigger_target_dag.py
[2023-11-04 21:16:30,843] {processor.py:641} INFO - Processing file /home/airflow/.local/lib/python3.7/site-packages/airflow/example_dags/example_trigger_target_dag.py for tasks to queue
[2023-11-04 21:16:30,845] {logging_mixin.py:115} INFO - [2023-11-04 21:16:30,844] {dagbag.py:508} INFO - Filling up the DagBag from /home/airflow/.local/lib/python3.7/site-packages/airflow/example_dags/example_trigger_target_dag.py
[2023-11-04 21:16:30,894] {processor.py:651} INFO - DAG(s) dict_keys(['example_trigger_target_dag']) retrieved from /home/airflow/.local/lib/python3.7/site-packages/airflow/example_dags/example_trigger_target_dag.py
[2023-11-04 21:16:31,182] {logging_mixin.py:115} INFO - [2023-11-04 21:16:31,181] {dag.py:2420} INFO - Sync 1 DAGs
[2023-11-04 21:16:31,234] {logging_mixin.py:115} INFO - [2023-11-04 21:16:31,234] {dag.py:2972} INFO - Setting next_dagrun for example_trigger_target_dag to None, run_after=None
[2023-11-04 21:16:31,268] {processor.py:161} INFO - Processing /home/airflow/.local/lib/python3.7/site-packages/airflow/example_dags/example_trigger_target_dag.py took 0.436 seconds
[2023-11-04 21:17:01,799] {processor.py:153} INFO - Started process (PID=246) to work on /home/airflow/.local/lib/python3.7/site-packages/airflow/example_dags/example_trigger_target_dag.py
[2023-11-04 21:17:01,800] {processor.py:641} INFO - Processing file /home/airflow/.local/lib/python3.7/site-packages/airflow/example_dags/example_trigger_target_dag.py for tasks to queue
[2023-11-04 21:17:01,802] {logging_mixin.py:115} INFO - [2023-11-04 21:17:01,802] {dagbag.py:508} INFO - Filling up the DagBag from /home/airflow/.local/lib/python3.7/site-packages/airflow/example_dags/example_trigger_target_dag.py
[2023-11-04 21:17:01,849] {processor.py:651} INFO - DAG(s) dict_keys(['example_trigger_target_dag']) retrieved from /home/airflow/.local/lib/python3.7/site-packages/airflow/example_dags/example_trigger_target_dag.py
[2023-11-04 21:17:02,156] {logging_mixin.py:115} INFO - [2023-11-04 21:17:02,156] {dag.py:2420} INFO - Sync 1 DAGs
[2023-11-04 21:17:02,214] {logging_mixin.py:115} INFO - [2023-11-04 21:17:02,214] {dag.py:2972} INFO - Setting next_dagrun for example_trigger_target_dag to None, run_after=None
[2023-11-04 21:17:02,254] {processor.py:161} INFO - Processing /home/airflow/.local/lib/python3.7/site-packages/airflow/example_dags/example_trigger_target_dag.py took 0.461 seconds
[2023-11-04 21:17:32,358] {processor.py:153} INFO - Started process (PID=308) to work on /home/airflow/.local/lib/python3.7/site-packages/airflow/example_dags/example_trigger_target_dag.py
[2023-11-04 21:17:32,360] {processor.py:641} INFO - Processing file /home/airflow/.local/lib/python3.7/site-packages/airflow/example_dags/example_trigger_target_dag.py for tasks to queue
[2023-11-04 21:17:32,362] {logging_mixin.py:115} INFO - [2023-11-04 21:17:32,361] {dagbag.py:508} INFO - Filling up the DagBag from /home/airflow/.local/lib/python3.7/site-packages/airflow/example_dags/example_trigger_target_dag.py
[2023-11-04 21:17:32,407] {processor.py:651} INFO - DAG(s) dict_keys(['example_trigger_target_dag']) retrieved from /home/airflow/.local/lib/python3.7/site-packages/airflow/example_dags/example_trigger_target_dag.py
[2023-11-04 21:17:32,662] {logging_mixin.py:115} INFO - [2023-11-04 21:17:32,662] {dag.py:2420} INFO - Sync 1 DAGs
[2023-11-04 21:17:32,712] {logging_mixin.py:115} INFO - [2023-11-04 21:17:32,711] {dag.py:2972} INFO - Setting next_dagrun for example_trigger_target_dag to None, run_after=None
[2023-11-04 21:17:32,741] {processor.py:161} INFO - Processing /home/airflow/.local/lib/python3.7/site-packages/airflow/example_dags/example_trigger_target_dag.py took 0.392 seconds
[2023-11-04 21:18:03,145] {processor.py:153} INFO - Started process (PID=361) to work on /home/airflow/.local/lib/python3.7/site-packages/airflow/example_dags/example_trigger_target_dag.py
[2023-11-04 21:18:03,146] {processor.py:641} INFO - Processing file /home/airflow/.local/lib/python3.7/site-packages/airflow/example_dags/example_trigger_target_dag.py for tasks to queue
[2023-11-04 21:18:03,148] {logging_mixin.py:115} INFO - [2023-11-04 21:18:03,148] {dagbag.py:508} INFO - Filling up the DagBag from /home/airflow/.local/lib/python3.7/site-packages/airflow/example_dags/example_trigger_target_dag.py
[2023-11-04 21:18:03,184] {processor.py:651} INFO - DAG(s) dict_keys(['example_trigger_target_dag']) retrieved from /home/airflow/.local/lib/python3.7/site-packages/airflow/example_dags/example_trigger_target_dag.py
[2023-11-04 21:18:03,406] {logging_mixin.py:115} INFO - [2023-11-04 21:18:03,406] {dag.py:2420} INFO - Sync 1 DAGs
[2023-11-04 21:18:03,443] {logging_mixin.py:115} INFO - [2023-11-04 21:18:03,442] {dag.py:2972} INFO - Setting next_dagrun for example_trigger_target_dag to None, run_after=None
[2023-11-04 21:18:03,462] {processor.py:161} INFO - Processing /home/airflow/.local/lib/python3.7/site-packages/airflow/example_dags/example_trigger_target_dag.py took 0.323 seconds
[2023-11-04 21:18:34,166] {processor.py:153} INFO - Started process (PID=414) to work on /home/airflow/.local/lib/python3.7/site-packages/airflow/example_dags/example_trigger_target_dag.py
[2023-11-04 21:18:34,168] {processor.py:641} INFO - Processing file /home/airflow/.local/lib/python3.7/site-packages/airflow/example_dags/example_trigger_target_dag.py for tasks to queue
[2023-11-04 21:18:34,170] {logging_mixin.py:115} INFO - [2023-11-04 21:18:34,170] {dagbag.py:508} INFO - Filling up the DagBag from /home/airflow/.local/lib/python3.7/site-packages/airflow/example_dags/example_trigger_target_dag.py
[2023-11-04 21:18:34,226] {processor.py:651} INFO - DAG(s) dict_keys(['example_trigger_target_dag']) retrieved from /home/airflow/.local/lib/python3.7/site-packages/airflow/example_dags/example_trigger_target_dag.py
[2023-11-04 21:18:34,505] {logging_mixin.py:115} INFO - [2023-11-04 21:18:34,505] {dag.py:2420} INFO - Sync 1 DAGs
[2023-11-04 21:18:34,575] {logging_mixin.py:115} INFO - [2023-11-04 21:18:34,575] {dag.py:2972} INFO - Setting next_dagrun for example_trigger_target_dag to None, run_after=None
[2023-11-04 21:18:34,602] {processor.py:161} INFO - Processing /home/airflow/.local/lib/python3.7/site-packages/airflow/example_dags/example_trigger_target_dag.py took 0.442 seconds
[2023-11-04 21:19:04,892] {processor.py:153} INFO - Started process (PID=483) to work on /home/airflow/.local/lib/python3.7/site-packages/airflow/example_dags/example_trigger_target_dag.py
[2023-11-04 21:19:04,893] {processor.py:641} INFO - Processing file /home/airflow/.local/lib/python3.7/site-packages/airflow/example_dags/example_trigger_target_dag.py for tasks to queue
[2023-11-04 21:19:04,897] {logging_mixin.py:115} INFO - [2023-11-04 21:19:04,896] {dagbag.py:508} INFO - Filling up the DagBag from /home/airflow/.local/lib/python3.7/site-packages/airflow/example_dags/example_trigger_target_dag.py
[2023-11-04 21:19:04,946] {processor.py:651} INFO - DAG(s) dict_keys(['example_trigger_target_dag']) retrieved from /home/airflow/.local/lib/python3.7/site-packages/airflow/example_dags/example_trigger_target_dag.py
[2023-11-04 21:19:05,190] {logging_mixin.py:115} INFO - [2023-11-04 21:19:05,190] {dag.py:2420} INFO - Sync 1 DAGs
[2023-11-04 21:19:05,220] {logging_mixin.py:115} INFO - [2023-11-04 21:19:05,219] {dag.py:2972} INFO - Setting next_dagrun for example_trigger_target_dag to None, run_after=None
[2023-11-04 21:19:05,238] {processor.py:161} INFO - Processing /home/airflow/.local/lib/python3.7/site-packages/airflow/example_dags/example_trigger_target_dag.py took 0.357 seconds
[2023-11-04 21:19:35,526] {processor.py:153} INFO - Started process (PID=546) to work on /home/airflow/.local/lib/python3.7/site-packages/airflow/example_dags/example_trigger_target_dag.py
[2023-11-04 21:19:35,527] {processor.py:641} INFO - Processing file /home/airflow/.local/lib/python3.7/site-packages/airflow/example_dags/example_trigger_target_dag.py for tasks to queue
[2023-11-04 21:19:35,528] {logging_mixin.py:115} INFO - [2023-11-04 21:19:35,528] {dagbag.py:508} INFO - Filling up the DagBag from /home/airflow/.local/lib/python3.7/site-packages/airflow/example_dags/example_trigger_target_dag.py
[2023-11-04 21:19:35,548] {processor.py:651} INFO - DAG(s) dict_keys(['example_trigger_target_dag']) retrieved from /home/airflow/.local/lib/python3.7/site-packages/airflow/example_dags/example_trigger_target_dag.py
[2023-11-04 21:19:35,692] {logging_mixin.py:115} INFO - [2023-11-04 21:19:35,692] {dag.py:2420} INFO - Sync 1 DAGs
[2023-11-04 21:19:35,717] {logging_mixin.py:115} INFO - [2023-11-04 21:19:35,717] {dag.py:2972} INFO - Setting next_dagrun for example_trigger_target_dag to None, run_after=None
[2023-11-04 21:19:35,732] {processor.py:161} INFO - Processing /home/airflow/.local/lib/python3.7/site-packages/airflow/example_dags/example_trigger_target_dag.py took 0.210 seconds
[2023-11-04 21:20:06,549] {processor.py:153} INFO - Started process (PID=599) to work on /home/airflow/.local/lib/python3.7/site-packages/airflow/example_dags/example_trigger_target_dag.py
[2023-11-04 21:20:06,551] {processor.py:641} INFO - Processing file /home/airflow/.local/lib/python3.7/site-packages/airflow/example_dags/example_trigger_target_dag.py for tasks to queue
[2023-11-04 21:20:06,552] {logging_mixin.py:115} INFO - [2023-11-04 21:20:06,552] {dagbag.py:508} INFO - Filling up the DagBag from /home/airflow/.local/lib/python3.7/site-packages/airflow/example_dags/example_trigger_target_dag.py
[2023-11-04 21:20:06,589] {processor.py:651} INFO - DAG(s) dict_keys(['example_trigger_target_dag']) retrieved from /home/airflow/.local/lib/python3.7/site-packages/airflow/example_dags/example_trigger_target_dag.py
[2023-11-04 21:20:06,850] {logging_mixin.py:115} INFO - [2023-11-04 21:20:06,850] {dag.py:2420} INFO - Sync 1 DAGs
[2023-11-04 21:20:06,902] {logging_mixin.py:115} INFO - [2023-11-04 21:20:06,902] {dag.py:2972} INFO - Setting next_dagrun for example_trigger_target_dag to None, run_after=None
[2023-11-04 21:20:06,937] {processor.py:161} INFO - Processing /home/airflow/.local/lib/python3.7/site-packages/airflow/example_dags/example_trigger_target_dag.py took 0.394 seconds
[2023-11-04 21:20:37,862] {processor.py:153} INFO - Started process (PID=661) to work on /home/airflow/.local/lib/python3.7/site-packages/airflow/example_dags/example_trigger_target_dag.py
[2023-11-04 21:20:37,863] {processor.py:641} INFO - Processing file /home/airflow/.local/lib/python3.7/site-packages/airflow/example_dags/example_trigger_target_dag.py for tasks to queue
[2023-11-04 21:20:37,863] {logging_mixin.py:115} INFO - [2023-11-04 21:20:37,863] {dagbag.py:508} INFO - Filling up the DagBag from /home/airflow/.local/lib/python3.7/site-packages/airflow/example_dags/example_trigger_target_dag.py
[2023-11-04 21:20:37,884] {processor.py:651} INFO - DAG(s) dict_keys(['example_trigger_target_dag']) retrieved from /home/airflow/.local/lib/python3.7/site-packages/airflow/example_dags/example_trigger_target_dag.py
[2023-11-04 21:20:38,032] {logging_mixin.py:115} INFO - [2023-11-04 21:20:38,032] {dag.py:2420} INFO - Sync 1 DAGs
[2023-11-04 21:20:38,057] {logging_mixin.py:115} INFO - [2023-11-04 21:20:38,057] {dag.py:2972} INFO - Setting next_dagrun for example_trigger_target_dag to None, run_after=None
[2023-11-04 21:20:38,070] {processor.py:161} INFO - Processing /home/airflow/.local/lib/python3.7/site-packages/airflow/example_dags/example_trigger_target_dag.py took 0.212 seconds
[2023-11-04 21:21:08,335] {processor.py:153} INFO - Started process (PID=723) to work on /home/airflow/.local/lib/python3.7/site-packages/airflow/example_dags/example_trigger_target_dag.py
[2023-11-04 21:21:08,336] {processor.py:641} INFO - Processing file /home/airflow/.local/lib/python3.7/site-packages/airflow/example_dags/example_trigger_target_dag.py for tasks to queue
[2023-11-04 21:21:08,339] {logging_mixin.py:115} INFO - [2023-11-04 21:21:08,338] {dagbag.py:508} INFO - Filling up the DagBag from /home/airflow/.local/lib/python3.7/site-packages/airflow/example_dags/example_trigger_target_dag.py
[2023-11-04 21:21:08,368] {processor.py:651} INFO - DAG(s) dict_keys(['example_trigger_target_dag']) retrieved from /home/airflow/.local/lib/python3.7/site-packages/airflow/example_dags/example_trigger_target_dag.py
[2023-11-04 21:21:08,551] {logging_mixin.py:115} INFO - [2023-11-04 21:21:08,550] {dag.py:2420} INFO - Sync 1 DAGs
[2023-11-04 21:21:08,582] {logging_mixin.py:115} INFO - [2023-11-04 21:21:08,582] {dag.py:2972} INFO - Setting next_dagrun for example_trigger_target_dag to None, run_after=None
[2023-11-04 21:21:08,596] {processor.py:161} INFO - Processing /home/airflow/.local/lib/python3.7/site-packages/airflow/example_dags/example_trigger_target_dag.py took 0.266 seconds
[2023-11-04 21:21:38,757] {processor.py:153} INFO - Started process (PID=777) to work on /home/airflow/.local/lib/python3.7/site-packages/airflow/example_dags/example_trigger_target_dag.py
[2023-11-04 21:21:38,758] {processor.py:641} INFO - Processing file /home/airflow/.local/lib/python3.7/site-packages/airflow/example_dags/example_trigger_target_dag.py for tasks to queue
[2023-11-04 21:21:38,759] {logging_mixin.py:115} INFO - [2023-11-04 21:21:38,759] {dagbag.py:508} INFO - Filling up the DagBag from /home/airflow/.local/lib/python3.7/site-packages/airflow/example_dags/example_trigger_target_dag.py
[2023-11-04 21:21:38,783] {processor.py:651} INFO - DAG(s) dict_keys(['example_trigger_target_dag']) retrieved from /home/airflow/.local/lib/python3.7/site-packages/airflow/example_dags/example_trigger_target_dag.py
[2023-11-04 21:21:38,938] {logging_mixin.py:115} INFO - [2023-11-04 21:21:38,938] {dag.py:2420} INFO - Sync 1 DAGs
[2023-11-04 21:21:38,962] {logging_mixin.py:115} INFO - [2023-11-04 21:21:38,962] {dag.py:2972} INFO - Setting next_dagrun for example_trigger_target_dag to None, run_after=None
[2023-11-04 21:21:38,976] {processor.py:161} INFO - Processing /home/airflow/.local/lib/python3.7/site-packages/airflow/example_dags/example_trigger_target_dag.py took 0.223 seconds
[2023-11-04 21:22:09,371] {processor.py:153} INFO - Started process (PID=839) to work on /home/airflow/.local/lib/python3.7/site-packages/airflow/example_dags/example_trigger_target_dag.py
[2023-11-04 21:22:09,372] {processor.py:641} INFO - Processing file /home/airflow/.local/lib/python3.7/site-packages/airflow/example_dags/example_trigger_target_dag.py for tasks to queue
[2023-11-04 21:22:09,373] {logging_mixin.py:115} INFO - [2023-11-04 21:22:09,373] {dagbag.py:508} INFO - Filling up the DagBag from /home/airflow/.local/lib/python3.7/site-packages/airflow/example_dags/example_trigger_target_dag.py
[2023-11-04 21:22:09,402] {processor.py:651} INFO - DAG(s) dict_keys(['example_trigger_target_dag']) retrieved from /home/airflow/.local/lib/python3.7/site-packages/airflow/example_dags/example_trigger_target_dag.py
[2023-11-04 21:22:09,645] {logging_mixin.py:115} INFO - [2023-11-04 21:22:09,645] {dag.py:2420} INFO - Sync 1 DAGs
[2023-11-04 21:22:09,675] {logging_mixin.py:115} INFO - [2023-11-04 21:22:09,674] {dag.py:2972} INFO - Setting next_dagrun for example_trigger_target_dag to None, run_after=None
[2023-11-04 21:22:09,693] {processor.py:161} INFO - Processing /home/airflow/.local/lib/python3.7/site-packages/airflow/example_dags/example_trigger_target_dag.py took 0.327 seconds
[2023-11-04 21:22:39,772] {processor.py:153} INFO - Started process (PID=892) to work on /home/airflow/.local/lib/python3.7/site-packages/airflow/example_dags/example_trigger_target_dag.py
[2023-11-04 21:22:39,773] {processor.py:641} INFO - Processing file /home/airflow/.local/lib/python3.7/site-packages/airflow/example_dags/example_trigger_target_dag.py for tasks to queue
[2023-11-04 21:22:39,774] {logging_mixin.py:115} INFO - [2023-11-04 21:22:39,773] {dagbag.py:508} INFO - Filling up the DagBag from /home/airflow/.local/lib/python3.7/site-packages/airflow/example_dags/example_trigger_target_dag.py
[2023-11-04 21:22:39,792] {processor.py:651} INFO - DAG(s) dict_keys(['example_trigger_target_dag']) retrieved from /home/airflow/.local/lib/python3.7/site-packages/airflow/example_dags/example_trigger_target_dag.py
[2023-11-04 21:22:39,949] {logging_mixin.py:115} INFO - [2023-11-04 21:22:39,949] {dag.py:2420} INFO - Sync 1 DAGs
[2023-11-04 21:22:39,975] {logging_mixin.py:115} INFO - [2023-11-04 21:22:39,975] {dag.py:2972} INFO - Setting next_dagrun for example_trigger_target_dag to None, run_after=None
[2023-11-04 21:22:39,990] {processor.py:161} INFO - Processing /home/airflow/.local/lib/python3.7/site-packages/airflow/example_dags/example_trigger_target_dag.py took 0.222 seconds
[2023-11-04 21:23:10,070] {processor.py:153} INFO - Started process (PID=954) to work on /home/airflow/.local/lib/python3.7/site-packages/airflow/example_dags/example_trigger_target_dag.py
[2023-11-04 21:23:10,071] {processor.py:641} INFO - Processing file /home/airflow/.local/lib/python3.7/site-packages/airflow/example_dags/example_trigger_target_dag.py for tasks to queue
[2023-11-04 21:23:10,072] {logging_mixin.py:115} INFO - [2023-11-04 21:23:10,072] {dagbag.py:508} INFO - Filling up the DagBag from /home/airflow/.local/lib/python3.7/site-packages/airflow/example_dags/example_trigger_target_dag.py
[2023-11-04 21:23:10,090] {processor.py:651} INFO - DAG(s) dict_keys(['example_trigger_target_dag']) retrieved from /home/airflow/.local/lib/python3.7/site-packages/airflow/example_dags/example_trigger_target_dag.py
[2023-11-04 21:23:10,223] {logging_mixin.py:115} INFO - [2023-11-04 21:23:10,223] {dag.py:2420} INFO - Sync 1 DAGs
[2023-11-04 21:23:10,247] {logging_mixin.py:115} INFO - [2023-11-04 21:23:10,247] {dag.py:2972} INFO - Setting next_dagrun for example_trigger_target_dag to None, run_after=None
[2023-11-04 21:23:10,262] {processor.py:161} INFO - Processing /home/airflow/.local/lib/python3.7/site-packages/airflow/example_dags/example_trigger_target_dag.py took 0.195 seconds
[2023-11-04 21:23:40,530] {processor.py:153} INFO - Started process (PID=1016) to work on /home/airflow/.local/lib/python3.7/site-packages/airflow/example_dags/example_trigger_target_dag.py
[2023-11-04 21:23:40,531] {processor.py:641} INFO - Processing file /home/airflow/.local/lib/python3.7/site-packages/airflow/example_dags/example_trigger_target_dag.py for tasks to queue
[2023-11-04 21:23:40,535] {logging_mixin.py:115} INFO - [2023-11-04 21:23:40,535] {dagbag.py:508} INFO - Filling up the DagBag from /home/airflow/.local/lib/python3.7/site-packages/airflow/example_dags/example_trigger_target_dag.py
[2023-11-04 21:23:40,558] {processor.py:651} INFO - DAG(s) dict_keys(['example_trigger_target_dag']) retrieved from /home/airflow/.local/lib/python3.7/site-packages/airflow/example_dags/example_trigger_target_dag.py
[2023-11-04 21:23:40,726] {logging_mixin.py:115} INFO - [2023-11-04 21:23:40,725] {dag.py:2420} INFO - Sync 1 DAGs
[2023-11-04 21:23:40,754] {logging_mixin.py:115} INFO - [2023-11-04 21:23:40,754] {dag.py:2972} INFO - Setting next_dagrun for example_trigger_target_dag to None, run_after=None
[2023-11-04 21:23:40,767] {processor.py:161} INFO - Processing /home/airflow/.local/lib/python3.7/site-packages/airflow/example_dags/example_trigger_target_dag.py took 0.241 seconds
[2023-11-04 21:24:11,030] {processor.py:153} INFO - Started process (PID=1069) to work on /home/airflow/.local/lib/python3.7/site-packages/airflow/example_dags/example_trigger_target_dag.py
[2023-11-04 21:24:11,031] {processor.py:641} INFO - Processing file /home/airflow/.local/lib/python3.7/site-packages/airflow/example_dags/example_trigger_target_dag.py for tasks to queue
[2023-11-04 21:24:11,032] {logging_mixin.py:115} INFO - [2023-11-04 21:24:11,032] {dagbag.py:508} INFO - Filling up the DagBag from /home/airflow/.local/lib/python3.7/site-packages/airflow/example_dags/example_trigger_target_dag.py
[2023-11-04 21:24:11,051] {processor.py:651} INFO - DAG(s) dict_keys(['example_trigger_target_dag']) retrieved from /home/airflow/.local/lib/python3.7/site-packages/airflow/example_dags/example_trigger_target_dag.py
[2023-11-04 21:24:11,198] {logging_mixin.py:115} INFO - [2023-11-04 21:24:11,197] {dag.py:2420} INFO - Sync 1 DAGs
[2023-11-04 21:24:11,221] {logging_mixin.py:115} INFO - [2023-11-04 21:24:11,221] {dag.py:2972} INFO - Setting next_dagrun for example_trigger_target_dag to None, run_after=None
[2023-11-04 21:24:11,234] {processor.py:161} INFO - Processing /home/airflow/.local/lib/python3.7/site-packages/airflow/example_dags/example_trigger_target_dag.py took 0.207 seconds
[2023-11-04 21:24:41,515] {processor.py:153} INFO - Started process (PID=1131) to work on /home/airflow/.local/lib/python3.7/site-packages/airflow/example_dags/example_trigger_target_dag.py
[2023-11-04 21:24:41,516] {processor.py:641} INFO - Processing file /home/airflow/.local/lib/python3.7/site-packages/airflow/example_dags/example_trigger_target_dag.py for tasks to queue
[2023-11-04 21:24:41,517] {logging_mixin.py:115} INFO - [2023-11-04 21:24:41,516] {dagbag.py:508} INFO - Filling up the DagBag from /home/airflow/.local/lib/python3.7/site-packages/airflow/example_dags/example_trigger_target_dag.py
[2023-11-04 21:24:41,535] {processor.py:651} INFO - DAG(s) dict_keys(['example_trigger_target_dag']) retrieved from /home/airflow/.local/lib/python3.7/site-packages/airflow/example_dags/example_trigger_target_dag.py
[2023-11-04 21:24:41,686] {logging_mixin.py:115} INFO - [2023-11-04 21:24:41,686] {dag.py:2420} INFO - Sync 1 DAGs
[2023-11-04 21:24:41,712] {logging_mixin.py:115} INFO - [2023-11-04 21:24:41,711] {dag.py:2972} INFO - Setting next_dagrun for example_trigger_target_dag to None, run_after=None
[2023-11-04 21:24:41,728] {processor.py:161} INFO - Processing /home/airflow/.local/lib/python3.7/site-packages/airflow/example_dags/example_trigger_target_dag.py took 0.217 seconds
[2023-11-04 21:25:12,033] {processor.py:153} INFO - Started process (PID=1193) to work on /home/airflow/.local/lib/python3.7/site-packages/airflow/example_dags/example_trigger_target_dag.py
[2023-11-04 21:25:12,034] {processor.py:641} INFO - Processing file /home/airflow/.local/lib/python3.7/site-packages/airflow/example_dags/example_trigger_target_dag.py for tasks to queue
[2023-11-04 21:25:12,034] {logging_mixin.py:115} INFO - [2023-11-04 21:25:12,034] {dagbag.py:508} INFO - Filling up the DagBag from /home/airflow/.local/lib/python3.7/site-packages/airflow/example_dags/example_trigger_target_dag.py
[2023-11-04 21:25:12,053] {processor.py:651} INFO - DAG(s) dict_keys(['example_trigger_target_dag']) retrieved from /home/airflow/.local/lib/python3.7/site-packages/airflow/example_dags/example_trigger_target_dag.py
[2023-11-04 21:25:12,188] {logging_mixin.py:115} INFO - [2023-11-04 21:25:12,188] {dag.py:2420} INFO - Sync 1 DAGs
[2023-11-04 21:25:12,211] {logging_mixin.py:115} INFO - [2023-11-04 21:25:12,211] {dag.py:2972} INFO - Setting next_dagrun for example_trigger_target_dag to None, run_after=None
[2023-11-04 21:25:12,223] {processor.py:161} INFO - Processing /home/airflow/.local/lib/python3.7/site-packages/airflow/example_dags/example_trigger_target_dag.py took 0.194 seconds
[2023-11-04 21:25:42,498] {processor.py:153} INFO - Started process (PID=1246) to work on /home/airflow/.local/lib/python3.7/site-packages/airflow/example_dags/example_trigger_target_dag.py
[2023-11-04 21:25:42,499] {processor.py:641} INFO - Processing file /home/airflow/.local/lib/python3.7/site-packages/airflow/example_dags/example_trigger_target_dag.py for tasks to queue
[2023-11-04 21:25:42,500] {logging_mixin.py:115} INFO - [2023-11-04 21:25:42,500] {dagbag.py:508} INFO - Filling up the DagBag from /home/airflow/.local/lib/python3.7/site-packages/airflow/example_dags/example_trigger_target_dag.py
[2023-11-04 21:25:42,519] {processor.py:651} INFO - DAG(s) dict_keys(['example_trigger_target_dag']) retrieved from /home/airflow/.local/lib/python3.7/site-packages/airflow/example_dags/example_trigger_target_dag.py
[2023-11-04 21:25:42,695] {logging_mixin.py:115} INFO - [2023-11-04 21:25:42,695] {dag.py:2420} INFO - Sync 1 DAGs
[2023-11-04 21:25:42,719] {logging_mixin.py:115} INFO - [2023-11-04 21:25:42,719] {dag.py:2972} INFO - Setting next_dagrun for example_trigger_target_dag to None, run_after=None
[2023-11-04 21:25:42,733] {processor.py:161} INFO - Processing /home/airflow/.local/lib/python3.7/site-packages/airflow/example_dags/example_trigger_target_dag.py took 0.238 seconds
[2023-11-04 21:26:13,327] {processor.py:153} INFO - Started process (PID=1308) to work on /home/airflow/.local/lib/python3.7/site-packages/airflow/example_dags/example_trigger_target_dag.py
[2023-11-04 21:26:13,328] {processor.py:641} INFO - Processing file /home/airflow/.local/lib/python3.7/site-packages/airflow/example_dags/example_trigger_target_dag.py for tasks to queue
[2023-11-04 21:26:13,328] {logging_mixin.py:115} INFO - [2023-11-04 21:26:13,328] {dagbag.py:508} INFO - Filling up the DagBag from /home/airflow/.local/lib/python3.7/site-packages/airflow/example_dags/example_trigger_target_dag.py
[2023-11-04 21:26:13,348] {processor.py:651} INFO - DAG(s) dict_keys(['example_trigger_target_dag']) retrieved from /home/airflow/.local/lib/python3.7/site-packages/airflow/example_dags/example_trigger_target_dag.py
[2023-11-04 21:26:13,517] {logging_mixin.py:115} INFO - [2023-11-04 21:26:13,517] {dag.py:2420} INFO - Sync 1 DAGs
[2023-11-04 21:26:13,542] {logging_mixin.py:115} INFO - [2023-11-04 21:26:13,542] {dag.py:2972} INFO - Setting next_dagrun for example_trigger_target_dag to None, run_after=None
[2023-11-04 21:26:13,555] {processor.py:161} INFO - Processing /home/airflow/.local/lib/python3.7/site-packages/airflow/example_dags/example_trigger_target_dag.py took 0.233 seconds
[2023-11-04 21:26:44,156] {processor.py:153} INFO - Started process (PID=1370) to work on /home/airflow/.local/lib/python3.7/site-packages/airflow/example_dags/example_trigger_target_dag.py
[2023-11-04 21:26:44,157] {processor.py:641} INFO - Processing file /home/airflow/.local/lib/python3.7/site-packages/airflow/example_dags/example_trigger_target_dag.py for tasks to queue
[2023-11-04 21:26:44,158] {logging_mixin.py:115} INFO - [2023-11-04 21:26:44,158] {dagbag.py:508} INFO - Filling up the DagBag from /home/airflow/.local/lib/python3.7/site-packages/airflow/example_dags/example_trigger_target_dag.py
[2023-11-04 21:26:44,179] {processor.py:651} INFO - DAG(s) dict_keys(['example_trigger_target_dag']) retrieved from /home/airflow/.local/lib/python3.7/site-packages/airflow/example_dags/example_trigger_target_dag.py
[2023-11-04 21:26:44,316] {logging_mixin.py:115} INFO - [2023-11-04 21:26:44,316] {dag.py:2420} INFO - Sync 1 DAGs
[2023-11-04 21:26:44,340] {logging_mixin.py:115} INFO - [2023-11-04 21:26:44,340] {dag.py:2972} INFO - Setting next_dagrun for example_trigger_target_dag to None, run_after=None
[2023-11-04 21:26:44,354] {processor.py:161} INFO - Processing /home/airflow/.local/lib/python3.7/site-packages/airflow/example_dags/example_trigger_target_dag.py took 0.203 seconds
[2023-11-04 21:27:14,596] {processor.py:153} INFO - Started process (PID=1423) to work on /home/airflow/.local/lib/python3.7/site-packages/airflow/example_dags/example_trigger_target_dag.py
[2023-11-04 21:27:14,597] {processor.py:641} INFO - Processing file /home/airflow/.local/lib/python3.7/site-packages/airflow/example_dags/example_trigger_target_dag.py for tasks to queue
[2023-11-04 21:27:14,598] {logging_mixin.py:115} INFO - [2023-11-04 21:27:14,597] {dagbag.py:508} INFO - Filling up the DagBag from /home/airflow/.local/lib/python3.7/site-packages/airflow/example_dags/example_trigger_target_dag.py
[2023-11-04 21:27:14,616] {processor.py:651} INFO - DAG(s) dict_keys(['example_trigger_target_dag']) retrieved from /home/airflow/.local/lib/python3.7/site-packages/airflow/example_dags/example_trigger_target_dag.py
[2023-11-04 21:27:14,767] {logging_mixin.py:115} INFO - [2023-11-04 21:27:14,766] {dag.py:2420} INFO - Sync 1 DAGs
[2023-11-04 21:27:14,792] {logging_mixin.py:115} INFO - [2023-11-04 21:27:14,792] {dag.py:2972} INFO - Setting next_dagrun for example_trigger_target_dag to None, run_after=None
[2023-11-04 21:27:14,804] {processor.py:161} INFO - Processing /home/airflow/.local/lib/python3.7/site-packages/airflow/example_dags/example_trigger_target_dag.py took 0.212 seconds
[2023-11-04 21:27:45,212] {processor.py:153} INFO - Started process (PID=1485) to work on /home/airflow/.local/lib/python3.7/site-packages/airflow/example_dags/example_trigger_target_dag.py
[2023-11-04 21:27:45,213] {processor.py:641} INFO - Processing file /home/airflow/.local/lib/python3.7/site-packages/airflow/example_dags/example_trigger_target_dag.py for tasks to queue
[2023-11-04 21:27:45,214] {logging_mixin.py:115} INFO - [2023-11-04 21:27:45,214] {dagbag.py:508} INFO - Filling up the DagBag from /home/airflow/.local/lib/python3.7/site-packages/airflow/example_dags/example_trigger_target_dag.py
[2023-11-04 21:27:45,232] {processor.py:651} INFO - DAG(s) dict_keys(['example_trigger_target_dag']) retrieved from /home/airflow/.local/lib/python3.7/site-packages/airflow/example_dags/example_trigger_target_dag.py
[2023-11-04 21:27:45,367] {logging_mixin.py:115} INFO - [2023-11-04 21:27:45,367] {dag.py:2420} INFO - Sync 1 DAGs
[2023-11-04 21:27:45,390] {logging_mixin.py:115} INFO - [2023-11-04 21:27:45,390] {dag.py:2972} INFO - Setting next_dagrun for example_trigger_target_dag to None, run_after=None
[2023-11-04 21:27:45,402] {processor.py:161} INFO - Processing /home/airflow/.local/lib/python3.7/site-packages/airflow/example_dags/example_trigger_target_dag.py took 0.193 seconds
[2023-11-04 21:28:15,634] {processor.py:153} INFO - Started process (PID=1547) to work on /home/airflow/.local/lib/python3.7/site-packages/airflow/example_dags/example_trigger_target_dag.py
[2023-11-04 21:28:15,635] {processor.py:641} INFO - Processing file /home/airflow/.local/lib/python3.7/site-packages/airflow/example_dags/example_trigger_target_dag.py for tasks to queue
[2023-11-04 21:28:15,636] {logging_mixin.py:115} INFO - [2023-11-04 21:28:15,636] {dagbag.py:508} INFO - Filling up the DagBag from /home/airflow/.local/lib/python3.7/site-packages/airflow/example_dags/example_trigger_target_dag.py
[2023-11-04 21:28:15,655] {processor.py:651} INFO - DAG(s) dict_keys(['example_trigger_target_dag']) retrieved from /home/airflow/.local/lib/python3.7/site-packages/airflow/example_dags/example_trigger_target_dag.py
[2023-11-04 21:28:15,804] {logging_mixin.py:115} INFO - [2023-11-04 21:28:15,804] {dag.py:2420} INFO - Sync 1 DAGs
[2023-11-04 21:28:15,828] {logging_mixin.py:115} INFO - [2023-11-04 21:28:15,828] {dag.py:2972} INFO - Setting next_dagrun for example_trigger_target_dag to None, run_after=None
[2023-11-04 21:28:15,842] {processor.py:161} INFO - Processing /home/airflow/.local/lib/python3.7/site-packages/airflow/example_dags/example_trigger_target_dag.py took 0.211 seconds
[2023-11-04 21:28:46,259] {processor.py:153} INFO - Started process (PID=1600) to work on /home/airflow/.local/lib/python3.7/site-packages/airflow/example_dags/example_trigger_target_dag.py
[2023-11-04 21:28:46,260] {processor.py:641} INFO - Processing file /home/airflow/.local/lib/python3.7/site-packages/airflow/example_dags/example_trigger_target_dag.py for tasks to queue
[2023-11-04 21:28:46,261] {logging_mixin.py:115} INFO - [2023-11-04 21:28:46,261] {dagbag.py:508} INFO - Filling up the DagBag from /home/airflow/.local/lib/python3.7/site-packages/airflow/example_dags/example_trigger_target_dag.py
[2023-11-04 21:28:46,279] {processor.py:651} INFO - DAG(s) dict_keys(['example_trigger_target_dag']) retrieved from /home/airflow/.local/lib/python3.7/site-packages/airflow/example_dags/example_trigger_target_dag.py
[2023-11-04 21:28:46,418] {logging_mixin.py:115} INFO - [2023-11-04 21:28:46,418] {dag.py:2420} INFO - Sync 1 DAGs
[2023-11-04 21:28:46,443] {logging_mixin.py:115} INFO - [2023-11-04 21:28:46,443] {dag.py:2972} INFO - Setting next_dagrun for example_trigger_target_dag to None, run_after=None
[2023-11-04 21:28:46,456] {processor.py:161} INFO - Processing /home/airflow/.local/lib/python3.7/site-packages/airflow/example_dags/example_trigger_target_dag.py took 0.200 seconds
[2023-11-04 21:29:17,115] {processor.py:153} INFO - Started process (PID=1662) to work on /home/airflow/.local/lib/python3.7/site-packages/airflow/example_dags/example_trigger_target_dag.py
[2023-11-04 21:29:17,116] {processor.py:641} INFO - Processing file /home/airflow/.local/lib/python3.7/site-packages/airflow/example_dags/example_trigger_target_dag.py for tasks to queue
[2023-11-04 21:29:17,116] {logging_mixin.py:115} INFO - [2023-11-04 21:29:17,116] {dagbag.py:508} INFO - Filling up the DagBag from /home/airflow/.local/lib/python3.7/site-packages/airflow/example_dags/example_trigger_target_dag.py
[2023-11-04 21:29:17,135] {processor.py:651} INFO - DAG(s) dict_keys(['example_trigger_target_dag']) retrieved from /home/airflow/.local/lib/python3.7/site-packages/airflow/example_dags/example_trigger_target_dag.py
[2023-11-04 21:29:17,277] {logging_mixin.py:115} INFO - [2023-11-04 21:29:17,277] {dag.py:2420} INFO - Sync 1 DAGs
[2023-11-04 21:29:17,313] {logging_mixin.py:115} INFO - [2023-11-04 21:29:17,313] {dag.py:2972} INFO - Setting next_dagrun for example_trigger_target_dag to None, run_after=None
[2023-11-04 21:29:17,338] {processor.py:161} INFO - Processing /home/airflow/.local/lib/python3.7/site-packages/airflow/example_dags/example_trigger_target_dag.py took 0.227 seconds
[2023-11-04 21:29:48,278] {processor.py:153} INFO - Started process (PID=1724) to work on /home/airflow/.local/lib/python3.7/site-packages/airflow/example_dags/example_trigger_target_dag.py
[2023-11-04 21:29:48,288] {processor.py:641} INFO - Processing file /home/airflow/.local/lib/python3.7/site-packages/airflow/example_dags/example_trigger_target_dag.py for tasks to queue
[2023-11-04 21:29:48,290] {logging_mixin.py:115} INFO - [2023-11-04 21:29:48,290] {dagbag.py:508} INFO - Filling up the DagBag from /home/airflow/.local/lib/python3.7/site-packages/airflow/example_dags/example_trigger_target_dag.py
[2023-11-04 21:29:48,313] {processor.py:651} INFO - DAG(s) dict_keys(['example_trigger_target_dag']) retrieved from /home/airflow/.local/lib/python3.7/site-packages/airflow/example_dags/example_trigger_target_dag.py
[2023-11-04 21:29:48,568] {logging_mixin.py:115} INFO - [2023-11-04 21:29:48,568] {dag.py:2420} INFO - Sync 1 DAGs
[2023-11-04 21:29:48,627] {logging_mixin.py:115} INFO - [2023-11-04 21:29:48,627] {dag.py:2972} INFO - Setting next_dagrun for example_trigger_target_dag to None, run_after=None
[2023-11-04 21:29:48,669] {processor.py:161} INFO - Processing /home/airflow/.local/lib/python3.7/site-packages/airflow/example_dags/example_trigger_target_dag.py took 0.398 seconds
[2023-11-04 21:30:19,090] {processor.py:153} INFO - Started process (PID=1777) to work on /home/airflow/.local/lib/python3.7/site-packages/airflow/example_dags/example_trigger_target_dag.py
[2023-11-04 21:30:19,091] {processor.py:641} INFO - Processing file /home/airflow/.local/lib/python3.7/site-packages/airflow/example_dags/example_trigger_target_dag.py for tasks to queue
[2023-11-04 21:30:19,092] {logging_mixin.py:115} INFO - [2023-11-04 21:30:19,092] {dagbag.py:508} INFO - Filling up the DagBag from /home/airflow/.local/lib/python3.7/site-packages/airflow/example_dags/example_trigger_target_dag.py
[2023-11-04 21:30:19,114] {processor.py:651} INFO - DAG(s) dict_keys(['example_trigger_target_dag']) retrieved from /home/airflow/.local/lib/python3.7/site-packages/airflow/example_dags/example_trigger_target_dag.py
[2023-11-04 21:30:19,291] {logging_mixin.py:115} INFO - [2023-11-04 21:30:19,291] {dag.py:2420} INFO - Sync 1 DAGs
[2023-11-04 21:30:19,321] {logging_mixin.py:115} INFO - [2023-11-04 21:30:19,320] {dag.py:2972} INFO - Setting next_dagrun for example_trigger_target_dag to None, run_after=None
[2023-11-04 21:30:19,340] {processor.py:161} INFO - Processing /home/airflow/.local/lib/python3.7/site-packages/airflow/example_dags/example_trigger_target_dag.py took 0.256 seconds
[2023-11-04 21:30:49,936] {processor.py:153} INFO - Started process (PID=1839) to work on /home/airflow/.local/lib/python3.7/site-packages/airflow/example_dags/example_trigger_target_dag.py
[2023-11-04 21:30:49,937] {processor.py:641} INFO - Processing file /home/airflow/.local/lib/python3.7/site-packages/airflow/example_dags/example_trigger_target_dag.py for tasks to queue
[2023-11-04 21:30:49,939] {logging_mixin.py:115} INFO - [2023-11-04 21:30:49,938] {dagbag.py:508} INFO - Filling up the DagBag from /home/airflow/.local/lib/python3.7/site-packages/airflow/example_dags/example_trigger_target_dag.py
[2023-11-04 21:30:50,095] {processor.py:651} INFO - DAG(s) dict_keys(['example_trigger_target_dag']) retrieved from /home/airflow/.local/lib/python3.7/site-packages/airflow/example_dags/example_trigger_target_dag.py
[2023-11-04 21:30:50,120] {logging_mixin.py:115} INFO - [2023-11-04 21:30:50,120] {dag.py:2420} INFO - Sync 1 DAGs
[2023-11-04 21:30:50,144] {logging_mixin.py:115} INFO - [2023-11-04 21:30:50,144] {dag.py:2972} INFO - Setting next_dagrun for example_trigger_target_dag to None, run_after=None
[2023-11-04 21:30:50,156] {processor.py:161} INFO - Processing /home/airflow/.local/lib/python3.7/site-packages/airflow/example_dags/example_trigger_target_dag.py took 0.226 seconds
[2023-11-04 21:31:20,606] {processor.py:153} INFO - Started process (PID=1901) to work on /home/airflow/.local/lib/python3.7/site-packages/airflow/example_dags/example_trigger_target_dag.py
[2023-11-04 21:31:20,607] {processor.py:641} INFO - Processing file /home/airflow/.local/lib/python3.7/site-packages/airflow/example_dags/example_trigger_target_dag.py for tasks to queue
[2023-11-04 21:31:20,608] {logging_mixin.py:115} INFO - [2023-11-04 21:31:20,608] {dagbag.py:508} INFO - Filling up the DagBag from /home/airflow/.local/lib/python3.7/site-packages/airflow/example_dags/example_trigger_target_dag.py
[2023-11-04 21:31:20,767] {processor.py:651} INFO - DAG(s) dict_keys(['example_trigger_target_dag']) retrieved from /home/airflow/.local/lib/python3.7/site-packages/airflow/example_dags/example_trigger_target_dag.py
[2023-11-04 21:31:20,792] {logging_mixin.py:115} INFO - [2023-11-04 21:31:20,792] {dag.py:2420} INFO - Sync 1 DAGs
[2023-11-04 21:31:20,815] {logging_mixin.py:115} INFO - [2023-11-04 21:31:20,814] {dag.py:2972} INFO - Setting next_dagrun for example_trigger_target_dag to None, run_after=None
[2023-11-04 21:31:20,829] {processor.py:161} INFO - Processing /home/airflow/.local/lib/python3.7/site-packages/airflow/example_dags/example_trigger_target_dag.py took 0.229 seconds
[2023-11-04 21:31:51,701] {processor.py:153} INFO - Started process (PID=1954) to work on /home/airflow/.local/lib/python3.7/site-packages/airflow/example_dags/example_trigger_target_dag.py
[2023-11-04 21:31:51,702] {processor.py:641} INFO - Processing file /home/airflow/.local/lib/python3.7/site-packages/airflow/example_dags/example_trigger_target_dag.py for tasks to queue
[2023-11-04 21:31:51,703] {logging_mixin.py:115} INFO - [2023-11-04 21:31:51,703] {dagbag.py:508} INFO - Filling up the DagBag from /home/airflow/.local/lib/python3.7/site-packages/airflow/example_dags/example_trigger_target_dag.py
[2023-11-04 21:31:51,960] {processor.py:651} INFO - DAG(s) dict_keys(['example_trigger_target_dag']) retrieved from /home/airflow/.local/lib/python3.7/site-packages/airflow/example_dags/example_trigger_target_dag.py
[2023-11-04 21:31:51,993] {logging_mixin.py:115} INFO - [2023-11-04 21:31:51,993] {dag.py:2420} INFO - Sync 1 DAGs
[2023-11-04 21:31:52,029] {logging_mixin.py:115} INFO - [2023-11-04 21:31:52,029] {dag.py:2972} INFO - Setting next_dagrun for example_trigger_target_dag to None, run_after=None
[2023-11-04 21:31:52,042] {processor.py:161} INFO - Processing /home/airflow/.local/lib/python3.7/site-packages/airflow/example_dags/example_trigger_target_dag.py took 0.346 seconds
