[2023-11-04 20:57:51,222] {processor.py:153} INFO - Started process (PID=56) to work on /home/airflow/.local/lib/python3.7/site-packages/airflow/example_dags/tutorial_taskflow_api_etl.py
[2023-11-04 20:57:51,223] {processor.py:641} INFO - Processing file /home/airflow/.local/lib/python3.7/site-packages/airflow/example_dags/tutorial_taskflow_api_etl.py for tasks to queue
[2023-11-04 20:57:51,224] {logging_mixin.py:115} INFO - [2023-11-04 20:57:51,224] {dagbag.py:508} INFO - Filling up the DagBag from /home/airflow/.local/lib/python3.7/site-packages/airflow/example_dags/tutorial_taskflow_api_etl.py
[2023-11-04 20:57:51,498] {processor.py:651} INFO - DAG(s) dict_keys(['tutorial_taskflow_api_etl']) retrieved from /home/airflow/.local/lib/python3.7/site-packages/airflow/example_dags/tutorial_taskflow_api_etl.py
[2023-11-04 20:57:51,628] {logging_mixin.py:115} INFO - [2023-11-04 20:57:51,628] {manager.py:508} INFO - Created Permission View: can delete on DAG:tutorial_taskflow_api_etl
[2023-11-04 20:57:51,648] {logging_mixin.py:115} INFO - [2023-11-04 20:57:51,648] {manager.py:508} INFO - Created Permission View: can edit on DAG:tutorial_taskflow_api_etl
[2023-11-04 20:57:51,662] {logging_mixin.py:115} INFO - [2023-11-04 20:57:51,662] {manager.py:508} INFO - Created Permission View: can read on DAG:tutorial_taskflow_api_etl
[2023-11-04 20:57:51,663] {logging_mixin.py:115} INFO - [2023-11-04 20:57:51,663] {dag.py:2420} INFO - Sync 1 DAGs
[2023-11-04 20:57:51,676] {logging_mixin.py:115} INFO - [2023-11-04 20:57:51,676] {dag.py:2439} INFO - Creating ORM DAG for tutorial_taskflow_api_etl
[2023-11-04 20:57:51,693] {logging_mixin.py:115} INFO - [2023-11-04 20:57:51,693] {dag.py:2972} INFO - Setting next_dagrun for tutorial_taskflow_api_etl to None, run_after=None
[2023-11-04 20:57:51,709] {processor.py:161} INFO - Processing /home/airflow/.local/lib/python3.7/site-packages/airflow/example_dags/tutorial_taskflow_api_etl.py took 0.497 seconds
[2023-11-04 20:58:22,426] {processor.py:153} INFO - Started process (PID=108) to work on /home/airflow/.local/lib/python3.7/site-packages/airflow/example_dags/tutorial_taskflow_api_etl.py
[2023-11-04 20:58:22,426] {processor.py:641} INFO - Processing file /home/airflow/.local/lib/python3.7/site-packages/airflow/example_dags/tutorial_taskflow_api_etl.py for tasks to queue
[2023-11-04 20:58:22,427] {logging_mixin.py:115} INFO - [2023-11-04 20:58:22,427] {dagbag.py:508} INFO - Filling up the DagBag from /home/airflow/.local/lib/python3.7/site-packages/airflow/example_dags/tutorial_taskflow_api_etl.py
[2023-11-04 20:58:22,443] {processor.py:651} INFO - DAG(s) dict_keys(['tutorial_taskflow_api_etl']) retrieved from /home/airflow/.local/lib/python3.7/site-packages/airflow/example_dags/tutorial_taskflow_api_etl.py
[2023-11-04 20:58:22,512] {logging_mixin.py:115} INFO - [2023-11-04 20:58:22,512] {dag.py:2420} INFO - Sync 1 DAGs
[2023-11-04 20:58:22,538] {logging_mixin.py:115} INFO - [2023-11-04 20:58:22,538] {dag.py:2972} INFO - Setting next_dagrun for tutorial_taskflow_api_etl to None, run_after=None
[2023-11-04 20:58:22,553] {processor.py:161} INFO - Processing /home/airflow/.local/lib/python3.7/site-packages/airflow/example_dags/tutorial_taskflow_api_etl.py took 0.130 seconds
[2023-11-04 20:58:52,642] {processor.py:153} INFO - Started process (PID=185) to work on /home/airflow/.local/lib/python3.7/site-packages/airflow/example_dags/tutorial_taskflow_api_etl.py
[2023-11-04 20:58:52,643] {processor.py:641} INFO - Processing file /home/airflow/.local/lib/python3.7/site-packages/airflow/example_dags/tutorial_taskflow_api_etl.py for tasks to queue
[2023-11-04 20:58:52,645] {logging_mixin.py:115} INFO - [2023-11-04 20:58:52,644] {dagbag.py:508} INFO - Filling up the DagBag from /home/airflow/.local/lib/python3.7/site-packages/airflow/example_dags/tutorial_taskflow_api_etl.py
[2023-11-04 20:58:52,662] {processor.py:651} INFO - DAG(s) dict_keys(['tutorial_taskflow_api_etl']) retrieved from /home/airflow/.local/lib/python3.7/site-packages/airflow/example_dags/tutorial_taskflow_api_etl.py
[2023-11-04 20:58:52,728] {logging_mixin.py:115} INFO - [2023-11-04 20:58:52,728] {dag.py:2420} INFO - Sync 1 DAGs
[2023-11-04 20:58:52,752] {logging_mixin.py:115} INFO - [2023-11-04 20:58:52,751] {dag.py:2972} INFO - Setting next_dagrun for tutorial_taskflow_api_etl to None, run_after=None
[2023-11-04 20:58:52,764] {processor.py:161} INFO - Processing /home/airflow/.local/lib/python3.7/site-packages/airflow/example_dags/tutorial_taskflow_api_etl.py took 0.125 seconds
[2023-11-04 20:59:22,966] {processor.py:153} INFO - Started process (PID=244) to work on /home/airflow/.local/lib/python3.7/site-packages/airflow/example_dags/tutorial_taskflow_api_etl.py
[2023-11-04 20:59:22,967] {processor.py:641} INFO - Processing file /home/airflow/.local/lib/python3.7/site-packages/airflow/example_dags/tutorial_taskflow_api_etl.py for tasks to queue
[2023-11-04 20:59:22,969] {logging_mixin.py:115} INFO - [2023-11-04 20:59:22,968] {dagbag.py:508} INFO - Filling up the DagBag from /home/airflow/.local/lib/python3.7/site-packages/airflow/example_dags/tutorial_taskflow_api_etl.py
[2023-11-04 20:59:22,987] {processor.py:651} INFO - DAG(s) dict_keys(['tutorial_taskflow_api_etl']) retrieved from /home/airflow/.local/lib/python3.7/site-packages/airflow/example_dags/tutorial_taskflow_api_etl.py
[2023-11-04 20:59:23,061] {logging_mixin.py:115} INFO - [2023-11-04 20:59:23,061] {dag.py:2420} INFO - Sync 1 DAGs
[2023-11-04 20:59:23,088] {logging_mixin.py:115} INFO - [2023-11-04 20:59:23,088] {dag.py:2972} INFO - Setting next_dagrun for tutorial_taskflow_api_etl to None, run_after=None
[2023-11-04 20:59:23,106] {processor.py:161} INFO - Processing /home/airflow/.local/lib/python3.7/site-packages/airflow/example_dags/tutorial_taskflow_api_etl.py took 0.147 seconds
[2023-11-04 20:59:53,709] {processor.py:153} INFO - Started process (PID=298) to work on /home/airflow/.local/lib/python3.7/site-packages/airflow/example_dags/tutorial_taskflow_api_etl.py
[2023-11-04 20:59:53,710] {processor.py:641} INFO - Processing file /home/airflow/.local/lib/python3.7/site-packages/airflow/example_dags/tutorial_taskflow_api_etl.py for tasks to queue
[2023-11-04 20:59:53,711] {logging_mixin.py:115} INFO - [2023-11-04 20:59:53,711] {dagbag.py:508} INFO - Filling up the DagBag from /home/airflow/.local/lib/python3.7/site-packages/airflow/example_dags/tutorial_taskflow_api_etl.py
[2023-11-04 20:59:53,727] {processor.py:651} INFO - DAG(s) dict_keys(['tutorial_taskflow_api_etl']) retrieved from /home/airflow/.local/lib/python3.7/site-packages/airflow/example_dags/tutorial_taskflow_api_etl.py
[2023-11-04 20:59:53,795] {logging_mixin.py:115} INFO - [2023-11-04 20:59:53,795] {dag.py:2420} INFO - Sync 1 DAGs
[2023-11-04 20:59:53,818] {logging_mixin.py:115} INFO - [2023-11-04 20:59:53,818] {dag.py:2972} INFO - Setting next_dagrun for tutorial_taskflow_api_etl to None, run_after=None
[2023-11-04 20:59:53,831] {processor.py:161} INFO - Processing /home/airflow/.local/lib/python3.7/site-packages/airflow/example_dags/tutorial_taskflow_api_etl.py took 0.125 seconds
[2023-11-04 21:00:23,893] {processor.py:153} INFO - Started process (PID=359) to work on /home/airflow/.local/lib/python3.7/site-packages/airflow/example_dags/tutorial_taskflow_api_etl.py
[2023-11-04 21:00:23,894] {processor.py:641} INFO - Processing file /home/airflow/.local/lib/python3.7/site-packages/airflow/example_dags/tutorial_taskflow_api_etl.py for tasks to queue
[2023-11-04 21:00:23,895] {logging_mixin.py:115} INFO - [2023-11-04 21:00:23,895] {dagbag.py:508} INFO - Filling up the DagBag from /home/airflow/.local/lib/python3.7/site-packages/airflow/example_dags/tutorial_taskflow_api_etl.py
[2023-11-04 21:00:23,913] {processor.py:651} INFO - DAG(s) dict_keys(['tutorial_taskflow_api_etl']) retrieved from /home/airflow/.local/lib/python3.7/site-packages/airflow/example_dags/tutorial_taskflow_api_etl.py
[2023-11-04 21:00:23,993] {logging_mixin.py:115} INFO - [2023-11-04 21:00:23,993] {dag.py:2420} INFO - Sync 1 DAGs
[2023-11-04 21:00:24,023] {logging_mixin.py:115} INFO - [2023-11-04 21:00:24,023] {dag.py:2972} INFO - Setting next_dagrun for tutorial_taskflow_api_etl to None, run_after=None
[2023-11-04 21:00:24,040] {processor.py:161} INFO - Processing /home/airflow/.local/lib/python3.7/site-packages/airflow/example_dags/tutorial_taskflow_api_etl.py took 0.150 seconds
[2023-11-04 21:00:54,124] {processor.py:153} INFO - Started process (PID=411) to work on /home/airflow/.local/lib/python3.7/site-packages/airflow/example_dags/tutorial_taskflow_api_etl.py
[2023-11-04 21:00:54,125] {processor.py:641} INFO - Processing file /home/airflow/.local/lib/python3.7/site-packages/airflow/example_dags/tutorial_taskflow_api_etl.py for tasks to queue
[2023-11-04 21:00:54,125] {logging_mixin.py:115} INFO - [2023-11-04 21:00:54,125] {dagbag.py:508} INFO - Filling up the DagBag from /home/airflow/.local/lib/python3.7/site-packages/airflow/example_dags/tutorial_taskflow_api_etl.py
[2023-11-04 21:00:54,142] {processor.py:651} INFO - DAG(s) dict_keys(['tutorial_taskflow_api_etl']) retrieved from /home/airflow/.local/lib/python3.7/site-packages/airflow/example_dags/tutorial_taskflow_api_etl.py
[2023-11-04 21:00:54,221] {logging_mixin.py:115} INFO - [2023-11-04 21:00:54,221] {dag.py:2420} INFO - Sync 1 DAGs
[2023-11-04 21:00:54,248] {logging_mixin.py:115} INFO - [2023-11-04 21:00:54,248] {dag.py:2972} INFO - Setting next_dagrun for tutorial_taskflow_api_etl to None, run_after=None
[2023-11-04 21:00:54,275] {processor.py:161} INFO - Processing /home/airflow/.local/lib/python3.7/site-packages/airflow/example_dags/tutorial_taskflow_api_etl.py took 0.154 seconds
[2023-11-04 21:01:24,470] {processor.py:153} INFO - Started process (PID=472) to work on /home/airflow/.local/lib/python3.7/site-packages/airflow/example_dags/tutorial_taskflow_api_etl.py
[2023-11-04 21:01:24,471] {processor.py:641} INFO - Processing file /home/airflow/.local/lib/python3.7/site-packages/airflow/example_dags/tutorial_taskflow_api_etl.py for tasks to queue
[2023-11-04 21:01:24,473] {logging_mixin.py:115} INFO - [2023-11-04 21:01:24,473] {dagbag.py:508} INFO - Filling up the DagBag from /home/airflow/.local/lib/python3.7/site-packages/airflow/example_dags/tutorial_taskflow_api_etl.py
[2023-11-04 21:01:24,511] {processor.py:651} INFO - DAG(s) dict_keys(['tutorial_taskflow_api_etl']) retrieved from /home/airflow/.local/lib/python3.7/site-packages/airflow/example_dags/tutorial_taskflow_api_etl.py
[2023-11-04 21:01:24,690] {logging_mixin.py:115} INFO - [2023-11-04 21:01:24,690] {dag.py:2420} INFO - Sync 1 DAGs
[2023-11-04 21:01:24,747] {logging_mixin.py:115} INFO - [2023-11-04 21:01:24,747] {dag.py:2972} INFO - Setting next_dagrun for tutorial_taskflow_api_etl to None, run_after=None
[2023-11-04 21:01:24,774] {processor.py:161} INFO - Processing /home/airflow/.local/lib/python3.7/site-packages/airflow/example_dags/tutorial_taskflow_api_etl.py took 0.312 seconds
[2023-11-04 21:01:54,867] {processor.py:153} INFO - Started process (PID=533) to work on /home/airflow/.local/lib/python3.7/site-packages/airflow/example_dags/tutorial_taskflow_api_etl.py
[2023-11-04 21:01:54,868] {processor.py:641} INFO - Processing file /home/airflow/.local/lib/python3.7/site-packages/airflow/example_dags/tutorial_taskflow_api_etl.py for tasks to queue
[2023-11-04 21:01:54,868] {logging_mixin.py:115} INFO - [2023-11-04 21:01:54,868] {dagbag.py:508} INFO - Filling up the DagBag from /home/airflow/.local/lib/python3.7/site-packages/airflow/example_dags/tutorial_taskflow_api_etl.py
[2023-11-04 21:01:54,884] {processor.py:651} INFO - DAG(s) dict_keys(['tutorial_taskflow_api_etl']) retrieved from /home/airflow/.local/lib/python3.7/site-packages/airflow/example_dags/tutorial_taskflow_api_etl.py
[2023-11-04 21:01:54,909] {logging_mixin.py:115} INFO - [2023-11-04 21:01:54,909] {dag.py:2420} INFO - Sync 1 DAGs
[2023-11-04 21:01:54,930] {logging_mixin.py:115} INFO - [2023-11-04 21:01:54,930] {dag.py:2972} INFO - Setting next_dagrun for tutorial_taskflow_api_etl to None, run_after=None
[2023-11-04 21:01:54,942] {processor.py:161} INFO - Processing /home/airflow/.local/lib/python3.7/site-packages/airflow/example_dags/tutorial_taskflow_api_etl.py took 0.078 seconds
[2023-11-04 21:02:25,708] {processor.py:153} INFO - Started process (PID=585) to work on /home/airflow/.local/lib/python3.7/site-packages/airflow/example_dags/tutorial_taskflow_api_etl.py
[2023-11-04 21:02:25,709] {processor.py:641} INFO - Processing file /home/airflow/.local/lib/python3.7/site-packages/airflow/example_dags/tutorial_taskflow_api_etl.py for tasks to queue
[2023-11-04 21:02:25,709] {logging_mixin.py:115} INFO - [2023-11-04 21:02:25,709] {dagbag.py:508} INFO - Filling up the DagBag from /home/airflow/.local/lib/python3.7/site-packages/airflow/example_dags/tutorial_taskflow_api_etl.py
[2023-11-04 21:02:25,726] {processor.py:651} INFO - DAG(s) dict_keys(['tutorial_taskflow_api_etl']) retrieved from /home/airflow/.local/lib/python3.7/site-packages/airflow/example_dags/tutorial_taskflow_api_etl.py
[2023-11-04 21:02:25,790] {logging_mixin.py:115} INFO - [2023-11-04 21:02:25,790] {dag.py:2420} INFO - Sync 1 DAGs
[2023-11-04 21:02:25,811] {logging_mixin.py:115} INFO - [2023-11-04 21:02:25,811] {dag.py:2972} INFO - Setting next_dagrun for tutorial_taskflow_api_etl to None, run_after=None
[2023-11-04 21:02:25,824] {processor.py:161} INFO - Processing /home/airflow/.local/lib/python3.7/site-packages/airflow/example_dags/tutorial_taskflow_api_etl.py took 0.119 seconds
[2023-11-04 21:02:56,222] {processor.py:153} INFO - Started process (PID=646) to work on /home/airflow/.local/lib/python3.7/site-packages/airflow/example_dags/tutorial_taskflow_api_etl.py
[2023-11-04 21:02:56,223] {processor.py:641} INFO - Processing file /home/airflow/.local/lib/python3.7/site-packages/airflow/example_dags/tutorial_taskflow_api_etl.py for tasks to queue
[2023-11-04 21:02:56,224] {logging_mixin.py:115} INFO - [2023-11-04 21:02:56,224] {dagbag.py:508} INFO - Filling up the DagBag from /home/airflow/.local/lib/python3.7/site-packages/airflow/example_dags/tutorial_taskflow_api_etl.py
[2023-11-04 21:02:56,246] {processor.py:651} INFO - DAG(s) dict_keys(['tutorial_taskflow_api_etl']) retrieved from /home/airflow/.local/lib/python3.7/site-packages/airflow/example_dags/tutorial_taskflow_api_etl.py
[2023-11-04 21:02:56,333] {logging_mixin.py:115} INFO - [2023-11-04 21:02:56,333] {dag.py:2420} INFO - Sync 1 DAGs
[2023-11-04 21:02:56,371] {logging_mixin.py:115} INFO - [2023-11-04 21:02:56,371] {dag.py:2972} INFO - Setting next_dagrun for tutorial_taskflow_api_etl to None, run_after=None
[2023-11-04 21:02:56,387] {processor.py:161} INFO - Processing /home/airflow/.local/lib/python3.7/site-packages/airflow/example_dags/tutorial_taskflow_api_etl.py took 0.169 seconds
[2023-11-04 21:03:26,616] {processor.py:153} INFO - Started process (PID=705) to work on /home/airflow/.local/lib/python3.7/site-packages/airflow/example_dags/tutorial_taskflow_api_etl.py
[2023-11-04 21:03:26,618] {processor.py:641} INFO - Processing file /home/airflow/.local/lib/python3.7/site-packages/airflow/example_dags/tutorial_taskflow_api_etl.py for tasks to queue
[2023-11-04 21:03:26,619] {logging_mixin.py:115} INFO - [2023-11-04 21:03:26,619] {dagbag.py:508} INFO - Filling up the DagBag from /home/airflow/.local/lib/python3.7/site-packages/airflow/example_dags/tutorial_taskflow_api_etl.py
[2023-11-04 21:03:26,645] {processor.py:651} INFO - DAG(s) dict_keys(['tutorial_taskflow_api_etl']) retrieved from /home/airflow/.local/lib/python3.7/site-packages/airflow/example_dags/tutorial_taskflow_api_etl.py
[2023-11-04 21:03:26,728] {logging_mixin.py:115} INFO - [2023-11-04 21:03:26,728] {dag.py:2420} INFO - Sync 1 DAGs
[2023-11-04 21:03:26,757] {logging_mixin.py:115} INFO - [2023-11-04 21:03:26,757] {dag.py:2972} INFO - Setting next_dagrun for tutorial_taskflow_api_etl to None, run_after=None
[2023-11-04 21:03:26,772] {processor.py:161} INFO - Processing /home/airflow/.local/lib/python3.7/site-packages/airflow/example_dags/tutorial_taskflow_api_etl.py took 0.160 seconds
[2023-11-04 21:03:56,810] {processor.py:153} INFO - Started process (PID=759) to work on /home/airflow/.local/lib/python3.7/site-packages/airflow/example_dags/tutorial_taskflow_api_etl.py
[2023-11-04 21:03:56,811] {processor.py:641} INFO - Processing file /home/airflow/.local/lib/python3.7/site-packages/airflow/example_dags/tutorial_taskflow_api_etl.py for tasks to queue
[2023-11-04 21:03:56,812] {logging_mixin.py:115} INFO - [2023-11-04 21:03:56,812] {dagbag.py:508} INFO - Filling up the DagBag from /home/airflow/.local/lib/python3.7/site-packages/airflow/example_dags/tutorial_taskflow_api_etl.py
[2023-11-04 21:03:56,828] {processor.py:651} INFO - DAG(s) dict_keys(['tutorial_taskflow_api_etl']) retrieved from /home/airflow/.local/lib/python3.7/site-packages/airflow/example_dags/tutorial_taskflow_api_etl.py
[2023-11-04 21:03:56,892] {logging_mixin.py:115} INFO - [2023-11-04 21:03:56,891] {dag.py:2420} INFO - Sync 1 DAGs
[2023-11-04 21:03:56,913] {logging_mixin.py:115} INFO - [2023-11-04 21:03:56,913] {dag.py:2972} INFO - Setting next_dagrun for tutorial_taskflow_api_etl to None, run_after=None
[2023-11-04 21:03:56,925] {processor.py:161} INFO - Processing /home/airflow/.local/lib/python3.7/site-packages/airflow/example_dags/tutorial_taskflow_api_etl.py took 0.118 seconds
[2023-11-04 21:04:26,987] {processor.py:153} INFO - Started process (PID=820) to work on /home/airflow/.local/lib/python3.7/site-packages/airflow/example_dags/tutorial_taskflow_api_etl.py
[2023-11-04 21:04:26,988] {processor.py:641} INFO - Processing file /home/airflow/.local/lib/python3.7/site-packages/airflow/example_dags/tutorial_taskflow_api_etl.py for tasks to queue
[2023-11-04 21:04:26,988] {logging_mixin.py:115} INFO - [2023-11-04 21:04:26,988] {dagbag.py:508} INFO - Filling up the DagBag from /home/airflow/.local/lib/python3.7/site-packages/airflow/example_dags/tutorial_taskflow_api_etl.py
[2023-11-04 21:04:27,008] {processor.py:651} INFO - DAG(s) dict_keys(['tutorial_taskflow_api_etl']) retrieved from /home/airflow/.local/lib/python3.7/site-packages/airflow/example_dags/tutorial_taskflow_api_etl.py
[2023-11-04 21:04:27,109] {logging_mixin.py:115} INFO - [2023-11-04 21:04:27,109] {dag.py:2420} INFO - Sync 1 DAGs
[2023-11-04 21:04:27,144] {logging_mixin.py:115} INFO - [2023-11-04 21:04:27,144] {dag.py:2972} INFO - Setting next_dagrun for tutorial_taskflow_api_etl to None, run_after=None
[2023-11-04 21:04:27,162] {processor.py:161} INFO - Processing /home/airflow/.local/lib/python3.7/site-packages/airflow/example_dags/tutorial_taskflow_api_etl.py took 0.178 seconds
[2023-11-04 21:04:57,262] {processor.py:153} INFO - Started process (PID=872) to work on /home/airflow/.local/lib/python3.7/site-packages/airflow/example_dags/tutorial_taskflow_api_etl.py
[2023-11-04 21:04:57,263] {processor.py:641} INFO - Processing file /home/airflow/.local/lib/python3.7/site-packages/airflow/example_dags/tutorial_taskflow_api_etl.py for tasks to queue
[2023-11-04 21:04:57,264] {logging_mixin.py:115} INFO - [2023-11-04 21:04:57,263] {dagbag.py:508} INFO - Filling up the DagBag from /home/airflow/.local/lib/python3.7/site-packages/airflow/example_dags/tutorial_taskflow_api_etl.py
[2023-11-04 21:04:57,280] {processor.py:651} INFO - DAG(s) dict_keys(['tutorial_taskflow_api_etl']) retrieved from /home/airflow/.local/lib/python3.7/site-packages/airflow/example_dags/tutorial_taskflow_api_etl.py
[2023-11-04 21:04:57,347] {logging_mixin.py:115} INFO - [2023-11-04 21:04:57,347] {dag.py:2420} INFO - Sync 1 DAGs
[2023-11-04 21:04:57,373] {logging_mixin.py:115} INFO - [2023-11-04 21:04:57,373] {dag.py:2972} INFO - Setting next_dagrun for tutorial_taskflow_api_etl to None, run_after=None
[2023-11-04 21:04:57,391] {processor.py:161} INFO - Processing /home/airflow/.local/lib/python3.7/site-packages/airflow/example_dags/tutorial_taskflow_api_etl.py took 0.133 seconds
[2023-11-04 21:05:27,986] {processor.py:153} INFO - Started process (PID=933) to work on /home/airflow/.local/lib/python3.7/site-packages/airflow/example_dags/tutorial_taskflow_api_etl.py
[2023-11-04 21:05:27,987] {processor.py:641} INFO - Processing file /home/airflow/.local/lib/python3.7/site-packages/airflow/example_dags/tutorial_taskflow_api_etl.py for tasks to queue
[2023-11-04 21:05:27,987] {logging_mixin.py:115} INFO - [2023-11-04 21:05:27,987] {dagbag.py:508} INFO - Filling up the DagBag from /home/airflow/.local/lib/python3.7/site-packages/airflow/example_dags/tutorial_taskflow_api_etl.py
[2023-11-04 21:05:28,004] {processor.py:651} INFO - DAG(s) dict_keys(['tutorial_taskflow_api_etl']) retrieved from /home/airflow/.local/lib/python3.7/site-packages/airflow/example_dags/tutorial_taskflow_api_etl.py
[2023-11-04 21:05:28,076] {logging_mixin.py:115} INFO - [2023-11-04 21:05:28,076] {dag.py:2420} INFO - Sync 1 DAGs
[2023-11-04 21:05:28,098] {logging_mixin.py:115} INFO - [2023-11-04 21:05:28,098] {dag.py:2972} INFO - Setting next_dagrun for tutorial_taskflow_api_etl to None, run_after=None
[2023-11-04 21:05:28,111] {processor.py:161} INFO - Processing /home/airflow/.local/lib/python3.7/site-packages/airflow/example_dags/tutorial_taskflow_api_etl.py took 0.128 seconds
[2023-11-04 21:06:13,122] {processor.py:153} INFO - Started process (PID=56) to work on /home/airflow/.local/lib/python3.7/site-packages/airflow/example_dags/tutorial_taskflow_api_etl.py
[2023-11-04 21:06:13,124] {processor.py:641} INFO - Processing file /home/airflow/.local/lib/python3.7/site-packages/airflow/example_dags/tutorial_taskflow_api_etl.py for tasks to queue
[2023-11-04 21:06:13,127] {logging_mixin.py:115} INFO - [2023-11-04 21:06:13,127] {dagbag.py:508} INFO - Filling up the DagBag from /home/airflow/.local/lib/python3.7/site-packages/airflow/example_dags/tutorial_taskflow_api_etl.py
[2023-11-04 21:06:13,153] {processor.py:651} INFO - DAG(s) dict_keys(['tutorial_taskflow_api_etl']) retrieved from /home/airflow/.local/lib/python3.7/site-packages/airflow/example_dags/tutorial_taskflow_api_etl.py
[2023-11-04 21:06:13,439] {logging_mixin.py:115} INFO - [2023-11-04 21:06:13,439] {dag.py:2420} INFO - Sync 1 DAGs
[2023-11-04 21:06:13,469] {logging_mixin.py:115} INFO - [2023-11-04 21:06:13,469] {dag.py:2972} INFO - Setting next_dagrun for tutorial_taskflow_api_etl to None, run_after=None
[2023-11-04 21:06:13,492] {processor.py:161} INFO - Processing /home/airflow/.local/lib/python3.7/site-packages/airflow/example_dags/tutorial_taskflow_api_etl.py took 0.376 seconds
[2023-11-04 21:06:43,925] {processor.py:153} INFO - Started process (PID=109) to work on /home/airflow/.local/lib/python3.7/site-packages/airflow/example_dags/tutorial_taskflow_api_etl.py
[2023-11-04 21:06:43,926] {processor.py:641} INFO - Processing file /home/airflow/.local/lib/python3.7/site-packages/airflow/example_dags/tutorial_taskflow_api_etl.py for tasks to queue
[2023-11-04 21:06:43,927] {logging_mixin.py:115} INFO - [2023-11-04 21:06:43,927] {dagbag.py:508} INFO - Filling up the DagBag from /home/airflow/.local/lib/python3.7/site-packages/airflow/example_dags/tutorial_taskflow_api_etl.py
[2023-11-04 21:06:43,945] {processor.py:651} INFO - DAG(s) dict_keys(['tutorial_taskflow_api_etl']) retrieved from /home/airflow/.local/lib/python3.7/site-packages/airflow/example_dags/tutorial_taskflow_api_etl.py
[2023-11-04 21:06:44,125] {logging_mixin.py:115} INFO - [2023-11-04 21:06:44,125] {dag.py:2420} INFO - Sync 1 DAGs
[2023-11-04 21:06:44,147] {logging_mixin.py:115} INFO - [2023-11-04 21:06:44,147] {dag.py:2972} INFO - Setting next_dagrun for tutorial_taskflow_api_etl to None, run_after=None
[2023-11-04 21:06:44,161] {processor.py:161} INFO - Processing /home/airflow/.local/lib/python3.7/site-packages/airflow/example_dags/tutorial_taskflow_api_etl.py took 0.239 seconds
[2023-11-04 21:07:14,184] {processor.py:153} INFO - Started process (PID=171) to work on /home/airflow/.local/lib/python3.7/site-packages/airflow/example_dags/tutorial_taskflow_api_etl.py
[2023-11-04 21:07:14,185] {processor.py:641} INFO - Processing file /home/airflow/.local/lib/python3.7/site-packages/airflow/example_dags/tutorial_taskflow_api_etl.py for tasks to queue
[2023-11-04 21:07:14,186] {logging_mixin.py:115} INFO - [2023-11-04 21:07:14,186] {dagbag.py:508} INFO - Filling up the DagBag from /home/airflow/.local/lib/python3.7/site-packages/airflow/example_dags/tutorial_taskflow_api_etl.py
[2023-11-04 21:07:14,203] {processor.py:651} INFO - DAG(s) dict_keys(['tutorial_taskflow_api_etl']) retrieved from /home/airflow/.local/lib/python3.7/site-packages/airflow/example_dags/tutorial_taskflow_api_etl.py
[2023-11-04 21:07:14,382] {logging_mixin.py:115} INFO - [2023-11-04 21:07:14,382] {dag.py:2420} INFO - Sync 1 DAGs
[2023-11-04 21:07:14,401] {logging_mixin.py:115} INFO - [2023-11-04 21:07:14,401] {dag.py:2972} INFO - Setting next_dagrun for tutorial_taskflow_api_etl to None, run_after=None
[2023-11-04 21:07:14,425] {processor.py:161} INFO - Processing /home/airflow/.local/lib/python3.7/site-packages/airflow/example_dags/tutorial_taskflow_api_etl.py took 0.245 seconds
[2023-11-04 21:07:44,452] {processor.py:153} INFO - Started process (PID=224) to work on /home/airflow/.local/lib/python3.7/site-packages/airflow/example_dags/tutorial_taskflow_api_etl.py
[2023-11-04 21:07:44,453] {processor.py:641} INFO - Processing file /home/airflow/.local/lib/python3.7/site-packages/airflow/example_dags/tutorial_taskflow_api_etl.py for tasks to queue
[2023-11-04 21:07:44,454] {logging_mixin.py:115} INFO - [2023-11-04 21:07:44,454] {dagbag.py:508} INFO - Filling up the DagBag from /home/airflow/.local/lib/python3.7/site-packages/airflow/example_dags/tutorial_taskflow_api_etl.py
[2023-11-04 21:07:44,474] {processor.py:651} INFO - DAG(s) dict_keys(['tutorial_taskflow_api_etl']) retrieved from /home/airflow/.local/lib/python3.7/site-packages/airflow/example_dags/tutorial_taskflow_api_etl.py
[2023-11-04 21:07:44,690] {logging_mixin.py:115} INFO - [2023-11-04 21:07:44,690] {dag.py:2420} INFO - Sync 1 DAGs
[2023-11-04 21:07:44,716] {logging_mixin.py:115} INFO - [2023-11-04 21:07:44,715] {dag.py:2972} INFO - Setting next_dagrun for tutorial_taskflow_api_etl to None, run_after=None
[2023-11-04 21:07:44,731] {processor.py:161} INFO - Processing /home/airflow/.local/lib/python3.7/site-packages/airflow/example_dags/tutorial_taskflow_api_etl.py took 0.284 seconds
[2023-11-04 21:08:14,917] {processor.py:153} INFO - Started process (PID=286) to work on /home/airflow/.local/lib/python3.7/site-packages/airflow/example_dags/tutorial_taskflow_api_etl.py
[2023-11-04 21:08:14,918] {processor.py:641} INFO - Processing file /home/airflow/.local/lib/python3.7/site-packages/airflow/example_dags/tutorial_taskflow_api_etl.py for tasks to queue
[2023-11-04 21:08:14,919] {logging_mixin.py:115} INFO - [2023-11-04 21:08:14,919] {dagbag.py:508} INFO - Filling up the DagBag from /home/airflow/.local/lib/python3.7/site-packages/airflow/example_dags/tutorial_taskflow_api_etl.py
[2023-11-04 21:08:14,935] {processor.py:651} INFO - DAG(s) dict_keys(['tutorial_taskflow_api_etl']) retrieved from /home/airflow/.local/lib/python3.7/site-packages/airflow/example_dags/tutorial_taskflow_api_etl.py
[2023-11-04 21:08:15,116] {logging_mixin.py:115} INFO - [2023-11-04 21:08:15,115] {dag.py:2420} INFO - Sync 1 DAGs
[2023-11-04 21:08:15,152] {logging_mixin.py:115} INFO - [2023-11-04 21:08:15,152] {dag.py:2972} INFO - Setting next_dagrun for tutorial_taskflow_api_etl to None, run_after=None
[2023-11-04 21:08:15,190] {processor.py:161} INFO - Processing /home/airflow/.local/lib/python3.7/site-packages/airflow/example_dags/tutorial_taskflow_api_etl.py took 0.277 seconds
[2023-11-04 21:08:45,274] {processor.py:153} INFO - Started process (PID=349) to work on /home/airflow/.local/lib/python3.7/site-packages/airflow/example_dags/tutorial_taskflow_api_etl.py
[2023-11-04 21:08:45,275] {processor.py:641} INFO - Processing file /home/airflow/.local/lib/python3.7/site-packages/airflow/example_dags/tutorial_taskflow_api_etl.py for tasks to queue
[2023-11-04 21:08:45,276] {logging_mixin.py:115} INFO - [2023-11-04 21:08:45,276] {dagbag.py:508} INFO - Filling up the DagBag from /home/airflow/.local/lib/python3.7/site-packages/airflow/example_dags/tutorial_taskflow_api_etl.py
[2023-11-04 21:08:45,295] {processor.py:651} INFO - DAG(s) dict_keys(['tutorial_taskflow_api_etl']) retrieved from /home/airflow/.local/lib/python3.7/site-packages/airflow/example_dags/tutorial_taskflow_api_etl.py
[2023-11-04 21:08:45,480] {logging_mixin.py:115} INFO - [2023-11-04 21:08:45,480] {dag.py:2420} INFO - Sync 1 DAGs
[2023-11-04 21:08:45,505] {logging_mixin.py:115} INFO - [2023-11-04 21:08:45,505] {dag.py:2972} INFO - Setting next_dagrun for tutorial_taskflow_api_etl to None, run_after=None
[2023-11-04 21:08:45,522] {processor.py:161} INFO - Processing /home/airflow/.local/lib/python3.7/site-packages/airflow/example_dags/tutorial_taskflow_api_etl.py took 0.253 seconds
[2023-11-04 21:09:15,926] {processor.py:153} INFO - Started process (PID=402) to work on /home/airflow/.local/lib/python3.7/site-packages/airflow/example_dags/tutorial_taskflow_api_etl.py
[2023-11-04 21:09:15,927] {processor.py:641} INFO - Processing file /home/airflow/.local/lib/python3.7/site-packages/airflow/example_dags/tutorial_taskflow_api_etl.py for tasks to queue
[2023-11-04 21:09:15,928] {logging_mixin.py:115} INFO - [2023-11-04 21:09:15,928] {dagbag.py:508} INFO - Filling up the DagBag from /home/airflow/.local/lib/python3.7/site-packages/airflow/example_dags/tutorial_taskflow_api_etl.py
[2023-11-04 21:09:15,946] {processor.py:651} INFO - DAG(s) dict_keys(['tutorial_taskflow_api_etl']) retrieved from /home/airflow/.local/lib/python3.7/site-packages/airflow/example_dags/tutorial_taskflow_api_etl.py
[2023-11-04 21:09:16,132] {logging_mixin.py:115} INFO - [2023-11-04 21:09:16,131] {dag.py:2420} INFO - Sync 1 DAGs
[2023-11-04 21:09:16,157] {logging_mixin.py:115} INFO - [2023-11-04 21:09:16,157] {dag.py:2972} INFO - Setting next_dagrun for tutorial_taskflow_api_etl to None, run_after=None
[2023-11-04 21:09:16,171] {processor.py:161} INFO - Processing /home/airflow/.local/lib/python3.7/site-packages/airflow/example_dags/tutorial_taskflow_api_etl.py took 0.249 seconds
[2023-11-04 21:09:46,708] {processor.py:153} INFO - Started process (PID=464) to work on /home/airflow/.local/lib/python3.7/site-packages/airflow/example_dags/tutorial_taskflow_api_etl.py
[2023-11-04 21:09:46,709] {processor.py:641} INFO - Processing file /home/airflow/.local/lib/python3.7/site-packages/airflow/example_dags/tutorial_taskflow_api_etl.py for tasks to queue
[2023-11-04 21:09:46,710] {logging_mixin.py:115} INFO - [2023-11-04 21:09:46,710] {dagbag.py:508} INFO - Filling up the DagBag from /home/airflow/.local/lib/python3.7/site-packages/airflow/example_dags/tutorial_taskflow_api_etl.py
[2023-11-04 21:09:46,726] {processor.py:651} INFO - DAG(s) dict_keys(['tutorial_taskflow_api_etl']) retrieved from /home/airflow/.local/lib/python3.7/site-packages/airflow/example_dags/tutorial_taskflow_api_etl.py
[2023-11-04 21:09:46,934] {logging_mixin.py:115} INFO - [2023-11-04 21:09:46,933] {dag.py:2420} INFO - Sync 1 DAGs
[2023-11-04 21:09:46,956] {logging_mixin.py:115} INFO - [2023-11-04 21:09:46,956] {dag.py:2972} INFO - Setting next_dagrun for tutorial_taskflow_api_etl to None, run_after=None
[2023-11-04 21:09:46,981] {processor.py:161} INFO - Processing /home/airflow/.local/lib/python3.7/site-packages/airflow/example_dags/tutorial_taskflow_api_etl.py took 0.277 seconds
[2023-11-04 21:10:17,429] {processor.py:153} INFO - Started process (PID=526) to work on /home/airflow/.local/lib/python3.7/site-packages/airflow/example_dags/tutorial_taskflow_api_etl.py
[2023-11-04 21:10:17,430] {processor.py:641} INFO - Processing file /home/airflow/.local/lib/python3.7/site-packages/airflow/example_dags/tutorial_taskflow_api_etl.py for tasks to queue
[2023-11-04 21:10:17,431] {logging_mixin.py:115} INFO - [2023-11-04 21:10:17,431] {dagbag.py:508} INFO - Filling up the DagBag from /home/airflow/.local/lib/python3.7/site-packages/airflow/example_dags/tutorial_taskflow_api_etl.py
[2023-11-04 21:10:17,452] {processor.py:651} INFO - DAG(s) dict_keys(['tutorial_taskflow_api_etl']) retrieved from /home/airflow/.local/lib/python3.7/site-packages/airflow/example_dags/tutorial_taskflow_api_etl.py
[2023-11-04 21:10:17,611] {logging_mixin.py:115} INFO - [2023-11-04 21:10:17,611] {dag.py:2420} INFO - Sync 1 DAGs
[2023-11-04 21:10:17,636] {logging_mixin.py:115} INFO - [2023-11-04 21:10:17,636] {dag.py:2972} INFO - Setting next_dagrun for tutorial_taskflow_api_etl to None, run_after=None
[2023-11-04 21:10:17,667] {processor.py:161} INFO - Processing /home/airflow/.local/lib/python3.7/site-packages/airflow/example_dags/tutorial_taskflow_api_etl.py took 0.242 seconds
[2023-11-04 21:10:47,830] {processor.py:153} INFO - Started process (PID=579) to work on /home/airflow/.local/lib/python3.7/site-packages/airflow/example_dags/tutorial_taskflow_api_etl.py
[2023-11-04 21:10:47,832] {processor.py:641} INFO - Processing file /home/airflow/.local/lib/python3.7/site-packages/airflow/example_dags/tutorial_taskflow_api_etl.py for tasks to queue
[2023-11-04 21:10:47,834] {logging_mixin.py:115} INFO - [2023-11-04 21:10:47,834] {dagbag.py:508} INFO - Filling up the DagBag from /home/airflow/.local/lib/python3.7/site-packages/airflow/example_dags/tutorial_taskflow_api_etl.py
[2023-11-04 21:10:47,858] {processor.py:651} INFO - DAG(s) dict_keys(['tutorial_taskflow_api_etl']) retrieved from /home/airflow/.local/lib/python3.7/site-packages/airflow/example_dags/tutorial_taskflow_api_etl.py
[2023-11-04 21:10:48,039] {logging_mixin.py:115} INFO - [2023-11-04 21:10:48,039] {dag.py:2420} INFO - Sync 1 DAGs
[2023-11-04 21:10:48,068] {logging_mixin.py:115} INFO - [2023-11-04 21:10:48,068] {dag.py:2972} INFO - Setting next_dagrun for tutorial_taskflow_api_etl to None, run_after=None
[2023-11-04 21:10:48,087] {processor.py:161} INFO - Processing /home/airflow/.local/lib/python3.7/site-packages/airflow/example_dags/tutorial_taskflow_api_etl.py took 0.262 seconds
[2023-11-04 21:11:18,244] {processor.py:153} INFO - Started process (PID=641) to work on /home/airflow/.local/lib/python3.7/site-packages/airflow/example_dags/tutorial_taskflow_api_etl.py
[2023-11-04 21:11:18,245] {processor.py:641} INFO - Processing file /home/airflow/.local/lib/python3.7/site-packages/airflow/example_dags/tutorial_taskflow_api_etl.py for tasks to queue
[2023-11-04 21:11:18,246] {logging_mixin.py:115} INFO - [2023-11-04 21:11:18,246] {dagbag.py:508} INFO - Filling up the DagBag from /home/airflow/.local/lib/python3.7/site-packages/airflow/example_dags/tutorial_taskflow_api_etl.py
[2023-11-04 21:11:18,268] {processor.py:651} INFO - DAG(s) dict_keys(['tutorial_taskflow_api_etl']) retrieved from /home/airflow/.local/lib/python3.7/site-packages/airflow/example_dags/tutorial_taskflow_api_etl.py
[2023-11-04 21:11:18,482] {logging_mixin.py:115} INFO - [2023-11-04 21:11:18,482] {dag.py:2420} INFO - Sync 1 DAGs
[2023-11-04 21:11:18,574] {logging_mixin.py:115} INFO - [2023-11-04 21:11:18,574] {dag.py:2972} INFO - Setting next_dagrun for tutorial_taskflow_api_etl to None, run_after=None
[2023-11-04 21:11:18,593] {processor.py:161} INFO - Processing /home/airflow/.local/lib/python3.7/site-packages/airflow/example_dags/tutorial_taskflow_api_etl.py took 0.352 seconds
[2023-11-04 21:11:48,888] {processor.py:153} INFO - Started process (PID=703) to work on /home/airflow/.local/lib/python3.7/site-packages/airflow/example_dags/tutorial_taskflow_api_etl.py
[2023-11-04 21:11:48,890] {processor.py:641} INFO - Processing file /home/airflow/.local/lib/python3.7/site-packages/airflow/example_dags/tutorial_taskflow_api_etl.py for tasks to queue
[2023-11-04 21:11:48,891] {logging_mixin.py:115} INFO - [2023-11-04 21:11:48,891] {dagbag.py:508} INFO - Filling up the DagBag from /home/airflow/.local/lib/python3.7/site-packages/airflow/example_dags/tutorial_taskflow_api_etl.py
[2023-11-04 21:11:48,932] {processor.py:651} INFO - DAG(s) dict_keys(['tutorial_taskflow_api_etl']) retrieved from /home/airflow/.local/lib/python3.7/site-packages/airflow/example_dags/tutorial_taskflow_api_etl.py
[2023-11-04 21:11:49,245] {logging_mixin.py:115} INFO - [2023-11-04 21:11:49,245] {dag.py:2420} INFO - Sync 1 DAGs
[2023-11-04 21:11:49,296] {logging_mixin.py:115} INFO - [2023-11-04 21:11:49,296] {dag.py:2972} INFO - Setting next_dagrun for tutorial_taskflow_api_etl to None, run_after=None
[2023-11-04 21:11:49,320] {processor.py:161} INFO - Processing /home/airflow/.local/lib/python3.7/site-packages/airflow/example_dags/tutorial_taskflow_api_etl.py took 0.439 seconds
[2023-11-04 21:12:19,576] {processor.py:153} INFO - Started process (PID=756) to work on /home/airflow/.local/lib/python3.7/site-packages/airflow/example_dags/tutorial_taskflow_api_etl.py
[2023-11-04 21:12:19,578] {processor.py:641} INFO - Processing file /home/airflow/.local/lib/python3.7/site-packages/airflow/example_dags/tutorial_taskflow_api_etl.py for tasks to queue
[2023-11-04 21:12:19,580] {logging_mixin.py:115} INFO - [2023-11-04 21:12:19,579] {dagbag.py:508} INFO - Filling up the DagBag from /home/airflow/.local/lib/python3.7/site-packages/airflow/example_dags/tutorial_taskflow_api_etl.py
[2023-11-04 21:12:19,621] {processor.py:651} INFO - DAG(s) dict_keys(['tutorial_taskflow_api_etl']) retrieved from /home/airflow/.local/lib/python3.7/site-packages/airflow/example_dags/tutorial_taskflow_api_etl.py
[2023-11-04 21:12:19,987] {logging_mixin.py:115} INFO - [2023-11-04 21:12:19,987] {dag.py:2420} INFO - Sync 1 DAGs
[2023-11-04 21:12:20,044] {logging_mixin.py:115} INFO - [2023-11-04 21:12:20,043] {dag.py:2972} INFO - Setting next_dagrun for tutorial_taskflow_api_etl to None, run_after=None
[2023-11-04 21:12:20,078] {processor.py:161} INFO - Processing /home/airflow/.local/lib/python3.7/site-packages/airflow/example_dags/tutorial_taskflow_api_etl.py took 0.510 seconds
[2023-11-04 21:12:50,682] {processor.py:153} INFO - Started process (PID=818) to work on /home/airflow/.local/lib/python3.7/site-packages/airflow/example_dags/tutorial_taskflow_api_etl.py
[2023-11-04 21:12:50,685] {processor.py:641} INFO - Processing file /home/airflow/.local/lib/python3.7/site-packages/airflow/example_dags/tutorial_taskflow_api_etl.py for tasks to queue
[2023-11-04 21:12:50,687] {logging_mixin.py:115} INFO - [2023-11-04 21:12:50,687] {dagbag.py:508} INFO - Filling up the DagBag from /home/airflow/.local/lib/python3.7/site-packages/airflow/example_dags/tutorial_taskflow_api_etl.py
[2023-11-04 21:12:50,737] {processor.py:651} INFO - DAG(s) dict_keys(['tutorial_taskflow_api_etl']) retrieved from /home/airflow/.local/lib/python3.7/site-packages/airflow/example_dags/tutorial_taskflow_api_etl.py
[2023-11-04 21:12:51,018] {logging_mixin.py:115} INFO - [2023-11-04 21:12:51,018] {dag.py:2420} INFO - Sync 1 DAGs
[2023-11-04 21:12:51,073] {logging_mixin.py:115} INFO - [2023-11-04 21:12:51,073] {dag.py:2972} INFO - Setting next_dagrun for tutorial_taskflow_api_etl to None, run_after=None
[2023-11-04 21:12:51,105] {processor.py:161} INFO - Processing /home/airflow/.local/lib/python3.7/site-packages/airflow/example_dags/tutorial_taskflow_api_etl.py took 0.431 seconds
[2023-11-04 21:13:21,565] {processor.py:153} INFO - Started process (PID=871) to work on /home/airflow/.local/lib/python3.7/site-packages/airflow/example_dags/tutorial_taskflow_api_etl.py
[2023-11-04 21:13:21,566] {processor.py:641} INFO - Processing file /home/airflow/.local/lib/python3.7/site-packages/airflow/example_dags/tutorial_taskflow_api_etl.py for tasks to queue
[2023-11-04 21:13:21,568] {logging_mixin.py:115} INFO - [2023-11-04 21:13:21,568] {dagbag.py:508} INFO - Filling up the DagBag from /home/airflow/.local/lib/python3.7/site-packages/airflow/example_dags/tutorial_taskflow_api_etl.py
[2023-11-04 21:13:21,609] {processor.py:651} INFO - DAG(s) dict_keys(['tutorial_taskflow_api_etl']) retrieved from /home/airflow/.local/lib/python3.7/site-packages/airflow/example_dags/tutorial_taskflow_api_etl.py
[2023-11-04 21:13:22,007] {logging_mixin.py:115} INFO - [2023-11-04 21:13:22,007] {dag.py:2420} INFO - Sync 1 DAGs
[2023-11-04 21:13:22,053] {logging_mixin.py:115} INFO - [2023-11-04 21:13:22,053] {dag.py:2972} INFO - Setting next_dagrun for tutorial_taskflow_api_etl to None, run_after=None
[2023-11-04 21:13:22,084] {processor.py:161} INFO - Processing /home/airflow/.local/lib/python3.7/site-packages/airflow/example_dags/tutorial_taskflow_api_etl.py took 0.526 seconds
[2023-11-04 21:15:19,866] {processor.py:153} INFO - Started process (PID=56) to work on /home/airflow/.local/lib/python3.7/site-packages/airflow/example_dags/tutorial_taskflow_api_etl.py
[2023-11-04 21:15:19,868] {processor.py:641} INFO - Processing file /home/airflow/.local/lib/python3.7/site-packages/airflow/example_dags/tutorial_taskflow_api_etl.py for tasks to queue
[2023-11-04 21:15:19,871] {logging_mixin.py:115} INFO - [2023-11-04 21:15:19,871] {dagbag.py:508} INFO - Filling up the DagBag from /home/airflow/.local/lib/python3.7/site-packages/airflow/example_dags/tutorial_taskflow_api_etl.py
[2023-11-04 21:15:19,924] {processor.py:651} INFO - DAG(s) dict_keys(['tutorial_taskflow_api_etl']) retrieved from /home/airflow/.local/lib/python3.7/site-packages/airflow/example_dags/tutorial_taskflow_api_etl.py
[2023-11-04 21:15:20,408] {logging_mixin.py:115} INFO - [2023-11-04 21:15:20,408] {dag.py:2420} INFO - Sync 1 DAGs
[2023-11-04 21:15:20,474] {logging_mixin.py:115} INFO - [2023-11-04 21:15:20,474] {dag.py:2972} INFO - Setting next_dagrun for tutorial_taskflow_api_etl to None, run_after=None
[2023-11-04 21:15:20,552] {processor.py:161} INFO - Processing /home/airflow/.local/lib/python3.7/site-packages/airflow/example_dags/tutorial_taskflow_api_etl.py took 0.698 seconds
[2023-11-04 21:15:51,151] {processor.py:153} INFO - Started process (PID=109) to work on /home/airflow/.local/lib/python3.7/site-packages/airflow/example_dags/tutorial_taskflow_api_etl.py
[2023-11-04 21:15:51,153] {processor.py:641} INFO - Processing file /home/airflow/.local/lib/python3.7/site-packages/airflow/example_dags/tutorial_taskflow_api_etl.py for tasks to queue
[2023-11-04 21:15:51,155] {logging_mixin.py:115} INFO - [2023-11-04 21:15:51,155] {dagbag.py:508} INFO - Filling up the DagBag from /home/airflow/.local/lib/python3.7/site-packages/airflow/example_dags/tutorial_taskflow_api_etl.py
[2023-11-04 21:15:51,216] {processor.py:651} INFO - DAG(s) dict_keys(['tutorial_taskflow_api_etl']) retrieved from /home/airflow/.local/lib/python3.7/site-packages/airflow/example_dags/tutorial_taskflow_api_etl.py
[2023-11-04 21:15:51,632] {logging_mixin.py:115} INFO - [2023-11-04 21:15:51,632] {dag.py:2420} INFO - Sync 1 DAGs
[2023-11-04 21:15:51,678] {logging_mixin.py:115} INFO - [2023-11-04 21:15:51,678] {dag.py:2972} INFO - Setting next_dagrun for tutorial_taskflow_api_etl to None, run_after=None
[2023-11-04 21:15:51,709] {processor.py:161} INFO - Processing /home/airflow/.local/lib/python3.7/site-packages/airflow/example_dags/tutorial_taskflow_api_etl.py took 0.569 seconds
[2023-11-04 21:16:22,074] {processor.py:153} INFO - Started process (PID=162) to work on /home/airflow/.local/lib/python3.7/site-packages/airflow/example_dags/tutorial_taskflow_api_etl.py
[2023-11-04 21:16:22,076] {processor.py:641} INFO - Processing file /home/airflow/.local/lib/python3.7/site-packages/airflow/example_dags/tutorial_taskflow_api_etl.py for tasks to queue
[2023-11-04 21:16:22,078] {logging_mixin.py:115} INFO - [2023-11-04 21:16:22,077] {dagbag.py:508} INFO - Filling up the DagBag from /home/airflow/.local/lib/python3.7/site-packages/airflow/example_dags/tutorial_taskflow_api_etl.py
[2023-11-04 21:16:22,134] {processor.py:651} INFO - DAG(s) dict_keys(['tutorial_taskflow_api_etl']) retrieved from /home/airflow/.local/lib/python3.7/site-packages/airflow/example_dags/tutorial_taskflow_api_etl.py
[2023-11-04 21:16:22,576] {logging_mixin.py:115} INFO - [2023-11-04 21:16:22,576] {dag.py:2420} INFO - Sync 1 DAGs
[2023-11-04 21:16:22,624] {logging_mixin.py:115} INFO - [2023-11-04 21:16:22,624] {dag.py:2972} INFO - Setting next_dagrun for tutorial_taskflow_api_etl to None, run_after=None
[2023-11-04 21:16:22,658] {processor.py:161} INFO - Processing /home/airflow/.local/lib/python3.7/site-packages/airflow/example_dags/tutorial_taskflow_api_etl.py took 0.591 seconds
[2023-11-04 21:16:53,364] {processor.py:153} INFO - Started process (PID=224) to work on /home/airflow/.local/lib/python3.7/site-packages/airflow/example_dags/tutorial_taskflow_api_etl.py
[2023-11-04 21:16:53,365] {processor.py:641} INFO - Processing file /home/airflow/.local/lib/python3.7/site-packages/airflow/example_dags/tutorial_taskflow_api_etl.py for tasks to queue
[2023-11-04 21:16:53,368] {logging_mixin.py:115} INFO - [2023-11-04 21:16:53,368] {dagbag.py:508} INFO - Filling up the DagBag from /home/airflow/.local/lib/python3.7/site-packages/airflow/example_dags/tutorial_taskflow_api_etl.py
[2023-11-04 21:16:53,412] {processor.py:651} INFO - DAG(s) dict_keys(['tutorial_taskflow_api_etl']) retrieved from /home/airflow/.local/lib/python3.7/site-packages/airflow/example_dags/tutorial_taskflow_api_etl.py
[2023-11-04 21:16:54,005] {logging_mixin.py:115} INFO - [2023-11-04 21:16:54,005] {dag.py:2420} INFO - Sync 1 DAGs
[2023-11-04 21:16:54,082] {logging_mixin.py:115} INFO - [2023-11-04 21:16:54,081] {dag.py:2972} INFO - Setting next_dagrun for tutorial_taskflow_api_etl to None, run_after=None
[2023-11-04 21:16:54,137] {processor.py:161} INFO - Processing /home/airflow/.local/lib/python3.7/site-packages/airflow/example_dags/tutorial_taskflow_api_etl.py took 0.783 seconds
[2023-11-04 21:17:24,675] {processor.py:153} INFO - Started process (PID=277) to work on /home/airflow/.local/lib/python3.7/site-packages/airflow/example_dags/tutorial_taskflow_api_etl.py
[2023-11-04 21:17:24,677] {processor.py:641} INFO - Processing file /home/airflow/.local/lib/python3.7/site-packages/airflow/example_dags/tutorial_taskflow_api_etl.py for tasks to queue
[2023-11-04 21:17:24,679] {logging_mixin.py:115} INFO - [2023-11-04 21:17:24,679] {dagbag.py:508} INFO - Filling up the DagBag from /home/airflow/.local/lib/python3.7/site-packages/airflow/example_dags/tutorial_taskflow_api_etl.py
[2023-11-04 21:17:24,732] {processor.py:651} INFO - DAG(s) dict_keys(['tutorial_taskflow_api_etl']) retrieved from /home/airflow/.local/lib/python3.7/site-packages/airflow/example_dags/tutorial_taskflow_api_etl.py
[2023-11-04 21:17:25,239] {logging_mixin.py:115} INFO - [2023-11-04 21:17:25,239] {dag.py:2420} INFO - Sync 1 DAGs
[2023-11-04 21:17:25,292] {logging_mixin.py:115} INFO - [2023-11-04 21:17:25,292] {dag.py:2972} INFO - Setting next_dagrun for tutorial_taskflow_api_etl to None, run_after=None
[2023-11-04 21:17:25,332] {processor.py:161} INFO - Processing /home/airflow/.local/lib/python3.7/site-packages/airflow/example_dags/tutorial_taskflow_api_etl.py took 0.666 seconds
[2023-11-04 21:17:55,390] {processor.py:153} INFO - Started process (PID=330) to work on /home/airflow/.local/lib/python3.7/site-packages/airflow/example_dags/tutorial_taskflow_api_etl.py
[2023-11-04 21:17:55,395] {processor.py:641} INFO - Processing file /home/airflow/.local/lib/python3.7/site-packages/airflow/example_dags/tutorial_taskflow_api_etl.py for tasks to queue
[2023-11-04 21:17:55,398] {logging_mixin.py:115} INFO - [2023-11-04 21:17:55,397] {dagbag.py:508} INFO - Filling up the DagBag from /home/airflow/.local/lib/python3.7/site-packages/airflow/example_dags/tutorial_taskflow_api_etl.py
[2023-11-04 21:17:55,431] {processor.py:651} INFO - DAG(s) dict_keys(['tutorial_taskflow_api_etl']) retrieved from /home/airflow/.local/lib/python3.7/site-packages/airflow/example_dags/tutorial_taskflow_api_etl.py
[2023-11-04 21:17:55,737] {logging_mixin.py:115} INFO - [2023-11-04 21:17:55,737] {dag.py:2420} INFO - Sync 1 DAGs
[2023-11-04 21:17:55,782] {logging_mixin.py:115} INFO - [2023-11-04 21:17:55,781] {dag.py:2972} INFO - Setting next_dagrun for tutorial_taskflow_api_etl to None, run_after=None
[2023-11-04 21:17:55,806] {processor.py:161} INFO - Processing /home/airflow/.local/lib/python3.7/site-packages/airflow/example_dags/tutorial_taskflow_api_etl.py took 0.427 seconds
[2023-11-04 21:18:25,965] {processor.py:153} INFO - Started process (PID=383) to work on /home/airflow/.local/lib/python3.7/site-packages/airflow/example_dags/tutorial_taskflow_api_etl.py
[2023-11-04 21:18:25,966] {processor.py:641} INFO - Processing file /home/airflow/.local/lib/python3.7/site-packages/airflow/example_dags/tutorial_taskflow_api_etl.py for tasks to queue
[2023-11-04 21:18:25,974] {logging_mixin.py:115} INFO - [2023-11-04 21:18:25,973] {dagbag.py:508} INFO - Filling up the DagBag from /home/airflow/.local/lib/python3.7/site-packages/airflow/example_dags/tutorial_taskflow_api_etl.py
[2023-11-04 21:18:26,027] {processor.py:651} INFO - DAG(s) dict_keys(['tutorial_taskflow_api_etl']) retrieved from /home/airflow/.local/lib/python3.7/site-packages/airflow/example_dags/tutorial_taskflow_api_etl.py
[2023-11-04 21:18:26,361] {logging_mixin.py:115} INFO - [2023-11-04 21:18:26,361] {dag.py:2420} INFO - Sync 1 DAGs
[2023-11-04 21:18:26,425] {logging_mixin.py:115} INFO - [2023-11-04 21:18:26,424] {dag.py:2972} INFO - Setting next_dagrun for tutorial_taskflow_api_etl to None, run_after=None
[2023-11-04 21:18:26,457] {processor.py:161} INFO - Processing /home/airflow/.local/lib/python3.7/site-packages/airflow/example_dags/tutorial_taskflow_api_etl.py took 0.500 seconds
[2023-11-04 21:18:57,147] {processor.py:153} INFO - Started process (PID=461) to work on /home/airflow/.local/lib/python3.7/site-packages/airflow/example_dags/tutorial_taskflow_api_etl.py
[2023-11-04 21:18:57,149] {processor.py:641} INFO - Processing file /home/airflow/.local/lib/python3.7/site-packages/airflow/example_dags/tutorial_taskflow_api_etl.py for tasks to queue
[2023-11-04 21:18:57,151] {logging_mixin.py:115} INFO - [2023-11-04 21:18:57,151] {dagbag.py:508} INFO - Filling up the DagBag from /home/airflow/.local/lib/python3.7/site-packages/airflow/example_dags/tutorial_taskflow_api_etl.py
[2023-11-04 21:18:57,252] {processor.py:651} INFO - DAG(s) dict_keys(['tutorial_taskflow_api_etl']) retrieved from /home/airflow/.local/lib/python3.7/site-packages/airflow/example_dags/tutorial_taskflow_api_etl.py
[2023-11-04 21:18:57,725] {logging_mixin.py:115} INFO - [2023-11-04 21:18:57,724] {dag.py:2420} INFO - Sync 1 DAGs
[2023-11-04 21:18:57,777] {logging_mixin.py:115} INFO - [2023-11-04 21:18:57,777] {dag.py:2972} INFO - Setting next_dagrun for tutorial_taskflow_api_etl to None, run_after=None
[2023-11-04 21:18:57,799] {processor.py:161} INFO - Processing /home/airflow/.local/lib/python3.7/site-packages/airflow/example_dags/tutorial_taskflow_api_etl.py took 0.718 seconds
[2023-11-04 21:19:28,596] {processor.py:153} INFO - Started process (PID=515) to work on /home/airflow/.local/lib/python3.7/site-packages/airflow/example_dags/tutorial_taskflow_api_etl.py
[2023-11-04 21:19:28,597] {processor.py:641} INFO - Processing file /home/airflow/.local/lib/python3.7/site-packages/airflow/example_dags/tutorial_taskflow_api_etl.py for tasks to queue
[2023-11-04 21:19:28,598] {logging_mixin.py:115} INFO - [2023-11-04 21:19:28,598] {dagbag.py:508} INFO - Filling up the DagBag from /home/airflow/.local/lib/python3.7/site-packages/airflow/example_dags/tutorial_taskflow_api_etl.py
[2023-11-04 21:19:28,618] {processor.py:651} INFO - DAG(s) dict_keys(['tutorial_taskflow_api_etl']) retrieved from /home/airflow/.local/lib/python3.7/site-packages/airflow/example_dags/tutorial_taskflow_api_etl.py
[2023-11-04 21:19:28,784] {logging_mixin.py:115} INFO - [2023-11-04 21:19:28,784] {dag.py:2420} INFO - Sync 1 DAGs
[2023-11-04 21:19:28,809] {logging_mixin.py:115} INFO - [2023-11-04 21:19:28,809] {dag.py:2972} INFO - Setting next_dagrun for tutorial_taskflow_api_etl to None, run_after=None
[2023-11-04 21:19:28,824] {processor.py:161} INFO - Processing /home/airflow/.local/lib/python3.7/site-packages/airflow/example_dags/tutorial_taskflow_api_etl.py took 0.232 seconds
[2023-11-04 21:19:58,918] {processor.py:153} INFO - Started process (PID=577) to work on /home/airflow/.local/lib/python3.7/site-packages/airflow/example_dags/tutorial_taskflow_api_etl.py
[2023-11-04 21:19:58,919] {processor.py:641} INFO - Processing file /home/airflow/.local/lib/python3.7/site-packages/airflow/example_dags/tutorial_taskflow_api_etl.py for tasks to queue
[2023-11-04 21:19:58,920] {logging_mixin.py:115} INFO - [2023-11-04 21:19:58,920] {dagbag.py:508} INFO - Filling up the DagBag from /home/airflow/.local/lib/python3.7/site-packages/airflow/example_dags/tutorial_taskflow_api_etl.py
[2023-11-04 21:19:58,939] {processor.py:651} INFO - DAG(s) dict_keys(['tutorial_taskflow_api_etl']) retrieved from /home/airflow/.local/lib/python3.7/site-packages/airflow/example_dags/tutorial_taskflow_api_etl.py
[2023-11-04 21:19:59,097] {logging_mixin.py:115} INFO - [2023-11-04 21:19:59,097] {dag.py:2420} INFO - Sync 1 DAGs
[2023-11-04 21:19:59,128] {logging_mixin.py:115} INFO - [2023-11-04 21:19:59,128] {dag.py:2972} INFO - Setting next_dagrun for tutorial_taskflow_api_etl to None, run_after=None
[2023-11-04 21:19:59,145] {processor.py:161} INFO - Processing /home/airflow/.local/lib/python3.7/site-packages/airflow/example_dags/tutorial_taskflow_api_etl.py took 0.231 seconds
[2023-11-04 21:20:29,646] {processor.py:153} INFO - Started process (PID=630) to work on /home/airflow/.local/lib/python3.7/site-packages/airflow/example_dags/tutorial_taskflow_api_etl.py
[2023-11-04 21:20:29,647] {processor.py:641} INFO - Processing file /home/airflow/.local/lib/python3.7/site-packages/airflow/example_dags/tutorial_taskflow_api_etl.py for tasks to queue
[2023-11-04 21:20:29,648] {logging_mixin.py:115} INFO - [2023-11-04 21:20:29,648] {dagbag.py:508} INFO - Filling up the DagBag from /home/airflow/.local/lib/python3.7/site-packages/airflow/example_dags/tutorial_taskflow_api_etl.py
[2023-11-04 21:20:29,670] {processor.py:651} INFO - DAG(s) dict_keys(['tutorial_taskflow_api_etl']) retrieved from /home/airflow/.local/lib/python3.7/site-packages/airflow/example_dags/tutorial_taskflow_api_etl.py
[2023-11-04 21:20:29,861] {logging_mixin.py:115} INFO - [2023-11-04 21:20:29,861] {dag.py:2420} INFO - Sync 1 DAGs
[2023-11-04 21:20:29,890] {logging_mixin.py:115} INFO - [2023-11-04 21:20:29,889] {dag.py:2972} INFO - Setting next_dagrun for tutorial_taskflow_api_etl to None, run_after=None
[2023-11-04 21:20:29,910] {processor.py:161} INFO - Processing /home/airflow/.local/lib/python3.7/site-packages/airflow/example_dags/tutorial_taskflow_api_etl.py took 0.268 seconds
[2023-11-04 21:21:00,694] {processor.py:153} INFO - Started process (PID=692) to work on /home/airflow/.local/lib/python3.7/site-packages/airflow/example_dags/tutorial_taskflow_api_etl.py
[2023-11-04 21:21:00,695] {processor.py:641} INFO - Processing file /home/airflow/.local/lib/python3.7/site-packages/airflow/example_dags/tutorial_taskflow_api_etl.py for tasks to queue
[2023-11-04 21:21:00,696] {logging_mixin.py:115} INFO - [2023-11-04 21:21:00,696] {dagbag.py:508} INFO - Filling up the DagBag from /home/airflow/.local/lib/python3.7/site-packages/airflow/example_dags/tutorial_taskflow_api_etl.py
[2023-11-04 21:21:00,721] {processor.py:651} INFO - DAG(s) dict_keys(['tutorial_taskflow_api_etl']) retrieved from /home/airflow/.local/lib/python3.7/site-packages/airflow/example_dags/tutorial_taskflow_api_etl.py
[2023-11-04 21:21:00,936] {logging_mixin.py:115} INFO - [2023-11-04 21:21:00,936] {dag.py:2420} INFO - Sync 1 DAGs
[2023-11-04 21:21:00,958] {logging_mixin.py:115} INFO - [2023-11-04 21:21:00,958] {dag.py:2972} INFO - Setting next_dagrun for tutorial_taskflow_api_etl to None, run_after=None
[2023-11-04 21:21:00,972] {processor.py:161} INFO - Processing /home/airflow/.local/lib/python3.7/site-packages/airflow/example_dags/tutorial_taskflow_api_etl.py took 0.282 seconds
[2023-11-04 21:21:31,328] {processor.py:153} INFO - Started process (PID=755) to work on /home/airflow/.local/lib/python3.7/site-packages/airflow/example_dags/tutorial_taskflow_api_etl.py
[2023-11-04 21:21:31,329] {processor.py:641} INFO - Processing file /home/airflow/.local/lib/python3.7/site-packages/airflow/example_dags/tutorial_taskflow_api_etl.py for tasks to queue
[2023-11-04 21:21:31,330] {logging_mixin.py:115} INFO - [2023-11-04 21:21:31,330] {dagbag.py:508} INFO - Filling up the DagBag from /home/airflow/.local/lib/python3.7/site-packages/airflow/example_dags/tutorial_taskflow_api_etl.py
[2023-11-04 21:21:31,356] {processor.py:651} INFO - DAG(s) dict_keys(['tutorial_taskflow_api_etl']) retrieved from /home/airflow/.local/lib/python3.7/site-packages/airflow/example_dags/tutorial_taskflow_api_etl.py
[2023-11-04 21:21:31,545] {logging_mixin.py:115} INFO - [2023-11-04 21:21:31,545] {dag.py:2420} INFO - Sync 1 DAGs
[2023-11-04 21:21:31,576] {logging_mixin.py:115} INFO - [2023-11-04 21:21:31,576] {dag.py:2972} INFO - Setting next_dagrun for tutorial_taskflow_api_etl to None, run_after=None
[2023-11-04 21:21:31,592] {processor.py:161} INFO - Processing /home/airflow/.local/lib/python3.7/site-packages/airflow/example_dags/tutorial_taskflow_api_etl.py took 0.269 seconds
[2023-11-04 21:22:01,971] {processor.py:153} INFO - Started process (PID=808) to work on /home/airflow/.local/lib/python3.7/site-packages/airflow/example_dags/tutorial_taskflow_api_etl.py
[2023-11-04 21:22:01,972] {processor.py:641} INFO - Processing file /home/airflow/.local/lib/python3.7/site-packages/airflow/example_dags/tutorial_taskflow_api_etl.py for tasks to queue
[2023-11-04 21:22:01,973] {logging_mixin.py:115} INFO - [2023-11-04 21:22:01,973] {dagbag.py:508} INFO - Filling up the DagBag from /home/airflow/.local/lib/python3.7/site-packages/airflow/example_dags/tutorial_taskflow_api_etl.py
[2023-11-04 21:22:01,995] {processor.py:651} INFO - DAG(s) dict_keys(['tutorial_taskflow_api_etl']) retrieved from /home/airflow/.local/lib/python3.7/site-packages/airflow/example_dags/tutorial_taskflow_api_etl.py
[2023-11-04 21:22:02,170] {logging_mixin.py:115} INFO - [2023-11-04 21:22:02,170] {dag.py:2420} INFO - Sync 1 DAGs
[2023-11-04 21:22:02,201] {logging_mixin.py:115} INFO - [2023-11-04 21:22:02,201] {dag.py:2972} INFO - Setting next_dagrun for tutorial_taskflow_api_etl to None, run_after=None
[2023-11-04 21:22:02,221] {processor.py:161} INFO - Processing /home/airflow/.local/lib/python3.7/site-packages/airflow/example_dags/tutorial_taskflow_api_etl.py took 0.253 seconds
[2023-11-04 21:22:32,678] {processor.py:153} INFO - Started process (PID=870) to work on /home/airflow/.local/lib/python3.7/site-packages/airflow/example_dags/tutorial_taskflow_api_etl.py
[2023-11-04 21:22:32,679] {processor.py:641} INFO - Processing file /home/airflow/.local/lib/python3.7/site-packages/airflow/example_dags/tutorial_taskflow_api_etl.py for tasks to queue
[2023-11-04 21:22:32,680] {logging_mixin.py:115} INFO - [2023-11-04 21:22:32,680] {dagbag.py:508} INFO - Filling up the DagBag from /home/airflow/.local/lib/python3.7/site-packages/airflow/example_dags/tutorial_taskflow_api_etl.py
[2023-11-04 21:22:32,704] {processor.py:651} INFO - DAG(s) dict_keys(['tutorial_taskflow_api_etl']) retrieved from /home/airflow/.local/lib/python3.7/site-packages/airflow/example_dags/tutorial_taskflow_api_etl.py
[2023-11-04 21:22:32,862] {logging_mixin.py:115} INFO - [2023-11-04 21:22:32,862] {dag.py:2420} INFO - Sync 1 DAGs
[2023-11-04 21:22:32,892] {logging_mixin.py:115} INFO - [2023-11-04 21:22:32,891] {dag.py:2972} INFO - Setting next_dagrun for tutorial_taskflow_api_etl to None, run_after=None
[2023-11-04 21:22:32,908] {processor.py:161} INFO - Processing /home/airflow/.local/lib/python3.7/site-packages/airflow/example_dags/tutorial_taskflow_api_etl.py took 0.234 seconds
[2023-11-04 21:23:03,094] {processor.py:153} INFO - Started process (PID=923) to work on /home/airflow/.local/lib/python3.7/site-packages/airflow/example_dags/tutorial_taskflow_api_etl.py
[2023-11-04 21:23:03,095] {processor.py:641} INFO - Processing file /home/airflow/.local/lib/python3.7/site-packages/airflow/example_dags/tutorial_taskflow_api_etl.py for tasks to queue
[2023-11-04 21:23:03,096] {logging_mixin.py:115} INFO - [2023-11-04 21:23:03,096] {dagbag.py:508} INFO - Filling up the DagBag from /home/airflow/.local/lib/python3.7/site-packages/airflow/example_dags/tutorial_taskflow_api_etl.py
[2023-11-04 21:23:03,117] {processor.py:651} INFO - DAG(s) dict_keys(['tutorial_taskflow_api_etl']) retrieved from /home/airflow/.local/lib/python3.7/site-packages/airflow/example_dags/tutorial_taskflow_api_etl.py
[2023-11-04 21:23:03,307] {logging_mixin.py:115} INFO - [2023-11-04 21:23:03,307] {dag.py:2420} INFO - Sync 1 DAGs
[2023-11-04 21:23:03,342] {logging_mixin.py:115} INFO - [2023-11-04 21:23:03,342] {dag.py:2972} INFO - Setting next_dagrun for tutorial_taskflow_api_etl to None, run_after=None
[2023-11-04 21:23:03,360] {processor.py:161} INFO - Processing /home/airflow/.local/lib/python3.7/site-packages/airflow/example_dags/tutorial_taskflow_api_etl.py took 0.269 seconds
[2023-11-04 21:23:34,140] {processor.py:153} INFO - Started process (PID=985) to work on /home/airflow/.local/lib/python3.7/site-packages/airflow/example_dags/tutorial_taskflow_api_etl.py
[2023-11-04 21:23:34,148] {processor.py:641} INFO - Processing file /home/airflow/.local/lib/python3.7/site-packages/airflow/example_dags/tutorial_taskflow_api_etl.py for tasks to queue
[2023-11-04 21:23:34,149] {logging_mixin.py:115} INFO - [2023-11-04 21:23:34,149] {dagbag.py:508} INFO - Filling up the DagBag from /home/airflow/.local/lib/python3.7/site-packages/airflow/example_dags/tutorial_taskflow_api_etl.py
[2023-11-04 21:23:34,167] {processor.py:651} INFO - DAG(s) dict_keys(['tutorial_taskflow_api_etl']) retrieved from /home/airflow/.local/lib/python3.7/site-packages/airflow/example_dags/tutorial_taskflow_api_etl.py
[2023-11-04 21:23:34,304] {logging_mixin.py:115} INFO - [2023-11-04 21:23:34,304] {dag.py:2420} INFO - Sync 1 DAGs
[2023-11-04 21:23:34,330] {logging_mixin.py:115} INFO - [2023-11-04 21:23:34,330] {dag.py:2972} INFO - Setting next_dagrun for tutorial_taskflow_api_etl to None, run_after=None
[2023-11-04 21:23:34,344] {processor.py:161} INFO - Processing /home/airflow/.local/lib/python3.7/site-packages/airflow/example_dags/tutorial_taskflow_api_etl.py took 0.207 seconds
[2023-11-04 21:24:04,669] {processor.py:153} INFO - Started process (PID=1047) to work on /home/airflow/.local/lib/python3.7/site-packages/airflow/example_dags/tutorial_taskflow_api_etl.py
[2023-11-04 21:24:04,670] {processor.py:641} INFO - Processing file /home/airflow/.local/lib/python3.7/site-packages/airflow/example_dags/tutorial_taskflow_api_etl.py for tasks to queue
[2023-11-04 21:24:04,671] {logging_mixin.py:115} INFO - [2023-11-04 21:24:04,671] {dagbag.py:508} INFO - Filling up the DagBag from /home/airflow/.local/lib/python3.7/site-packages/airflow/example_dags/tutorial_taskflow_api_etl.py
[2023-11-04 21:24:04,694] {processor.py:651} INFO - DAG(s) dict_keys(['tutorial_taskflow_api_etl']) retrieved from /home/airflow/.local/lib/python3.7/site-packages/airflow/example_dags/tutorial_taskflow_api_etl.py
[2023-11-04 21:24:04,849] {logging_mixin.py:115} INFO - [2023-11-04 21:24:04,849] {dag.py:2420} INFO - Sync 1 DAGs
[2023-11-04 21:24:04,872] {logging_mixin.py:115} INFO - [2023-11-04 21:24:04,872] {dag.py:2972} INFO - Setting next_dagrun for tutorial_taskflow_api_etl to None, run_after=None
[2023-11-04 21:24:04,885] {processor.py:161} INFO - Processing /home/airflow/.local/lib/python3.7/site-packages/airflow/example_dags/tutorial_taskflow_api_etl.py took 0.219 seconds
[2023-11-04 21:24:35,121] {processor.py:153} INFO - Started process (PID=1107) to work on /home/airflow/.local/lib/python3.7/site-packages/airflow/example_dags/tutorial_taskflow_api_etl.py
[2023-11-04 21:24:35,122] {processor.py:641} INFO - Processing file /home/airflow/.local/lib/python3.7/site-packages/airflow/example_dags/tutorial_taskflow_api_etl.py for tasks to queue
[2023-11-04 21:24:35,123] {logging_mixin.py:115} INFO - [2023-11-04 21:24:35,123] {dagbag.py:508} INFO - Filling up the DagBag from /home/airflow/.local/lib/python3.7/site-packages/airflow/example_dags/tutorial_taskflow_api_etl.py
[2023-11-04 21:24:35,144] {processor.py:651} INFO - DAG(s) dict_keys(['tutorial_taskflow_api_etl']) retrieved from /home/airflow/.local/lib/python3.7/site-packages/airflow/example_dags/tutorial_taskflow_api_etl.py
[2023-11-04 21:24:35,279] {logging_mixin.py:115} INFO - [2023-11-04 21:24:35,279] {dag.py:2420} INFO - Sync 1 DAGs
[2023-11-04 21:24:35,303] {logging_mixin.py:115} INFO - [2023-11-04 21:24:35,303] {dag.py:2972} INFO - Setting next_dagrun for tutorial_taskflow_api_etl to None, run_after=None
[2023-11-04 21:24:35,316] {processor.py:161} INFO - Processing /home/airflow/.local/lib/python3.7/site-packages/airflow/example_dags/tutorial_taskflow_api_etl.py took 0.198 seconds
[2023-11-04 21:25:05,647] {processor.py:153} INFO - Started process (PID=1162) to work on /home/airflow/.local/lib/python3.7/site-packages/airflow/example_dags/tutorial_taskflow_api_etl.py
[2023-11-04 21:25:05,648] {processor.py:641} INFO - Processing file /home/airflow/.local/lib/python3.7/site-packages/airflow/example_dags/tutorial_taskflow_api_etl.py for tasks to queue
[2023-11-04 21:25:05,649] {logging_mixin.py:115} INFO - [2023-11-04 21:25:05,649] {dagbag.py:508} INFO - Filling up the DagBag from /home/airflow/.local/lib/python3.7/site-packages/airflow/example_dags/tutorial_taskflow_api_etl.py
[2023-11-04 21:25:05,668] {processor.py:651} INFO - DAG(s) dict_keys(['tutorial_taskflow_api_etl']) retrieved from /home/airflow/.local/lib/python3.7/site-packages/airflow/example_dags/tutorial_taskflow_api_etl.py
[2023-11-04 21:25:05,813] {logging_mixin.py:115} INFO - [2023-11-04 21:25:05,813] {dag.py:2420} INFO - Sync 1 DAGs
[2023-11-04 21:25:05,838] {logging_mixin.py:115} INFO - [2023-11-04 21:25:05,837] {dag.py:2972} INFO - Setting next_dagrun for tutorial_taskflow_api_etl to None, run_after=None
[2023-11-04 21:25:05,851] {processor.py:161} INFO - Processing /home/airflow/.local/lib/python3.7/site-packages/airflow/example_dags/tutorial_taskflow_api_etl.py took 0.208 seconds
[2023-11-04 21:25:36,084] {processor.py:153} INFO - Started process (PID=1224) to work on /home/airflow/.local/lib/python3.7/site-packages/airflow/example_dags/tutorial_taskflow_api_etl.py
[2023-11-04 21:25:36,085] {processor.py:641} INFO - Processing file /home/airflow/.local/lib/python3.7/site-packages/airflow/example_dags/tutorial_taskflow_api_etl.py for tasks to queue
[2023-11-04 21:25:36,085] {logging_mixin.py:115} INFO - [2023-11-04 21:25:36,085] {dagbag.py:508} INFO - Filling up the DagBag from /home/airflow/.local/lib/python3.7/site-packages/airflow/example_dags/tutorial_taskflow_api_etl.py
[2023-11-04 21:25:36,104] {processor.py:651} INFO - DAG(s) dict_keys(['tutorial_taskflow_api_etl']) retrieved from /home/airflow/.local/lib/python3.7/site-packages/airflow/example_dags/tutorial_taskflow_api_etl.py
[2023-11-04 21:25:36,281] {logging_mixin.py:115} INFO - [2023-11-04 21:25:36,281] {dag.py:2420} INFO - Sync 1 DAGs
[2023-11-04 21:25:36,321] {logging_mixin.py:115} INFO - [2023-11-04 21:25:36,321] {dag.py:2972} INFO - Setting next_dagrun for tutorial_taskflow_api_etl to None, run_after=None
[2023-11-04 21:25:36,335] {processor.py:161} INFO - Processing /home/airflow/.local/lib/python3.7/site-packages/airflow/example_dags/tutorial_taskflow_api_etl.py took 0.254 seconds
[2023-11-04 21:26:06,690] {processor.py:153} INFO - Started process (PID=1284) to work on /home/airflow/.local/lib/python3.7/site-packages/airflow/example_dags/tutorial_taskflow_api_etl.py
[2023-11-04 21:26:06,691] {processor.py:641} INFO - Processing file /home/airflow/.local/lib/python3.7/site-packages/airflow/example_dags/tutorial_taskflow_api_etl.py for tasks to queue
[2023-11-04 21:26:06,692] {logging_mixin.py:115} INFO - [2023-11-04 21:26:06,692] {dagbag.py:508} INFO - Filling up the DagBag from /home/airflow/.local/lib/python3.7/site-packages/airflow/example_dags/tutorial_taskflow_api_etl.py
[2023-11-04 21:26:06,714] {processor.py:651} INFO - DAG(s) dict_keys(['tutorial_taskflow_api_etl']) retrieved from /home/airflow/.local/lib/python3.7/site-packages/airflow/example_dags/tutorial_taskflow_api_etl.py
[2023-11-04 21:26:06,934] {logging_mixin.py:115} INFO - [2023-11-04 21:26:06,934] {dag.py:2420} INFO - Sync 1 DAGs
[2023-11-04 21:26:06,958] {logging_mixin.py:115} INFO - [2023-11-04 21:26:06,957] {dag.py:2972} INFO - Setting next_dagrun for tutorial_taskflow_api_etl to None, run_after=None
[2023-11-04 21:26:06,972] {processor.py:161} INFO - Processing /home/airflow/.local/lib/python3.7/site-packages/airflow/example_dags/tutorial_taskflow_api_etl.py took 0.287 seconds
[2023-11-04 21:26:37,403] {processor.py:153} INFO - Started process (PID=1339) to work on /home/airflow/.local/lib/python3.7/site-packages/airflow/example_dags/tutorial_taskflow_api_etl.py
[2023-11-04 21:26:37,404] {processor.py:641} INFO - Processing file /home/airflow/.local/lib/python3.7/site-packages/airflow/example_dags/tutorial_taskflow_api_etl.py for tasks to queue
[2023-11-04 21:26:37,405] {logging_mixin.py:115} INFO - [2023-11-04 21:26:37,404] {dagbag.py:508} INFO - Filling up the DagBag from /home/airflow/.local/lib/python3.7/site-packages/airflow/example_dags/tutorial_taskflow_api_etl.py
[2023-11-04 21:26:37,427] {processor.py:651} INFO - DAG(s) dict_keys(['tutorial_taskflow_api_etl']) retrieved from /home/airflow/.local/lib/python3.7/site-packages/airflow/example_dags/tutorial_taskflow_api_etl.py
[2023-11-04 21:26:37,616] {logging_mixin.py:115} INFO - [2023-11-04 21:26:37,616] {dag.py:2420} INFO - Sync 1 DAGs
[2023-11-04 21:26:37,639] {logging_mixin.py:115} INFO - [2023-11-04 21:26:37,639] {dag.py:2972} INFO - Setting next_dagrun for tutorial_taskflow_api_etl to None, run_after=None
[2023-11-04 21:26:37,652] {processor.py:161} INFO - Processing /home/airflow/.local/lib/python3.7/site-packages/airflow/example_dags/tutorial_taskflow_api_etl.py took 0.253 seconds
[2023-11-04 21:27:08,277] {processor.py:153} INFO - Started process (PID=1401) to work on /home/airflow/.local/lib/python3.7/site-packages/airflow/example_dags/tutorial_taskflow_api_etl.py
[2023-11-04 21:27:08,278] {processor.py:641} INFO - Processing file /home/airflow/.local/lib/python3.7/site-packages/airflow/example_dags/tutorial_taskflow_api_etl.py for tasks to queue
[2023-11-04 21:27:08,279] {logging_mixin.py:115} INFO - [2023-11-04 21:27:08,279] {dagbag.py:508} INFO - Filling up the DagBag from /home/airflow/.local/lib/python3.7/site-packages/airflow/example_dags/tutorial_taskflow_api_etl.py
[2023-11-04 21:27:08,300] {processor.py:651} INFO - DAG(s) dict_keys(['tutorial_taskflow_api_etl']) retrieved from /home/airflow/.local/lib/python3.7/site-packages/airflow/example_dags/tutorial_taskflow_api_etl.py
[2023-11-04 21:27:08,487] {logging_mixin.py:115} INFO - [2023-11-04 21:27:08,487] {dag.py:2420} INFO - Sync 1 DAGs
[2023-11-04 21:27:08,515] {logging_mixin.py:115} INFO - [2023-11-04 21:27:08,515] {dag.py:2972} INFO - Setting next_dagrun for tutorial_taskflow_api_etl to None, run_after=None
[2023-11-04 21:27:08,532] {processor.py:161} INFO - Processing /home/airflow/.local/lib/python3.7/site-packages/airflow/example_dags/tutorial_taskflow_api_etl.py took 0.259 seconds
[2023-11-04 21:27:38,710] {processor.py:153} INFO - Started process (PID=1454) to work on /home/airflow/.local/lib/python3.7/site-packages/airflow/example_dags/tutorial_taskflow_api_etl.py
[2023-11-04 21:27:38,711] {processor.py:641} INFO - Processing file /home/airflow/.local/lib/python3.7/site-packages/airflow/example_dags/tutorial_taskflow_api_etl.py for tasks to queue
[2023-11-04 21:27:38,713] {logging_mixin.py:115} INFO - [2023-11-04 21:27:38,712] {dagbag.py:508} INFO - Filling up the DagBag from /home/airflow/.local/lib/python3.7/site-packages/airflow/example_dags/tutorial_taskflow_api_etl.py
[2023-11-04 21:27:38,740] {processor.py:651} INFO - DAG(s) dict_keys(['tutorial_taskflow_api_etl']) retrieved from /home/airflow/.local/lib/python3.7/site-packages/airflow/example_dags/tutorial_taskflow_api_etl.py
[2023-11-04 21:27:38,963] {logging_mixin.py:115} INFO - [2023-11-04 21:27:38,963] {dag.py:2420} INFO - Sync 1 DAGs
[2023-11-04 21:27:38,985] {logging_mixin.py:115} INFO - [2023-11-04 21:27:38,985] {dag.py:2972} INFO - Setting next_dagrun for tutorial_taskflow_api_etl to None, run_after=None
[2023-11-04 21:27:38,999] {processor.py:161} INFO - Processing /home/airflow/.local/lib/python3.7/site-packages/airflow/example_dags/tutorial_taskflow_api_etl.py took 0.293 seconds
[2023-11-04 21:28:09,268] {processor.py:153} INFO - Started process (PID=1516) to work on /home/airflow/.local/lib/python3.7/site-packages/airflow/example_dags/tutorial_taskflow_api_etl.py
[2023-11-04 21:28:09,268] {processor.py:641} INFO - Processing file /home/airflow/.local/lib/python3.7/site-packages/airflow/example_dags/tutorial_taskflow_api_etl.py for tasks to queue
[2023-11-04 21:28:09,269] {logging_mixin.py:115} INFO - [2023-11-04 21:28:09,269] {dagbag.py:508} INFO - Filling up the DagBag from /home/airflow/.local/lib/python3.7/site-packages/airflow/example_dags/tutorial_taskflow_api_etl.py
[2023-11-04 21:28:09,288] {processor.py:651} INFO - DAG(s) dict_keys(['tutorial_taskflow_api_etl']) retrieved from /home/airflow/.local/lib/python3.7/site-packages/airflow/example_dags/tutorial_taskflow_api_etl.py
[2023-11-04 21:28:09,467] {logging_mixin.py:115} INFO - [2023-11-04 21:28:09,467] {dag.py:2420} INFO - Sync 1 DAGs
[2023-11-04 21:28:09,486] {logging_mixin.py:115} INFO - [2023-11-04 21:28:09,486] {dag.py:2972} INFO - Setting next_dagrun for tutorial_taskflow_api_etl to None, run_after=None
[2023-11-04 21:28:09,498] {processor.py:161} INFO - Processing /home/airflow/.local/lib/python3.7/site-packages/airflow/example_dags/tutorial_taskflow_api_etl.py took 0.234 seconds
[2023-11-04 21:28:39,709] {processor.py:153} INFO - Started process (PID=1578) to work on /home/airflow/.local/lib/python3.7/site-packages/airflow/example_dags/tutorial_taskflow_api_etl.py
[2023-11-04 21:28:39,710] {processor.py:641} INFO - Processing file /home/airflow/.local/lib/python3.7/site-packages/airflow/example_dags/tutorial_taskflow_api_etl.py for tasks to queue
[2023-11-04 21:28:39,711] {logging_mixin.py:115} INFO - [2023-11-04 21:28:39,711] {dagbag.py:508} INFO - Filling up the DagBag from /home/airflow/.local/lib/python3.7/site-packages/airflow/example_dags/tutorial_taskflow_api_etl.py
[2023-11-04 21:28:39,730] {processor.py:651} INFO - DAG(s) dict_keys(['tutorial_taskflow_api_etl']) retrieved from /home/airflow/.local/lib/python3.7/site-packages/airflow/example_dags/tutorial_taskflow_api_etl.py
[2023-11-04 21:28:39,880] {logging_mixin.py:115} INFO - [2023-11-04 21:28:39,880] {dag.py:2420} INFO - Sync 1 DAGs
[2023-11-04 21:28:39,906] {logging_mixin.py:115} INFO - [2023-11-04 21:28:39,906] {dag.py:2972} INFO - Setting next_dagrun for tutorial_taskflow_api_etl to None, run_after=None
[2023-11-04 21:28:39,922] {processor.py:161} INFO - Processing /home/airflow/.local/lib/python3.7/site-packages/airflow/example_dags/tutorial_taskflow_api_etl.py took 0.216 seconds
[2023-11-04 21:29:10,424] {processor.py:153} INFO - Started process (PID=1638) to work on /home/airflow/.local/lib/python3.7/site-packages/airflow/example_dags/tutorial_taskflow_api_etl.py
[2023-11-04 21:29:10,425] {processor.py:641} INFO - Processing file /home/airflow/.local/lib/python3.7/site-packages/airflow/example_dags/tutorial_taskflow_api_etl.py for tasks to queue
[2023-11-04 21:29:10,426] {logging_mixin.py:115} INFO - [2023-11-04 21:29:10,426] {dagbag.py:508} INFO - Filling up the DagBag from /home/airflow/.local/lib/python3.7/site-packages/airflow/example_dags/tutorial_taskflow_api_etl.py
[2023-11-04 21:29:10,446] {processor.py:651} INFO - DAG(s) dict_keys(['tutorial_taskflow_api_etl']) retrieved from /home/airflow/.local/lib/python3.7/site-packages/airflow/example_dags/tutorial_taskflow_api_etl.py
[2023-11-04 21:29:10,637] {logging_mixin.py:115} INFO - [2023-11-04 21:29:10,637] {dag.py:2420} INFO - Sync 1 DAGs
[2023-11-04 21:29:10,659] {logging_mixin.py:115} INFO - [2023-11-04 21:29:10,659] {dag.py:2972} INFO - Setting next_dagrun for tutorial_taskflow_api_etl to None, run_after=None
[2023-11-04 21:29:10,673] {processor.py:161} INFO - Processing /home/airflow/.local/lib/python3.7/site-packages/airflow/example_dags/tutorial_taskflow_api_etl.py took 0.252 seconds
[2023-11-04 21:29:40,948] {processor.py:153} INFO - Started process (PID=1693) to work on /home/airflow/.local/lib/python3.7/site-packages/airflow/example_dags/tutorial_taskflow_api_etl.py
[2023-11-04 21:29:40,949] {processor.py:641} INFO - Processing file /home/airflow/.local/lib/python3.7/site-packages/airflow/example_dags/tutorial_taskflow_api_etl.py for tasks to queue
[2023-11-04 21:29:40,949] {logging_mixin.py:115} INFO - [2023-11-04 21:29:40,949] {dagbag.py:508} INFO - Filling up the DagBag from /home/airflow/.local/lib/python3.7/site-packages/airflow/example_dags/tutorial_taskflow_api_etl.py
[2023-11-04 21:29:40,977] {processor.py:651} INFO - DAG(s) dict_keys(['tutorial_taskflow_api_etl']) retrieved from /home/airflow/.local/lib/python3.7/site-packages/airflow/example_dags/tutorial_taskflow_api_etl.py
[2023-11-04 21:29:41,200] {logging_mixin.py:115} INFO - [2023-11-04 21:29:41,199] {dag.py:2420} INFO - Sync 1 DAGs
[2023-11-04 21:29:41,221] {logging_mixin.py:115} INFO - [2023-11-04 21:29:41,221] {dag.py:2972} INFO - Setting next_dagrun for tutorial_taskflow_api_etl to None, run_after=None
[2023-11-04 21:29:41,265] {processor.py:161} INFO - Processing /home/airflow/.local/lib/python3.7/site-packages/airflow/example_dags/tutorial_taskflow_api_etl.py took 0.320 seconds
[2023-11-04 21:30:11,710] {processor.py:153} INFO - Started process (PID=1755) to work on /home/airflow/.local/lib/python3.7/site-packages/airflow/example_dags/tutorial_taskflow_api_etl.py
[2023-11-04 21:30:11,710] {processor.py:641} INFO - Processing file /home/airflow/.local/lib/python3.7/site-packages/airflow/example_dags/tutorial_taskflow_api_etl.py for tasks to queue
[2023-11-04 21:30:11,711] {logging_mixin.py:115} INFO - [2023-11-04 21:30:11,711] {dagbag.py:508} INFO - Filling up the DagBag from /home/airflow/.local/lib/python3.7/site-packages/airflow/example_dags/tutorial_taskflow_api_etl.py
[2023-11-04 21:30:11,733] {processor.py:651} INFO - DAG(s) dict_keys(['tutorial_taskflow_api_etl']) retrieved from /home/airflow/.local/lib/python3.7/site-packages/airflow/example_dags/tutorial_taskflow_api_etl.py
[2023-11-04 21:30:11,886] {logging_mixin.py:115} INFO - [2023-11-04 21:30:11,886] {dag.py:2420} INFO - Sync 1 DAGs
[2023-11-04 21:30:11,912] {logging_mixin.py:115} INFO - [2023-11-04 21:30:11,912] {dag.py:2972} INFO - Setting next_dagrun for tutorial_taskflow_api_etl to None, run_after=None
[2023-11-04 21:30:11,926] {processor.py:161} INFO - Processing /home/airflow/.local/lib/python3.7/site-packages/airflow/example_dags/tutorial_taskflow_api_etl.py took 0.220 seconds
[2023-11-04 21:30:42,385] {processor.py:153} INFO - Started process (PID=1808) to work on /home/airflow/.local/lib/python3.7/site-packages/airflow/example_dags/tutorial_taskflow_api_etl.py
[2023-11-04 21:30:42,386] {processor.py:641} INFO - Processing file /home/airflow/.local/lib/python3.7/site-packages/airflow/example_dags/tutorial_taskflow_api_etl.py for tasks to queue
[2023-11-04 21:30:42,387] {logging_mixin.py:115} INFO - [2023-11-04 21:30:42,387] {dagbag.py:508} INFO - Filling up the DagBag from /home/airflow/.local/lib/python3.7/site-packages/airflow/example_dags/tutorial_taskflow_api_etl.py
[2023-11-04 21:30:42,518] {processor.py:651} INFO - DAG(s) dict_keys(['tutorial_taskflow_api_etl']) retrieved from /home/airflow/.local/lib/python3.7/site-packages/airflow/example_dags/tutorial_taskflow_api_etl.py
[2023-11-04 21:30:42,585] {logging_mixin.py:115} INFO - [2023-11-04 21:30:42,585] {dag.py:2420} INFO - Sync 1 DAGs
[2023-11-04 21:30:42,603] {logging_mixin.py:115} INFO - [2023-11-04 21:30:42,603] {dag.py:2972} INFO - Setting next_dagrun for tutorial_taskflow_api_etl to None, run_after=None
[2023-11-04 21:30:42,617] {processor.py:161} INFO - Processing /home/airflow/.local/lib/python3.7/site-packages/airflow/example_dags/tutorial_taskflow_api_etl.py took 0.235 seconds
[2023-11-04 21:31:13,066] {processor.py:153} INFO - Started process (PID=1870) to work on /home/airflow/.local/lib/python3.7/site-packages/airflow/example_dags/tutorial_taskflow_api_etl.py
[2023-11-04 21:31:13,067] {processor.py:641} INFO - Processing file /home/airflow/.local/lib/python3.7/site-packages/airflow/example_dags/tutorial_taskflow_api_etl.py for tasks to queue
[2023-11-04 21:31:13,069] {logging_mixin.py:115} INFO - [2023-11-04 21:31:13,069] {dagbag.py:508} INFO - Filling up the DagBag from /home/airflow/.local/lib/python3.7/site-packages/airflow/example_dags/tutorial_taskflow_api_etl.py
[2023-11-04 21:31:13,226] {processor.py:651} INFO - DAG(s) dict_keys(['tutorial_taskflow_api_etl']) retrieved from /home/airflow/.local/lib/python3.7/site-packages/airflow/example_dags/tutorial_taskflow_api_etl.py
[2023-11-04 21:31:13,254] {logging_mixin.py:115} INFO - [2023-11-04 21:31:13,254] {dag.py:2420} INFO - Sync 1 DAGs
[2023-11-04 21:31:13,279] {logging_mixin.py:115} INFO - [2023-11-04 21:31:13,279] {dag.py:2972} INFO - Setting next_dagrun for tutorial_taskflow_api_etl to None, run_after=None
[2023-11-04 21:31:13,293] {processor.py:161} INFO - Processing /home/airflow/.local/lib/python3.7/site-packages/airflow/example_dags/tutorial_taskflow_api_etl.py took 0.231 seconds
[2023-11-04 21:31:43,903] {processor.py:153} INFO - Started process (PID=1932) to work on /home/airflow/.local/lib/python3.7/site-packages/airflow/example_dags/tutorial_taskflow_api_etl.py
[2023-11-04 21:31:43,903] {processor.py:641} INFO - Processing file /home/airflow/.local/lib/python3.7/site-packages/airflow/example_dags/tutorial_taskflow_api_etl.py for tasks to queue
[2023-11-04 21:31:43,904] {logging_mixin.py:115} INFO - [2023-11-04 21:31:43,904] {dagbag.py:508} INFO - Filling up the DagBag from /home/airflow/.local/lib/python3.7/site-packages/airflow/example_dags/tutorial_taskflow_api_etl.py
[2023-11-04 21:31:44,058] {processor.py:651} INFO - DAG(s) dict_keys(['tutorial_taskflow_api_etl']) retrieved from /home/airflow/.local/lib/python3.7/site-packages/airflow/example_dags/tutorial_taskflow_api_etl.py
[2023-11-04 21:31:44,138] {logging_mixin.py:115} INFO - [2023-11-04 21:31:44,138] {dag.py:2420} INFO - Sync 1 DAGs
[2023-11-04 21:31:44,161] {logging_mixin.py:115} INFO - [2023-11-04 21:31:44,161] {dag.py:2972} INFO - Setting next_dagrun for tutorial_taskflow_api_etl to None, run_after=None
[2023-11-04 21:31:44,175] {processor.py:161} INFO - Processing /home/airflow/.local/lib/python3.7/site-packages/airflow/example_dags/tutorial_taskflow_api_etl.py took 0.276 seconds
