[2023-11-04 20:58:47,748] {taskinstance.py:1179} INFO - Dependencies all met for <TaskInstance: example_bash_operator.runme_1 scheduled__2023-11-03T00:00:00+00:00 [queued]>
[2023-11-04 20:58:47,773] {taskinstance.py:1179} INFO - Dependencies all met for <TaskInstance: example_bash_operator.runme_1 scheduled__2023-11-03T00:00:00+00:00 [queued]>
[2023-11-04 20:58:47,774] {taskinstance.py:1376} INFO - 
--------------------------------------------------------------------------------
[2023-11-04 20:58:47,775] {taskinstance.py:1377} INFO - Starting attempt 1 of 1
[2023-11-04 20:58:47,776] {taskinstance.py:1378} INFO - 
--------------------------------------------------------------------------------
[2023-11-04 20:58:47,806] {taskinstance.py:1397} INFO - Executing <Task(BashOperator): runme_1> on 2023-11-03 00:00:00+00:00
[2023-11-04 20:58:47,816] {standard_task_runner.py:52} INFO - Started process 122 to run task
[2023-11-04 20:58:47,830] {standard_task_runner.py:79} INFO - Running: ['***', 'tasks', 'run', 'example_bash_operator', 'runme_1', 'scheduled__2023-11-03T00:00:00+00:00', '--job-id', '9', '--raw', '--subdir', '/home/***/.local/lib/python3.7/site-packages/***/example_dags/example_bash_operator.py', '--cfg-path', '/tmp/tmpwqocjfyn', '--error-file', '/tmp/tmp8ens6jc9']
[2023-11-04 20:58:47,832] {standard_task_runner.py:80} INFO - Job 9: Subtask runme_1
[2023-11-04 20:58:48,114] {task_command.py:371} INFO - Running <TaskInstance: example_bash_operator.runme_1 scheduled__2023-11-03T00:00:00+00:00 [running]> on host afb7adbe542c
[2023-11-04 20:58:48,392] {taskinstance.py:1591} INFO - Exporting the following env vars:
AIRFLOW_CTX_DAG_OWNER=***
AIRFLOW_CTX_DAG_ID=example_bash_operator
AIRFLOW_CTX_TASK_ID=runme_1
AIRFLOW_CTX_EXECUTION_DATE=2023-11-03T00:00:00+00:00
AIRFLOW_CTX_TRY_NUMBER=1
AIRFLOW_CTX_DAG_RUN_ID=scheduled__2023-11-03T00:00:00+00:00
[2023-11-04 20:58:48,396] {subprocess.py:62} INFO - Tmp dir root location: 
 /tmp
[2023-11-04 20:58:48,397] {subprocess.py:74} INFO - Running command: ['bash', '-c', 'echo "example_bash_operator__runme_1__20231103" && sleep 1']
[2023-11-04 20:58:48,418] {subprocess.py:85} INFO - Output:
[2023-11-04 20:58:48,423] {subprocess.py:92} INFO - example_bash_operator__runme_1__20231103
[2023-11-04 20:58:49,426] {subprocess.py:96} INFO - Command exited with return code 0
[2023-11-04 20:58:49,474] {taskinstance.py:1420} INFO - Marking task as SUCCESS. dag_id=example_bash_operator, task_id=runme_1, execution_date=20231103T000000, start_date=20231104T205847, end_date=20231104T205849
[2023-11-04 20:58:49,503] {local_task_job.py:156} INFO - Task exited with return code 0
[2023-11-04 20:58:49,599] {local_task_job.py:273} INFO - 0 downstream tasks scheduled from follow-on schedule check
